c0 # of samps: 276 (204 weighted)
c0 # of feats: 6 (24 binary)
c0 # of labls: 2
c0 parse time: 0.3098


c0 computing feature 1
c1 computing class: (-inf..84.25]
c1 discrimination constraints: 154h
c1 coverage constraints: 19v+400h
c1 formula: 67v, 626c (578h+48s)
c1 enumerating rules (maxsat-based)
c1 rule: 'alamine-aminotransferase: (40.0..60.0]', 'aspartate-aminotransferase: (-inf..20.5]' => 'mean-corpuscular-vol: (-inf..84.25]'
c1 rule: 'alamine-aminotransferase: (40.0..60.0]', 'gamma-glutamyl-transpeptidase: (89.75..+inf)', 'num-half-pint-equivalents: (-inf..2.75]' => 'mean-corpuscular-vol: (-inf..84.25]'
c1 rule: 'alkaline-phosphotase: (73.5..92.75]', 'aspartate-aminotransferase: (32.0..46.0]', 'num-half-pint-equivalents: (-inf..2.75]' => 'mean-corpuscular-vol: (-inf..84.25]'
c1 rule: 'aspartate-aminotransferase: (-inf..20.5]', 'gamma-glutamyl-transpeptidase: (52.5..89.75]', not 'alamine-aminotransferase: (-inf..23.5]' => 'mean-corpuscular-vol: (-inf..84.25]'
c1 rule: 'alkaline-phosphotase: (54.25..73.5]', 'alamine-aminotransferase: (-inf..23.5]', 'num-half-pint-equivalents: (-inf..2.75]', not 'gamma-glutamyl-transpeptidase: (-inf..28.25]' => 'mean-corpuscular-vol: (-inf..84.25]'
c1 rule: 'alamine-aminotransferase: (23.5..40.0]', 'gamma-glutamyl-transpeptidase: (52.5..89.75]', not 'aspartate-aminotransferase: (20.5..32.0]', not 'num-half-pint-equivalents: (6.5..10.5]' => 'mean-corpuscular-vol: (-inf..84.25]'
c1 rule: 'alkaline-phosphotase: (92.75..+inf)', 'aspartate-aminotransferase: (-inf..20.5]', not 'alamine-aminotransferase: (-inf..23.5]', not 'num-half-pint-equivalents: (2.75..6.5]' => 'mean-corpuscular-vol: (-inf..84.25]'
c1 # of rules: 7
c1 rule time: 0.0105

c1 computing class: (84.25..90.5]
c1 discrimination constraints: 114h
c1 coverage constraints: 59v+1240h
c1 formula: 107v, 1426c (1378h+48s)
c1 enumerating rules (maxsat-based)
c1 rule: 'aspartate-aminotransferase: (-inf..20.5]', 'gamma-glutamyl-transpeptidase: (89.75..+inf)' => 'mean-corpuscular-vol: (84.25..90.5]'
c1 rule: 'alamine-aminotransferase: (60.0..+inf)', 'gamma-glutamyl-transpeptidase: (-inf..28.25]' => 'mean-corpuscular-vol: (84.25..90.5]'
c1 rule: 'alamine-aminotransferase: (40.0..60.0]', 'gamma-glutamyl-transpeptidase: (-inf..28.25]' => 'mean-corpuscular-vol: (84.25..90.5]'
c1 rule: 'alkaline-phosphotase: (73.5..92.75]', 'aspartate-aminotransferase: (32.0..46.0]', 'num-half-pint-equivalents: (6.5..10.5]' => 'mean-corpuscular-vol: (84.25..90.5]'
c1 rule: 'alkaline-phosphotase: (-inf..54.25]', 'num-half-pint-equivalents: (6.5..10.5]', not 'aspartate-aminotransferase: (20.5..32.0]' => 'mean-corpuscular-vol: (84.25..90.5]'
c1 rule: 'alamine-aminotransferase: (-inf..23.5]', 'aspartate-aminotransferase: (-inf..20.5]', 'gamma-glutamyl-transpeptidase: (28.25..52.5]' => 'mean-corpuscular-vol: (84.25..90.5]'
c1 rule: 'alamine-aminotransferase: (60.0..+inf)', 'aspartate-aminotransferase: (20.5..32.0]', 'num-half-pint-equivalents: (-inf..2.75]' => 'mean-corpuscular-vol: (84.25..90.5]'
c1 rule: 'alkaline-phosphotase: (54.25..73.5]', 'alamine-aminotransferase: (40.0..60.0]', not 'gamma-glutamyl-transpeptidase: (28.25..52.5]' => 'mean-corpuscular-vol: (84.25..90.5]'
c1 rule: 'alamine-aminotransferase: (23.5..40.0]', 'aspartate-aminotransferase: (46.0..+inf)', 'num-half-pint-equivalents: (2.75..6.5]' => 'mean-corpuscular-vol: (84.25..90.5]'
c1 rule: 'alkaline-phosphotase: (54.25..73.5]', 'aspartate-aminotransferase: (46.0..+inf)', 'gamma-glutamyl-transpeptidase: (28.25..52.5]' => 'mean-corpuscular-vol: (84.25..90.5]'
c1 rule: 'alkaline-phosphotase: (-inf..54.25]', 'aspartate-aminotransferase: (32.0..46.0]', not 'num-half-pint-equivalents: (2.75..6.5]' => 'mean-corpuscular-vol: (84.25..90.5]'
c1 rule: 'alkaline-phosphotase: (-inf..54.25]', 'aspartate-aminotransferase: (32.0..46.0]', not 'gamma-glutamyl-transpeptidase: (89.75..+inf)' => 'mean-corpuscular-vol: (84.25..90.5]'
c1 rule: 'aspartate-aminotransferase: (32.0..46.0]', 'gamma-glutamyl-transpeptidase: (-inf..28.25]', not 'alamine-aminotransferase: (-inf..23.5]' => 'mean-corpuscular-vol: (84.25..90.5]'
c1 rule: 'alamine-aminotransferase: (60.0..+inf)', 'aspartate-aminotransferase: (32.0..46.0]', 'num-half-pint-equivalents: (6.5..10.5]' => 'mean-corpuscular-vol: (84.25..90.5]'
c1 rule: 'alkaline-phosphotase: (73.5..92.75]', 'gamma-glutamyl-transpeptidase: (52.5..89.75]', 'num-half-pint-equivalents: (-inf..2.75]' => 'mean-corpuscular-vol: (84.25..90.5]'
c1 rule: 'aspartate-aminotransferase: (20.5..32.0]', 'gamma-glutamyl-transpeptidase: (89.75..+inf)', 'num-half-pint-equivalents: (2.75..6.5]' => 'mean-corpuscular-vol: (84.25..90.5]'
c1 rule: 'alkaline-phosphotase: (-inf..54.25]', 'alamine-aminotransferase: (40.0..60.0]', 'gamma-glutamyl-transpeptidase: (28.25..52.5]' => 'mean-corpuscular-vol: (84.25..90.5]'
c1 rule: 'alkaline-phosphotase: (-inf..54.25]', 'alamine-aminotransferase: (23.5..40.0]', 'gamma-glutamyl-transpeptidase: (-inf..28.25]', not 'aspartate-aminotransferase: (-inf..20.5]' => 'mean-corpuscular-vol: (84.25..90.5]'
c1 rule: 'alkaline-phosphotase: (-inf..54.25]', 'alamine-aminotransferase: (23.5..40.0]', 'gamma-glutamyl-transpeptidase: (52.5..89.75]', not 'num-half-pint-equivalents: (2.75..6.5]' => 'mean-corpuscular-vol: (84.25..90.5]'
c1 rule: 'gamma-glutamyl-transpeptidase: (52.5..89.75]', 'num-half-pint-equivalents: (-inf..2.75]', not 'alkaline-phosphotase: (92.75..+inf)', not 'alamine-aminotransferase: (-inf..23.5]' => 'mean-corpuscular-vol: (84.25..90.5]'
c1 rule: 'alamine-aminotransferase: (-inf..23.5]', 'num-half-pint-equivalents: (6.5..10.5]', not 'aspartate-aminotransferase: (-inf..20.5]', not 'gamma-glutamyl-transpeptidase: (89.75..+inf)' => 'mean-corpuscular-vol: (84.25..90.5]'
c1 rule: 'alkaline-phosphotase: (54.25..73.5]', 'aspartate-aminotransferase: (-inf..20.5]', 'num-half-pint-equivalents: (6.5..10.5]', not 'alamine-aminotransferase: (-inf..23.5]' => 'mean-corpuscular-vol: (84.25..90.5]'
c1 rule: 'alkaline-phosphotase: (92.75..+inf)', 'gamma-glutamyl-transpeptidase: (28.25..52.5]', 'num-half-pint-equivalents: (-inf..2.75]', not 'alamine-aminotransferase: (40.0..60.0]' => 'mean-corpuscular-vol: (84.25..90.5]'
c1 rule: 'alkaline-phosphotase: (92.75..+inf)', 'gamma-glutamyl-transpeptidase: (-inf..28.25]', not 'alamine-aminotransferase: (-inf..23.5]', not 'aspartate-aminotransferase: (-inf..20.5]' => 'mean-corpuscular-vol: (84.25..90.5]'
c1 rule: 'alkaline-phosphotase: (92.75..+inf)', 'aspartate-aminotransferase: (20.5..32.0]', 'gamma-glutamyl-transpeptidase: (-inf..28.25]', not 'num-half-pint-equivalents: (2.75..6.5]' => 'mean-corpuscular-vol: (84.25..90.5]'
c1 rule: 'alkaline-phosphotase: (92.75..+inf)', 'gamma-glutamyl-transpeptidase: (-inf..28.25]', 'num-half-pint-equivalents: (2.75..6.5]', not 'alamine-aminotransferase: (23.5..40.0]', not 'aspartate-aminotransferase: (20.5..32.0]' => 'mean-corpuscular-vol: (84.25..90.5]'
c1 # of rules: 26
c1 rule time: 0.0365

c1 computing class: (90.5..96.75]
c1 discrimination constraints: 103h
c1 coverage constraints: 70v+1471h
c1 formula: 118v, 1646c (1598h+48s)
c1 enumerating rules (maxsat-based)
c1 rule: 'gamma-glutamyl-transpeptidase: (-inf..28.25]', 'num-half-pint-equivalents: (10.5..+inf)' => 'mean-corpuscular-vol: (90.5..96.75]'
c1 rule: 'gamma-glutamyl-transpeptidase: (89.75..+inf)', 'num-half-pint-equivalents: (10.5..+inf)' => 'mean-corpuscular-vol: (90.5..96.75]'
c1 rule: 'alkaline-phosphotase: (-inf..54.25]', 'aspartate-aminotransferase: (46.0..+inf)' => 'mean-corpuscular-vol: (90.5..96.75]'
c1 rule: 'alamine-aminotransferase: (40.0..60.0]', 'aspartate-aminotransferase: (46.0..+inf)' => 'mean-corpuscular-vol: (90.5..96.75]'
c1 rule: 'aspartate-aminotransferase: (46.0..+inf)', 'gamma-glutamyl-transpeptidase: (52.5..89.75]' => 'mean-corpuscular-vol: (90.5..96.75]'
c1 rule: 'alkaline-phosphotase: (92.75..+inf)', 'alamine-aminotransferase: (60.0..+inf)' => 'mean-corpuscular-vol: (90.5..96.75]'
c1 rule: 'alamine-aminotransferase: (60.0..+inf)', 'aspartate-aminotransferase: (20.5..32.0]', 'num-half-pint-equivalents: (2.75..6.5]' => 'mean-corpuscular-vol: (90.5..96.75]'
c1 rule: 'aspartate-aminotransferase: (20.5..32.0]', 'gamma-glutamyl-transpeptidase: (89.75..+inf)', not 'num-half-pint-equivalents: (2.75..6.5]' => 'mean-corpuscular-vol: (90.5..96.75]'
c1 rule: 'gamma-glutamyl-transpeptidase: (89.75..+inf)', 'num-half-pint-equivalents: (-inf..2.75]', not 'alkaline-phosphotase: (73.5..92.75]' => 'mean-corpuscular-vol: (90.5..96.75]'
c1 rule: 'alamine-aminotransferase: (60.0..+inf)', 'aspartate-aminotransferase: (20.5..32.0]', not 'num-half-pint-equivalents: (-inf..2.75]' => 'mean-corpuscular-vol: (90.5..96.75]'
c1 rule: 'alkaline-phosphotase: (92.75..+inf)', 'aspartate-aminotransferase: (20.5..32.0]', 'gamma-glutamyl-transpeptidase: (52.5..89.75]' => 'mean-corpuscular-vol: (90.5..96.75]'
c1 rule: 'alamine-aminotransferase: (-inf..23.5]', 'aspartate-aminotransferase: (32.0..46.0]', not 'gamma-glutamyl-transpeptidase: (52.5..89.75]' => 'mean-corpuscular-vol: (90.5..96.75]'
c1 rule: 'alamine-aminotransferase: (40.0..60.0]', 'aspartate-aminotransferase: (20.5..32.0]', 'num-half-pint-equivalents: (6.5..10.5]' => 'mean-corpuscular-vol: (90.5..96.75]'
c1 rule: 'alkaline-phosphotase: (92.75..+inf)', 'alamine-aminotransferase: (40.0..60.0]', 'num-half-pint-equivalents: (6.5..10.5]' => 'mean-corpuscular-vol: (90.5..96.75]'
c1 rule: 'alkaline-phosphotase: (92.75..+inf)', 'num-half-pint-equivalents: (6.5..10.5]', not 'alamine-aminotransferase: (23.5..40.0]' => 'mean-corpuscular-vol: (90.5..96.75]'
c1 rule: 'alkaline-phosphotase: (92.75..+inf)', 'alamine-aminotransferase: (40.0..60.0]', 'aspartate-aminotransferase: (20.5..32.0]' => 'mean-corpuscular-vol: (90.5..96.75]'
c1 rule: 'alkaline-phosphotase: (92.75..+inf)', 'aspartate-aminotransferase: (32.0..46.0]', 'num-half-pint-equivalents: (6.5..10.5]' => 'mean-corpuscular-vol: (90.5..96.75]'
c1 rule: 'alkaline-phosphotase: (-inf..54.25]', 'gamma-glutamyl-transpeptidase: (28.25..52.5]', 'num-half-pint-equivalents: (6.5..10.5]' => 'mean-corpuscular-vol: (90.5..96.75]'
c1 rule: 'alamine-aminotransferase: (40.0..60.0]', 'aspartate-aminotransferase: (32.0..46.0]', 'gamma-glutamyl-transpeptidase: (28.25..52.5]' => 'mean-corpuscular-vol: (90.5..96.75]'
c1 rule: 'alamine-aminotransferase: (40.0..60.0]', 'gamma-glutamyl-transpeptidase: (89.75..+inf)', not 'alkaline-phosphotase: (73.5..92.75]' => 'mean-corpuscular-vol: (90.5..96.75]'
c1 rule: 'alkaline-phosphotase: (92.75..+inf)', 'aspartate-aminotransferase: (32.0..46.0]', 'gamma-glutamyl-transpeptidase: (28.25..52.5]' => 'mean-corpuscular-vol: (90.5..96.75]'
c1 rule: 'alkaline-phosphotase: (92.75..+inf)', 'alamine-aminotransferase: (-inf..23.5]', 'gamma-glutamyl-transpeptidase: (28.25..52.5]' => 'mean-corpuscular-vol: (90.5..96.75]'
c1 rule: 'alkaline-phosphotase: (73.5..92.75]', 'gamma-glutamyl-transpeptidase: (28.25..52.5]', 'num-half-pint-equivalents: (2.75..6.5]' => 'mean-corpuscular-vol: (90.5..96.75]'
c1 rule: 'alamine-aminotransferase: (60.0..+inf)', 'gamma-glutamyl-transpeptidase: (52.5..89.75]', 'num-half-pint-equivalents: (2.75..6.5]' => 'mean-corpuscular-vol: (90.5..96.75]'
c1 rule: 'alkaline-phosphotase: (92.75..+inf)', 'gamma-glutamyl-transpeptidase: (52.5..89.75]', 'num-half-pint-equivalents: (-inf..2.75]' => 'mean-corpuscular-vol: (90.5..96.75]'
c1 rule: 'alkaline-phosphotase: (-inf..54.25]', 'aspartate-aminotransferase: (-inf..20.5]', not 'gamma-glutamyl-transpeptidase: (-inf..28.25]' => 'mean-corpuscular-vol: (90.5..96.75]'
c1 rule: 'alamine-aminotransferase: (23.5..40.0]', 'aspartate-aminotransferase: (32.0..46.0]', 'gamma-glutamyl-transpeptidase: (89.75..+inf)' => 'mean-corpuscular-vol: (90.5..96.75]'
c1 rule: 'alkaline-phosphotase: (-inf..54.25]', 'alamine-aminotransferase: (23.5..40.0]', 'aspartate-aminotransferase: (-inf..20.5]', 'num-half-pint-equivalents: (2.75..6.5]' => 'mean-corpuscular-vol: (90.5..96.75]'
c1 rule: 'alkaline-phosphotase: (54.25..73.5]', 'gamma-glutamyl-transpeptidase: (28.25..52.5]', not 'alamine-aminotransferase: (23.5..40.0]', not 'num-half-pint-equivalents: (2.75..6.5]' => 'mean-corpuscular-vol: (90.5..96.75]'
c1 rule: 'alamine-aminotransferase: (-inf..23.5]', 'gamma-glutamyl-transpeptidase: (28.25..52.5]', not 'alkaline-phosphotase: (73.5..92.75]', not 'num-half-pint-equivalents: (2.75..6.5]' => 'mean-corpuscular-vol: (90.5..96.75]'
c1 rule: 'alkaline-phosphotase: (54.25..73.5]', 'alamine-aminotransferase: (-inf..23.5]', not 'gamma-glutamyl-transpeptidase: (-inf..28.25]', not 'num-half-pint-equivalents: (-inf..2.75]' => 'mean-corpuscular-vol: (90.5..96.75]'
c1 rule: 'alkaline-phosphotase: (54.25..73.5]', 'alamine-aminotransferase: (-inf..23.5]', 'num-half-pint-equivalents: (6.5..10.5]', not 'aspartate-aminotransferase: (20.5..32.0]' => 'mean-corpuscular-vol: (90.5..96.75]'
c1 rule: 'alkaline-phosphotase: (54.25..73.5]', 'aspartate-aminotransferase: (20.5..32.0]', 'num-half-pint-equivalents: (6.5..10.5]', not 'alamine-aminotransferase: (-inf..23.5]' => 'mean-corpuscular-vol: (90.5..96.75]'
c1 rule: 'alkaline-phosphotase: (92.75..+inf)', 'aspartate-aminotransferase: (-inf..20.5]', 'gamma-glutamyl-transpeptidase: (-inf..28.25]', 'num-half-pint-equivalents: (-inf..2.75]' => 'mean-corpuscular-vol: (90.5..96.75]'
c1 rule: 'alkaline-phosphotase: (-inf..54.25]', 'gamma-glutamyl-transpeptidase: (-inf..28.25]', not 'alamine-aminotransferase: (40.0..60.0]', not 'aspartate-aminotransferase: (-inf..20.5]', not 'num-half-pint-equivalents: (-inf..2.75]' => 'mean-corpuscular-vol: (90.5..96.75]'
c1 # of rules: 35
c1 rule time: 0.0425

c1 computing class: (96.75..+inf)
c1 discrimination constraints: 148h
c1 coverage constraints: 25v+526h
c1 formula: 73v, 746c (698h+48s)
c1 enumerating rules (maxsat-based)
c1 rule: 'gamma-glutamyl-transpeptidase: (28.25..52.5]', 'num-half-pint-equivalents: (10.5..+inf)' => 'mean-corpuscular-vol: (96.75..+inf)'
c1 rule: 'gamma-glutamyl-transpeptidase: (52.5..89.75]', 'num-half-pint-equivalents: (10.5..+inf)' => 'mean-corpuscular-vol: (96.75..+inf)'
c1 rule: 'aspartate-aminotransferase: (46.0..+inf)', 'num-half-pint-equivalents: (-inf..2.75]' => 'mean-corpuscular-vol: (96.75..+inf)'
c1 rule: 'alkaline-phosphotase: (73.5..92.75]', 'gamma-glutamyl-transpeptidase: (-inf..28.25]', 'num-half-pint-equivalents: (6.5..10.5]' => 'mean-corpuscular-vol: (96.75..+inf)'
c1 rule: 'alkaline-phosphotase: (92.75..+inf)', 'gamma-glutamyl-transpeptidase: (52.5..89.75]', 'num-half-pint-equivalents: (2.75..6.5]' => 'mean-corpuscular-vol: (96.75..+inf)'
c1 rule: 'alamine-aminotransferase: (-inf..23.5]', 'gamma-glutamyl-transpeptidase: (52.5..89.75]', 'num-half-pint-equivalents: (6.5..10.5]' => 'mean-corpuscular-vol: (96.75..+inf)'
c1 rule: 'alkaline-phosphotase: (73.5..92.75]', 'alamine-aminotransferase: (23.5..40.0]', 'num-half-pint-equivalents: (6.5..10.5]' => 'mean-corpuscular-vol: (96.75..+inf)'
c1 rule: 'alkaline-phosphotase: (-inf..54.25]', 'alamine-aminotransferase: (60.0..+inf)', not 'aspartate-aminotransferase: (46.0..+inf)' => 'mean-corpuscular-vol: (96.75..+inf)'
c1 rule: 'alkaline-phosphotase: (54.25..73.5]', 'aspartate-aminotransferase: (46.0..+inf)', not 'gamma-glutamyl-transpeptidase: (28.25..52.5]' => 'mean-corpuscular-vol: (96.75..+inf)'
c1 rule: 'alkaline-phosphotase: (54.25..73.5]', 'alamine-aminotransferase: (23.5..40.0]', 'aspartate-aminotransferase: (32.0..46.0]', not 'num-half-pint-equivalents: (2.75..6.5]' => 'mean-corpuscular-vol: (96.75..+inf)'
c1 rule: 'alamine-aminotransferase: (-inf..23.5]', 'gamma-glutamyl-transpeptidase: (28.25..52.5]', 'num-half-pint-equivalents: (2.75..6.5]', not 'alkaline-phosphotase: (92.75..+inf)' => 'mean-corpuscular-vol: (96.75..+inf)'
c1 rule: 'alkaline-phosphotase: (92.75..+inf)', 'alamine-aminotransferase: (23.5..40.0]', 'aspartate-aminotransferase: (20.5..32.0]', 'num-half-pint-equivalents: (2.75..6.5]' => 'mean-corpuscular-vol: (96.75..+inf)'
c1 rule: 'alkaline-phosphotase: (92.75..+inf)', 'alamine-aminotransferase: (23.5..40.0]', 'aspartate-aminotransferase: (20.5..32.0]', not 'num-half-pint-equivalents: (-inf..2.75]' => 'mean-corpuscular-vol: (96.75..+inf)'
c1 rule: 'alamine-aminotransferase: (23.5..40.0]', 'gamma-glutamyl-transpeptidase: (52.5..89.75]', 'num-half-pint-equivalents: (2.75..6.5]', not 'alkaline-phosphotase: (54.25..73.5]' => 'mean-corpuscular-vol: (96.75..+inf)'
c1 # of rules: 14
c1 rule time: 0.0145

c2 total rules: 82

c0 computing feature 2
c1 computing class: (-inf..54.25]
c1 discrimination constraints: 140h
c1 coverage constraints: 33v+694h
c1 formula: 81v, 906c (858h+48s)
c1 enumerating rules (maxsat-based)
c1 rule: 'alamine-aminotransferase: (40.0..60.0]', 'gamma-glutamyl-transpeptidase: (-inf..28.25]', not 'aspartate-aminotransferase: (20.5..32.0]' => 'alkaline-phosphotase: (-inf..54.25]'
c1 rule: 'alamine-aminotransferase: (-inf..23.5]', 'gamma-glutamyl-transpeptidase: (52.5..89.75]', not 'aspartate-aminotransferase: (-inf..20.5]' => 'alkaline-phosphotase: (-inf..54.25]'
c1 rule: 'mean-corpuscular-vol: (96.75..+inf)', 'alamine-aminotransferase: (60.0..+inf)', not 'aspartate-aminotransferase: (46.0..+inf)' => 'alkaline-phosphotase: (-inf..54.25]'
c1 rule: 'mean-corpuscular-vol: (-inf..84.25]', 'gamma-glutamyl-transpeptidase: (-inf..28.25]', 'num-half-pint-equivalents: (-inf..2.75]', not 'alamine-aminotransferase: (-inf..23.5]' => 'alkaline-phosphotase: (-inf..54.25]'
c1 rule: 'mean-corpuscular-vol: (84.25..90.5]', 'num-half-pint-equivalents: (6.5..10.5]', not 'aspartate-aminotransferase: (32.0..46.0]', not 'gamma-glutamyl-transpeptidase: (-inf..28.25]' => 'alkaline-phosphotase: (-inf..54.25]'
c1 rule: 'mean-corpuscular-vol: (90.5..96.75]', 'alamine-aminotransferase: (40.0..60.0]', 'gamma-glutamyl-transpeptidase: (52.5..89.75]', not 'aspartate-aminotransferase: (46.0..+inf)' => 'alkaline-phosphotase: (-inf..54.25]'
c1 rule: 'mean-corpuscular-vol: (84.25..90.5]', 'alamine-aminotransferase: (-inf..23.5]', 'num-half-pint-equivalents: (6.5..10.5]', not 'aspartate-aminotransferase: (20.5..32.0]' => 'alkaline-phosphotase: (-inf..54.25]'
c1 rule: 'alamine-aminotransferase: (-inf..23.5]', 'gamma-glutamyl-transpeptidase: (28.25..52.5]', 'num-half-pint-equivalents: (2.75..6.5]', not 'mean-corpuscular-vol: (90.5..96.75]' => 'alkaline-phosphotase: (-inf..54.25]'
c1 rule: 'mean-corpuscular-vol: (90.5..96.75]', 'gamma-glutamyl-transpeptidase: (89.75..+inf)', 'num-half-pint-equivalents: (2.75..6.5]', not 'aspartate-aminotransferase: (32.0..46.0]' => 'alkaline-phosphotase: (-inf..54.25]'
c1 rule: 'mean-corpuscular-vol: (90.5..96.75]', 'gamma-glutamyl-transpeptidase: (89.75..+inf)', 'num-half-pint-equivalents: (2.75..6.5]', not 'alamine-aminotransferase: (23.5..40.0]' => 'alkaline-phosphotase: (-inf..54.25]'
c1 rule: 'alamine-aminotransferase: (23.5..40.0]', 'aspartate-aminotransferase: (20.5..32.0]', 'gamma-glutamyl-transpeptidase: (28.25..52.5]', 'num-half-pint-equivalents: (6.5..10.5]', not 'mean-corpuscular-vol: (96.75..+inf)' => 'alkaline-phosphotase: (-inf..54.25]'
c1 # of rules: 11
c1 rule time: 0.0182

c1 computing class: (54.25..73.5]
c1 discrimination constraints: 109h
c1 coverage constraints: 64v+1345h
c1 formula: 112v, 1526c (1478h+48s)
c1 enumerating rules (maxsat-based)
c1 rule: 'mean-corpuscular-vol: (-inf..84.25]', 'gamma-glutamyl-transpeptidase: (52.5..89.75]' => 'alkaline-phosphotase: (54.25..73.5]'
c1 rule: 'mean-corpuscular-vol: (84.25..90.5]', 'alamine-aminotransferase: (60.0..+inf)' => 'alkaline-phosphotase: (54.25..73.5]'
c1 rule: 'gamma-glutamyl-transpeptidase: (-inf..28.25]', 'num-half-pint-equivalents: (10.5..+inf)' => 'alkaline-phosphotase: (54.25..73.5]'
c1 rule: 'alamine-aminotransferase: (60.0..+inf)', 'aspartate-aminotransferase: (32.0..46.0]', 'gamma-glutamyl-transpeptidase: (52.5..89.75]' => 'alkaline-phosphotase: (54.25..73.5]'
c1 rule: 'alamine-aminotransferase: (23.5..40.0]', 'aspartate-aminotransferase: (32.0..46.0]', 'gamma-glutamyl-transpeptidase: (52.5..89.75]' => 'alkaline-phosphotase: (54.25..73.5]'
c1 rule: 'alamine-aminotransferase: (23.5..40.0]', 'aspartate-aminotransferase: (-inf..20.5]', not 'gamma-glutamyl-transpeptidase: (-inf..28.25]' => 'alkaline-phosphotase: (54.25..73.5]'
c1 rule: 'aspartate-aminotransferase: (20.5..32.0]', 'gamma-glutamyl-transpeptidase: (89.75..+inf)', not 'mean-corpuscular-vol: (90.5..96.75]' => 'alkaline-phosphotase: (54.25..73.5]'
c1 rule: 'aspartate-aminotransferase: (20.5..32.0]', 'gamma-glutamyl-transpeptidase: (89.75..+inf)', 'num-half-pint-equivalents: (6.5..10.5]' => 'alkaline-phosphotase: (54.25..73.5]'
c1 rule: 'alamine-aminotransferase: (60.0..+inf)', 'aspartate-aminotransferase: (20.5..32.0]', 'num-half-pint-equivalents: (2.75..6.5]' => 'alkaline-phosphotase: (54.25..73.5]'
c1 rule: 'aspartate-aminotransferase: (32.0..46.0]', 'gamma-glutamyl-transpeptidase: (52.5..89.75]', 'num-half-pint-equivalents: (6.5..10.5]' => 'alkaline-phosphotase: (54.25..73.5]'
c1 rule: 'alamine-aminotransferase: (40.0..60.0]', 'aspartate-aminotransferase: (32.0..46.0]', 'gamma-glutamyl-transpeptidase: (28.25..52.5]' => 'alkaline-phosphotase: (54.25..73.5]'
c1 rule: 'mean-corpuscular-vol: (90.5..96.75]', 'alamine-aminotransferase: (40.0..60.0]', 'num-half-pint-equivalents: (-inf..2.75]' => 'alkaline-phosphotase: (54.25..73.5]'
c1 rule: 'mean-corpuscular-vol: (-inf..84.25]', not 'gamma-glutamyl-transpeptidase: (-inf..28.25]', not 'num-half-pint-equivalents: (-inf..2.75]' => 'alkaline-phosphotase: (54.25..73.5]'
c1 rule: 'mean-corpuscular-vol: (96.75..+inf)', 'gamma-glutamyl-transpeptidase: (-inf..28.25]', 'num-half-pint-equivalents: (2.75..6.5]' => 'alkaline-phosphotase: (54.25..73.5]'
c1 rule: 'mean-corpuscular-vol: (96.75..+inf)', 'aspartate-aminotransferase: (-inf..20.5]', 'gamma-glutamyl-transpeptidase: (-inf..28.25]' => 'alkaline-phosphotase: (54.25..73.5]'
c1 rule: 'alamine-aminotransferase: (-inf..23.5]', 'num-half-pint-equivalents: (6.5..10.5]', not 'aspartate-aminotransferase: (-inf..20.5]' => 'alkaline-phosphotase: (54.25..73.5]'
c1 rule: 'mean-corpuscular-vol: (96.75..+inf)', 'aspartate-aminotransferase: (46.0..+inf)', 'num-half-pint-equivalents: (2.75..6.5]' => 'alkaline-phosphotase: (54.25..73.5]'
c1 rule: 'mean-corpuscular-vol: (96.75..+inf)', 'alamine-aminotransferase: (40.0..60.0]', not 'aspartate-aminotransferase: (32.0..46.0]' => 'alkaline-phosphotase: (54.25..73.5]'
c1 rule: 'mean-corpuscular-vol: (96.75..+inf)', 'alamine-aminotransferase: (23.5..40.0]', 'num-half-pint-equivalents: (-inf..2.75]' => 'alkaline-phosphotase: (54.25..73.5]'
c1 rule: 'mean-corpuscular-vol: (90.5..96.75]', 'alamine-aminotransferase: (60.0..+inf)', 'num-half-pint-equivalents: (-inf..2.75]' => 'alkaline-phosphotase: (54.25..73.5]'
c1 rule: 'mean-corpuscular-vol: (-inf..84.25]', 'aspartate-aminotransferase: (-inf..20.5]', 'num-half-pint-equivalents: (2.75..6.5]' => 'alkaline-phosphotase: (54.25..73.5]'
c1 rule: 'alamine-aminotransferase: (40.0..60.0]', 'gamma-glutamyl-transpeptidase: (-inf..28.25]', not 'aspartate-aminotransferase: (32.0..46.0]', not 'num-half-pint-equivalents: (2.75..6.5]' => 'alkaline-phosphotase: (54.25..73.5]'
c1 rule: 'alamine-aminotransferase: (23.5..40.0]', 'aspartate-aminotransferase: (32.0..46.0]', 'num-half-pint-equivalents: (2.75..6.5]', not 'gamma-glutamyl-transpeptidase: (28.25..52.5]' => 'alkaline-phosphotase: (54.25..73.5]'
c1 rule: 'mean-corpuscular-vol: (90.5..96.75]', 'gamma-glutamyl-transpeptidase: (-inf..28.25]', 'num-half-pint-equivalents: (6.5..10.5]', not 'alamine-aminotransferase: (-inf..23.5]' => 'alkaline-phosphotase: (54.25..73.5]'
c1 rule: 'mean-corpuscular-vol: (90.5..96.75]', 'alamine-aminotransferase: (23.5..40.0]', 'num-half-pint-equivalents: (6.5..10.5]', not 'gamma-glutamyl-transpeptidase: (28.25..52.5]' => 'alkaline-phosphotase: (54.25..73.5]'
c1 rule: 'mean-corpuscular-vol: (84.25..90.5]', 'alamine-aminotransferase: (23.5..40.0]', 'gamma-glutamyl-transpeptidase: (52.5..89.75]', 'num-half-pint-equivalents: (2.75..6.5]' => 'alkaline-phosphotase: (54.25..73.5]'
c1 rule: 'aspartate-aminotransferase: (20.5..32.0]', 'gamma-glutamyl-transpeptidase: (52.5..89.75]', 'num-half-pint-equivalents: (2.75..6.5]', not 'mean-corpuscular-vol: (96.75..+inf)' => 'alkaline-phosphotase: (54.25..73.5]'
c1 rule: 'mean-corpuscular-vol: (84.25..90.5]', 'alamine-aminotransferase: (23.5..40.0]', 'gamma-glutamyl-transpeptidase: (52.5..89.75]', not 'num-half-pint-equivalents: (6.5..10.5]' => 'alkaline-phosphotase: (54.25..73.5]'
c1 rule: 'mean-corpuscular-vol: (84.25..90.5]', 'gamma-glutamyl-transpeptidase: (-inf..28.25]', 'num-half-pint-equivalents: (6.5..10.5]', not 'alamine-aminotransferase: (-inf..23.5]' => 'alkaline-phosphotase: (54.25..73.5]'
c1 # of rules: 29
c1 rule time: 0.0365

c1 computing class: (73.5..92.75]
c1 discrimination constraints: 129h
c1 coverage constraints: 44v+925h
c1 formula: 92v, 1126c (1078h+48s)
c1 enumerating rules (maxsat-based)
c1 rule: 'alamine-aminotransferase: (-inf..23.5]', 'num-half-pint-equivalents: (10.5..+inf)' => 'alkaline-phosphotase: (73.5..92.75]'
c1 rule: 'aspartate-aminotransferase: (-inf..20.5]', 'gamma-glutamyl-transpeptidase: (89.75..+inf)' => 'alkaline-phosphotase: (73.5..92.75]'
c1 rule: 'mean-corpuscular-vol: (-inf..84.25]', 'gamma-glutamyl-transpeptidase: (89.75..+inf)' => 'alkaline-phosphotase: (73.5..92.75]'
c1 rule: 'mean-corpuscular-vol: (-inf..84.25]', 'alamine-aminotransferase: (60.0..+inf)' => 'alkaline-phosphotase: (73.5..92.75]'
c1 rule: 'gamma-glutamyl-transpeptidase: (28.25..52.5]', 'num-half-pint-equivalents: (10.5..+inf)' => 'alkaline-phosphotase: (73.5..92.75]'
c1 rule: 'alamine-aminotransferase: (60.0..+inf)', 'num-half-pint-equivalents: (10.5..+inf)' => 'alkaline-phosphotase: (73.5..92.75]'
c1 rule: 'aspartate-aminotransferase: (46.0..+inf)', 'gamma-glutamyl-transpeptidase: (52.5..89.75]' => 'alkaline-phosphotase: (73.5..92.75]'
c1 rule: 'aspartate-aminotransferase: (46.0..+inf)', 'num-half-pint-equivalents: (-inf..2.75]' => 'alkaline-phosphotase: (73.5..92.75]'
c1 rule: 'alamine-aminotransferase: (40.0..60.0]', 'aspartate-aminotransferase: (46.0..+inf)' => 'alkaline-phosphotase: (73.5..92.75]'
c1 rule: 'mean-corpuscular-vol: (96.75..+inf)', 'alamine-aminotransferase: (40.0..60.0]', 'gamma-glutamyl-transpeptidase: (89.75..+inf)' => 'alkaline-phosphotase: (73.5..92.75]'
c1 rule: 'alamine-aminotransferase: (40.0..60.0]', 'gamma-glutamyl-transpeptidase: (89.75..+inf)', not 'mean-corpuscular-vol: (90.5..96.75]' => 'alkaline-phosphotase: (73.5..92.75]'
c1 rule: 'mean-corpuscular-vol: (96.75..+inf)', 'gamma-glutamyl-transpeptidase: (89.75..+inf)', not 'alamine-aminotransferase: (60.0..+inf)' => 'alkaline-phosphotase: (73.5..92.75]'
c1 rule: 'mean-corpuscular-vol: (84.25..90.5]', 'alamine-aminotransferase: (-inf..23.5]', 'gamma-glutamyl-transpeptidase: (28.25..52.5]' => 'alkaline-phosphotase: (73.5..92.75]'
c1 rule: 'aspartate-aminotransferase: (-inf..20.5]', 'num-half-pint-equivalents: (6.5..10.5]', not 'gamma-glutamyl-transpeptidase: (-inf..28.25]' => 'alkaline-phosphotase: (73.5..92.75]'
c1 rule: 'gamma-glutamyl-transpeptidase: (89.75..+inf)', 'num-half-pint-equivalents: (10.5..+inf)', not 'alamine-aminotransferase: (40.0..60.0]' => 'alkaline-phosphotase: (73.5..92.75]'
c1 rule: 'alamine-aminotransferase: (60.0..+inf)', 'num-half-pint-equivalents: (6.5..10.5]', not 'gamma-glutamyl-transpeptidase: (89.75..+inf)' => 'alkaline-phosphotase: (73.5..92.75]'
c1 rule: 'mean-corpuscular-vol: (96.75..+inf)', 'gamma-glutamyl-transpeptidase: (-inf..28.25]', 'num-half-pint-equivalents: (6.5..10.5]' => 'alkaline-phosphotase: (73.5..92.75]'
c1 rule: 'mean-corpuscular-vol: (-inf..84.25]', 'alamine-aminotransferase: (40.0..60.0]', 'aspartate-aminotransferase: (20.5..32.0]', 'num-half-pint-equivalents: (-inf..2.75]' => 'alkaline-phosphotase: (73.5..92.75]'
c1 rule: 'mean-corpuscular-vol: (-inf..84.25]', 'aspartate-aminotransferase: (20.5..32.0]', 'num-half-pint-equivalents: (-inf..2.75]', not 'alamine-aminotransferase: (23.5..40.0]' => 'alkaline-phosphotase: (73.5..92.75]'
c1 # of rules: 19
c1 rule time: 0.0195

c1 computing class: (92.75..+inf)
c1 discrimination constraints: 141h
c1 coverage constraints: 32v+673h
c1 formula: 80v, 886c (838h+48s)
c1 enumerating rules (maxsat-based)
c1 rule: 'alamine-aminotransferase: (40.0..60.0]', 'aspartate-aminotransferase: (-inf..20.5]' => 'alkaline-phosphotase: (92.75..+inf)'
c1 rule: 'mean-corpuscular-vol: (-inf..84.25]', 'num-half-pint-equivalents: (6.5..10.5]' => 'alkaline-phosphotase: (92.75..+inf)'
c1 rule: 'mean-corpuscular-vol: (90.5..96.75]', 'aspartate-aminotransferase: (32.0..46.0]', 'num-half-pint-equivalents: (6.5..10.5]' => 'alkaline-phosphotase: (92.75..+inf)'
c1 rule: 'alamine-aminotransferase: (60.0..+inf)', 'aspartate-aminotransferase: (46.0..+inf)', 'num-half-pint-equivalents: (6.5..10.5]' => 'alkaline-phosphotase: (92.75..+inf)'
c1 rule: 'alamine-aminotransferase: (23.5..40.0]', 'aspartate-aminotransferase: (46.0..+inf)', 'num-half-pint-equivalents: (2.75..6.5]' => 'alkaline-phosphotase: (92.75..+inf)'
c1 rule: 'aspartate-aminotransferase: (32.0..46.0]', 'gamma-glutamyl-transpeptidase: (-inf..28.25]', not 'mean-corpuscular-vol: (84.25..90.5]' => 'alkaline-phosphotase: (92.75..+inf)'
c1 rule: 'alamine-aminotransferase: (40.0..60.0]', 'gamma-glutamyl-transpeptidase: (52.5..89.75]', 'num-half-pint-equivalents: (2.75..6.5]' => 'alkaline-phosphotase: (92.75..+inf)'
c1 rule: 'alamine-aminotransferase: (40.0..60.0]', 'num-half-pint-equivalents: (10.5..+inf)', not 'mean-corpuscular-vol: (96.75..+inf)' => 'alkaline-phosphotase: (92.75..+inf)'
c1 rule: 'mean-corpuscular-vol: (90.5..96.75]', 'gamma-glutamyl-transpeptidase: (52.5..89.75]', 'num-half-pint-equivalents: (-inf..2.75]' => 'alkaline-phosphotase: (92.75..+inf)'
c1 rule: 'alamine-aminotransferase: (23.5..40.0]', 'aspartate-aminotransferase: (32.0..46.0]', 'gamma-glutamyl-transpeptidase: (28.25..52.5]' => 'alkaline-phosphotase: (92.75..+inf)'
c1 rule: 'gamma-glutamyl-transpeptidase: (28.25..52.5]', 'num-half-pint-equivalents: (6.5..10.5]', not 'alamine-aminotransferase: (23.5..40.0]' => 'alkaline-phosphotase: (92.75..+inf)'
c1 rule: 'gamma-glutamyl-transpeptidase: (28.25..52.5]', 'num-half-pint-equivalents: (6.5..10.5]', not 'mean-corpuscular-vol: (90.5..96.75]' => 'alkaline-phosphotase: (92.75..+inf)'
c1 rule: 'mean-corpuscular-vol: (90.5..96.75]', 'gamma-glutamyl-transpeptidase: (28.25..52.5]', not 'alamine-aminotransferase: (40.0..60.0]', not 'aspartate-aminotransferase: (20.5..32.0]' => 'alkaline-phosphotase: (92.75..+inf)'
c1 rule: 'alamine-aminotransferase: (-inf..23.5]', 'gamma-glutamyl-transpeptidase: (28.25..52.5]', 'num-half-pint-equivalents: (2.75..6.5]', not 'mean-corpuscular-vol: (96.75..+inf)' => 'alkaline-phosphotase: (92.75..+inf)'
c1 rule: 'mean-corpuscular-vol: (96.75..+inf)', 'alamine-aminotransferase: (23.5..40.0]', 'num-half-pint-equivalents: (2.75..6.5]', not 'gamma-glutamyl-transpeptidase: (52.5..89.75]' => 'alkaline-phosphotase: (92.75..+inf)'
c1 rule: 'mean-corpuscular-vol: (96.75..+inf)', 'aspartate-aminotransferase: (-inf..20.5]', not 'gamma-glutamyl-transpeptidase: (-inf..28.25]', not 'num-half-pint-equivalents: (6.5..10.5]' => 'alkaline-phosphotase: (92.75..+inf)'
c1 # of rules: 16
c1 rule time: 0.0166

c2 total rules: 75

c0 computing feature 3
c1 computing class: (-inf..23.5]
c1 discrimination constraints: 117h
c1 coverage constraints: 56v+1177h
c1 formula: 104v, 1366c (1318h+48s)
c1 enumerating rules (maxsat-based)
c1 rule: 'aspartate-aminotransferase: (-inf..20.5]', 'gamma-glutamyl-transpeptidase: (89.75..+inf)' => 'alamine-aminotransferase: (-inf..23.5]'
c1 rule: 'mean-corpuscular-vol: (96.75..+inf)', 'aspartate-aminotransferase: (-inf..20.5]' => 'alamine-aminotransferase: (-inf..23.5]'
c1 rule: 'mean-corpuscular-vol: (96.75..+inf)', 'alkaline-phosphotase: (-inf..54.25]', 'gamma-glutamyl-transpeptidase: (28.25..52.5]' => 'alamine-aminotransferase: (-inf..23.5]'
c1 rule: 'mean-corpuscular-vol: (-inf..84.25]', 'aspartate-aminotransferase: (20.5..32.0]', 'gamma-glutamyl-transpeptidase: (-inf..28.25]' => 'alamine-aminotransferase: (-inf..23.5]'
c1 rule: 'mean-corpuscular-vol: (-inf..84.25]', 'alkaline-phosphotase: (54.25..73.5]', 'gamma-glutamyl-transpeptidase: (-inf..28.25]' => 'alamine-aminotransferase: (-inf..23.5]'
c1 rule: 'mean-corpuscular-vol: (-inf..84.25]', 'gamma-glutamyl-transpeptidase: (52.5..89.75]', 'num-half-pint-equivalents: (-inf..2.75]' => 'alamine-aminotransferase: (-inf..23.5]'
c1 rule: 'aspartate-aminotransferase: (-inf..20.5]', 'gamma-glutamyl-transpeptidase: (52.5..89.75]', not 'num-half-pint-equivalents: (2.75..6.5]' => 'alamine-aminotransferase: (-inf..23.5]'
c1 rule: 'aspartate-aminotransferase: (-inf..20.5]', 'gamma-glutamyl-transpeptidase: (52.5..89.75]', not 'alkaline-phosphotase: (54.25..73.5]' => 'alamine-aminotransferase: (-inf..23.5]'
c1 rule: 'aspartate-aminotransferase: (-inf..20.5]', 'gamma-glutamyl-transpeptidase: (52.5..89.75]', not 'mean-corpuscular-vol: (-inf..84.25]' => 'alamine-aminotransferase: (-inf..23.5]'
c1 rule: 'alkaline-phosphotase: (73.5..92.75]', 'aspartate-aminotransferase: (-inf..20.5]', not 'gamma-glutamyl-transpeptidase: (-inf..28.25]' => 'alamine-aminotransferase: (-inf..23.5]'
c1 rule: 'alkaline-phosphotase: (73.5..92.75]', 'aspartate-aminotransferase: (-inf..20.5]', not 'num-half-pint-equivalents: (-inf..2.75]' => 'alamine-aminotransferase: (-inf..23.5]'
c1 rule: 'aspartate-aminotransferase: (32.0..46.0]', 'gamma-glutamyl-transpeptidase: (-inf..28.25]', not 'mean-corpuscular-vol: (84.25..90.5]' => 'alamine-aminotransferase: (-inf..23.5]'
c1 rule: 'alkaline-phosphotase: (-inf..54.25]', 'gamma-glutamyl-transpeptidase: (52.5..89.75]', not 'aspartate-aminotransferase: (20.5..32.0]' => 'alamine-aminotransferase: (-inf..23.5]'
c1 rule: 'alkaline-phosphotase: (-inf..54.25]', 'num-half-pint-equivalents: (6.5..10.5]', not 'aspartate-aminotransferase: (20.5..32.0]' => 'alamine-aminotransferase: (-inf..23.5]'
c1 rule: 'mean-corpuscular-vol: (90.5..96.75]', 'aspartate-aminotransferase: (-inf..20.5]', 'num-half-pint-equivalents: (6.5..10.5]' => 'alamine-aminotransferase: (-inf..23.5]'
c1 rule: 'aspartate-aminotransferase: (20.5..32.0]', 'gamma-glutamyl-transpeptidase: (89.75..+inf)', 'num-half-pint-equivalents: (6.5..10.5]' => 'alamine-aminotransferase: (-inf..23.5]'
c1 rule: 'alkaline-phosphotase: (54.25..73.5]', 'aspartate-aminotransferase: (20.5..32.0]', 'num-half-pint-equivalents: (6.5..10.5]', not 'mean-corpuscular-vol: (90.5..96.75]' => 'alamine-aminotransferase: (-inf..23.5]'
c1 rule: 'mean-corpuscular-vol: (84.25..90.5]', 'alkaline-phosphotase: (92.75..+inf)', 'aspartate-aminotransferase: (20.5..32.0]', not 'num-half-pint-equivalents: (-inf..2.75]' => 'alamine-aminotransferase: (-inf..23.5]'
c1 rule: 'alkaline-phosphotase: (92.75..+inf)', 'aspartate-aminotransferase: (-inf..20.5]', not 'mean-corpuscular-vol: (-inf..84.25]', not 'num-half-pint-equivalents: (2.75..6.5]' => 'alamine-aminotransferase: (-inf..23.5]'
c1 rule: 'alkaline-phosphotase: (-inf..54.25]', 'aspartate-aminotransferase: (-inf..20.5]', not 'mean-corpuscular-vol: (90.5..96.75]', not 'num-half-pint-equivalents: (-inf..2.75]' => 'alamine-aminotransferase: (-inf..23.5]'
c1 rule: 'alkaline-phosphotase: (-inf..54.25]', 'gamma-glutamyl-transpeptidase: (-inf..28.25]', not 'mean-corpuscular-vol: (84.25..90.5]', not 'aspartate-aminotransferase: (-inf..20.5]' => 'alamine-aminotransferase: (-inf..23.5]'
c1 rule: 'mean-corpuscular-vol: (96.75..+inf)', 'gamma-glutamyl-transpeptidase: (-inf..28.25]', not 'alkaline-phosphotase: (54.25..73.5]', not 'num-half-pint-equivalents: (6.5..10.5]' => 'alamine-aminotransferase: (-inf..23.5]'
c1 # of rules: 22
c1 rule time: 0.0258

c1 computing class: (23.5..40.0]
c1 discrimination constraints: 104h
c1 coverage constraints: 69v+1450h
c1 formula: 117v, 1626c (1578h+48s)
c1 enumerating rules (maxsat-based)
c1 rule: 'gamma-glutamyl-transpeptidase: (-inf..28.25]', 'num-half-pint-equivalents: (10.5..+inf)' => 'alamine-aminotransferase: (23.5..40.0]'
c1 rule: 'mean-corpuscular-vol: (-inf..84.25]', 'num-half-pint-equivalents: (6.5..10.5]' => 'alamine-aminotransferase: (23.5..40.0]'
c1 rule: 'mean-corpuscular-vol: (96.75..+inf)', 'num-half-pint-equivalents: (6.5..10.5]', not 'aspartate-aminotransferase: (-inf..20.5]' => 'alamine-aminotransferase: (23.5..40.0]'
c1 rule: 'mean-corpuscular-vol: (96.75..+inf)', 'alkaline-phosphotase: (-inf..54.25]', 'gamma-glutamyl-transpeptidase: (52.5..89.75]' => 'alamine-aminotransferase: (23.5..40.0]'
c1 rule: 'mean-corpuscular-vol: (96.75..+inf)', 'alkaline-phosphotase: (54.25..73.5]', 'gamma-glutamyl-transpeptidase: (52.5..89.75]' => 'alamine-aminotransferase: (23.5..40.0]'
c1 rule: 'aspartate-aminotransferase: (20.5..32.0]', 'gamma-glutamyl-transpeptidase: (52.5..89.75]', 'num-half-pint-equivalents: (2.75..6.5]' => 'alamine-aminotransferase: (23.5..40.0]'
c1 rule: 'alkaline-phosphotase: (92.75..+inf)', 'aspartate-aminotransferase: (20.5..32.0]', 'gamma-glutamyl-transpeptidase: (52.5..89.75]' => 'alamine-aminotransferase: (23.5..40.0]'
c1 rule: 'gamma-glutamyl-transpeptidase: (28.25..52.5]', 'num-half-pint-equivalents: (6.5..10.5]', not 'aspartate-aminotransferase: (20.5..32.0]' => 'alamine-aminotransferase: (23.5..40.0]'
c1 rule: 'mean-corpuscular-vol: (84.25..90.5]', 'aspartate-aminotransferase: (20.5..32.0]', 'gamma-glutamyl-transpeptidase: (89.75..+inf)' => 'alamine-aminotransferase: (23.5..40.0]'
c1 rule: 'aspartate-aminotransferase: (20.5..32.0]', 'gamma-glutamyl-transpeptidase: (89.75..+inf)', not 'alkaline-phosphotase: (54.25..73.5]' => 'alamine-aminotransferase: (23.5..40.0]'
c1 rule: 'aspartate-aminotransferase: (20.5..32.0]', 'gamma-glutamyl-transpeptidase: (89.75..+inf)', not 'num-half-pint-equivalents: (6.5..10.5]' => 'alamine-aminotransferase: (23.5..40.0]'
c1 rule: 'gamma-glutamyl-transpeptidase: (28.25..52.5]', 'num-half-pint-equivalents: (6.5..10.5]', not 'alkaline-phosphotase: (92.75..+inf)' => 'alamine-aminotransferase: (23.5..40.0]'
c1 rule: 'mean-corpuscular-vol: (-inf..84.25]', 'gamma-glutamyl-transpeptidase: (52.5..89.75]', 'num-half-pint-equivalents: (2.75..6.5]' => 'alamine-aminotransferase: (23.5..40.0]'
c1 rule: 'mean-corpuscular-vol: (96.75..+inf)', 'alkaline-phosphotase: (92.75..+inf)', 'aspartate-aminotransferase: (20.5..32.0]' => 'alamine-aminotransferase: (23.5..40.0]'
c1 rule: 'alkaline-phosphotase: (54.25..73.5]', 'aspartate-aminotransferase: (-inf..20.5]', 'gamma-glutamyl-transpeptidase: (28.25..52.5]' => 'alamine-aminotransferase: (23.5..40.0]'
c1 rule: 'mean-corpuscular-vol: (-inf..84.25]', 'alkaline-phosphotase: (-inf..54.25]', not 'gamma-glutamyl-transpeptidase: (-inf..28.25]' => 'alamine-aminotransferase: (23.5..40.0]'
c1 rule: 'mean-corpuscular-vol: (84.25..90.5]', 'alkaline-phosphotase: (92.75..+inf)', not 'gamma-glutamyl-transpeptidase: (-inf..28.25]' => 'alamine-aminotransferase: (23.5..40.0]'
c1 rule: 'mean-corpuscular-vol: (84.25..90.5]', 'alkaline-phosphotase: (92.75..+inf)', 'aspartate-aminotransferase: (32.0..46.0]' => 'alamine-aminotransferase: (23.5..40.0]'
c1 rule: 'alkaline-phosphotase: (92.75..+inf)', 'aspartate-aminotransferase: (32.0..46.0]', 'gamma-glutamyl-transpeptidase: (28.25..52.5]' => 'alamine-aminotransferase: (23.5..40.0]'
c1 rule: 'mean-corpuscular-vol: (84.25..90.5]', 'alkaline-phosphotase: (-inf..54.25]', 'aspartate-aminotransferase: (-inf..20.5]', 'num-half-pint-equivalents: (-inf..2.75]' => 'alamine-aminotransferase: (23.5..40.0]'
c1 rule: 'mean-corpuscular-vol: (84.25..90.5]', 'aspartate-aminotransferase: (20.5..32.0]', not 'gamma-glutamyl-transpeptidase: (-inf..28.25]', not 'num-half-pint-equivalents: (-inf..2.75]' => 'alamine-aminotransferase: (23.5..40.0]'
c1 rule: 'alkaline-phosphotase: (54.25..73.5]', 'gamma-glutamyl-transpeptidase: (28.25..52.5]', 'num-half-pint-equivalents: (-inf..2.75]', not 'mean-corpuscular-vol: (90.5..96.75]' => 'alamine-aminotransferase: (23.5..40.0]'
c1 rule: 'mean-corpuscular-vol: (90.5..96.75]', 'alkaline-phosphotase: (-inf..54.25]', 'gamma-glutamyl-transpeptidase: (28.25..52.5]', not 'num-half-pint-equivalents: (-inf..2.75]' => 'alamine-aminotransferase: (23.5..40.0]'
c1 rule: 'mean-corpuscular-vol: (90.5..96.75]', 'alkaline-phosphotase: (54.25..73.5]', 'gamma-glutamyl-transpeptidase: (52.5..89.75]', not 'num-half-pint-equivalents: (2.75..6.5]' => 'alamine-aminotransferase: (23.5..40.0]'
c1 rule: 'mean-corpuscular-vol: (90.5..96.75]', 'aspartate-aminotransferase: (20.5..32.0]', 'gamma-glutamyl-transpeptidase: (-inf..28.25]', 'num-half-pint-equivalents: (6.5..10.5]' => 'alamine-aminotransferase: (23.5..40.0]'
c1 rule: 'mean-corpuscular-vol: (90.5..96.75]', 'alkaline-phosphotase: (92.75..+inf)', 'num-half-pint-equivalents: (2.75..6.5]', not 'gamma-glutamyl-transpeptidase: (28.25..52.5]' => 'alamine-aminotransferase: (23.5..40.0]'
c1 rule: 'mean-corpuscular-vol: (90.5..96.75]', 'alkaline-phosphotase: (54.25..73.5]', 'gamma-glutamyl-transpeptidase: (89.75..+inf)', 'num-half-pint-equivalents: (2.75..6.5]' => 'alamine-aminotransferase: (23.5..40.0]'
c1 rule: 'mean-corpuscular-vol: (84.25..90.5]', 'aspartate-aminotransferase: (-inf..20.5]', 'num-half-pint-equivalents: (6.5..10.5]', not 'alkaline-phosphotase: (-inf..54.25]' => 'alamine-aminotransferase: (23.5..40.0]'
c1 rule: 'mean-corpuscular-vol: (90.5..96.75]', 'alkaline-phosphotase: (73.5..92.75]', 'gamma-glutamyl-transpeptidase: (-inf..28.25]', not 'aspartate-aminotransferase: (-inf..20.5]', not 'num-half-pint-equivalents: (2.75..6.5]' => 'alamine-aminotransferase: (23.5..40.0]'
c1 # of rules: 29
c1 rule time: 0.0416

c1 computing class: (40.0..60.0]
c1 discrimination constraints: 142h
c1 coverage constraints: 31v+652h
c1 formula: 79v, 866c (818h+48s)
c1 enumerating rules (maxsat-based)
c1 rule: 'mean-corpuscular-vol: (-inf..84.25]', 'gamma-glutamyl-transpeptidase: (89.75..+inf)' => 'alamine-aminotransferase: (40.0..60.0]'
c1 rule: 'gamma-glutamyl-transpeptidase: (52.5..89.75]', 'num-half-pint-equivalents: (10.5..+inf)' => 'alamine-aminotransferase: (40.0..60.0]'
c1 rule: 'alkaline-phosphotase: (92.75..+inf)', 'num-half-pint-equivalents: (10.5..+inf)' => 'alamine-aminotransferase: (40.0..60.0]'
c1 rule: 'mean-corpuscular-vol: (90.5..96.75]', 'alkaline-phosphotase: (-inf..54.25]', 'aspartate-aminotransferase: (32.0..46.0]' => 'alamine-aminotransferase: (40.0..60.0]'
c1 rule: 'aspartate-aminotransferase: (46.0..+inf)', 'num-half-pint-equivalents: (6.5..10.5]', not 'gamma-glutamyl-transpeptidase: (89.75..+inf)' => 'alamine-aminotransferase: (40.0..60.0]'
c1 rule: 'alkaline-phosphotase: (73.5..92.75]', 'aspartate-aminotransferase: (32.0..46.0]', 'num-half-pint-equivalents: (6.5..10.5]' => 'alamine-aminotransferase: (40.0..60.0]'
c1 rule: 'alkaline-phosphotase: (73.5..92.75]', 'aspartate-aminotransferase: (32.0..46.0]', 'num-half-pint-equivalents: (2.75..6.5]' => 'alamine-aminotransferase: (40.0..60.0]'
c1 rule: 'alkaline-phosphotase: (73.5..92.75]', 'gamma-glutamyl-transpeptidase: (52.5..89.75]', 'num-half-pint-equivalents: (-inf..2.75]' => 'alamine-aminotransferase: (40.0..60.0]'
c1 rule: 'alkaline-phosphotase: (73.5..92.75]', 'aspartate-aminotransferase: (46.0..+inf)', 'gamma-glutamyl-transpeptidase: (28.25..52.5]' => 'alamine-aminotransferase: (40.0..60.0]'
c1 rule: 'mean-corpuscular-vol: (-inf..84.25]', 'alkaline-phosphotase: (92.75..+inf)', 'gamma-glutamyl-transpeptidase: (28.25..52.5]' => 'alamine-aminotransferase: (40.0..60.0]'
c1 rule: 'alkaline-phosphotase: (92.75..+inf)', 'aspartate-aminotransferase: (32.0..46.0]', 'gamma-glutamyl-transpeptidase: (52.5..89.75]' => 'alamine-aminotransferase: (40.0..60.0]'
c1 rule: 'alkaline-phosphotase: (92.75..+inf)', 'aspartate-aminotransferase: (32.0..46.0]', 'gamma-glutamyl-transpeptidase: (89.75..+inf)' => 'alamine-aminotransferase: (40.0..60.0]'
c1 rule: 'mean-corpuscular-vol: (-inf..84.25]', 'gamma-glutamyl-transpeptidase: (28.25..52.5]', not 'num-half-pint-equivalents: (-inf..2.75]' => 'alamine-aminotransferase: (40.0..60.0]'
c1 rule: 'mean-corpuscular-vol: (96.75..+inf)', 'alkaline-phosphotase: (54.25..73.5]', 'gamma-glutamyl-transpeptidase: (28.25..52.5]' => 'alamine-aminotransferase: (40.0..60.0]'
c1 rule: 'alkaline-phosphotase: (54.25..73.5]', 'aspartate-aminotransferase: (32.0..46.0]', 'gamma-glutamyl-transpeptidase: (28.25..52.5]' => 'alamine-aminotransferase: (40.0..60.0]'
c1 rule: 'mean-corpuscular-vol: (84.25..90.5]', 'alkaline-phosphotase: (54.25..73.5]', 'gamma-glutamyl-transpeptidase: (52.5..89.75]', not 'aspartate-aminotransferase: (20.5..32.0]' => 'alamine-aminotransferase: (40.0..60.0]'
c1 rule: 'mean-corpuscular-vol: (90.5..96.75]', 'alkaline-phosphotase: (-inf..54.25]', 'gamma-glutamyl-transpeptidase: (52.5..89.75]', not 'aspartate-aminotransferase: (-inf..20.5]' => 'alamine-aminotransferase: (40.0..60.0]'
c1 rule: 'alkaline-phosphotase: (92.75..+inf)', 'aspartate-aminotransferase: (20.5..32.0]', 'num-half-pint-equivalents: (6.5..10.5]', not 'mean-corpuscular-vol: (96.75..+inf)' => 'alamine-aminotransferase: (40.0..60.0]'
c1 rule: 'mean-corpuscular-vol: (84.25..90.5]', 'alkaline-phosphotase: (-inf..54.25]', 'aspartate-aminotransferase: (20.5..32.0]', 'num-half-pint-equivalents: (2.75..6.5]', not 'gamma-glutamyl-transpeptidase: (28.25..52.5]' => 'alamine-aminotransferase: (40.0..60.0]'
c1 # of rules: 19
c1 rule time: 0.0178

c1 computing class: (60.0..+inf)
c1 discrimination constraints: 156h
c1 coverage constraints: 17v+358h
c1 formula: 65v, 586c (538h+48s)
c1 enumerating rules (maxsat-based)
c1 rule: 'alkaline-phosphotase: (54.25..73.5]', 'aspartate-aminotransferase: (46.0..+inf)' => 'alamine-aminotransferase: (60.0..+inf)'
c1 rule: 'aspartate-aminotransferase: (46.0..+inf)', 'num-half-pint-equivalents: (-inf..2.75]' => 'alamine-aminotransferase: (60.0..+inf)'
c1 rule: 'alkaline-phosphotase: (-inf..54.25]', 'aspartate-aminotransferase: (46.0..+inf)' => 'alamine-aminotransferase: (60.0..+inf)'
c1 rule: 'alkaline-phosphotase: (54.25..73.5]', 'aspartate-aminotransferase: (32.0..46.0]', 'num-half-pint-equivalents: (-inf..2.75]' => 'alamine-aminotransferase: (60.0..+inf)'
c1 rule: 'mean-corpuscular-vol: (90.5..96.75]', 'aspartate-aminotransferase: (32.0..46.0]', 'gamma-glutamyl-transpeptidase: (52.5..89.75]' => 'alamine-aminotransferase: (60.0..+inf)'
c1 rule: 'aspartate-aminotransferase: (46.0..+inf)', 'gamma-glutamyl-transpeptidase: (52.5..89.75]', not 'num-half-pint-equivalents: (6.5..10.5]' => 'alamine-aminotransferase: (60.0..+inf)'
c1 rule: 'mean-corpuscular-vol: (90.5..96.75]', 'aspartate-aminotransferase: (46.0..+inf)', not 'alkaline-phosphotase: (73.5..92.75]' => 'alamine-aminotransferase: (60.0..+inf)'
c1 rule: 'alkaline-phosphotase: (73.5..92.75]', 'aspartate-aminotransferase: (32.0..46.0]', 'gamma-glutamyl-transpeptidase: (28.25..52.5]' => 'alamine-aminotransferase: (60.0..+inf)'
c1 rule: 'mean-corpuscular-vol: (96.75..+inf)', 'alkaline-phosphotase: (-inf..54.25]', 'aspartate-aminotransferase: (32.0..46.0]' => 'alamine-aminotransferase: (60.0..+inf)'
c1 rule: 'alkaline-phosphotase: (54.25..73.5]', 'aspartate-aminotransferase: (32.0..46.0]', not 'gamma-glutamyl-transpeptidase: (52.5..89.75]', not 'num-half-pint-equivalents: (2.75..6.5]' => 'alamine-aminotransferase: (60.0..+inf)'
c1 rule: 'mean-corpuscular-vol: (90.5..96.75]', 'alkaline-phosphotase: (73.5..92.75]', 'gamma-glutamyl-transpeptidase: (52.5..89.75]', not 'aspartate-aminotransferase: (46.0..+inf)' => 'alamine-aminotransferase: (60.0..+inf)'
c1 # of rules: 11
c1 rule time: 0.0095

c2 total rules: 81

c0 computing feature 4
c1 computing class: (-inf..20.5]
c1 discrimination constraints: 126h
c1 coverage constraints: 47v+988h
c1 formula: 95v, 1186c (1138h+48s)
c1 enumerating rules (maxsat-based)
c1 rule: 'mean-corpuscular-vol: (-inf..84.25]', 'num-half-pint-equivalents: (6.5..10.5]' => 'aspartate-aminotransferase: (-inf..20.5]'
c1 rule: 'mean-corpuscular-vol: (96.75..+inf)', 'alkaline-phosphotase: (92.75..+inf)', 'alamine-aminotransferase: (-inf..23.5]' => 'aspartate-aminotransferase: (-inf..20.5]'
c1 rule: 'alkaline-phosphotase: (92.75..+inf)', 'alamine-aminotransferase: (40.0..60.0]', 'num-half-pint-equivalents: (-inf..2.75]' => 'aspartate-aminotransferase: (-inf..20.5]'
c1 rule: 'mean-corpuscular-vol: (-inf..84.25]', 'gamma-glutamyl-transpeptidase: (-inf..28.25]', not 'alamine-aminotransferase: (-inf..23.5]' => 'aspartate-aminotransferase: (-inf..20.5]'
c1 rule: 'mean-corpuscular-vol: (-inf..84.25]', 'alkaline-phosphotase: (54.25..73.5]', not 'num-half-pint-equivalents: (2.75..6.5]' => 'aspartate-aminotransferase: (-inf..20.5]'
c1 rule: 'alamine-aminotransferase: (-inf..23.5]', 'gamma-glutamyl-transpeptidase: (52.5..89.75]', not 'alkaline-phosphotase: (-inf..54.25]' => 'aspartate-aminotransferase: (-inf..20.5]'
c1 rule: 'alamine-aminotransferase: (-inf..23.5]', 'gamma-glutamyl-transpeptidase: (52.5..89.75]', not 'mean-corpuscular-vol: (84.25..90.5]' => 'aspartate-aminotransferase: (-inf..20.5]'
c1 rule: 'mean-corpuscular-vol: (-inf..84.25]', 'alkaline-phosphotase: (-inf..54.25]', 'alamine-aminotransferase: (-inf..23.5]' => 'aspartate-aminotransferase: (-inf..20.5]'
c1 rule: 'alkaline-phosphotase: (73.5..92.75]', 'alamine-aminotransferase: (-inf..23.5]', 'gamma-glutamyl-transpeptidase: (89.75..+inf)' => 'aspartate-aminotransferase: (-inf..20.5]'
c1 rule: 'mean-corpuscular-vol: (96.75..+inf)', 'gamma-glutamyl-transpeptidase: (-inf..28.25]', 'num-half-pint-equivalents: (2.75..6.5]' => 'aspartate-aminotransferase: (-inf..20.5]'
c1 rule: 'alkaline-phosphotase: (-inf..54.25]', 'gamma-glutamyl-transpeptidase: (-inf..28.25]', 'num-half-pint-equivalents: (6.5..10.5]' => 'aspartate-aminotransferase: (-inf..20.5]'
c1 rule: 'alamine-aminotransferase: (-inf..23.5]', 'num-half-pint-equivalents: (6.5..10.5]', not 'alkaline-phosphotase: (54.25..73.5]' => 'aspartate-aminotransferase: (-inf..20.5]'
c1 rule: 'mean-corpuscular-vol: (84.25..90.5]', 'gamma-glutamyl-transpeptidase: (-inf..28.25]', 'num-half-pint-equivalents: (6.5..10.5]', not 'alamine-aminotransferase: (-inf..23.5]' => 'aspartate-aminotransferase: (-inf..20.5]'
c1 rule: 'gamma-glutamyl-transpeptidase: (-inf..28.25]', 'num-half-pint-equivalents: (6.5..10.5]', not 'mean-corpuscular-vol: (84.25..90.5]', not 'alamine-aminotransferase: (23.5..40.0]' => 'aspartate-aminotransferase: (-inf..20.5]'
c1 rule: 'mean-corpuscular-vol: (90.5..96.75]', 'alkaline-phosphotase: (-inf..54.25]', 'gamma-glutamyl-transpeptidase: (-inf..28.25]', not 'alamine-aminotransferase: (-inf..23.5]' => 'aspartate-aminotransferase: (-inf..20.5]'
c1 rule: 'alkaline-phosphotase: (92.75..+inf)', 'gamma-glutamyl-transpeptidase: (-inf..28.25]', not 'alamine-aminotransferase: (-inf..23.5]', not 'num-half-pint-equivalents: (-inf..2.75]' => 'aspartate-aminotransferase: (-inf..20.5]'
c1 rule: 'mean-corpuscular-vol: (90.5..96.75]', 'alkaline-phosphotase: (73.5..92.75]', 'gamma-glutamyl-transpeptidase: (-inf..28.25]', 'num-half-pint-equivalents: (-inf..2.75]', not 'alamine-aminotransferase: (23.5..40.0]' => 'aspartate-aminotransferase: (-inf..20.5]'
c1 rule: 'mean-corpuscular-vol: (84.25..90.5]', 'alkaline-phosphotase: (-inf..54.25]', 'alamine-aminotransferase: (-inf..23.5]', 'num-half-pint-equivalents: (2.75..6.5]', not 'gamma-glutamyl-transpeptidase: (52.5..89.75]' => 'aspartate-aminotransferase: (-inf..20.5]'
c1 # of rules: 18
c1 rule time: 0.0227

c1 computing class: (20.5..32.0]
c1 discrimination constraints: 87h
c1 coverage constraints: 86v+1807h
c1 formula: 134v, 1966c (1918h+48s)
c1 enumerating rules (maxsat-based)
c1 rule: 'gamma-glutamyl-transpeptidase: (-inf..28.25]', 'num-half-pint-equivalents: (10.5..+inf)' => 'aspartate-aminotransferase: (20.5..32.0]'
c1 rule: 'gamma-glutamyl-transpeptidase: (28.25..52.5]', 'num-half-pint-equivalents: (10.5..+inf)' => 'aspartate-aminotransferase: (20.5..32.0]'
c1 rule: 'mean-corpuscular-vol: (96.75..+inf)', 'gamma-glutamyl-transpeptidase: (28.25..52.5]' => 'aspartate-aminotransferase: (20.5..32.0]'
c1 rule: 'alamine-aminotransferase: (60.0..+inf)', 'gamma-glutamyl-transpeptidase: (-inf..28.25]' => 'aspartate-aminotransferase: (20.5..32.0]'
c1 rule: 'alkaline-phosphotase: (-inf..54.25]', 'gamma-glutamyl-transpeptidase: (28.25..52.5]' => 'aspartate-aminotransferase: (20.5..32.0]'
c1 rule: 'mean-corpuscular-vol: (90.5..96.75]', 'alamine-aminotransferase: (23.5..40.0]', 'gamma-glutamyl-transpeptidase: (52.5..89.75]' => 'aspartate-aminotransferase: (20.5..32.0]'
c1 rule: 'alamine-aminotransferase: (23.5..40.0]', 'gamma-glutamyl-transpeptidase: (52.5..89.75]', not 'alkaline-phosphotase: (54.25..73.5]' => 'aspartate-aminotransferase: (20.5..32.0]'
c1 rule: 'mean-corpuscular-vol: (96.75..+inf)', 'alamine-aminotransferase: (23.5..40.0]', not 'num-half-pint-equivalents: (6.5..10.5]' => 'aspartate-aminotransferase: (20.5..32.0]'
c1 rule: 'mean-corpuscular-vol: (-inf..84.25]', 'alkaline-phosphotase: (73.5..92.75]', 'alamine-aminotransferase: (23.5..40.0]' => 'aspartate-aminotransferase: (20.5..32.0]'
c1 rule: 'alkaline-phosphotase: (73.5..92.75]', 'alamine-aminotransferase: (23.5..40.0]', 'num-half-pint-equivalents: (2.75..6.5]' => 'aspartate-aminotransferase: (20.5..32.0]'
c1 rule: 'alkaline-phosphotase: (73.5..92.75]', 'alamine-aminotransferase: (23.5..40.0]', 'gamma-glutamyl-transpeptidase: (28.25..52.5]' => 'aspartate-aminotransferase: (20.5..32.0]'
c1 rule: 'mean-corpuscular-vol: (-inf..84.25]', 'alkaline-phosphotase: (73.5..92.75]', 'gamma-glutamyl-transpeptidase: (-inf..28.25]' => 'aspartate-aminotransferase: (20.5..32.0]'
c1 rule: 'mean-corpuscular-vol: (-inf..84.25]', 'gamma-glutamyl-transpeptidase: (28.25..52.5]', not 'num-half-pint-equivalents: (-inf..2.75]' => 'aspartate-aminotransferase: (20.5..32.0]'
c1 rule: 'mean-corpuscular-vol: (90.5..96.75]', 'gamma-glutamyl-transpeptidase: (28.25..52.5]', 'num-half-pint-equivalents: (-inf..2.75]' => 'aspartate-aminotransferase: (20.5..32.0]'
c1 rule: 'alkaline-phosphotase: (92.75..+inf)', 'alamine-aminotransferase: (-inf..23.5]', 'gamma-glutamyl-transpeptidase: (28.25..52.5]' => 'aspartate-aminotransferase: (20.5..32.0]'
c1 rule: 'mean-corpuscular-vol: (-inf..84.25]', 'alkaline-phosphotase: (92.75..+inf)', 'alamine-aminotransferase: (-inf..23.5]' => 'aspartate-aminotransferase: (20.5..32.0]'
c1 rule: 'alamine-aminotransferase: (23.5..40.0]', 'gamma-glutamyl-transpeptidase: (52.5..89.75]', 'num-half-pint-equivalents: (-inf..2.75]' => 'aspartate-aminotransferase: (20.5..32.0]'
c1 rule: 'mean-corpuscular-vol: (84.25..90.5]', 'alamine-aminotransferase: (23.5..40.0]', 'gamma-glutamyl-transpeptidase: (52.5..89.75]' => 'aspartate-aminotransferase: (20.5..32.0]'
c1 rule: 'alkaline-phosphotase: (73.5..92.75]', 'gamma-glutamyl-transpeptidase: (-inf..28.25]', 'num-half-pint-equivalents: (6.5..10.5]' => 'aspartate-aminotransferase: (20.5..32.0]'
c1 rule: 'mean-corpuscular-vol: (84.25..90.5]', 'alkaline-phosphotase: (73.5..92.75]', 'gamma-glutamyl-transpeptidase: (52.5..89.75]' => 'aspartate-aminotransferase: (20.5..32.0]'
c1 rule: 'mean-corpuscular-vol: (84.25..90.5]', 'alkaline-phosphotase: (92.75..+inf)', 'gamma-glutamyl-transpeptidase: (28.25..52.5]' => 'aspartate-aminotransferase: (20.5..32.0]'
c1 rule: 'gamma-glutamyl-transpeptidase: (28.25..52.5]', 'num-half-pint-equivalents: (6.5..10.5]', not 'alamine-aminotransferase: (23.5..40.0]' => 'aspartate-aminotransferase: (20.5..32.0]'
c1 rule: 'mean-corpuscular-vol: (84.25..90.5]', 'alamine-aminotransferase: (40.0..60.0]', 'gamma-glutamyl-transpeptidase: (28.25..52.5]' => 'aspartate-aminotransferase: (20.5..32.0]'
c1 rule: 'alkaline-phosphotase: (54.25..73.5]', 'alamine-aminotransferase: (40.0..60.0]', 'num-half-pint-equivalents: (-inf..2.75]' => 'aspartate-aminotransferase: (20.5..32.0]'
c1 rule: 'alkaline-phosphotase: (-inf..54.25]', not 'gamma-glutamyl-transpeptidase: (-inf..28.25]', not 'num-half-pint-equivalents: (2.75..6.5]' => 'aspartate-aminotransferase: (20.5..32.0]'
c1 rule: 'alamine-aminotransferase: (-inf..23.5]', 'gamma-glutamyl-transpeptidase: (89.75..+inf)', not 'num-half-pint-equivalents: (2.75..6.5]' => 'aspartate-aminotransferase: (20.5..32.0]'
c1 rule: 'gamma-glutamyl-transpeptidase: (52.5..89.75]', 'num-half-pint-equivalents: (-inf..2.75]', not 'alamine-aminotransferase: (-inf..23.5]' => 'aspartate-aminotransferase: (20.5..32.0]'
c1 rule: 'alamine-aminotransferase: (23.5..40.0]', 'gamma-glutamyl-transpeptidase: (89.75..+inf)', 'num-half-pint-equivalents: (-inf..2.75]' => 'aspartate-aminotransferase: (20.5..32.0]'
c1 rule: 'alamine-aminotransferase: (40.0..60.0]', 'gamma-glutamyl-transpeptidase: (-inf..28.25]', 'num-half-pint-equivalents: (2.75..6.5]' => 'aspartate-aminotransferase: (20.5..32.0]'
c1 rule: 'alamine-aminotransferase: (60.0..+inf)', 'gamma-glutamyl-transpeptidase: (52.5..89.75]', not 'num-half-pint-equivalents: (2.75..6.5]' => 'aspartate-aminotransferase: (20.5..32.0]'
c1 rule: 'mean-corpuscular-vol: (96.75..+inf)', 'gamma-glutamyl-transpeptidase: (-inf..28.25]', not 'alkaline-phosphotase: (54.25..73.5]' => 'aspartate-aminotransferase: (20.5..32.0]'
c1 rule: 'mean-corpuscular-vol: (84.25..90.5]', 'alkaline-phosphotase: (54.25..73.5]', 'gamma-glutamyl-transpeptidase: (89.75..+inf)', not 'alamine-aminotransferase: (60.0..+inf)' => 'aspartate-aminotransferase: (20.5..32.0]'
c1 rule: 'mean-corpuscular-vol: (84.25..90.5]', 'alkaline-phosphotase: (92.75..+inf)', 'num-half-pint-equivalents: (-inf..2.75]', not 'alamine-aminotransferase: (23.5..40.0]' => 'aspartate-aminotransferase: (20.5..32.0]'
c1 rule: 'mean-corpuscular-vol: (84.25..90.5]', 'alkaline-phosphotase: (54.25..73.5]', 'alamine-aminotransferase: (-inf..23.5]', 'num-half-pint-equivalents: (6.5..10.5]' => 'aspartate-aminotransferase: (20.5..32.0]'
c1 rule: 'mean-corpuscular-vol: (90.5..96.75]', 'gamma-glutamyl-transpeptidase: (-inf..28.25]', 'num-half-pint-equivalents: (6.5..10.5]', not 'alamine-aminotransferase: (-inf..23.5]' => 'aspartate-aminotransferase: (20.5..32.0]'
c1 rule: 'alkaline-phosphotase: (73.5..92.75]', 'alamine-aminotransferase: (40.0..60.0]', 'gamma-glutamyl-transpeptidase: (28.25..52.5]', 'num-half-pint-equivalents: (-inf..2.75]' => 'aspartate-aminotransferase: (20.5..32.0]'
c1 rule: 'gamma-glutamyl-transpeptidase: (28.25..52.5]', not 'mean-corpuscular-vol: (90.5..96.75]', not 'alamine-aminotransferase: (60.0..+inf)', not 'num-half-pint-equivalents: (-inf..2.75]' => 'aspartate-aminotransferase: (20.5..32.0]'
c1 rule: 'mean-corpuscular-vol: (90.5..96.75]', 'gamma-glutamyl-transpeptidase: (28.25..52.5]', not 'alkaline-phosphotase: (92.75..+inf)', not 'alamine-aminotransferase: (40.0..60.0]' => 'aspartate-aminotransferase: (20.5..32.0]'
c1 rule: 'mean-corpuscular-vol: (90.5..96.75]', 'alkaline-phosphotase: (92.75..+inf)', 'alamine-aminotransferase: (40.0..60.0]', not 'gamma-glutamyl-transpeptidase: (89.75..+inf)' => 'aspartate-aminotransferase: (20.5..32.0]'
c1 rule: 'mean-corpuscular-vol: (84.25..90.5]', 'alkaline-phosphotase: (-inf..54.25]', 'alamine-aminotransferase: (-inf..23.5]', 'num-half-pint-equivalents: (-inf..2.75]' => 'aspartate-aminotransferase: (20.5..32.0]'
c1 # of rules: 40
c1 rule time: 0.0513

c1 computing class: (32.0..46.0]
c1 discrimination constraints: 144h
c1 coverage constraints: 29v+610h
c1 formula: 77v, 826c (778h+48s)
c1 enumerating rules (maxsat-based)
c1 rule: 'gamma-glutamyl-transpeptidase: (52.5..89.75]', 'num-half-pint-equivalents: (10.5..+inf)' => 'aspartate-aminotransferase: (32.0..46.0]'
c1 rule: 'alamine-aminotransferase: (60.0..+inf)', 'num-half-pint-equivalents: (10.5..+inf)' => 'aspartate-aminotransferase: (32.0..46.0]'
c1 rule: 'alkaline-phosphotase: (92.75..+inf)', 'num-half-pint-equivalents: (10.5..+inf)' => 'aspartate-aminotransferase: (32.0..46.0]'
c1 rule: 'gamma-glutamyl-transpeptidase: (89.75..+inf)', 'num-half-pint-equivalents: (10.5..+inf)' => 'aspartate-aminotransferase: (32.0..46.0]'
c1 rule: 'alamine-aminotransferase: (40.0..60.0]', 'gamma-glutamyl-transpeptidase: (89.75..+inf)' => 'aspartate-aminotransferase: (32.0..46.0]'
c1 rule: 'mean-corpuscular-vol: (-inf..84.25]', 'alamine-aminotransferase: (60.0..+inf)' => 'aspartate-aminotransferase: (32.0..46.0]'
c1 rule: 'alkaline-phosphotase: (92.75..+inf)', 'alamine-aminotransferase: (40.0..60.0]', not 'gamma-glutamyl-transpeptidase: (28.25..52.5]' => 'aspartate-aminotransferase: (32.0..46.0]'
c1 rule: 'alamine-aminotransferase: (40.0..60.0]', 'num-half-pint-equivalents: (6.5..10.5]', not 'mean-corpuscular-vol: (90.5..96.75]' => 'aspartate-aminotransferase: (32.0..46.0]'
c1 rule: 'mean-corpuscular-vol: (84.25..90.5]', 'alamine-aminotransferase: (60.0..+inf)', 'num-half-pint-equivalents: (6.5..10.5]' => 'aspartate-aminotransferase: (32.0..46.0]'
c1 rule: 'mean-corpuscular-vol: (96.75..+inf)', 'alkaline-phosphotase: (54.25..73.5]', 'num-half-pint-equivalents: (6.5..10.5]' => 'aspartate-aminotransferase: (32.0..46.0]'
c1 rule: 'mean-corpuscular-vol: (96.75..+inf)', 'alkaline-phosphotase: (-inf..54.25]', 'gamma-glutamyl-transpeptidase: (89.75..+inf)' => 'aspartate-aminotransferase: (32.0..46.0]'
c1 rule: 'mean-corpuscular-vol: (84.25..90.5]', 'alamine-aminotransferase: (-inf..23.5]', 'gamma-glutamyl-transpeptidase: (52.5..89.75]' => 'aspartate-aminotransferase: (32.0..46.0]'
c1 rule: 'mean-corpuscular-vol: (90.5..96.75]', 'alamine-aminotransferase: (60.0..+inf)', 'num-half-pint-equivalents: (-inf..2.75]' => 'aspartate-aminotransferase: (32.0..46.0]'
c1 rule: 'alamine-aminotransferase: (60.0..+inf)', 'gamma-glutamyl-transpeptidase: (52.5..89.75]', not 'alkaline-phosphotase: (73.5..92.75]', not 'num-half-pint-equivalents: (-inf..2.75]' => 'aspartate-aminotransferase: (32.0..46.0]'
c1 rule: 'mean-corpuscular-vol: (90.5..96.75]', 'alamine-aminotransferase: (23.5..40.0]', 'gamma-glutamyl-transpeptidase: (89.75..+inf)', 'num-half-pint-equivalents: (2.75..6.5]' => 'aspartate-aminotransferase: (32.0..46.0]'
c1 rule: 'mean-corpuscular-vol: (90.5..96.75]', 'alkaline-phosphotase: (92.75..+inf)', 'alamine-aminotransferase: (23.5..40.0]', 'num-half-pint-equivalents: (6.5..10.5]' => 'aspartate-aminotransferase: (32.0..46.0]'
c1 rule: 'alkaline-phosphotase: (-inf..54.25]', 'alamine-aminotransferase: (40.0..60.0]', 'gamma-glutamyl-transpeptidase: (-inf..28.25]', 'num-half-pint-equivalents: (-inf..2.75]' => 'aspartate-aminotransferase: (32.0..46.0]'
c1 rule: 'mean-corpuscular-vol: (90.5..96.75]', 'alkaline-phosphotase: (54.25..73.5]', 'alamine-aminotransferase: (40.0..60.0]', not 'num-half-pint-equivalents: (-inf..2.75]' => 'aspartate-aminotransferase: (32.0..46.0]'
c1 rule: 'mean-corpuscular-vol: (90.5..96.75]', 'alkaline-phosphotase: (92.75..+inf)', 'alamine-aminotransferase: (23.5..40.0]', 'gamma-glutamyl-transpeptidase: (28.25..52.5]' => 'aspartate-aminotransferase: (32.0..46.0]'
c1 # of rules: 19
c1 rule time: 0.0178

c1 computing class: (46.0..+inf)
c1 discrimination constraints: 162h
c1 coverage constraints: 11v+232h
c1 formula: 59v, 466c (418h+48s)
c1 enumerating rules (maxsat-based)
c1 rule: 'alkaline-phosphotase: (92.75..+inf)', 'alamine-aminotransferase: (60.0..+inf)' => 'aspartate-aminotransferase: (46.0..+inf)'
c1 rule: 'alkaline-phosphotase: (73.5..92.75]', 'gamma-glutamyl-transpeptidase: (52.5..89.75]', 'num-half-pint-equivalents: (2.75..6.5]' => 'aspartate-aminotransferase: (46.0..+inf)'
c1 rule: 'mean-corpuscular-vol: (96.75..+inf)', 'gamma-glutamyl-transpeptidase: (89.75..+inf)', not 'num-half-pint-equivalents: (2.75..6.5]' => 'aspartate-aminotransferase: (46.0..+inf)'
c1 rule: 'alkaline-phosphotase: (92.75..+inf)', 'gamma-glutamyl-transpeptidase: (89.75..+inf)', 'num-half-pint-equivalents: (2.75..6.5]' => 'aspartate-aminotransferase: (46.0..+inf)'
c1 rule: 'alkaline-phosphotase: (-inf..54.25]', 'alamine-aminotransferase: (60.0..+inf)', not 'mean-corpuscular-vol: (96.75..+inf)' => 'aspartate-aminotransferase: (46.0..+inf)'
c1 rule: 'mean-corpuscular-vol: (84.25..90.5]', 'alamine-aminotransferase: (60.0..+inf)', 'num-half-pint-equivalents: (2.75..6.5]' => 'aspartate-aminotransferase: (46.0..+inf)'
c1 rule: 'mean-corpuscular-vol: (96.75..+inf)', 'alkaline-phosphotase: (54.25..73.5]', 'alamine-aminotransferase: (60.0..+inf)' => 'aspartate-aminotransferase: (46.0..+inf)'
c1 rule: 'mean-corpuscular-vol: (90.5..96.75]', 'alkaline-phosphotase: (73.5..92.75]', 'gamma-glutamyl-transpeptidase: (52.5..89.75]', not 'alamine-aminotransferase: (60.0..+inf)' => 'aspartate-aminotransferase: (46.0..+inf)'
c1 # of rules: 8
c1 rule time: 0.0032

c2 total rules: 85

c0 computing feature 5
c1 computing class: (-inf..28.25]
c1 discrimination constraints: 98h
c1 coverage constraints: 75v+1576h
c1 formula: 123v, 1746c (1698h+48s)
c1 enumerating rules (maxsat-based)
c1 rule: 'mean-corpuscular-vol: (-inf..84.25]', 'num-half-pint-equivalents: (6.5..10.5]' => 'gamma-glutamyl-transpeptidase: (-inf..28.25]'
c1 rule: 'alkaline-phosphotase: (54.25..73.5]', 'num-half-pint-equivalents: (10.5..+inf)' => 'gamma-glutamyl-transpeptidase: (-inf..28.25]'
c1 rule: 'mean-corpuscular-vol: (-inf..84.25]', 'alamine-aminotransferase: (-inf..23.5]', not 'aspartate-aminotransferase: (-inf..20.5]' => 'gamma-glutamyl-transpeptidase: (-inf..28.25]'
c1 rule: 'mean-corpuscular-vol: (-inf..84.25]', 'alkaline-phosphotase: (-inf..54.25]', not 'alamine-aminotransferase: (23.5..40.0]' => 'gamma-glutamyl-transpeptidase: (-inf..28.25]'
c1 rule: 'alkaline-phosphotase: (-inf..54.25]', 'alamine-aminotransferase: (23.5..40.0]', not 'aspartate-aminotransferase: (20.5..32.0]' => 'gamma-glutamyl-transpeptidase: (-inf..28.25]'
c1 rule: 'alkaline-phosphotase: (-inf..54.25]', not 'aspartate-aminotransferase: (20.5..32.0]', not 'num-half-pint-equivalents: (2.75..6.5]' => 'gamma-glutamyl-transpeptidase: (-inf..28.25]'
c1 rule: 'alkaline-phosphotase: (-inf..54.25]', 'aspartate-aminotransferase: (-inf..20.5]', not 'mean-corpuscular-vol: (90.5..96.75]' => 'gamma-glutamyl-transpeptidase: (-inf..28.25]'
c1 rule: 'mean-corpuscular-vol: (90.5..96.75]', 'aspartate-aminotransferase: (-inf..20.5]', not 'alamine-aminotransferase: (-inf..23.5]' => 'gamma-glutamyl-transpeptidase: (-inf..28.25]'
c1 rule: 'aspartate-aminotransferase: (-inf..20.5]', 'num-half-pint-equivalents: (6.5..10.5]', not 'alamine-aminotransferase: (-inf..23.5]' => 'gamma-glutamyl-transpeptidase: (-inf..28.25]'
c1 rule: 'mean-corpuscular-vol: (90.5..96.75]', 'alkaline-phosphotase: (73.5..92.75]', 'aspartate-aminotransferase: (-inf..20.5]' => 'gamma-glutamyl-transpeptidase: (-inf..28.25]'
c1 rule: 'alamine-aminotransferase: (-inf..23.5]', 'aspartate-aminotransferase: (32.0..46.0]', 'num-half-pint-equivalents: (-inf..2.75]' => 'gamma-glutamyl-transpeptidase: (-inf..28.25]'
c1 rule: 'mean-corpuscular-vol: (-inf..84.25]', 'alamine-aminotransferase: (-inf..23.5]', not 'num-half-pint-equivalents: (-inf..2.75]' => 'gamma-glutamyl-transpeptidase: (-inf..28.25]'
c1 rule: 'alamine-aminotransferase: (23.5..40.0]', 'aspartate-aminotransferase: (-inf..20.5]', not 'alkaline-phosphotase: (54.25..73.5]' => 'gamma-glutamyl-transpeptidase: (-inf..28.25]'
c1 rule: 'mean-corpuscular-vol: (84.25..90.5]', 'alamine-aminotransferase: (23.5..40.0]', 'aspartate-aminotransferase: (32.0..46.0]' => 'gamma-glutamyl-transpeptidase: (-inf..28.25]'
c1 rule: 'mean-corpuscular-vol: (84.25..90.5]', 'alkaline-phosphotase: (73.5..92.75]', 'alamine-aminotransferase: (23.5..40.0]' => 'gamma-glutamyl-transpeptidase: (-inf..28.25]'
c1 rule: 'aspartate-aminotransferase: (-inf..20.5]', 'num-half-pint-equivalents: (6.5..10.5]', not 'alkaline-phosphotase: (73.5..92.75]' => 'gamma-glutamyl-transpeptidase: (-inf..28.25]'
c1 rule: 'mean-corpuscular-vol: (84.25..90.5]', 'alkaline-phosphotase: (54.25..73.5]', 'alamine-aminotransferase: (-inf..23.5]' => 'gamma-glutamyl-transpeptidase: (-inf..28.25]'
c1 rule: 'mean-corpuscular-vol: (84.25..90.5]', 'alkaline-phosphotase: (92.75..+inf)', not 'alamine-aminotransferase: (23.5..40.0]' => 'gamma-glutamyl-transpeptidase: (-inf..28.25]'
c1 rule: 'mean-corpuscular-vol: (96.75..+inf)', 'alkaline-phosphotase: (54.25..73.5]', 'alamine-aminotransferase: (-inf..23.5]' => 'gamma-glutamyl-transpeptidase: (-inf..28.25]'
c1 rule: 'mean-corpuscular-vol: (96.75..+inf)', 'alamine-aminotransferase: (-inf..23.5]', 'num-half-pint-equivalents: (-inf..2.75]' => 'gamma-glutamyl-transpeptidase: (-inf..28.25]'
c1 rule: 'mean-corpuscular-vol: (96.75..+inf)', 'num-half-pint-equivalents: (-inf..2.75]', not 'alamine-aminotransferase: (60.0..+inf)' => 'gamma-glutamyl-transpeptidase: (-inf..28.25]'
c1 rule: 'alkaline-phosphotase: (73.5..92.75]', 'alamine-aminotransferase: (23.5..40.0]', 'num-half-pint-equivalents: (6.5..10.5]', not 'aspartate-aminotransferase: (46.0..+inf)' => 'gamma-glutamyl-transpeptidase: (-inf..28.25]'
c1 rule: 'alkaline-phosphotase: (73.5..92.75]', 'aspartate-aminotransferase: (20.5..32.0]', 'num-half-pint-equivalents: (2.75..6.5]', not 'mean-corpuscular-vol: (90.5..96.75]' => 'gamma-glutamyl-transpeptidase: (-inf..28.25]'
c1 rule: 'mean-corpuscular-vol: (90.5..96.75]', 'alkaline-phosphotase: (73.5..92.75]', 'alamine-aminotransferase: (-inf..23.5]', 'num-half-pint-equivalents: (2.75..6.5]' => 'gamma-glutamyl-transpeptidase: (-inf..28.25]'
c1 rule: 'alkaline-phosphotase: (54.25..73.5]', 'alamine-aminotransferase: (-inf..23.5]', not 'aspartate-aminotransferase: (-inf..20.5]', not 'num-half-pint-equivalents: (6.5..10.5]' => 'gamma-glutamyl-transpeptidase: (-inf..28.25]'
c1 rule: 'mean-corpuscular-vol: (84.25..90.5]', 'aspartate-aminotransferase: (20.5..32.0]', 'num-half-pint-equivalents: (2.75..6.5]', not 'alamine-aminotransferase: (23.5..40.0]' => 'gamma-glutamyl-transpeptidase: (-inf..28.25]'
c1 rule: 'alkaline-phosphotase: (-inf..54.25]', 'alamine-aminotransferase: (-inf..23.5]', not 'mean-corpuscular-vol: (90.5..96.75]', not 'num-half-pint-equivalents: (2.75..6.5]' => 'gamma-glutamyl-transpeptidase: (-inf..28.25]'
c1 rule: 'alamine-aminotransferase: (23.5..40.0]', 'aspartate-aminotransferase: (-inf..20.5]', not 'mean-corpuscular-vol: (-inf..84.25]', not 'num-half-pint-equivalents: (-inf..2.75]' => 'gamma-glutamyl-transpeptidase: (-inf..28.25]'
c1 rule: 'mean-corpuscular-vol: (90.5..96.75]', 'aspartate-aminotransferase: (-inf..20.5]', not 'alkaline-phosphotase: (92.75..+inf)', not 'num-half-pint-equivalents: (2.75..6.5]' => 'gamma-glutamyl-transpeptidase: (-inf..28.25]'
c1 rule: 'mean-corpuscular-vol: (90.5..96.75]', 'alkaline-phosphotase: (-inf..54.25]', 'aspartate-aminotransferase: (20.5..32.0]', 'num-half-pint-equivalents: (2.75..6.5]', not 'alamine-aminotransferase: (23.5..40.0]' => 'gamma-glutamyl-transpeptidase: (-inf..28.25]'
c1 # of rules: 30
c1 rule time: 0.0384

c1 computing class: (28.25..52.5]
c1 discrimination constraints: 129h
c1 coverage constraints: 44v+925h
c1 formula: 92v, 1126c (1078h+48s)
c1 enumerating rules (maxsat-based)
c1 rule: 'alamine-aminotransferase: (-inf..23.5]', 'num-half-pint-equivalents: (10.5..+inf)' => 'gamma-glutamyl-transpeptidase: (28.25..52.5]'
c1 rule: 'alamine-aminotransferase: (40.0..60.0]', 'aspartate-aminotransferase: (-inf..20.5]' => 'gamma-glutamyl-transpeptidase: (28.25..52.5]'
c1 rule: 'mean-corpuscular-vol: (-inf..84.25]', 'alamine-aminotransferase: (60.0..+inf)' => 'gamma-glutamyl-transpeptidase: (28.25..52.5]'
c1 rule: 'alamine-aminotransferase: (23.5..40.0]', 'num-half-pint-equivalents: (10.5..+inf)', not 'mean-corpuscular-vol: (90.5..96.75]' => 'gamma-glutamyl-transpeptidase: (28.25..52.5]'
c1 rule: 'mean-corpuscular-vol: (96.75..+inf)', 'alkaline-phosphotase: (-inf..54.25]', 'alamine-aminotransferase: (-inf..23.5]' => 'gamma-glutamyl-transpeptidase: (28.25..52.5]'
c1 rule: 'mean-corpuscular-vol: (96.75..+inf)', 'alamine-aminotransferase: (40.0..60.0]', not 'aspartate-aminotransferase: (32.0..46.0]' => 'gamma-glutamyl-transpeptidase: (28.25..52.5]'
c1 rule: 'alkaline-phosphotase: (92.75..+inf)', 'alamine-aminotransferase: (40.0..60.0]', not 'aspartate-aminotransferase: (32.0..46.0]' => 'gamma-glutamyl-transpeptidase: (28.25..52.5]'
c1 rule: 'mean-corpuscular-vol: (96.75..+inf)', 'alkaline-phosphotase: (92.75..+inf)', 'aspartate-aminotransferase: (20.5..32.0]' => 'gamma-glutamyl-transpeptidase: (28.25..52.5]'
c1 rule: 'mean-corpuscular-vol: (90.5..96.75]', 'alamine-aminotransferase: (40.0..60.0]', 'num-half-pint-equivalents: (-inf..2.75]' => 'gamma-glutamyl-transpeptidase: (28.25..52.5]'
c1 rule: 'alkaline-phosphotase: (54.25..73.5]', 'alamine-aminotransferase: (40.0..60.0]', not 'mean-corpuscular-vol: (84.25..90.5]' => 'gamma-glutamyl-transpeptidase: (28.25..52.5]'
c1 rule: 'alkaline-phosphotase: (54.25..73.5]', 'aspartate-aminotransferase: (46.0..+inf)', not 'mean-corpuscular-vol: (96.75..+inf)' => 'gamma-glutamyl-transpeptidase: (28.25..52.5]'
c1 rule: 'alamine-aminotransferase: (60.0..+inf)', 'aspartate-aminotransferase: (20.5..32.0]', 'num-half-pint-equivalents: (2.75..6.5]' => 'gamma-glutamyl-transpeptidase: (28.25..52.5]'
c1 rule: 'alkaline-phosphotase: (92.75..+inf)', 'alamine-aminotransferase: (60.0..+inf)', 'num-half-pint-equivalents: (2.75..6.5]' => 'gamma-glutamyl-transpeptidase: (28.25..52.5]'
c1 rule: 'alamine-aminotransferase: (40.0..60.0]', 'aspartate-aminotransferase: (46.0..+inf)', 'num-half-pint-equivalents: (2.75..6.5]' => 'gamma-glutamyl-transpeptidase: (28.25..52.5]'
c1 rule: 'mean-corpuscular-vol: (-inf..84.25]', 'alamine-aminotransferase: (23.5..40.0]', 'aspartate-aminotransferase: (20.5..32.0]' => 'gamma-glutamyl-transpeptidase: (28.25..52.5]'
c1 rule: 'mean-corpuscular-vol: (-inf..84.25]', 'aspartate-aminotransferase: (20.5..32.0]', not 'alamine-aminotransferase: (-inf..23.5]' => 'gamma-glutamyl-transpeptidase: (28.25..52.5]'
c1 rule: 'alamine-aminotransferase: (40.0..60.0]', 'aspartate-aminotransferase: (20.5..32.0]', not 'mean-corpuscular-vol: (84.25..90.5]', not 'num-half-pint-equivalents: (6.5..10.5]' => 'gamma-glutamyl-transpeptidase: (28.25..52.5]'
c1 rule: 'mean-corpuscular-vol: (90.5..96.75]', 'alkaline-phosphotase: (-inf..54.25]', 'alamine-aminotransferase: (23.5..40.0]', 'aspartate-aminotransferase: (20.5..32.0]' => 'gamma-glutamyl-transpeptidase: (28.25..52.5]'
c1 rule: 'mean-corpuscular-vol: (90.5..96.75]', 'alamine-aminotransferase: (23.5..40.0]', 'num-half-pint-equivalents: (6.5..10.5]', not 'aspartate-aminotransferase: (20.5..32.0]' => 'gamma-glutamyl-transpeptidase: (28.25..52.5]'
c1 rule: 'mean-corpuscular-vol: (90.5..96.75]', 'alkaline-phosphotase: (92.75..+inf)', 'aspartate-aminotransferase: (20.5..32.0]', not 'num-half-pint-equivalents: (-inf..2.75]' => 'gamma-glutamyl-transpeptidase: (28.25..52.5]'
c1 rule: 'mean-corpuscular-vol: (90.5..96.75]', 'alkaline-phosphotase: (92.75..+inf)', 'num-half-pint-equivalents: (2.75..6.5]', not 'aspartate-aminotransferase: (-inf..20.5]' => 'gamma-glutamyl-transpeptidase: (28.25..52.5]'
c1 rule: 'mean-corpuscular-vol: (-inf..84.25]', 'alamine-aminotransferase: (23.5..40.0]', 'num-half-pint-equivalents: (-inf..2.75]', not 'alkaline-phosphotase: (-inf..54.25]' => 'gamma-glutamyl-transpeptidase: (28.25..52.5]'
c1 rule: 'mean-corpuscular-vol: (84.25..90.5]', 'alkaline-phosphotase: (-inf..54.25]', 'alamine-aminotransferase: (23.5..40.0]', 'num-half-pint-equivalents: (2.75..6.5]' => 'gamma-glutamyl-transpeptidase: (28.25..52.5]'
c1 rule: 'alkaline-phosphotase: (-inf..54.25]', 'alamine-aminotransferase: (40.0..60.0]', 'num-half-pint-equivalents: (-inf..2.75]', not 'aspartate-aminotransferase: (32.0..46.0]' => 'gamma-glutamyl-transpeptidase: (28.25..52.5]'
c1 rule: 'mean-corpuscular-vol: (90.5..96.75]', 'alkaline-phosphotase: (73.5..92.75]', 'alamine-aminotransferase: (-inf..23.5]', 'num-half-pint-equivalents: (-inf..2.75]', not 'aspartate-aminotransferase: (-inf..20.5]' => 'gamma-glutamyl-transpeptidase: (28.25..52.5]'
c1 # of rules: 25
c1 rule time: 0.0278

c1 computing class: (52.5..89.75]
c1 discrimination constraints: 143h
c1 coverage constraints: 30v+631h
c1 formula: 78v, 846c (798h+48s)
c1 enumerating rules (maxsat-based)
c1 rule: 'alkaline-phosphotase: (54.25..73.5]', 'alamine-aminotransferase: (40.0..60.0]', 'num-half-pint-equivalents: (6.5..10.5]' => 'gamma-glutamyl-transpeptidase: (52.5..89.75]'
c1 rule: 'alamine-aminotransferase: (-inf..23.5]', 'aspartate-aminotransferase: (32.0..46.0]', not 'mean-corpuscular-vol: (90.5..96.75]' => 'gamma-glutamyl-transpeptidase: (52.5..89.75]'
c1 rule: 'alkaline-phosphotase: (73.5..92.75]', 'alamine-aminotransferase: (-inf..23.5]', 'num-half-pint-equivalents: (6.5..10.5]' => 'gamma-glutamyl-transpeptidase: (52.5..89.75]'
c1 rule: 'alkaline-phosphotase: (-inf..54.25]', 'alamine-aminotransferase: (40.0..60.0]', 'num-half-pint-equivalents: (6.5..10.5]' => 'gamma-glutamyl-transpeptidase: (52.5..89.75]'
c1 rule: 'mean-corpuscular-vol: (96.75..+inf)', 'alamine-aminotransferase: (40.0..60.0]', not 'num-half-pint-equivalents: (2.75..6.5]' => 'gamma-glutamyl-transpeptidase: (52.5..89.75]'
c1 rule: 'mean-corpuscular-vol: (96.75..+inf)', 'aspartate-aminotransferase: (32.0..46.0]', not 'num-half-pint-equivalents: (2.75..6.5]' => 'gamma-glutamyl-transpeptidase: (52.5..89.75]'
c1 rule: 'mean-corpuscular-vol: (96.75..+inf)', 'alkaline-phosphotase: (92.75..+inf)', 'alamine-aminotransferase: (-inf..23.5]' => 'gamma-glutamyl-transpeptidase: (52.5..89.75]'
c1 rule: 'mean-corpuscular-vol: (96.75..+inf)', 'alkaline-phosphotase: (92.75..+inf)', 'aspartate-aminotransferase: (32.0..46.0]' => 'gamma-glutamyl-transpeptidase: (52.5..89.75]'
c1 rule: 'mean-corpuscular-vol: (96.75..+inf)', 'alkaline-phosphotase: (-inf..54.25]', 'alamine-aminotransferase: (23.5..40.0]' => 'gamma-glutamyl-transpeptidase: (52.5..89.75]'
c1 rule: 'alamine-aminotransferase: (60.0..+inf)', 'aspartate-aminotransferase: (20.5..32.0]', not 'alkaline-phosphotase: (54.25..73.5]' => 'gamma-glutamyl-transpeptidase: (52.5..89.75]'
c1 rule: 'alamine-aminotransferase: (40.0..60.0]', 'aspartate-aminotransferase: (46.0..+inf)', 'num-half-pint-equivalents: (6.5..10.5]' => 'gamma-glutamyl-transpeptidase: (52.5..89.75]'
c1 rule: 'alkaline-phosphotase: (73.5..92.75]', 'alamine-aminotransferase: (60.0..+inf)', 'num-half-pint-equivalents: (2.75..6.5]' => 'gamma-glutamyl-transpeptidase: (52.5..89.75]'
c1 rule: 'mean-corpuscular-vol: (-inf..84.25]', 'alamine-aminotransferase: (23.5..40.0]', 'num-half-pint-equivalents: (2.75..6.5]' => 'gamma-glutamyl-transpeptidase: (52.5..89.75]'
c1 rule: 'mean-corpuscular-vol: (84.25..90.5]', 'alkaline-phosphotase: (-inf..54.25]', 'aspartate-aminotransferase: (20.5..32.0]', 'num-half-pint-equivalents: (6.5..10.5]' => 'gamma-glutamyl-transpeptidase: (52.5..89.75]'
c1 rule: 'mean-corpuscular-vol: (90.5..96.75]', 'alamine-aminotransferase: (60.0..+inf)', 'aspartate-aminotransferase: (32.0..46.0]', 'num-half-pint-equivalents: (2.75..6.5]' => 'gamma-glutamyl-transpeptidase: (52.5..89.75]'
c1 rule: 'mean-corpuscular-vol: (96.75..+inf)', 'alkaline-phosphotase: (54.25..73.5]', 'alamine-aminotransferase: (23.5..40.0]', not 'num-half-pint-equivalents: (-inf..2.75]' => 'gamma-glutamyl-transpeptidase: (52.5..89.75]'
c1 # of rules: 16
c1 rule time: 0.0164

c1 computing class: (89.75..+inf)
c1 discrimination constraints: 149h
c1 coverage constraints: 24v+505h
c1 formula: 72v, 726c (678h+48s)
c1 enumerating rules (maxsat-based)
c1 rule: 'mean-corpuscular-vol: (96.75..+inf)', 'alamine-aminotransferase: (60.0..+inf)' => 'gamma-glutamyl-transpeptidase: (89.75..+inf)'
c1 rule: 'alkaline-phosphotase: (-inf..54.25]', 'alamine-aminotransferase: (60.0..+inf)' => 'gamma-glutamyl-transpeptidase: (89.75..+inf)'
c1 rule: 'alamine-aminotransferase: (23.5..40.0]', 'aspartate-aminotransferase: (46.0..+inf)' => 'gamma-glutamyl-transpeptidase: (89.75..+inf)'
c1 rule: 'alamine-aminotransferase: (60.0..+inf)', 'num-half-pint-equivalents: (10.5..+inf)' => 'gamma-glutamyl-transpeptidase: (89.75..+inf)'
c1 rule: 'mean-corpuscular-vol: (-inf..84.25]', 'alamine-aminotransferase: (40.0..60.0]', 'aspartate-aminotransferase: (32.0..46.0]' => 'gamma-glutamyl-transpeptidase: (89.75..+inf)'
c1 rule: 'alkaline-phosphotase: (73.5..92.75]', 'alamine-aminotransferase: (23.5..40.0]', 'aspartate-aminotransferase: (32.0..46.0]' => 'gamma-glutamyl-transpeptidase: (89.75..+inf)'
c1 rule: 'alkaline-phosphotase: (54.25..73.5]', 'aspartate-aminotransferase: (32.0..46.0]', 'num-half-pint-equivalents: (-inf..2.75]' => 'gamma-glutamyl-transpeptidase: (89.75..+inf)'
c1 rule: 'mean-corpuscular-vol: (84.25..90.5]', 'alamine-aminotransferase: (60.0..+inf)', 'aspartate-aminotransferase: (32.0..46.0]' => 'gamma-glutamyl-transpeptidase: (89.75..+inf)'
c1 rule: 'alkaline-phosphotase: (-inf..54.25]', 'aspartate-aminotransferase: (32.0..46.0]', not 'mean-corpuscular-vol: (84.25..90.5]' => 'gamma-glutamyl-transpeptidase: (89.75..+inf)'
c1 rule: 'alkaline-phosphotase: (92.75..+inf)', 'alamine-aminotransferase: (60.0..+inf)', not 'num-half-pint-equivalents: (2.75..6.5]' => 'gamma-glutamyl-transpeptidase: (89.75..+inf)'
c1 rule: 'num-half-pint-equivalents: (10.5..+inf)', not 'mean-corpuscular-vol: (96.75..+inf)', not 'aspartate-aminotransferase: (20.5..32.0]' => 'gamma-glutamyl-transpeptidase: (89.75..+inf)'
c1 rule: 'mean-corpuscular-vol: (96.75..+inf)', 'alkaline-phosphotase: (73.5..92.75]', 'num-half-pint-equivalents: (2.75..6.5]' => 'gamma-glutamyl-transpeptidase: (89.75..+inf)'
c1 rule: 'mean-corpuscular-vol: (84.25..90.5]', 'alkaline-phosphotase: (73.5..92.75]', 'num-half-pint-equivalents: (6.5..10.5]' => 'gamma-glutamyl-transpeptidase: (89.75..+inf)'
c1 rule: 'mean-corpuscular-vol: (84.25..90.5]', 'alkaline-phosphotase: (73.5..92.75]', 'aspartate-aminotransferase: (32.0..46.0]' => 'gamma-glutamyl-transpeptidase: (89.75..+inf)'
c1 rule: 'alamine-aminotransferase: (-inf..23.5]', 'num-half-pint-equivalents: (6.5..10.5]', not 'mean-corpuscular-vol: (84.25..90.5]', not 'aspartate-aminotransferase: (-inf..20.5]' => 'gamma-glutamyl-transpeptidase: (89.75..+inf)'
c1 rule: 'mean-corpuscular-vol: (90.5..96.75]', 'alamine-aminotransferase: (23.5..40.0]', 'aspartate-aminotransferase: (32.0..46.0]', not 'alkaline-phosphotase: (92.75..+inf)' => 'gamma-glutamyl-transpeptidase: (89.75..+inf)'
c1 rule: 'mean-corpuscular-vol: (90.5..96.75]', 'alkaline-phosphotase: (92.75..+inf)', 'alamine-aminotransferase: (40.0..60.0]', not 'aspartate-aminotransferase: (20.5..32.0]' => 'gamma-glutamyl-transpeptidase: (89.75..+inf)'
c1 # of rules: 17
c1 rule time: 0.0142

c2 total rules: 88

c0 computing feature 6
c1 computing class: (-inf..2.75]
c1 discrimination constraints: 103h
c1 coverage constraints: 70v+1471h
c1 formula: 118v, 1646c (1598h+48s)
c1 enumerating rules (maxsat-based)
c1 rule: 'aspartate-aminotransferase: (-inf..20.5]', 'gamma-glutamyl-transpeptidase: (28.25..52.5]' => 'num-half-pint-equivalents: (-inf..2.75]'
c1 rule: 'alamine-aminotransferase: (60.0..+inf)', 'gamma-glutamyl-transpeptidase: (-inf..28.25]' => 'num-half-pint-equivalents: (-inf..2.75]'
c1 rule: 'mean-corpuscular-vol: (-inf..84.25]', 'alamine-aminotransferase: (60.0..+inf)' => 'num-half-pint-equivalents: (-inf..2.75]'
c1 rule: 'mean-corpuscular-vol: (-inf..84.25]', 'gamma-glutamyl-transpeptidase: (89.75..+inf)' => 'num-half-pint-equivalents: (-inf..2.75]'
c1 rule: 'mean-corpuscular-vol: (-inf..84.25]', 'alkaline-phosphotase: (73.5..92.75]' => 'num-half-pint-equivalents: (-inf..2.75]'
c1 rule: 'mean-corpuscular-vol: (-inf..84.25]', 'alkaline-phosphotase: (-inf..54.25]' => 'num-half-pint-equivalents: (-inf..2.75]'
c1 rule: 'aspartate-aminotransferase: (32.0..46.0]', 'gamma-glutamyl-transpeptidase: (-inf..28.25]' => 'num-half-pint-equivalents: (-inf..2.75]'
c1 rule: 'alkaline-phosphotase: (92.75..+inf)', 'aspartate-aminotransferase: (20.5..32.0]', 'gamma-glutamyl-transpeptidase: (52.5..89.75]' => 'num-half-pint-equivalents: (-inf..2.75]'
c1 rule: 'alkaline-phosphotase: (92.75..+inf)', 'aspartate-aminotransferase: (20.5..32.0]', 'gamma-glutamyl-transpeptidase: (89.75..+inf)' => 'num-half-pint-equivalents: (-inf..2.75]'
c1 rule: 'mean-corpuscular-vol: (90.5..96.75]', 'alkaline-phosphotase: (92.75..+inf)', 'gamma-glutamyl-transpeptidase: (52.5..89.75]' => 'num-half-pint-equivalents: (-inf..2.75]'
c1 rule: 'alkaline-phosphotase: (73.5..92.75]', 'aspartate-aminotransferase: (-inf..20.5]', not 'alamine-aminotransferase: (-inf..23.5]' => 'num-half-pint-equivalents: (-inf..2.75]'
c1 rule: 'mean-corpuscular-vol: (-inf..84.25]', 'gamma-glutamyl-transpeptidase: (52.5..89.75]', not 'alamine-aminotransferase: (23.5..40.0]' => 'num-half-pint-equivalents: (-inf..2.75]'
c1 rule: 'alkaline-phosphotase: (-inf..54.25]', 'alamine-aminotransferase: (40.0..60.0]', 'gamma-glutamyl-transpeptidase: (28.25..52.5]' => 'num-half-pint-equivalents: (-inf..2.75]'
c1 rule: 'mean-corpuscular-vol: (84.25..90.5]', 'alamine-aminotransferase: (60.0..+inf)', 'aspartate-aminotransferase: (20.5..32.0]' => 'num-half-pint-equivalents: (-inf..2.75]'
c1 rule: 'mean-corpuscular-vol: (84.25..90.5]', 'alkaline-phosphotase: (92.75..+inf)', 'gamma-glutamyl-transpeptidase: (28.25..52.5]' => 'num-half-pint-equivalents: (-inf..2.75]'
c1 rule: 'mean-corpuscular-vol: (84.25..90.5]', 'alamine-aminotransferase: (-inf..23.5]', 'gamma-glutamyl-transpeptidase: (28.25..52.5]' => 'num-half-pint-equivalents: (-inf..2.75]'
c1 rule: 'mean-corpuscular-vol: (84.25..90.5]', 'alamine-aminotransferase: (40.0..60.0]', 'gamma-glutamyl-transpeptidase: (28.25..52.5]' => 'num-half-pint-equivalents: (-inf..2.75]'
c1 rule: 'mean-corpuscular-vol: (84.25..90.5]', 'alkaline-phosphotase: (73.5..92.75]', 'gamma-glutamyl-transpeptidase: (52.5..89.75]' => 'num-half-pint-equivalents: (-inf..2.75]'
c1 rule: 'alkaline-phosphotase: (73.5..92.75]', 'alamine-aminotransferase: (60.0..+inf)', not 'mean-corpuscular-vol: (90.5..96.75]' => 'num-half-pint-equivalents: (-inf..2.75]'
c1 rule: 'mean-corpuscular-vol: (90.5..96.75]', 'alkaline-phosphotase: (-inf..54.25]', 'gamma-glutamyl-transpeptidase: (28.25..52.5]', not 'alamine-aminotransferase: (23.5..40.0]' => 'num-half-pint-equivalents: (-inf..2.75]'
c1 rule: 'alkaline-phosphotase: (-inf..54.25]', 'alamine-aminotransferase: (23.5..40.0]', 'gamma-glutamyl-transpeptidase: (-inf..28.25]', not 'aspartate-aminotransferase: (-inf..20.5]' => 'num-half-pint-equivalents: (-inf..2.75]'
c1 rule: 'alamine-aminotransferase: (23.5..40.0]', 'aspartate-aminotransferase: (20.5..32.0]', 'gamma-glutamyl-transpeptidase: (89.75..+inf)', not 'mean-corpuscular-vol: (84.25..90.5]' => 'num-half-pint-equivalents: (-inf..2.75]'
c1 rule: 'mean-corpuscular-vol: (84.25..90.5]', 'aspartate-aminotransferase: (20.5..32.0]', 'gamma-glutamyl-transpeptidase: (52.5..89.75]', not 'alamine-aminotransferase: (23.5..40.0]' => 'num-half-pint-equivalents: (-inf..2.75]'
c1 rule: 'mean-corpuscular-vol: (84.25..90.5]', 'alkaline-phosphotase: (-inf..54.25]', 'alamine-aminotransferase: (-inf..23.5]', 'aspartate-aminotransferase: (20.5..32.0]' => 'num-half-pint-equivalents: (-inf..2.75]'
c1 rule: 'mean-corpuscular-vol: (84.25..90.5]', 'alkaline-phosphotase: (-inf..54.25]', not 'alamine-aminotransferase: (-inf..23.5]', not 'aspartate-aminotransferase: (20.5..32.0]' => 'num-half-pint-equivalents: (-inf..2.75]'
c1 rule: 'mean-corpuscular-vol: (90.5..96.75]', 'alkaline-phosphotase: (73.5..92.75]', 'alamine-aminotransferase: (-inf..23.5]', not 'gamma-glutamyl-transpeptidase: (-inf..28.25]' => 'num-half-pint-equivalents: (-inf..2.75]'
c1 rule: 'alkaline-phosphotase: (92.75..+inf)', 'aspartate-aminotransferase: (20.5..32.0]', not 'alamine-aminotransferase: (-inf..23.5]', not 'gamma-glutamyl-transpeptidase: (28.25..52.5]' => 'num-half-pint-equivalents: (-inf..2.75]'
c1 rule: 'mean-corpuscular-vol: (96.75..+inf)', 'aspartate-aminotransferase: (20.5..32.0]', not 'alamine-aminotransferase: (23.5..40.0]', not 'gamma-glutamyl-transpeptidase: (28.25..52.5]' => 'num-half-pint-equivalents: (-inf..2.75]'
c1 rule: 'mean-corpuscular-vol: (96.75..+inf)', 'gamma-glutamyl-transpeptidase: (-inf..28.25]', not 'alkaline-phosphotase: (73.5..92.75]', not 'aspartate-aminotransferase: (-inf..20.5]' => 'num-half-pint-equivalents: (-inf..2.75]'
c1 rule: 'mean-corpuscular-vol: (90.5..96.75]', 'alkaline-phosphotase: (54.25..73.5]', 'alamine-aminotransferase: (40.0..60.0]', not 'aspartate-aminotransferase: (32.0..46.0]' => 'num-half-pint-equivalents: (-inf..2.75]'
c1 rule: 'mean-corpuscular-vol: (90.5..96.75]', 'alkaline-phosphotase: (54.25..73.5]', 'alamine-aminotransferase: (60.0..+inf)', 'gamma-glutamyl-transpeptidase: (89.75..+inf)' => 'num-half-pint-equivalents: (-inf..2.75]'
c1 # of rules: 31
c1 rule time: 0.0409

c1 computing class: (10.5..+inf)
c1 discrimination constraints: 165h
c1 coverage constraints: 8v+169h
c1 formula: 56v, 406c (358h+48s)
c1 enumerating rules (maxsat-based)
c1 rule: 'mean-corpuscular-vol: (90.5..96.75]', 'alkaline-phosphotase: (73.5..92.75]', 'aspartate-aminotransferase: (32.0..46.0]' => 'num-half-pint-equivalents: (10.5..+inf)'
c1 rule: 'alkaline-phosphotase: (73.5..92.75]', 'aspartate-aminotransferase: (32.0..46.0]', 'gamma-glutamyl-transpeptidase: (52.5..89.75]' => 'num-half-pint-equivalents: (10.5..+inf)'
c1 rule: 'mean-corpuscular-vol: (96.75..+inf)', 'alkaline-phosphotase: (73.5..92.75]', 'gamma-glutamyl-transpeptidase: (28.25..52.5]' => 'num-half-pint-equivalents: (10.5..+inf)'
c1 # of rules: 3
c1 rule time: 0.0041

c1 computing class: (2.75..6.5]
c1 discrimination constraints: 104h
c1 coverage constraints: 69v+1450h
c1 formula: 117v, 1626c (1578h+48s)
c1 enumerating rules (maxsat-based)
c1 rule: 'aspartate-aminotransferase: (46.0..+inf)', 'gamma-glutamyl-transpeptidase: (28.25..52.5]' => 'num-half-pint-equivalents: (2.75..6.5]'
c1 rule: 'mean-corpuscular-vol: (84.25..90.5]', 'aspartate-aminotransferase: (46.0..+inf)' => 'num-half-pint-equivalents: (2.75..6.5]'
c1 rule: 'alkaline-phosphotase: (-inf..54.25]', 'aspartate-aminotransferase: (46.0..+inf)' => 'num-half-pint-equivalents: (2.75..6.5]'
c1 rule: 'alkaline-phosphotase: (54.25..73.5]', 'aspartate-aminotransferase: (46.0..+inf)' => 'num-half-pint-equivalents: (2.75..6.5]'
c1 rule: 'aspartate-aminotransferase: (-inf..20.5]', 'gamma-glutamyl-transpeptidase: (89.75..+inf)' => 'num-half-pint-equivalents: (2.75..6.5]'
c1 rule: 'mean-corpuscular-vol: (96.75..+inf)', 'alkaline-phosphotase: (-inf..54.25]' => 'num-half-pint-equivalents: (2.75..6.5]'
c1 rule: 'alkaline-phosphotase: (-inf..54.25]', 'gamma-glutamyl-transpeptidase: (89.75..+inf)' => 'num-half-pint-equivalents: (2.75..6.5]'
c1 rule: 'mean-corpuscular-vol: (84.25..90.5]', 'gamma-glutamyl-transpeptidase: (89.75..+inf)', not 'aspartate-aminotransferase: (32.0..46.0]' => 'num-half-pint-equivalents: (2.75..6.5]'
c1 rule: 'alamine-aminotransferase: (-inf..23.5]', 'aspartate-aminotransferase: (32.0..46.0]', not 'mean-corpuscular-vol: (90.5..96.75]' => 'num-half-pint-equivalents: (2.75..6.5]'
c1 rule: 'mean-corpuscular-vol: (-inf..84.25]', 'aspartate-aminotransferase: (32.0..46.0]', not 'alkaline-phosphotase: (73.5..92.75]' => 'num-half-pint-equivalents: (2.75..6.5]'
c1 rule: 'mean-corpuscular-vol: (-inf..84.25]', 'alkaline-phosphotase: (54.25..73.5]', not 'aspartate-aminotransferase: (-inf..20.5]' => 'num-half-pint-equivalents: (2.75..6.5]'
c1 rule: 'mean-corpuscular-vol: (-inf..84.25]', 'alkaline-phosphotase: (92.75..+inf)', not 'aspartate-aminotransferase: (-inf..20.5]' => 'num-half-pint-equivalents: (2.75..6.5]'
c1 rule: 'alkaline-phosphotase: (54.25..73.5]', 'aspartate-aminotransferase: (32.0..46.0]', 'gamma-glutamyl-transpeptidase: (28.25..52.5]' => 'num-half-pint-equivalents: (2.75..6.5]'
c1 rule: 'mean-corpuscular-vol: (90.5..96.75]', 'aspartate-aminotransferase: (32.0..46.0]', 'gamma-glutamyl-transpeptidase: (52.5..89.75]' => 'num-half-pint-equivalents: (2.75..6.5]'
c1 rule: 'aspartate-aminotransferase: (46.0..+inf)', 'gamma-glutamyl-transpeptidase: (52.5..89.75]', not 'alamine-aminotransferase: (40.0..60.0]' => 'num-half-pint-equivalents: (2.75..6.5]'
c1 rule: 'aspartate-aminotransferase: (-inf..20.5]', 'gamma-glutamyl-transpeptidase: (52.5..89.75]', not 'alamine-aminotransferase: (-inf..23.5]' => 'num-half-pint-equivalents: (2.75..6.5]'
c1 rule: 'alkaline-phosphotase: (-inf..54.25]', 'aspartate-aminotransferase: (-inf..20.5]', 'gamma-glutamyl-transpeptidase: (52.5..89.75]' => 'num-half-pint-equivalents: (2.75..6.5]'
c1 rule: 'mean-corpuscular-vol: (96.75..+inf)', 'alkaline-phosphotase: (54.25..73.5]', 'gamma-glutamyl-transpeptidase: (28.25..52.5]' => 'num-half-pint-equivalents: (2.75..6.5]'
c1 rule: 'mean-corpuscular-vol: (96.75..+inf)', 'aspartate-aminotransferase: (32.0..46.0]', not 'gamma-glutamyl-transpeptidase: (52.5..89.75]' => 'num-half-pint-equivalents: (2.75..6.5]'
c1 rule: 'alkaline-phosphotase: (92.75..+inf)', 'alamine-aminotransferase: (-inf..23.5]', 'gamma-glutamyl-transpeptidase: (28.25..52.5]' => 'num-half-pint-equivalents: (2.75..6.5]'
c1 rule: 'mean-corpuscular-vol: (96.75..+inf)', 'alkaline-phosphotase: (92.75..+inf)', 'alamine-aminotransferase: (-inf..23.5]' => 'num-half-pint-equivalents: (2.75..6.5]'
c1 rule: 'mean-corpuscular-vol: (96.75..+inf)', 'aspartate-aminotransferase: (20.5..32.0]', 'gamma-glutamyl-transpeptidase: (52.5..89.75]' => 'num-half-pint-equivalents: (2.75..6.5]'
c1 rule: 'mean-corpuscular-vol: (84.25..90.5]', 'alkaline-phosphotase: (92.75..+inf)', 'aspartate-aminotransferase: (-inf..20.5]' => 'num-half-pint-equivalents: (2.75..6.5]'
c1 rule: 'alamine-aminotransferase: (60.0..+inf)', 'gamma-glutamyl-transpeptidase: (28.25..52.5]', not 'aspartate-aminotransferase: (32.0..46.0]' => 'num-half-pint-equivalents: (2.75..6.5]'
c1 rule: 'alkaline-phosphotase: (54.25..73.5]', 'alamine-aminotransferase: (23.5..40.0]', 'aspartate-aminotransferase: (32.0..46.0]', not 'gamma-glutamyl-transpeptidase: (52.5..89.75]' => 'num-half-pint-equivalents: (2.75..6.5]'
c1 rule: 'mean-corpuscular-vol: (90.5..96.75]', 'alkaline-phosphotase: (54.25..73.5]', 'gamma-glutamyl-transpeptidase: (52.5..89.75]', not 'alamine-aminotransferase: (23.5..40.0]' => 'num-half-pint-equivalents: (2.75..6.5]'
c1 rule: 'alamine-aminotransferase: (40.0..60.0]', 'gamma-glutamyl-transpeptidase: (-inf..28.25]', not 'alkaline-phosphotase: (54.25..73.5]', not 'aspartate-aminotransferase: (32.0..46.0]' => 'num-half-pint-equivalents: (2.75..6.5]'
c1 rule: 'mean-corpuscular-vol: (90.5..96.75]', 'alkaline-phosphotase: (73.5..92.75]', 'alamine-aminotransferase: (40.0..60.0]', not 'gamma-glutamyl-transpeptidase: (52.5..89.75]' => 'num-half-pint-equivalents: (2.75..6.5]'
c1 rule: 'mean-corpuscular-vol: (90.5..96.75]', 'alkaline-phosphotase: (92.75..+inf)', 'alamine-aminotransferase: (23.5..40.0]', 'gamma-glutamyl-transpeptidase: (-inf..28.25]' => 'num-half-pint-equivalents: (2.75..6.5]'
c1 rule: 'mean-corpuscular-vol: (90.5..96.75]', 'alkaline-phosphotase: (73.5..92.75]', 'aspartate-aminotransferase: (20.5..32.0]', 'gamma-glutamyl-transpeptidase: (-inf..28.25]', not 'alamine-aminotransferase: (23.5..40.0]' => 'num-half-pint-equivalents: (2.75..6.5]'
c1 # of rules: 30
c1 rule time: 0.0363

c1 computing class: (6.5..10.5]
c1 discrimination constraints: 147h
c1 coverage constraints: 26v+547h
c1 formula: 74v, 766c (718h+48s)
c1 enumerating rules (maxsat-based)
c1 rule: 'alkaline-phosphotase: (73.5..92.75]', 'alamine-aminotransferase: (-inf..23.5]', 'gamma-glutamyl-transpeptidase: (52.5..89.75]' => 'num-half-pint-equivalents: (6.5..10.5]'
c1 rule: 'mean-corpuscular-vol: (90.5..96.75]', 'alamine-aminotransferase: (40.0..60.0]', 'gamma-glutamyl-transpeptidase: (52.5..89.75]' => 'num-half-pint-equivalents: (6.5..10.5]'
c1 rule: 'mean-corpuscular-vol: (96.75..+inf)', 'alamine-aminotransferase: (23.5..40.0]', not 'aspartate-aminotransferase: (20.5..32.0]' => 'num-half-pint-equivalents: (6.5..10.5]'
c1 rule: 'alamine-aminotransferase: (60.0..+inf)', 'aspartate-aminotransferase: (20.5..32.0]', not 'alkaline-phosphotase: (54.25..73.5]' => 'num-half-pint-equivalents: (6.5..10.5]'
c1 rule: 'mean-corpuscular-vol: (84.25..90.5]', 'alkaline-phosphotase: (54.25..73.5]', 'aspartate-aminotransferase: (32.0..46.0]' => 'num-half-pint-equivalents: (6.5..10.5]'
c1 rule: 'mean-corpuscular-vol: (-inf..84.25]', 'alkaline-phosphotase: (92.75..+inf)', 'alamine-aminotransferase: (23.5..40.0]' => 'num-half-pint-equivalents: (6.5..10.5]'
c1 rule: 'alkaline-phosphotase: (92.75..+inf)', 'alamine-aminotransferase: (60.0..+inf)', not 'gamma-glutamyl-transpeptidase: (28.25..52.5]' => 'num-half-pint-equivalents: (6.5..10.5]'
c1 rule: 'aspartate-aminotransferase: (20.5..32.0]', 'gamma-glutamyl-transpeptidase: (89.75..+inf)', not 'alamine-aminotransferase: (23.5..40.0]' => 'num-half-pint-equivalents: (6.5..10.5]'
c1 rule: 'mean-corpuscular-vol: (84.25..90.5]', 'alamine-aminotransferase: (23.5..40.0]', 'gamma-glutamyl-transpeptidase: (52.5..89.75]', not 'alkaline-phosphotase: (54.25..73.5]' => 'num-half-pint-equivalents: (6.5..10.5]'
c1 rule: 'mean-corpuscular-vol: (96.75..+inf)', 'gamma-glutamyl-transpeptidase: (-inf..28.25]', not 'alkaline-phosphotase: (54.25..73.5]', not 'alamine-aminotransferase: (-inf..23.5]' => 'num-half-pint-equivalents: (6.5..10.5]'
c1 # of rules: 10
c1 rule time: 0.0095

c2 total rules: 74
c3 total time: 0.9081

Rules are saved to ../rules/size/q4_liver-disorder_train2.csv_size5.json