c0 # of samps: 84 (72 weighted)
c0 # of feats: 7 (28 binary)
c0 # of labls: 2
c0 parse time: 0.2902


c0 computing feature 1
c1 computing class: (-inf..0.23]
c1 discrimination constraints: 61h
c1 coverage constraints: 9v+226h
c1 formula: 65v, 371c (315h+56s)
c1 enumerating rules (maxsat-based)
c1 rule: 'At6: (0.57..0.74]', 'At7: (-inf..0.22]' => 'At1: (-inf..0.23]'
c1 rule: 'At4: (-inf..0.13]', 'At7: (-inf..0.22]' => 'At1: (-inf..0.23]'
c1 rule: 'At2: (-inf..0.38]', not 'At4: (0.13..0.28]' => 'At1: (-inf..0.23]'
c1 rule: 'At7: (-inf..0.22]', not 'At6: (-inf..0.57]' => 'At1: (-inf..0.23]'
c1 rule: 'At4: (0.5..+inf)', 'At7: (-inf..0.22]' => 'At1: (-inf..0.23]'
c1 rule: 'At2: (0.38..0.61]', 'At7: (-inf..0.22]' => 'At1: (-inf..0.23]'
c1 # of rules: 6
c1 rule time: 0.0038

c1 computing class: (0.23..0.42]
c1 discrimination constraints: 46h
c1 coverage constraints: 24v+601h
c1 formula: 80v, 731c (675h+56s)
c1 enumerating rules (maxsat-based)
c1 rule: 'At3: (0.27..0.44]', 'At4: (-inf..0.13]' => 'At1: (0.23..0.42]'
c1 rule: 'At3: (0.27..0.44]', 'At4: (0.28..0.5]' => 'At1: (0.23..0.42]'
c1 rule: 'At3: (0.27..0.44]', 'At5: (0.14..0.24]' => 'At1: (0.23..0.42]'
c1 rule: 'At3: (0.27..0.44]', 'At6: (-inf..0.57]' => 'At1: (0.23..0.42]'
c1 rule: 'At3: (0.27..0.44]', not 'At7: (0.39..0.49]' => 'At1: (0.23..0.42]'
c1 rule: 'At3: (-inf..0.27]', not 'At7: (-inf..0.22]' => 'At1: (0.23..0.42]'
c1 rule: 'At2: (-inf..0.38]', 'At5: (0.14..0.24]' => 'At1: (0.23..0.42]'
c1 rule: 'At4: (0.13..0.28]', 'At7: (-inf..0.22]' => 'At1: (0.23..0.42]'
c1 rule: 'At2: (0.8..+inf)', 'At7: (0.22..0.39]' => 'At1: (0.23..0.42]'
c1 rule: 'At2: (0.8..+inf)', 'At3: (0.44..0.55]', 'At5: (0.07..0.14]', not 'At6: (0.83..+inf)' => 'At1: (0.23..0.42]'
c1 # of rules: 10
c1 rule time: 0.0038

c1 computing class: (0.42..0.52]
c1 discrimination constraints: 51h
c1 coverage constraints: 19v+476h
c1 formula: 75v, 611c (555h+56s)
c1 enumerating rules (maxsat-based)
c1 rule: 'At3: (0.55..+inf)', 'At7: (0.39..0.49]' => 'At1: (0.42..0.52]'
c1 rule: 'At5: (-inf..0.07]', 'At6: (0.74..0.83]' => 'At1: (0.42..0.52]'
c1 rule: 'At3: (0.55..+inf)', 'At5: (0.14..0.24]' => 'At1: (0.42..0.52]'
c1 rule: 'At3: (0.44..0.55]', 'At6: (-inf..0.57]' => 'At1: (0.42..0.52]'
c1 rule: 'At2: (0.38..0.61]', 'At7: (0.39..0.49]' => 'At1: (0.42..0.52]'
c1 rule: 'At5: (0.14..0.24]', 'At7: (0.39..0.49]', not 'At6: (0.57..0.74]' => 'At1: (0.42..0.52]'
c1 rule: 'At2: (0.61..0.8]', 'At3: (0.44..0.55]', 'At6: (0.74..0.83]' => 'At1: (0.42..0.52]'
c1 rule: 'At2: (0.61..0.8]', 'At3: (0.44..0.55]', 'At5: (0.07..0.14]' => 'At1: (0.42..0.52]'
c1 rule: 'At3: (0.44..0.55]', 'At5: (0.07..0.14]', not 'At6: (0.74..0.83]' => 'At1: (0.42..0.52]'
c1 rule: 'At4: (-inf..0.13]', 'At6: (0.57..0.74]', 'At7: (0.39..0.49]' => 'At1: (0.42..0.52]'
c1 rule: 'At6: (0.57..0.74]', 'At7: (0.39..0.49]', not 'At4: (0.13..0.28]' => 'At1: (0.42..0.52]'
c1 rule: 'At5: (0.07..0.14]', 'At7: (0.39..0.49]', not 'At4: (-inf..0.13]' => 'At1: (0.42..0.52]'
c1 rule: 'At2: (0.8..+inf)', 'At3: (0.44..0.55]', 'At5: (-inf..0.07]' => 'At1: (0.42..0.52]'
c1 # of rules: 13
c1 rule time: 0.0088

c1 computing class: (0.52..+inf)
c1 discrimination constraints: 52h
c1 coverage constraints: 18v+451h
c1 formula: 74v, 587c (531h+56s)
c1 enumerating rules (maxsat-based)
c1 rule: 'At3: (0.55..+inf)', 'At6: (0.57..0.74]' => 'At1: (0.52..+inf)'
c1 rule: 'At6: (0.57..0.74]', 'At7: (0.49..+inf)' => 'At1: (0.52..+inf)'
c1 rule: 'At2: (0.61..0.8]', 'At7: (0.49..+inf)' => 'At1: (0.52..+inf)'
c1 rule: 'At4: (-inf..0.13]', 'At7: (0.49..+inf)' => 'At1: (0.52..+inf)'
c1 rule: 'At4: (0.28..0.5]', 'At6: (0.83..+inf)', not 'At7: (0.39..0.49]' => 'At1: (0.52..+inf)'
c1 rule: 'At2: (0.61..0.8]', 'At5: (0.14..0.24]', 'At7: (0.39..0.49]', not 'At6: (0.74..0.83]' => 'At1: (0.52..+inf)'
c1 # of rules: 6
c1 rule time: 0.0052

c2 total rules: 35

c0 computing feature 2
c1 computing class: (-inf..0.38]
c1 discrimination constraints: 66h
c1 coverage constraints: 4v+101h
c1 formula: 60v, 251c (195h+56s)
c1 enumerating rules (maxsat-based)
c1 rule: 'At1: (-inf..0.23]', 'At5: (0.07..0.14]' => 'At2: (-inf..0.38]'
c1 rule: 'At3: (-inf..0.27]', 'At4: (0.13..0.28]' => 'At2: (-inf..0.38]'
c1 rule: 'At3: (-inf..0.27]', 'At5: (-inf..0.07]', not 'At6: (0.57..0.74]' => 'At2: (-inf..0.38]'
c1 # of rules: 3
c1 rule time: 0.0000

c1 computing class: (0.38..0.61]
c1 discrimination constraints: 56h
c1 coverage constraints: 14v+351h
c1 formula: 70v, 491c (435h+56s)
c1 enumerating rules (maxsat-based)
c1 rule: 'At6: (0.83..+inf)', 'At7: (-inf..0.22]' => 'At2: (0.38..0.61]'
c1 rule: 'At4: (0.5..+inf)', 'At6: (0.57..0.74]' => 'At2: (0.38..0.61]'
c1 rule: 'At3: (0.27..0.44]', 'At4: (0.5..+inf)' => 'At2: (0.38..0.61]'
c1 rule: 'At3: (-inf..0.27]', not 'At7: (-inf..0.22]' => 'At2: (0.38..0.61]'
c1 rule: 'At4: (0.28..0.5]', 'At5: (0.14..0.24]', not 'At3: (0.27..0.44]' => 'At2: (0.38..0.61]'
c1 rule: 'At3: (0.27..0.44]', not 'At1: (0.23..0.42]', not 'At6: (0.74..0.83]' => 'At2: (0.38..0.61]'
c1 rule: 'At1: (0.52..+inf)', 'At3: (0.44..0.55]', 'At5: (0.07..0.14]' => 'At2: (0.38..0.61]'
c1 rule: 'At6: (-inf..0.57]', not 'At4: (0.13..0.28]', not 'At7: (-inf..0.22]' => 'At2: (0.38..0.61]'
c1 rule: 'At1: (0.42..0.52]', 'At5: (0.14..0.24]', 'At6: (0.57..0.74]' => 'At2: (0.38..0.61]'
c1 # of rules: 9
c1 rule time: 0.0041

c1 computing class: (0.61..0.8]
c1 discrimination constraints: 42h
c1 coverage constraints: 28v+701h
c1 formula: 84v, 827c (771h+56s)
c1 enumerating rules (maxsat-based)
c1 rule: 'At1: (-inf..0.23]', 'At6: (0.74..0.83]' => 'At2: (0.61..0.8]'
c1 rule: 'At7: (0.22..0.39]', not 'At1: (0.23..0.42]' => 'At2: (0.61..0.8]'
c1 rule: 'At4: (0.13..0.28]', 'At5: (0.24..+inf)' => 'At2: (0.61..0.8]'
c1 rule: 'At4: (0.28..0.5]', 'At6: (0.57..0.74]' => 'At2: (0.61..0.8]'
c1 rule: 'At3: (0.55..+inf)', 'At6: (0.57..0.74]' => 'At2: (0.61..0.8]'
c1 rule: 'At1: (0.52..+inf)', not 'At7: (0.49..+inf)' => 'At2: (0.61..0.8]'
c1 rule: 'At6: (0.57..0.74]', 'At7: (0.49..+inf)' => 'At2: (0.61..0.8]'
c1 rule: 'At5: (0.14..0.24]', 'At6: (0.74..0.83]', 'At7: (0.39..0.49]' => 'At2: (0.61..0.8]'
c1 rule: 'At4: (0.13..0.28]', 'At6: (0.74..0.83]', 'At7: (0.39..0.49]' => 'At2: (0.61..0.8]'
c1 rule: 'At6: (0.74..0.83]', 'At7: (0.39..0.49]', not 'At3: (0.44..0.55]' => 'At2: (0.61..0.8]'
c1 rule: 'At7: (0.39..0.49]', not 'At1: (0.42..0.52]', not 'At3: (0.44..0.55]' => 'At2: (0.61..0.8]'
c1 rule: 'At3: (0.44..0.55]', not 'At6: (0.74..0.83]', not 'At7: (0.39..0.49]' => 'At2: (0.61..0.8]'
c1 rule: 'At4: (0.13..0.28]', 'At7: (0.22..0.39]', not 'At5: (0.14..0.24]' => 'At2: (0.61..0.8]'
c1 rule: 'At4: (-inf..0.13]', 'At6: (0.57..0.74]', not 'At5: (-inf..0.07]' => 'At2: (0.61..0.8]'
c1 rule: 'At5: (-inf..0.07]', 'At6: (0.57..0.74]', 'At7: (0.39..0.49]' => 'At2: (0.61..0.8]'
c1 rule: 'At3: (0.44..0.55]', 'At6: (0.57..0.74]', not 'At5: (0.14..0.24]' => 'At2: (0.61..0.8]'
c1 rule: 'At1: (0.42..0.52]', 'At5: (0.07..0.14]', 'At6: (0.74..0.83]' => 'At2: (0.61..0.8]'
c1 rule: 'At4: (0.5..+inf)', 'At6: (-inf..0.57]', not 'At3: (0.27..0.44]' => 'At2: (0.61..0.8]'
c1 # of rules: 18
c1 rule time: 0.0096

c1 computing class: (0.8..+inf)
c1 discrimination constraints: 46h
c1 coverage constraints: 24v+601h
c1 formula: 80v, 731c (675h+56s)
c1 enumerating rules (maxsat-based)
c1 rule: 'At1: (0.23..0.42]', 'At3: (0.44..0.55]' => 'At2: (0.8..+inf)'
c1 rule: 'At1: (0.42..0.52]', 'At4: (0.5..+inf)' => 'At2: (0.8..+inf)'
c1 rule: 'At1: (0.42..0.52]', 'At3: (0.55..+inf)' => 'At2: (0.8..+inf)'
c1 rule: 'At5: (-inf..0.07]', 'At6: (0.74..0.83]' => 'At2: (0.8..+inf)'
c1 rule: 'At1: (0.42..0.52]', 'At6: (0.83..+inf)' => 'At2: (0.8..+inf)'
c1 rule: 'At7: (-inf..0.22]', not 'At3: (-inf..0.27]' => 'At2: (0.8..+inf)'
c1 rule: 'At6: (0.83..+inf)', 'At7: (0.22..0.39]' => 'At2: (0.8..+inf)'
c1 rule: 'At5: (0.07..0.14]', 'At6: (0.83..+inf)' => 'At2: (0.8..+inf)'
c1 rule: 'At3: (0.55..+inf)', 'At5: (0.07..0.14]', not 'At6: (0.57..0.74]' => 'At2: (0.8..+inf)'
c1 rule: 'At3: (0.55..+inf)', 'At6: (0.74..0.83]', not 'At4: (0.13..0.28]' => 'At2: (0.8..+inf)'
c1 rule: 'At6: (0.74..0.83]', 'At7: (0.22..0.39]', not 'At4: (0.28..0.5]' => 'At2: (0.8..+inf)'
c1 # of rules: 11
c1 rule time: 0.0082

c2 total rules: 41

c0 computing feature 3
c1 computing class: (-inf..0.27]
c1 discrimination constraints: 58h
c1 coverage constraints: 12v+301h
c1 formula: 68v, 443c (387h+56s)
c1 enumerating rules (maxsat-based)
c1 rule: 'At1: (-inf..0.23]' => 'At3: (-inf..0.27]'
c1 rule: 'At2: (-inf..0.38]' => 'At3: (-inf..0.27]'
c1 # of rules: 2
c1 rule time: 0.0026

c1 computing class: (0.27..0.44]
c1 discrimination constraints: 51h
c1 coverage constraints: 19v+476h
c1 formula: 75v, 611c (555h+56s)
c1 enumerating rules (maxsat-based)
c1 rule: 'At1: (0.23..0.42]', 'At2: (0.61..0.8]' => 'At3: (0.27..0.44]'
c1 rule: 'At4: (0.28..0.5]', 'At7: (0.22..0.39]' => 'At3: (0.27..0.44]'
c1 rule: 'At5: (0.24..+inf)', 'At7: (0.22..0.39]' => 'At3: (0.27..0.44]'
c1 rule: 'At2: (0.8..+inf)', 'At6: (0.57..0.74]' => 'At3: (0.27..0.44]'
c1 rule: 'At2: (0.8..+inf)', 'At7: (-inf..0.22]' => 'At3: (0.27..0.44]'
c1 rule: 'At6: (0.83..+inf)', 'At7: (0.22..0.39]' => 'At3: (0.27..0.44]'
c1 rule: 'At5: (0.07..0.14]', 'At6: (0.74..0.83]', not 'At4: (-inf..0.13]' => 'At3: (0.27..0.44]'
c1 rule: 'At2: (0.38..0.61]', 'At5: (0.07..0.14]', 'At7: (0.39..0.49]' => 'At3: (0.27..0.44]'
c1 rule: 'At1: (0.23..0.42]', 'At2: (0.38..0.61]', not 'At5: (-inf..0.07]' => 'At3: (0.27..0.44]'
c1 rule: 'At1: (0.23..0.42]', 'At2: (0.38..0.61]', not 'At6: (0.57..0.74]' => 'At3: (0.27..0.44]'
c1 # of rules: 10
c1 rule time: 0.0065

c1 computing class: (0.44..0.55]
c1 discrimination constraints: 50h
c1 coverage constraints: 20v+501h
c1 formula: 76v, 635c (579h+56s)
c1 enumerating rules (maxsat-based)
c1 rule: 'At1: (0.42..0.52]', 'At6: (-inf..0.57]' => 'At3: (0.44..0.55]'
c1 rule: 'At5: (0.24..+inf)', 'At7: (0.39..0.49]' => 'At3: (0.44..0.55]'
c1 rule: 'At5: (-inf..0.07]', 'At6: (0.74..0.83]' => 'At3: (0.44..0.55]'
c1 rule: 'At1: (0.52..+inf)', not 'At7: (0.49..+inf)' => 'At3: (0.44..0.55]'
c1 rule: 'At1: (0.42..0.52]', 'At4: (-inf..0.13]' => 'At3: (0.44..0.55]'
c1 rule: 'At2: (0.38..0.61]', 'At6: (0.74..0.83]' => 'At3: (0.44..0.55]'
c1 rule: 'At2: (0.38..0.61]', 'At5: (0.14..0.24]', 'At7: (0.39..0.49]' => 'At3: (0.44..0.55]'
c1 rule: 'At5: (0.14..0.24]', 'At7: (0.39..0.49]', not 'At2: (0.8..+inf)' => 'At3: (0.44..0.55]'
c1 rule: 'At1: (0.42..0.52]', 'At6: (0.57..0.74]', not 'At2: (0.38..0.61]' => 'At3: (0.44..0.55]'
c1 rule: 'At2: (0.8..+inf)', 'At5: (0.07..0.14]', not 'At1: (0.52..+inf)' => 'At3: (0.44..0.55]'
c1 rule: 'At5: (-inf..0.07]', 'At7: (0.49..+inf)', not 'At6: (0.83..+inf)' => 'At3: (0.44..0.55]'
c1 # of rules: 11
c1 rule time: 0.0084

c1 computing class: (0.55..+inf)
c1 discrimination constraints: 51h
c1 coverage constraints: 19v+476h
c1 formula: 75v, 611c (555h+56s)
c1 enumerating rules (maxsat-based)
c1 rule: 'At1: (0.52..+inf)', 'At2: (0.8..+inf)' => 'At3: (0.55..+inf)'
c1 rule: 'At1: (0.52..+inf)', 'At4: (0.28..0.5]' => 'At3: (0.55..+inf)'
c1 rule: 'At1: (0.42..0.52]', 'At4: (0.5..+inf)' => 'At3: (0.55..+inf)'
c1 rule: 'At1: (0.52..+inf)', 'At5: (0.24..+inf)' => 'At3: (0.55..+inf)'
c1 rule: 'At7: (0.49..+inf)', not 'At1: (0.52..+inf)' => 'At3: (0.55..+inf)'
c1 rule: 'At6: (0.57..0.74]', 'At7: (0.49..+inf)', not 'At5: (-inf..0.07]' => 'At3: (0.55..+inf)'
c1 rule: 'At7: (0.49..+inf)', not 'At2: (0.61..0.8]', not 'At6: (0.74..0.83]' => 'At3: (0.55..+inf)'
c1 rule: 'At4: (0.13..0.28]', 'At6: (0.83..+inf)', not 'At1: (0.23..0.42]' => 'At3: (0.55..+inf)'
c1 # of rules: 8
c1 rule time: 0.0057

c2 total rules: 31

c0 computing feature 4
c1 computing class: (-inf..0.13]
c1 discrimination constraints: 44h
c1 coverage constraints: 26v+651h
c1 formula: 82v, 779c (723h+56s)
c1 enumerating rules (maxsat-based)
c1 rule: 'At5: (-inf..0.07]' => 'At4: (-inf..0.13]'
c1 rule: 'At3: (0.55..+inf)', 'At5: (0.07..0.14]' => 'At4: (-inf..0.13]'
c1 rule: 'At2: (0.38..0.61]', 'At6: (0.74..0.83]' => 'At4: (-inf..0.13]'
c1 rule: 'At5: (0.07..0.14]', 'At6: (0.83..+inf)' => 'At4: (-inf..0.13]'
c1 rule: 'At2: (0.8..+inf)', 'At5: (0.07..0.14]' => 'At4: (-inf..0.13]'
c1 rule: 'At3: (0.44..0.55]', 'At6: (0.74..0.83]', not 'At5: (0.14..0.24]' => 'At4: (-inf..0.13]'
c1 rule: 'At1: (0.23..0.42]', 'At5: (0.07..0.14]', 'At6: (0.74..0.83]' => 'At4: (-inf..0.13]'
c1 # of rules: 7
c1 rule time: 0.0058

c1 computing class: (0.13..0.28]
c1 discrimination constraints: 48h
c1 coverage constraints: 22v+551h
c1 formula: 78v, 683c (627h+56s)
c1 enumerating rules (maxsat-based)
c1 rule: 'At3: (0.44..0.55]', 'At6: (-inf..0.57]' => 'At4: (0.13..0.28]'
c1 rule: 'At1: (0.52..+inf)', 'At6: (-inf..0.57]' => 'At4: (0.13..0.28]'
c1 rule: 'At2: (-inf..0.38]', not 'At1: (-inf..0.23]' => 'At4: (0.13..0.28]'
c1 rule: 'At3: (0.27..0.44]', not 'At1: (0.23..0.42]' => 'At4: (0.13..0.28]'
c1 rule: 'At2: (0.38..0.61]', 'At7: (0.39..0.49]' => 'At4: (0.13..0.28]'
c1 rule: 'At5: (0.14..0.24]', 'At7: (0.39..0.49]' => 'At4: (0.13..0.28]'
c1 rule: 'At5: (0.14..0.24]', 'At6: (0.83..+inf)' => 'At4: (0.13..0.28]'
c1 rule: 'At2: (0.8..+inf)', 'At6: (0.57..0.74]' => 'At4: (0.13..0.28]'
c1 rule: 'At5: (0.14..0.24]', 'At7: (0.49..+inf)' => 'At4: (0.13..0.28]'
c1 rule: 'At3: (0.44..0.55]', 'At5: (0.14..0.24]' => 'At4: (0.13..0.28]'
c1 rule: 'At3: (0.27..0.44]', 'At5: (0.07..0.14]', not 'At7: (0.39..0.49]' => 'At4: (0.13..0.28]'
c1 rule: 'At5: (0.14..0.24]', not 'At3: (-inf..0.27]', not 'At6: (0.74..0.83]' => 'At4: (0.13..0.28]'
c1 rule: 'At2: (0.61..0.8]', 'At6: (0.74..0.83]', 'At7: (0.49..+inf)' => 'At4: (0.13..0.28]'
c1 # of rules: 13
c1 rule time: 0.0085

c1 computing class: (0.28..0.5]
c1 discrimination constraints: 57h
c1 coverage constraints: 13v+326h
c1 formula: 69v, 467c (411h+56s)
c1 enumerating rules (maxsat-based)
c1 rule: 'At1: (-inf..0.23]', 'At5: (0.07..0.14]' => 'At4: (0.28..0.5]'
c1 rule: 'At7: (-inf..0.22]', not 'At3: (-inf..0.27]' => 'At4: (0.28..0.5]'
c1 rule: 'At3: (0.44..0.55]', 'At5: (0.24..+inf)' => 'At4: (0.28..0.5]'
c1 rule: 'At3: (0.55..+inf)', 'At6: (0.57..0.74]', not 'At5: (0.07..0.14]' => 'At4: (0.28..0.5]'
c1 rule: 'At6: (0.74..0.83]', 'At7: (0.22..0.39]', not 'At2: (0.8..+inf)' => 'At4: (0.28..0.5]'
c1 rule: 'At2: (0.8..+inf)', 'At5: (0.24..+inf)', 'At6: (0.74..0.83]' => 'At4: (0.28..0.5]'
c1 rule: 'At1: (-inf..0.23]', 'At5: (0.14..0.24]', 'At6: (-inf..0.57]' => 'At4: (0.28..0.5]'
c1 # of rules: 7
c1 rule time: 0.0057

c1 computing class: (0.5..+inf)
c1 discrimination constraints: 61h
c1 coverage constraints: 9v+226h
c1 formula: 65v, 371c (315h+56s)
c1 enumerating rules (maxsat-based)
c1 rule: 'At2: (0.38..0.61]', 'At5: (0.24..+inf)' => 'At4: (0.5..+inf)'
c1 rule: 'At1: (-inf..0.23]', 'At5: (0.24..+inf)' => 'At4: (0.5..+inf)'
c1 rule: 'At6: (0.74..0.83]', 'At7: (-inf..0.22]' => 'At4: (0.5..+inf)'
c1 rule: 'At1: (-inf..0.23]', not 'At5: (-inf..0.07]', not 'At6: (-inf..0.57]' => 'At4: (0.5..+inf)'
c1 rule: 'At1: (0.42..0.52]', 'At5: (0.24..+inf)', 'At6: (0.83..+inf)', not 'At7: (0.39..0.49]' => 'At4: (0.5..+inf)'
c1 # of rules: 5
c1 rule time: 0.0043

c2 total rules: 32

c0 computing feature 5
c1 computing class: (-inf..0.07]
c1 discrimination constraints: 54h
c1 coverage constraints: 16v+401h
c1 formula: 72v, 539c (483h+56s)
c1 enumerating rules (maxsat-based)
c1 rule: 'At2: (0.38..0.61]', 'At3: (0.55..+inf)' => 'At5: (-inf..0.07]'
c1 rule: 'At3: (-inf..0.27]', not 'At7: (-inf..0.22]' => 'At5: (-inf..0.07]'
c1 rule: 'At3: (-inf..0.27]', 'At4: (-inf..0.13]' => 'At5: (-inf..0.07]'
c1 rule: 'At4: (-inf..0.13]', 'At6: (-inf..0.57]' => 'At5: (-inf..0.07]'
c1 rule: 'At3: (0.44..0.55]', 'At6: (0.57..0.74]', not 'At7: (0.39..0.49]' => 'At5: (-inf..0.07]'
c1 rule: 'At7: (0.49..+inf)', not 'At2: (0.38..0.61]', not 'At3: (0.55..+inf)' => 'At5: (-inf..0.07]'
c1 rule: 'At2: (0.61..0.8]', 'At6: (0.83..+inf)', not 'At1: (0.52..+inf)' => 'At5: (-inf..0.07]'
c1 rule: 'At3: (0.27..0.44]', 'At6: (0.83..+inf)', not 'At4: (0.13..0.28]' => 'At5: (-inf..0.07]'
c1 rule: 'At4: (-inf..0.13]', 'At6: (0.83..+inf)', not 'At2: (0.8..+inf)' => 'At5: (-inf..0.07]'
c1 rule: 'At2: (0.61..0.8]', 'At4: (-inf..0.13]', 'At7: (0.22..0.39]' => 'At5: (-inf..0.07]'
c1 rule: 'At1: (0.23..0.42]', 'At4: (-inf..0.13]', not 'At6: (0.74..0.83]' => 'At5: (-inf..0.07]'
c1 rule: 'At6: (0.74..0.83]', not 'At1: (0.23..0.42]', not 'At2: (0.61..0.8]', not 'At7: (0.49..+inf)' => 'At5: (-inf..0.07]'
c1 # of rules: 12
c1 rule time: 0.0082

c1 computing class: (0.07..0.14]
c1 discrimination constraints: 54h
c1 coverage constraints: 16v+401h
c1 formula: 72v, 539c (483h+56s)
c1 enumerating rules (maxsat-based)
c1 rule: 'At1: (0.42..0.52]', 'At3: (0.27..0.44]' => 'At5: (0.07..0.14]'
c1 rule: 'At2: (0.38..0.61]', 'At6: (0.74..0.83]' => 'At5: (0.07..0.14]'
c1 rule: 'At2: (-inf..0.38]', 'At4: (0.28..0.5]' => 'At5: (0.07..0.14]'
c1 rule: 'At3: (0.55..+inf)', 'At4: (-inf..0.13]', not 'At6: (0.83..+inf)' => 'At5: (0.07..0.14]'
c1 rule: 'At4: (-inf..0.13]', 'At6: (0.74..0.83]', not 'At1: (0.42..0.52]' => 'At5: (0.07..0.14]'
c1 rule: 'At2: (0.61..0.8]', 'At4: (-inf..0.13]', 'At6: (0.74..0.83]' => 'At5: (0.07..0.14]'
c1 rule: 'At2: (0.8..+inf)', 'At4: (-inf..0.13]', 'At7: (0.49..+inf)' => 'At5: (0.07..0.14]'
c1 rule: 'At1: (0.42..0.52]', 'At2: (0.61..0.8]', 'At4: (0.13..0.28]', 'At6: (0.57..0.74]' => 'At5: (0.07..0.14]'
c1 # of rules: 8
c1 rule time: 0.0079

c1 computing class: (0.14..0.24]
c1 discrimination constraints: 51h
c1 coverage constraints: 19v+476h
c1 formula: 75v, 611c (555h+56s)
c1 enumerating rules (maxsat-based)
c1 rule: 'At1: (0.42..0.52]', 'At7: (0.22..0.39]' => 'At5: (0.14..0.24]'
c1 rule: 'At4: (0.28..0.5]', 'At7: (0.22..0.39]' => 'At5: (0.14..0.24]'
c1 rule: 'At2: (0.8..+inf)', 'At6: (0.57..0.74]' => 'At5: (0.14..0.24]'
c1 rule: 'At2: (0.8..+inf)', 'At4: (0.13..0.28]' => 'At5: (0.14..0.24]'
c1 rule: 'At6: (0.74..0.83]', 'At7: (-inf..0.22]' => 'At5: (0.14..0.24]'
c1 rule: 'At2: (0.38..0.61]', 'At4: (0.28..0.5]' => 'At5: (0.14..0.24]'
c1 rule: 'At1: (0.52..+inf)', not 'At7: (0.49..+inf)' => 'At5: (0.14..0.24]'
c1 rule: 'At4: (0.5..+inf)', 'At6: (0.57..0.74]', not 'At1: (0.23..0.42]' => 'At5: (0.14..0.24]'
c1 rule: 'At2: (0.38..0.61]', 'At3: (0.44..0.55]', 'At6: (0.57..0.74]' => 'At5: (0.14..0.24]'
c1 rule: 'At2: (0.38..0.61]', 'At4: (0.13..0.28]', not 'At1: (0.42..0.52]' => 'At5: (0.14..0.24]'
c1 rule: 'At3: (0.44..0.55]', 'At6: (0.74..0.83]', not 'At4: (-inf..0.13]' => 'At5: (0.14..0.24]'
c1 # of rules: 11
c1 rule time: 0.0070

c1 computing class: (0.24..+inf)
c1 discrimination constraints: 51h
c1 coverage constraints: 19v+476h
c1 formula: 75v, 611c (555h+56s)
c1 enumerating rules (maxsat-based)
c1 rule: 'At3: (-inf..0.27]', 'At6: (0.83..+inf)' => 'At5: (0.24..+inf)'
c1 rule: 'At4: (0.28..0.5]', 'At7: (0.39..0.49]' => 'At5: (0.24..+inf)'
c1 rule: 'At4: (0.28..0.5]', 'At6: (0.57..0.74]' => 'At5: (0.24..+inf)'
c1 rule: 'At1: (0.52..+inf)', 'At4: (0.28..0.5]' => 'At5: (0.24..+inf)'
c1 rule: 'At3: (0.55..+inf)', 'At6: (-inf..0.57]' => 'At5: (0.24..+inf)'
c1 rule: 'At3: (0.55..+inf)', 'At4: (0.5..+inf)' => 'At5: (0.24..+inf)'
c1 rule: 'At4: (0.5..+inf)', 'At6: (-inf..0.57]' => 'At5: (0.24..+inf)'
c1 rule: 'At2: (0.8..+inf)', 'At6: (-inf..0.57]' => 'At5: (0.24..+inf)'
c1 rule: 'At4: (0.5..+inf)', 'At7: (0.22..0.39]' => 'At5: (0.24..+inf)'
c1 rule: 'At3: (0.55..+inf)', 'At4: (0.28..0.5]' => 'At5: (0.24..+inf)'
c1 rule: 'At4: (0.13..0.28]', 'At7: (0.49..+inf)', not 'At1: (0.42..0.52]' => 'At5: (0.24..+inf)'
c1 # of rules: 11
c1 rule time: 0.0072

c2 total rules: 42

c0 computing feature 6
c1 computing class: (-inf..0.57]
c1 discrimination constraints: 59h
c1 coverage constraints: 11v+276h
c1 formula: 67v, 419c (363h+56s)
c1 enumerating rules (maxsat-based)
c1 rule: 'At2: (-inf..0.38]' => 'At6: (-inf..0.57]'
c1 rule: 'At3: (0.27..0.44]', 'At7: (-inf..0.22]' => 'At6: (-inf..0.57]'
c1 rule: 'At4: (0.28..0.5]', 'At7: (-inf..0.22]' => 'At6: (-inf..0.57]'
c1 rule: 'At7: (0.22..0.39]', not 'At1: (0.23..0.42]' => 'At6: (-inf..0.57]'
c1 rule: 'At2: (0.61..0.8]', 'At5: (0.24..+inf)', 'At7: (-inf..0.22]' => 'At6: (-inf..0.57]'
c1 # of rules: 5
c1 rule time: 0.0039

c1 computing class: (0.57..0.74]
c1 discrimination constraints: 49h
c1 coverage constraints: 21v+526h
c1 formula: 77v, 659c (603h+56s)
c1 enumerating rules (maxsat-based)
c1 rule: 'At2: (0.38..0.61]', 'At7: (0.39..0.49]' => 'At6: (0.57..0.74]'
c1 rule: 'At1: (0.52..+inf)', 'At7: (0.39..0.49]' => 'At6: (0.57..0.74]'
c1 rule: 'At2: (0.38..0.61]', 'At4: (0.13..0.28]' => 'At6: (0.57..0.74]'
c1 rule: 'At3: (-inf..0.27]', not 'At7: (-inf..0.22]' => 'At6: (0.57..0.74]'
c1 rule: 'At2: (0.61..0.8]', 'At7: (0.22..0.39]', not 'At5: (0.14..0.24]' => 'At6: (0.57..0.74]'
c1 rule: 'At3: (0.44..0.55]', 'At4: (0.28..0.5]', not 'At2: (0.8..+inf)' => 'At6: (0.57..0.74]'
c1 rule: 'At1: (0.42..0.52]', 'At5: (-inf..0.07]', not 'At2: (0.8..+inf)' => 'At6: (0.57..0.74]'
c1 rule: 'At3: (0.44..0.55]', 'At4: (0.13..0.28]', not 'At5: (0.14..0.24]' => 'At6: (0.57..0.74]'
c1 rule: 'At2: (0.61..0.8]', 'At5: (0.07..0.14]', not 'At7: (0.39..0.49]' => 'At6: (0.57..0.74]'
c1 rule: 'At1: (0.23..0.42]', 'At2: (0.61..0.8]', 'At4: (0.13..0.28]' => 'At6: (0.57..0.74]'
c1 rule: 'At2: (0.38..0.61]', 'At4: (-inf..0.13]', 'At7: (-inf..0.22]' => 'At6: (0.57..0.74]'
c1 rule: 'At5: (-inf..0.07]', 'At7: (-inf..0.22]', not 'At2: (-inf..0.38]' => 'At6: (0.57..0.74]'
c1 rule: 'At4: (0.5..+inf)', not 'At2: (0.61..0.8]', not 'At5: (0.24..+inf)' => 'At6: (0.57..0.74]'
c1 # of rules: 13
c1 rule time: 0.0110

c1 computing class: (0.74..0.83]
c1 discrimination constraints: 52h
c1 coverage constraints: 18v+451h
c1 formula: 74v, 587c (531h+56s)
c1 enumerating rules (maxsat-based)
c1 rule: 'At4: (0.28..0.5]', 'At7: (0.22..0.39]' => 'At6: (0.74..0.83]'
c1 rule: 'At2: (0.61..0.8]', 'At4: (0.5..+inf)', not 'At5: (0.24..+inf)' => 'At6: (0.74..0.83]'
c1 rule: 'At2: (0.8..+inf)', 'At7: (0.22..0.39]', not 'At3: (0.27..0.44]' => 'At6: (0.74..0.83]'
c1 rule: 'At4: (0.28..0.5]', 'At7: (0.49..+inf)', not 'At1: (0.52..+inf)' => 'At6: (0.74..0.83]'
c1 rule: 'At7: (0.49..+inf)', not 'At3: (0.55..+inf)', not 'At5: (-inf..0.07]' => 'At6: (0.74..0.83]'
c1 rule: 'At3: (0.27..0.44]', 'At5: (0.07..0.14]', not 'At4: (0.13..0.28]' => 'At6: (0.74..0.83]'
c1 rule: 'At1: (0.23..0.42]', 'At5: (0.07..0.14]', not 'At4: (0.13..0.28]' => 'At6: (0.74..0.83]'
c1 rule: 'At3: (0.27..0.44]', not 'At1: (0.23..0.42]', not 'At2: (0.38..0.61]' => 'At6: (0.74..0.83]'
c1 rule: 'At2: (0.61..0.8]', 'At5: (0.14..0.24]', not 'At1: (0.52..+inf)', not 'At7: (0.22..0.39]' => 'At6: (0.74..0.83]'
c1 # of rules: 9
c1 rule time: 0.0085

c1 computing class: (0.83..+inf)
c1 discrimination constraints: 50h
c1 coverage constraints: 20v+501h
c1 formula: 76v, 635c (579h+56s)
c1 enumerating rules (maxsat-based)
c1 rule: 'At3: (0.55..+inf)', 'At7: (0.39..0.49]' => 'At6: (0.83..+inf)'
c1 rule: 'At4: (0.5..+inf)', 'At7: (0.49..+inf)' => 'At6: (0.83..+inf)'
c1 rule: 'At2: (0.38..0.61]', 'At3: (0.55..+inf)' => 'At6: (0.83..+inf)'
c1 rule: 'At3: (0.55..+inf)', 'At5: (-inf..0.07]' => 'At6: (0.83..+inf)'
c1 rule: 'At2: (0.38..0.61]', 'At5: (0.24..+inf)', not 'At7: (0.22..0.39]' => 'At6: (0.83..+inf)'
c1 rule: 'At1: (0.23..0.42]', 'At5: (0.24..+inf)', not 'At3: (0.27..0.44]' => 'At6: (0.83..+inf)'
c1 rule: 'At3: (0.44..0.55]', 'At5: (0.24..+inf)', not 'At2: (0.61..0.8]' => 'At6: (0.83..+inf)'
c1 rule: 'At7: (0.39..0.49]', not 'At3: (0.44..0.55]', not 'At5: (0.07..0.14]' => 'At6: (0.83..+inf)'
c1 rule: 'At2: (0.8..+inf)', 'At3: (0.27..0.44]', 'At4: (-inf..0.13]' => 'At6: (0.83..+inf)'
c1 rule: 'At1: (0.42..0.52]', 'At2: (0.8..+inf)', 'At5: (0.07..0.14]' => 'At6: (0.83..+inf)'
c1 # of rules: 10
c1 rule time: 0.0093

c2 total rules: 37

c0 computing feature 7
c1 computing class: (-inf..0.22]
c1 discrimination constraints: 58h
c1 coverage constraints: 12v+301h
c1 formula: 68v, 443c (387h+56s)
c1 enumerating rules (maxsat-based)
c1 rule: 'At1: (-inf..0.23]' => 'At7: (-inf..0.22]'
c1 rule: 'At2: (-inf..0.38]' => 'At7: (-inf..0.22]'
c1 rule: 'At2: (0.8..+inf)', 'At6: (-inf..0.57]' => 'At7: (-inf..0.22]'
c1 # of rules: 3
c1 rule time: 0.0027

c1 computing class: (0.22..0.39]
c1 discrimination constraints: 52h
c1 coverage constraints: 18v+451h
c1 formula: 74v, 587c (531h+56s)
c1 enumerating rules (maxsat-based)
c1 rule: 'At1: (0.23..0.42]', 'At6: (0.57..0.74]' => 'At7: (0.22..0.39]'
c1 rule: 'At3: (0.44..0.55]', 'At6: (-inf..0.57]' => 'At7: (0.22..0.39]'
c1 rule: 'At1: (0.23..0.42]', 'At4: (0.5..+inf)' => 'At7: (0.22..0.39]'
c1 rule: 'At1: (0.23..0.42]', 'At2: (0.38..0.61]' => 'At7: (0.22..0.39]'
c1 rule: 'At3: (0.27..0.44]', 'At5: (0.14..0.24]' => 'At7: (0.22..0.39]'
c1 rule: 'At1: (0.23..0.42]', 'At5: (0.14..0.24]', not 'At3: (-inf..0.27]' => 'At7: (0.22..0.39]'
c1 rule: 'At2: (0.8..+inf)', 'At3: (0.27..0.44]', not 'At6: (-inf..0.57]' => 'At7: (0.22..0.39]'
c1 # of rules: 7
c1 rule time: 0.0057

c1 computing class: (0.39..0.49]
c1 discrimination constraints: 51h
c1 coverage constraints: 19v+476h
c1 formula: 75v, 611c (555h+56s)
c1 enumerating rules (maxsat-based)
c1 rule: 'At1: (0.42..0.52]', 'At5: (-inf..0.07]' => 'At7: (0.39..0.49]'
c1 rule: 'At1: (0.42..0.52]', 'At4: (-inf..0.13]' => 'At7: (0.39..0.49]'
c1 rule: 'At1: (0.42..0.52]', 'At6: (0.57..0.74]' => 'At7: (0.39..0.49]'
c1 rule: 'At1: (0.52..+inf)', 'At5: (0.14..0.24]' => 'At7: (0.39..0.49]'
c1 rule: 'At3: (0.44..0.55]', 'At4: (0.28..0.5]' => 'At7: (0.39..0.49]'
c1 rule: 'At3: (0.27..0.44]', not 'At1: (0.23..0.42]' => 'At7: (0.39..0.49]'
c1 rule: 'At1: (0.42..0.52]', 'At3: (0.44..0.55]', 'At6: (0.74..0.83]' => 'At7: (0.39..0.49]'
c1 rule: 'At2: (0.61..0.8]', 'At4: (-inf..0.13]', 'At6: (0.74..0.83]' => 'At7: (0.39..0.49]'
c1 rule: 'At1: (0.23..0.42]', 'At6: (0.83..+inf)', not 'At2: (0.8..+inf)' => 'At7: (0.39..0.49]'
c1 # of rules: 9
c1 rule time: 0.0062

c1 computing class: (0.49..+inf)
c1 discrimination constraints: 49h
c1 coverage constraints: 21v+526h
c1 formula: 77v, 659c (603h+56s)
c1 enumerating rules (maxsat-based)
c1 rule: 'At1: (0.52..+inf)', 'At4: (-inf..0.13]' => 'At7: (0.49..+inf)'
c1 rule: 'At1: (0.52..+inf)', not 'At5: (0.14..0.24]' => 'At7: (0.49..+inf)'
c1 rule: 'At3: (0.55..+inf)', not 'At5: (0.14..0.24]' => 'At7: (0.49..+inf)'
c1 rule: 'At3: (0.55..+inf)', not 'At6: (0.83..+inf)' => 'At7: (0.49..+inf)'
c1 # of rules: 4
c1 rule time: 0.0033

c2 total rules: 23
c3 total time: 0.4773

Rules are saved to ../rules/all/q4_appendicitis_train1.csv.json