c0 # of samps: 276 (215 weighted)
c0 # of feats: 6 (24 binary)
c0 # of labls: 2
c0 parse time: 0.2769


c0 computing feature 1
c1 computing class: (-inf..84.25]
c1 discrimination constraints: 166h
c1 coverage constraints: 19v+400h
c1 formula: 67v, 638c (590h+48s)
c1 enumerating rules (maxsat-based)
c1 rule: 'Sgot: (32.0..46.0]', 'Gammagt: (28.25..52.5]', not 'Sgpt: (23.5..40.0]' => 'Mcv: (-inf..84.25]'
c1 rule: 'Sgot: (-inf..20.5]', 'Gammagt: (89.75..+inf)', not 'Drinks: (2.75..6.5]' => 'Mcv: (-inf..84.25]'
c1 rule: 'Alkphos: (73.5..92.75]', 'Sgot: (32.0..46.0]', 'Drinks: (-inf..2.75]' => 'Mcv: (-inf..84.25]'
c1 rule: 'Sgpt: (-inf..23.5]', 'Gammagt: (28.25..52.5]', 'Drinks: (6.5..10.5]' => 'Mcv: (-inf..84.25]'
c1 rule: 'Alkphos: (92.75..+inf)', 'Sgpt: (23.5..40.0]', 'Sgot: (-inf..20.5]', 'Drinks: (6.5..10.5]' => 'Mcv: (-inf..84.25]'
c1 rule: 'Alkphos: (54.25..73.5]', 'Sgpt: (-inf..23.5]', 'Drinks: (-inf..2.75]', not 'Gammagt: (-inf..28.25]' => 'Mcv: (-inf..84.25]'
c1 rule: 'Alkphos: (54.25..73.5]', 'Sgpt: (40.0..60.0]', 'Gammagt: (28.25..52.5]', not 'Drinks: (-inf..2.75]' => 'Mcv: (-inf..84.25]'
c1 rule: 'Sgpt: (23.5..40.0]', 'Gammagt: (52.5..89.75]', 'Drinks: (2.75..6.5]', not 'Sgot: (20.5..32.0]' => 'Mcv: (-inf..84.25]'
c1 rule: 'Sgpt: (60.0..+inf)', 'Gammagt: (89.75..+inf)', 'Drinks: (2.75..6.5]', not 'Alkphos: (-inf..54.25]', not 'Sgot: (46.0..+inf)' => 'Mcv: (-inf..84.25]'
c1 # of rules: 9
c1 rule time: 0.0105

c1 computing class: (84.25..90.5]
c1 discrimination constraints: 110h
c1 coverage constraints: 75v+1576h
c1 formula: 123v, 1758c (1710h+48s)
c1 enumerating rules (maxsat-based)
c1 rule: 'Sgpt: (-inf..23.5]', 'Sgot: (32.0..46.0]' => 'Mcv: (84.25..90.5]'
c1 rule: 'Sgot: (32.0..46.0]', 'Gammagt: (-inf..28.25]' => 'Mcv: (84.25..90.5]'
c1 rule: 'Sgpt: (40.0..60.0]', 'Gammagt: (-inf..28.25]' => 'Mcv: (84.25..90.5]'
c1 rule: 'Sgpt: (-inf..23.5]', 'Sgot: (46.0..+inf)' => 'Mcv: (84.25..90.5]'
c1 rule: 'Sgpt: (40.0..60.0]', 'Gammagt: (89.75..+inf)', not 'Sgot: (32.0..46.0]' => 'Mcv: (84.25..90.5]'
c1 rule: 'Sgpt: (-inf..23.5]', 'Gammagt: (89.75..+inf)', not 'Sgot: (20.5..32.0]' => 'Mcv: (84.25..90.5]'
c1 rule: 'Alkphos: (92.75..+inf)', 'Sgpt: (-inf..23.5]', not 'Sgot: (-inf..20.5]' => 'Mcv: (84.25..90.5]'
c1 rule: 'Alkphos: (92.75..+inf)', 'Gammagt: (-inf..28.25]', not 'Sgot: (-inf..20.5]' => 'Mcv: (84.25..90.5]'
c1 rule: 'Sgpt: (23.5..40.0]', 'Sgot: (32.0..46.0]', 'Drinks: (-inf..2.75]' => 'Mcv: (84.25..90.5]'
c1 rule: 'Alkphos: (92.75..+inf)', 'Gammagt: (28.25..52.5]', 'Drinks: (-inf..2.75]' => 'Mcv: (84.25..90.5]'
c1 rule: 'Alkphos: (92.75..+inf)', 'Sgot: (-inf..20.5]', 'Gammagt: (28.25..52.5]' => 'Mcv: (84.25..90.5]'
c1 rule: 'Alkphos: (-inf..54.25]', 'Gammagt: (28.25..52.5]', not 'Sgot: (20.5..32.0]' => 'Mcv: (84.25..90.5]'
c1 rule: 'Alkphos: (-inf..54.25]', 'Sgpt: (-inf..23.5]', 'Drinks: (6.5..10.5]' => 'Mcv: (84.25..90.5]'
c1 rule: 'Alkphos: (-inf..54.25]', 'Gammagt: (52.5..89.75]', 'Drinks: (-inf..2.75]' => 'Mcv: (84.25..90.5]'
c1 rule: 'Alkphos: (-inf..54.25]', 'Sgpt: (40.0..60.0]', 'Drinks: (-inf..2.75]' => 'Mcv: (84.25..90.5]'
c1 rule: 'Sgot: (20.5..32.0]', 'Gammagt: (89.75..+inf)', 'Drinks: (2.75..6.5]' => 'Mcv: (84.25..90.5]'
c1 rule: 'Sgot: (46.0..+inf)', not 'Sgpt: (60.0..+inf)', not 'Drinks: (6.5..10.5]' => 'Mcv: (84.25..90.5]'
c1 rule: 'Sgpt: (60.0..+inf)', 'Sgot: (20.5..32.0]', 'Drinks: (-inf..2.75]' => 'Mcv: (84.25..90.5]'
c1 rule: 'Sgpt: (23.5..40.0]', 'Sgot: (-inf..20.5]', 'Gammagt: (52.5..89.75]' => 'Mcv: (84.25..90.5]'
c1 rule: 'Sgot: (46.0..+inf)', 'Gammagt: (28.25..52.5]', not 'Alkphos: (92.75..+inf)' => 'Mcv: (84.25..90.5]'
c1 rule: 'Alkphos: (73.5..92.75]', 'Sgot: (20.5..32.0]', 'Drinks: (6.5..10.5]' => 'Mcv: (84.25..90.5]'
c1 rule: 'Alkphos: (73.5..92.75]', 'Sgot: (32.0..46.0]', 'Drinks: (6.5..10.5]' => 'Mcv: (84.25..90.5]'
c1 rule: 'Alkphos: (73.5..92.75]', 'Sgot: (20.5..32.0]', 'Gammagt: (52.5..89.75]' => 'Mcv: (84.25..90.5]'
c1 rule: 'Sgpt: (23.5..40.0]', 'Sgot: (-inf..20.5]', not 'Gammagt: (-inf..28.25]', not 'Drinks: (-inf..2.75]' => 'Mcv: (84.25..90.5]'
c1 rule: 'Alkphos: (92.75..+inf)', 'Gammagt: (-inf..28.25]', 'Drinks: (2.75..6.5]', not 'Sgpt: (23.5..40.0]' => 'Mcv: (84.25..90.5]'
c1 rule: 'Alkphos: (92.75..+inf)', 'Sgpt: (23.5..40.0]', 'Drinks: (-inf..2.75]', not 'Sgot: (20.5..32.0]' => 'Mcv: (84.25..90.5]'
c1 rule: 'Sgpt: (23.5..40.0]', 'Sgot: (-inf..20.5]', 'Drinks: (6.5..10.5]', not 'Alkphos: (92.75..+inf)' => 'Mcv: (84.25..90.5]'
c1 rule: 'Sgpt: (-inf..23.5]', 'Sgot: (20.5..32.0]', 'Gammagt: (-inf..28.25]', 'Drinks: (6.5..10.5]' => 'Mcv: (84.25..90.5]'
c1 rule: 'Sgot: (32.0..46.0]', 'Drinks: (6.5..10.5]', not 'Alkphos: (92.75..+inf)', not 'Sgpt: (23.5..40.0]' => 'Mcv: (84.25..90.5]'
c1 rule: 'Alkphos: (-inf..54.25]', 'Sgpt: (23.5..40.0]', 'Drinks: (6.5..10.5]', not 'Gammagt: (28.25..52.5]' => 'Mcv: (84.25..90.5]'
c1 rule: 'Sgot: (20.5..32.0]', 'Gammagt: (52.5..89.75]', not 'Sgpt: (23.5..40.0]', not 'Drinks: (6.5..10.5]' => 'Mcv: (84.25..90.5]'
c1 rule: 'Sgot: (20.5..32.0]', 'Gammagt: (52.5..89.75]', 'Drinks: (-inf..2.75]', not 'Alkphos: (92.75..+inf)' => 'Mcv: (84.25..90.5]'
c1 rule: 'Alkphos: (-inf..54.25]', 'Sgpt: (23.5..40.0]', 'Gammagt: (-inf..28.25]', not 'Sgot: (-inf..20.5]' => 'Mcv: (84.25..90.5]'
c1 rule: 'Sgpt: (-inf..23.5]', 'Sgot: (20.5..32.0]', 'Gammagt: (28.25..52.5]', 'Drinks: (2.75..6.5]', not 'Alkphos: (-inf..54.25]' => 'Mcv: (84.25..90.5]'
c1 rule: 'Sgot: (20.5..32.0]', 'Gammagt: (-inf..28.25]', 'Drinks: (-inf..2.75]', not 'Alkphos: (54.25..73.5]', not 'Sgpt: (-inf..23.5]' => 'Mcv: (84.25..90.5]'
c1 # of rules: 35
c1 rule time: 0.0489

c1 computing class: (90.5..96.75]
c1 discrimination constraints: 116h
c1 coverage constraints: 69v+1450h
c1 formula: 117v, 1638c (1590h+48s)
c1 enumerating rules (maxsat-based)
c1 rule: 'Alkphos: (54.25..73.5]', 'Drinks: (10.5..+inf)' => 'Mcv: (90.5..96.75]'
c1 rule: 'Sgpt: (60.0..+inf)', 'Drinks: (10.5..+inf)' => 'Mcv: (90.5..96.75]'
c1 rule: 'Alkphos: (92.75..+inf)', 'Sgpt: (60.0..+inf)' => 'Mcv: (90.5..96.75]'
c1 rule: 'Sgpt: (60.0..+inf)', 'Drinks: (6.5..10.5]' => 'Mcv: (90.5..96.75]'
c1 rule: 'Alkphos: (-inf..54.25]', 'Sgot: (46.0..+inf)' => 'Mcv: (90.5..96.75]'
c1 rule: 'Sgot: (46.0..+inf)', 'Drinks: (-inf..2.75]' => 'Mcv: (90.5..96.75]'
c1 rule: 'Gammagt: (89.75..+inf)', 'Drinks: (10.5..+inf)' => 'Mcv: (90.5..96.75]'
c1 rule: 'Sgot: (46.0..+inf)', 'Gammagt: (52.5..89.75]' => 'Mcv: (90.5..96.75]'
c1 rule: 'Sgpt: (40.0..60.0]', 'Sgot: (-inf..20.5]' => 'Mcv: (90.5..96.75]'
c1 rule: 'Alkphos: (92.75..+inf)', 'Sgot: (20.5..32.0]', 'Gammagt: (52.5..89.75]' => 'Mcv: (90.5..96.75]'
c1 rule: 'Alkphos: (92.75..+inf)', 'Gammagt: (28.25..52.5]', not 'Sgpt: (23.5..40.0]' => 'Mcv: (90.5..96.75]'
c1 rule: 'Sgot: (32.0..46.0]', 'Gammagt: (28.25..52.5]', not 'Drinks: (-inf..2.75]' => 'Mcv: (90.5..96.75]'
c1 rule: 'Alkphos: (92.75..+inf)', 'Sgot: (32.0..46.0]', 'Drinks: (6.5..10.5]' => 'Mcv: (90.5..96.75]'
c1 rule: 'Sgpt: (40.0..60.0]', 'Sgot: (20.5..32.0]', 'Drinks: (6.5..10.5]' => 'Mcv: (90.5..96.75]'
c1 rule: 'Sgpt: (40.0..60.0]', 'Gammagt: (89.75..+inf)', not 'Alkphos: (73.5..92.75]' => 'Mcv: (90.5..96.75]'
c1 rule: 'Gammagt: (89.75..+inf)', not 'Alkphos: (73.5..92.75]', not 'Drinks: (2.75..6.5]' => 'Mcv: (90.5..96.75]'
c1 rule: 'Alkphos: (92.75..+inf)', 'Gammagt: (52.5..89.75]', 'Drinks: (-inf..2.75]' => 'Mcv: (90.5..96.75]'
c1 rule: 'Sgpt: (60.0..+inf)', 'Sgot: (20.5..32.0]', not 'Drinks: (-inf..2.75]' => 'Mcv: (90.5..96.75]'
c1 rule: 'Sgpt: (60.0..+inf)', 'Gammagt: (52.5..89.75]', not 'Sgot: (20.5..32.0]' => 'Mcv: (90.5..96.75]'
c1 rule: 'Alkphos: (-inf..54.25]', 'Gammagt: (28.25..52.5]', 'Drinks: (6.5..10.5]' => 'Mcv: (90.5..96.75]'
c1 rule: 'Alkphos: (92.75..+inf)', 'Sgot: (-inf..20.5]', 'Drinks: (6.5..10.5]', not 'Sgpt: (23.5..40.0]' => 'Mcv: (90.5..96.75]'
c1 rule: 'Alkphos: (92.75..+inf)', 'Sgot: (-inf..20.5]', not 'Sgpt: (23.5..40.0]', not 'Drinks: (2.75..6.5]' => 'Mcv: (90.5..96.75]'
c1 rule: 'Alkphos: (-inf..54.25]', 'Sgpt: (23.5..40.0]', not 'Sgot: (20.5..32.0]', not 'Drinks: (-inf..2.75]' => 'Mcv: (90.5..96.75]'
c1 rule: 'Alkphos: (-inf..54.25]', 'Sgot: (-inf..20.5]', not 'Gammagt: (-inf..28.25]', not 'Drinks: (-inf..2.75]' => 'Mcv: (90.5..96.75]'
c1 rule: 'Sgot: (-inf..20.5]', 'Gammagt: (28.25..52.5]', not 'Sgpt: (23.5..40.0]', not 'Drinks: (-inf..2.75]' => 'Mcv: (90.5..96.75]'
c1 rule: 'Alkphos: (54.25..73.5]', 'Sgot: (-inf..20.5]', 'Gammagt: (52.5..89.75]', not 'Drinks: (-inf..2.75]' => 'Mcv: (90.5..96.75]'
c1 rule: 'Alkphos: (54.25..73.5]', 'Gammagt: (52.5..89.75]', 'Drinks: (6.5..10.5]', not 'Sgot: (32.0..46.0]' => 'Mcv: (90.5..96.75]'
c1 rule: 'Alkphos: (54.25..73.5]', 'Sgot: (-inf..20.5]', 'Drinks: (6.5..10.5]', not 'Sgpt: (23.5..40.0]' => 'Mcv: (90.5..96.75]'
c1 rule: 'Alkphos: (54.25..73.5]', 'Gammagt: (28.25..52.5]', 'Drinks: (-inf..2.75]', not 'Sgpt: (23.5..40.0]' => 'Mcv: (90.5..96.75]'
c1 rule: 'Alkphos: (73.5..92.75]', 'Gammagt: (28.25..52.5]', 'Drinks: (2.75..6.5]', not 'Sgpt: (23.5..40.0]' => 'Mcv: (90.5..96.75]'
c1 rule: 'Alkphos: (73.5..92.75]', 'Sgot: (-inf..20.5]', 'Gammagt: (28.25..52.5]', not 'Drinks: (2.75..6.5]' => 'Mcv: (90.5..96.75]'
c1 rule: 'Sgpt: (23.5..40.0]', 'Gammagt: (-inf..28.25]', 'Drinks: (6.5..10.5]', not 'Sgot: (-inf..20.5]' => 'Mcv: (90.5..96.75]'
c1 rule: 'Alkphos: (73.5..92.75]', 'Sgot: (20.5..32.0]', 'Drinks: (2.75..6.5]', not 'Gammagt: (-inf..28.25]' => 'Mcv: (90.5..96.75]'
c1 rule: 'Sgpt: (-inf..23.5]', 'Sgot: (20.5..32.0]', 'Drinks: (-inf..2.75]', not 'Alkphos: (73.5..92.75]', not 'Gammagt: (-inf..28.25]' => 'Mcv: (90.5..96.75]'
c1 # of rules: 34
c1 rule time: 0.0417

c1 computing class: (96.75..+inf)
c1 discrimination constraints: 163h
c1 coverage constraints: 22v+463h
c1 formula: 70v, 698c (650h+48s)
c1 enumerating rules (maxsat-based)
c1 rule: 'Gammagt: (28.25..52.5]', 'Drinks: (10.5..+inf)' => 'Mcv: (96.75..+inf)'
c1 rule: 'Gammagt: (52.5..89.75]', 'Drinks: (10.5..+inf)' => 'Mcv: (96.75..+inf)'
c1 rule: 'Alkphos: (73.5..92.75]', 'Sgot: (46.0..+inf)', 'Gammagt: (89.75..+inf)' => 'Mcv: (96.75..+inf)'
c1 rule: 'Alkphos: (54.25..73.5]', 'Sgot: (46.0..+inf)', 'Gammagt: (89.75..+inf)' => 'Mcv: (96.75..+inf)'
c1 rule: 'Sgot: (-inf..20.5]', 'Drinks: (6.5..10.5]', not 'Gammagt: (-inf..28.25]' => 'Mcv: (96.75..+inf)'
c1 rule: 'Sgpt: (40.0..60.0]', 'Gammagt: (52.5..89.75]', 'Drinks: (2.75..6.5]' => 'Mcv: (96.75..+inf)'
c1 rule: 'Alkphos: (-inf..54.25]', 'Sgpt: (60.0..+inf)', 'Sgot: (32.0..46.0]' => 'Mcv: (96.75..+inf)'
c1 rule: 'Alkphos: (92.75..+inf)', 'Gammagt: (52.5..89.75]', 'Drinks: (2.75..6.5]' => 'Mcv: (96.75..+inf)'
c1 rule: 'Alkphos: (92.75..+inf)', 'Sgpt: (23.5..40.0]', 'Sgot: (20.5..32.0]', 'Drinks: (6.5..10.5]' => 'Mcv: (96.75..+inf)'
c1 rule: 'Alkphos: (54.25..73.5]', 'Sgpt: (23.5..40.0]', 'Gammagt: (28.25..52.5]', 'Drinks: (6.5..10.5]' => 'Mcv: (96.75..+inf)'
c1 rule: 'Sgpt: (23.5..40.0]', 'Gammagt: (52.5..89.75]', 'Drinks: (6.5..10.5]', not 'Sgot: (20.5..32.0]' => 'Mcv: (96.75..+inf)'
c1 rule: 'Sgot: (20.5..32.0]', 'Gammagt: (52.5..89.75]', 'Drinks: (2.75..6.5]', not 'Alkphos: (54.25..73.5]' => 'Mcv: (96.75..+inf)'
c1 # of rules: 12
c1 rule time: 0.0105

c2 total rules: 90

c0 computing feature 2
c1 computing class: (-inf..54.25]
c1 discrimination constraints: 148h
c1 coverage constraints: 37v+778h
c1 formula: 85v, 998c (950h+48s)
c1 enumerating rules (maxsat-based)
c1 rule: 'Sgpt: (-inf..23.5]', 'Sgot: (32.0..46.0]' => 'Alkphos: (-inf..54.25]'
c1 rule: 'Sgpt: (60.0..+inf)', 'Drinks: (6.5..10.5]', not 'Sgot: (46.0..+inf)' => 'Alkphos: (-inf..54.25]'
c1 rule: 'Sgpt: (40.0..60.0]', 'Gammagt: (-inf..28.25]', not 'Sgot: (20.5..32.0]' => 'Alkphos: (-inf..54.25]'
c1 rule: 'Mcv: (96.75..+inf)', 'Sgpt: (60.0..+inf)', not 'Sgot: (46.0..+inf)' => 'Alkphos: (-inf..54.25]'
c1 rule: 'Mcv: (84.25..90.5]', 'Sgpt: (-inf..23.5]', 'Gammagt: (28.25..52.5]', not 'Sgot: (20.5..32.0]' => 'Alkphos: (-inf..54.25]'
c1 rule: 'Mcv: (90.5..96.75]', 'Sgot: (46.0..+inf)', 'Drinks: (2.75..6.5]', not 'Gammagt: (28.25..52.5]' => 'Alkphos: (-inf..54.25]'
c1 rule: 'Mcv: (-inf..84.25]', 'Sgpt: (23.5..40.0]', 'Gammagt: (-inf..28.25]', not 'Drinks: (6.5..10.5]' => 'Alkphos: (-inf..54.25]'
c1 rule: 'Mcv: (96.75..+inf)', 'Sgot: (20.5..32.0]', 'Drinks: (2.75..6.5]', not 'Sgpt: (23.5..40.0]' => 'Alkphos: (-inf..54.25]'
c1 rule: 'Sgot: (20.5..32.0]', 'Gammagt: (52.5..89.75]', not 'Sgpt: (23.5..40.0]', not 'Drinks: (-inf..2.75]' => 'Alkphos: (-inf..54.25]'
c1 rule: 'Mcv: (90.5..96.75]', 'Sgpt: (40.0..60.0]', 'Drinks: (2.75..6.5]', not 'Gammagt: (28.25..52.5]' => 'Alkphos: (-inf..54.25]'
c1 rule: 'Mcv: (84.25..90.5]', 'Sgpt: (-inf..23.5]', 'Drinks: (6.5..10.5]', not 'Sgot: (20.5..32.0]' => 'Alkphos: (-inf..54.25]'
c1 rule: 'Mcv: (84.25..90.5]', 'Sgpt: (23.5..40.0]', 'Drinks: (6.5..10.5]', not 'Sgot: (-inf..20.5]' => 'Alkphos: (-inf..54.25]'
c1 rule: 'Sgpt: (23.5..40.0]', 'Gammagt: (28.25..52.5]', 'Drinks: (6.5..10.5]', not 'Mcv: (96.75..+inf)', not 'Sgot: (32.0..46.0]' => 'Alkphos: (-inf..54.25]'
c1 # of rules: 13
c1 rule time: 0.0214

c1 computing class: (54.25..73.5]
c1 discrimination constraints: 115h
c1 coverage constraints: 70v+1471h
c1 formula: 118v, 1658c (1610h+48s)
c1 enumerating rules (maxsat-based)
c1 rule: 'Mcv: (84.25..90.5]', 'Sgpt: (60.0..+inf)' => 'Alkphos: (54.25..73.5]'
c1 rule: 'Sgpt: (60.0..+inf)', 'Gammagt: (52.5..89.75]' => 'Alkphos: (54.25..73.5]'
c1 rule: 'Mcv: (-inf..84.25]', 'Gammagt: (52.5..89.75]' => 'Alkphos: (54.25..73.5]'
c1 rule: 'Gammagt: (-inf..28.25]', 'Drinks: (10.5..+inf)' => 'Alkphos: (54.25..73.5]'
c1 rule: 'Sgot: (20.5..32.0]', 'Gammagt: (89.75..+inf)', 'Drinks: (6.5..10.5]' => 'Alkphos: (54.25..73.5]'
c1 rule: 'Sgot: (20.5..32.0]', 'Gammagt: (89.75..+inf)', not 'Drinks: (-inf..2.75]' => 'Alkphos: (54.25..73.5]'
c1 rule: 'Sgpt: (60.0..+inf)', 'Sgot: (20.5..32.0]', 'Gammagt: (28.25..52.5]' => 'Alkphos: (54.25..73.5]'
c1 rule: 'Sgpt: (60.0..+inf)', 'Drinks: (-inf..2.75]', not 'Gammagt: (28.25..52.5]' => 'Alkphos: (54.25..73.5]'
c1 rule: 'Mcv: (96.75..+inf)', 'Gammagt: (-inf..28.25]', 'Drinks: (2.75..6.5]' => 'Alkphos: (54.25..73.5]'
c1 rule: 'Mcv: (96.75..+inf)', 'Sgpt: (23.5..40.0]', 'Gammagt: (-inf..28.25]' => 'Alkphos: (54.25..73.5]'
c1 rule: 'Sgpt: (-inf..23.5]', 'Gammagt: (28.25..52.5]', 'Drinks: (6.5..10.5]' => 'Alkphos: (54.25..73.5]'
c1 rule: 'Mcv: (84.25..90.5]', 'Sgot: (32.0..46.0]', 'Gammagt: (28.25..52.5]' => 'Alkphos: (54.25..73.5]'
c1 rule: 'Sgpt: (23.5..40.0]', 'Sgot: (32.0..46.0]', 'Gammagt: (52.5..89.75]' => 'Alkphos: (54.25..73.5]'
c1 rule: 'Mcv: (96.75..+inf)', 'Drinks: (-inf..2.75]', not 'Sgot: (20.5..32.0]' => 'Alkphos: (54.25..73.5]'
c1 rule: 'Sgot: (32.0..46.0]', 'Gammagt: (52.5..89.75]', 'Drinks: (6.5..10.5]' => 'Alkphos: (54.25..73.5]'
c1 rule: 'Sgpt: (60.0..+inf)', not 'Mcv: (90.5..96.75]', not 'Sgot: (32.0..46.0]' => 'Alkphos: (54.25..73.5]'
c1 rule: 'Mcv: (-inf..84.25]', 'Sgot: (-inf..20.5]', 'Gammagt: (28.25..52.5]' => 'Alkphos: (54.25..73.5]'
c1 rule: 'Mcv: (-inf..84.25]', 'Gammagt: (28.25..52.5]', not 'Drinks: (-inf..2.75]' => 'Alkphos: (54.25..73.5]'
c1 rule: 'Mcv: (-inf..84.25]', not 'Gammagt: (-inf..28.25]', not 'Drinks: (-inf..2.75]' => 'Alkphos: (54.25..73.5]'
c1 rule: 'Sgot: (20.5..32.0]', 'Gammagt: (52.5..89.75]', 'Drinks: (2.75..6.5]', not 'Mcv: (96.75..+inf)' => 'Alkphos: (54.25..73.5]'
c1 rule: 'Mcv: (84.25..90.5]', 'Gammagt: (-inf..28.25]', 'Drinks: (6.5..10.5]', not 'Sgpt: (-inf..23.5]' => 'Alkphos: (54.25..73.5]'
c1 rule: 'Mcv: (84.25..90.5]', 'Sgpt: (23.5..40.0]', 'Gammagt: (89.75..+inf)', not 'Sgot: (46.0..+inf)' => 'Alkphos: (54.25..73.5]'
c1 rule: 'Sgpt: (23.5..40.0]', 'Gammagt: (89.75..+inf)', 'Drinks: (2.75..6.5]', not 'Mcv: (84.25..90.5]' => 'Alkphos: (54.25..73.5]'
c1 rule: 'Mcv: (90.5..96.75]', 'Sgpt: (40.0..60.0]', 'Gammagt: (28.25..52.5]', 'Drinks: (-inf..2.75]' => 'Alkphos: (54.25..73.5]'
c1 rule: 'Mcv: (90.5..96.75]', 'Sgpt: (23.5..40.0]', 'Drinks: (6.5..10.5]', not 'Gammagt: (28.25..52.5]' => 'Alkphos: (54.25..73.5]'
c1 rule: 'Sgot: (-inf..20.5]', 'Gammagt: (28.25..52.5]', not 'Sgpt: (23.5..40.0]', not 'Drinks: (-inf..2.75]' => 'Alkphos: (54.25..73.5]'
c1 rule: 'Sgpt: (40.0..60.0]', 'Gammagt: (-inf..28.25]', not 'Sgot: (32.0..46.0]', not 'Drinks: (2.75..6.5]' => 'Alkphos: (54.25..73.5]'
c1 rule: 'Sgpt: (23.5..40.0]', 'Gammagt: (-inf..28.25]', not 'Mcv: (84.25..90.5]', not 'Sgot: (-inf..20.5]', not 'Drinks: (2.75..6.5]' => 'Alkphos: (54.25..73.5]'
c1 rule: 'Mcv: (84.25..90.5]', 'Sgot: (20.5..32.0]', 'Gammagt: (52.5..89.75]', not 'Sgpt: (40.0..60.0]', not 'Drinks: (6.5..10.5]' => 'Alkphos: (54.25..73.5]'
c1 rule: 'Mcv: (84.25..90.5]', 'Gammagt: (28.25..52.5]', not 'Sgpt: (-inf..23.5]', not 'Sgot: (20.5..32.0]', not 'Drinks: (2.75..6.5]' => 'Alkphos: (54.25..73.5]'
c1 # of rules: 30
c1 rule time: 0.0393

c1 computing class: (73.5..92.75]
c1 discrimination constraints: 140h
c1 coverage constraints: 45v+946h
c1 formula: 93v, 1158c (1110h+48s)
c1 enumerating rules (maxsat-based)
c1 rule: 'Sgot: (-inf..20.5]', 'Gammagt: (89.75..+inf)' => 'Alkphos: (73.5..92.75]'
c1 rule: 'Sgot: (46.0..+inf)', 'Gammagt: (-inf..28.25]' => 'Alkphos: (73.5..92.75]'
c1 rule: 'Sgpt: (60.0..+inf)', 'Drinks: (10.5..+inf)' => 'Alkphos: (73.5..92.75]'
c1 rule: 'Gammagt: (28.25..52.5]', 'Drinks: (10.5..+inf)' => 'Alkphos: (73.5..92.75]'
c1 rule: 'Mcv: (84.25..90.5]', 'Gammagt: (89.75..+inf)', not 'Drinks: (2.75..6.5]' => 'Alkphos: (73.5..92.75]'
c1 rule: 'Gammagt: (89.75..+inf)', not 'Mcv: (90.5..96.75]', not 'Drinks: (2.75..6.5]' => 'Alkphos: (73.5..92.75]'
c1 rule: 'Mcv: (-inf..84.25]', 'Sgot: (32.0..46.0]', not 'Drinks: (2.75..6.5]' => 'Alkphos: (73.5..92.75]'
c1 rule: 'Sgpt: (23.5..40.0]', 'Sgot: (32.0..46.0]', 'Drinks: (10.5..+inf)' => 'Alkphos: (73.5..92.75]'
c1 rule: 'Mcv: (84.25..90.5]', 'Gammagt: (89.75..+inf)', not 'Sgpt: (23.5..40.0]' => 'Alkphos: (73.5..92.75]'
c1 rule: 'Sgpt: (40.0..60.0]', 'Gammagt: (89.75..+inf)', not 'Mcv: (90.5..96.75]' => 'Alkphos: (73.5..92.75]'
c1 rule: 'Mcv: (-inf..84.25]', 'Sgpt: (40.0..60.0]', not 'Drinks: (2.75..6.5]' => 'Alkphos: (73.5..92.75]'
c1 rule: 'Sgot: (-inf..20.5]', 'Drinks: (6.5..10.5]', not 'Gammagt: (-inf..28.25]' => 'Alkphos: (73.5..92.75]'
c1 rule: 'Mcv: (96.75..+inf)', 'Sgot: (20.5..32.0]', 'Gammagt: (-inf..28.25]', not 'Sgpt: (23.5..40.0]' => 'Alkphos: (73.5..92.75]'
c1 rule: 'Sgpt: (-inf..23.5]', 'Drinks: (-inf..2.75]', not 'Mcv: (90.5..96.75]', not 'Sgot: (-inf..20.5]', not 'Gammagt: (-inf..28.25]' => 'Alkphos: (73.5..92.75]'
c1 # of rules: 14
c1 rule time: 0.0174

c1 computing class: (92.75..+inf)
c1 discrimination constraints: 152h
c1 coverage constraints: 33v+694h
c1 formula: 81v, 918c (870h+48s)
c1 enumerating rules (maxsat-based)
c1 rule: 'Sgpt: (40.0..60.0]', 'Sgot: (-inf..20.5]' => 'Alkphos: (92.75..+inf)'
c1 rule: 'Mcv: (-inf..84.25]', 'Sgot: (-inf..20.5]', not 'Drinks: (-inf..2.75]' => 'Alkphos: (92.75..+inf)'
c1 rule: 'Sgpt: (60.0..+inf)', 'Drinks: (6.5..10.5]', not 'Sgot: (20.5..32.0]' => 'Alkphos: (92.75..+inf)'
c1 rule: 'Gammagt: (28.25..52.5]', 'Drinks: (6.5..10.5]', not 'Sgot: (20.5..32.0]' => 'Alkphos: (92.75..+inf)'
c1 rule: 'Mcv: (90.5..96.75]', 'Sgot: (46.0..+inf)', 'Gammagt: (28.25..52.5]' => 'Alkphos: (92.75..+inf)'
c1 rule: 'Sgpt: (23.5..40.0]', 'Sgot: (46.0..+inf)', not 'Mcv: (96.75..+inf)' => 'Alkphos: (92.75..+inf)'
c1 rule: 'Sgpt: (40.0..60.0]', 'Gammagt: (28.25..52.5]', 'Drinks: (6.5..10.5]' => 'Alkphos: (92.75..+inf)'
c1 rule: 'Sgot: (32.0..46.0]', 'Gammagt: (28.25..52.5]', not 'Drinks: (-inf..2.75]' => 'Alkphos: (92.75..+inf)'
c1 rule: 'Mcv: (90.5..96.75]', 'Sgot: (32.0..46.0]', 'Drinks: (6.5..10.5]' => 'Alkphos: (92.75..+inf)'
c1 rule: 'Sgpt: (40.0..60.0]', 'Gammagt: (52.5..89.75]', 'Drinks: (2.75..6.5]' => 'Alkphos: (92.75..+inf)'
c1 rule: 'Mcv: (90.5..96.75]', 'Sgpt: (-inf..23.5]', 'Gammagt: (52.5..89.75]', not 'Drinks: (2.75..6.5]' => 'Alkphos: (92.75..+inf)'
c1 rule: 'Sgpt: (23.5..40.0]', 'Gammagt: (52.5..89.75]', 'Drinks: (-inf..2.75]', not 'Mcv: (84.25..90.5]' => 'Alkphos: (92.75..+inf)'
c1 rule: 'Mcv: (96.75..+inf)', 'Sgpt: (-inf..23.5]', 'Gammagt: (52.5..89.75]', 'Drinks: (2.75..6.5]' => 'Alkphos: (92.75..+inf)'
c1 rule: 'Mcv: (96.75..+inf)', 'Sgpt: (23.5..40.0]', 'Gammagt: (28.25..52.5]', 'Drinks: (2.75..6.5]' => 'Alkphos: (92.75..+inf)'
c1 # of rules: 14
c1 rule time: 0.0161

c2 total rules: 71

c0 computing feature 3
c1 computing class: (-inf..23.5]
c1 discrimination constraints: 126h
c1 coverage constraints: 59v+1240h
c1 formula: 107v, 1438c (1390h+48s)
c1 enumerating rules (maxsat-based)
c1 rule: 'Sgot: (46.0..+inf)', 'Gammagt: (-inf..28.25]' => 'Sgpt: (-inf..23.5]'
c1 rule: 'Mcv: (96.75..+inf)', 'Sgot: (-inf..20.5]' => 'Sgpt: (-inf..23.5]'
c1 rule: 'Sgot: (-inf..20.5]', 'Gammagt: (52.5..89.75]', not 'Drinks: (-inf..2.75]' => 'Sgpt: (-inf..23.5]'
c1 rule: 'Mcv: (90.5..96.75]', 'Alkphos: (-inf..54.25]', 'Drinks: (-inf..2.75]' => 'Sgpt: (-inf..23.5]'
c1 rule: 'Mcv: (-inf..84.25]', 'Drinks: (2.75..6.5]', not 'Alkphos: (54.25..73.5]' => 'Sgpt: (-inf..23.5]'
c1 rule: 'Mcv: (-inf..84.25]', 'Gammagt: (-inf..28.25]', 'Drinks: (2.75..6.5]' => 'Sgpt: (-inf..23.5]'
c1 rule: 'Mcv: (-inf..84.25]', 'Alkphos: (54.25..73.5]', 'Gammagt: (-inf..28.25]' => 'Sgpt: (-inf..23.5]'
c1 rule: 'Mcv: (-inf..84.25]', 'Drinks: (6.5..10.5]', not 'Gammagt: (-inf..28.25]' => 'Sgpt: (-inf..23.5]'
c1 rule: 'Alkphos: (-inf..54.25]', 'Gammagt: (28.25..52.5]', not 'Sgot: (20.5..32.0]' => 'Sgpt: (-inf..23.5]'
c1 rule: 'Sgot: (-inf..20.5]', 'Gammagt: (89.75..+inf)', not 'Drinks: (-inf..2.75]' => 'Sgpt: (-inf..23.5]'
c1 rule: 'Alkphos: (54.25..73.5]', 'Sgot: (-inf..20.5]', 'Gammagt: (52.5..89.75]' => 'Sgpt: (-inf..23.5]'
c1 rule: 'Alkphos: (-inf..54.25]', 'Drinks: (6.5..10.5]', not 'Sgot: (20.5..32.0]' => 'Sgpt: (-inf..23.5]'
c1 rule: 'Mcv: (90.5..96.75]', 'Sgot: (-inf..20.5]', 'Drinks: (6.5..10.5]' => 'Sgpt: (-inf..23.5]'
c1 rule: 'Sgot: (20.5..32.0]', 'Gammagt: (89.75..+inf)', 'Drinks: (6.5..10.5]' => 'Sgpt: (-inf..23.5]'
c1 rule: 'Mcv: (84.25..90.5]', 'Alkphos: (92.75..+inf)', 'Drinks: (6.5..10.5]' => 'Sgpt: (-inf..23.5]'
c1 rule: 'Mcv: (96.75..+inf)', 'Gammagt: (-inf..28.25]', not 'Alkphos: (54.25..73.5]' => 'Sgpt: (-inf..23.5]'
c1 rule: 'Mcv: (96.75..+inf)', 'Alkphos: (-inf..54.25]', 'Gammagt: (28.25..52.5]' => 'Sgpt: (-inf..23.5]'
c1 rule: 'Alkphos: (73.5..92.75]', 'Sgot: (20.5..32.0]', 'Drinks: (6.5..10.5]' => 'Sgpt: (-inf..23.5]'
c1 rule: 'Alkphos: (-inf..54.25]', 'Sgot: (32.0..46.0]', 'Gammagt: (52.5..89.75]' => 'Sgpt: (-inf..23.5]'
c1 rule: 'Sgot: (-inf..20.5]', not 'Mcv: (84.25..90.5]', not 'Gammagt: (-inf..28.25]', not 'Drinks: (-inf..2.75]' => 'Sgpt: (-inf..23.5]'
c1 rule: 'Alkphos: (-inf..54.25]', 'Sgot: (-inf..20.5]', not 'Mcv: (90.5..96.75]', not 'Drinks: (-inf..2.75]' => 'Sgpt: (-inf..23.5]'
c1 rule: 'Alkphos: (92.75..+inf)', 'Sgot: (20.5..32.0]', 'Gammagt: (-inf..28.25]', not 'Drinks: (-inf..2.75]' => 'Sgpt: (-inf..23.5]'
c1 rule: 'Alkphos: (73.5..92.75]', 'Sgot: (-inf..20.5]', 'Drinks: (2.75..6.5]', not 'Mcv: (84.25..90.5]' => 'Sgpt: (-inf..23.5]'
c1 rule: 'Alkphos: (73.5..92.75]', 'Sgot: (-inf..20.5]', 'Gammagt: (-inf..28.25]', 'Drinks: (2.75..6.5]' => 'Sgpt: (-inf..23.5]'
c1 rule: 'Alkphos: (92.75..+inf)', 'Gammagt: (-inf..28.25]', 'Drinks: (-inf..2.75]', not 'Mcv: (84.25..90.5]' => 'Sgpt: (-inf..23.5]'
c1 rule: 'Mcv: (84.25..90.5]', 'Alkphos: (54.25..73.5]', 'Sgot: (20.5..32.0]', 'Drinks: (6.5..10.5]' => 'Sgpt: (-inf..23.5]'
c1 rule: 'Alkphos: (-inf..54.25]', 'Sgot: (20.5..32.0]', 'Gammagt: (-inf..28.25]', not 'Mcv: (84.25..90.5]', not 'Drinks: (6.5..10.5]' => 'Sgpt: (-inf..23.5]'
c1 # of rules: 27
c1 rule time: 0.0290

c1 computing class: (23.5..40.0]
c1 discrimination constraints: 106h
c1 coverage constraints: 79v+1660h
c1 formula: 127v, 1838c (1790h+48s)
c1 enumerating rules (maxsat-based)
c1 rule: 'Gammagt: (-inf..28.25]', 'Drinks: (10.5..+inf)' => 'Sgpt: (23.5..40.0]'
c1 rule: 'Mcv: (-inf..84.25]', 'Alkphos: (92.75..+inf)' => 'Sgpt: (23.5..40.0]'
c1 rule: 'Sgot: (-inf..20.5]', 'Gammagt: (89.75..+inf)', not 'Drinks: (2.75..6.5]' => 'Sgpt: (23.5..40.0]'
c1 rule: 'Sgot: (46.0..+inf)', not 'Mcv: (90.5..96.75]', not 'Drinks: (2.75..6.5]' => 'Sgpt: (23.5..40.0]'
c1 rule: 'Sgot: (32.0..46.0]', 'Gammagt: (-inf..28.25]', not 'Alkphos: (-inf..54.25]' => 'Sgpt: (23.5..40.0]'
c1 rule: 'Mcv: (84.25..90.5]', 'Gammagt: (89.75..+inf)', not 'Alkphos: (73.5..92.75]' => 'Sgpt: (23.5..40.0]'
c1 rule: 'Mcv: (96.75..+inf)', 'Alkphos: (-inf..54.25]', 'Gammagt: (52.5..89.75]' => 'Sgpt: (23.5..40.0]'
c1 rule: 'Mcv: (-inf..84.25]', 'Gammagt: (52.5..89.75]', 'Drinks: (2.75..6.5]' => 'Sgpt: (23.5..40.0]'
c1 rule: 'Alkphos: (92.75..+inf)', 'Sgot: (20.5..32.0]', 'Gammagt: (89.75..+inf)' => 'Sgpt: (23.5..40.0]'
c1 rule: 'Alkphos: (73.5..92.75]', 'Sgot: (-inf..20.5]', 'Gammagt: (28.25..52.5]' => 'Sgpt: (23.5..40.0]'
c1 rule: 'Sgot: (20.5..32.0]', 'Gammagt: (52.5..89.75]', 'Drinks: (2.75..6.5]' => 'Sgpt: (23.5..40.0]'
c1 rule: 'Mcv: (96.75..+inf)', 'Alkphos: (92.75..+inf)', not 'Gammagt: (52.5..89.75]' => 'Sgpt: (23.5..40.0]'
c1 rule: 'Alkphos: (92.75..+inf)', 'Sgot: (20.5..32.0]', 'Gammagt: (52.5..89.75]' => 'Sgpt: (23.5..40.0]'
c1 rule: 'Mcv: (84.25..90.5]', 'Alkphos: (92.75..+inf)', not 'Gammagt: (-inf..28.25]' => 'Sgpt: (23.5..40.0]'
c1 rule: 'Sgot: (32.0..46.0]', 'Gammagt: (28.25..52.5]', 'Drinks: (2.75..6.5]' => 'Sgpt: (23.5..40.0]'
c1 rule: 'Alkphos: (-inf..54.25]', 'Gammagt: (28.25..52.5]', 'Drinks: (6.5..10.5]' => 'Sgpt: (23.5..40.0]'
c1 rule: 'Gammagt: (28.25..52.5]', 'Drinks: (6.5..10.5]', not 'Sgot: (20.5..32.0]' => 'Sgpt: (23.5..40.0]'
c1 rule: 'Mcv: (-inf..84.25]', 'Alkphos: (-inf..54.25]', not 'Gammagt: (-inf..28.25]' => 'Sgpt: (23.5..40.0]'
c1 rule: 'Alkphos: (54.25..73.5]', 'Sgot: (32.0..46.0]', 'Gammagt: (28.25..52.5]' => 'Sgpt: (23.5..40.0]'
c1 rule: 'Mcv: (96.75..+inf)', 'Alkphos: (54.25..73.5]', 'Sgot: (20.5..32.0]' => 'Sgpt: (23.5..40.0]'
c1 rule: 'Mcv: (96.75..+inf)', 'Drinks: (6.5..10.5]', not 'Sgot: (-inf..20.5]' => 'Sgpt: (23.5..40.0]'
c1 rule: 'Mcv: (84.25..90.5]', 'Sgot: (-inf..20.5]', 'Gammagt: (52.5..89.75]' => 'Sgpt: (23.5..40.0]'
c1 rule: 'Mcv: (-inf..84.25]', 'Sgot: (-inf..20.5]', 'Gammagt: (28.25..52.5]' => 'Sgpt: (23.5..40.0]'
c1 rule: 'Alkphos: (54.25..73.5]', 'Sgot: (20.5..32.0]', 'Gammagt: (89.75..+inf)', not 'Drinks: (6.5..10.5]' => 'Sgpt: (23.5..40.0]'
c1 rule: 'Mcv: (84.25..90.5]', 'Alkphos: (54.25..73.5]', 'Gammagt: (28.25..52.5]', not 'Drinks: (2.75..6.5]' => 'Sgpt: (23.5..40.0]'
c1 rule: 'Alkphos: (54.25..73.5]', 'Gammagt: (28.25..52.5]', not 'Sgot: (20.5..32.0]', not 'Drinks: (2.75..6.5]' => 'Sgpt: (23.5..40.0]'
c1 rule: 'Mcv: (84.25..90.5]', 'Alkphos: (54.25..73.5]', 'Sgot: (-inf..20.5]', not 'Gammagt: (-inf..28.25]' => 'Sgpt: (23.5..40.0]'
c1 rule: 'Mcv: (84.25..90.5]', 'Drinks: (6.5..10.5]', not 'Sgot: (32.0..46.0]', not 'Gammagt: (-inf..28.25]' => 'Sgpt: (23.5..40.0]'
c1 rule: 'Mcv: (90.5..96.75]', 'Sgot: (20.5..32.0]', 'Gammagt: (52.5..89.75]', not 'Alkphos: (-inf..54.25]' => 'Sgpt: (23.5..40.0]'
c1 rule: 'Alkphos: (92.75..+inf)', 'Gammagt: (-inf..28.25]', 'Drinks: (2.75..6.5]', not 'Mcv: (84.25..90.5]' => 'Sgpt: (23.5..40.0]'
c1 rule: 'Mcv: (84.25..90.5]', 'Alkphos: (92.75..+inf)', not 'Sgot: (20.5..32.0]', not 'Drinks: (2.75..6.5]' => 'Sgpt: (23.5..40.0]'
c1 rule: 'Mcv: (84.25..90.5]', 'Sgot: (-inf..20.5]', 'Drinks: (6.5..10.5]', not 'Alkphos: (-inf..54.25]' => 'Sgpt: (23.5..40.0]'
c1 rule: 'Mcv: (90.5..96.75]', 'Alkphos: (-inf..54.25]', 'Gammagt: (28.25..52.5]', 'Drinks: (2.75..6.5]' => 'Sgpt: (23.5..40.0]'
c1 rule: 'Mcv: (90.5..96.75]', 'Alkphos: (54.25..73.5]', 'Gammagt: (89.75..+inf)', 'Drinks: (2.75..6.5]' => 'Sgpt: (23.5..40.0]'
c1 rule: 'Mcv: (90.5..96.75]', 'Sgot: (20.5..32.0]', 'Gammagt: (-inf..28.25]', 'Drinks: (6.5..10.5]', not 'Alkphos: (-inf..54.25]' => 'Sgpt: (23.5..40.0]'
c1 rule: 'Mcv: (84.25..90.5]', 'Alkphos: (-inf..54.25]', 'Sgot: (-inf..20.5]', 'Drinks: (-inf..2.75]', not 'Gammagt: (28.25..52.5]' => 'Sgpt: (23.5..40.0]'
c1 # of rules: 36
c1 rule time: 0.0467

c1 computing class: (40.0..60.0]
c1 discrimination constraints: 154h
c1 coverage constraints: 31v+652h
c1 formula: 79v, 878c (830h+48s)
c1 enumerating rules (maxsat-based)
c1 rule: 'Gammagt: (52.5..89.75]', 'Drinks: (10.5..+inf)' => 'Sgpt: (40.0..60.0]'
c1 rule: 'Alkphos: (92.75..+inf)', 'Drinks: (10.5..+inf)' => 'Sgpt: (40.0..60.0]'
c1 rule: 'Mcv: (84.25..90.5]', 'Sgot: (32.0..46.0]', 'Drinks: (6.5..10.5]' => 'Sgpt: (40.0..60.0]'
c1 rule: 'Alkphos: (73.5..92.75]', 'Sgot: (20.5..32.0]', 'Gammagt: (89.75..+inf)' => 'Sgpt: (40.0..60.0]'
c1 rule: 'Alkphos: (73.5..92.75]', 'Sgot: (32.0..46.0]', 'Drinks: (2.75..6.5]' => 'Sgpt: (40.0..60.0]'
c1 rule: 'Mcv: (-inf..84.25]', 'Gammagt: (28.25..52.5]', 'Drinks: (2.75..6.5]' => 'Sgpt: (40.0..60.0]'
c1 rule: 'Mcv: (90.5..96.75]', 'Alkphos: (-inf..54.25]', 'Sgot: (32.0..46.0]' => 'Sgpt: (40.0..60.0]'
c1 rule: 'Sgot: (46.0..+inf)', 'Gammagt: (52.5..89.75]', not 'Alkphos: (54.25..73.5]' => 'Sgpt: (40.0..60.0]'
c1 rule: 'Alkphos: (92.75..+inf)', 'Sgot: (32.0..46.0]', 'Gammagt: (89.75..+inf)' => 'Sgpt: (40.0..60.0]'
c1 rule: 'Sgot: (46.0..+inf)', 'Gammagt: (52.5..89.75]', not 'Drinks: (-inf..2.75]' => 'Sgpt: (40.0..60.0]'
c1 rule: 'Alkphos: (73.5..92.75]', 'Gammagt: (52.5..89.75]', not 'Sgot: (-inf..20.5]' => 'Sgpt: (40.0..60.0]'
c1 rule: 'Drinks: (10.5..+inf)', not 'Alkphos: (73.5..92.75]', not 'Gammagt: (-inf..28.25]' => 'Sgpt: (40.0..60.0]'
c1 rule: 'Mcv: (96.75..+inf)', 'Alkphos: (92.75..+inf)', 'Sgot: (32.0..46.0]' => 'Sgpt: (40.0..60.0]'
c1 rule: 'Mcv: (90.5..96.75]', 'Alkphos: (92.75..+inf)', 'Sgot: (20.5..32.0]', 'Drinks: (6.5..10.5]' => 'Sgpt: (40.0..60.0]'
c1 rule: 'Mcv: (90.5..96.75]', 'Alkphos: (92.75..+inf)', 'Sgot: (20.5..32.0]', 'Drinks: (2.75..6.5]' => 'Sgpt: (40.0..60.0]'
c1 rule: 'Gammagt: (89.75..+inf)', 'Drinks: (-inf..2.75]', not 'Mcv: (90.5..96.75]', not 'Sgot: (-inf..20.5]' => 'Sgpt: (40.0..60.0]'
c1 rule: 'Mcv: (90.5..96.75]', 'Alkphos: (-inf..54.25]', 'Sgot: (20.5..32.0]', 'Gammagt: (52.5..89.75]' => 'Sgpt: (40.0..60.0]'
c1 # of rules: 17
c1 rule time: 0.0154

c1 computing class: (60.0..+inf)
c1 discrimination constraints: 169h
c1 coverage constraints: 16v+337h
c1 formula: 64v, 578c (530h+48s)
c1 enumerating rules (maxsat-based)
c1 rule: 'Sgot: (46.0..+inf)', 'Drinks: (-inf..2.75]' => 'Sgpt: (60.0..+inf)'
c1 rule: 'Sgot: (46.0..+inf)', 'Gammagt: (28.25..52.5]' => 'Sgpt: (60.0..+inf)'
c1 rule: 'Alkphos: (-inf..54.25]', 'Sgot: (46.0..+inf)' => 'Sgpt: (60.0..+inf)'
c1 rule: 'Alkphos: (73.5..92.75]', 'Sgot: (32.0..46.0]', 'Gammagt: (28.25..52.5]' => 'Sgpt: (60.0..+inf)'
c1 rule: 'Mcv: (90.5..96.75]', 'Sgot: (32.0..46.0]', 'Drinks: (-inf..2.75]' => 'Sgpt: (60.0..+inf)'
c1 rule: 'Alkphos: (-inf..54.25]', 'Gammagt: (89.75..+inf)', not 'Mcv: (90.5..96.75]' => 'Sgpt: (60.0..+inf)'
c1 rule: 'Mcv: (90.5..96.75]', 'Sgot: (32.0..46.0]', 'Gammagt: (52.5..89.75]' => 'Sgpt: (60.0..+inf)'
c1 rule: 'Mcv: (96.75..+inf)', 'Gammagt: (89.75..+inf)', not 'Alkphos: (73.5..92.75]' => 'Sgpt: (60.0..+inf)'
c1 rule: 'Mcv: (-inf..84.25]', 'Gammagt: (89.75..+inf)', not 'Alkphos: (73.5..92.75]' => 'Sgpt: (60.0..+inf)'
c1 rule: 'Mcv: (90.5..96.75]', 'Sgot: (46.0..+inf)', 'Gammagt: (89.75..+inf)' => 'Sgpt: (60.0..+inf)'
c1 rule: 'Alkphos: (-inf..54.25]', 'Gammagt: (-inf..28.25]', 'Drinks: (6.5..10.5]', not 'Mcv: (84.25..90.5]' => 'Sgpt: (60.0..+inf)'
c1 # of rules: 11
c1 rule time: 0.0089

c2 total rules: 91

c0 computing feature 4
c1 computing class: (-inf..20.5]
c1 discrimination constraints: 131h
c1 coverage constraints: 54v+1135h
c1 formula: 102v, 1338c (1290h+48s)
c1 enumerating rules (maxsat-based)
c1 rule: 'Mcv: (-inf..84.25]', 'Alkphos: (92.75..+inf)' => 'Sgot: (-inf..20.5]'
c1 rule: 'Mcv: (-inf..84.25]', 'Sgpt: (23.5..40.0]', 'Gammagt: (89.75..+inf)' => 'Sgot: (-inf..20.5]'
c1 rule: 'Alkphos: (73.5..92.75]', 'Sgpt: (23.5..40.0]', 'Gammagt: (52.5..89.75]' => 'Sgot: (-inf..20.5]'
c1 rule: 'Alkphos: (73.5..92.75]', 'Gammagt: (52.5..89.75]', not 'Sgpt: (40.0..60.0]' => 'Sgot: (-inf..20.5]'
c1 rule: 'Mcv: (-inf..84.25]', 'Gammagt: (52.5..89.75]', not 'Sgpt: (23.5..40.0]' => 'Sgot: (-inf..20.5]'
c1 rule: 'Alkphos: (-inf..54.25]', 'Gammagt: (52.5..89.75]', 'Drinks: (-inf..2.75]' => 'Sgot: (-inf..20.5]'
c1 rule: 'Alkphos: (54.25..73.5]', 'Sgpt: (-inf..23.5]', 'Gammagt: (52.5..89.75]' => 'Sgot: (-inf..20.5]'
c1 rule: 'Mcv: (90.5..96.75]', 'Sgpt: (-inf..23.5]', 'Gammagt: (52.5..89.75]' => 'Sgot: (-inf..20.5]'
c1 rule: 'Alkphos: (92.75..+inf)', 'Sgpt: (-inf..23.5]', not 'Gammagt: (-inf..28.25]' => 'Sgot: (-inf..20.5]'
c1 rule: 'Alkphos: (92.75..+inf)', 'Gammagt: (-inf..28.25]', not 'Mcv: (84.25..90.5]' => 'Sgot: (-inf..20.5]'
c1 rule: 'Sgpt: (-inf..23.5]', 'Gammagt: (89.75..+inf)', 'Drinks: (2.75..6.5]' => 'Sgot: (-inf..20.5]'
c1 rule: 'Mcv: (-inf..84.25]', 'Gammagt: (-inf..28.25]', not 'Drinks: (2.75..6.5]' => 'Sgot: (-inf..20.5]'
c1 rule: 'Mcv: (-inf..84.25]', 'Alkphos: (54.25..73.5]', 'Drinks: (-inf..2.75]' => 'Sgot: (-inf..20.5]'
c1 rule: 'Alkphos: (92.75..+inf)', 'Sgpt: (40.0..60.0]', 'Drinks: (-inf..2.75]' => 'Sgot: (-inf..20.5]'
c1 rule: 'Mcv: (96.75..+inf)', 'Gammagt: (-inf..28.25]', not 'Drinks: (-inf..2.75]' => 'Sgot: (-inf..20.5]'
c1 rule: 'Mcv: (96.75..+inf)', 'Alkphos: (54.25..73.5]', 'Sgpt: (-inf..23.5]' => 'Sgot: (-inf..20.5]'
c1 rule: 'Alkphos: (-inf..54.25]', 'Sgpt: (-inf..23.5]', 'Drinks: (6.5..10.5]' => 'Sgot: (-inf..20.5]'
c1 rule: 'Mcv: (90.5..96.75]', 'Sgpt: (-inf..23.5]', 'Drinks: (6.5..10.5]', not 'Gammagt: (89.75..+inf)' => 'Sgot: (-inf..20.5]'
c1 rule: 'Mcv: (90.5..96.75]', 'Sgpt: (-inf..23.5]', 'Drinks: (2.75..6.5]', not 'Gammagt: (-inf..28.25]' => 'Sgot: (-inf..20.5]'
c1 rule: 'Alkphos: (73.5..92.75]', 'Gammagt: (28.25..52.5]', 'Drinks: (2.75..6.5]', not 'Mcv: (90.5..96.75]' => 'Sgot: (-inf..20.5]'
c1 rule: 'Alkphos: (92.75..+inf)', 'Gammagt: (-inf..28.25]', 'Drinks: (2.75..6.5]', not 'Sgpt: (-inf..23.5]' => 'Sgot: (-inf..20.5]'
c1 rule: 'Alkphos: (-inf..54.25]', 'Sgpt: (23.5..40.0]', 'Gammagt: (-inf..28.25]', not 'Mcv: (84.25..90.5]' => 'Sgot: (-inf..20.5]'
c1 rule: 'Gammagt: (-inf..28.25]', 'Drinks: (6.5..10.5]', not 'Mcv: (90.5..96.75]', not 'Sgpt: (-inf..23.5]' => 'Sgot: (-inf..20.5]'
c1 rule: 'Mcv: (90.5..96.75]', 'Alkphos: (73.5..92.75]', 'Drinks: (-inf..2.75]', not 'Gammagt: (28.25..52.5]' => 'Sgot: (-inf..20.5]'
c1 rule: 'Mcv: (84.25..90.5]', 'Alkphos: (-inf..54.25]', 'Sgpt: (-inf..23.5]', 'Gammagt: (-inf..28.25]', not 'Drinks: (-inf..2.75]' => 'Sgot: (-inf..20.5]'
c1 rule: 'Mcv: (84.25..90.5]', 'Alkphos: (-inf..54.25]', 'Sgpt: (-inf..23.5]', 'Drinks: (-inf..2.75]', not 'Gammagt: (-inf..28.25]' => 'Sgot: (-inf..20.5]'
c1 # of rules: 26
c1 rule time: 0.0266

c1 computing class: (20.5..32.0]
c1 discrimination constraints: 95h
c1 coverage constraints: 90v+1891h
c1 formula: 138v, 2058c (2010h+48s)
c1 enumerating rules (maxsat-based)
c1 rule: 'Sgpt: (-inf..23.5]', 'Drinks: (10.5..+inf)' => 'Sgot: (20.5..32.0]'
c1 rule: 'Gammagt: (-inf..28.25]', 'Drinks: (10.5..+inf)' => 'Sgot: (20.5..32.0]'
c1 rule: 'Gammagt: (28.25..52.5]', 'Drinks: (10.5..+inf)' => 'Sgot: (20.5..32.0]'
c1 rule: 'Sgpt: (40.0..60.0]', 'Gammagt: (28.25..52.5]' => 'Sgot: (20.5..32.0]'
c1 rule: 'Mcv: (96.75..+inf)', 'Gammagt: (28.25..52.5]' => 'Sgot: (20.5..32.0]'
c1 rule: 'Sgpt: (60.0..+inf)', 'Gammagt: (-inf..28.25]' => 'Sgot: (20.5..32.0]'
c1 rule: 'Mcv: (84.25..90.5]', 'Sgpt: (60.0..+inf)', 'Gammagt: (52.5..89.75]' => 'Sgot: (20.5..32.0]'
c1 rule: 'Gammagt: (28.25..52.5]', 'Drinks: (6.5..10.5]', not 'Sgpt: (23.5..40.0]' => 'Sgot: (20.5..32.0]'
c1 rule: 'Gammagt: (28.25..52.5]', 'Drinks: (6.5..10.5]', not 'Alkphos: (92.75..+inf)' => 'Sgot: (20.5..32.0]'
c1 rule: 'Mcv: (-inf..84.25]', 'Alkphos: (73.5..92.75]', not 'Drinks: (-inf..2.75]' => 'Sgot: (20.5..32.0]'
c1 rule: 'Mcv: (-inf..84.25]', 'Sgpt: (-inf..23.5]', not 'Drinks: (-inf..2.75]' => 'Sgot: (20.5..32.0]'
c1 rule: 'Mcv: (-inf..84.25]', 'Alkphos: (-inf..54.25]', not 'Gammagt: (-inf..28.25]' => 'Sgot: (20.5..32.0]'
c1 rule: 'Alkphos: (-inf..54.25]', 'Sgpt: (23.5..40.0]', 'Gammagt: (28.25..52.5]' => 'Sgot: (20.5..32.0]'
c1 rule: 'Alkphos: (-inf..54.25]', 'Gammagt: (28.25..52.5]', not 'Mcv: (84.25..90.5]' => 'Sgot: (20.5..32.0]'
c1 rule: 'Alkphos: (-inf..54.25]', 'Gammagt: (28.25..52.5]', not 'Drinks: (-inf..2.75]' => 'Sgot: (20.5..32.0]'
c1 rule: 'Alkphos: (54.25..73.5]', 'Sgpt: (40.0..60.0]', 'Drinks: (-inf..2.75]' => 'Sgot: (20.5..32.0]'
c1 rule: 'Alkphos: (54.25..73.5]', 'Sgpt: (40.0..60.0]', 'Gammagt: (-inf..28.25]' => 'Sgot: (20.5..32.0]'
c1 rule: 'Sgpt: (40.0..60.0]', 'Gammagt: (-inf..28.25]', not 'Drinks: (-inf..2.75]' => 'Sgot: (20.5..32.0]'
c1 rule: 'Alkphos: (73.5..92.75]', 'Gammagt: (-inf..28.25]', 'Drinks: (6.5..10.5]' => 'Sgot: (20.5..32.0]'
c1 rule: 'Mcv: (96.75..+inf)', 'Alkphos: (73.5..92.75]', 'Drinks: (-inf..2.75]' => 'Sgot: (20.5..32.0]'
c1 rule: 'Mcv: (96.75..+inf)', 'Drinks: (-inf..2.75]', not 'Sgpt: (-inf..23.5]' => 'Sgot: (20.5..32.0]'
c1 rule: 'Mcv: (84.25..90.5]', 'Alkphos: (92.75..+inf)', 'Drinks: (6.5..10.5]' => 'Sgot: (20.5..32.0]'
c1 rule: 'Alkphos: (92.75..+inf)', 'Gammagt: (28.25..52.5]', 'Drinks: (-inf..2.75]' => 'Sgot: (20.5..32.0]'
c1 rule: 'Alkphos: (92.75..+inf)', 'Sgpt: (23.5..40.0]', 'Gammagt: (52.5..89.75]' => 'Sgot: (20.5..32.0]'
c1 rule: 'Mcv: (90.5..96.75]', 'Sgpt: (23.5..40.0]', 'Gammagt: (52.5..89.75]' => 'Sgot: (20.5..32.0]'
c1 rule: 'Alkphos: (54.25..73.5]', 'Sgpt: (-inf..23.5]', 'Gammagt: (89.75..+inf)' => 'Sgot: (20.5..32.0]'
c1 rule: 'Mcv: (84.25..90.5]', 'Gammagt: (89.75..+inf)', 'Drinks: (-inf..2.75]' => 'Sgot: (20.5..32.0]'
c1 rule: 'Alkphos: (92.75..+inf)', 'Gammagt: (89.75..+inf)', 'Drinks: (-inf..2.75]' => 'Sgot: (20.5..32.0]'
c1 rule: 'Mcv: (96.75..+inf)', 'Sgpt: (23.5..40.0]', 'Drinks: (2.75..6.5]' => 'Sgot: (20.5..32.0]'
c1 rule: 'Alkphos: (73.5..92.75]', 'Sgpt: (-inf..23.5]', 'Gammagt: (28.25..52.5]' => 'Sgot: (20.5..32.0]'
c1 rule: 'Alkphos: (-inf..54.25]', 'Sgpt: (40.0..60.0]', 'Gammagt: (52.5..89.75]' => 'Sgot: (20.5..32.0]'
c1 rule: 'Alkphos: (-inf..54.25]', 'Sgpt: (23.5..40.0]', 'Drinks: (6.5..10.5]' => 'Sgot: (20.5..32.0]'
c1 rule: 'Alkphos: (54.25..73.5]', 'Sgpt: (-inf..23.5]', 'Drinks: (6.5..10.5]', not 'Mcv: (90.5..96.75]' => 'Sgot: (20.5..32.0]'
c1 rule: 'Mcv: (84.25..90.5]', 'Alkphos: (54.25..73.5]', 'Sgpt: (-inf..23.5]', not 'Gammagt: (-inf..28.25]' => 'Sgot: (20.5..32.0]'
c1 rule: 'Mcv: (84.25..90.5]', 'Alkphos: (54.25..73.5]', 'Gammagt: (52.5..89.75]', not 'Drinks: (6.5..10.5]' => 'Sgot: (20.5..32.0]'
c1 rule: 'Alkphos: (54.25..73.5]', 'Sgpt: (23.5..40.0]', 'Gammagt: (89.75..+inf)', not 'Drinks: (2.75..6.5]' => 'Sgot: (20.5..32.0]'
c1 rule: 'Alkphos: (92.75..+inf)', 'Drinks: (-inf..2.75]', not 'Mcv: (90.5..96.75]', not 'Sgpt: (23.5..40.0]' => 'Sgot: (20.5..32.0]'
c1 rule: 'Alkphos: (73.5..92.75]', 'Gammagt: (-inf..28.25]', not 'Sgpt: (-inf..23.5]', not 'Drinks: (-inf..2.75]' => 'Sgot: (20.5..32.0]'
c1 rule: 'Mcv: (90.5..96.75]', 'Alkphos: (73.5..92.75]', 'Drinks: (2.75..6.5]', not 'Sgpt: (-inf..23.5]' => 'Sgot: (20.5..32.0]'
c1 rule: 'Mcv: (84.25..90.5]', 'Alkphos: (73.5..92.75]', 'Gammagt: (52.5..89.75]', not 'Sgpt: (23.5..40.0]' => 'Sgot: (20.5..32.0]'
c1 rule: 'Mcv: (84.25..90.5]', 'Alkphos: (73.5..92.75]', 'Gammagt: (28.25..52.5]', 'Drinks: (-inf..2.75]' => 'Sgot: (20.5..32.0]'
c1 rule: 'Mcv: (90.5..96.75]', 'Sgpt: (23.5..40.0]', 'Gammagt: (-inf..28.25]', 'Drinks: (6.5..10.5]' => 'Sgot: (20.5..32.0]'
c1 rule: 'Mcv: (-inf..84.25]', 'Alkphos: (73.5..92.75]', not 'Sgpt: (60.0..+inf)', not 'Gammagt: (89.75..+inf)' => 'Sgot: (20.5..32.0]'
c1 rule: 'Mcv: (90.5..96.75]', 'Sgpt: (60.0..+inf)', 'Gammagt: (28.25..52.5]', not 'Alkphos: (92.75..+inf)' => 'Sgot: (20.5..32.0]'
c1 rule: 'Mcv: (84.25..90.5]', 'Alkphos: (-inf..54.25]', not 'Sgpt: (-inf..23.5]', not 'Drinks: (-inf..2.75]' => 'Sgot: (20.5..32.0]'
c1 rule: 'Sgpt: (23.5..40.0]', 'Gammagt: (28.25..52.5]', not 'Mcv: (84.25..90.5]', not 'Alkphos: (92.75..+inf)', not 'Drinks: (-inf..2.75]' => 'Sgot: (20.5..32.0]'
c1 rule: 'Mcv: (84.25..90.5]', 'Alkphos: (-inf..54.25]', 'Sgpt: (-inf..23.5]', 'Drinks: (-inf..2.75]', not 'Gammagt: (28.25..52.5]' => 'Sgot: (20.5..32.0]'
c1 # of rules: 47
c1 rule time: 0.0537

c1 computing class: (32.0..46.0]
c1 discrimination constraints: 155h
c1 coverage constraints: 30v+631h
c1 formula: 78v, 858c (810h+48s)
c1 enumerating rules (maxsat-based)
c1 rule: 'Alkphos: (92.75..+inf)', 'Drinks: (10.5..+inf)' => 'Sgot: (32.0..46.0]'
c1 rule: 'Sgpt: (40.0..60.0]', 'Drinks: (10.5..+inf)' => 'Sgot: (32.0..46.0]'
c1 rule: 'Mcv: (96.75..+inf)', 'Sgpt: (40.0..60.0]' => 'Sgot: (32.0..46.0]'
c1 rule: 'Gammagt: (89.75..+inf)', 'Drinks: (10.5..+inf)' => 'Sgot: (32.0..46.0]'
c1 rule: 'Alkphos: (73.5..92.75]', 'Sgpt: (60.0..+inf)' => 'Sgot: (32.0..46.0]'
c1 rule: 'Mcv: (-inf..84.25]', 'Sgpt: (60.0..+inf)' => 'Sgot: (32.0..46.0]'
c1 rule: 'Mcv: (-inf..84.25]', 'Gammagt: (52.5..89.75]', 'Drinks: (2.75..6.5]' => 'Sgot: (32.0..46.0]'
c1 rule: 'Mcv: (-inf..84.25]', 'Gammagt: (89.75..+inf)', not 'Sgpt: (23.5..40.0]' => 'Sgot: (32.0..46.0]'
c1 rule: 'Mcv: (84.25..90.5]', 'Gammagt: (89.75..+inf)', 'Drinks: (6.5..10.5]' => 'Sgot: (32.0..46.0]'
c1 rule: 'Mcv: (84.25..90.5]', 'Sgpt: (40.0..60.0]', 'Drinks: (6.5..10.5]' => 'Sgot: (32.0..46.0]'
c1 rule: 'Sgpt: (40.0..60.0]', 'Gammagt: (89.75..+inf)', 'Drinks: (6.5..10.5]' => 'Sgot: (32.0..46.0]'
c1 rule: 'Sgpt: (60.0..+inf)', 'Gammagt: (52.5..89.75]', not 'Drinks: (-inf..2.75]' => 'Sgot: (32.0..46.0]'
c1 rule: 'Sgpt: (60.0..+inf)', not 'Mcv: (90.5..96.75]', not 'Alkphos: (54.25..73.5]' => 'Sgot: (32.0..46.0]'
c1 rule: 'Mcv: (84.25..90.5]', 'Sgpt: (-inf..23.5]', 'Gammagt: (52.5..89.75]' => 'Sgot: (32.0..46.0]'
c1 rule: 'Sgpt: (60.0..+inf)', 'Gammagt: (89.75..+inf)', 'Drinks: (-inf..2.75]' => 'Sgot: (32.0..46.0]'
c1 rule: 'Sgpt: (40.0..60.0]', 'Gammagt: (89.75..+inf)', not 'Drinks: (-inf..2.75]' => 'Sgot: (32.0..46.0]'
c1 rule: 'Mcv: (90.5..96.75]', 'Alkphos: (92.75..+inf)', 'Sgpt: (23.5..40.0]', 'Gammagt: (28.25..52.5]' => 'Sgot: (32.0..46.0]'
c1 rule: 'Mcv: (96.75..+inf)', 'Sgpt: (23.5..40.0]', 'Gammagt: (52.5..89.75]', not 'Drinks: (2.75..6.5]' => 'Sgot: (32.0..46.0]'
c1 rule: 'Sgpt: (23.5..40.0]', 'Gammagt: (89.75..+inf)', 'Drinks: (2.75..6.5]', not 'Mcv: (84.25..90.5]' => 'Sgot: (32.0..46.0]'
c1 rule: 'Alkphos: (-inf..54.25]', 'Sgpt: (40.0..60.0]', 'Gammagt: (-inf..28.25]', not 'Drinks: (2.75..6.5]' => 'Sgot: (32.0..46.0]'
c1 # of rules: 20
c1 rule time: 0.0160

c1 computing class: (46.0..+inf)
c1 discrimination constraints: 174h
c1 coverage constraints: 11v+232h
c1 formula: 59v, 478c (430h+48s)
c1 enumerating rules (maxsat-based)
c1 rule: 'Alkphos: (92.75..+inf)', 'Sgpt: (60.0..+inf)' => 'Sgot: (46.0..+inf)'
c1 rule: 'Mcv: (84.25..90.5]', 'Sgpt: (60.0..+inf)', not 'Drinks: (-inf..2.75]' => 'Sgot: (46.0..+inf)'
c1 rule: 'Mcv: (96.75..+inf)', 'Alkphos: (54.25..73.5]', 'Sgpt: (60.0..+inf)' => 'Sgot: (46.0..+inf)'
c1 rule: 'Mcv: (96.75..+inf)', 'Gammagt: (89.75..+inf)', not 'Drinks: (2.75..6.5]' => 'Sgot: (46.0..+inf)'
c1 rule: 'Mcv: (90.5..96.75]', 'Alkphos: (73.5..92.75]', 'Drinks: (6.5..10.5]' => 'Sgot: (46.0..+inf)'
c1 rule: 'Mcv: (84.25..90.5]', 'Alkphos: (92.75..+inf)', 'Gammagt: (89.75..+inf)' => 'Sgot: (46.0..+inf)'
c1 rule: 'Alkphos: (54.25..73.5]', 'Sgpt: (40.0..60.0]', 'Gammagt: (52.5..89.75]', not 'Mcv: (84.25..90.5]' => 'Sgot: (46.0..+inf)'
c1 rule: 'Alkphos: (-inf..54.25]', 'Gammagt: (89.75..+inf)', not 'Mcv: (96.75..+inf)', not 'Sgpt: (40.0..60.0]' => 'Sgot: (46.0..+inf)'
c1 rule: 'Mcv: (90.5..96.75]', 'Sgpt: (60.0..+inf)', 'Drinks: (-inf..2.75]', not 'Gammagt: (89.75..+inf)' => 'Sgot: (46.0..+inf)'
c1 # of rules: 9
c1 rule time: 0.0073

c2 total rules: 102

c0 computing feature 5
c1 computing class: (-inf..28.25]
c1 discrimination constraints: 110h
c1 coverage constraints: 75v+1576h
c1 formula: 123v, 1758c (1710h+48s)
c1 enumerating rules (maxsat-based)
c1 rule: 'Mcv: (-inf..84.25]', 'Alkphos: (92.75..+inf)' => 'Gammagt: (-inf..28.25]'
c1 rule: 'Sgpt: (-inf..23.5]', 'Sgot: (46.0..+inf)' => 'Gammagt: (-inf..28.25]'
c1 rule: 'Mcv: (96.75..+inf)', 'Drinks: (-inf..2.75]' => 'Gammagt: (-inf..28.25]'
c1 rule: 'Mcv: (-inf..84.25]', 'Sgpt: (-inf..23.5]', 'Drinks: (2.75..6.5]' => 'Gammagt: (-inf..28.25]'
c1 rule: 'Sgpt: (23.5..40.0]', 'Sgot: (-inf..20.5]', 'Drinks: (6.5..10.5]' => 'Gammagt: (-inf..28.25]'
c1 rule: 'Sgot: (-inf..20.5]', 'Drinks: (6.5..10.5]', not 'Alkphos: (73.5..92.75]' => 'Gammagt: (-inf..28.25]'
c1 rule: 'Mcv: (84.25..90.5]', 'Sgpt: (-inf..23.5]', 'Drinks: (6.5..10.5]' => 'Gammagt: (-inf..28.25]'
c1 rule: 'Mcv: (96.75..+inf)', 'Alkphos: (54.25..73.5]', 'Sgot: (-inf..20.5]' => 'Gammagt: (-inf..28.25]'
c1 rule: 'Sgpt: (60.0..+inf)', 'Sgot: (20.5..32.0]', not 'Alkphos: (54.25..73.5]' => 'Gammagt: (-inf..28.25]'
c1 rule: 'Mcv: (84.25..90.5]', 'Alkphos: (92.75..+inf)', not 'Sgpt: (23.5..40.0]' => 'Gammagt: (-inf..28.25]'
c1 rule: 'Mcv: (-inf..84.25]', 'Alkphos: (-inf..54.25]', not 'Sgpt: (23.5..40.0]' => 'Gammagt: (-inf..28.25]'
c1 rule: 'Mcv: (-inf..84.25]', 'Alkphos: (-inf..54.25]', not 'Sgot: (20.5..32.0]' => 'Gammagt: (-inf..28.25]'
c1 rule: 'Alkphos: (-inf..54.25]', 'Sgot: (32.0..46.0]', 'Drinks: (-inf..2.75]' => 'Gammagt: (-inf..28.25]'
c1 rule: 'Alkphos: (92.75..+inf)', 'Sgot: (32.0..46.0]', 'Drinks: (-inf..2.75]' => 'Gammagt: (-inf..28.25]'
c1 rule: 'Drinks: (10.5..+inf)', not 'Alkphos: (73.5..92.75]', not 'Sgpt: (40.0..60.0]' => 'Gammagt: (-inf..28.25]'
c1 rule: 'Mcv: (84.25..90.5]', 'Alkphos: (54.25..73.5]', 'Sgpt: (40.0..60.0]', 'Drinks: (2.75..6.5]' => 'Gammagt: (-inf..28.25]'
c1 rule: 'Mcv: (84.25..90.5]', 'Sgpt: (40.0..60.0]', 'Drinks: (2.75..6.5]', not 'Sgot: (32.0..46.0]' => 'Gammagt: (-inf..28.25]'
c1 rule: 'Mcv: (84.25..90.5]', 'Alkphos: (-inf..54.25]', 'Sgot: (-inf..20.5]', 'Drinks: (2.75..6.5]' => 'Gammagt: (-inf..28.25]'
c1 rule: 'Alkphos: (-inf..54.25]', 'Sgot: (-inf..20.5]', not 'Mcv: (84.25..90.5]', not 'Drinks: (2.75..6.5]' => 'Gammagt: (-inf..28.25]'
c1 rule: 'Mcv: (90.5..96.75]', 'Sgpt: (-inf..23.5]', 'Sgot: (20.5..32.0]', 'Drinks: (2.75..6.5]' => 'Gammagt: (-inf..28.25]'
c1 rule: 'Mcv: (90.5..96.75]', 'Sgot: (-inf..20.5]', not 'Sgpt: (-inf..23.5]', not 'Drinks: (-inf..2.75]' => 'Gammagt: (-inf..28.25]'
c1 rule: 'Mcv: (90.5..96.75]', 'Alkphos: (73.5..92.75]', 'Sgot: (-inf..20.5]', not 'Drinks: (-inf..2.75]' => 'Gammagt: (-inf..28.25]'
c1 rule: 'Mcv: (90.5..96.75]', 'Alkphos: (73.5..92.75]', 'Sgot: (-inf..20.5]', not 'Sgpt: (23.5..40.0]' => 'Gammagt: (-inf..28.25]'
c1 rule: 'Alkphos: (73.5..92.75]', 'Sgot: (-inf..20.5]', 'Drinks: (-inf..2.75]', not 'Sgpt: (23.5..40.0]' => 'Gammagt: (-inf..28.25]'
c1 rule: 'Mcv: (84.25..90.5]', 'Alkphos: (54.25..73.5]', 'Sgot: (-inf..20.5]', not 'Sgpt: (23.5..40.0]' => 'Gammagt: (-inf..28.25]'
c1 rule: 'Alkphos: (54.25..73.5]', 'Sgpt: (-inf..23.5]', 'Drinks: (-inf..2.75]', not 'Sgot: (-inf..20.5]' => 'Gammagt: (-inf..28.25]'
c1 rule: 'Alkphos: (54.25..73.5]', 'Sgpt: (-inf..23.5]', 'Drinks: (-inf..2.75]', not 'Mcv: (-inf..84.25]' => 'Gammagt: (-inf..28.25]'
c1 rule: 'Mcv: (84.25..90.5]', 'Alkphos: (92.75..+inf)', 'Sgot: (-inf..20.5]', not 'Drinks: (2.75..6.5]' => 'Gammagt: (-inf..28.25]'
c1 rule: 'Alkphos: (73.5..92.75]', 'Sgpt: (-inf..23.5]', 'Sgot: (20.5..32.0]', 'Drinks: (2.75..6.5]' => 'Gammagt: (-inf..28.25]'
c1 rule: 'Mcv: (84.25..90.5]', 'Alkphos: (73.5..92.75]', 'Sgot: (20.5..32.0]', 'Drinks: (2.75..6.5]' => 'Gammagt: (-inf..28.25]'
c1 rule: 'Mcv: (84.25..90.5]', 'Sgpt: (-inf..23.5]', 'Sgot: (20.5..32.0]', not 'Alkphos: (73.5..92.75]', not 'Drinks: (2.75..6.5]' => 'Gammagt: (-inf..28.25]'
c1 # of rules: 31
c1 rule time: 0.0430

c1 computing class: (28.25..52.5]
c1 discrimination constraints: 134h
c1 coverage constraints: 51v+1072h
c1 formula: 99v, 1278c (1230h+48s)
c1 enumerating rules (maxsat-based)
c1 rule: 'Sgpt: (-inf..23.5]', 'Drinks: (10.5..+inf)' => 'Gammagt: (28.25..52.5]'
c1 rule: 'Mcv: (96.75..+inf)', 'Alkphos: (-inf..54.25]', 'Sgpt: (-inf..23.5]' => 'Gammagt: (28.25..52.5]'
c1 rule: 'Sgpt: (60.0..+inf)', 'Drinks: (-inf..2.75]', not 'Alkphos: (54.25..73.5]' => 'Gammagt: (28.25..52.5]'
c1 rule: 'Mcv: (-inf..84.25]', 'Sgpt: (40.0..60.0]', 'Drinks: (2.75..6.5]' => 'Gammagt: (28.25..52.5]'
c1 rule: 'Mcv: (-inf..84.25]', 'Sgpt: (40.0..60.0]', not 'Sgot: (32.0..46.0]' => 'Gammagt: (28.25..52.5]'
c1 rule: 'Mcv: (-inf..84.25]', 'Alkphos: (54.25..73.5]', 'Drinks: (6.5..10.5]' => 'Gammagt: (28.25..52.5]'
c1 rule: 'Mcv: (96.75..+inf)', 'Sgot: (20.5..32.0]', 'Drinks: (6.5..10.5]' => 'Gammagt: (28.25..52.5]'
c1 rule: 'Mcv: (96.75..+inf)', 'Alkphos: (92.75..+inf)', 'Sgpt: (23.5..40.0]' => 'Gammagt: (28.25..52.5]'
c1 rule: 'Alkphos: (92.75..+inf)', 'Sgpt: (40.0..60.0]', 'Sgot: (20.5..32.0]' => 'Gammagt: (28.25..52.5]'
c1 rule: 'Mcv: (84.25..90.5]', 'Alkphos: (54.25..73.5]', 'Sgot: (46.0..+inf)' => 'Gammagt: (28.25..52.5]'
c1 rule: 'Sgot: (20.5..32.0]', 'Drinks: (10.5..+inf)', not 'Mcv: (90.5..96.75]' => 'Gammagt: (28.25..52.5]'
c1 rule: 'Mcv: (-inf..84.25]', 'Sgot: (20.5..32.0]', not 'Sgpt: (-inf..23.5]' => 'Gammagt: (28.25..52.5]'
c1 rule: 'Sgpt: (60.0..+inf)', 'Sgot: (20.5..32.0]', 'Drinks: (2.75..6.5]' => 'Gammagt: (28.25..52.5]'
c1 rule: 'Alkphos: (92.75..+inf)', 'Sgpt: (60.0..+inf)', not 'Drinks: (6.5..10.5]' => 'Gammagt: (28.25..52.5]'
c1 rule: 'Mcv: (90.5..96.75]', 'Alkphos: (92.75..+inf)', 'Sgpt: (23.5..40.0]', 'Drinks: (6.5..10.5]' => 'Gammagt: (28.25..52.5]'
c1 rule: 'Mcv: (90.5..96.75]', 'Sgpt: (23.5..40.0]', 'Drinks: (6.5..10.5]', not 'Alkphos: (54.25..73.5]' => 'Gammagt: (28.25..52.5]'
c1 rule: 'Mcv: (90.5..96.75]', 'Alkphos: (92.75..+inf)', 'Drinks: (2.75..6.5]', not 'Sgot: (-inf..20.5]' => 'Gammagt: (28.25..52.5]'
c1 rule: 'Alkphos: (92.75..+inf)', 'Sgot: (20.5..32.0]', not 'Sgpt: (-inf..23.5]', not 'Drinks: (-inf..2.75]' => 'Gammagt: (28.25..52.5]'
c1 rule: 'Alkphos: (54.25..73.5]', 'Sgot: (32.0..46.0]', 'Drinks: (-inf..2.75]', not 'Mcv: (90.5..96.75]' => 'Gammagt: (28.25..52.5]'
c1 rule: 'Alkphos: (73.5..92.75]', 'Sgot: (-inf..20.5]', 'Drinks: (2.75..6.5]', not 'Sgpt: (-inf..23.5]' => 'Gammagt: (28.25..52.5]'
c1 rule: 'Mcv: (-inf..84.25]', 'Alkphos: (54.25..73.5]', 'Sgpt: (23.5..40.0]', 'Sgot: (-inf..20.5]' => 'Gammagt: (28.25..52.5]'
c1 rule: 'Mcv: (90.5..96.75]', 'Alkphos: (-inf..54.25]', 'Sgpt: (23.5..40.0]', not 'Sgot: (-inf..20.5]' => 'Gammagt: (28.25..52.5]'
c1 rule: 'Mcv: (90.5..96.75]', 'Alkphos: (73.5..92.75]', 'Drinks: (-inf..2.75]', not 'Sgot: (-inf..20.5]' => 'Gammagt: (28.25..52.5]'
c1 rule: 'Alkphos: (73.5..92.75]', 'Sgpt: (40.0..60.0]', 'Sgot: (20.5..32.0]', 'Drinks: (2.75..6.5]' => 'Gammagt: (28.25..52.5]'
c1 rule: 'Sgpt: (40.0..60.0]', 'Sgot: (20.5..32.0]', 'Drinks: (-inf..2.75]', not 'Mcv: (84.25..90.5]' => 'Gammagt: (28.25..52.5]'
c1 rule: 'Alkphos: (-inf..54.25]', 'Sgpt: (40.0..60.0]', 'Drinks: (-inf..2.75]', not 'Sgot: (32.0..46.0]' => 'Gammagt: (28.25..52.5]'
c1 rule: 'Mcv: (84.25..90.5]', 'Alkphos: (-inf..54.25]', 'Sgot: (-inf..20.5]', 'Drinks: (-inf..2.75]', not 'Sgpt: (23.5..40.0]' => 'Gammagt: (28.25..52.5]'
c1 rule: 'Mcv: (84.25..90.5]', 'Alkphos: (-inf..54.25]', 'Sgpt: (-inf..23.5]', 'Sgot: (20.5..32.0]', 'Drinks: (2.75..6.5]' => 'Gammagt: (28.25..52.5]'
c1 # of rules: 28
c1 rule time: 0.0335

c1 computing class: (52.5..89.75]
c1 discrimination constraints: 153h
c1 coverage constraints: 32v+673h
c1 formula: 80v, 898c (850h+48s)
c1 enumerating rules (maxsat-based)
c1 rule: 'Sgpt: (40.0..60.0]', 'Sgot: (-inf..20.5]' => 'Gammagt: (52.5..89.75]'
c1 rule: 'Sgot: (46.0..+inf)', 'Drinks: (-inf..2.75]' => 'Gammagt: (52.5..89.75]'
c1 rule: 'Sgpt: (40.0..60.0]', 'Sgot: (46.0..+inf)' => 'Gammagt: (52.5..89.75]'
c1 rule: 'Sgpt: (-inf..23.5]', 'Sgot: (32.0..46.0]' => 'Gammagt: (52.5..89.75]'
c1 rule: 'Mcv: (96.75..+inf)', 'Alkphos: (92.75..+inf)', 'Drinks: (10.5..+inf)' => 'Gammagt: (52.5..89.75]'
c1 rule: 'Mcv: (96.75..+inf)', 'Drinks: (10.5..+inf)', not 'Sgot: (20.5..32.0]' => 'Gammagt: (52.5..89.75]'
c1 rule: 'Mcv: (96.75..+inf)', 'Sgpt: (40.0..60.0]', not 'Alkphos: (73.5..92.75]' => 'Gammagt: (52.5..89.75]'
c1 rule: 'Mcv: (96.75..+inf)', 'Alkphos: (-inf..54.25]', 'Sgpt: (23.5..40.0]' => 'Gammagt: (52.5..89.75]'
c1 rule: 'Mcv: (96.75..+inf)', 'Alkphos: (92.75..+inf)', not 'Sgpt: (23.5..40.0]' => 'Gammagt: (52.5..89.75]'
c1 rule: 'Alkphos: (73.5..92.75]', 'Sgot: (-inf..20.5]', 'Drinks: (6.5..10.5]' => 'Gammagt: (52.5..89.75]'
c1 rule: 'Mcv: (96.75..+inf)', 'Alkphos: (54.25..73.5]', 'Sgot: (32.0..46.0]' => 'Gammagt: (52.5..89.75]'
c1 rule: 'Mcv: (-inf..84.25]', 'Sgpt: (23.5..40.0]', 'Sgot: (32.0..46.0]' => 'Gammagt: (52.5..89.75]'
c1 rule: 'Alkphos: (54.25..73.5]', 'Sgpt: (40.0..60.0]', 'Drinks: (6.5..10.5]' => 'Gammagt: (52.5..89.75]'
c1 rule: 'Alkphos: (-inf..54.25]', 'Sgpt: (40.0..60.0]', 'Drinks: (6.5..10.5]' => 'Gammagt: (52.5..89.75]'
c1 rule: 'Mcv: (96.75..+inf)', 'Alkphos: (54.25..73.5]', 'Sgot: (20.5..32.0]', 'Drinks: (2.75..6.5]' => 'Gammagt: (52.5..89.75]'
c1 rule: 'Mcv: (84.25..90.5]', 'Sgot: (20.5..32.0]', 'Drinks: (6.5..10.5]', not 'Sgpt: (-inf..23.5]' => 'Gammagt: (52.5..89.75]'
c1 rule: 'Mcv: (90.5..96.75]', 'Sgpt: (60.0..+inf)', 'Sgot: (32.0..46.0]', 'Drinks: (2.75..6.5]' => 'Gammagt: (52.5..89.75]'
c1 # of rules: 17
c1 rule time: 0.0161

c1 computing class: (89.75..+inf)
c1 discrimination constraints: 158h
c1 coverage constraints: 27v+568h
c1 formula: 75v, 798c (750h+48s)
c1 enumerating rules (maxsat-based)
c1 rule: 'Mcv: (96.75..+inf)', 'Sgot: (46.0..+inf)' => 'Gammagt: (89.75..+inf)'
c1 rule: 'Sgpt: (60.0..+inf)', 'Drinks: (10.5..+inf)' => 'Gammagt: (89.75..+inf)'
c1 rule: 'Alkphos: (-inf..54.25]', 'Sgot: (46.0..+inf)' => 'Gammagt: (89.75..+inf)'
c1 rule: 'Sgpt: (23.5..40.0]', 'Sgot: (46.0..+inf)' => 'Gammagt: (89.75..+inf)'
c1 rule: 'Mcv: (96.75..+inf)', 'Sgpt: (60.0..+inf)' => 'Gammagt: (89.75..+inf)'
c1 rule: 'Alkphos: (-inf..54.25]', 'Sgot: (32.0..46.0]', not 'Mcv: (84.25..90.5]' => 'Gammagt: (89.75..+inf)'
c1 rule: 'Mcv: (90.5..96.75]', 'Sgot: (32.0..46.0]', 'Drinks: (-inf..2.75]' => 'Gammagt: (89.75..+inf)'
c1 rule: 'Mcv: (90.5..96.75]', 'Alkphos: (73.5..92.75]', 'Sgot: (32.0..46.0]' => 'Gammagt: (89.75..+inf)'
c1 rule: 'Alkphos: (73.5..92.75]', 'Sgot: (32.0..46.0]', 'Drinks: (2.75..6.5]' => 'Gammagt: (89.75..+inf)'
c1 rule: 'Mcv: (-inf..84.25]', 'Sgpt: (60.0..+inf)', not 'Alkphos: (73.5..92.75]' => 'Gammagt: (89.75..+inf)'
c1 rule: 'Sgpt: (60.0..+inf)', 'Drinks: (6.5..10.5]', not 'Sgot: (20.5..32.0]' => 'Gammagt: (89.75..+inf)'
c1 rule: 'Mcv: (90.5..96.75]', 'Sgpt: (40.0..60.0]', 'Sgot: (32.0..46.0]' => 'Gammagt: (89.75..+inf)'
c1 rule: 'Mcv: (-inf..84.25]', 'Sgpt: (40.0..60.0]', 'Sgot: (32.0..46.0]' => 'Gammagt: (89.75..+inf)'
c1 rule: 'Mcv: (-inf..84.25]', 'Alkphos: (73.5..92.75]', 'Sgot: (-inf..20.5]' => 'Gammagt: (89.75..+inf)'
c1 rule: 'Alkphos: (73.5..92.75]', 'Sgot: (32.0..46.0]', 'Drinks: (6.5..10.5]' => 'Gammagt: (89.75..+inf)'
c1 rule: 'Mcv: (90.5..96.75]', 'Sgpt: (23.5..40.0]', 'Sgot: (32.0..46.0]', not 'Alkphos: (92.75..+inf)' => 'Gammagt: (89.75..+inf)'
c1 rule: 'Mcv: (90.5..96.75]', 'Sgpt: (-inf..23.5]', 'Sgot: (20.5..32.0]', 'Drinks: (6.5..10.5]' => 'Gammagt: (89.75..+inf)'
c1 rule: 'Mcv: (84.25..90.5]', 'Sgpt: (23.5..40.0]', 'Sgot: (32.0..46.0]', not 'Drinks: (-inf..2.75]' => 'Gammagt: (89.75..+inf)'
c1 # of rules: 18
c1 rule time: 0.0148

c2 total rules: 94

c0 computing feature 6
c1 computing class: (-inf..2.75]
c1 discrimination constraints: 112h
c1 coverage constraints: 73v+1534h
c1 formula: 121v, 1718c (1670h+48s)
c1 enumerating rules (maxsat-based)
c1 rule: 'Sgot: (32.0..46.0]', 'Gammagt: (-inf..28.25]' => 'Drinks: (-inf..2.75]'
c1 rule: 'Sgpt: (40.0..60.0]', 'Sgot: (-inf..20.5]' => 'Drinks: (-inf..2.75]'
c1 rule: 'Sgpt: (40.0..60.0]', 'Gammagt: (89.75..+inf)', not 'Sgot: (32.0..46.0]' => 'Drinks: (-inf..2.75]'
c1 rule: 'Sgot: (20.5..32.0]', 'Gammagt: (89.75..+inf)', not 'Alkphos: (54.25..73.5]' => 'Drinks: (-inf..2.75]'
c1 rule: 'Sgot: (32.0..46.0]', 'Gammagt: (28.25..52.5]', not 'Sgpt: (23.5..40.0]' => 'Drinks: (-inf..2.75]'
c1 rule: 'Mcv: (84.25..90.5]', 'Sgot: (32.0..46.0]', 'Gammagt: (28.25..52.5]' => 'Drinks: (-inf..2.75]'
c1 rule: 'Mcv: (84.25..90.5]', 'Sgpt: (40.0..60.0]', 'Gammagt: (28.25..52.5]' => 'Drinks: (-inf..2.75]'
c1 rule: 'Sgpt: (60.0..+inf)', 'Sgot: (20.5..32.0]', not 'Mcv: (90.5..96.75]' => 'Drinks: (-inf..2.75]'
c1 rule: 'Sgot: (-inf..20.5]', 'Gammagt: (89.75..+inf)', not 'Sgpt: (-inf..23.5]' => 'Drinks: (-inf..2.75]'
c1 rule: 'Alkphos: (73.5..92.75]', 'Sgot: (20.5..32.0]', 'Gammagt: (52.5..89.75]' => 'Drinks: (-inf..2.75]'
c1 rule: 'Mcv: (84.25..90.5]', 'Alkphos: (73.5..92.75]', 'Gammagt: (52.5..89.75]' => 'Drinks: (-inf..2.75]'
c1 rule: 'Sgot: (46.0..+inf)', 'Gammagt: (52.5..89.75]', not 'Sgpt: (40.0..60.0]' => 'Drinks: (-inf..2.75]'
c1 rule: 'Sgot: (-inf..20.5]', 'Gammagt: (52.5..89.75]', not 'Sgpt: (-inf..23.5]' => 'Drinks: (-inf..2.75]'
c1 rule: 'Mcv: (-inf..84.25]', 'Gammagt: (89.75..+inf)', not 'Sgpt: (60.0..+inf)' => 'Drinks: (-inf..2.75]'
c1 rule: 'Mcv: (-inf..84.25]', 'Sgot: (-inf..20.5]', not 'Sgpt: (23.5..40.0]' => 'Drinks: (-inf..2.75]'
c1 rule: 'Mcv: (-inf..84.25]', 'Sgot: (-inf..20.5]', not 'Gammagt: (-inf..28.25]' => 'Drinks: (-inf..2.75]'
c1 rule: 'Mcv: (-inf..84.25]', 'Sgot: (-inf..20.5]', not 'Alkphos: (92.75..+inf)' => 'Drinks: (-inf..2.75]'
c1 rule: 'Mcv: (-inf..84.25]', not 'Alkphos: (54.25..73.5]', not 'Gammagt: (-inf..28.25]' => 'Drinks: (-inf..2.75]'
c1 rule: 'Alkphos: (-inf..54.25]', 'Gammagt: (28.25..52.5]', not 'Sgot: (20.5..32.0]' => 'Drinks: (-inf..2.75]'
c1 rule: 'Mcv: (90.5..96.75]', 'Alkphos: (92.75..+inf)', 'Gammagt: (52.5..89.75]' => 'Drinks: (-inf..2.75]'
c1 rule: 'Mcv: (96.75..+inf)', 'Sgpt: (23.5..40.0]', 'Gammagt: (-inf..28.25]' => 'Drinks: (-inf..2.75]'
c1 rule: 'Mcv: (96.75..+inf)', 'Gammagt: (-inf..28.25]', not 'Sgot: (-inf..20.5]' => 'Drinks: (-inf..2.75]'
c1 rule: 'Mcv: (90.5..96.75]', 'Alkphos: (-inf..54.25]', 'Gammagt: (28.25..52.5]', not 'Sgpt: (23.5..40.0]' => 'Drinks: (-inf..2.75]'
c1 rule: 'Mcv: (90.5..96.75]', 'Sgpt: (-inf..23.5]', 'Gammagt: (28.25..52.5]', not 'Sgot: (-inf..20.5]' => 'Drinks: (-inf..2.75]'
c1 rule: 'Alkphos: (92.75..+inf)', 'Sgot: (20.5..32.0]', not 'Sgpt: (-inf..23.5]', not 'Gammagt: (28.25..52.5]' => 'Drinks: (-inf..2.75]'
c1 rule: 'Mcv: (90.5..96.75]', 'Sgot: (-inf..20.5]', not 'Sgpt: (-inf..23.5]', not 'Gammagt: (-inf..28.25]' => 'Drinks: (-inf..2.75]'
c1 rule: 'Sgot: (20.5..32.0]', 'Gammagt: (52.5..89.75]', not 'Alkphos: (-inf..54.25]', not 'Sgpt: (23.5..40.0]' => 'Drinks: (-inf..2.75]'
c1 rule: 'Mcv: (90.5..96.75]', 'Sgpt: (23.5..40.0]', 'Gammagt: (89.75..+inf)', not 'Sgot: (32.0..46.0]' => 'Drinks: (-inf..2.75]'
c1 rule: 'Mcv: (90.5..96.75]', 'Alkphos: (54.25..73.5]', 'Sgpt: (60.0..+inf)', 'Gammagt: (89.75..+inf)' => 'Drinks: (-inf..2.75]'
c1 rule: 'Alkphos: (73.5..92.75]', 'Gammagt: (-inf..28.25]', not 'Sgpt: (-inf..23.5]', not 'Sgot: (20.5..32.0]' => 'Drinks: (-inf..2.75]'
c1 rule: 'Mcv: (84.25..90.5]', 'Alkphos: (73.5..92.75]', 'Sgot: (20.5..32.0]', not 'Gammagt: (-inf..28.25]' => 'Drinks: (-inf..2.75]'
c1 rule: 'Alkphos: (-inf..54.25]', 'Sgot: (-inf..20.5]', not 'Mcv: (90.5..96.75]', not 'Sgpt: (-inf..23.5]' => 'Drinks: (-inf..2.75]'
c1 rule: 'Mcv: (90.5..96.75]', 'Alkphos: (54.25..73.5]', 'Sgpt: (40.0..60.0]', 'Sgot: (20.5..32.0]' => 'Drinks: (-inf..2.75]'
c1 rule: 'Mcv: (84.25..90.5]', 'Alkphos: (-inf..54.25]', 'Sgpt: (-inf..23.5]', 'Sgot: (20.5..32.0]', 'Gammagt: (-inf..28.25]' => 'Drinks: (-inf..2.75]'
c1 # of rules: 34
c1 rule time: 0.0419

c1 computing class: (10.5..+inf)
c1 discrimination constraints: 176h
c1 coverage constraints: 9v+190h
c1 formula: 57v, 438c (390h+48s)
c1 enumerating rules (maxsat-based)
c1 rule: 'Mcv: (90.5..96.75]', 'Alkphos: (73.5..92.75]', 'Sgot: (32.0..46.0]' => 'Drinks: (10.5..+inf)'
c1 rule: 'Mcv: (96.75..+inf)', 'Alkphos: (73.5..92.75]', 'Gammagt: (28.25..52.5]' => 'Drinks: (10.5..+inf)'
c1 rule: 'Alkphos: (54.25..73.5]', 'Sgpt: (40.0..60.0]', 'Gammagt: (89.75..+inf)' => 'Drinks: (10.5..+inf)'
c1 rule: 'Alkphos: (73.5..92.75]', 'Sgot: (32.0..46.0]', 'Gammagt: (52.5..89.75]' => 'Drinks: (10.5..+inf)'
c1 # of rules: 4
c1 rule time: 0.0048

c1 computing class: (2.75..6.5]
c1 discrimination constraints: 111h
c1 coverage constraints: 74v+1555h
c1 formula: 122v, 1738c (1690h+48s)
c1 enumerating rules (maxsat-based)
c1 rule: 'Mcv: (96.75..+inf)', 'Sgpt: (60.0..+inf)' => 'Drinks: (2.75..6.5]'
c1 rule: 'Mcv: (84.25..90.5]', 'Sgot: (46.0..+inf)' => 'Drinks: (2.75..6.5]'
c1 rule: 'Sgpt: (-inf..23.5]', 'Sgot: (32.0..46.0]' => 'Drinks: (2.75..6.5]'
c1 rule: 'Sgot: (46.0..+inf)', 'Gammagt: (28.25..52.5]' => 'Drinks: (2.75..6.5]'
c1 rule: 'Alkphos: (-inf..54.25]', 'Sgot: (46.0..+inf)' => 'Drinks: (2.75..6.5]'
c1 rule: 'Alkphos: (-inf..54.25]', 'Gammagt: (89.75..+inf)' => 'Drinks: (2.75..6.5]'
c1 rule: 'Mcv: (96.75..+inf)', 'Alkphos: (-inf..54.25]' => 'Drinks: (2.75..6.5]'
c1 rule: 'Mcv: (96.75..+inf)', 'Alkphos: (92.75..+inf)', 'Sgpt: (-inf..23.5]' => 'Drinks: (2.75..6.5]'
c1 rule: 'Alkphos: (92.75..+inf)', 'Sgot: (-inf..20.5]', 'Gammagt: (28.25..52.5]' => 'Drinks: (2.75..6.5]'
c1 rule: 'Mcv: (-inf..84.25]', 'Sgpt: (40.0..60.0]', not 'Alkphos: (73.5..92.75]' => 'Drinks: (2.75..6.5]'
c1 rule: 'Sgpt: (60.0..+inf)', 'Gammagt: (28.25..52.5]', not 'Alkphos: (73.5..92.75]' => 'Drinks: (2.75..6.5]'
c1 rule: 'Mcv: (96.75..+inf)', 'Sgot: (20.5..32.0]', 'Gammagt: (52.5..89.75]' => 'Drinks: (2.75..6.5]'
c1 rule: 'Alkphos: (-inf..54.25]', 'Sgpt: (-inf..23.5]', 'Gammagt: (52.5..89.75]' => 'Drinks: (2.75..6.5]'
c1 rule: 'Mcv: (84.25..90.5]', 'Sgpt: (-inf..23.5]', 'Gammagt: (89.75..+inf)' => 'Drinks: (2.75..6.5]'
c1 rule: 'Mcv: (96.75..+inf)', 'Sgpt: (40.0..60.0]', 'Gammagt: (89.75..+inf)' => 'Drinks: (2.75..6.5]'
c1 rule: 'Gammagt: (89.75..+inf)', not 'Mcv: (90.5..96.75]', not 'Alkphos: (73.5..92.75]' => 'Drinks: (2.75..6.5]'
c1 rule: 'Mcv: (-inf..84.25]', 'Sgot: (20.5..32.0]', not 'Gammagt: (28.25..52.5]' => 'Drinks: (2.75..6.5]'
c1 rule: 'Mcv: (-inf..84.25]', 'Gammagt: (52.5..89.75]', not 'Sgpt: (-inf..23.5]' => 'Drinks: (2.75..6.5]'
c1 rule: 'Mcv: (90.5..96.75]', 'Sgot: (32.0..46.0]', 'Gammagt: (52.5..89.75]' => 'Drinks: (2.75..6.5]'
c1 rule: 'Mcv: (90.5..96.75]', 'Alkphos: (73.5..92.75]', 'Sgpt: (40.0..60.0]', not 'Sgot: (46.0..+inf)' => 'Drinks: (2.75..6.5]'
c1 rule: 'Mcv: (90.5..96.75]', 'Gammagt: (28.25..52.5]', not 'Sgpt: (23.5..40.0]', not 'Sgot: (20.5..32.0]' => 'Drinks: (2.75..6.5]'
c1 rule: 'Alkphos: (73.5..92.75]', 'Sgot: (-inf..20.5]', 'Gammagt: (28.25..52.5]', not 'Mcv: (90.5..96.75]' => 'Drinks: (2.75..6.5]'
c1 rule: 'Mcv: (90.5..96.75]', 'Alkphos: (73.5..92.75]', 'Sgot: (20.5..32.0]', 'Gammagt: (-inf..28.25]' => 'Drinks: (2.75..6.5]'
c1 rule: 'Mcv: (90.5..96.75]', 'Alkphos: (-inf..54.25]', not 'Sgpt: (-inf..23.5]', not 'Sgot: (20.5..32.0]' => 'Drinks: (2.75..6.5]'
c1 rule: 'Alkphos: (92.75..+inf)', 'Sgpt: (-inf..23.5]', not 'Mcv: (90.5..96.75]', not 'Sgot: (20.5..32.0]' => 'Drinks: (2.75..6.5]'
c1 rule: 'Mcv: (90.5..96.75]', 'Sgpt: (-inf..23.5]', 'Gammagt: (52.5..89.75]', not 'Alkphos: (92.75..+inf)' => 'Drinks: (2.75..6.5]'
c1 rule: 'Mcv: (84.25..90.5]', 'Alkphos: (54.25..73.5]', 'Sgpt: (-inf..23.5]', not 'Gammagt: (-inf..28.25]' => 'Drinks: (2.75..6.5]'
c1 rule: 'Mcv: (90.5..96.75]', 'Alkphos: (92.75..+inf)', 'Gammagt: (-inf..28.25]', not 'Sgpt: (-inf..23.5]' => 'Drinks: (2.75..6.5]'
c1 rule: 'Mcv: (90.5..96.75]', 'Alkphos: (54.25..73.5]', 'Sgpt: (23.5..40.0]', 'Sgot: (32.0..46.0]' => 'Drinks: (2.75..6.5]'
c1 rule: 'Alkphos: (-inf..54.25]', 'Sgpt: (40.0..60.0]', 'Sgot: (20.5..32.0]', 'Gammagt: (-inf..28.25]' => 'Drinks: (2.75..6.5]'
c1 rule: 'Mcv: (84.25..90.5]', 'Sgpt: (-inf..23.5]', 'Gammagt: (28.25..52.5]', not 'Alkphos: (73.5..92.75]', not 'Sgot: (-inf..20.5]' => 'Drinks: (2.75..6.5]'
c1 # of rules: 31
c1 rule time: 0.0451

c1 computing class: (6.5..10.5]
c1 discrimination constraints: 156h
c1 coverage constraints: 29v+610h
c1 formula: 77v, 838c (790h+48s)
c1 enumerating rules (maxsat-based)
c1 rule: 'Mcv: (-inf..84.25]', 'Alkphos: (92.75..+inf)' => 'Drinks: (6.5..10.5]'
c1 rule: 'Sgpt: (40.0..60.0]', 'Sgot: (46.0..+inf)' => 'Drinks: (6.5..10.5]'
c1 rule: 'Alkphos: (73.5..92.75]', 'Sgpt: (-inf..23.5]', 'Gammagt: (52.5..89.75]' => 'Drinks: (6.5..10.5]'
c1 rule: 'Mcv: (90.5..96.75]', 'Sgpt: (-inf..23.5]', 'Gammagt: (89.75..+inf)' => 'Drinks: (6.5..10.5]'
c1 rule: 'Alkphos: (92.75..+inf)', 'Sgpt: (60.0..+inf)', 'Gammagt: (89.75..+inf)' => 'Drinks: (6.5..10.5]'
c1 rule: 'Sgpt: (23.5..40.0]', 'Sgot: (46.0..+inf)', not 'Alkphos: (92.75..+inf)' => 'Drinks: (6.5..10.5]'
c1 rule: 'Mcv: (96.75..+inf)', 'Alkphos: (54.25..73.5]', 'Sgot: (32.0..46.0]' => 'Drinks: (6.5..10.5]'
c1 rule: 'Alkphos: (-inf..54.25]', 'Sgpt: (40.0..60.0]', 'Gammagt: (52.5..89.75]' => 'Drinks: (6.5..10.5]'
c1 rule: 'Mcv: (96.75..+inf)', 'Alkphos: (54.25..73.5]', 'Gammagt: (28.25..52.5]' => 'Drinks: (6.5..10.5]'
c1 rule: 'Mcv: (-inf..84.25]', 'Sgpt: (-inf..23.5]', 'Gammagt: (28.25..52.5]' => 'Drinks: (6.5..10.5]'
c1 rule: 'Sgpt: (60.0..+inf)', 'Sgot: (20.5..32.0]', not 'Alkphos: (54.25..73.5]' => 'Drinks: (6.5..10.5]'
c1 rule: 'Mcv: (84.25..90.5]', 'Alkphos: (-inf..54.25]', 'Sgot: (20.5..32.0]', 'Gammagt: (52.5..89.75]' => 'Drinks: (6.5..10.5]'
c1 rule: 'Mcv: (84.25..90.5]', 'Alkphos: (54.25..73.5]', 'Sgot: (32.0..46.0]', not 'Sgpt: (23.5..40.0]' => 'Drinks: (6.5..10.5]'
c1 # of rules: 13
c1 rule time: 0.0138

c2 total rules: 82
c3 total time: 0.9235

Rules are saved to ../rules/all/q4_bupa_train1.csv.json