c0 # of samps: 130 (112 weighted)
c0 # of feats: 9 (33 binary)
c0 # of labls: 2
c0 parse time: 0.2847


c0 computing feature 1
c1 computing class: (-inf..1.52]
c1 discrimination constraints: 23h
c1 coverage constraints: 89v+2938h
c1 formula: 157v, 3063c (2995h+68s)
c1 enumerating rules (maxsat-based)
c1 rule: 'Calcium: (-inf..8.24]' => 'Refractive Index: (-inf..1.52]'
c1 rule: 'Magnesium: (3.33..3.53]' => 'Refractive Index: (-inf..1.52]'
c1 rule: 'Barium: (0.09..0.14]' => 'Refractive Index: (-inf..1.52]'
c1 rule: 'Magnesium: (3.73..+inf)', 'Potassium: (0.48..0.61]' => 'Refractive Index: (-inf..1.52]'
c1 rule: 'Aluminum: (1.28..1.54]', not 'Magnesium: (-inf..3.33]' => 'Refractive Index: (-inf..1.52]'
c1 rule: 'Aluminum: (1.28..1.54]', not 'Sodium: (13.63..+inf)' => 'Refractive Index: (-inf..1.52]'
c1 rule: 'Aluminum: (1.54..+inf)', not 'Magnesium: (-inf..3.33]' => 'Refractive Index: (-inf..1.52]'
c1 rule: 'Sodium: (-inf..12.81]', not 'Magnesium: (-inf..3.33]' => 'Refractive Index: (-inf..1.52]'
c1 rule: 'Sodium: (12.81..13.22]', 'Magnesium: (-inf..3.33]' => 'Refractive Index: (-inf..1.52]'
c1 rule: 'Aluminum: (1.54..+inf)', 'Iron: (-inf..0.11]' => 'Refractive Index: (-inf..1.52]'
c1 rule: 'Potassium: (0.61..+inf)', not 'Aluminum: (1.54..+inf)' => 'Refractive Index: (-inf..1.52]'
c1 rule: 'Sodium: (-inf..12.81]', 'Potassium: (0.16..0.48]' => 'Refractive Index: (-inf..1.52]'
c1 rule: 'Sodium: (13.63..+inf)', 'Silicon: (72.15..72.66]' => 'Refractive Index: (-inf..1.52]'
c1 rule: 'Sodium: (13.22..13.63]', not 'Calcium: (9.27..+inf)' => 'Refractive Index: (-inf..1.52]'
c1 rule: 'Aluminum: (1.02..1.28]', not 'Iron: (-inf..0.11]' => 'Refractive Index: (-inf..1.52]'
c1 rule: 'Sodium: (13.63..+inf)', 'Calcium: (8.24..8.64]' => 'Refractive Index: (-inf..1.52]'
c1 rule: 'Calcium: (8.64..9.27]', not 'Silicon: (-inf..72.15]' => 'Refractive Index: (-inf..1.52]'
c1 rule: 'Silicon: (73.02..+inf)', not 'Sodium: (-inf..12.81]' => 'Refractive Index: (-inf..1.52]'
c1 rule: 'Calcium: (8.64..9.27]', not 'Magnesium: (3.73..+inf)' => 'Refractive Index: (-inf..1.52]'
c1 # of rules: 19
c1 rule time: 0.0137

c1 computing class: (1.52..+inf)
c1 discrimination constraints: 89h
c1 coverage constraints: 23v+760h
c1 formula: 91v, 951c (883h+68s)
c1 enumerating rules (maxsat-based)
c1 rule: 'Potassium: (0.48..0.61]', 'Calcium: (9.27..+inf)' => 'Refractive Index: (1.52..+inf)'
c1 rule: 'Calcium: (9.27..+inf)', not 'Silicon: (73.02..+inf)' => 'Refractive Index: (1.52..+inf)'
c1 rule: 'Magnesium: (3.73..+inf)', 'Potassium: (-inf..0.16]' => 'Refractive Index: (1.52..+inf)'
c1 rule: 'Magnesium: (3.73..+inf)', not 'Potassium: (0.48..0.61]' => 'Refractive Index: (1.52..+inf)'
c1 rule: 'Sodium: (-inf..12.81]', 'Potassium: (-inf..0.16]' => 'Refractive Index: (1.52..+inf)'
c1 # of rules: 5
c1 rule time: 0.0060

c2 total rules: 24

c0 computing feature 2
c1 computing class: (-inf..12.81]
c1 discrimination constraints: 89h
c1 coverage constraints: 23v+691h
c1 formula: 89v, 879c (813h+66s)
c1 enumerating rules (maxsat-based)
c1 rule: 'Magnesium: (-inf..3.33]', 'Potassium: (0.61..+inf)' => 'Sodium: (-inf..12.81]'
c1 rule: 'Barium: (0.27..+inf)', not 'Calcium: (8.64..9.27]' => 'Sodium: (-inf..12.81]'
c1 rule: 'Barium: (0.09..0.14]', not 'Iron: (-inf..0.11]' => 'Sodium: (-inf..12.81]'
c1 rule: 'Silicon: (73.02..+inf)', not 'Refractive Index: (-inf..1.52]' => 'Sodium: (-inf..12.81]'
c1 rule: 'Iron: (0.19..0.28]', not 'Refractive Index: (-inf..1.52]' => 'Sodium: (-inf..12.81]'
c1 rule: 'Calcium: (9.27..+inf)', 'Iron: (0.19..0.28]' => 'Sodium: (-inf..12.81]'
c1 rule: 'Aluminum: (1.54..+inf)', 'Iron: (0.19..0.28]' => 'Sodium: (-inf..12.81]'
c1 rule: 'Silicon: (73.02..+inf)', 'Calcium: (8.64..9.27]' => 'Sodium: (-inf..12.81]'
c1 rule: 'Aluminum: (1.54..+inf)', 'Silicon: (73.02..+inf)', not 'Calcium: (8.24..8.64]' => 'Sodium: (-inf..12.81]'
c1 rule: 'Aluminum: (1.28..1.54]', 'Potassium: (0.61..+inf)', not 'Calcium: (-inf..8.24]' => 'Sodium: (-inf..12.81]'
c1 rule: 'Magnesium: (3.53..3.73]', 'Potassium: (0.48..0.61]', 'Calcium: (8.64..9.27]' => 'Sodium: (-inf..12.81]'
c1 rule: 'Magnesium: (3.53..3.73]', 'Silicon: (73.02..+inf)', 'Calcium: (8.24..8.64]', not 'Iron: (0.11..0.19]' => 'Sodium: (-inf..12.81]'
c1 # of rules: 12
c1 rule time: 0.0121

c1 computing class: (12.81..13.22]
c1 discrimination constraints: 73h
c1 coverage constraints: 39v+1171h
c1 formula: 105v, 1343c (1277h+66s)
c1 enumerating rules (maxsat-based)
c1 rule: 'Calcium: (8.24..8.64]', 'Iron: (0.11..0.19]' => 'Sodium: (12.81..13.22]'
c1 rule: 'Potassium: (0.16..0.48]', 'Calcium: (8.24..8.64]' => 'Sodium: (12.81..13.22]'
c1 rule: 'Magnesium: (3.73..+inf)', 'Iron: (0.19..0.28]' => 'Sodium: (12.81..13.22]'
c1 rule: 'Calcium: (8.24..8.64]', 'Iron: (0.19..0.28]' => 'Sodium: (12.81..13.22]'
c1 rule: 'Calcium: (8.24..8.64]', not 'Refractive Index: (-inf..1.52]' => 'Sodium: (12.81..13.22]'
c1 rule: 'Potassium: (0.61..+inf)', 'Iron: (0.11..0.19]' => 'Sodium: (12.81..13.22]'
c1 rule: 'Aluminum: (-inf..1.02]', 'Iron: (0.11..0.19]' => 'Sodium: (12.81..13.22]'
c1 rule: 'Silicon: (72.66..73.02]', not 'Barium: (-inf..0.09]' => 'Sodium: (12.81..13.22]'
c1 rule: 'Silicon: (72.66..73.02]', 'Iron: (0.28..+inf)' => 'Sodium: (12.81..13.22]'
c1 rule: 'Aluminum: (1.28..1.54]', 'Calcium: (-inf..8.24]', 'Iron: (0.19..0.28]' => 'Sodium: (12.81..13.22]'
c1 rule: 'Magnesium: (3.33..3.53]', 'Calcium: (8.64..9.27]', not 'Iron: (-inf..0.11]' => 'Sodium: (12.81..13.22]'
c1 rule: 'Aluminum: (1.02..1.28]', 'Iron: (0.19..0.28]', not 'Silicon: (73.02..+inf)' => 'Sodium: (12.81..13.22]'
c1 rule: 'Magnesium: (-inf..3.33]', 'Aluminum: (1.02..1.28]', 'Potassium: (0.48..0.61]' => 'Sodium: (12.81..13.22]'
c1 rule: 'Aluminum: (1.02..1.28]', 'Potassium: (0.61..+inf)', 'Iron: (-inf..0.11]' => 'Sodium: (12.81..13.22]'
c1 rule: 'Aluminum: (1.02..1.28]', 'Silicon: (72.15..72.66]', 'Potassium: (0.61..+inf)' => 'Sodium: (12.81..13.22]'
c1 rule: 'Aluminum: (1.02..1.28]', 'Silicon: (72.15..72.66]', not 'Calcium: (-inf..8.24]' => 'Sodium: (12.81..13.22]'
c1 rule: 'Aluminum: (1.54..+inf)', 'Potassium: (0.48..0.61]', 'Calcium: (-inf..8.24]' => 'Sodium: (12.81..13.22]'
c1 rule: 'Aluminum: (1.54..+inf)', 'Calcium: (8.24..8.64]', not 'Magnesium: (-inf..3.33]' => 'Sodium: (12.81..13.22]'
c1 rule: 'Magnesium: (-inf..3.33]', 'Silicon: (72.66..73.02]', 'Potassium: (0.48..0.61]' => 'Sodium: (12.81..13.22]'
c1 rule: 'Magnesium: (3.53..3.73]', 'Silicon: (73.02..+inf)', not 'Potassium: (0.48..0.61]' => 'Sodium: (12.81..13.22]'
c1 rule: 'Magnesium: (3.33..3.53]', 'Aluminum: (1.54..+inf)', 'Silicon: (72.66..73.02]' => 'Sodium: (12.81..13.22]'
c1 rule: 'Magnesium: (3.53..3.73]', 'Potassium: (0.48..0.61]', 'Calcium: (-inf..8.24]', not 'Silicon: (73.02..+inf)' => 'Sodium: (12.81..13.22]'
c1 rule: 'Magnesium: (3.33..3.53]', 'Potassium: (0.48..0.61]', 'Calcium: (-inf..8.24]', not 'Silicon: (73.02..+inf)' => 'Sodium: (12.81..13.22]'
c1 # of rules: 23
c1 rule time: 0.0217

c1 computing class: (13.22..13.63]
c1 discrimination constraints: 89h
c1 coverage constraints: 23v+691h
c1 formula: 89v, 879c (813h+66s)
c1 enumerating rules (maxsat-based)
c1 rule: 'Magnesium: (3.73..+inf)', 'Silicon: (72.66..73.02]' => 'Sodium: (13.22..13.63]'
c1 rule: 'Iron: (0.11..0.19]', not 'Barium: (-inf..0.09]' => 'Sodium: (13.22..13.63]'
c1 rule: 'Calcium: (-inf..8.24]', 'Iron: (0.28..+inf)' => 'Sodium: (13.22..13.63]'
c1 rule: 'Magnesium: (3.33..3.53]', 'Silicon: (-inf..72.15]', not 'Barium: (0.09..0.14]' => 'Sodium: (13.22..13.63]'
c1 rule: 'Magnesium: (3.53..3.73]', 'Silicon: (72.15..72.66]', 'Calcium: (-inf..8.24]' => 'Sodium: (13.22..13.63]'
c1 rule: 'Potassium: (0.16..0.48]', 'Calcium: (-inf..8.24]', not 'Silicon: (72.66..73.02]' => 'Sodium: (13.22..13.63]'
c1 rule: 'Silicon: (72.15..72.66]', 'Calcium: (-inf..8.24]', not 'Potassium: (0.61..+inf)' => 'Sodium: (13.22..13.63]'
c1 rule: 'Silicon: (72.15..72.66]', 'Calcium: (-inf..8.24]', not 'Aluminum: (1.54..+inf)' => 'Sodium: (13.22..13.63]'
c1 rule: 'Magnesium: (3.73..+inf)', 'Aluminum: (1.28..1.54]', 'Iron: (-inf..0.11]' => 'Sodium: (13.22..13.63]'
c1 rule: 'Magnesium: (3.33..3.53]', 'Calcium: (-inf..8.24]', not 'Silicon: (72.66..73.02]', not 'Potassium: (0.61..+inf)' => 'Sodium: (13.22..13.63]'
c1 rule: 'Magnesium: (3.53..3.73]', 'Aluminum: (1.28..1.54]', 'Silicon: (72.66..73.02]', 'Potassium: (0.48..0.61]', 'Calcium: (8.24..8.64]', 'Iron: (-inf..0.11]' => 'Sodium: (13.22..13.63]'
c1 # of rules: 11
c1 rule time: 0.0129

c1 computing class: (13.63..+inf)
c1 discrimination constraints: 85h
c1 coverage constraints: 27v+811h
c1 formula: 93v, 995c (929h+66s)
c1 enumerating rules (maxsat-based)
c1 rule: 'Aluminum: (1.28..1.54]', 'Calcium: (9.27..+inf)' => 'Sodium: (13.63..+inf)'
c1 rule: 'Silicon: (72.66..73.02]', 'Calcium: (9.27..+inf)' => 'Sodium: (13.63..+inf)'
c1 rule: not 'Magnesium: (-inf..3.33]', not 'Barium: (-inf..0.09]' => 'Sodium: (13.63..+inf)'
c1 rule: 'Aluminum: (1.02..1.28]', 'Calcium: (9.27..+inf)' => 'Sodium: (13.63..+inf)'
c1 rule: 'Aluminum: (1.02..1.28]', 'Potassium: (-inf..0.16]' => 'Sodium: (13.63..+inf)'
c1 rule: 'Silicon: (72.66..73.02]', 'Potassium: (-inf..0.16]' => 'Sodium: (13.63..+inf)'
c1 rule: 'Aluminum: (-inf..1.02]', not 'Calcium: (9.27..+inf)' => 'Sodium: (13.63..+inf)'
c1 rule: 'Calcium: (-inf..8.24]', 'Iron: (0.11..0.19]' => 'Sodium: (13.63..+inf)'
c1 rule: 'Aluminum: (1.54..+inf)', 'Potassium: (0.16..0.48]' => 'Sodium: (13.63..+inf)'
c1 rule: 'Iron: (0.28..+inf)', not 'Potassium: (0.61..+inf)' => 'Sodium: (13.63..+inf)'
c1 rule: 'Silicon: (-inf..72.15]', 'Potassium: (0.61..+inf)' => 'Sodium: (13.63..+inf)'
c1 rule: 'Silicon: (-inf..72.15]', 'Calcium: (8.24..8.64]' => 'Sodium: (13.63..+inf)'
c1 rule: 'Refractive Index: (-inf..1.52]', 'Aluminum: (-inf..1.02]', 'Iron: (-inf..0.11]' => 'Sodium: (13.63..+inf)'
c1 rule: 'Magnesium: (-inf..3.33]', 'Silicon: (-inf..72.15]', not 'Iron: (0.19..0.28]' => 'Sodium: (13.63..+inf)'
c1 # of rules: 14
c1 rule time: 0.0115

c2 total rules: 60

c0 computing feature 3
c1 computing class: (-inf..3.33]
c1 discrimination constraints: 89h
c1 coverage constraints: 23v+691h
c1 formula: 89v, 879c (813h+66s)
c1 enumerating rules (maxsat-based)
c1 rule: 'Aluminum: (-inf..1.02]', 'Silicon: (73.02..+inf)' => 'Magnesium: (-inf..3.33]'
c1 rule: 'Aluminum: (1.54..+inf)', 'Calcium: (9.27..+inf)' => 'Magnesium: (-inf..3.33]'
c1 rule: 'Potassium: (0.48..0.61]', 'Calcium: (9.27..+inf)' => 'Magnesium: (-inf..3.33]'
c1 rule: 'Aluminum: (1.28..1.54]', 'Calcium: (9.27..+inf)' => 'Magnesium: (-inf..3.33]'
c1 rule: 'Silicon: (-inf..72.15]', 'Iron: (0.19..0.28]' => 'Magnesium: (-inf..3.33]'
c1 rule: 'Sodium: (-inf..12.81]', not 'Barium: (-inf..0.09]' => 'Magnesium: (-inf..3.33]'
c1 rule: 'Silicon: (72.66..73.02]', 'Calcium: (9.27..+inf)' => 'Magnesium: (-inf..3.33]'
c1 rule: 'Silicon: (72.66..73.02]', 'Barium: (0.09..0.14]' => 'Magnesium: (-inf..3.33]'
c1 rule: 'Potassium: (0.48..0.61]', 'Calcium: (8.64..9.27]', 'Iron: (0.19..0.28]' => 'Magnesium: (-inf..3.33]'
c1 rule: 'Calcium: (8.64..9.27]', 'Iron: (0.19..0.28]', not 'Silicon: (72.15..72.66]' => 'Magnesium: (-inf..3.33]'
c1 rule: 'Silicon: (73.02..+inf)', 'Potassium: (0.61..+inf)', not 'Calcium: (-inf..8.24]' => 'Magnesium: (-inf..3.33]'
c1 rule: 'Aluminum: (1.54..+inf)', 'Potassium: (0.61..+inf)', not 'Calcium: (-inf..8.24]' => 'Magnesium: (-inf..3.33]'
c1 rule: 'Sodium: (12.81..13.22]', 'Calcium: (8.64..9.27]', not 'Aluminum: (1.02..1.28]' => 'Magnesium: (-inf..3.33]'
c1 rule: 'Sodium: (12.81..13.22]', 'Calcium: (8.64..9.27]', 'Iron: (-inf..0.11]' => 'Magnesium: (-inf..3.33]'
c1 rule: 'Sodium: (-inf..12.81]', 'Aluminum: (1.28..1.54]', 'Calcium: (-inf..8.24]' => 'Magnesium: (-inf..3.33]'
c1 # of rules: 15
c1 rule time: 0.0124

c1 computing class: (3.33..3.53]
c1 discrimination constraints: 78h
c1 coverage constraints: 34v+1021h
c1 formula: 100v, 1198c (1132h+66s)
c1 enumerating rules (maxsat-based)
c1 rule: 'Silicon: (72.66..73.02]', 'Iron: (0.28..+inf)' => 'Magnesium: (3.33..3.53]'
c1 rule: 'Aluminum: (1.02..1.28]', 'Potassium: (0.16..0.48]' => 'Magnesium: (3.33..3.53]'
c1 rule: 'Sodium: (13.63..+inf)', 'Barium: (0.09..0.14]' => 'Magnesium: (3.33..3.53]'
c1 rule: 'Potassium: (0.16..0.48]', 'Calcium: (8.24..8.64]' => 'Magnesium: (3.33..3.53]'
c1 rule: 'Sodium: (13.22..13.63]', 'Calcium: (8.64..9.27]' => 'Magnesium: (3.33..3.53]'
c1 rule: 'Aluminum: (1.28..1.54]', 'Silicon: (72.66..73.02]', 'Iron: (0.19..0.28]' => 'Magnesium: (3.33..3.53]'
c1 rule: 'Calcium: (-inf..8.24]', 'Iron: (0.19..0.28]', not 'Aluminum: (1.54..+inf)' => 'Magnesium: (3.33..3.53]'
c1 rule: 'Sodium: (12.81..13.22]', 'Aluminum: (1.54..+inf)', not 'Potassium: (0.48..0.61]' => 'Magnesium: (3.33..3.53]'
c1 rule: 'Aluminum: (1.54..+inf)', 'Silicon: (73.02..+inf)', not 'Iron: (-inf..0.11]' => 'Magnesium: (3.33..3.53]'
c1 rule: 'Aluminum: (1.54..+inf)', 'Silicon: (73.02..+inf)', not 'Calcium: (8.24..8.64]' => 'Magnesium: (3.33..3.53]'
c1 rule: 'Aluminum: (1.28..1.54]', 'Potassium: (0.61..+inf)', 'Calcium: (8.64..9.27]' => 'Magnesium: (3.33..3.53]'
c1 rule: 'Aluminum: (1.02..1.28]', 'Iron: (0.19..0.28]', not 'Calcium: (8.64..9.27]' => 'Magnesium: (3.33..3.53]'
c1 rule: 'Sodium: (-inf..12.81]', 'Aluminum: (1.02..1.28]', not 'Calcium: (8.64..9.27]' => 'Magnesium: (3.33..3.53]'
c1 rule: 'Silicon: (73.02..+inf)', 'Potassium: (0.16..0.48]', not 'Calcium: (9.27..+inf)' => 'Magnesium: (3.33..3.53]'
c1 rule: 'Sodium: (13.22..13.63]', 'Silicon: (73.02..+inf)', not 'Aluminum: (1.02..1.28]' => 'Magnesium: (3.33..3.53]'
c1 rule: 'Silicon: (72.66..73.02]', 'Iron: (0.11..0.19]', not 'Calcium: (8.24..8.64]' => 'Magnesium: (3.33..3.53]'
c1 rule: 'Sodium: (-inf..12.81]', 'Calcium: (8.24..8.64]', not 'Silicon: (73.02..+inf)', not 'Potassium: (0.61..+inf)' => 'Magnesium: (3.33..3.53]'
c1 rule: 'Sodium: (12.81..13.22]', 'Aluminum: (1.28..1.54]', 'Silicon: (72.15..72.66]', not 'Iron: (0.19..0.28]' => 'Magnesium: (3.33..3.53]'
c1 rule: 'Sodium: (12.81..13.22]', 'Aluminum: (1.28..1.54]', 'Calcium: (8.24..8.64]', 'Iron: (-inf..0.11]' => 'Magnesium: (3.33..3.53]'
c1 rule: 'Silicon: (73.02..+inf)', 'Calcium: (8.24..8.64]', not 'Sodium: (-inf..12.81]', not 'Iron: (0.11..0.19]' => 'Magnesium: (3.33..3.53]'
c1 # of rules: 20
c1 rule time: 0.0190

c1 computing class: (3.53..3.73]
c1 discrimination constraints: 72h
c1 coverage constraints: 40v+1201h
c1 formula: 106v, 1372c (1306h+66s)
c1 enumerating rules (maxsat-based)
c1 rule: 'Barium: (0.27..+inf)', not 'Aluminum: (1.54..+inf)' => 'Magnesium: (3.53..3.73]'
c1 rule: 'Silicon: (-inf..72.15]', 'Potassium: (0.61..+inf)' => 'Magnesium: (3.53..3.73]'
c1 rule: 'Silicon: (72.15..72.66]', 'Calcium: (8.64..9.27]' => 'Magnesium: (3.53..3.73]'
c1 rule: 'Calcium: (8.24..8.64]', not 'Refractive Index: (-inf..1.52]' => 'Magnesium: (3.53..3.73]'
c1 rule: 'Sodium: (-inf..12.81]', 'Iron: (0.11..0.19]' => 'Magnesium: (3.53..3.73]'
c1 rule: 'Aluminum: (-inf..1.02]', 'Silicon: (72.15..72.66]' => 'Magnesium: (3.53..3.73]'
c1 rule: 'Sodium: (13.22..13.63]', 'Potassium: (-inf..0.16]' => 'Magnesium: (3.53..3.73]'
c1 rule: 'Potassium: (-inf..0.16]', 'Calcium: (-inf..8.24]' => 'Magnesium: (3.53..3.73]'
c1 rule: 'Calcium: (-inf..8.24]', 'Iron: (0.28..+inf)' => 'Magnesium: (3.53..3.73]'
c1 rule: 'Silicon: (72.66..73.02]', 'Potassium: (0.16..0.48]', not 'Iron: (0.11..0.19]' => 'Magnesium: (3.53..3.73]'
c1 rule: 'Sodium: (13.22..13.63]', 'Silicon: (73.02..+inf)', not 'Aluminum: (1.28..1.54]' => 'Magnesium: (3.53..3.73]'
c1 rule: 'Sodium: (12.81..13.22]', 'Aluminum: (1.02..1.28]', 'Calcium: (-inf..8.24]' => 'Magnesium: (3.53..3.73]'
c1 rule: 'Sodium: (-inf..12.81]', 'Calcium: (-inf..8.24]', not 'Silicon: (73.02..+inf)' => 'Magnesium: (3.53..3.73]'
c1 rule: 'Aluminum: (1.54..+inf)', 'Silicon: (72.66..73.02]', 'Calcium: (8.24..8.64]' => 'Magnesium: (3.53..3.73]'
c1 rule: 'Aluminum: (1.54..+inf)', 'Silicon: (72.66..73.02]', not 'Potassium: (0.61..+inf)' => 'Magnesium: (3.53..3.73]'
c1 rule: 'Silicon: (72.66..73.02]', 'Calcium: (8.24..8.64]', 'Iron: (0.11..0.19]' => 'Magnesium: (3.53..3.73]'
c1 rule: 'Silicon: (73.02..+inf)', 'Calcium: (8.64..9.27]', 'Iron: (-inf..0.11]' => 'Magnesium: (3.53..3.73]'
c1 rule: 'Aluminum: (1.02..1.28]', 'Potassium: (0.61..+inf)', 'Iron: (-inf..0.11]' => 'Magnesium: (3.53..3.73]'
c1 rule: 'Aluminum: (1.28..1.54]', 'Potassium: (0.61..+inf)', 'Calcium: (8.24..8.64]' => 'Magnesium: (3.53..3.73]'
c1 rule: 'Aluminum: (-inf..1.02]', not 'Silicon: (-inf..72.15]', not 'Calcium: (9.27..+inf)' => 'Magnesium: (3.53..3.73]'
c1 rule: 'Aluminum: (1.02..1.28]', 'Potassium: (-inf..0.16]', not 'Silicon: (-inf..72.15]' => 'Magnesium: (3.53..3.73]'
c1 rule: 'Silicon: (-inf..72.15]', 'Calcium: (8.24..8.64]', not 'Aluminum: (1.02..1.28]' => 'Magnesium: (3.53..3.73]'
c1 rule: 'Refractive Index: (-inf..1.52]', 'Silicon: (-inf..72.15]', not 'Potassium: (0.48..0.61]' => 'Magnesium: (3.53..3.73]'
c1 rule: 'Sodium: (12.81..13.22]', 'Aluminum: (1.28..1.54]', 'Potassium: (0.61..+inf)', not 'Iron: (0.19..0.28]' => 'Magnesium: (3.53..3.73]'
c1 rule: 'Sodium: (-inf..12.81]', 'Potassium: (0.48..0.61]', not 'Calcium: (8.24..8.64]', not 'Iron: (0.19..0.28]' => 'Magnesium: (3.53..3.73]'
c1 # of rules: 25
c1 rule time: 0.0280

c1 computing class: (3.73..+inf)
c1 discrimination constraints: 97h
c1 coverage constraints: 15v+451h
c1 formula: 81v, 647c (581h+66s)
c1 enumerating rules (maxsat-based)
c1 rule: 'Sodium: (12.81..13.22]', 'Silicon: (-inf..72.15]' => 'Magnesium: (3.73..+inf)'
c1 rule: 'Iron: (0.28..+inf)', not 'Potassium: (0.61..+inf)' => 'Magnesium: (3.73..+inf)'
c1 rule: 'Calcium: (8.64..9.27]', not 'Refractive Index: (-inf..1.52]' => 'Magnesium: (3.73..+inf)'
c1 rule: 'Silicon: (72.15..72.66]', 'Iron: (0.19..0.28]', not 'Aluminum: (-inf..1.02]' => 'Magnesium: (3.73..+inf)'
c1 rule: 'Aluminum: (1.02..1.28]', 'Silicon: (72.15..72.66]', not 'Sodium: (12.81..13.22]' => 'Magnesium: (3.73..+inf)'
c1 rule: 'Aluminum: (1.02..1.28]', 'Silicon: (72.15..72.66]', 'Iron: (-inf..0.11]' => 'Magnesium: (3.73..+inf)'
c1 rule: 'Potassium: (0.16..0.48]', 'Iron: (-inf..0.11]', not 'Aluminum: (1.28..1.54]' => 'Magnesium: (3.73..+inf)'
c1 rule: 'Potassium: (0.48..0.61]', 'Calcium: (-inf..8.24]', not 'Iron: (-inf..0.11]' => 'Magnesium: (3.73..+inf)'
c1 rule: 'Aluminum: (1.02..1.28]', 'Potassium: (0.48..0.61]', 'Calcium: (-inf..8.24]', not 'Silicon: (73.02..+inf)' => 'Magnesium: (3.73..+inf)'
c1 # of rules: 9
c1 rule time: 0.0098

c2 total rules: 69

c0 computing feature 4
c1 computing class: (-inf..1.02]
c1 discrimination constraints: 95h
c1 coverage constraints: 17v+511h
c1 formula: 83v, 705c (639h+66s)
c1 enumerating rules (maxsat-based)
c1 rule: 'Silicon: (73.02..+inf)', not 'Refractive Index: (-inf..1.52]' => 'Aluminum: (-inf..1.02]'
c1 rule: 'Sodium: (12.81..13.22]', 'Silicon: (-inf..72.15]' => 'Aluminum: (-inf..1.02]'
c1 rule: 'Sodium: (13.63..+inf)', 'Iron: (0.19..0.28]' => 'Aluminum: (-inf..1.02]'
c1 rule: 'Refractive Index: (-inf..1.52]', 'Calcium: (9.27..+inf)' => 'Aluminum: (-inf..1.02]'
c1 rule: 'Potassium: (0.16..0.48]', 'Iron: (0.28..+inf)' => 'Aluminum: (-inf..1.02]'
c1 rule: 'Silicon: (72.15..72.66]', 'Potassium: (0.16..0.48]' => 'Aluminum: (-inf..1.02]'
c1 rule: 'Silicon: (72.66..73.02]', 'Calcium: (9.27..+inf)' => 'Aluminum: (-inf..1.02]'
c1 rule: 'Sodium: (13.22..13.63]', 'Potassium: (-inf..0.16]' => 'Aluminum: (-inf..1.02]'
c1 rule: 'Magnesium: (3.73..+inf)', 'Calcium: (9.27..+inf)' => 'Aluminum: (-inf..1.02]'
c1 rule: 'Potassium: (-inf..0.16]', 'Iron: (0.19..0.28]' => 'Aluminum: (-inf..1.02]'
c1 rule: 'Sodium: (13.63..+inf)', 'Calcium: (8.64..9.27]', not 'Silicon: (-inf..72.15]' => 'Aluminum: (-inf..1.02]'
c1 # of rules: 11
c1 rule time: 0.0079

c1 computing class: (1.02..1.28]
c1 discrimination constraints: 79h
c1 coverage constraints: 33v+991h
c1 formula: 99v, 1169c (1103h+66s)
c1 enumerating rules (maxsat-based)
c1 rule: 'Potassium: (0.61..+inf)', 'Iron: (0.11..0.19]' => 'Aluminum: (1.02..1.28]'
c1 rule: 'Potassium: (0.48..0.61]', 'Iron: (0.28..+inf)' => 'Aluminum: (1.02..1.28]'
c1 rule: 'Calcium: (8.24..8.64]', 'Iron: (0.28..+inf)' => 'Aluminum: (1.02..1.28]'
c1 rule: 'Sodium: (12.81..13.22]', 'Iron: (0.28..+inf)' => 'Aluminum: (1.02..1.28]'
c1 rule: 'Magnesium: (3.73..+inf)', 'Silicon: (73.02..+inf)' => 'Aluminum: (1.02..1.28]'
c1 rule: 'Calcium: (8.24..8.64]', not 'Refractive Index: (-inf..1.52]' => 'Aluminum: (1.02..1.28]'
c1 rule: 'Magnesium: (3.73..+inf)', 'Silicon: (72.66..73.02]' => 'Aluminum: (1.02..1.28]'
c1 rule: 'Silicon: (72.66..73.02]', 'Calcium: (8.64..9.27]', not 'Iron: (-inf..0.11]' => 'Aluminum: (1.02..1.28]'
c1 rule: 'Potassium: (0.61..+inf)', 'Calcium: (8.64..9.27]', 'Iron: (0.19..0.28]' => 'Aluminum: (1.02..1.28]'
c1 rule: 'Sodium: (13.63..+inf)', 'Calcium: (8.24..8.64]', not 'Silicon: (-inf..72.15]' => 'Aluminum: (1.02..1.28]'
c1 rule: 'Sodium: (13.63..+inf)', 'Magnesium: (3.33..3.53]', not 'Potassium: (0.48..0.61]' => 'Aluminum: (1.02..1.28]'
c1 rule: 'Potassium: (0.61..+inf)', not 'Sodium: (-inf..12.81]', not 'Calcium: (-inf..8.24]' => 'Aluminum: (1.02..1.28]'
c1 rule: 'Silicon: (72.15..72.66]', 'Calcium: (-inf..8.24]', not 'Potassium: (0.61..+inf)' => 'Aluminum: (1.02..1.28]'
c1 rule: 'Calcium: (8.24..8.64]', 'Iron: (0.19..0.28]', not 'Silicon: (72.15..72.66]' => 'Aluminum: (1.02..1.28]'
c1 rule: 'Silicon: (73.02..+inf)', 'Calcium: (8.64..9.27]', 'Iron: (-inf..0.11]' => 'Aluminum: (1.02..1.28]'
c1 rule: 'Sodium: (13.22..13.63]', 'Silicon: (73.02..+inf)', not 'Magnesium: (3.33..3.53]' => 'Aluminum: (1.02..1.28]'
c1 rule: 'Magnesium: (3.53..3.73]', 'Silicon: (-inf..72.15]', 'Calcium: (8.64..9.27]', not 'Barium: (0.27..+inf)' => 'Aluminum: (1.02..1.28]'
c1 rule: 'Sodium: (12.81..13.22]', 'Potassium: (0.48..0.61]', not 'Silicon: (72.66..73.02]', not 'Calcium: (8.24..8.64]' => 'Aluminum: (1.02..1.28]'
c1 rule: 'Sodium: (12.81..13.22]', 'Silicon: (73.02..+inf)', not 'Magnesium: (3.33..3.53]', not 'Calcium: (-inf..8.24]' => 'Aluminum: (1.02..1.28]'
c1 rule: 'Silicon: (72.15..72.66]', 'Iron: (-inf..0.11]', not 'Sodium: (13.22..13.63]', not 'Magnesium: (3.33..3.53]' => 'Aluminum: (1.02..1.28]'
c1 # of rules: 20
c1 rule time: 0.0242

c1 computing class: (1.28..1.54]
c1 discrimination constraints: 71h
c1 coverage constraints: 41v+1231h
c1 formula: 107v, 1401c (1335h+66s)
c1 enumerating rules (maxsat-based)
c1 rule: 'Barium: (0.09..0.14]' => 'Aluminum: (1.28..1.54]'
c1 rule: 'Barium: (0.27..+inf)', not 'Magnesium: (-inf..3.33]' => 'Aluminum: (1.28..1.54]'
c1 rule: 'Magnesium: (3.73..+inf)', 'Iron: (0.19..0.28]' => 'Aluminum: (1.28..1.54]'
c1 rule: 'Potassium: (0.16..0.48]', 'Calcium: (8.24..8.64]' => 'Aluminum: (1.28..1.54]'
c1 rule: 'Sodium: (-inf..12.81]', 'Iron: (0.11..0.19]' => 'Aluminum: (1.28..1.54]'
c1 rule: 'Magnesium: (-inf..3.33]', 'Calcium: (-inf..8.24]' => 'Aluminum: (1.28..1.54]'
c1 rule: 'Sodium: (13.22..13.63]', 'Iron: (0.28..+inf)' => 'Aluminum: (1.28..1.54]'
c1 rule: 'Sodium: (12.81..13.22]', 'Iron: (0.19..0.28]', not 'Silicon: (72.66..73.02]' => 'Aluminum: (1.28..1.54]'
c1 rule: 'Sodium: (12.81..13.22]', 'Iron: (0.19..0.28]', not 'Potassium: (0.48..0.61]' => 'Aluminum: (1.28..1.54]'
c1 rule: 'Magnesium: (3.33..3.53]', 'Calcium: (8.64..9.27]', not 'Potassium: (0.48..0.61]' => 'Aluminum: (1.28..1.54]'
c1 rule: 'Sodium: (13.22..13.63]', 'Silicon: (72.66..73.02]', not 'Potassium: (0.48..0.61]' => 'Aluminum: (1.28..1.54]'
c1 rule: 'Sodium: (13.22..13.63]', 'Calcium: (8.24..8.64]', not 'Silicon: (72.66..73.02]' => 'Aluminum: (1.28..1.54]'
c1 rule: 'Silicon: (-inf..72.15]', 'Calcium: (-inf..8.24]', not 'Magnesium: (3.53..3.73]' => 'Aluminum: (1.28..1.54]'
c1 rule: 'Sodium: (13.63..+inf)', 'Potassium: (0.48..0.61]', 'Iron: (-inf..0.11]' => 'Aluminum: (1.28..1.54]'
c1 rule: 'Sodium: (13.63..+inf)', 'Potassium: (0.48..0.61]', not 'Magnesium: (3.73..+inf)' => 'Aluminum: (1.28..1.54]'
c1 rule: 'Sodium: (13.63..+inf)', 'Magnesium: (3.53..3.73]', 'Potassium: (0.16..0.48]' => 'Aluminum: (1.28..1.54]'
c1 rule: 'Potassium: (0.16..0.48]', 'Iron: (-inf..0.11]', not 'Magnesium: (3.73..+inf)' => 'Aluminum: (1.28..1.54]'
c1 rule: 'Sodium: (-inf..12.81]', 'Magnesium: (3.53..3.73]', 'Calcium: (8.24..8.64]' => 'Aluminum: (1.28..1.54]'
c1 rule: 'Sodium: (-inf..12.81]', 'Silicon: (72.66..73.02]', 'Calcium: (8.24..8.64]' => 'Aluminum: (1.28..1.54]'
c1 rule: 'Sodium: (-inf..12.81]', 'Silicon: (72.66..73.02]', not 'Potassium: (0.61..+inf)' => 'Aluminum: (1.28..1.54]'
c1 rule: 'Magnesium: (-inf..3.33]', 'Silicon: (73.02..+inf)', 'Potassium: (0.48..0.61]' => 'Aluminum: (1.28..1.54]'
c1 rule: 'Magnesium: (3.53..3.73]', 'Silicon: (73.02..+inf)', not 'Potassium: (0.48..0.61]' => 'Aluminum: (1.28..1.54]'
c1 rule: 'Magnesium: (3.33..3.53]', 'Potassium: (0.48..0.61]', 'Calcium: (-inf..8.24]' => 'Aluminum: (1.28..1.54]'
c1 rule: 'Magnesium: (3.33..3.53]', 'Silicon: (72.15..72.66]', 'Iron: (-inf..0.11]', not 'Calcium: (-inf..8.24]' => 'Aluminum: (1.28..1.54]'
c1 # of rules: 24
c1 rule time: 0.0257

c1 computing class: (1.54..+inf)
c1 discrimination constraints: 91h
c1 coverage constraints: 21v+631h
c1 formula: 87v, 821c (755h+66s)
c1 enumerating rules (maxsat-based)
c1 rule: 'Calcium: (9.27..+inf)', 'Barium: (0.27..+inf)' => 'Aluminum: (1.54..+inf)'
c1 rule: 'Calcium: (9.27..+inf)', not 'Barium: (-inf..0.09]' => 'Aluminum: (1.54..+inf)'
c1 rule: 'Potassium: (0.61..+inf)', 'Calcium: (9.27..+inf)' => 'Aluminum: (1.54..+inf)'
c1 rule: 'Silicon: (-inf..72.15]', 'Potassium: (0.61..+inf)' => 'Aluminum: (1.54..+inf)'
c1 rule: 'Magnesium: (-inf..3.33]', 'Calcium: (8.24..8.64]' => 'Aluminum: (1.54..+inf)'
c1 rule: 'Magnesium: (3.33..3.53]', 'Potassium: (-inf..0.16]' => 'Aluminum: (1.54..+inf)'
c1 rule: 'Potassium: (-inf..0.16]', 'Iron: (0.11..0.19]' => 'Aluminum: (1.54..+inf)'
c1 rule: 'Sodium: (-inf..12.81]', 'Calcium: (-inf..8.24]', not 'Iron: (-inf..0.11]' => 'Aluminum: (1.54..+inf)'
c1 rule: 'Silicon: (72.15..72.66]', 'Iron: (0.11..0.19]', not 'Magnesium: (3.53..3.73]' => 'Aluminum: (1.54..+inf)'
c1 rule: 'Silicon: (72.15..72.66]', 'Potassium: (0.48..0.61]', 'Iron: (0.11..0.19]' => 'Aluminum: (1.54..+inf)'
c1 rule: 'Silicon: (72.15..72.66]', 'Calcium: (-inf..8.24]', not 'Sodium: (13.22..13.63]' => 'Aluminum: (1.54..+inf)'
c1 rule: 'Magnesium: (-inf..3.33]', 'Potassium: (0.61..+inf)', not 'Silicon: (73.02..+inf)' => 'Aluminum: (1.54..+inf)'
c1 rule: 'Sodium: (-inf..12.81]', 'Calcium: (-inf..8.24]', not 'Magnesium: (-inf..3.33]' => 'Aluminum: (1.54..+inf)'
c1 rule: 'Silicon: (-inf..72.15]', 'Potassium: (0.16..0.48]', 'Iron: (0.11..0.19]' => 'Aluminum: (1.54..+inf)'
c1 rule: 'Sodium: (12.81..13.22]', 'Potassium: (0.61..+inf)', 'Iron: (-inf..0.11]', not 'Magnesium: (3.53..3.73]' => 'Aluminum: (1.54..+inf)'
c1 # of rules: 15
c1 rule time: 0.0133

c2 total rules: 70

c0 computing feature 5
c1 computing class: (-inf..72.15]
c1 discrimination constraints: 84h
c1 coverage constraints: 28v+841h
c1 formula: 94v, 1024c (958h+66s)
c1 enumerating rules (maxsat-based)
c1 rule: 'Barium: (0.27..+inf)' => 'Silicon: (-inf..72.15]'
c1 rule: 'Sodium: (13.63..+inf)', 'Potassium: (0.61..+inf)' => 'Silicon: (-inf..72.15]'
c1 rule: 'Sodium: (13.22..13.63]', 'Potassium: (-inf..0.16]' => 'Silicon: (-inf..72.15]'
c1 rule: 'Sodium: (13.22..13.63]', 'Aluminum: (-inf..1.02]' => 'Silicon: (-inf..72.15]'
c1 rule: 'Aluminum: (1.02..1.28]', 'Calcium: (9.27..+inf)' => 'Silicon: (-inf..72.15]'
c1 rule: 'Magnesium: (3.73..+inf)', 'Calcium: (8.64..9.27]' => 'Silicon: (-inf..72.15]'
c1 rule: 'Magnesium: (3.73..+inf)', 'Potassium: (-inf..0.16]' => 'Silicon: (-inf..72.15]'
c1 rule: 'Magnesium: (3.73..+inf)', 'Aluminum: (-inf..1.02]' => 'Silicon: (-inf..72.15]'
c1 rule: 'Sodium: (13.63..+inf)', 'Magnesium: (3.73..+inf)' => 'Silicon: (-inf..72.15]'
c1 rule: 'Potassium: (-inf..0.16]', 'Calcium: (-inf..8.24]' => 'Silicon: (-inf..72.15]'
c1 rule: 'Sodium: (13.63..+inf)', 'Aluminum: (1.54..+inf)' => 'Silicon: (-inf..72.15]'
c1 rule: 'Aluminum: (1.28..1.54]', 'Calcium: (9.27..+inf)' => 'Silicon: (-inf..72.15]'
c1 rule: 'Sodium: (13.22..13.63]', 'Calcium: (8.64..9.27]' => 'Silicon: (-inf..72.15]'
c1 rule: 'Sodium: (13.63..+inf)', 'Potassium: (0.48..0.61]' => 'Silicon: (-inf..72.15]'
c1 rule: 'Iron: (0.19..0.28]', not 'Refractive Index: (-inf..1.52]' => 'Silicon: (-inf..72.15]'
c1 rule: 'Magnesium: (3.53..3.73]', 'Calcium: (9.27..+inf)', not 'Iron: (0.11..0.19]' => 'Silicon: (-inf..72.15]'
c1 rule: 'Potassium: (-inf..0.16]', 'Calcium: (8.64..9.27]', not 'Aluminum: (-inf..1.02]' => 'Silicon: (-inf..72.15]'
c1 # of rules: 17
c1 rule time: 0.0141

c1 computing class: (72.15..72.66]
c1 discrimination constraints: 92h
c1 coverage constraints: 20v+601h
c1 formula: 86v, 792c (726h+66s)
c1 enumerating rules (maxsat-based)
c1 rule: 'Barium: (0.14..0.27]' => 'Silicon: (72.15..72.66]'
c1 rule: 'Potassium: (0.61..+inf)', 'Iron: (0.11..0.19]' => 'Silicon: (72.15..72.66]'
c1 rule: 'Aluminum: (-inf..1.02]', 'Iron: (0.11..0.19]' => 'Silicon: (72.15..72.66]'
c1 rule: 'Magnesium: (3.73..+inf)', 'Iron: (0.19..0.28]' => 'Silicon: (72.15..72.66]'
c1 rule: 'Sodium: (13.22..13.63]', not 'Iron: (-inf..0.11]' => 'Silicon: (72.15..72.66]'
c1 rule: 'Sodium: (13.22..13.63]', 'Potassium: (0.61..+inf)' => 'Silicon: (72.15..72.66]'
c1 rule: 'Magnesium: (3.53..3.73]', 'Iron: (0.28..+inf)' => 'Silicon: (72.15..72.66]'
c1 rule: 'Potassium: (0.61..+inf)', not 'Refractive Index: (-inf..1.52]' => 'Silicon: (72.15..72.66]'
c1 rule: 'Aluminum: (1.54..+inf)', 'Potassium: (0.48..0.61]', 'Iron: (0.11..0.19]' => 'Silicon: (72.15..72.66]'
c1 rule: 'Sodium: (13.22..13.63]', 'Magnesium: (3.73..+inf)', 'Calcium: (8.24..8.64]' => 'Silicon: (72.15..72.66]'
c1 rule: 'Magnesium: (3.73..+inf)', 'Calcium: (8.24..8.64]', 'Iron: (-inf..0.11]' => 'Silicon: (72.15..72.66]'
c1 # of rules: 11
c1 rule time: 0.0050

c1 computing class: (72.66..73.02]
c1 discrimination constraints: 75h
c1 coverage constraints: 37v+1111h
c1 formula: 103v, 1285c (1219h+66s)
c1 enumerating rules (maxsat-based)
c1 rule: 'Magnesium: (3.33..3.53]', 'Iron: (0.28..+inf)' => 'Silicon: (72.66..73.02]'
c1 rule: 'Sodium: (12.81..13.22]', 'Magnesium: (-inf..3.33]' => 'Silicon: (72.66..73.02]'
c1 rule: 'Aluminum: (1.02..1.28]', 'Potassium: (0.16..0.48]' => 'Silicon: (72.66..73.02]'
c1 rule: 'Calcium: (8.24..8.64]', not 'Refractive Index: (-inf..1.52]' => 'Silicon: (72.66..73.02]'
c1 rule: 'Potassium: (0.61..+inf)', 'Calcium: (8.64..9.27]', not 'Aluminum: (1.02..1.28]' => 'Silicon: (72.66..73.02]'
c1 rule: 'Sodium: (-inf..12.81]', 'Magnesium: (3.53..3.73]', not 'Potassium: (0.48..0.61]' => 'Silicon: (72.66..73.02]'
c1 rule: 'Sodium: (12.81..13.22]', 'Calcium: (8.64..9.27]', not 'Potassium: (0.61..+inf)' => 'Silicon: (72.66..73.02]'
c1 rule: 'Aluminum: (1.02..1.28]', 'Potassium: (0.61..+inf)', 'Iron: (-inf..0.11]' => 'Silicon: (72.66..73.02]'
c1 rule: 'Potassium: (-inf..0.16]', 'Calcium: (8.24..8.64]', not 'Iron: (0.11..0.19]' => 'Silicon: (72.66..73.02]'
c1 rule: 'Sodium: (13.22..13.63]', 'Aluminum: (1.02..1.28]', 'Calcium: (8.24..8.64]' => 'Silicon: (72.66..73.02]'
c1 rule: 'Aluminum: (1.02..1.28]', 'Calcium: (8.24..8.64]', 'Iron: (0.19..0.28]' => 'Silicon: (72.66..73.02]'
c1 rule: 'Aluminum: (1.54..+inf)', 'Potassium: (0.48..0.61]', 'Calcium: (-inf..8.24]' => 'Silicon: (72.66..73.02]'
c1 rule: 'Potassium: (0.16..0.48]', 'Calcium: (-inf..8.24]', not 'Magnesium: (3.33..3.53]' => 'Silicon: (72.66..73.02]'
c1 rule: 'Sodium: (12.81..13.22]', 'Aluminum: (1.28..1.54]', 'Iron: (0.11..0.19]' => 'Silicon: (72.66..73.02]'
c1 rule: 'Sodium: (13.22..13.63]', 'Magnesium: (3.53..3.73]', 'Calcium: (8.24..8.64]' => 'Silicon: (72.66..73.02]'
c1 rule: 'Sodium: (12.81..13.22]', 'Potassium: (0.48..0.61]', not 'Magnesium: (3.53..3.73]', not 'Calcium: (8.24..8.64]' => 'Silicon: (72.66..73.02]'
c1 rule: 'Sodium: (12.81..13.22]', 'Aluminum: (1.28..1.54]', 'Potassium: (0.48..0.61]', not 'Calcium: (8.24..8.64]' => 'Silicon: (72.66..73.02]'
c1 rule: 'Sodium: (12.81..13.22]', 'Magnesium: (3.53..3.73]', 'Iron: (-inf..0.11]', not 'Calcium: (-inf..8.24]' => 'Silicon: (72.66..73.02]'
c1 rule: 'Sodium: (-inf..12.81]', 'Calcium: (8.64..9.27]', 'Iron: (-inf..0.11]', not 'Aluminum: (1.02..1.28]' => 'Silicon: (72.66..73.02]'
c1 rule: 'Aluminum: (-inf..1.02]', 'Calcium: (8.64..9.27]', not 'Magnesium: (3.73..+inf)', not 'Barium: (0.14..0.27]' => 'Silicon: (72.66..73.02]'
c1 # of rules: 20
c1 rule time: 0.0276

c1 computing class: (73.02..+inf)
c1 discrimination constraints: 85h
c1 coverage constraints: 27v+811h
c1 formula: 93v, 995c (929h+66s)
c1 enumerating rules (maxsat-based)
c1 rule: 'Barium: (0.09..0.14]', not 'Iron: (-inf..0.11]' => 'Silicon: (73.02..+inf)'
c1 rule: 'Refractive Index: (-inf..1.52]', 'Calcium: (9.27..+inf)' => 'Silicon: (73.02..+inf)'
c1 rule: 'Sodium: (-inf..12.81]', 'Iron: (0.11..0.19]' => 'Silicon: (73.02..+inf)'
c1 rule: 'Sodium: (-inf..12.81]', 'Aluminum: (1.02..1.28]' => 'Silicon: (73.02..+inf)'
c1 rule: 'Magnesium: (3.33..3.53]', 'Potassium: (-inf..0.16]' => 'Silicon: (73.02..+inf)'
c1 rule: 'Magnesium: (-inf..3.33]', 'Calcium: (8.24..8.64]' => 'Silicon: (73.02..+inf)'
c1 rule: 'Magnesium: (-inf..3.33]', 'Calcium: (-inf..8.24]' => 'Silicon: (73.02..+inf)'
c1 rule: 'Potassium: (0.16..0.48]', 'Calcium: (8.24..8.64]' => 'Silicon: (73.02..+inf)'
c1 rule: 'Sodium: (-inf..12.81]', 'Magnesium: (3.33..3.53]', not 'Aluminum: (1.28..1.54]' => 'Silicon: (73.02..+inf)'
c1 rule: 'Magnesium: (3.33..3.53]', 'Aluminum: (1.28..1.54]', 'Potassium: (0.16..0.48]' => 'Silicon: (73.02..+inf)'
c1 rule: 'Sodium: (12.81..13.22]', 'Magnesium: (3.73..+inf)', 'Iron: (0.11..0.19]' => 'Silicon: (73.02..+inf)'
c1 rule: 'Sodium: (12.81..13.22]', 'Aluminum: (1.02..1.28]', 'Calcium: (-inf..8.24]' => 'Silicon: (73.02..+inf)'
c1 rule: 'Magnesium: (3.53..3.73]', 'Aluminum: (1.02..1.28]', 'Calcium: (-inf..8.24]' => 'Silicon: (73.02..+inf)'
c1 rule: 'Aluminum: (1.28..1.54]', 'Iron: (0.19..0.28]', not 'Sodium: (12.81..13.22]' => 'Silicon: (73.02..+inf)'
c1 rule: 'Sodium: (-inf..12.81]', 'Calcium: (9.27..+inf)', 'Iron: (-inf..0.11]' => 'Silicon: (73.02..+inf)'
c1 rule: 'Sodium: (12.81..13.22]', 'Aluminum: (1.28..1.54]', not 'Magnesium: (3.33..3.53]', not 'Potassium: (0.48..0.61]' => 'Silicon: (73.02..+inf)'
c1 rule: 'Potassium: (0.48..0.61]', 'Calcium: (-inf..8.24]', not 'Sodium: (12.81..13.22]', not 'Magnesium: (3.73..+inf)' => 'Silicon: (73.02..+inf)'
c1 rule: 'Sodium: (-inf..12.81]', 'Magnesium: (3.53..3.73]', 'Potassium: (0.48..0.61]', 'Calcium: (8.24..8.64]' => 'Silicon: (73.02..+inf)'
c1 # of rules: 18
c1 rule time: 0.0157

c2 total rules: 66

c0 computing feature 6
c1 computing class: (-inf..0.16]
c1 discrimination constraints: 92h
c1 coverage constraints: 20v+601h
c1 formula: 86v, 792c (726h+66s)
c1 enumerating rules (maxsat-based)
c1 rule: 'Barium: (0.14..0.27]', not 'Calcium: (9.27..+inf)' => 'Potassium: (-inf..0.16]'
c1 rule: 'Silicon: (72.66..73.02]', 'Calcium: (9.27..+inf)' => 'Potassium: (-inf..0.16]'
c1 rule: 'Sodium: (13.63..+inf)', 'Silicon: (73.02..+inf)' => 'Potassium: (-inf..0.16]'
c1 rule: 'Silicon: (73.02..+inf)', not 'Refractive Index: (-inf..1.52]' => 'Potassium: (-inf..0.16]'
c1 rule: 'Aluminum: (1.02..1.28]', 'Calcium: (9.27..+inf)' => 'Potassium: (-inf..0.16]'
c1 rule: 'Aluminum: (-inf..1.02]', 'Silicon: (72.66..73.02]' => 'Potassium: (-inf..0.16]'
c1 rule: 'Barium: (0.27..+inf)', not 'Iron: (0.19..0.28]' => 'Potassium: (-inf..0.16]'
c1 rule: 'Sodium: (12.81..13.22]', 'Silicon: (-inf..72.15]' => 'Potassium: (-inf..0.16]'
c1 rule: 'Sodium: (13.63..+inf)', not 'Silicon: (-inf..72.15]', not 'Calcium: (-inf..8.24]' => 'Potassium: (-inf..0.16]'
c1 rule: 'Sodium: (13.63..+inf)', 'Magnesium: (3.53..3.73]', 'Calcium: (9.27..+inf)' => 'Potassium: (-inf..0.16]'
c1 rule: 'Magnesium: (3.53..3.73]', 'Silicon: (-inf..72.15]', 'Calcium: (8.64..9.27]' => 'Potassium: (-inf..0.16]'
c1 rule: 'Magnesium: (3.53..3.73]', 'Silicon: (-inf..72.15]', not 'Sodium: (13.63..+inf)' => 'Potassium: (-inf..0.16]'
c1 rule: 'Sodium: (13.63..+inf)', 'Aluminum: (1.02..1.28]', 'Iron: (-inf..0.11]' => 'Potassium: (-inf..0.16]'
c1 rule: 'Magnesium: (3.33..3.53]', 'Silicon: (73.02..+inf)', 'Iron: (0.11..0.19]' => 'Potassium: (-inf..0.16]'
c1 rule: 'Calcium: (8.64..9.27]', 'Iron: (-inf..0.11]', not 'Refractive Index: (-inf..1.52]' => 'Potassium: (-inf..0.16]'
c1 rule: 'Sodium: (13.63..+inf)', 'Aluminum: (-inf..1.02]', not 'Magnesium: (3.73..+inf)' => 'Potassium: (-inf..0.16]'
c1 rule: 'Aluminum: (-inf..1.02]', 'Silicon: (-inf..72.15]', not 'Magnesium: (3.73..+inf)' => 'Potassium: (-inf..0.16]'
c1 rule: 'Magnesium: (3.53..3.73]', 'Silicon: (-inf..72.15]', not 'Iron: (-inf..0.11]' => 'Potassium: (-inf..0.16]'
c1 # of rules: 18
c1 rule time: 0.0153

c1 computing class: (0.16..0.48]
c1 discrimination constraints: 100h
c1 coverage constraints: 12v+361h
c1 formula: 78v, 560c (494h+66s)
c1 enumerating rules (maxsat-based)
c1 rule: 'Aluminum: (-inf..1.02]', 'Iron: (0.11..0.19]' => 'Potassium: (0.16..0.48]'
c1 rule: 'Aluminum: (-inf..1.02]', 'Iron: (0.28..+inf)' => 'Potassium: (0.16..0.48]'
c1 rule: 'Sodium: (13.63..+inf)', 'Aluminum: (1.54..+inf)', not 'Calcium: (-inf..8.24]' => 'Potassium: (0.16..0.48]'
c1 rule: 'Aluminum: (-inf..1.02]', 'Silicon: (73.02..+inf)', 'Iron: (0.19..0.28]' => 'Potassium: (0.16..0.48]'
c1 rule: 'Sodium: (13.63..+inf)', 'Calcium: (-inf..8.24]', not 'Silicon: (-inf..72.15]' => 'Potassium: (0.16..0.48]'
c1 rule: 'Aluminum: (1.28..1.54]', 'Iron: (-inf..0.11]', not 'Refractive Index: (-inf..1.52]' => 'Potassium: (0.16..0.48]'
c1 rule: 'Sodium: (13.22..13.63]', 'Aluminum: (-inf..1.02]', not 'Magnesium: (3.53..3.73]' => 'Potassium: (0.16..0.48]'
c1 rule: 'Aluminum: (1.28..1.54]', 'Silicon: (72.66..73.02]', 'Calcium: (-inf..8.24]', not 'Sodium: (12.81..13.22]' => 'Potassium: (0.16..0.48]'
c1 # of rules: 8
c1 rule time: 0.0082

c1 computing class: (0.48..0.61]
c1 discrimination constraints: 57h
c1 coverage constraints: 55v+1651h
c1 formula: 121v, 1807c (1741h+66s)
c1 enumerating rules (maxsat-based)
c1 rule: 'Barium: (0.09..0.14]' => 'Potassium: (0.48..0.61]'
c1 rule: 'Sodium: (12.81..13.22]', 'Magnesium: (-inf..3.33]' => 'Potassium: (0.48..0.61]'
c1 rule: 'Sodium: (13.22..13.63]', 'Calcium: (8.24..8.64]' => 'Potassium: (0.48..0.61]'
c1 rule: 'Sodium: (13.22..13.63]', 'Aluminum: (1.02..1.28]' => 'Potassium: (0.48..0.61]'
c1 rule: 'Silicon: (72.15..72.66]', 'Calcium: (8.24..8.64]' => 'Potassium: (0.48..0.61]'
c1 rule: 'Sodium: (13.22..13.63]', 'Magnesium: (-inf..3.33]' => 'Potassium: (0.48..0.61]'
c1 rule: 'Magnesium: (-inf..3.33]', 'Barium: (0.27..+inf)' => 'Potassium: (0.48..0.61]'
c1 rule: 'Calcium: (8.24..8.64]', 'Iron: (0.19..0.28]' => 'Potassium: (0.48..0.61]'
c1 rule: 'Calcium: (8.24..8.64]', not 'Refractive Index: (-inf..1.52]' => 'Potassium: (0.48..0.61]'
c1 rule: 'Sodium: (-inf..12.81]', 'Iron: (0.11..0.19]' => 'Potassium: (0.48..0.61]'
c1 rule: 'Silicon: (-inf..72.15]', 'Calcium: (8.24..8.64]' => 'Potassium: (0.48..0.61]'
c1 rule: 'Magnesium: (3.33..3.53]', 'Silicon: (-inf..72.15]' => 'Potassium: (0.48..0.61]'
c1 rule: 'Aluminum: (1.28..1.54]', 'Iron: (0.11..0.19]' => 'Potassium: (0.48..0.61]'
c1 rule: 'Magnesium: (3.73..+inf)', 'Iron: (0.11..0.19]' => 'Potassium: (0.48..0.61]'
c1 rule: 'Sodium: (12.81..13.22]', 'Aluminum: (1.54..+inf)', not 'Magnesium: (3.33..3.53]' => 'Potassium: (0.48..0.61]'
c1 rule: 'Sodium: (12.81..13.22]', 'Silicon: (72.66..73.02]', 'Calcium: (8.64..9.27]' => 'Potassium: (0.48..0.61]'
c1 rule: 'Silicon: (73.02..+inf)', 'Calcium: (8.64..9.27]', not 'Aluminum: (1.02..1.28]' => 'Potassium: (0.48..0.61]'
c1 rule: 'Silicon: (73.02..+inf)', 'Calcium: (8.64..9.27]', not 'Iron: (0.19..0.28]' => 'Potassium: (0.48..0.61]'
c1 rule: 'Sodium: (-inf..12.81]', 'Magnesium: (3.53..3.73]', 'Calcium: (8.64..9.27]' => 'Potassium: (0.48..0.61]'
c1 rule: 'Sodium: (-inf..12.81]', 'Aluminum: (1.02..1.28]', not 'Magnesium: (-inf..3.33]' => 'Potassium: (0.48..0.61]'
c1 rule: 'Magnesium: (3.33..3.53]', 'Aluminum: (1.02..1.28]', 'Iron: (-inf..0.11]' => 'Potassium: (0.48..0.61]'
c1 rule: 'Magnesium: (3.53..3.73]', 'Calcium: (8.24..8.64]', not 'Iron: (-inf..0.11]' => 'Potassium: (0.48..0.61]'
c1 rule: 'Magnesium: (3.53..3.73]', 'Calcium: (8.24..8.64]', not 'Silicon: (72.66..73.02]' => 'Potassium: (0.48..0.61]'
c1 rule: 'Magnesium: (3.33..3.53]', 'Calcium: (8.24..8.64]', not 'Sodium: (12.81..13.22]' => 'Potassium: (0.48..0.61]'
c1 rule: 'Magnesium: (3.53..3.73]', 'Silicon: (73.02..+inf)', not 'Aluminum: (1.28..1.54]' => 'Potassium: (0.48..0.61]'
c1 rule: 'Sodium: (12.81..13.22]', 'Aluminum: (1.28..1.54]', 'Iron: (-inf..0.11]', not 'Silicon: (73.02..+inf)' => 'Potassium: (0.48..0.61]'
c1 # of rules: 26
c1 rule time: 0.0224

c1 computing class: (0.61..+inf)
c1 discrimination constraints: 87h
c1 coverage constraints: 25v+751h
c1 formula: 91v, 937c (871h+66s)
c1 enumerating rules (maxsat-based)
c1 rule: 'Magnesium: (-inf..3.33]', 'Calcium: (8.24..8.64]' => 'Potassium: (0.61..+inf)'
c1 rule: 'Magnesium: (-inf..3.33]', 'Iron: (0.28..+inf)' => 'Potassium: (0.61..+inf)'
c1 rule: 'Iron: (0.28..+inf)', not 'Magnesium: (3.73..+inf)' => 'Potassium: (0.61..+inf)'
c1 rule: 'Magnesium: (-inf..3.33]', 'Calcium: (-inf..8.24]' => 'Potassium: (0.61..+inf)'
c1 rule: 'Sodium: (-inf..12.81]', 'Calcium: (-inf..8.24]' => 'Potassium: (0.61..+inf)'
c1 rule: 'Calcium: (-inf..8.24]', 'Iron: (0.19..0.28]' => 'Potassium: (0.61..+inf)'
c1 rule: 'Aluminum: (1.28..1.54]', 'Silicon: (72.15..72.66]', not 'Calcium: (8.24..8.64]' => 'Potassium: (0.61..+inf)'
c1 rule: 'Sodium: (12.81..13.22]', 'Magnesium: (3.53..3.73]', 'Calcium: (8.64..9.27]' => 'Potassium: (0.61..+inf)'
c1 rule: 'Sodium: (-inf..12.81]', 'Silicon: (72.66..73.02]', not 'Aluminum: (1.28..1.54]' => 'Potassium: (0.61..+inf)'
c1 rule: 'Sodium: (-inf..12.81]', 'Magnesium: (3.33..3.53]', not 'Calcium: (8.24..8.64]' => 'Potassium: (0.61..+inf)'
c1 rule: 'Magnesium: (3.33..3.53]', 'Silicon: (72.15..72.66]', not 'Calcium: (8.24..8.64]' => 'Potassium: (0.61..+inf)'
c1 rule: 'Magnesium: (3.53..3.73]', 'Silicon: (72.15..72.66]', 'Iron: (-inf..0.11]' => 'Potassium: (0.61..+inf)'
c1 rule: 'Silicon: (-inf..72.15]', 'Calcium: (-inf..8.24]', 'Iron: (-inf..0.11]' => 'Potassium: (0.61..+inf)'
c1 rule: 'Aluminum: (1.54..+inf)', 'Silicon: (72.66..73.02]', not 'Magnesium: (3.53..3.73]' => 'Potassium: (0.61..+inf)'
c1 rule: 'Sodium: (-inf..12.81]', 'Aluminum: (1.02..1.28]', not 'Iron: (-inf..0.11]' => 'Potassium: (0.61..+inf)'
c1 rule: 'Aluminum: (1.28..1.54]', 'Silicon: (73.02..+inf)', not 'Sodium: (-inf..12.81]', not 'Magnesium: (3.33..3.53]' => 'Potassium: (0.61..+inf)'
c1 rule: 'Sodium: (-inf..12.81]', 'Calcium: (8.24..8.64]', not 'Magnesium: (3.33..3.53]', not 'Silicon: (73.02..+inf)' => 'Potassium: (0.61..+inf)'
c1 # of rules: 17
c1 rule time: 0.0163

c2 total rules: 69

c0 computing feature 7
c1 computing class: (-inf..8.24]
c1 discrimination constraints: 83h
c1 coverage constraints: 29v+871h
c1 formula: 95v, 1053c (987h+66s)
c1 enumerating rules (maxsat-based)
c1 rule: 'Aluminum: (1.28..1.54]', 'Iron: (0.28..+inf)' => 'Calcium: (-inf..8.24]'
c1 rule: 'Aluminum: (1.02..1.28]', 'Potassium: (0.16..0.48]' => 'Calcium: (-inf..8.24]'
c1 rule: 'Silicon: (72.66..73.02]', 'Potassium: (0.16..0.48]' => 'Calcium: (-inf..8.24]'
c1 rule: 'Magnesium: (3.73..+inf)', 'Silicon: (72.66..73.02]' => 'Calcium: (-inf..8.24]'
c1 rule: 'Silicon: (-inf..72.15]', 'Potassium: (0.61..+inf)' => 'Calcium: (-inf..8.24]'
c1 rule: 'Sodium: (13.22..13.63]', 'Potassium: (0.61..+inf)' => 'Calcium: (-inf..8.24]'
c1 rule: 'Sodium: (13.22..13.63]', 'Silicon: (73.02..+inf)' => 'Calcium: (-inf..8.24]'
c1 rule: 'Aluminum: (1.02..1.28]', 'Silicon: (72.15..72.66]', not 'Sodium: (12.81..13.22]' => 'Calcium: (-inf..8.24]'
c1 rule: 'Silicon: (72.15..72.66]', 'Iron: (-inf..0.11]', not 'Potassium: (0.48..0.61]' => 'Calcium: (-inf..8.24]'
c1 rule: 'Potassium: (0.61..+inf)', not 'Sodium: (-inf..12.81]', not 'Aluminum: (1.02..1.28]' => 'Calcium: (-inf..8.24]'
c1 rule: 'Aluminum: (1.28..1.54]', 'Potassium: (0.61..+inf)', not 'Silicon: (72.66..73.02]' => 'Calcium: (-inf..8.24]'
c1 rule: 'Magnesium: (3.33..3.53]', 'Potassium: (0.61..+inf)', not 'Silicon: (72.66..73.02]' => 'Calcium: (-inf..8.24]'
c1 rule: 'Sodium: (-inf..12.81]', 'Aluminum: (1.54..+inf)', not 'Magnesium: (-inf..3.33]' => 'Calcium: (-inf..8.24]'
c1 rule: 'Magnesium: (3.53..3.73]', 'Aluminum: (1.54..+inf)', not 'Sodium: (12.81..13.22]' => 'Calcium: (-inf..8.24]'
c1 rule: 'Refractive Index: (-inf..1.52]', 'Silicon: (-inf..72.15]', 'Iron: (0.11..0.19]' => 'Calcium: (-inf..8.24]'
c1 rule: 'Sodium: (12.81..13.22]', 'Magnesium: (3.53..3.73]', 'Aluminum: (1.28..1.54]', not 'Iron: (0.11..0.19]' => 'Calcium: (-inf..8.24]'
c1 rule: 'Sodium: (12.81..13.22]', 'Magnesium: (3.53..3.73]', 'Silicon: (73.02..+inf)', not 'Iron: (0.11..0.19]' => 'Calcium: (-inf..8.24]'
c1 # of rules: 17
c1 rule time: 0.0161

c1 computing class: (8.24..8.64]
c1 discrimination constraints: 76h
c1 coverage constraints: 36v+1081h
c1 formula: 102v, 1256c (1190h+66s)
c1 enumerating rules (maxsat-based)
c1 rule: 'Silicon: (72.66..73.02]', 'Iron: (0.28..+inf)' => 'Calcium: (8.24..8.64]'
c1 rule: 'Potassium: (0.48..0.61]', 'Iron: (0.28..+inf)' => 'Calcium: (8.24..8.64]'
c1 rule: 'Magnesium: (3.73..+inf)', 'Iron: (0.19..0.28]' => 'Calcium: (8.24..8.64]'
c1 rule: 'Magnesium: (3.73..+inf)', 'Silicon: (73.02..+inf)' => 'Calcium: (8.24..8.64]'
c1 rule: 'Magnesium: (3.33..3.53]', 'Potassium: (-inf..0.16]' => 'Calcium: (8.24..8.64]'
c1 rule: 'Magnesium: (3.33..3.53]', 'Aluminum: (1.02..1.28]', 'Silicon: (73.02..+inf)' => 'Calcium: (8.24..8.64]'
c1 rule: 'Aluminum: (1.02..1.28]', 'Iron: (0.19..0.28]', not 'Magnesium: (-inf..3.33]' => 'Calcium: (8.24..8.64]'
c1 rule: 'Magnesium: (3.53..3.73]', 'Silicon: (-inf..72.15]', 'Potassium: (0.48..0.61]' => 'Calcium: (8.24..8.64]'
c1 rule: 'Silicon: (72.66..73.02]', not 'Refractive Index: (-inf..1.52]', not 'Aluminum: (-inf..1.02]' => 'Calcium: (8.24..8.64]'
c1 rule: 'Silicon: (72.66..73.02]', 'Iron: (0.11..0.19]', not 'Aluminum: (1.02..1.28]' => 'Calcium: (8.24..8.64]'
c1 rule: 'Magnesium: (3.53..3.73]', 'Silicon: (72.66..73.02]', 'Iron: (0.11..0.19]' => 'Calcium: (8.24..8.64]'
c1 rule: 'Magnesium: (3.53..3.73]', 'Aluminum: (1.02..1.28]', 'Silicon: (72.66..73.02]' => 'Calcium: (8.24..8.64]'
c1 rule: 'Magnesium: (3.33..3.53]', 'Iron: (0.11..0.19]', not 'Silicon: (72.66..73.02]' => 'Calcium: (8.24..8.64]'
c1 rule: 'Aluminum: (1.28..1.54]', 'Silicon: (72.15..72.66]', not 'Sodium: (13.22..13.63]' => 'Calcium: (8.24..8.64]'
c1 rule: 'Silicon: (72.15..72.66]', 'Potassium: (0.48..0.61]', not 'Sodium: (13.22..13.63]' => 'Calcium: (8.24..8.64]'
c1 rule: 'Magnesium: (3.73..+inf)', not 'Aluminum: (1.02..1.28]', not 'Silicon: (-inf..72.15]' => 'Calcium: (8.24..8.64]'
c1 rule: 'Silicon: (73.02..+inf)', 'Iron: (0.11..0.19]', not 'Aluminum: (1.28..1.54]' => 'Calcium: (8.24..8.64]'
c1 rule: 'Sodium: (-inf..12.81]', 'Magnesium: (3.33..3.53]', not 'Potassium: (0.61..+inf)' => 'Calcium: (8.24..8.64]'
c1 rule: 'Sodium: (13.22..13.63]', 'Magnesium: (3.33..3.53]', 'Silicon: (72.66..73.02]' => 'Calcium: (8.24..8.64]'
c1 rule: 'Magnesium: (3.33..3.53]', 'Silicon: (72.15..72.66]', not 'Potassium: (0.61..+inf)' => 'Calcium: (8.24..8.64]'
c1 rule: 'Aluminum: (1.54..+inf)', 'Silicon: (73.02..+inf)', not 'Magnesium: (3.33..3.53]' => 'Calcium: (8.24..8.64]'
c1 rule: 'Sodium: (12.81..13.22]', 'Silicon: (73.02..+inf)', 'Potassium: (0.16..0.48]' => 'Calcium: (8.24..8.64]'
c1 rule: 'Sodium: (12.81..13.22]', 'Aluminum: (1.28..1.54]', 'Silicon: (73.02..+inf)', not 'Potassium: (0.61..+inf)' => 'Calcium: (8.24..8.64]'
c1 rule: 'Silicon: (72.66..73.02]', 'Potassium: (0.61..+inf)', not 'Magnesium: (3.33..3.53]', not 'Aluminum: (1.54..+inf)' => 'Calcium: (8.24..8.64]'
c1 rule: 'Sodium: (12.81..13.22]', 'Magnesium: (3.33..3.53]', 'Aluminum: (1.02..1.28]', 'Iron: (-inf..0.11]' => 'Calcium: (8.24..8.64]'
c1 rule: 'Sodium: (13.22..13.63]', 'Aluminum: (1.28..1.54]', 'Silicon: (72.66..73.02]', 'Potassium: (0.48..0.61]' => 'Calcium: (8.24..8.64]'
c1 rule: 'Potassium: (0.48..0.61]', 'Iron: (-inf..0.11]', not 'Magnesium: (3.33..3.53]', not 'Aluminum: (1.02..1.28]', not 'Silicon: (72.66..73.02]' => 'Calcium: (8.24..8.64]'
c1 # of rules: 27
c1 rule time: 0.0285

c1 computing class: (8.64..9.27]
c1 discrimination constraints: 86h
c1 coverage constraints: 26v+781h
c1 formula: 92v, 966c (900h+66s)
c1 enumerating rules (maxsat-based)
c1 rule: 'Barium: (0.09..0.14]' => 'Calcium: (8.64..9.27]'
c1 rule: 'Potassium: (0.61..+inf)', 'Iron: (0.11..0.19]' => 'Calcium: (8.64..9.27]'
c1 rule: 'Sodium: (12.81..13.22]', 'Magnesium: (-inf..3.33]' => 'Calcium: (8.64..9.27]'
c1 rule: 'Magnesium: (3.33..3.53]', 'Silicon: (-inf..72.15]' => 'Calcium: (8.64..9.27]'
c1 rule: 'Sodium: (13.63..+inf)', 'Iron: (0.19..0.28]' => 'Calcium: (8.64..9.27]'
c1 rule: not 'Aluminum: (1.54..+inf)', not 'Barium: (-inf..0.09]' => 'Calcium: (8.64..9.27]'
c1 rule: 'Sodium: (-inf..12.81]', 'Iron: (0.11..0.19]' => 'Calcium: (8.64..9.27]'
c1 rule: 'Aluminum: (-inf..1.02]', 'Iron: (0.28..+inf)' => 'Calcium: (8.64..9.27]'
c1 rule: 'Aluminum: (1.28..1.54]', 'Iron: (0.19..0.28]', not 'Sodium: (12.81..13.22]' => 'Calcium: (8.64..9.27]'
c1 rule: 'Magnesium: (-inf..3.33]', 'Aluminum: (1.02..1.28]', 'Iron: (0.19..0.28]' => 'Calcium: (8.64..9.27]'
c1 rule: 'Refractive Index: (-inf..1.52]', 'Magnesium: (-inf..3.33]', not 'Silicon: (73.02..+inf)' => 'Calcium: (8.64..9.27]'
c1 rule: 'Sodium: (-inf..12.81]', 'Aluminum: (1.02..1.28]', not 'Magnesium: (3.33..3.53]' => 'Calcium: (8.64..9.27]'
c1 rule: 'Aluminum: (1.02..1.28]', 'Potassium: (0.61..+inf)', not 'Silicon: (72.66..73.02]' => 'Calcium: (8.64..9.27]'
c1 rule: 'Magnesium: (3.73..+inf)', not 'Aluminum: (-inf..1.02]', not 'Potassium: (0.48..0.61]' => 'Calcium: (8.64..9.27]'
c1 rule: 'Refractive Index: (-inf..1.52]', 'Aluminum: (-inf..1.02]', not 'Silicon: (73.02..+inf)' => 'Calcium: (8.64..9.27]'
c1 rule: 'Magnesium: (3.33..3.53]', 'Potassium: (0.48..0.61]', 'Iron: (0.11..0.19]', not 'Silicon: (72.15..72.66]' => 'Calcium: (8.64..9.27]'
c1 rule: 'Refractive Index: (-inf..1.52]', 'Aluminum: (1.02..1.28]', 'Silicon: (-inf..72.15]', not 'Magnesium: (3.73..+inf)' => 'Calcium: (8.64..9.27]'
c1 rule: 'Sodium: (-inf..12.81]', 'Silicon: (72.66..73.02]', 'Potassium: (0.48..0.61]', not 'Magnesium: (3.33..3.53]' => 'Calcium: (8.64..9.27]'
c1 rule: 'Sodium: (-inf..12.81]', 'Silicon: (72.66..73.02]', not 'Magnesium: (3.53..3.73]', not 'Potassium: (0.48..0.61]' => 'Calcium: (8.64..9.27]'
c1 # of rules: 19
c1 rule time: 0.0183

c1 computing class: (9.27..+inf)
c1 discrimination constraints: 91h
c1 coverage constraints: 21v+631h
c1 formula: 87v, 821c (755h+66s)
c1 enumerating rules (maxsat-based)
c1 rule: 'Barium: (0.27..+inf)', not 'Sodium: (13.63..+inf)' => 'Calcium: (9.27..+inf)'
c1 rule: 'Sodium: (13.22..13.63]', not 'Barium: (-inf..0.09]' => 'Calcium: (9.27..+inf)'
c1 rule: 'Sodium: (13.22..13.63]', 'Potassium: (-inf..0.16]' => 'Calcium: (9.27..+inf)'
c1 rule: 'Sodium: (13.22..13.63]', not 'Refractive Index: (-inf..1.52]' => 'Calcium: (9.27..+inf)'
c1 rule: 'Aluminum: (1.28..1.54]', not 'Refractive Index: (-inf..1.52]' => 'Calcium: (9.27..+inf)'
c1 rule: 'Sodium: (13.63..+inf)', 'Silicon: (73.02..+inf)' => 'Calcium: (9.27..+inf)'
c1 rule: 'Silicon: (73.02..+inf)', not 'Refractive Index: (-inf..1.52]' => 'Calcium: (9.27..+inf)'
c1 rule: 'Sodium: (-inf..12.81]', not 'Refractive Index: (-inf..1.52]' => 'Calcium: (9.27..+inf)'
c1 rule: 'Aluminum: (1.54..+inf)', not 'Refractive Index: (-inf..1.52]' => 'Calcium: (9.27..+inf)'
c1 rule: 'Iron: (0.11..0.19]', not 'Refractive Index: (-inf..1.52]' => 'Calcium: (9.27..+inf)'
c1 rule: 'Sodium: (-inf..12.81]', 'Aluminum: (-inf..1.02]' => 'Calcium: (9.27..+inf)'
c1 rule: 'Magnesium: (-inf..3.33]', 'Silicon: (-inf..72.15]' => 'Calcium: (9.27..+inf)'
c1 rule: 'Magnesium: (-inf..3.33]', 'Potassium: (-inf..0.16]' => 'Calcium: (9.27..+inf)'
c1 rule: 'Aluminum: (-inf..1.02]', not 'Sodium: (13.63..+inf)' => 'Calcium: (9.27..+inf)'
c1 rule: not 'Refractive Index: (-inf..1.52]', not 'Magnesium: (3.73..+inf)', not 'Aluminum: (1.02..1.28]' => 'Calcium: (9.27..+inf)'
c1 rule: not 'Refractive Index: (-inf..1.52]', not 'Sodium: (12.81..13.22]', not 'Magnesium: (3.73..+inf)' => 'Calcium: (9.27..+inf)'
c1 rule: 'Aluminum: (-inf..1.02]', not 'Potassium: (-inf..0.16]', not 'Iron: (0.28..+inf)' => 'Calcium: (9.27..+inf)'
c1 # of rules: 17
c1 rule time: 0.0064

c2 total rules: 80

c0 computing feature 8
c1 computing class: (-inf..0.09]
c1 discrimination constraints: 7h
c1 coverage constraints: 105v+3151h
c1 formula: 171v, 3257c (3191h+66s)
c1 enumerating rules (maxsat-based)
c1 rule: 'Iron: (0.28..+inf)' => 'Barium: (-inf..0.09]'
c1 rule: 'Calcium: (8.24..8.64]' => 'Barium: (-inf..0.09]'
c1 rule: 'Calcium: (-inf..8.24]' => 'Barium: (-inf..0.09]'
c1 rule: 'Potassium: (0.61..+inf)' => 'Barium: (-inf..0.09]'
c1 rule: 'Potassium: (0.16..0.48]' => 'Barium: (-inf..0.09]'
c1 rule: 'Magnesium: (3.73..+inf)' => 'Barium: (-inf..0.09]'
c1 rule: 'Aluminum: (1.02..1.28]' => 'Barium: (-inf..0.09]'
c1 rule: 'Sodium: (-inf..12.81]', 'Silicon: (72.66..73.02]' => 'Barium: (-inf..0.09]'
c1 rule: 'Silicon: (72.66..73.02]', not 'Magnesium: (-inf..3.33]' => 'Barium: (-inf..0.09]'
c1 rule: 'Silicon: (72.66..73.02]', not 'Sodium: (12.81..13.22]' => 'Barium: (-inf..0.09]'
c1 rule: 'Sodium: (13.63..+inf)', not 'Refractive Index: (-inf..1.52]' => 'Barium: (-inf..0.09]'
c1 rule: 'Iron: (-inf..0.11]', not 'Refractive Index: (-inf..1.52]' => 'Barium: (-inf..0.09]'
c1 rule: 'Potassium: (-inf..0.16]', not 'Refractive Index: (-inf..1.52]' => 'Barium: (-inf..0.09]'
c1 rule: 'Sodium: (-inf..12.81]', not 'Iron: (0.19..0.28]' => 'Barium: (-inf..0.09]'
c1 rule: 'Iron: (-inf..0.11]', not 'Aluminum: (1.28..1.54]' => 'Barium: (-inf..0.09]'
c1 rule: not 'Sodium: (13.63..+inf)', not 'Magnesium: (-inf..3.33]' => 'Barium: (-inf..0.09]'
c1 # of rules: 16
c1 rule time: 0.0154

c1 computing class: (0.09..0.14]
c1 discrimination constraints: 109h
c1 coverage constraints: 3v+91h
c1 formula: 69v, 299c (233h+66s)
c1 enumerating rules (maxsat-based)
c1 rule: 'Sodium: (13.63..+inf)', 'Potassium: (0.48..0.61]', 'Calcium: (8.64..9.27]' => 'Barium: (0.09..0.14]'
c1 # of rules: 1
c1 rule time: 0.0029

c1 computing class: (0.14..0.27]
c1 discrimination constraints: 110h
c1 coverage constraints: 2v+61h
c1 formula: 68v, 270c (204h+66s)
c1 enumerating rules (maxsat-based)
c1 rule: 'Silicon: (72.15..72.66]', 'Potassium: (-inf..0.16]' => 'Barium: (0.14..0.27]'
c1 rule: 'Sodium: (13.22..13.63]', 'Magnesium: (-inf..3.33]' => 'Barium: (0.14..0.27]'
c1 # of rules: 2
c1 rule time: 0.0027

c1 computing class: (0.27..+inf)
c1 discrimination constraints: 110h
c1 coverage constraints: 2v+61h
c1 formula: 68v, 270c (204h+66s)
c1 enumerating rules (maxsat-based)
c1 rule: 'Aluminum: (1.28..1.54]', 'Potassium: (-inf..0.16]' => 'Barium: (0.27..+inf)'
c1 rule: 'Aluminum: (1.54..+inf)', 'Iron: (0.19..0.28]', not 'Calcium: (-inf..8.24]' => 'Barium: (0.27..+inf)'
c1 # of rules: 2
c1 rule time: 0.0028

c2 total rules: 21

c0 computing feature 9
c1 computing class: (-inf..0.11]
c1 discrimination constraints: 37h
c1 coverage constraints: 75v+2251h
c1 formula: 141v, 2387c (2321h+66s)
c1 enumerating rules (maxsat-based)
c1 rule: 'Aluminum: (1.02..1.28]', 'Calcium: (9.27..+inf)' => 'Iron: (-inf..0.11]'
c1 rule: 'Silicon: (72.66..73.02]', 'Calcium: (9.27..+inf)' => 'Iron: (-inf..0.11]'
c1 rule: 'Silicon: (72.66..73.02]', not 'Refractive Index: (-inf..1.52]' => 'Iron: (-inf..0.11]'
c1 rule: 'Aluminum: (1.02..1.28]', not 'Refractive Index: (-inf..1.52]' => 'Iron: (-inf..0.11]'
c1 rule: 'Magnesium: (-inf..3.33]', 'Calcium: (-inf..8.24]' => 'Iron: (-inf..0.11]'
c1 rule: 'Magnesium: (3.73..+inf)', 'Calcium: (9.27..+inf)' => 'Iron: (-inf..0.11]'
c1 rule: 'Magnesium: (3.73..+inf)', 'Silicon: (72.66..73.02]' => 'Iron: (-inf..0.11]'
c1 rule: 'Magnesium: (-inf..3.33]', 'Calcium: (8.24..8.64]' => 'Iron: (-inf..0.11]'
c1 rule: 'Sodium: (-inf..12.81]', 'Calcium: (8.24..8.64]' => 'Iron: (-inf..0.11]'
c1 rule: 'Sodium: (13.63..+inf)', 'Silicon: (73.02..+inf)' => 'Iron: (-inf..0.11]'
c1 rule: 'Silicon: (73.02..+inf)', not 'Refractive Index: (-inf..1.52]' => 'Iron: (-inf..0.11]'
c1 rule: 'Sodium: (13.63..+inf)', 'Potassium: (0.61..+inf)' => 'Iron: (-inf..0.11]'
c1 rule: 'Magnesium: (3.73..+inf)', 'Potassium: (-inf..0.16]' => 'Iron: (-inf..0.11]'
c1 rule: 'Sodium: (13.22..13.63]', 'Magnesium: (3.73..+inf)' => 'Iron: (-inf..0.11]'
c1 rule: 'Sodium: (13.22..13.63]', 'Aluminum: (1.02..1.28]' => 'Iron: (-inf..0.11]'
c1 rule: 'Sodium: (13.22..13.63]', 'Calcium: (8.24..8.64]' => 'Iron: (-inf..0.11]'
c1 rule: 'Sodium: (13.22..13.63]', 'Silicon: (73.02..+inf)' => 'Iron: (-inf..0.11]'
c1 rule: 'Sodium: (13.22..13.63]', 'Magnesium: (3.33..3.53]' => 'Iron: (-inf..0.11]'
c1 rule: 'Sodium: (13.22..13.63]', not 'Silicon: (72.15..72.66]' => 'Iron: (-inf..0.11]'
c1 rule: 'Aluminum: (1.54..+inf)', 'Calcium: (8.64..9.27]' => 'Iron: (-inf..0.11]'
c1 rule: 'Silicon: (72.66..73.02]', not 'Barium: (-inf..0.09]' => 'Iron: (-inf..0.11]'
c1 rule: 'Magnesium: (3.33..3.53]', not 'Barium: (-inf..0.09]' => 'Iron: (-inf..0.11]'
c1 rule: 'Aluminum: (1.02..1.28]', 'Potassium: (-inf..0.16]' => 'Iron: (-inf..0.11]'
c1 rule: 'Aluminum: (1.28..1.54]', 'Potassium: (-inf..0.16]' => 'Iron: (-inf..0.11]'
c1 rule: 'Aluminum: (-inf..1.02]', 'Silicon: (72.66..73.02]' => 'Iron: (-inf..0.11]'
c1 rule: 'Potassium: (0.16..0.48]', 'Calcium: (8.24..8.64]' => 'Iron: (-inf..0.11]'
c1 rule: 'Aluminum: (1.28..1.54]', 'Potassium: (0.16..0.48]' => 'Iron: (-inf..0.11]'
c1 rule: 'Sodium: (-inf..12.81]', 'Aluminum: (1.02..1.28]', not 'Potassium: (0.61..+inf)' => 'Iron: (-inf..0.11]'
c1 rule: 'Sodium: (-inf..12.81]', 'Silicon: (72.66..73.02]', not 'Potassium: (0.61..+inf)' => 'Iron: (-inf..0.11]'
c1 rule: 'Sodium: (-inf..12.81]', 'Silicon: (72.66..73.02]', not 'Calcium: (-inf..8.24]' => 'Iron: (-inf..0.11]'
c1 rule: 'Magnesium: (-inf..3.33]', 'Silicon: (72.66..73.02]', not 'Aluminum: (1.02..1.28]' => 'Iron: (-inf..0.11]'
c1 rule: 'Sodium: (13.63..+inf)', 'Magnesium: (-inf..3.33]', 'Potassium: (-inf..0.16]' => 'Iron: (-inf..0.11]'
c1 rule: 'Sodium: (13.63..+inf)', 'Potassium: (-inf..0.16]', not 'Refractive Index: (-inf..1.52]' => 'Iron: (-inf..0.11]'
c1 rule: 'Sodium: (13.63..+inf)', 'Magnesium: (3.53..3.73]', not 'Potassium: (-inf..0.16]' => 'Iron: (-inf..0.11]'
c1 rule: 'Magnesium: (3.53..3.73]', 'Calcium: (8.24..8.64]', not 'Potassium: (0.48..0.61]' => 'Iron: (-inf..0.11]'
c1 rule: 'Magnesium: (3.33..3.53]', 'Aluminum: (1.02..1.28]', not 'Silicon: (72.66..73.02]' => 'Iron: (-inf..0.11]'
c1 rule: 'Magnesium: (3.33..3.53]', 'Silicon: (73.02..+inf)', 'Potassium: (0.48..0.61]' => 'Iron: (-inf..0.11]'
c1 rule: 'Magnesium: (3.53..3.73]', 'Silicon: (73.02..+inf)', not 'Potassium: (0.48..0.61]' => 'Iron: (-inf..0.11]'
c1 rule: 'Aluminum: (1.54..+inf)', 'Silicon: (72.66..73.02]', not 'Magnesium: (3.53..3.73]' => 'Iron: (-inf..0.11]'
c1 rule: 'Aluminum: (1.54..+inf)', 'Silicon: (72.66..73.02]', 'Potassium: (0.48..0.61]' => 'Iron: (-inf..0.11]'
c1 rule: 'Aluminum: (1.54..+inf)', 'Potassium: (0.61..+inf)', not 'Sodium: (-inf..12.81]' => 'Iron: (-inf..0.11]'
c1 rule: 'Sodium: (12.81..13.22]', 'Calcium: (-inf..8.24]', not 'Aluminum: (1.28..1.54]' => 'Iron: (-inf..0.11]'
c1 rule: 'Magnesium: (3.53..3.73]', 'Potassium: (0.48..0.61]', 'Calcium: (-inf..8.24]' => 'Iron: (-inf..0.11]'
c1 rule: 'Potassium: (0.48..0.61]', 'Calcium: (-inf..8.24]', not 'Silicon: (-inf..72.15]' => 'Iron: (-inf..0.11]'
c1 rule: 'Magnesium: (3.33..3.53]', 'Aluminum: (1.28..1.54]', 'Potassium: (0.48..0.61]' => 'Iron: (-inf..0.11]'
c1 rule: 'Aluminum: (1.02..1.28]', 'Silicon: (72.15..72.66]', not 'Magnesium: (3.53..3.73]' => 'Iron: (-inf..0.11]'
c1 # of rules: 46
c1 rule time: 0.0470

c1 computing class: (0.11..0.19]
c1 discrimination constraints: 95h
c1 coverage constraints: 17v+511h
c1 formula: 83v, 705c (639h+66s)
c1 enumerating rules (maxsat-based)
c1 rule: 'Magnesium: (3.33..3.53]', 'Potassium: (-inf..0.16]' => 'Iron: (0.11..0.19]'
c1 rule: 'Sodium: (13.22..13.63]', 'Magnesium: (-inf..3.33]' => 'Iron: (0.11..0.19]'
c1 rule: 'Magnesium: (3.73..+inf)', 'Silicon: (73.02..+inf)' => 'Iron: (0.11..0.19]'
c1 rule: 'Potassium: (-inf..0.16]', 'Calcium: (-inf..8.24]' => 'Iron: (0.11..0.19]'
c1 rule: 'Silicon: (72.15..72.66]', 'Potassium: (0.16..0.48]' => 'Iron: (0.11..0.19]'
c1 rule: 'Aluminum: (1.02..1.28]', 'Potassium: (0.16..0.48]' => 'Iron: (0.11..0.19]'
c1 rule: 'Aluminum: (1.54..+inf)', 'Potassium: (0.16..0.48]' => 'Iron: (0.11..0.19]'
c1 rule: 'Silicon: (-inf..72.15]', 'Calcium: (-inf..8.24]', not 'Potassium: (0.61..+inf)' => 'Iron: (0.11..0.19]'
c1 rule: 'Sodium: (13.63..+inf)', 'Potassium: (0.48..0.61]', not 'Refractive Index: (-inf..1.52]' => 'Iron: (0.11..0.19]'
c1 rule: 'Sodium: (12.81..13.22]', 'Magnesium: (3.33..3.53]', 'Calcium: (8.64..9.27]' => 'Iron: (0.11..0.19]'
c1 rule: 'Magnesium: (3.33..3.53]', 'Aluminum: (1.54..+inf)', 'Calcium: (8.24..8.64]' => 'Iron: (0.11..0.19]'
c1 rule: 'Aluminum: (1.54..+inf)', 'Silicon: (72.15..72.66]', 'Potassium: (0.48..0.61]' => 'Iron: (0.11..0.19]'
c1 rule: 'Magnesium: (3.53..3.73]', 'Aluminum: (1.02..1.28]', 'Calcium: (8.24..8.64]', not 'Silicon: (72.66..73.02]' => 'Iron: (0.11..0.19]'
c1 rule: 'Magnesium: (3.53..3.73]', 'Aluminum: (1.28..1.54]', 'Silicon: (73.02..+inf)', 'Calcium: (8.64..9.27]' => 'Iron: (0.11..0.19]'
c1 rule: 'Sodium: (12.81..13.22]', 'Magnesium: (3.53..3.73]', 'Aluminum: (1.28..1.54]', not 'Calcium: (-inf..8.24]' => 'Iron: (0.11..0.19]'
c1 # of rules: 15
c1 rule time: 0.0145

c1 computing class: (0.19..0.28]
c1 discrimination constraints: 98h
c1 coverage constraints: 14v+421h
c1 formula: 80v, 618c (552h+66s)
c1 enumerating rules (maxsat-based)
c1 rule: 'Silicon: (73.02..+inf)', not 'Barium: (-inf..0.09]' => 'Iron: (0.19..0.28]'
c1 rule: 'Aluminum: (-inf..1.02]', not 'Barium: (-inf..0.09]' => 'Iron: (0.19..0.28]'
c1 rule: 'Sodium: (-inf..12.81]', not 'Barium: (-inf..0.09]' => 'Iron: (0.19..0.28]'
c1 rule: 'Sodium: (-inf..12.81]', 'Silicon: (-inf..72.15]' => 'Iron: (0.19..0.28]'
c1 rule: 'Sodium: (-inf..12.81]', 'Potassium: (0.16..0.48]' => 'Iron: (0.19..0.28]'
c1 rule: 'Sodium: (12.81..13.22]', 'Magnesium: (3.73..+inf)', 'Aluminum: (1.28..1.54]' => 'Iron: (0.19..0.28]'
c1 rule: 'Sodium: (-inf..12.81]', 'Magnesium: (3.53..3.73]', 'Calcium: (-inf..8.24]' => 'Iron: (0.19..0.28]'
c1 rule: 'Magnesium: (-inf..3.33]', 'Calcium: (8.64..9.27]', not 'Silicon: (72.66..73.02]' => 'Iron: (0.19..0.28]'
c1 rule: 'Sodium: (12.81..13.22]', 'Aluminum: (1.28..1.54]', not 'Silicon: (73.02..+inf)', not 'Potassium: (0.48..0.61]' => 'Iron: (0.19..0.28]'
c1 rule: 'Sodium: (12.81..13.22]', 'Aluminum: (1.28..1.54]', 'Potassium: (0.61..+inf)', not 'Magnesium: (3.53..3.73]' => 'Iron: (0.19..0.28]'
c1 # of rules: 10
c1 rule time: 0.0093

c1 computing class: (0.28..+inf)
c1 discrimination constraints: 106h
c1 coverage constraints: 6v+181h
c1 formula: 72v, 386c (320h+66s)
c1 enumerating rules (maxsat-based)
c1 rule: 'Potassium: (0.16..0.48]', 'Calcium: (8.64..9.27]' => 'Iron: (0.28..+inf)'
c1 rule: 'Potassium: (0.61..+inf)', not 'Refractive Index: (-inf..1.52]' => 'Iron: (0.28..+inf)'
c1 rule: 'Sodium: (13.63..+inf)', 'Aluminum: (1.02..1.28]', 'Potassium: (0.48..0.61]' => 'Iron: (0.28..+inf)'
c1 rule: 'Magnesium: (3.33..3.53]', 'Aluminum: (1.02..1.28]', 'Potassium: (0.61..+inf)' => 'Iron: (0.28..+inf)'
c1 # of rules: 4
c1 rule time: 0.0044

c2 total rules: 75
c3 total time: 0.8277

Rules are saved to ../rules/all/q4_glass2_train2.csv.json