c0 # of samps: 348 (241 weighted)
c0 # of feats: 16 (16 binary)
c0 # of labls: 2
c0 parse time: 0.2876


c0 computing feature 1
c1 computing class: 0
c1 discrimination constraints: 153h
c1 coverage constraints: 88v+1409h
c1 formula: 122v, 1613c (1579h+34s)
c1 enumerating rules (maxsat-based)
c1 rule: 'v14: 0', not 'v1: 0', not 'v4: 0' => 'v16: 0'
c1 rule: 'v5: 0', 'v14: 0', not 'v4: 0' => 'v16: 0'
c1 rule: 'v14: 0', not 'v3: 0', not 'v4: 0' => 'v16: 0'
c1 rule: 'v10: 0', 'v13: 0', not 'v4: 0' => 'v16: 0'
c1 rule: 'v8: 0', 'v13: 0', not 'v2: 0' => 'v16: 0'
c1 rule: 'v3: 0', not 'v1: 0', not 'v15: 0' => 'v16: 0'
c1 rule: 'v6: 0', 'v7: 0', not 'v12: 0' => 'v16: 0'
c1 rule: 'v3: 0', 'v6: 0', 'v9: 0', 'v14: 0' => 'v16: 0'
c1 rule: 'v1: 0', 'v2: 0', 'v7: 0', 'v14: 0' => 'v16: 0'
c1 rule: 'v1: 0', 'v2: 0', 'v9: 0', 'v14: 0' => 'v16: 0'
c1 rule: 'v8: 0', 'v11: 0', 'v14: 0', not 'v10: 0' => 'v16: 0'
c1 rule: 'v2: 0', 'v6: 0', 'v9: 0', 'v14: 0' => 'v16: 0'
c1 rule: 'v6: 0', 'v7: 0', 'v11: 0', 'v15: 0' => 'v16: 0'
c1 rule: 'v4: 0', 'v11: 0', not 'v5: 0', not 'v10: 0' => 'v16: 0'
c1 rule: 'v5: 0', 'v7: 0', 'v9: 0', not 'v14: 0' => 'v16: 0'
c1 rule: 'v2: 0', 'v7: 0', not 'v9: 0', not 'v11: 0' => 'v16: 0'
c1 rule: 'v2: 0', 'v7: 0', 'v10: 0', not 'v9: 0' => 'v16: 0'
c1 rule: 'v10: 0', not 'v5: 0', not 'v6: 0', not 'v9: 0' => 'v16: 0'
c1 rule: 'v3: 0', 'v5: 0', not 'v6: 0', not 'v10: 0' => 'v16: 0'
c1 rule: 'v1: 0', 'v6: 0', 'v9: 0', not 'v11: 0' => 'v16: 0'
c1 rule: not 'v2: 0', not 'v10: 0', not 'v12: 0', not 'v15: 0' => 'v16: 0'
c1 rule: 'v3: 0', 'v7: 0', not 'v10: 0', not 'v15: 0' => 'v16: 0'
c1 rule: 'v3: 0', 'v4: 0', 'v7: 0', not 'v10: 0' => 'v16: 0'
c1 rule: 'v10: 0', not 'v9: 0', not 'v11: 0', not 'v12: 0' => 'v16: 0'
c1 rule: 'v5: 0', not 'v2: 0', not 'v12: 0', not 'v14: 0' => 'v16: 0'
c1 rule: 'v1: 0', 'v6: 0', 'v15: 0', not 'v2: 0' => 'v16: 0'
c1 rule: 'v2: 0', 'v3: 0', 'v7: 0', 'v12: 0' => 'v16: 0'
c1 rule: 'v1: 0', 'v12: 0', not 'v4: 0', not 'v11: 0' => 'v16: 0'
c1 rule: 'v8: 0', not 'v7: 0', not 'v13: 0', not 'v15: 0' => 'v16: 0'
c1 rule: 'v2: 0', 'v3: 0', 'v7: 0', not 'v15: 0' => 'v16: 0'
c1 rule: 'v1: 0', 'v10: 0', not 'v2: 0', not 'v3: 0', not 'v4: 0' => 'v16: 0'
c1 rule: 'v1: 0', 'v12: 0', not 'v2: 0', not 'v4: 0', not 'v10: 0' => 'v16: 0'
c1 rule: 'v1: 0', 'v13: 0', 'v15: 0', not 'v2: 0', not 'v11: 0' => 'v16: 0'
c1 rule: 'v1: 0', 'v14: 0', not 'v6: 0', not 'v7: 0', not 'v13: 0' => 'v16: 0'
c1 rule: 'v10: 0', 'v12: 0', not 'v1: 0', not 'v9: 0', not 'v14: 0' => 'v16: 0'
c1 rule: 'v4: 0', not 'v6: 0', not 'v10: 0', not 'v12: 0', not 'v15: 0' => 'v16: 0'
c1 rule: 'v2: 0', 'v9: 0', 'v11: 0', 'v12: 0', not 'v13: 0' => 'v16: 0'
c1 rule: 'v1: 0', 'v5: 0', 'v6: 0', 'v10: 0', 'v15: 0' => 'v16: 0'
c1 rule: 'v1: 0', 'v9: 0', not 'v8: 0', not 'v10: 0', not 'v11: 0' => 'v16: 0'
c1 rule: 'v9: 0', 'v15: 0', not 'v5: 0', not 'v8: 0', not 'v11: 0' => 'v16: 0'
c1 rule: 'v1: 0', 'v9: 0', 'v12: 0', not 'v5: 0', not 'v11: 0' => 'v16: 0'
c1 rule: 'v1: 0', 'v4: 0', not 'v2: 0', not 'v10: 0', not 'v12: 0' => 'v16: 0'
c1 rule: 'v4: 0', not 'v1: 0', not 'v2: 0', not 'v5: 0', not 'v7: 0' => 'v16: 0'
c1 rule: 'v2: 0', 'v3: 0', not 'v10: 0', not 'v11: 0', not 'v13: 0' => 'v16: 0'
c1 rule: 'v2: 0', 'v7: 0', 'v8: 0', not 'v1: 0', not 'v13: 0' => 'v16: 0'
c1 rule: 'v14: 0', not 'v1: 0', not 'v6: 0', not 'v10: 0', not 'v15: 0' => 'v16: 0'
c1 rule: 'v9: 0', 'v11: 0', not 'v1: 0', not 'v2: 0', not 'v15: 0' => 'v16: 0'
c1 # of rules: 47
c1 rule time: 0.0974

c1 computing class: 1
c1 discrimination constraints: 88h
c1 coverage constraints: 153v+2449h
c1 formula: 187v, 2588c (2554h+34s)
c1 enumerating rules (maxsat-based)
c1 rule: 'v6: 0', not 'v2: 0', not 'v12: 0' => 'v16: 1'
c1 rule: 'v6: 0', not 'v1: 0', not 'v12: 0' => 'v16: 1'
c1 rule: 'v6: 0', 'v8: 0', not 'v1: 0' => 'v16: 1'
c1 rule: 'v8: 0', not 'v9: 0', not 'v11: 0' => 'v16: 1'
c1 rule: 'v8: 0', not 'v2: 0', not 'v9: 0' => 'v16: 1'
c1 rule: 'v7: 0', not 'v9: 0', not 'v10: 0' => 'v16: 1'
c1 rule: not 'v5: 0', not 'v9: 0', not 'v15: 0' => 'v16: 1'
c1 rule: 'v6: 0', not 'v5: 0', not 'v9: 0' => 'v16: 1'
c1 rule: not 'v5: 0', not 'v8: 0', not 'v15: 0' => 'v16: 1'
c1 rule: 'v6: 0', not 'v5: 0', not 'v7: 0' => 'v16: 1'
c1 rule: 'v6: 0', not 'v11: 0', not 'v14: 0' => 'v16: 1'
c1 rule: 'v6: 0', not 'v11: 0', not 'v13: 0' => 'v16: 1'
c1 rule: 'v5: 0', 'v8: 0', not 'v7: 0' => 'v16: 1'
c1 rule: 'v6: 0', not 'v1: 0', not 'v14: 0' => 'v16: 1'
c1 rule: 'v4: 0', 'v6: 0', not 'v14: 0' => 'v16: 1'
c1 rule: 'v6: 0', not 'v3: 0', not 'v14: 0' => 'v16: 1'
c1 rule: 'v5: 0', 'v6: 0', not 'v14: 0' => 'v16: 1'
c1 rule: 'v5: 0', 'v11: 0', not 'v4: 0' => 'v16: 1'
c1 rule: not 'v4: 0', not 'v8: 0', not 'v10: 0' => 'v16: 1'
c1 rule: 'v7: 0', not 'v4: 0', not 'v8: 0' => 'v16: 1'
c1 rule: not 'v1: 0', not 'v12: 0', not 'v15: 0' => 'v16: 1'
c1 rule: not 'v4: 0', not 'v7: 0', not 'v10: 0' => 'v16: 1'
c1 rule: 'v10: 0', 'v14: 0', not 'v12: 0' => 'v16: 1'
c1 rule: 'v4: 0', 'v14: 0', not 'v12: 0' => 'v16: 1'
c1 rule: 'v14: 0', not 'v11: 0', not 'v12: 0' => 'v16: 1'
c1 rule: 'v10: 0', not 'v3: 0', not 'v4: 0', not 'v11: 0' => 'v16: 1'
c1 rule: 'v3: 0', 'v4: 0', 'v11: 0', not 'v2: 0' => 'v16: 1'
c1 rule: 'v2: 0', 'v3: 0', not 'v1: 0', not 'v11: 0' => 'v16: 1'
c1 rule: 'v2: 0', 'v7: 0', not 'v1: 0', not 'v11: 0' => 'v16: 1'
c1 rule: 'v3: 0', 'v5: 0', not 'v1: 0', not 'v6: 0' => 'v16: 1'
c1 rule: 'v3: 0', 'v8: 0', 'v12: 0', not 'v7: 0' => 'v16: 1'
c1 rule: 'v3: 0', 'v10: 0', 'v11: 0', not 'v8: 0' => 'v16: 1'
c1 rule: 'v7: 0', not 'v2: 0', not 'v9: 0', not 'v13: 0' => 'v16: 1'
c1 rule: 'v9: 0', 'v14: 0', not 'v8: 0', not 'v13: 0' => 'v16: 1'
c1 rule: 'v5: 0', 'v9: 0', not 'v13: 0', not 'v15: 0' => 'v16: 1'
c1 rule: 'v5: 0', not 'v1: 0', not 'v14: 0', not 'v15: 0' => 'v16: 1'
c1 rule: not 'v2: 0', not 'v7: 0', not 'v14: 0', not 'v15: 0' => 'v16: 1'
c1 rule: 'v10: 0', not 'v2: 0', not 'v14: 0', not 'v15: 0' => 'v16: 1'
c1 rule: 'v12: 0', not 'v8: 0', not 'v14: 0', not 'v15: 0' => 'v16: 1'
c1 rule: 'v5: 0', 'v9: 0', 'v11: 0', not 'v6: 0' => 'v16: 1'
c1 rule: 'v4: 0', 'v13: 0', not 'v5: 0', not 'v7: 0' => 'v16: 1'
c1 rule: 'v8: 0', 'v13: 0', 'v15: 0', not 'v3: 0' => 'v16: 1'
c1 rule: 'v4: 0', 'v8: 0', not 'v2: 0', not 'v7: 0' => 'v16: 1'
c1 rule: 'v11: 0', not 'v2: 0', not 'v13: 0', not 'v15: 0' => 'v16: 1'
c1 rule: not 'v3: 0', not 'v4: 0', not 'v7: 0', not 'v13: 0' => 'v16: 1'
c1 rule: 'v1: 0', 'v8: 0', 'v15: 0', not 'v7: 0' => 'v16: 1'
c1 rule: 'v4: 0', 'v9: 0', 'v14: 0', not 'v13: 0' => 'v16: 1'
c1 rule: 'v3: 0', not 'v2: 0', not 'v8: 0', not 'v10: 0' => 'v16: 1'
c1 rule: 'v13: 0', not 'v5: 0', not 'v10: 0', not 'v11: 0' => 'v16: 1'
c1 rule: 'v2: 0', not 'v3: 0', not 'v5: 0', not 'v12: 0' => 'v16: 1'
c1 rule: 'v2: 0', 'v4: 0', not 'v5: 0', not 'v12: 0' => 'v16: 1'
c1 rule: 'v6: 0', not 'v1: 0', not 'v10: 0', not 'v13: 0' => 'v16: 1'
c1 rule: 'v6: 0', not 'v3: 0', not 'v10: 0', not 'v13: 0' => 'v16: 1'
c1 rule: 'v2: 0', 'v14: 0', 'v15: 0', not 'v13: 0' => 'v16: 1'
c1 rule: 'v2: 0', 'v11: 0', 'v14: 0', not 'v6: 0' => 'v16: 1'
c1 rule: 'v2: 0', 'v14: 0', not 'v6: 0', not 'v7: 0' => 'v16: 1'
c1 rule: 'v6: 0', 'v15: 0', not 'v9: 0', not 'v10: 0' => 'v16: 1'
c1 rule: 'v1: 0', 'v6: 0', not 'v2: 0', not 'v10: 0' => 'v16: 1'
c1 rule: 'v6: 0', 'v15: 0', not 'v2: 0', not 'v10: 0' => 'v16: 1'
c1 rule: 'v13: 0', not 'v1: 0', not 'v4: 0', not 'v10: 0' => 'v16: 1'
c1 rule: 'v2: 0', 'v13: 0', not 'v5: 0', not 'v10: 0' => 'v16: 1'
c1 rule: 'v2: 0', 'v15: 0', not 'v9: 0', not 'v11: 0' => 'v16: 1'
c1 rule: 'v6: 0', 'v7: 0', not 'v3: 0', not 'v11: 0' => 'v16: 1'
c1 rule: 'v11: 0', not 'v3: 0', not 'v4: 0', not 'v10: 0' => 'v16: 1'
c1 rule: 'v10: 0', 'v14: 0', not 'v1: 0', not 'v6: 0' => 'v16: 1'
c1 rule: 'v6: 0', not 'v2: 0', not 'v10: 0', not 'v11: 0' => 'v16: 1'
c1 rule: 'v7: 0', 'v11: 0', not 'v1: 0', not 'v2: 0', not 'v12: 0' => 'v16: 1'
c1 rule: 'v3: 0', 'v11: 0', not 'v1: 0', not 'v2: 0', not 'v10: 0' => 'v16: 1'
c1 rule: 'v3: 0', 'v7: 0', 'v11: 0', not 'v1: 0', not 'v2: 0' => 'v16: 1'
c1 rule: 'v2: 0', not 'v1: 0', not 'v6: 0', not 'v8: 0', not 'v10: 0' => 'v16: 1'
c1 rule: 'v4: 0', 'v9: 0', 'v13: 0', not 'v7: 0', not 'v14: 0' => 'v16: 1'
c1 rule: 'v2: 0', 'v14: 0', 'v15: 0', not 'v1: 0', not 'v9: 0' => 'v16: 1'
c1 rule: 'v2: 0', not 'v1: 0', not 'v9: 0', not 'v10: 0', not 'v11: 0' => 'v16: 1'
c1 rule: 'v1: 0', 'v6: 0', 'v10: 0', not 'v9: 0', not 'v11: 0' => 'v16: 1'
c1 rule: 'v1: 0', 'v6: 0', 'v11: 0', not 'v10: 0', not 'v15: 0' => 'v16: 1'
c1 rule: 'v1: 0', 'v4: 0', 'v11: 0', 'v13: 0', not 'v2: 0' => 'v16: 1'
c1 rule: 'v1: 0', 'v12: 0', not 'v3: 0', not 'v9: 0', not 'v14: 0' => 'v16: 1'
c1 # of rules: 77
c1 rule time: 0.1329

c2 total rules: 124

c0 computing feature 2
c1 computing class: 0
c1 discrimination constraints: 109h
c1 coverage constraints: 132v+2113h
c1 formula: 166v, 2273c (2239h+34s)
c1 enumerating rules (maxsat-based)
c1 rule: 'v5: 0', 'v8: 0', not 'v12: 0' => 'v1: 0'
c1 rule: 'v7: 0', 'v8: 0', not 'v9: 0' => 'v1: 0'
c1 rule: 'v8: 0', not 'v2: 0', not 'v9: 0' => 'v1: 0'
c1 rule: 'v6: 0', 'v13: 0', not 'v5: 0' => 'v1: 0'
c1 rule: 'v3: 0', 'v5: 0', not 'v4: 0' => 'v1: 0'
c1 rule: 'v5: 0', not 'v4: 0', not 'v6: 0' => 'v1: 0'
c1 rule: not 'v4: 0', not 'v6: 0', not 'v9: 0' => 'v1: 0'
c1 rule: not 'v2: 0', not 'v12: 0', not 'v15: 0' => 'v1: 0'
c1 rule: 'v5: 0', not 'v4: 0', not 'v7: 0', not 'v15: 0' => 'v1: 0'
c1 rule: 'v10: 0', 'v13: 0', not 'v2: 0', not 'v4: 0' => 'v1: 0'
c1 rule: 'v11: 0', not 'v2: 0', not 'v9: 0', not 'v14: 0' => 'v1: 0'
c1 rule: 'v2: 0', 'v15: 0', not 'v11: 0', not 'v13: 0' => 'v1: 0'
c1 rule: 'v6: 0', not 'v5: 0', not 'v8: 0', not 'v10: 0' => 'v1: 0'
c1 rule: 'v2: 0', 'v6: 0', 'v9: 0', not 'v15: 0' => 'v1: 0'
c1 rule: 'v6: 0', not 'v2: 0', not 'v14: 0', not 'v15: 0' => 'v1: 0'
c1 rule: 'v8: 0', 'v14: 0', not 'v3: 0', not 'v13: 0' => 'v1: 0'
c1 rule: 'v5: 0', 'v7: 0', not 'v13: 0', not 'v15: 0' => 'v1: 0'
c1 rule: 'v6: 0', 'v7: 0', not 'v10: 0', not 'v11: 0' => 'v1: 0'
c1 rule: 'v3: 0', not 'v5: 0', not 'v8: 0', not 'v10: 0' => 'v1: 0'
c1 rule: 'v16: 0', 'v8: 0', not 'v3: 0', not 'v12: 0' => 'v1: 0'
c1 rule: 'v8: 0', not 'v3: 0', not 'v10: 0', not 'v12: 0' => 'v1: 0'
c1 rule: 'v4: 0', 'v11: 0', not 'v5: 0', not 'v12: 0' => 'v1: 0'
c1 rule: 'v2: 0', 'v8: 0', not 'v3: 0', not 'v12: 0' => 'v1: 0'
c1 rule: 'v2: 0', 'v8: 0', 'v10: 0', not 'v4: 0' => 'v1: 0'
c1 rule: 'v2: 0', 'v8: 0', not 'v4: 0', not 'v11: 0' => 'v1: 0'
c1 rule: 'v16: 0', not 'v3: 0', not 'v4: 0', not 'v11: 0' => 'v1: 0'
c1 rule: 'v16: 0', not 'v10: 0', not 'v13: 0', not 'v15: 0' => 'v1: 0'
c1 rule: 'v13: 0', 'v15: 0', not 'v9: 0', not 'v12: 0' => 'v1: 0'
c1 rule: 'v8: 0', 'v13: 0', not 'v3: 0', not 'v4: 0' => 'v1: 0'
c1 rule: 'v16: 0', 'v6: 0', 'v15: 0', not 'v13: 0' => 'v1: 0'
c1 rule: 'v11: 0', 'v14: 0', 'v15: 0', not 'v2: 0', not 'v6: 0' => 'v1: 0'
c1 rule: 'v4: 0', 'v9: 0', not 'v2: 0', not 'v7: 0', not 'v13: 0' => 'v1: 0'
c1 rule: 'v10: 0', not 'v7: 0', not 'v8: 0', not 'v11: 0', not 'v14: 0' => 'v1: 0'
c1 rule: 'v2: 0', 'v10: 0', not 'v6: 0', not 'v8: 0', not 'v11: 0' => 'v1: 0'
c1 rule: 'v4: 0', 'v10: 0', 'v11: 0', not 'v13: 0', not 'v14: 0' => 'v1: 0'
c1 rule: 'v7: 0', 'v11: 0', 'v13: 0', not 'v6: 0', not 'v9: 0' => 'v1: 0'
c1 rule: 'v8: 0', not 'v16: 0', not 'v10: 0', not 'v11: 0', not 'v13: 0' => 'v1: 0'
c1 rule: 'v3: 0', 'v4: 0', 'v12: 0', not 'v10: 0', not 'v13: 0' => 'v1: 0'
c1 rule: 'v16: 0', 'v14: 0', not 'v9: 0', not 'v10: 0', not 'v11: 0' => 'v1: 0'
c1 rule: 'v2: 0', 'v11: 0', not 'v10: 0', not 'v13: 0', not 'v15: 0' => 'v1: 0'
c1 rule: 'v2: 0', 'v14: 0', not 'v6: 0', not 'v9: 0', not 'v15: 0' => 'v1: 0'
c1 rule: 'v2: 0', 'v12: 0', not 'v6: 0', not 'v9: 0', not 'v15: 0' => 'v1: 0'
c1 rule: not 'v4: 0', not 'v10: 0', not 'v11: 0', not 'v13: 0', not 'v14: 0' => 'v1: 0'
c1 rule: 'v7: 0', 'v8: 0', 'v10: 0', 'v11: 0', not 'v12: 0' => 'v1: 0'
c1 # of rules: 44
c1 rule time: 0.0921

c1 computing class: 1
c1 discrimination constraints: 132h
c1 coverage constraints: 109v+1745h
c1 formula: 143v, 1928c (1894h+34s)
c1 enumerating rules (maxsat-based)
c1 rule: 'v6: 0', 'v15: 0', not 'v11: 0' => 'v1: 1'
c1 rule: 'v6: 0', 'v8: 0', not 'v3: 0' => 'v1: 1'
c1 rule: 'v6: 0', not 'v11: 0', not 'v13: 0' => 'v1: 1'
c1 rule: 'v6: 0', 'v14: 0', not 'v12: 0' => 'v1: 1'
c1 rule: 'v5: 0', 'v7: 0', not 'v4: 0' => 'v1: 1'
c1 rule: 'v2: 0', 'v7: 0', 'v12: 0', not 'v15: 0' => 'v1: 1'
c1 rule: 'v5: 0', 'v15: 0', not 'v2: 0', not 'v12: 0' => 'v1: 1'
c1 rule: 'v5: 0', 'v8: 0', 'v9: 0', not 'v14: 0' => 'v1: 1'
c1 rule: 'v10: 0', not 'v5: 0', not 'v9: 0', not 'v13: 0' => 'v1: 1'
c1 rule: 'v7: 0', 'v11: 0', not 'v5: 0', not 'v8: 0' => 'v1: 1'
c1 rule: 'v10: 0', 'v11: 0', not 'v8: 0', not 'v12: 0' => 'v1: 1'
c1 rule: 'v16: 0', 'v6: 0', not 'v13: 0', not 'v15: 0' => 'v1: 1'
c1 rule: 'v16: 0', not 'v4: 0', not 'v7: 0', not 'v14: 0' => 'v1: 1'
c1 rule: 'v16: 0', not 'v5: 0', not 'v7: 0', not 'v14: 0' => 'v1: 1'
c1 rule: 'v16: 0', not 'v5: 0', not 'v8: 0', not 'v14: 0' => 'v1: 1'
c1 rule: 'v3: 0', 'v4: 0', 'v14: 0', not 'v13: 0' => 'v1: 1'
c1 rule: 'v3: 0', 'v11: 0', not 'v2: 0', not 'v7: 0' => 'v1: 1'
c1 rule: 'v16: 0', 'v3: 0', 'v9: 0', not 'v7: 0' => 'v1: 1'
c1 rule: 'v16: 0', 'v9: 0', 'v11: 0', not 'v8: 0' => 'v1: 1'
c1 rule: 'v13: 0', not 'v5: 0', not 'v8: 0', not 'v15: 0' => 'v1: 1'
c1 rule: 'v6: 0', 'v10: 0', not 'v13: 0', not 'v15: 0' => 'v1: 1'
c1 rule: 'v3: 0', 'v12: 0', 'v14: 0', not 'v5: 0' => 'v1: 1'
c1 rule: 'v4: 0', 'v8: 0', 'v13: 0', not 'v12: 0' => 'v1: 1'
c1 rule: 'v3: 0', 'v8: 0', not 'v7: 0', not 'v10: 0', not 'v13: 0' => 'v1: 1'
c1 rule: 'v3: 0', 'v4: 0', 'v15: 0', not 'v16: 0', not 'v10: 0' => 'v1: 1'
c1 rule: 'v3: 0', 'v4: 0', not 'v2: 0', not 'v11: 0', not 'v12: 0' => 'v1: 1'
c1 rule: 'v3: 0', 'v4: 0', 'v13: 0', 'v15: 0', not 'v5: 0' => 'v1: 1'
c1 rule: 'v2: 0', 'v7: 0', 'v12: 0', not 'v16: 0', not 'v13: 0' => 'v1: 1'
c1 rule: 'v9: 0', 'v12: 0', not 'v6: 0', not 'v10: 0', not 'v15: 0' => 'v1: 1'
c1 rule: 'v5: 0', 'v10: 0', 'v11: 0', not 'v2: 0', not 'v6: 0' => 'v1: 1'
c1 rule: 'v5: 0', 'v10: 0', 'v11: 0', not 'v16: 0', not 'v2: 0' => 'v1: 1'
c1 rule: 'v10: 0', 'v13: 0', 'v14: 0', not 'v2: 0', not 'v9: 0' => 'v1: 1'
c1 rule: 'v12: 0', not 'v11: 0', not 'v13: 0', not 'v14: 0', not 'v15: 0' => 'v1: 1'
c1 rule: 'v6: 0', not 'v2: 0', not 'v9: 0', not 'v13: 0', not 'v15: 0' => 'v1: 1'
c1 # of rules: 34
c1 rule time: 0.0738

c2 total rules: 78

c0 computing feature 3
c1 computing class: 0
c1 discrimination constraints: 117h
c1 coverage constraints: 124v+1985h
c1 formula: 158v, 2153c (2119h+34s)
c1 enumerating rules (maxsat-based)
c1 rule: 'v3: 0', 'v15: 0', not 'v8: 0' => 'v2: 0'
c1 rule: 'v3: 0', 'v5: 0', not 'v6: 0', not 'v14: 0' => 'v2: 0'
c1 rule: 'v3: 0', not 'v6: 0', not 'v7: 0', not 'v10: 0' => 'v2: 0'
c1 rule: 'v8: 0', 'v9: 0', not 'v7: 0', not 'v10: 0' => 'v2: 0'
c1 rule: 'v13: 0', 'v15: 0', not 'v16: 0', not 'v12: 0' => 'v2: 0'
c1 rule: 'v16: 0', 'v14: 0', not 'v5: 0', not 'v8: 0' => 'v2: 0'
c1 rule: 'v16: 0', not 'v8: 0', not 'v14: 0', not 'v15: 0' => 'v2: 0'
c1 rule: 'v11: 0', 'v13: 0', not 'v9: 0', not 'v14: 0' => 'v2: 0'
c1 rule: 'v5: 0', 'v7: 0', not 'v1: 0', not 'v10: 0' => 'v2: 0'
c1 rule: 'v16: 0', 'v6: 0', 'v7: 0', not 'v3: 0' => 'v2: 0'
c1 rule: 'v7: 0', 'v8: 0', not 'v3: 0', not 'v9: 0' => 'v2: 0'
c1 rule: 'v6: 0', not 'v11: 0', not 'v13: 0', not 'v15: 0' => 'v2: 0'
c1 rule: 'v6: 0', 'v10: 0', not 'v13: 0', not 'v15: 0' => 'v2: 0'
c1 rule: 'v16: 0', 'v9: 0', 'v10: 0', 'v11: 0', not 'v8: 0' => 'v2: 0'
c1 rule: 'v16: 0', 'v4: 0', 'v9: 0', 'v10: 0', 'v11: 0' => 'v2: 0'
c1 rule: 'v4: 0', 'v13: 0', 'v15: 0', not 'v10: 0', not 'v14: 0' => 'v2: 0'
c1 rule: 'v11: 0', 'v13: 0', 'v15: 0', not 'v9: 0', not 'v10: 0' => 'v2: 0'
c1 # of rules: 17
c1 rule time: 0.0561

c1 computing class: 1
c1 discrimination constraints: 124h
c1 coverage constraints: 117v+1873h
c1 formula: 151v, 2048c (2014h+34s)
c1 enumerating rules (maxsat-based)
c1 rule: 'v3: 0', 'v14: 0', not 'v10: 0' => 'v2: 1'
c1 rule: 'v3: 0', 'v6: 0', not 'v11: 0' => 'v2: 1'
c1 rule: not 'v5: 0', not 'v9: 0', not 'v11: 0' => 'v2: 1'
c1 rule: 'v12: 0', not 'v4: 0', not 'v11: 0' => 'v2: 1'
c1 rule: 'v16: 0', 'v13: 0', not 'v4: 0', not 'v11: 0' => 'v2: 1'
c1 rule: 'v3: 0', 'v7: 0', not 'v4: 0', not 'v9: 0' => 'v2: 1'
c1 rule: 'v1: 0', 'v10: 0', not 'v4: 0', not 'v8: 0' => 'v2: 1'
c1 rule: 'v7: 0', not 'v5: 0', not 'v8: 0', not 'v10: 0' => 'v2: 1'
c1 rule: 'v16: 0', 'v9: 0', not 'v8: 0', not 'v13: 0' => 'v2: 1'
c1 rule: 'v12: 0', not 'v5: 0', not 'v8: 0', not 'v10: 0' => 'v2: 1'
c1 rule: 'v3: 0', 'v10: 0', 'v12: 0', not 'v13: 0' => 'v2: 1'
c1 rule: 'v7: 0', 'v10: 0', 'v12: 0', not 'v4: 0' => 'v2: 1'
c1 rule: 'v5: 0', 'v9: 0', 'v11: 0', not 'v14: 0' => 'v2: 1'
c1 rule: 'v4: 0', 'v6: 0', 'v15: 0', not 'v13: 0' => 'v2: 1'
c1 rule: 'v9: 0', 'v10: 0', not 'v8: 0', not 'v15: 0' => 'v2: 1'
c1 rule: 'v4: 0', 'v7: 0', 'v11: 0', not 'v12: 0' => 'v2: 1'
c1 rule: 'v7: 0', 'v12: 0', not 'v11: 0', not 'v14: 0' => 'v2: 1'
c1 rule: 'v10: 0', 'v15: 0', not 'v9: 0', not 'v11: 0' => 'v2: 1'
c1 rule: 'v11: 0', 'v14: 0', not 'v6: 0', not 'v10: 0', not 'v15: 0' => 'v2: 1'
c1 rule: 'v6: 0', 'v14: 0', 'v15: 0', not 'v16: 0', not 'v11: 0' => 'v2: 1'
c1 rule: 'v4: 0', 'v8: 0', not 'v3: 0', not 'v7: 0', not 'v12: 0' => 'v2: 1'
c1 rule: 'v11: 0', 'v12: 0', not 'v6: 0', not 'v13: 0', not 'v15: 0' => 'v2: 1'
c1 rule: 'v8: 0', not 'v3: 0', not 'v7: 0', not 'v9: 0', not 'v12: 0' => 'v2: 1'
c1 # of rules: 23
c1 rule time: 0.0521

c2 total rules: 40

c0 computing feature 4
c1 computing class: 0
c1 discrimination constraints: 156h
c1 coverage constraints: 85v+1361h
c1 formula: 119v, 1568c (1534h+34s)
c1 enumerating rules (maxsat-based)
c1 rule: 'v8: 0', 'v13: 0', not 'v12: 0' => 'v3: 0'
c1 rule: 'v10: 0', not 'v4: 0', not 'v9: 0' => 'v3: 0'
c1 rule: 'v5: 0', not 'v4: 0', not 'v13: 0' => 'v3: 0'
c1 rule: 'v1: 0', 'v6: 0', not 'v12: 0' => 'v3: 0'
c1 rule: 'v6: 0', not 'v5: 0', not 'v11: 0' => 'v3: 0'
c1 rule: 'v11: 0', not 'v2: 0', not 'v12: 0', not 'v15: 0' => 'v3: 0'
c1 rule: 'v1: 0', 'v10: 0', not 'v4: 0', not 'v11: 0' => 'v3: 0'
c1 rule: 'v4: 0', 'v7: 0', 'v11: 0', not 'v12: 0' => 'v3: 0'
c1 rule: 'v7: 0', 'v11: 0', not 'v1: 0', not 'v12: 0' => 'v3: 0'
c1 rule: 'v2: 0', 'v7: 0', 'v10: 0', not 'v4: 0' => 'v3: 0'
c1 rule: 'v7: 0', 'v10: 0', not 'v9: 0', not 'v12: 0' => 'v3: 0'
c1 rule: 'v7: 0', 'v10: 0', 'v12: 0', not 'v4: 0' => 'v3: 0'
c1 rule: 'v9: 0', not 'v4: 0', not 'v8: 0', not 'v13: 0' => 'v3: 0'
c1 rule: 'v2: 0', 'v7: 0', 'v10: 0', not 'v12: 0' => 'v3: 0'
c1 rule: 'v4: 0', 'v8: 0', 'v10: 0', 'v11: 0', not 'v7: 0' => 'v3: 0'
c1 rule: 'v2: 0', 'v15: 0', not 'v5: 0', not 'v8: 0', not 'v13: 0' => 'v3: 0'
c1 rule: 'v8: 0', 'v9: 0', not 'v1: 0', not 'v10: 0', not 'v13: 0' => 'v3: 0'
c1 rule: 'v4: 0', 'v9: 0', not 'v5: 0', not 'v7: 0', not 'v10: 0' => 'v3: 0'
c1 rule: 'v16: 0', 'v15: 0', not 'v4: 0', not 'v10: 0', not 'v12: 0' => 'v3: 0'
c1 rule: 'v11: 0', not 'v1: 0', not 'v4: 0', not 'v6: 0', not 'v13: 0' => 'v3: 0'
c1 # of rules: 20
c1 rule time: 0.0417

c1 computing class: 1
c1 discrimination constraints: 85h
c1 coverage constraints: 156v+2497h
c1 formula: 190v, 2633c (2599h+34s)
c1 enumerating rules (maxsat-based)
c1 rule: 'v5: 0', 'v9: 0', not 'v14: 0' => 'v3: 1'
c1 rule: 'v5: 0', 'v9: 0', not 'v12: 0' => 'v3: 1'
c1 rule: 'v13: 0', not 'v8: 0', not 'v12: 0' => 'v3: 1'
c1 rule: 'v8: 0', not 'v11: 0', not 'v15: 0' => 'v3: 1'
c1 rule: 'v8: 0', not 'v1: 0', not 'v9: 0' => 'v3: 1'
c1 rule: 'v6: 0', not 'v4: 0', not 'v15: 0' => 'v3: 1'
c1 rule: 'v14: 0', 'v15: 0', not 'v7: 0' => 'v3: 1'
c1 rule: 'v2: 0', 'v14: 0', not 'v11: 0' => 'v3: 1'
c1 rule: 'v6: 0', not 'v2: 0', not 'v12: 0' => 'v3: 1'
c1 rule: not 'v5: 0', not 'v9: 0', not 'v15: 0' => 'v3: 1'
c1 rule: 'v8: 0', 'v10: 0', not 'v7: 0', not 'v11: 0' => 'v3: 1'
c1 rule: 'v9: 0', 'v12: 0', not 'v13: 0', not 'v15: 0' => 'v3: 1'
c1 rule: 'v1: 0', 'v7: 0', 'v12: 0', not 'v15: 0' => 'v3: 1'
c1 rule: 'v6: 0', 'v10: 0', 'v14: 0', not 'v16: 0' => 'v3: 1'
c1 rule: 'v6: 0', 'v10: 0', 'v13: 0', not 'v16: 0' => 'v3: 1'
c1 rule: 'v16: 0', 'v6: 0', not 'v7: 0', not 'v9: 0' => 'v3: 1'
c1 rule: 'v12: 0', not 'v4: 0', not 'v10: 0', not 'v11: 0', not 'v14: 0' => 'v3: 1'
c1 rule: 'v2: 0', 'v9: 0', 'v10: 0', not 'v4: 0', not 'v7: 0' => 'v3: 1'
c1 rule: 'v1: 0', 'v4: 0', 'v10: 0', 'v12: 0', not 'v2: 0' => 'v3: 1'
c1 # of rules: 19
c1 rule time: 0.0429

c2 total rules: 39

c0 computing feature 5
c1 computing class: 0
c1 discrimination constraints: 84h
c1 coverage constraints: 157v+2513h
c1 formula: 191v, 2648c (2614h+34s)
c1 enumerating rules (maxsat-based)
c1 rule: 'v5: 0', 'v9: 0' => 'v4: 0'
c1 rule: 'v6: 0', 'v7: 0', not 'v11: 0' => 'v4: 0'
c1 rule: 'v1: 0', 'v6: 0', 'v15: 0', not 'v3: 0' => 'v4: 0'
c1 rule: 'v12: 0', 'v15: 0', not 'v6: 0', not 'v9: 0' => 'v4: 0'
c1 rule: 'v12: 0', not 'v6: 0', not 'v9: 0', not 'v14: 0' => 'v4: 0'
c1 rule: 'v8: 0', 'v10: 0', not 'v16: 0', not 'v15: 0' => 'v4: 0'
c1 rule: 'v2: 0', 'v7: 0', not 'v3: 0', not 'v11: 0' => 'v4: 0'
c1 # of rules: 7
c1 rule time: 0.0235

c1 computing class: 1
c1 discrimination constraints: 157h
c1 coverage constraints: 84v+1345h
c1 formula: 118v, 1553c (1519h+34s)
c1 enumerating rules (maxsat-based)
c1 rule: 'v8: 0', not 'v9: 0', not 'v12: 0' => 'v4: 1'
c1 rule: 'v6: 0', 'v7: 0', not 'v10: 0', not 'v14: 0' => 'v4: 1'
c1 rule: 'v8: 0', not 'v1: 0', not 'v3: 0', not 'v12: 0' => 'v4: 1'
c1 rule: 'v16: 0', 'v8: 0', 'v10: 0', not 'v12: 0' => 'v4: 1'
c1 rule: 'v16: 0', 'v8: 0', not 'v12: 0', not 'v15: 0' => 'v4: 1'
c1 rule: 'v2: 0', 'v3: 0', 'v7: 0', not 'v10: 0' => 'v4: 1'
c1 rule: 'v16: 0', 'v3: 0', 'v10: 0', 'v12: 0', not 'v13: 0' => 'v4: 1'
c1 rule: not 'v16: 0', not 'v1: 0', not 'v5: 0', not 'v12: 0', not 'v13: 0' => 'v4: 1'
c1 rule: 'v15: 0', not 'v16: 0', not 'v9: 0', not 'v12: 0', not 'v14: 0' => 'v4: 1'
c1 # of rules: 9
c1 rule time: 0.0225

c2 total rules: 16

c0 computing feature 6
c1 computing class: 0
c1 discrimination constraints: 112h
c1 coverage constraints: 129v+2065h
c1 formula: 163v, 2228c (2194h+34s)
c1 enumerating rules (maxsat-based)
c1 rule: 'v6: 0', not 'v15: 0' => 'v5: 0'
c1 rule: 'v14: 0', not 'v10: 0', not 'v15: 0' => 'v5: 0'
c1 rule: 'v3: 0', 'v4: 0', 'v14: 0' => 'v5: 0'
c1 rule: 'v4: 0', not 'v9: 0', not 'v12: 0' => 'v5: 0'
c1 rule: 'v13: 0', not 'v9: 0', not 'v12: 0' => 'v5: 0'
c1 rule: 'v4: 0', not 'v8: 0', not 'v12: 0' => 'v5: 0'
c1 # of rules: 6
c1 rule time: 0.0176

c1 computing class: 1
c1 discrimination constraints: 129h
c1 coverage constraints: 112v+1793h
c1 formula: 146v, 1973c (1939h+34s)
c1 enumerating rules (maxsat-based)
c1 rule: 'v8: 0', 'v15: 0', not 'v10: 0' => 'v5: 1'
c1 rule: 'v8: 0', 'v11: 0', not 'v3: 0' => 'v5: 1'
c1 rule: 'v8: 0', 'v9: 0', not 'v15: 0' => 'v5: 1'
c1 rule: 'v8: 0', 'v9: 0', not 'v7: 0' => 'v5: 1'
c1 rule: 'v6: 0', not 'v4: 0', not 'v12: 0' => 'v5: 1'
c1 rule: 'v7: 0', 'v15: 0', not 'v9: 0', not 'v11: 0' => 'v5: 1'
c1 rule: 'v16: 0', 'v2: 0', 'v14: 0', not 'v6: 0' => 'v5: 1'
c1 rule: 'v16: 0', 'v12: 0', not 'v1: 0', not 'v10: 0', not 'v14: 0' => 'v5: 1'
c1 # of rules: 8
c1 rule time: 0.0178

c2 total rules: 14

c0 computing feature 7
c1 computing class: 0
c1 discrimination constraints: 155h
c1 coverage constraints: 86v+1377h
c1 formula: 120v, 1583c (1549h+34s)
c1 enumerating rules (maxsat-based)
c1 rule: 'v7: 0', not 'v1: 0', not 'v9: 0', not 'v15: 0' => 'v6: 0'
c1 rule: 'v7: 0', 'v13: 0', not 'v9: 0', not 'v15: 0' => 'v6: 0'
c1 rule: 'v5: 0', 'v9: 0', 'v11: 0', not 'v14: 0' => 'v6: 0'
c1 rule: 'v13: 0', 'v15: 0', not 'v1: 0', not 'v7: 0', not 'v12: 0' => 'v6: 0'
c1 rule: 'v2: 0', not 'v1: 0', not 'v9: 0', not 'v11: 0', not 'v14: 0' => 'v6: 0'
c1 rule: 'v13: 0', not 'v2: 0', not 'v10: 0', not 'v11: 0', not 'v14: 0' => 'v6: 0'
c1 rule: 'v10: 0', not 'v1: 0', not 'v9: 0', not 'v11: 0', not 'v15: 0' => 'v6: 0'
c1 rule: 'v5: 0', 'v10: 0', not 'v1: 0', not 'v11: 0', not 'v15: 0' => 'v6: 0'
c1 rule: 'v5: 0', 'v9: 0', 'v10: 0', 'v12: 0', not 'v15: 0' => 'v6: 0'
c1 rule: 'v2: 0', 'v10: 0', 'v14: 0', not 'v1: 0', not 'v9: 0' => 'v6: 0'
c1 rule: 'v13: 0', not 'v9: 0', not 'v10: 0', not 'v11: 0', not 'v14: 0' => 'v6: 0'
c1 rule: 'v10: 0', 'v13: 0', 'v15: 0', not 'v2: 0', not 'v7: 0' => 'v6: 0'
c1 rule: 'v1: 0', 'v10: 0', 'v11: 0', not 'v8: 0', not 'v14: 0' => 'v6: 0'
c1 rule: 'v16: 0', 'v1: 0', 'v2: 0', 'v8: 0', 'v13: 0' => 'v6: 0'
c1 # of rules: 14
c1 rule time: 0.0316

c1 computing class: 1
c1 discrimination constraints: 86h
c1 coverage constraints: 155v+2481h
c1 formula: 189v, 2618c (2584h+34s)
c1 enumerating rules (maxsat-based)
c1 rule: 'v14: 0', not 'v12: 0', not 'v13: 0' => 'v6: 1'
c1 rule: 'v13: 0', not 'v2: 0', not 'v5: 0' => 'v6: 1'
c1 rule: 'v4: 0', 'v10: 0', not 'v12: 0' => 'v6: 1'
c1 rule: 'v2: 0', 'v7: 0', 'v12: 0', not 'v13: 0' => 'v6: 1'
c1 rule: 'v2: 0', 'v8: 0', 'v10: 0', not 'v13: 0' => 'v6: 1'
c1 rule: 'v2: 0', 'v3: 0', 'v8: 0', not 'v1: 0' => 'v6: 1'
c1 rule: 'v10: 0', 'v14: 0', not 'v11: 0', not 'v13: 0' => 'v6: 1'
c1 rule: 'v10: 0', not 'v7: 0', not 'v11: 0', not 'v14: 0' => 'v6: 1'
c1 # of rules: 8
c1 rule time: 0.0338

c2 total rules: 22

c0 computing feature 8
c1 computing class: 0
c1 discrimination constraints: 140h
c1 coverage constraints: 101v+1617h
c1 formula: 135v, 1808c (1774h+34s)
c1 enumerating rules (maxsat-based)
c1 rule: 'v4: 0', 'v14: 0', not 'v5: 0' => 'v7: 0'
c1 rule: 'v9: 0', 'v12: 0', not 'v4: 0', not 'v13: 0' => 'v7: 0'
c1 rule: 'v16: 0', 'v2: 0', not 'v12: 0', not 'v13: 0' => 'v7: 0'
c1 rule: 'v8: 0', 'v13: 0', 'v15: 0', not 'v12: 0' => 'v7: 0'
c1 rule: not 'v4: 0', not 'v5: 0', not 'v9: 0', not 'v11: 0' => 'v7: 0'
c1 rule: not 'v1: 0', not 'v4: 0', not 'v11: 0', not 'v13: 0' => 'v7: 0'
c1 rule: 'v8: 0', 'v13: 0', 'v15: 0', not 'v4: 0', not 'v6: 0' => 'v7: 0'
c1 rule: 'v5: 0', 'v11: 0', not 'v1: 0', not 'v13: 0', not 'v14: 0' => 'v7: 0'
c1 # of rules: 8
c1 rule time: 0.0274

c1 computing class: 1
c1 discrimination constraints: 101h
c1 coverage constraints: 140v+2241h
c1 formula: 174v, 2393c (2359h+34s)
c1 enumerating rules (maxsat-based)
c1 rule: 'v6: 0', 'v15: 0', not 'v8: 0' => 'v7: 1'
c1 rule: 'v6: 0', 'v9: 0', not 'v3: 0' => 'v7: 1'
c1 rule: 'v6: 0', 'v9: 0', not 'v8: 0' => 'v7: 1'
c1 rule: 'v2: 0', 'v14: 0', not 'v13: 0' => 'v7: 1'
c1 rule: 'v14: 0', not 'v12: 0', not 'v15: 0' => 'v7: 1'
c1 rule: 'v11: 0', 'v14: 0', not 'v6: 0', not 'v8: 0' => 'v7: 1'
c1 rule: 'v1: 0', 'v11: 0', 'v14: 0', not 'v3: 0' => 'v7: 1'
c1 rule: 'v1: 0', 'v5: 0', 'v11: 0', not 'v15: 0' => 'v7: 1'
c1 rule: 'v1: 0', not 'v5: 0', not 'v8: 0', not 'v15: 0' => 'v7: 1'
c1 rule: 'v5: 0', 'v9: 0', not 'v8: 0', not 'v13: 0' => 'v7: 1'
c1 rule: 'v9: 0', 'v13: 0', not 'v16: 0', not 'v2: 0' => 'v7: 1'
c1 rule: 'v5: 0', 'v11: 0', not 'v1: 0', not 'v2: 0' => 'v7: 1'
c1 rule: 'v4: 0', 'v10: 0', not 'v3: 0', not 'v12: 0', not 'v13: 0' => 'v7: 1'
c1 # of rules: 13
c1 rule time: 0.0344

c2 total rules: 21

c0 computing feature 9
c1 computing class: 0
c1 discrimination constraints: 143h
c1 coverage constraints: 98v+1569h
c1 formula: 132v, 1763c (1729h+34s)
c1 enumerating rules (maxsat-based)
c1 rule: 'v11: 0', not 'v2: 0', not 'v12: 0' => 'v8: 0'
c1 rule: 'v10: 0', 'v12: 0', not 'v13: 0', not 'v14: 0' => 'v8: 0'
c1 rule: 'v1: 0', 'v12: 0', not 'v5: 0', not 'v13: 0' => 'v8: 0'
c1 # of rules: 3
c1 rule time: 0.0132

c1 computing class: 1
c1 discrimination constraints: 98h
c1 coverage constraints: 143v+2289h
c1 formula: 177v, 2438c (2404h+34s)
c1 enumerating rules (maxsat-based)
c1 rule: 'v5: 0', 'v13: 0', not 'v14: 0' => 'v8: 1'
c1 rule: 'v10: 0', not 'v3: 0', not 'v9: 0' => 'v8: 1'
c1 rule: 'v10: 0', not 'v9: 0', not 'v15: 0' => 'v8: 1'
c1 # of rules: 3
c1 rule time: 0.0209

c2 total rules: 6

c0 computing feature 10
c1 computing class: 0
c1 discrimination constraints: 118h
c1 coverage constraints: 123v+1969h
c1 formula: 157v, 2138c (2104h+34s)
c1 enumerating rules (maxsat-based)
c1 rule: 'v3: 0', 'v15: 0', not 'v11: 0' => 'v9: 0'
c1 rule: 'v7: 0', not 'v5: 0', not 'v15: 0' => 'v9: 0'
c1 # of rules: 2
c1 rule time: 0.0222

c1 computing class: 1
c1 discrimination constraints: 123h
c1 coverage constraints: 118v+1889h
c1 formula: 152v, 2063c (2029h+34s)
c1 enumerating rules (maxsat-based)
c1 rule: 'v1: 0', 'v6: 0', 'v15: 0', not 'v3: 0' => 'v9: 1'
c1 rule: 'v1: 0', 'v6: 0', 'v13: 0', not 'v16: 0' => 'v9: 1'
c1 rule: 'v6: 0', 'v12: 0', not 'v10: 0', not 'v14: 0' => 'v9: 1'
c1 rule: 'v7: 0', 'v12: 0', 'v13: 0', not 'v1: 0', not 'v8: 0' => 'v9: 1'
c1 rule: 'v14: 0', 'v15: 0', not 'v6: 0', not 'v7: 0', not 'v11: 0' => 'v9: 1'
c1 rule: 'v13: 0', 'v15: 0', not 'v2: 0', not 'v7: 0', not 'v11: 0' => 'v9: 1'
c1 rule: 'v10: 0', 'v14: 0', 'v15: 0', not 'v2: 0', not 'v7: 0' => 'v9: 1'
c1 # of rules: 7
c1 rule time: 0.0293

c2 total rules: 9

c0 computing feature 11
c1 computing class: 0
c1 discrimination constraints: 132h
c1 coverage constraints: 109v+1745h
c1 formula: 143v, 1928c (1894h+34s)
c1 enumerating rules (maxsat-based)
c1 rule: 'v1: 0', 'v4: 0', 'v8: 0', 'v11: 0' => 'v10: 0'
c1 rule: 'v2: 0', 'v5: 0', 'v9: 0', 'v11: 0' => 'v10: 0'
c1 rule: 'v3: 0', 'v7: 0', 'v12: 0', 'v13: 0' => 'v10: 0'
c1 rule: 'v8: 0', 'v9: 0', 'v11: 0', not 'v3: 0', not 'v7: 0' => 'v10: 0'
c1 # of rules: 4
c1 rule time: 0.0345

c1 computing class: 1
c1 discrimination constraints: 109h
c1 coverage constraints: 132v+2113h
c1 formula: 166v, 2273c (2239h+34s)
c1 enumerating rules (maxsat-based)
c1 rule: 'v11: 0', 'v13: 0', not 'v2: 0', not 'v12: 0' => 'v10: 1'
c1 rule: 'v2: 0', 'v6: 0', 'v9: 0', not 'v11: 0' => 'v10: 1'
c1 rule: 'v3: 0', 'v14: 0', not 'v5: 0', not 'v11: 0' => 'v10: 1'
c1 rule: 'v5: 0', 'v11: 0', not 'v16: 0', not 'v2: 0', not 'v13: 0' => 'v10: 1'
c1 rule: 'v16: 0', 'v14: 0', not 'v3: 0', not 'v6: 0', not 'v9: 0' => 'v10: 1'
c1 # of rules: 5
c1 rule time: 0.0325

c2 total rules: 9

c0 computing feature 12
c1 computing class: 0
c1 discrimination constraints: 109h
c1 coverage constraints: 132v+2113h
c1 formula: 166v, 2273c (2239h+34s)
c1 enumerating rules (maxsat-based)
c1 rule: 'v6: 0', 'v14: 0', not 'v12: 0' => 'v11: 0'
c1 rule: 'v16: 0', 'v12: 0', 'v13: 0', not 'v4: 0' => 'v11: 0'
c1 rule: 'v2: 0', not 'v16: 0', not 'v9: 0', not 'v12: 0' => 'v11: 0'
c1 rule: 'v2: 0', 'v8: 0', 'v14: 0', 'v15: 0' => 'v11: 0'
c1 # of rules: 4
c1 rule time: 0.0413

c1 computing class: 1
c1 discrimination constraints: 132h
c1 coverage constraints: 109v+1745h
c1 formula: 143v, 1928c (1894h+34s)
c1 enumerating rules (maxsat-based)
c1 rule: 'v2: 0', 'v8: 0', not 'v1: 0', not 'v15: 0' => 'v11: 1'
c1 # of rules: 1
c1 rule time: 0.0262

c2 total rules: 5

c0 computing feature 13
c1 computing class: 0
c1 discrimination constraints: 83h
c1 coverage constraints: 158v+2529h
c1 formula: 192v, 2663c (2629h+34s)
c1 enumerating rules (maxsat-based)
c1 rule: 'v10: 0', 'v13: 0', 'v15: 0', not 'v7: 0' => 'v12: 0'
c1 rule: 'v2: 0', 'v14: 0', not 'v10: 0', not 'v13: 0' => 'v12: 0'
c1 rule: 'v6: 0', not 'v3: 0', not 'v9: 0', not 'v14: 0' => 'v12: 0'
c1 # of rules: 3
c1 rule time: 0.0321

c1 computing class: 1
c1 discrimination constraints: 158h
c1 coverage constraints: 83v+1329h
c1 formula: 117v, 1538c (1504h+34s)
c1 enumerating rules (maxsat-based)
c1 rule: 'v2: 0', 'v3: 0', 'v6: 0', not 'v15: 0' => 'v12: 1'
c1 # of rules: 1
c1 rule time: 0.0153

c2 total rules: 4

c0 computing feature 14
c1 computing class: 0
c1 discrimination constraints: 116h
c1 coverage constraints: 125v+2001h
c1 formula: 159v, 2168c (2134h+34s)
c1 enumerating rules (maxsat-based)
c1 rule: 'v14: 0', not 'v5: 0', not 'v9: 0' => 'v13: 0'
c1 rule: 'v6: 0', not 'v3: 0', not 'v8: 0', not 'v14: 0' => 'v13: 0'
c1 rule: 'v1: 0', 'v14: 0', 'v15: 0', not 'v6: 0', not 'v7: 0' => 'v13: 0'
c1 # of rules: 3
c1 rule time: 0.0285

c1 computing class: 1
c1 discrimination constraints: 125h
c1 coverage constraints: 116v+1857h
c1 formula: 150v, 2033c (1999h+34s)
c1 enumerating rules (maxsat-based)
c1 rule: 'v3: 0', not 'v4: 0', not 'v8: 0' => 'v13: 1'
c1 rule: 'v2: 0', 'v5: 0', 'v9: 0', not 'v16: 0', not 'v15: 0' => 'v13: 1'
c1 rule: 'v16: 0', 'v1: 0', not 'v2: 0', not 'v9: 0', not 'v15: 0' => 'v13: 1'
c1 # of rules: 3
c1 rule time: 0.0209

c2 total rules: 6

c0 computing feature 15
c1 computing class: 0
c1 discrimination constraints: 145h
c1 coverage constraints: 96v+1537h
c1 formula: 130v, 1733c (1699h+34s)
c1 enumerating rules (maxsat-based)
c1 rule: 'v7: 0', 'v10: 0', 'v11: 0', not 'v1: 0', not 'v3: 0' => 'v14: 0'
c1 # of rules: 1
c1 rule time: 0.0166

c1 computing class: 1
c1 discrimination constraints: 96h
c1 coverage constraints: 145v+2321h
c1 formula: 179v, 2468c (2434h+34s)
c1 enumerating rules (maxsat-based)
c1 rule: not 'v3: 0', not 'v4: 0', not 'v13: 0' => 'v14: 1'
c1 # of rules: 1
c1 rule time: 0.0234

c2 total rules: 2

c0 computing feature 16
c1 computing class: 0
c1 discrimination constraints: 97h
c1 coverage constraints: 144v+2305h
c1 formula: 178v, 2453c (2419h+34s)
c1 enumerating rules (maxsat-based)
c1 rule: 'v5: 0', not 'v4: 0', not 'v12: 0' => 'v15: 0'
c1 rule: 'v7: 0', 'v11: 0', 'v13: 0', not 'v12: 0' => 'v15: 0'
c1 rule: 'v8: 0', 'v13: 0', not 'v11: 0', not 'v14: 0' => 'v15: 0'
c1 rule: 'v3: 0', 'v9: 0', not 'v8: 0', not 'v10: 0' => 'v15: 0'
c1 # of rules: 4
c1 rule time: 0.0329

c1 computing class: 1
c1 discrimination constraints: 144h
c1 coverage constraints: 97v+1553h
c1 formula: 131v, 1748c (1714h+34s)
c1 enumerating rules (maxsat-based)
c1 rule: 'v1: 0', 'v5: 0', 'v7: 0', not 'v12: 0' => 'v15: 1'
c1 rule: 'v16: 0', 'v1: 0', not 'v7: 0', not 'v12: 0' => 'v15: 1'
c1 rule: 'v1: 0', 'v10: 0', 'v12: 0', not 'v6: 0', not 'v9: 0' => 'v15: 1'
c1 rule: 'v4: 0', 'v8: 0', 'v11: 0', not 'v2: 0', not 'v3: 0' => 'v15: 1'
c1 # of rules: 4
c1 rule time: 0.0271

c2 total rules: 8
c3 total time: 1.5667

Rules are saved to ../rules/size/q6_house-votes-84_train4.csv_size5.json