c0 # of samps: 81 (51 weighted)
c0 # of feats: 16 (18 binary)
c0 # of labls: 7
c0 parse time: 0.3042


c0 computing feature 1
c1 computing class: 0
c1 discrimination constraints: 17h
c1 coverage constraints: 34v+613h
c1 formula: 72v, 687c (649h+38s)
c1 enumerating rules (maxsat-based)
c1 rule: 'breathes: 0' => 'hair: 0'
c1 rule: not 'feathers: 0' => 'hair: 0'
c1 rule: 'airborne: 0', not 'eggs: 0' => 'hair: 0'
c1 rule: 'airborne: 0', 'toothed: 0' => 'hair: 0'
c1 rule: not 'eggs: 0', not 'predator: 0' => 'hair: 0'
c1 # of rules: 5
c1 rule time: 0.0013

c1 computing class: 1
c1 discrimination constraints: 34h
c1 coverage constraints: 17v+307h
c1 formula: 55v, 398c (360h+38s)
c1 enumerating rules (maxsat-based)
c1 rule: 'eggs: 0', not 'airborne: 0' => 'hair: 1'
c1 rule: 'predator: 0', not 'milk: 0' => 'hair: 1'
c1 rule: 'legs: (2.5..4.5]', not 'domestic: 0' => 'hair: 1'
c1 rule: 'eggs: 0', 'tail: 0' => 'hair: 1'
c1 rule: 'aquatic: 0', not 'milk: 0' => 'hair: 1'
c1 rule: 'fins: 0', not 'milk: 0' => 'hair: 1'
c1 rule: 'predator: 0', not 'venomous: 0' => 'hair: 1'
c1 # of rules: 7
c1 rule time: 0.0032

c2 total rules: 12

c0 computing feature 2
c1 computing class: 0
c1 discrimination constraints: 11h
c1 coverage constraints: 40v+721h
c1 formula: 78v, 789c (751h+38s)
c1 enumerating rules (maxsat-based)
c1 rule: 'eggs: 0' => 'feathers: 0'
c1 rule: 'backbone: 0' => 'feathers: 0'
c1 rule: not 'venomous: 0' => 'feathers: 0'
c1 rule: 'legs: (2.5..4.5]' => 'feathers: 0'
c1 rule: 'breathes: 0' => 'feathers: 0'
c1 # of rules: 5
c1 rule time: 0.0032

c1 computing class: 1
c1 discrimination constraints: 40h
c1 coverage constraints: 11v+199h
c1 formula: 49v, 296c (258h+38s)
c1 enumerating rules (maxsat-based)
c1 rule: not 'airborne: 0', not 'aquatic: 0' => 'feathers: 1'
c1 rule: not 'airborne: 0', not 'catsize: 0' => 'feathers: 1'
c1 rule: 'toothed: 0', not 'backbone: 0', not 'legs: (2.5..4.5]' => 'feathers: 1'
c1 # of rules: 3
c1 rule time: 0.0024

c2 total rules: 8

c0 computing feature 3
c1 computing class: 0
c1 discrimination constraints: 34h
c1 coverage constraints: 17v+307h
c1 formula: 55v, 398c (360h+38s)
c1 enumerating rules (maxsat-based)
c1 rule: not 'milk: 0' => 'eggs: 0'
c1 rule: 'backbone: 0', not 'tail: 0' => 'eggs: 0'
c1 rule: 'fins: 0', not 'toothed: 0', not 'legs: (2.5..4.5]' => 'eggs: 0'
c1 # of rules: 3
c1 rule time: 0.0021

c1 computing class: 1
c1 discrimination constraints: 17h
c1 coverage constraints: 34v+613h
c1 formula: 72v, 687c (649h+38s)
c1 enumerating rules (maxsat-based)
c1 rule: not 'venomous: 0', not 'fins: 0' => 'eggs: 1'
c1 rule: 'predator: 0', not 'fins: 0' => 'eggs: 1'
c1 rule: 'catsize: 0', not 'fins: 0' => 'eggs: 1'
c1 rule: 'milk: 0', not 'fins: 0' => 'eggs: 1'
c1 rule: 'toothed: 0', not 'backbone: 0' => 'eggs: 1'
c1 rule: not 'hair: 0', not 'venomous: 0' => 'eggs: 1'
c1 rule: 'milk: 0', not 'hair: 0' => 'eggs: 1'
c1 rule: 'milk: 0', 'venomous: 0' => 'eggs: 1'
c1 # of rules: 8
c1 rule time: 0.0037

c2 total rules: 11

c0 computing feature 4
c1 computing class: 0
c1 discrimination constraints: 15h
c1 coverage constraints: 36v+649h
c1 formula: 74v, 721c (683h+38s)
c1 enumerating rules (maxsat-based)
c1 # of rules: 0
c1 rule time: 0.0015

c1 computing class: 1
c1 discrimination constraints: 36h
c1 coverage constraints: 15v+271h
c1 formula: 53v, 364c (326h+38s)
c1 enumerating rules (maxsat-based)
c1 # of rules: 0
c1 rule time: 0.0008

c2 total rules: 0

c0 computing feature 5
c1 computing class: 0
c1 discrimination constraints: 13h
c1 coverage constraints: 38v+685h
c1 formula: 76v, 755c (717h+38s)
c1 enumerating rules (maxsat-based)
c1 rule: 'legs: (2.5..4.5]' => 'airborne: 0'
c1 rule: 'breathes: 0' => 'airborne: 0'
c1 rule: 'backbone: 0', 'legs: (-inf..2.5]' => 'airborne: 0'
c1 rule: not 'aquatic: 0', not 'predator: 0', not 'catsize: 0' => 'airborne: 0'
c1 rule: 'aquatic: 0', 'predator: 0', not 'catsize: 0' => 'airborne: 0'
c1 # of rules: 5
c1 rule time: 0.0037

c1 computing class: 1
c1 discrimination constraints: 38h
c1 coverage constraints: 13v+235h
c1 formula: 51v, 330c (292h+38s)
c1 enumerating rules (maxsat-based)
c1 rule: 'toothed: 0', not 'domestic: 0' => 'airborne: 1'
c1 rule: 'predator: 0', 'catsize: 0', not 'feathers: 0' => 'airborne: 1'
c1 rule: 'catsize: 0', not 'feathers: 0', not 'aquatic: 0' => 'airborne: 1'
c1 rule: 'predator: 0', not 'feathers: 0', not 'aquatic: 0' => 'airborne: 1'
c1 rule: 'aquatic: 0', 'legs: (5.75..+inf)', not 'eggs: 0', not 'predator: 0' => 'airborne: 1'
c1 # of rules: 5
c1 rule time: 0.0031

c2 total rules: 10

c0 computing feature 6
c1 computing class: 0
c1 discrimination constraints: 21h
c1 coverage constraints: 30v+541h
c1 formula: 68v, 619c (581h+38s)
c1 enumerating rules (maxsat-based)
c1 rule: 'eggs: 0', 'predator: 0' => 'aquatic: 0'
c1 rule: 'eggs: 0', 'tail: 0' => 'aquatic: 0'
c1 rule: 'eggs: 0', 'toothed: 0' => 'aquatic: 0'
c1 rule: 'backbone: 0', not 'breathes: 0' => 'aquatic: 0'
c1 rule: not 'hair: 0', not 'domestic: 0' => 'aquatic: 0'
c1 rule: 'fins: 0', not 'domestic: 0' => 'aquatic: 0'
c1 rule: 'backbone: 0', 'venomous: 0', 'legs: (-inf..2.5]' => 'aquatic: 0'
c1 rule: 'feathers: 0', 'toothed: 0', not 'backbone: 0' => 'aquatic: 0'
c1 # of rules: 8
c1 rule time: 0.0048

c1 computing class: 1
c1 discrimination constraints: 30h
c1 coverage constraints: 21v+379h
c1 formula: 59v, 466c (428h+38s)
c1 enumerating rules (maxsat-based)
c1 rule: not 'fins: 0' => 'aquatic: 1'
c1 rule: 'breathes: 0', not 'tail: 0' => 'aquatic: 1'
c1 rule: not 'venomous: 0', not 'legs: (5.75..+inf)' => 'aquatic: 1'
c1 rule: 'backbone: 0', 'legs: (2.5..4.5]' => 'aquatic: 1'
c1 rule: 'milk: 0', 'predator: 0', not 'toothed: 0' => 'aquatic: 1'
c1 rule: 'milk: 0', 'tail: 0', not 'backbone: 0' => 'aquatic: 1'
c1 # of rules: 6
c1 rule time: 0.0036

c2 total rules: 14

c0 computing feature 7
c1 computing class: 0
c1 discrimination constraints: 28h
c1 coverage constraints: 23v+415h
c1 formula: 61v, 500c (462h+38s)
c1 enumerating rules (maxsat-based)
c1 rule: 'catsize: 0', not 'milk: 0' => 'predator: 0'
c1 rule: not 'aquatic: 0', not 'domestic: 0' => 'predator: 0'
c1 rule: not 'airborne: 0', not 'domestic: 0' => 'predator: 0'
c1 rule: 'hair: 0', 'legs: (2.5..4.5]', not 'catsize: 0' => 'predator: 0'
c1 rule: 'backbone: 0', 'legs: (-inf..2.5]', not 'breathes: 0' => 'predator: 0'
c1 rule: 'eggs: 0', 'aquatic: 0', 'legs: (-inf..2.5]', 'domestic: 0' => 'predator: 0'
c1 # of rules: 6
c1 rule time: 0.0045

c1 computing class: 1
c1 discrimination constraints: 23h
c1 coverage constraints: 28v+505h
c1 formula: 66v, 585c (547h+38s)
c1 enumerating rules (maxsat-based)
c1 rule: 'backbone: 0', not 'aquatic: 0' => 'predator: 1'
c1 rule: 'backbone: 0', 'breathes: 0' => 'predator: 1'
c1 rule: 'tail: 0', not 'catsize: 0' => 'predator: 1'
c1 rule: 'breathes: 0', not 'catsize: 0' => 'predator: 1'
c1 rule: not 'aquatic: 0', not 'legs: (-inf..2.5]', not 'tail: 0' => 'predator: 1'
c1 # of rules: 5
c1 rule time: 0.0013

c2 total rules: 11

c0 computing feature 8
c1 computing class: 0
c1 discrimination constraints: 26h
c1 coverage constraints: 25v+451h
c1 formula: 63v, 534c (496h+38s)
c1 enumerating rules (maxsat-based)
c1 rule: 'legs: (5.75..+inf)' => 'toothed: 0'
c1 rule: 'backbone: 0' => 'toothed: 0'
c1 # of rules: 2
c1 rule time: 0.0018

c1 computing class: 1
c1 discrimination constraints: 25h
c1 coverage constraints: 26v+469h
c1 formula: 64v, 551c (513h+38s)
c1 enumerating rules (maxsat-based)
c1 rule: 'legs: (2.5..4.5]', 'catsize: 0', not 'breathes: 0' => 'toothed: 1'
c1 # of rules: 1
c1 rule time: 0.0018

c2 total rules: 3

c0 computing feature 9
c1 computing class: 0
c1 discrimination constraints: 38h
c1 coverage constraints: 13v+235h
c1 formula: 51v, 330c (292h+38s)
c1 enumerating rules (maxsat-based)
c1 # of rules: 0
c1 rule time: 0.0008

c1 computing class: 1
c1 discrimination constraints: 13h
c1 coverage constraints: 38v+685h
c1 formula: 76v, 755c (717h+38s)
c1 enumerating rules (maxsat-based)
c1 # of rules: 0
c1 rule time: 0.0018

c2 total rules: 0

c0 computing feature 10
c1 computing class: 0
c1 discrimination constraints: 40h
c1 coverage constraints: 11v+199h
c1 formula: 49v, 296c (258h+38s)
c1 enumerating rules (maxsat-based)
c1 rule: not 'eggs: 0', not 'fins: 0' => 'breathes: 0'
c1 rule: 'legs: (-inf..2.5]', not 'venomous: 0' => 'breathes: 0'
c1 # of rules: 2
c1 rule time: 0.0020

c1 computing class: 1
c1 discrimination constraints: 11h
c1 coverage constraints: 40v+721h
c1 formula: 78v, 789c (751h+38s)
c1 enumerating rules (maxsat-based)
c1 rule: not 'milk: 0' => 'breathes: 1'
c1 rule: not 'venomous: 0', not 'legs: (-inf..2.5]' => 'breathes: 1'
c1 rule: 'predator: 0', not 'legs: (-inf..2.5]' => 'breathes: 1'
c1 rule: not 'legs: (-inf..2.5]', not 'tail: 0' => 'breathes: 1'
c1 rule: not 'toothed: 0', not 'legs: (-inf..2.5]' => 'breathes: 1'
c1 # of rules: 5
c1 rule time: 0.0000

c2 total rules: 7

c0 computing feature 11
c1 computing class: 0
c1 discrimination constraints: 7h
c1 coverage constraints: 44v+793h
c1 formula: 82v, 857c (819h+38s)
c1 enumerating rules (maxsat-based)
c1 rule: 'catsize: 0', not 'fins: 0' => 'venomous: 0'
c1 rule: 'hair: 0', not 'airborne: 0' => 'venomous: 0'
c1 rule: 'legs: (2.5..4.5]', not 'tail: 0' => 'venomous: 0'
c1 # of rules: 3
c1 rule time: 0.0035

c1 computing class: 1
c1 discrimination constraints: 44h
c1 coverage constraints: 7v+127h
c1 formula: 45v, 228c (190h+38s)
c1 enumerating rules (maxsat-based)
c1 rule: 'backbone: 0', not 'domestic: 0' => 'venomous: 1'
c1 # of rules: 1
c1 rule time: 0.0014

c2 total rules: 4

c0 computing feature 12
c1 computing class: 0
c1 discrimination constraints: 7h
c1 coverage constraints: 44v+793h
c1 formula: 82v, 857c (819h+38s)
c1 enumerating rules (maxsat-based)
c1 rule: 'legs: (5.75..+inf)' => 'fins: 0'
c1 rule: not 'legs: (-inf..2.5]' => 'fins: 0'
c1 # of rules: 2
c1 rule time: 0.0028

c1 computing class: 1
c1 discrimination constraints: 44h
c1 coverage constraints: 7v+127h
c1 formula: 45v, 228c (190h+38s)
c1 enumerating rules (maxsat-based)
c1 rule: 'legs: (-inf..2.5]', not 'hair: 0', not 'aquatic: 0' => 'fins: 1'
c1 # of rules: 1
c1 rule time: 0.0000

c2 total rules: 3

c0 computing feature 13
c1 computing class: (-inf..2.5]
c1 discrimination constraints: 25h
c1 coverage constraints: 26v+417h
c1 formula: 62v, 496c (460h+36s)
c1 enumerating rules (maxsat-based)
c1 rule: not 'fins: 0' => 'legs: (-inf..2.5]'
c1 rule: not 'feathers: 0' => 'legs: (-inf..2.5]'
c1 rule: 'breathes: 0', not 'tail: 0' => 'legs: (-inf..2.5]'
c1 rule: not 'airborne: 0', not 'toothed: 0' => 'legs: (-inf..2.5]'
c1 rule: 'aquatic: 0', 'breathes: 0' => 'legs: (-inf..2.5]'
c1 rule: 'breathes: 0', not 'venomous: 0' => 'legs: (-inf..2.5]'
c1 rule: 'tail: 0', not 'predator: 0', not 'domestic: 0' => 'legs: (-inf..2.5]'
c1 # of rules: 7
c1 rule time: 0.0000

c1 computing class: (2.5..4.5]
c1 discrimination constraints: 35h
c1 coverage constraints: 16v+257h
c1 formula: 52v, 346c (310h+36s)
c1 enumerating rules (maxsat-based)
c1 rule: 'tail: 0', 'catsize: 0', not 'backbone: 0' => 'legs: (2.5..4.5]'
c1 rule: 'tail: 0', 'domestic: 0', not 'backbone: 0' => 'legs: (2.5..4.5]'
c1 rule: 'feathers: 0', 'toothed: 0', not 'backbone: 0' => 'legs: (2.5..4.5]'
c1 rule: 'milk: 0', not 'toothed: 0', not 'breathes: 0' => 'legs: (2.5..4.5]'
c1 rule: 'fins: 0', not 'hair: 0', not 'aquatic: 0' => 'legs: (2.5..4.5]'
c1 rule: 'eggs: 0', 'catsize: 0', not 'domestic: 0' => 'legs: (2.5..4.5]'
c1 rule: 'eggs: 0', not 'tail: 0', not 'domestic: 0' => 'legs: (2.5..4.5]'
c1 rule: 'aquatic: 0', 'domestic: 0', not 'predator: 0', not 'toothed: 0' => 'legs: (2.5..4.5]'
c1 # of rules: 8
c1 rule time: 0.0029

c1 computing class: (5.75..+inf)
c1 discrimination constraints: 42h
c1 coverage constraints: 9v+145h
c1 formula: 45v, 241c (205h+36s)
c1 enumerating rules (maxsat-based)
c1 rule: 'toothed: 0', not 'hair: 0' => 'legs: (5.75..+inf)'
c1 rule: 'eggs: 0', 'toothed: 0' => 'legs: (5.75..+inf)'
c1 rule: 'tail: 0', not 'airborne: 0' => 'legs: (5.75..+inf)'
c1 rule: 'backbone: 0', not 'catsize: 0' => 'legs: (5.75..+inf)'
c1 # of rules: 4
c1 rule time: 0.0019

c2 total rules: 19

c0 computing feature 14
c1 computing class: 0
c1 discrimination constraints: 33h
c1 coverage constraints: 18v+325h
c1 formula: 56v, 415c (377h+38s)
c1 enumerating rules (maxsat-based)
c1 # of rules: 0
c1 rule time: 0.0014

c1 computing class: 1
c1 discrimination constraints: 18h
c1 coverage constraints: 33v+595h
c1 formula: 71v, 670c (632h+38s)
c1 enumerating rules (maxsat-based)
c1 rule: 'domestic: 0', 'catsize: 0', not 'milk: 0' => 'tail: 1'
c1 # of rules: 1
c1 rule time: 0.0027

c2 total rules: 1

c0 computing feature 15
c1 computing class: 0
c1 discrimination constraints: 8h
c1 coverage constraints: 43v+775h
c1 formula: 81v, 840c (802h+38s)
c1 enumerating rules (maxsat-based)
c1 # of rules: 0
c1 rule time: 0.0031

c1 computing class: 1
c1 discrimination constraints: 43h
c1 coverage constraints: 8v+145h
c1 formula: 46v, 245c (207h+38s)
c1 enumerating rules (maxsat-based)
c1 # of rules: 0
c1 rule time: 0.0018

c2 total rules: 0

c0 computing feature 16
c1 computing class: 0
c1 discrimination constraints: 19h
c1 coverage constraints: 32v+577h
c1 formula: 70v, 653c (615h+38s)
c1 enumerating rules (maxsat-based)
c1 rule: 'eggs: 0', 'toothed: 0' => 'catsize: 0'
c1 rule: 'eggs: 0', 'milk: 0' => 'catsize: 0'
c1 # of rules: 2
c1 rule time: 0.0030

c1 computing class: 1
c1 discrimination constraints: 32h
c1 coverage constraints: 19v+343h
c1 formula: 57v, 432c (394h+38s)
c1 enumerating rules (maxsat-based)
c1 # of rules: 0
c1 rule time: 0.0024

c2 total rules: 2
c3 total time: 0.3948

Rules are saved to ../rules/size/q4_zoo_train2.csv_size5.json