c0 # of samps: 131 (125 weighted)
c0 # of feats: 9 (48 binary)
c0 # of labls: 2
c0 parse time: 0.2598


c0 computing feature 1
c1 computing class: (-inf..1.52]
c1 discrimination constraints: 27h
c1 coverage constraints: 98v+4705h
c1 formula: 196v, 4879c (4781h+98s)
c1 enumerating rules (maxsat-based)
c1 rule: 'Magnesium: (3.4..3.53]' => 'Refractive Index: (-inf..1.52]'
c1 rule: 'Silicon: (72.35..72.66]' => 'Refractive Index: (-inf..1.52]'
c1 rule: 'Potassium: (0.57..0.66]' => 'Refractive Index: (-inf..1.52]'
c1 rule: 'Sodium: (12.69..12.93]' => 'Refractive Index: (-inf..1.52]'
c1 rule: 'Iron: (0.25..0.3]' => 'Refractive Index: (-inf..1.52]'
c1 rule: 'Calcium: (-inf..8.1]' => 'Refractive Index: (-inf..1.52]'
c1 rule: 'Calcium: (8.1..8.39]' => 'Refractive Index: (-inf..1.52]'
c1 rule: 'Barium: (0.07..0.1]' => 'Refractive Index: (-inf..1.52]'
c1 rule: 'Barium: (0.55..+inf)' => 'Refractive Index: (-inf..1.52]'
c1 rule: 'Sodium: (13.8..+inf)', 'Aluminum: (1.13..1.28]' => 'Refractive Index: (-inf..1.52]'
c1 rule: 'Aluminum: (1.13..1.28]', not 'Silicon: (72.66..72.89]' => 'Refractive Index: (-inf..1.52]'
c1 rule: 'Aluminum: (1.13..1.28]', not 'Sodium: (12.93..13.22]' => 'Refractive Index: (-inf..1.52]'
c1 rule: 'Silicon: (72.66..72.89]', not 'Sodium: (12.93..13.22]' => 'Refractive Index: (-inf..1.52]'
c1 rule: 'Silicon: (72.66..72.89]', not 'Aluminum: (1.13..1.28]' => 'Refractive Index: (-inf..1.52]'
c1 rule: 'Silicon: (72.66..72.89]', not 'Calcium: (8.39..8.64]' => 'Refractive Index: (-inf..1.52]'
c1 rule: 'Silicon: (72.66..72.89]', not 'Magnesium: (3.66..3.8]' => 'Refractive Index: (-inf..1.52]'
c1 rule: 'Silicon: (72.89..73.12]', not 'Aluminum: (-inf..0.82]' => 'Refractive Index: (-inf..1.52]'
c1 rule: 'Silicon: (72.89..73.12]', not 'Calcium: (9.75..+inf)' => 'Refractive Index: (-inf..1.52]'
c1 rule: 'Sodium: (-inf..12.69]', not 'Calcium: (9.75..+inf)' => 'Refractive Index: (-inf..1.52]'
c1 rule: 'Sodium: (13.47..13.8]', 'Silicon: (73.12..+inf)' => 'Refractive Index: (-inf..1.52]'
c1 rule: 'Calcium: (8.64..8.99]', not 'Aluminum: (0.82..1.13]' => 'Refractive Index: (-inf..1.52]'
c1 # of rules: 21
c1 rule time: 0.0236

c1 computing class: (1.52..+inf)
c1 discrimination constraints: 98h
c1 coverage constraints: 27v+1297h
c1 formula: 125v, 1542c (1444h+98s)
c1 enumerating rules (maxsat-based)
c1 rule: 'Barium: (0.19..0.55]' => 'Refractive Index: (1.52..+inf)'
c1 rule: 'Sodium: (12.93..13.22]', 'Potassium: (0.11..0.23]' => 'Refractive Index: (1.52..+inf)'
c1 rule: 'Sodium: (13.22..13.47]', 'Potassium: (0.11..0.23]' => 'Refractive Index: (1.52..+inf)'
c1 rule: 'Silicon: (71.95..72.35]', 'Potassium: (0.11..0.23]' => 'Refractive Index: (1.52..+inf)'
c1 rule: 'Aluminum: (-inf..0.82]', 'Silicon: (71.95..72.35]' => 'Refractive Index: (1.52..+inf)'
c1 rule: 'Aluminum: (-inf..0.82]', not 'Potassium: (-inf..0.11]' => 'Refractive Index: (1.52..+inf)'
c1 rule: 'Calcium: (9.75..+inf)', not 'Potassium: (-inf..0.11]' => 'Refractive Index: (1.52..+inf)'
c1 rule: 'Magnesium: (3.8..+inf)', 'Aluminum: (-inf..0.82]' => 'Refractive Index: (1.52..+inf)'
c1 rule: 'Aluminum: (-inf..0.82]', not 'Sodium: (13.47..13.8]' => 'Refractive Index: (1.52..+inf)'
c1 rule: 'Calcium: (9.75..+inf)', not 'Magnesium: (-inf..2.89]' => 'Refractive Index: (1.52..+inf)'
c1 rule: 'Magnesium: (3.8..+inf)', 'Potassium: (-inf..0.11]' => 'Refractive Index: (1.52..+inf)'
c1 rule: 'Magnesium: (3.66..3.8]', 'Calcium: (8.99..9.75]' => 'Refractive Index: (1.52..+inf)'
c1 rule: 'Potassium: (-inf..0.11]', 'Calcium: (8.99..9.75]' => 'Refractive Index: (1.52..+inf)'
c1 rule: 'Sodium: (13.8..+inf)', 'Calcium: (8.99..9.75]' => 'Refractive Index: (1.52..+inf)'
c1 rule: 'Sodium: (13.47..13.8]', 'Iron: (0.09..0.14]' => 'Refractive Index: (1.52..+inf)'
c1 rule: 'Magnesium: (3.66..3.8]', 'Silicon: (72.66..72.89]' => 'Refractive Index: (1.52..+inf)'
c1 # of rules: 16
c1 rule time: 0.0129

c2 total rules: 37

c0 computing feature 2
c1 computing class: (-inf..12.69]
c1 discrimination constraints: 111h
c1 coverage constraints: 14v+603h
c1 formula: 110v, 858c (762h+96s)
c1 enumerating rules (maxsat-based)
c1 rule: 'Aluminum: (1.63..+inf)', 'Calcium: (9.75..+inf)' => 'Sodium: (-inf..12.69]'
c1 rule: 'Magnesium: (-inf..2.89]', 'Aluminum: (0.82..1.13]' => 'Sodium: (-inf..12.69]'
c1 rule: 'Calcium: (8.99..9.75]', 'Iron: (0.19..0.25]' => 'Sodium: (-inf..12.69]'
c1 rule: 'Silicon: (72.89..73.12]', not 'Refractive Index: (-inf..1.52]' => 'Sodium: (-inf..12.69]'
c1 rule: 'Calcium: (8.64..8.99]', 'Iron: (0.09..0.14]' => 'Sodium: (-inf..12.69]'
c1 rule: 'Silicon: (73.12..+inf)', 'Calcium: (8.64..8.99]' => 'Sodium: (-inf..12.69]'
c1 rule: 'Silicon: (73.12..+inf)', not 'Refractive Index: (-inf..1.52]' => 'Sodium: (-inf..12.69]'
c1 rule: 'Aluminum: (1.28..1.44]', 'Silicon: (73.12..+inf)', not 'Calcium: (-inf..8.1]' => 'Sodium: (-inf..12.69]'
c1 rule: 'Magnesium: (3.66..3.8]', 'Silicon: (72.89..73.12]', not 'Iron: (0.09..0.14]' => 'Sodium: (-inf..12.69]'
c1 rule: 'Magnesium: (3.53..3.66]', 'Potassium: (0.48..0.57]', 'Calcium: (8.64..8.99]' => 'Sodium: (-inf..12.69]'
c1 rule: 'Magnesium: (-inf..2.89]', 'Potassium: (-inf..0.11]', not 'Silicon: (73.12..+inf)' => 'Sodium: (-inf..12.69]'
c1 rule: 'Magnesium: (3.4..3.53]', 'Aluminum: (1.63..+inf)', 'Silicon: (73.12..+inf)' => 'Sodium: (-inf..12.69]'
c1 rule: 'Magnesium: (3.4..3.53]', 'Aluminum: (1.28..1.44]', 'Silicon: (72.66..72.89]', not 'Calcium: (8.1..8.39]' => 'Sodium: (-inf..12.69]'
c1 # of rules: 13
c1 rule time: 0.0131

c1 computing class: (12.69..12.93]
c1 discrimination constraints: 101h
c1 coverage constraints: 24v+1033h
c1 formula: 120v, 1278c (1182h+96s)
c1 enumerating rules (maxsat-based)
c1 rule: 'Magnesium: (3.4..3.53]', 'Calcium: (8.64..8.99]' => 'Sodium: (12.69..12.93]'
c1 rule: 'Potassium: (0.66..+inf)', 'Calcium: (8.1..8.39]' => 'Sodium: (12.69..12.93]'
c1 rule: 'Calcium: (8.64..8.99]', 'Iron: (0.3..+inf)' => 'Sodium: (12.69..12.93]'
c1 rule: 'Silicon: (73.12..+inf)', 'Potassium: (0.66..+inf)' => 'Sodium: (12.69..12.93]'
c1 rule: 'Aluminum: (1.13..1.28]', not 'Barium: (-inf..0.07]' => 'Sodium: (12.69..12.93]'
c1 rule: 'Silicon: (72.89..73.12]', 'Iron: (0.25..0.3]' => 'Sodium: (12.69..12.93]'
c1 rule: 'Magnesium: (3.53..3.66]', 'Iron: (0.19..0.25]' => 'Sodium: (12.69..12.93]'
c1 rule: 'Silicon: (71.95..72.35]', 'Iron: (0.19..0.25]' => 'Sodium: (12.69..12.93]'
c1 rule: 'Aluminum: (1.44..1.63]', 'Calcium: (8.39..8.64]' => 'Sodium: (12.69..12.93]'
c1 rule: 'Aluminum: (1.44..1.63]', 'Potassium: (0.57..0.66]', not 'Magnesium: (3.53..3.66]' => 'Sodium: (12.69..12.93]'
c1 rule: 'Aluminum: (1.63..+inf)', 'Silicon: (73.12..+inf)', not 'Magnesium: (3.4..3.53]' => 'Sodium: (12.69..12.93]'
c1 rule: 'Magnesium: (3.4..3.53]', 'Aluminum: (1.63..+inf)', not 'Potassium: (0.57..0.66]' => 'Sodium: (12.69..12.93]'
c1 rule: 'Silicon: (73.12..+inf)', 'Potassium: (0.57..0.66]', 'Calcium: (8.1..8.39]' => 'Sodium: (12.69..12.93]'
c1 rule: 'Magnesium: (3.4..3.53]', 'Aluminum: (1.28..1.44]', 'Silicon: (72.89..73.12]' => 'Sodium: (12.69..12.93]'
c1 rule: 'Magnesium: (3.4..3.53]', 'Silicon: (72.89..73.12]', 'Iron: (-inf..0.09]' => 'Sodium: (12.69..12.93]'
c1 rule: 'Silicon: (73.12..+inf)', 'Calcium: (8.39..8.64]', not 'Aluminum: (1.28..1.44]' => 'Sodium: (12.69..12.93]'
c1 rule: 'Silicon: (72.66..72.89]', 'Potassium: (0.57..0.66]', 'Calcium: (8.64..8.99]' => 'Sodium: (12.69..12.93]'
c1 rule: 'Aluminum: (1.28..1.44]', 'Silicon: (72.89..73.12]', 'Potassium: (0.57..0.66]', not 'Calcium: (8.64..8.99]' => 'Sodium: (12.69..12.93]'
c1 # of rules: 18
c1 rule time: 0.0185

c1 computing class: (12.93..13.22]
c1 discrimination constraints: 96h
c1 coverage constraints: 29v+1248h
c1 formula: 125v, 1488c (1392h+96s)
c1 enumerating rules (maxsat-based)
c1 rule: 'Barium: (0.1..0.14]' => 'Sodium: (12.93..13.22]'
c1 rule: 'Barium: (0.07..0.1]', 'Iron: (0.14..0.19]' => 'Sodium: (12.93..13.22]'
c1 rule: 'Potassium: (0.57..0.66]', 'Calcium: (8.99..9.75]' => 'Sodium: (12.93..13.22]'
c1 rule: 'Silicon: (72.89..73.12]', 'Calcium: (8.99..9.75]' => 'Sodium: (12.93..13.22]'
c1 rule: 'Aluminum: (0.82..1.13]', 'Potassium: (0.48..0.57]' => 'Sodium: (12.93..13.22]'
c1 rule: 'Calcium: (8.39..8.64]', not 'Refractive Index: (-inf..1.52]' => 'Sodium: (12.93..13.22]'
c1 rule: 'Magnesium: (3.4..3.53]', 'Potassium: (-inf..0.11]' => 'Sodium: (12.93..13.22]'
c1 rule: 'Magnesium: (3.4..3.53]', 'Iron: (0.3..+inf)' => 'Sodium: (12.93..13.22]'
c1 rule: 'Iron: (0.25..0.3]', not 'Potassium: (0.57..0.66]' => 'Sodium: (12.93..13.22]'
c1 rule: 'Potassium: (0.57..0.66]', 'Iron: (0.14..0.19]' => 'Sodium: (12.93..13.22]'
c1 rule: 'Magnesium: (2.89..3.4]', 'Aluminum: (1.28..1.44]' => 'Sodium: (12.93..13.22]'
c1 rule: 'Magnesium: (2.89..3.4]', 'Silicon: (72.89..73.12]' => 'Sodium: (12.93..13.22]'
c1 rule: 'Magnesium: (3.8..+inf)', 'Calcium: (8.39..8.64]' => 'Sodium: (12.93..13.22]'
c1 rule: 'Aluminum: (1.63..+inf)', 'Calcium: (8.39..8.64]' => 'Sodium: (12.93..13.22]'
c1 rule: 'Magnesium: (3.66..3.8]', 'Potassium: (0.48..0.57]' => 'Sodium: (12.93..13.22]'
c1 rule: 'Potassium: (0.11..0.23]', 'Iron: (0.14..0.19]' => 'Sodium: (12.93..13.22]'
c1 rule: 'Magnesium: (2.89..3.4]', 'Iron: (0.14..0.19]' => 'Sodium: (12.93..13.22]'
c1 rule: 'Silicon: (72.89..73.12]', 'Potassium: (0.48..0.57]', not 'Iron: (-inf..0.09]' => 'Sodium: (12.93..13.22]'
c1 rule: 'Silicon: (72.66..72.89]', 'Potassium: (0.57..0.66]', 'Calcium: (8.39..8.64]' => 'Sodium: (12.93..13.22]'
c1 rule: 'Silicon: (72.89..73.12]', 'Potassium: (0.66..+inf)', 'Iron: (-inf..0.09]' => 'Sodium: (12.93..13.22]'
c1 rule: 'Aluminum: (1.44..1.63]', 'Silicon: (72.66..72.89]', 'Potassium: (0.57..0.66]' => 'Sodium: (12.93..13.22]'
c1 rule: 'Aluminum: (1.44..1.63]', 'Silicon: (72.66..72.89]', not 'Magnesium: (3.53..3.66]' => 'Sodium: (12.93..13.22]'
c1 rule: 'Magnesium: (3.66..3.8]', 'Aluminum: (-inf..0.82]', not 'Silicon: (-inf..71.95]' => 'Sodium: (12.93..13.22]'
c1 rule: 'Magnesium: (3.53..3.66]', 'Aluminum: (1.13..1.28]', 'Silicon: (72.66..72.89]', not 'Calcium: (-inf..8.1]' => 'Sodium: (12.93..13.22]'
c1 # of rules: 24
c1 rule time: 0.0229

c1 computing class: (13.22..13.47]
c1 discrimination constraints: 104h
c1 coverage constraints: 21v+904h
c1 formula: 117v, 1152c (1056h+96s)
c1 enumerating rules (maxsat-based)
c1 rule: 'Potassium: (0.48..0.57]', 'Calcium: (-inf..8.1]' => 'Sodium: (13.22..13.47]'
c1 rule: 'Silicon: (72.66..72.89]', 'Calcium: (8.1..8.39]' => 'Sodium: (13.22..13.47]'
c1 rule: 'Magnesium: (3.4..3.53]', 'Silicon: (71.95..72.35]' => 'Sodium: (13.22..13.47]'
c1 rule: 'Silicon: (73.12..+inf)', 'Potassium: (0.23..0.48]' => 'Sodium: (13.22..13.47]'
c1 rule: 'Potassium: (0.66..+inf)', 'Iron: (0.09..0.14]' => 'Sodium: (13.22..13.47]'
c1 rule: 'Silicon: (72.35..72.66]', 'Iron: (0.25..0.3]' => 'Sodium: (13.22..13.47]'
c1 rule: 'Aluminum: (1.13..1.28]', 'Potassium: (0.66..+inf)' => 'Sodium: (13.22..13.47]'
c1 rule: 'Magnesium: (3.53..3.66]', 'Calcium: (9.75..+inf)', not 'Iron: (0.14..0.19]' => 'Sodium: (13.22..13.47]'
c1 rule: 'Magnesium: (3.53..3.66]', 'Silicon: (72.66..72.89]', 'Iron: (0.09..0.14]' => 'Sodium: (13.22..13.47]'
c1 rule: 'Magnesium: (3.66..3.8]', 'Calcium: (8.39..8.64]', not 'Silicon: (72.66..72.89]' => 'Sodium: (13.22..13.47]'
c1 rule: 'Aluminum: (1.28..1.44]', 'Potassium: (0.57..0.66]', 'Calcium: (-inf..8.1]' => 'Sodium: (13.22..13.47]'
c1 rule: 'Silicon: (72.35..72.66]', 'Potassium: (0.48..0.57]', not 'Aluminum: (1.28..1.44]' => 'Sodium: (13.22..13.47]'
c1 rule: 'Silicon: (72.35..72.66]', 'Potassium: (0.48..0.57]', not 'Magnesium: (3.66..3.8]' => 'Sodium: (13.22..13.47]'
c1 rule: 'Aluminum: (1.13..1.28]', 'Silicon: (72.35..72.66]', 'Calcium: (8.1..8.39]' => 'Sodium: (13.22..13.47]'
c1 rule: 'Magnesium: (3.53..3.66]', 'Silicon: (72.89..73.12]', 'Calcium: (8.1..8.39]' => 'Sodium: (13.22..13.47]'
c1 rule: 'Magnesium: (3.4..3.53]', 'Aluminum: (1.13..1.28]', 'Silicon: (72.66..72.89]', 'Potassium: (0.48..0.57]' => 'Sodium: (13.22..13.47]'
c1 # of rules: 16
c1 rule time: 0.0171

c1 computing class: (13.47..13.8]
c1 discrimination constraints: 101h
c1 coverage constraints: 24v+1033h
c1 formula: 120v, 1278c (1182h+96s)
c1 enumerating rules (maxsat-based)
c1 rule: 'Barium: (0.19..0.55]' => 'Sodium: (13.47..13.8]'
c1 rule: 'Aluminum: (0.82..1.13]', 'Silicon: (72.35..72.66]' => 'Sodium: (13.47..13.8]'
c1 rule: 'Potassium: (-inf..0.11]', 'Calcium: (8.39..8.64]' => 'Sodium: (13.47..13.8]'
c1 rule: 'Magnesium: (3.53..3.66]', 'Potassium: (-inf..0.11]' => 'Sodium: (13.47..13.8]'
c1 rule: 'Refractive Index: (-inf..1.52]', 'Calcium: (9.75..+inf)' => 'Sodium: (13.47..13.8]'
c1 rule: 'Potassium: (0.48..0.57]', 'Calcium: (9.75..+inf)' => 'Sodium: (13.47..13.8]'
c1 rule: 'Aluminum: (1.28..1.44]', 'Calcium: (9.75..+inf)' => 'Sodium: (13.47..13.8]'
c1 rule: 'Silicon: (-inf..71.95]', 'Potassium: (0.48..0.57]' => 'Sodium: (13.47..13.8]'
c1 rule: 'Calcium: (8.64..8.99]', not 'Refractive Index: (-inf..1.52]' => 'Sodium: (13.47..13.8]'
c1 rule: 'Magnesium: (2.89..3.4]', not 'Refractive Index: (-inf..1.52]' => 'Sodium: (13.47..13.8]'
c1 rule: 'Magnesium: (3.8..+inf)', 'Iron: (0.09..0.14]' => 'Sodium: (13.47..13.8]'
c1 rule: 'Aluminum: (-inf..0.82]', 'Iron: (0.14..0.19]' => 'Sodium: (13.47..13.8]'
c1 rule: 'Magnesium: (3.66..3.8]', 'Aluminum: (1.63..+inf)' => 'Sodium: (13.47..13.8]'
c1 rule: 'Magnesium: (3.8..+inf)', 'Iron: (0.3..+inf)' => 'Sodium: (13.47..13.8]'
c1 rule: 'Aluminum: (0.82..1.13]', 'Silicon: (71.95..72.35]', 'Iron: (-inf..0.09]' => 'Sodium: (13.47..13.8]'
c1 rule: 'Silicon: (71.95..72.35]', 'Potassium: (0.57..0.66]', 'Iron: (-inf..0.09]' => 'Sodium: (13.47..13.8]'
c1 rule: 'Aluminum: (1.44..1.63]', 'Silicon: (72.35..72.66]', 'Iron: (-inf..0.09]' => 'Sodium: (13.47..13.8]'
c1 rule: 'Magnesium: (3.53..3.66]', 'Silicon: (72.89..73.12]', 'Potassium: (0.23..0.48]' => 'Sodium: (13.47..13.8]'
c1 rule: 'Aluminum: (-inf..0.82]', 'Silicon: (-inf..71.95]', not 'Potassium: (-inf..0.11]' => 'Sodium: (13.47..13.8]'
c1 rule: 'Potassium: (0.57..0.66]', 'Calcium: (-inf..8.1]', not 'Magnesium: (3.53..3.66]', not 'Silicon: (73.12..+inf)' => 'Sodium: (13.47..13.8]'
c1 # of rules: 20
c1 rule time: 0.0196

c1 computing class: (13.8..+inf)
c1 discrimination constraints: 112h
c1 coverage constraints: 13v+560h
c1 formula: 109v, 816c (720h+96s)
c1 enumerating rules (maxsat-based)
c1 rule: 'Barium: (0.55..+inf)' => 'Sodium: (13.8..+inf)'
c1 rule: 'Magnesium: (2.89..3.4]', 'Calcium: (-inf..8.1]' => 'Sodium: (13.8..+inf)'
c1 rule: 'Aluminum: (1.13..1.28]', 'Potassium: (-inf..0.11]' => 'Sodium: (13.8..+inf)'
c1 rule: 'Potassium: (-inf..0.11]', 'Iron: (0.09..0.14]' => 'Sodium: (13.8..+inf)'
c1 rule: 'Potassium: (0.23..0.48]', not 'Iron: (-inf..0.09]' => 'Sodium: (13.8..+inf)'
c1 rule: 'Silicon: (-inf..71.95]', 'Iron: (0.3..+inf)' => 'Sodium: (13.8..+inf)'
c1 rule: 'Aluminum: (-inf..0.82]', 'Calcium: (8.99..9.75]', not 'Potassium: (0.11..0.23]' => 'Sodium: (13.8..+inf)'
c1 rule: 'Potassium: (-inf..0.11]', 'Calcium: (8.99..9.75]', not 'Silicon: (71.95..72.35]' => 'Sodium: (13.8..+inf)'
c1 rule: 'Magnesium: (3.53..3.66]', 'Silicon: (71.95..72.35]', 'Potassium: (0.48..0.57]' => 'Sodium: (13.8..+inf)'
c1 rule: 'Aluminum: (1.28..1.44]', 'Calcium: (-inf..8.1]', not 'Magnesium: (3.4..3.53]' => 'Sodium: (13.8..+inf)'
c1 rule: 'Aluminum: (0.82..1.13]', 'Calcium: (8.99..9.75]', 'Iron: (-inf..0.09]', not 'Silicon: (71.95..72.35]' => 'Sodium: (13.8..+inf)'
c1 # of rules: 11
c1 rule time: 0.0123

c2 total rules: 102

c0 computing feature 3
c1 computing class: (-inf..2.89]
c1 discrimination constraints: 110h
c1 coverage constraints: 15v+646h
c1 formula: 111v, 900c (804h+96s)
c1 enumerating rules (maxsat-based)
c1 rule: 'Barium: (0.19..0.55]' => 'Magnesium: (-inf..2.89]'
c1 rule: 'Silicon: (72.66..72.89]', 'Calcium: (8.99..9.75]' => 'Magnesium: (-inf..2.89]'
c1 rule: 'Potassium: (0.48..0.57]', 'Calcium: (9.75..+inf)' => 'Magnesium: (-inf..2.89]'
c1 rule: 'Refractive Index: (-inf..1.52]', 'Calcium: (9.75..+inf)' => 'Magnesium: (-inf..2.89]'
c1 rule: 'Aluminum: (1.28..1.44]', not 'Refractive Index: (-inf..1.52]' => 'Magnesium: (-inf..2.89]'
c1 rule: 'Silicon: (72.89..73.12]', 'Calcium: (9.75..+inf)' => 'Magnesium: (-inf..2.89]'
c1 rule: 'Calcium: (9.75..+inf)', 'Iron: (0.19..0.25]' => 'Magnesium: (-inf..2.89]'
c1 rule: 'Potassium: (0.48..0.57]', 'Iron: (0.19..0.25]' => 'Magnesium: (-inf..2.89]'
c1 rule: 'Silicon: (73.12..+inf)', 'Calcium: (9.75..+inf)' => 'Magnesium: (-inf..2.89]'
c1 rule: 'Calcium: (9.75..+inf)', 'Iron: (0.3..+inf)' => 'Magnesium: (-inf..2.89]'
c1 rule: 'Aluminum: (1.44..1.63]', 'Calcium: (9.75..+inf)' => 'Magnesium: (-inf..2.89]'
c1 rule: 'Sodium: (-inf..12.69]', not 'Refractive Index: (-inf..1.52]' => 'Magnesium: (-inf..2.89]'
c1 rule: 'Silicon: (72.89..73.12]', 'Calcium: (8.99..9.75]' => 'Magnesium: (-inf..2.89]'
c1 # of rules: 13
c1 rule time: 0.0115

c1 computing class: (2.89..3.4]
c1 discrimination constraints: 111h
c1 coverage constraints: 14v+603h
c1 formula: 110v, 858c (762h+96s)
c1 enumerating rules (maxsat-based)
c1 rule: 'Barium: (0.1..0.14]' => 'Magnesium: (2.89..3.4]'
c1 rule: 'Aluminum: (1.13..1.28]', 'Iron: (0.14..0.19]' => 'Magnesium: (2.89..3.4]'
c1 rule: 'Sodium: (12.93..13.22]', 'Calcium: (8.64..8.99]' => 'Magnesium: (2.89..3.4]'
c1 rule: 'Sodium: (13.22..13.47]', 'Calcium: (8.64..8.99]' => 'Magnesium: (2.89..3.4]'
c1 rule: 'Aluminum: (1.44..1.63]', 'Calcium: (8.64..8.99]' => 'Magnesium: (2.89..3.4]'
c1 rule: 'Silicon: (73.12..+inf)', 'Calcium: (8.64..8.99]' => 'Magnesium: (2.89..3.4]'
c1 rule: 'Sodium: (13.8..+inf)', 'Aluminum: (1.63..+inf)' => 'Magnesium: (2.89..3.4]'
c1 rule: 'Silicon: (72.35..72.66]', 'Calcium: (8.99..9.75]' => 'Magnesium: (2.89..3.4]'
c1 rule: 'Aluminum: (1.13..1.28]', 'Silicon: (71.95..72.35]', 'Potassium: (0.57..0.66]' => 'Magnesium: (2.89..3.4]'
c1 rule: 'Silicon: (-inf..71.95]', 'Calcium: (9.75..+inf)', 'Iron: (-inf..0.09]' => 'Magnesium: (2.89..3.4]'
c1 rule: 'Sodium: (12.93..13.22]', 'Aluminum: (1.28..1.44]', 'Silicon: (72.66..72.89]' => 'Magnesium: (2.89..3.4]'
c1 rule: 'Potassium: (0.66..+inf)', 'Calcium: (8.1..8.39]', 'Iron: (-inf..0.09]' => 'Magnesium: (2.89..3.4]'
c1 rule: 'Silicon: (72.66..72.89]', 'Potassium: (0.57..0.66]', 'Calcium: (8.1..8.39]' => 'Magnesium: (2.89..3.4]'
c1 rule: 'Sodium: (12.93..13.22]', 'Aluminum: (1.13..1.28]', 'Potassium: (0.48..0.57]', not 'Silicon: (72.66..72.89]' => 'Magnesium: (2.89..3.4]'
c1 # of rules: 14
c1 rule time: 0.0142

c1 computing class: (3.4..3.53]
c1 discrimination constraints: 95h
c1 coverage constraints: 30v+1291h
c1 formula: 126v, 1530c (1434h+96s)
c1 enumerating rules (maxsat-based)
c1 rule: 'Sodium: (-inf..12.69]', 'Calcium: (-inf..8.1]' => 'Magnesium: (3.4..3.53]'
c1 rule: 'Sodium: (12.69..12.93]', 'Potassium: (0.23..0.48]' => 'Magnesium: (3.4..3.53]'
c1 rule: 'Sodium: (-inf..12.69]', 'Silicon: (72.66..72.89]' => 'Magnesium: (3.4..3.53]'
c1 rule: 'Sodium: (12.69..12.93]', 'Potassium: (0.48..0.57]' => 'Magnesium: (3.4..3.53]'
c1 rule: 'Potassium: (0.57..0.66]', 'Barium: (0.07..0.1]' => 'Magnesium: (3.4..3.53]'
c1 rule: 'Aluminum: (1.28..1.44]', 'Potassium: (0.66..+inf)' => 'Magnesium: (3.4..3.53]'
c1 rule: 'Potassium: (0.66..+inf)', 'Iron: (0.09..0.14]' => 'Magnesium: (3.4..3.53]'
c1 rule: 'Calcium: (-inf..8.1]', 'Iron: (0.09..0.14]' => 'Magnesium: (3.4..3.53]'
c1 rule: 'Silicon: (72.35..72.66]', 'Potassium: (0.66..+inf)' => 'Magnesium: (3.4..3.53]'
c1 rule: 'Aluminum: (1.63..+inf)', 'Silicon: (72.35..72.66]' => 'Magnesium: (3.4..3.53]'
c1 rule: 'Sodium: (13.22..13.47]', 'Silicon: (73.12..+inf)' => 'Magnesium: (3.4..3.53]'
c1 rule: 'Calcium: (8.64..8.99]', 'Iron: (0.25..0.3]' => 'Magnesium: (3.4..3.53]'
c1 rule: 'Potassium: (-inf..0.11]', 'Calcium: (8.1..8.39]' => 'Magnesium: (3.4..3.53]'
c1 rule: 'Silicon: (72.89..73.12]', 'Iron: (0.3..+inf)' => 'Magnesium: (3.4..3.53]'
c1 rule: 'Potassium: (0.66..+inf)', 'Iron: (0.19..0.25]' => 'Magnesium: (3.4..3.53]'
c1 rule: 'Silicon: (73.12..+inf)', 'Calcium: (8.39..8.64]', not 'Potassium: (0.57..0.66]' => 'Magnesium: (3.4..3.53]'
c1 rule: 'Aluminum: (0.82..1.13]', 'Silicon: (72.89..73.12]', not 'Potassium: (0.48..0.57]' => 'Magnesium: (3.4..3.53]'
c1 rule: 'Sodium: (12.69..12.93]', 'Silicon: (72.89..73.12]', 'Calcium: (8.64..8.99]' => 'Magnesium: (3.4..3.53]'
c1 rule: 'Sodium: (12.69..12.93]', not 'Silicon: (73.12..+inf)', not 'Potassium: (0.57..0.66]' => 'Magnesium: (3.4..3.53]'
c1 rule: 'Refractive Index: (-inf..1.52]', 'Sodium: (13.47..13.8]', 'Calcium: (8.99..9.75]' => 'Magnesium: (3.4..3.53]'
c1 rule: 'Aluminum: (1.28..1.44]', 'Silicon: (72.66..72.89]', 'Calcium: (8.1..8.39]' => 'Magnesium: (3.4..3.53]'
c1 rule: 'Sodium: (13.22..13.47]', 'Aluminum: (1.28..1.44]', 'Silicon: (71.95..72.35]' => 'Magnesium: (3.4..3.53]'
c1 rule: 'Sodium: (13.22..13.47]', 'Calcium: (8.39..8.64]', not 'Aluminum: (1.28..1.44]' => 'Magnesium: (3.4..3.53]'
c1 rule: 'Sodium: (12.93..13.22]', 'Potassium: (0.66..+inf)', not 'Silicon: (72.89..73.12]' => 'Magnesium: (3.4..3.53]'
c1 rule: 'Aluminum: (1.44..1.63]', 'Silicon: (73.12..+inf)', not 'Potassium: (0.66..+inf)' => 'Magnesium: (3.4..3.53]'
c1 rule: 'Aluminum: (1.13..1.28]', 'Silicon: (72.66..72.89]', 'Potassium: (0.57..0.66]', not 'Calcium: (8.1..8.39]' => 'Magnesium: (3.4..3.53]'
c1 # of rules: 26
c1 rule time: 0.0252

c1 computing class: (3.53..3.66]
c1 discrimination constraints: 87h
c1 coverage constraints: 38v+1635h
c1 formula: 134v, 1866c (1770h+96s)
c1 enumerating rules (maxsat-based)
c1 rule: 'Barium: (0.55..+inf)' => 'Magnesium: (3.53..3.66]'
c1 rule: 'Barium: (0.07..0.1]', 'Iron: (0.14..0.19]' => 'Magnesium: (3.53..3.66]'
c1 rule: 'Aluminum: (0.82..1.13]', 'Iron: (0.14..0.19]' => 'Magnesium: (3.53..3.66]'
c1 rule: 'Aluminum: (1.63..+inf)', 'Calcium: (8.39..8.64]' => 'Magnesium: (3.53..3.66]'
c1 rule: 'Sodium: (-inf..12.69]', 'Iron: (0.09..0.14]' => 'Magnesium: (3.53..3.66]'
c1 rule: 'Refractive Index: (-inf..1.52]', 'Potassium: (0.11..0.23]' => 'Magnesium: (3.53..3.66]'
c1 rule: 'Sodium: (13.47..13.8]', 'Silicon: (72.89..73.12]' => 'Magnesium: (3.53..3.66]'
c1 rule: 'Sodium: (13.47..13.8]', 'Calcium: (8.39..8.64]' => 'Magnesium: (3.53..3.66]'
c1 rule: 'Potassium: (0.48..0.57]', 'Calcium: (-inf..8.1]' => 'Magnesium: (3.53..3.66]'
c1 rule: 'Silicon: (72.89..73.12]', 'Calcium: (-inf..8.1]' => 'Magnesium: (3.53..3.66]'
c1 rule: 'Aluminum: (0.82..1.13]', 'Silicon: (73.12..+inf)' => 'Magnesium: (3.53..3.66]'
c1 rule: 'Sodium: (13.22..13.47]', 'Potassium: (0.11..0.23]' => 'Magnesium: (3.53..3.66]'
c1 rule: 'Aluminum: (1.13..1.28]', 'Potassium: (0.66..+inf)' => 'Magnesium: (3.53..3.66]'
c1 rule: 'Sodium: (13.22..13.47]', 'Silicon: (72.89..73.12]' => 'Magnesium: (3.53..3.66]'
c1 rule: 'Calcium: (8.39..8.64]', 'Iron: (0.09..0.14]' => 'Magnesium: (3.53..3.66]'
c1 rule: 'Sodium: (13.22..13.47]', 'Iron: (0.25..0.3]' => 'Magnesium: (3.53..3.66]'
c1 rule: 'Sodium: (13.8..+inf)', 'Aluminum: (1.28..1.44]' => 'Magnesium: (3.53..3.66]'
c1 rule: 'Sodium: (-inf..12.69]', 'Calcium: (8.39..8.64]', not 'Potassium: (0.48..0.57]' => 'Magnesium: (3.53..3.66]'
c1 rule: 'Sodium: (-inf..12.69]', 'Silicon: (72.89..73.12]', 'Potassium: (0.48..0.57]' => 'Magnesium: (3.53..3.66]'
c1 rule: 'Aluminum: (1.28..1.44]', 'Calcium: (8.64..8.99]', not 'Silicon: (72.89..73.12]' => 'Magnesium: (3.53..3.66]'
c1 rule: 'Sodium: (13.47..13.8]', 'Aluminum: (1.44..1.63]', not 'Potassium: (0.48..0.57]' => 'Magnesium: (3.53..3.66]'
c1 rule: 'Aluminum: (1.44..1.63]', 'Potassium: (0.57..0.66]', not 'Sodium: (12.69..12.93]' => 'Magnesium: (3.53..3.66]'
c1 rule: 'Sodium: (12.69..12.93]', 'Aluminum: (1.63..+inf)', not 'Potassium: (0.66..+inf)' => 'Magnesium: (3.53..3.66]'
c1 rule: 'Aluminum: (0.82..1.13]', 'Potassium: (-inf..0.11]', not 'Silicon: (-inf..71.95]' => 'Magnesium: (3.53..3.66]'
c1 rule: 'Sodium: (13.22..13.47]', 'Aluminum: (1.44..1.63]', 'Calcium: (8.1..8.39]' => 'Magnesium: (3.53..3.66]'
c1 rule: 'Sodium: (12.69..12.93]', 'Potassium: (0.57..0.66]', 'Calcium: (8.1..8.39]' => 'Magnesium: (3.53..3.66]'
c1 rule: 'Silicon: (72.89..73.12]', 'Calcium: (8.39..8.64]', not 'Sodium: (12.69..12.93]', not 'Potassium: (0.48..0.57]' => 'Magnesium: (3.53..3.66]'
c1 rule: 'Sodium: (12.69..12.93]', 'Aluminum: (1.13..1.28]', 'Silicon: (72.89..73.12]', 'Iron: (-inf..0.09]' => 'Magnesium: (3.53..3.66]'
c1 rule: 'Refractive Index: (-inf..1.52]', 'Sodium: (12.93..13.22]', 'Silicon: (72.66..72.89]', 'Potassium: (0.48..0.57]', 'Calcium: (8.39..8.64]' => 'Magnesium: (3.53..3.66]'
c1 # of rules: 29
c1 rule time: 0.0296

c1 computing class: (3.66..3.8]
c1 discrimination constraints: 110h
c1 coverage constraints: 15v+646h
c1 formula: 111v, 900c (804h+96s)
c1 enumerating rules (maxsat-based)
c1 rule: 'Calcium: (8.39..8.64]', not 'Refractive Index: (-inf..1.52]' => 'Magnesium: (3.66..3.8]'
c1 rule: 'Aluminum: (1.13..1.28]', 'Potassium: (-inf..0.11]' => 'Magnesium: (3.66..3.8]'
c1 rule: 'Sodium: (12.93..13.22]', 'Aluminum: (-inf..0.82]' => 'Magnesium: (3.66..3.8]'
c1 rule: 'Aluminum: (-inf..0.82]', not 'Iron: (-inf..0.09]' => 'Magnesium: (3.66..3.8]'
c1 rule: 'Sodium: (12.69..12.93]', 'Silicon: (71.95..72.35]' => 'Magnesium: (3.66..3.8]'
c1 rule: 'Sodium: (12.69..12.93]', 'Iron: (0.3..+inf)' => 'Magnesium: (3.66..3.8]'
c1 rule: 'Silicon: (-inf..71.95]', 'Iron: (0.3..+inf)' => 'Magnesium: (3.66..3.8]'
c1 rule: 'Calcium: (8.1..8.39]', 'Iron: (0.09..0.14]' => 'Magnesium: (3.66..3.8]'
c1 rule: 'Silicon: (72.35..72.66]', 'Potassium: (0.48..0.57]', not 'Sodium: (13.22..13.47]' => 'Magnesium: (3.66..3.8]'
c1 rule: 'Aluminum: (1.28..1.44]', 'Silicon: (72.35..72.66]', not 'Calcium: (8.1..8.39]' => 'Magnesium: (3.66..3.8]'
c1 rule: 'Sodium: (-inf..12.69]', 'Aluminum: (1.13..1.28]', not 'Silicon: (73.12..+inf)' => 'Magnesium: (3.66..3.8]'
c1 rule: 'Aluminum: (1.63..+inf)', 'Silicon: (71.95..72.35]', 'Potassium: (0.57..0.66]' => 'Magnesium: (3.66..3.8]'
c1 rule: 'Potassium: (0.11..0.23]', 'Calcium: (8.99..9.75]', not 'Silicon: (-inf..71.95]' => 'Magnesium: (3.66..3.8]'
c1 # of rules: 13
c1 rule time: 0.0127

c1 computing class: (3.8..+inf)
c1 discrimination constraints: 112h
c1 coverage constraints: 13v+560h
c1 formula: 109v, 816c (720h+96s)
c1 enumerating rules (maxsat-based)
c1 rule: 'Silicon: (-inf..71.95]', 'Calcium: (8.1..8.39]' => 'Magnesium: (3.8..+inf)'
c1 rule: 'Sodium: (13.47..13.8]', 'Calcium: (8.1..8.39]' => 'Magnesium: (3.8..+inf)'
c1 rule: 'Calcium: (8.64..8.99]', not 'Refractive Index: (-inf..1.52]' => 'Magnesium: (3.8..+inf)'
c1 rule: 'Iron: (0.25..0.3]', not 'Potassium: (0.57..0.66]' => 'Magnesium: (3.8..+inf)'
c1 rule: 'Aluminum: (1.13..1.28]', 'Potassium: (0.48..0.57]', 'Calcium: (8.1..8.39]' => 'Magnesium: (3.8..+inf)'
c1 rule: 'Sodium: (13.47..13.8]', 'Aluminum: (-inf..0.82]', not 'Potassium: (-inf..0.11]' => 'Magnesium: (3.8..+inf)'
c1 rule: 'Aluminum: (1.13..1.28]', 'Silicon: (72.35..72.66]', 'Calcium: (8.39..8.64]' => 'Magnesium: (3.8..+inf)'
c1 rule: 'Sodium: (13.22..13.47]', 'Silicon: (72.35..72.66]', 'Calcium: (8.1..8.39]' => 'Magnesium: (3.8..+inf)'
c1 rule: 'Aluminum: (0.82..1.13]', 'Iron: (0.09..0.14]', not 'Sodium: (12.93..13.22]' => 'Magnesium: (3.8..+inf)'
c1 rule: 'Aluminum: (0.82..1.13]', 'Potassium: (-inf..0.11]', not 'Sodium: (13.47..13.8]' => 'Magnesium: (3.8..+inf)'
c1 rule: 'Aluminum: (0.82..1.13]', 'Silicon: (-inf..71.95]', 'Iron: (-inf..0.09]' => 'Magnesium: (3.8..+inf)'
c1 # of rules: 11
c1 rule time: 0.0114

c2 total rules: 106

c0 computing feature 4
c1 computing class: (-inf..0.82]
c1 discrimination constraints: 112h
c1 coverage constraints: 13v+560h
c1 formula: 109v, 816c (720h+96s)
c1 enumerating rules (maxsat-based)
c1 rule: 'Potassium: (-inf..0.11]', 'Calcium: (9.75..+inf)' => 'Aluminum: (-inf..0.82]'
c1 rule: 'Magnesium: (3.66..3.8]', 'Calcium: (9.75..+inf)' => 'Aluminum: (-inf..0.82]'
c1 rule: 'Sodium: (13.22..13.47]', 'Calcium: (9.75..+inf)' => 'Aluminum: (-inf..0.82]'
c1 rule: 'Silicon: (72.89..73.12]', 'Potassium: (-inf..0.11]' => 'Aluminum: (-inf..0.82]'
c1 rule: 'Silicon: (-inf..71.95]', 'Potassium: (-inf..0.11]', not 'Magnesium: (3.8..+inf)' => 'Aluminum: (-inf..0.82]'
c1 rule: 'Sodium: (13.47..13.8]', 'Magnesium: (3.8..+inf)', 'Iron: (-inf..0.09]', not 'Potassium: (-inf..0.11]' => 'Aluminum: (-inf..0.82]'
c1 # of rules: 6
c1 rule time: 0.0085

c1 computing class: (0.82..1.13]
c1 discrimination constraints: 107h
c1 coverage constraints: 18v+775h
c1 formula: 114v, 1026c (930h+96s)
c1 enumerating rules (maxsat-based)
c1 rule: 'Calcium: (8.64..8.99]', not 'Refractive Index: (-inf..1.52]' => 'Aluminum: (0.82..1.13]'
c1 rule: 'Silicon: (72.66..72.89]', not 'Barium: (-inf..0.07]' => 'Aluminum: (0.82..1.13]'
c1 rule: 'Sodium: (13.47..13.8]', 'Silicon: (72.66..72.89]' => 'Aluminum: (0.82..1.13]'
c1 rule: 'Potassium: (0.11..0.23]', 'Iron: (0.14..0.19]' => 'Aluminum: (0.82..1.13]'
c1 rule: 'Magnesium: (3.8..+inf)', 'Iron: (0.09..0.14]' => 'Aluminum: (0.82..1.13]'
c1 rule: 'Calcium: (9.75..+inf)', 'Iron: (0.19..0.25]' => 'Aluminum: (0.82..1.13]'
c1 rule: 'Magnesium: (3.66..3.8]', 'Iron: (0.19..0.25]' => 'Aluminum: (0.82..1.13]'
c1 rule: 'Silicon: (72.35..72.66]', 'Potassium: (0.11..0.23]' => 'Aluminum: (0.82..1.13]'
c1 rule: 'Magnesium: (3.53..3.66]', 'Calcium: (8.99..9.75]' => 'Aluminum: (0.82..1.13]'
c1 rule: 'Magnesium: (3.4..3.53]', 'Iron: (0.3..+inf)' => 'Aluminum: (0.82..1.13]'
c1 rule: 'Silicon: (-inf..71.95]', 'Iron: (0.3..+inf)' => 'Aluminum: (0.82..1.13]'
c1 rule: 'Calcium: (8.1..8.39]', 'Iron: (0.09..0.14]' => 'Aluminum: (0.82..1.13]'
c1 rule: 'Sodium: (13.8..+inf)', 'Potassium: (0.11..0.23]', not 'Magnesium: (3.53..3.66]' => 'Aluminum: (0.82..1.13]'
c1 rule: 'Magnesium: (3.66..3.8]', 'Potassium: (0.11..0.23]', not 'Sodium: (12.93..13.22]' => 'Aluminum: (0.82..1.13]'
c1 rule: 'Sodium: (12.93..13.22]', 'Magnesium: (3.53..3.66]', 'Silicon: (73.12..+inf)' => 'Aluminum: (0.82..1.13]'
c1 # of rules: 15
c1 rule time: 0.0133

c1 computing class: (1.13..1.28]
c1 discrimination constraints: 94h
c1 coverage constraints: 31v+1334h
c1 formula: 127v, 1572c (1476h+96s)
c1 enumerating rules (maxsat-based)
c1 rule: 'Silicon: (72.66..72.89]', not 'Refractive Index: (-inf..1.52]' => 'Aluminum: (1.13..1.28]'
c1 rule: 'Calcium: (8.39..8.64]', 'Iron: (0.19..0.25]' => 'Aluminum: (1.13..1.28]'
c1 rule: 'Sodium: (12.93..13.22]', 'Iron: (0.19..0.25]' => 'Aluminum: (1.13..1.28]'
c1 rule: 'Sodium: (13.8..+inf)', 'Magnesium: (3.4..3.53]' => 'Aluminum: (1.13..1.28]'
c1 rule: 'Sodium: (13.22..13.47]', 'Calcium: (8.64..8.99]' => 'Aluminum: (1.13..1.28]'
c1 rule: 'Sodium: (13.22..13.47]', 'Silicon: (72.89..73.12]' => 'Aluminum: (1.13..1.28]'
c1 rule: 'Magnesium: (-inf..2.89]', 'Silicon: (72.66..72.89]' => 'Aluminum: (1.13..1.28]'
c1 rule: 'Magnesium: (3.8..+inf)', 'Silicon: (72.66..72.89]' => 'Aluminum: (1.13..1.28]'
c1 rule: 'Magnesium: (3.4..3.53]', 'Iron: (0.25..0.3]' => 'Aluminum: (1.13..1.28]'
c1 rule: 'Silicon: (72.35..72.66]', 'Calcium: (8.99..9.75]' => 'Aluminum: (1.13..1.28]'
c1 rule: 'Potassium: (0.48..0.57]', 'Iron: (0.3..+inf)' => 'Aluminum: (1.13..1.28]'
c1 rule: 'Calcium: (8.64..8.99]', 'Iron: (0.3..+inf)' => 'Aluminum: (1.13..1.28]'
c1 rule: 'Magnesium: (3.8..+inf)', 'Potassium: (0.57..0.66]' => 'Aluminum: (1.13..1.28]'
c1 rule: 'Sodium: (-inf..12.69]', 'Magnesium: (3.66..3.8]' => 'Aluminum: (1.13..1.28]'
c1 rule: 'Silicon: (73.12..+inf)', 'Calcium: (8.64..8.99]' => 'Aluminum: (1.13..1.28]'
c1 rule: 'Magnesium: (2.89..3.4]', not 'Iron: (-inf..0.09]' => 'Aluminum: (1.13..1.28]'
c1 rule: 'Sodium: (13.22..13.47]', 'Magnesium: (2.89..3.4]' => 'Aluminum: (1.13..1.28]'
c1 rule: 'Sodium: (13.22..13.47]', 'Potassium: (0.66..+inf)', not 'Iron: (0.09..0.14]' => 'Aluminum: (1.13..1.28]'
c1 rule: 'Sodium: (12.93..13.22]', 'Magnesium: (2.89..3.4]', 'Potassium: (0.48..0.57]' => 'Aluminum: (1.13..1.28]'
c1 rule: 'Sodium: (13.47..13.8]', 'Magnesium: (2.89..3.4]', not 'Silicon: (-inf..71.95]' => 'Aluminum: (1.13..1.28]'
c1 rule: 'Sodium: (12.69..12.93]', 'Potassium: (0.48..0.57]', not 'Silicon: (72.89..73.12]' => 'Aluminum: (1.13..1.28]'
c1 rule: 'Sodium: (12.93..13.22]', 'Magnesium: (3.4..3.53]', 'Calcium: (8.39..8.64]' => 'Aluminum: (1.13..1.28]'
c1 rule: 'Sodium: (13.8..+inf)', 'Calcium: (8.64..8.99]', not 'Barium: (0.55..+inf)' => 'Aluminum: (1.13..1.28]'
c1 rule: 'Sodium: (12.69..12.93]', 'Potassium: (0.57..0.66]', 'Calcium: (8.1..8.39]' => 'Aluminum: (1.13..1.28]'
c1 rule: 'Sodium: (12.93..13.22]', 'Silicon: (72.89..73.12]', 'Calcium: (8.39..8.64]', not 'Iron: (0.09..0.14]' => 'Aluminum: (1.13..1.28]'
c1 rule: 'Magnesium: (3.4..3.53]', 'Silicon: (72.66..72.89]', 'Calcium: (8.39..8.64]', not 'Sodium: (-inf..12.69]' => 'Aluminum: (1.13..1.28]'
c1 # of rules: 26
c1 rule time: 0.0264

c1 computing class: (1.28..1.44]
c1 discrimination constraints: 94h
c1 coverage constraints: 31v+1334h
c1 formula: 127v, 1572c (1476h+96s)
c1 enumerating rules (maxsat-based)
c1 rule: 'Barium: (0.55..+inf)' => 'Aluminum: (1.28..1.44]'
c1 rule: 'Barium: (0.1..0.14]' => 'Aluminum: (1.28..1.44]'
c1 rule: 'Magnesium: (3.4..3.53]', 'Silicon: (-inf..71.95]' => 'Aluminum: (1.28..1.44]'
c1 rule: 'Sodium: (13.8..+inf)', 'Potassium: (0.48..0.57]' => 'Aluminum: (1.28..1.44]'
c1 rule: 'Sodium: (13.8..+inf)', 'Magnesium: (3.53..3.66]' => 'Aluminum: (1.28..1.44]'
c1 rule: 'Magnesium: (-inf..2.89]', 'Iron: (0.09..0.14]' => 'Aluminum: (1.28..1.44]'
c1 rule: 'Silicon: (71.95..72.35]', 'Potassium: (0.23..0.48]' => 'Aluminum: (1.28..1.44]'
c1 rule: 'Potassium: (0.48..0.57]', 'Calcium: (9.75..+inf)' => 'Aluminum: (1.28..1.44]'
c1 rule: 'Silicon: (72.89..73.12]', 'Calcium: (8.99..9.75]' => 'Aluminum: (1.28..1.44]'
c1 rule: 'Calcium: (8.64..8.99]', 'Iron: (0.09..0.14]' => 'Aluminum: (1.28..1.44]'
c1 rule: 'Potassium: (0.48..0.57]', 'Iron: (0.25..0.3]' => 'Aluminum: (1.28..1.44]'
c1 rule: 'Calcium: (8.1..8.39]', 'Iron: (0.19..0.25]' => 'Aluminum: (1.28..1.44]'
c1 rule: 'Sodium: (-inf..12.69]', 'Magnesium: (3.53..3.66]' => 'Aluminum: (1.28..1.44]'
c1 rule: 'Sodium: (13.22..13.47]', 'Magnesium: (3.66..3.8]' => 'Aluminum: (1.28..1.44]'
c1 rule: 'Silicon: (71.95..72.35]', 'Calcium: (8.39..8.64]' => 'Aluminum: (1.28..1.44]'
c1 rule: 'Sodium: (-inf..12.69]', 'Calcium: (8.39..8.64]' => 'Aluminum: (1.28..1.44]'
c1 rule: 'Sodium: (-inf..12.69]', 'Potassium: (0.48..0.57]' => 'Aluminum: (1.28..1.44]'
c1 rule: 'Silicon: (72.66..72.89]', 'Iron: (0.09..0.14]', not 'Calcium: (-inf..8.1]' => 'Aluminum: (1.28..1.44]'
c1 rule: 'Potassium: (0.48..0.57]', 'Iron: (0.09..0.14]', not 'Calcium: (8.1..8.39]' => 'Aluminum: (1.28..1.44]'
c1 rule: 'Silicon: (72.35..72.66]', 'Potassium: (0.48..0.57]', not 'Magnesium: (2.89..3.4]' => 'Aluminum: (1.28..1.44]'
c1 rule: 'Magnesium: (3.4..3.53]', 'Potassium: (0.48..0.57]', 'Calcium: (8.1..8.39]' => 'Aluminum: (1.28..1.44]'
c1 rule: 'Sodium: (13.22..13.47]', 'Magnesium: (3.4..3.53]', 'Potassium: (0.57..0.66]' => 'Aluminum: (1.28..1.44]'
c1 rule: 'Sodium: (12.69..12.93]', 'Magnesium: (3.53..3.66]', 'Silicon: (72.66..72.89]' => 'Aluminum: (1.28..1.44]'
c1 rule: 'Magnesium: (2.89..3.4]', 'Calcium: (8.39..8.64]', not 'Potassium: (0.48..0.57]' => 'Aluminum: (1.28..1.44]'
c1 rule: 'Magnesium: (3.4..3.53]', 'Silicon: (72.89..73.12]', 'Potassium: (0.48..0.57]' => 'Aluminum: (1.28..1.44]'
c1 rule: 'Magnesium: (3.4..3.53]', 'Silicon: (72.89..73.12]', 'Calcium: (8.39..8.64]', not 'Barium: (0.07..0.1]' => 'Aluminum: (1.28..1.44]'
c1 # of rules: 26
c1 rule time: 0.0258

c1 computing class: (1.44..1.63]
c1 discrimination constraints: 104h
c1 coverage constraints: 21v+904h
c1 formula: 117v, 1152c (1056h+96s)
c1 enumerating rules (maxsat-based)
c1 rule: 'Sodium: (12.69..12.93]', 'Magnesium: (2.89..3.4]' => 'Aluminum: (1.44..1.63]'
c1 rule: 'Sodium: (12.93..13.22]', 'Potassium: (0.66..+inf)' => 'Aluminum: (1.44..1.63]'
c1 rule: 'Sodium: (12.93..13.22]', 'Calcium: (-inf..8.1]' => 'Aluminum: (1.44..1.63]'
c1 rule: 'Silicon: (73.12..+inf)', 'Potassium: (0.66..+inf)' => 'Aluminum: (1.44..1.63]'
c1 rule: 'Silicon: (73.12..+inf)', 'Iron: (0.14..0.19]' => 'Aluminum: (1.44..1.63]'
c1 rule: 'Silicon: (73.12..+inf)', 'Potassium: (0.23..0.48]' => 'Aluminum: (1.44..1.63]'
c1 rule: 'Sodium: (13.8..+inf)', 'Iron: (0.14..0.19]' => 'Aluminum: (1.44..1.63]'
c1 rule: 'Sodium: (12.69..12.93]', 'Potassium: (0.23..0.48]' => 'Aluminum: (1.44..1.63]'
c1 rule: 'Sodium: (13.22..13.47]', 'Potassium: (0.23..0.48]' => 'Aluminum: (1.44..1.63]'
c1 rule: 'Magnesium: (3.53..3.66]', 'Iron: (0.19..0.25]' => 'Aluminum: (1.44..1.63]'
c1 rule: 'Potassium: (0.66..+inf)', 'Iron: (0.09..0.14]' => 'Aluminum: (1.44..1.63]'
c1 rule: 'Silicon: (-inf..71.95]', 'Calcium: (8.1..8.39]' => 'Aluminum: (1.44..1.63]'
c1 rule: 'Silicon: (72.89..73.12]', 'Potassium: (0.23..0.48]' => 'Aluminum: (1.44..1.63]'
c1 rule: 'Silicon: (72.35..72.66]', 'Iron: (0.25..0.3]' => 'Aluminum: (1.44..1.63]'
c1 rule: 'Magnesium: (3.53..3.66]', 'Iron: (0.25..0.3]' => 'Aluminum: (1.44..1.63]'
c1 rule: 'Sodium: (12.69..12.93]', 'Iron: (0.09..0.14]' => 'Aluminum: (1.44..1.63]'
c1 rule: 'Sodium: (13.47..13.8]', 'Potassium: (0.48..0.57]', 'Calcium: (8.64..8.99]' => 'Aluminum: (1.44..1.63]'
c1 rule: 'Sodium: (13.47..13.8]', 'Magnesium: (3.53..3.66]', 'Potassium: (0.57..0.66]' => 'Aluminum: (1.44..1.63]'
c1 rule: 'Potassium: (0.48..0.57]', 'Calcium: (-inf..8.1]', not 'Silicon: (72.89..73.12]' => 'Aluminum: (1.44..1.63]'
c1 rule: 'Sodium: (12.69..12.93]', 'Silicon: (73.12..+inf)', not 'Magnesium: (3.53..3.66]', not 'Potassium: (0.48..0.57]' => 'Aluminum: (1.44..1.63]'
c1 # of rules: 20
c1 rule time: 0.0163

c1 computing class: (1.63..+inf)
c1 discrimination constraints: 114h
c1 coverage constraints: 11v+474h
c1 formula: 107v, 732c (636h+96s)
c1 enumerating rules (maxsat-based)
c1 rule: 'Barium: (0.19..0.55]' => 'Aluminum: (1.63..+inf)'
c1 rule: 'Silicon: (72.35..72.66]', 'Iron: (0.14..0.19]' => 'Aluminum: (1.63..+inf)'
c1 rule: 'Silicon: (71.95..72.35]', 'Calcium: (-inf..8.1]' => 'Aluminum: (1.63..+inf)'
c1 rule: 'Sodium: (-inf..12.69]', 'Calcium: (-inf..8.1]' => 'Aluminum: (1.63..+inf)'
c1 rule: 'Calcium: (9.75..+inf)', 'Iron: (0.3..+inf)' => 'Aluminum: (1.63..+inf)'
c1 rule: 'Magnesium: (3.4..3.53]', 'Silicon: (72.35..72.66]', not 'Sodium: (13.22..13.47]' => 'Aluminum: (1.63..+inf)'
c1 rule: 'Sodium: (12.69..12.93]', 'Silicon: (72.66..72.89]', not 'Potassium: (0.57..0.66]' => 'Aluminum: (1.63..+inf)'
c1 rule: 'Silicon: (73.12..+inf)', 'Calcium: (-inf..8.1]', not 'Magnesium: (3.4..3.53]' => 'Aluminum: (1.63..+inf)'
c1 # of rules: 8
c1 rule time: 0.0063

c2 total rules: 101

c0 computing feature 5
c1 computing class: (-inf..71.95]
c1 discrimination constraints: 107h
c1 coverage constraints: 18v+775h
c1 formula: 114v, 1026c (930h+96s)
c1 enumerating rules (maxsat-based)
c1 rule: 'Barium: (0.55..+inf)' => 'Silicon: (-inf..71.95]'
c1 rule: 'Magnesium: (3.8..+inf)', 'Calcium: (8.99..9.75]' => 'Silicon: (-inf..71.95]'
c1 rule: 'Sodium: (13.8..+inf)', 'Calcium: (8.99..9.75]' => 'Silicon: (-inf..71.95]'
c1 rule: 'Magnesium: (3.4..3.53]', 'Calcium: (8.99..9.75]' => 'Silicon: (-inf..71.95]'
c1 rule: 'Magnesium: (-inf..2.89]', 'Aluminum: (0.82..1.13]' => 'Silicon: (-inf..71.95]'
c1 rule: 'Magnesium: (-inf..2.89]', 'Potassium: (0.11..0.23]' => 'Silicon: (-inf..71.95]'
c1 rule: 'Iron: (0.09..0.14]', not 'Refractive Index: (-inf..1.52]' => 'Silicon: (-inf..71.95]'
c1 rule: 'Potassium: (0.23..0.48]', 'Iron: (0.14..0.19]' => 'Silicon: (-inf..71.95]'
c1 rule: 'Magnesium: (3.66..3.8]', 'Iron: (0.14..0.19]' => 'Silicon: (-inf..71.95]'
c1 rule: 'Magnesium: (3.8..+inf)', not 'Refractive Index: (-inf..1.52]' => 'Silicon: (-inf..71.95]'
c1 rule: 'Magnesium: (3.8..+inf)', 'Iron: (0.14..0.19]' => 'Silicon: (-inf..71.95]'
c1 rule: 'Aluminum: (1.44..1.63]', 'Calcium: (8.64..8.99]' => 'Silicon: (-inf..71.95]'
c1 rule: 'Magnesium: (2.89..3.4]', not 'Refractive Index: (-inf..1.52]' => 'Silicon: (-inf..71.95]'
c1 # of rules: 13
c1 rule time: 0.0110

c1 computing class: (71.95..72.35]
c1 discrimination constraints: 105h
c1 coverage constraints: 20v+861h
c1 formula: 116v, 1110c (1014h+96s)
c1 enumerating rules (maxsat-based)
c1 rule: 'Barium: (0.19..0.55]' => 'Silicon: (71.95..72.35]'
c1 rule: 'Magnesium: (3.66..3.8]', 'Calcium: (-inf..8.1]' => 'Silicon: (71.95..72.35]'
c1 rule: 'Potassium: (0.11..0.23]', 'Iron: (0.14..0.19]' => 'Silicon: (71.95..72.35]'
c1 rule: 'Aluminum: (1.28..1.44]', 'Iron: (0.14..0.19]' => 'Silicon: (71.95..72.35]'
c1 rule: 'Calcium: (8.99..9.75]', 'Iron: (0.14..0.19]' => 'Silicon: (71.95..72.35]'
c1 rule: 'Sodium: (12.93..13.22]', 'Aluminum: (-inf..0.82]' => 'Silicon: (71.95..72.35]'
c1 rule: 'Magnesium: (3.66..3.8]', 'Iron: (0.19..0.25]' => 'Silicon: (71.95..72.35]'
c1 rule: 'Sodium: (13.47..13.8]', 'Aluminum: (1.13..1.28]' => 'Silicon: (71.95..72.35]'
c1 rule: 'Aluminum: (1.13..1.28]', 'Potassium: (-inf..0.11]' => 'Silicon: (71.95..72.35]'
c1 rule: 'Sodium: (13.8..+inf)', 'Calcium: (8.1..8.39]' => 'Silicon: (71.95..72.35]'
c1 rule: 'Magnesium: (3.53..3.66]', 'Calcium: (9.75..+inf)' => 'Silicon: (71.95..72.35]'
c1 rule: 'Magnesium: (3.53..3.66]', not 'Refractive Index: (-inf..1.52]' => 'Silicon: (71.95..72.35]'
c1 rule: 'Magnesium: (2.89..3.4]', 'Calcium: (-inf..8.1]' => 'Silicon: (71.95..72.35]'
c1 rule: 'Iron: (0.25..0.3]', not 'Potassium: (0.57..0.66]' => 'Silicon: (71.95..72.35]'
c1 rule: 'Magnesium: (-inf..2.89]', 'Aluminum: (1.63..+inf)' => 'Silicon: (71.95..72.35]'
c1 rule: 'Sodium: (13.47..13.8]', 'Magnesium: (3.66..3.8]', not 'Potassium: (-inf..0.11]' => 'Silicon: (71.95..72.35]'
c1 rule: 'Aluminum: (1.28..1.44]', not 'Refractive Index: (-inf..1.52]', not 'Iron: (0.09..0.14]' => 'Silicon: (71.95..72.35]'
c1 rule: 'Sodium: (13.22..13.47]', 'Magnesium: (3.4..3.53]', 'Aluminum: (1.28..1.44]', 'Calcium: (8.39..8.64]' => 'Silicon: (71.95..72.35]'
c1 # of rules: 18
c1 rule time: 0.0165

c1 computing class: (72.35..72.66]
c1 discrimination constraints: 109h
c1 coverage constraints: 16v+689h
c1 formula: 112v, 942c (846h+96s)
c1 enumerating rules (maxsat-based)
c1 rule: 'Sodium: (13.22..13.47]', 'Iron: (0.25..0.3]' => 'Silicon: (72.35..72.66]'
c1 rule: 'Sodium: (13.22..13.47]', 'Calcium: (8.64..8.99]' => 'Silicon: (72.35..72.66]'
c1 rule: 'Sodium: (13.22..13.47]', 'Magnesium: (3.66..3.8]' => 'Silicon: (72.35..72.66]'
c1 rule: 'Potassium: (0.66..+inf)', 'Iron: (0.09..0.14]' => 'Silicon: (72.35..72.66]'
c1 rule: 'Sodium: (12.69..12.93]', 'Iron: (0.09..0.14]' => 'Silicon: (72.35..72.66]'
c1 rule: 'Magnesium: (2.89..3.4]', 'Iron: (0.09..0.14]' => 'Silicon: (72.35..72.66]'
c1 rule: 'Magnesium: (3.8..+inf)', 'Potassium: (0.57..0.66]' => 'Silicon: (72.35..72.66]'
c1 rule: 'Magnesium: (3.66..3.8]', 'Aluminum: (1.28..1.44]' => 'Silicon: (72.35..72.66]'
c1 rule: 'Aluminum: (1.63..+inf)', 'Calcium: (8.1..8.39]' => 'Silicon: (72.35..72.66]'
c1 rule: 'Calcium: (8.64..8.99]', 'Iron: (0.3..+inf)' => 'Silicon: (72.35..72.66]'
c1 rule: 'Sodium: (13.47..13.8]', 'Magnesium: (3.53..3.66]', 'Potassium: (0.57..0.66]' => 'Silicon: (72.35..72.66]'
c1 rule: 'Magnesium: (3.53..3.66]', 'Aluminum: (0.82..1.13]', 'Calcium: (8.64..8.99]' => 'Silicon: (72.35..72.66]'
c1 rule: 'Magnesium: (3.8..+inf)', 'Aluminum: (1.28..1.44]', not 'Sodium: (12.93..13.22]' => 'Silicon: (72.35..72.66]'
c1 rule: 'Sodium: (13.47..13.8]', 'Magnesium: (3.4..3.53]', not 'Aluminum: (1.28..1.44]' => 'Silicon: (72.35..72.66]'
c1 # of rules: 14
c1 rule time: 0.0125

c1 computing class: (72.66..72.89]
c1 discrimination constraints: 100h
c1 coverage constraints: 25v+1076h
c1 formula: 121v, 1320c (1224h+96s)
c1 enumerating rules (maxsat-based)
c1 rule: 'Aluminum: (0.82..1.13]', 'Barium: (0.07..0.1]' => 'Silicon: (72.66..72.89]'
c1 rule: 'Aluminum: (0.82..1.13]', 'Calcium: (8.39..8.64]' => 'Silicon: (72.66..72.89]'
c1 rule: 'Aluminum: (1.63..+inf)', 'Calcium: (8.39..8.64]' => 'Silicon: (72.66..72.89]'
c1 rule: 'Potassium: (0.23..0.48]', 'Iron: (0.09..0.14]' => 'Silicon: (72.66..72.89]'
c1 rule: 'Sodium: (13.22..13.47]', 'Calcium: (8.99..9.75]' => 'Silicon: (72.66..72.89]'
c1 rule: 'Aluminum: (1.13..1.28]', 'Potassium: (0.66..+inf)' => 'Silicon: (72.66..72.89]'
c1 rule: 'Calcium: (8.39..8.64]', not 'Refractive Index: (-inf..1.52]' => 'Silicon: (72.66..72.89]'
c1 rule: 'Magnesium: (-inf..2.89]', 'Aluminum: (1.13..1.28]' => 'Silicon: (72.66..72.89]'
c1 rule: 'Calcium: (8.64..8.99]', 'Iron: (0.14..0.19]' => 'Silicon: (72.66..72.89]'
c1 rule: 'Magnesium: (2.89..3.4]', 'Aluminum: (1.28..1.44]', not 'Calcium: (8.64..8.99]' => 'Silicon: (72.66..72.89]'
c1 rule: 'Sodium: (13.22..13.47]', 'Magnesium: (2.89..3.4]', not 'Potassium: (0.48..0.57]' => 'Silicon: (72.66..72.89]'
c1 rule: 'Sodium: (13.22..13.47]', 'Calcium: (8.39..8.64]', not 'Aluminum: (1.28..1.44]' => 'Silicon: (72.66..72.89]'
c1 rule: 'Magnesium: (3.4..3.53]', 'Aluminum: (1.13..1.28]', not 'Sodium: (12.69..12.93]' => 'Silicon: (72.66..72.89]'
c1 rule: 'Potassium: (0.48..0.57]', 'Calcium: (-inf..8.1]', not 'Aluminum: (1.13..1.28]' => 'Silicon: (72.66..72.89]'
c1 rule: 'Aluminum: (1.28..1.44]', 'Calcium: (-inf..8.1]', not 'Potassium: (0.57..0.66]' => 'Silicon: (72.66..72.89]'
c1 rule: 'Sodium: (13.22..13.47]', 'Magnesium: (3.53..3.66]', 'Aluminum: (1.28..1.44]' => 'Silicon: (72.66..72.89]'
c1 rule: 'Sodium: (12.93..13.22]', 'Potassium: (0.57..0.66]', 'Calcium: (-inf..8.1]' => 'Silicon: (72.66..72.89]'
c1 rule: 'Sodium: (12.93..13.22]', 'Calcium: (-inf..8.1]', not 'Magnesium: (3.53..3.66]' => 'Silicon: (72.66..72.89]'
c1 rule: 'Sodium: (13.22..13.47]', 'Aluminum: (1.44..1.63]', not 'Calcium: (-inf..8.1]' => 'Silicon: (72.66..72.89]'
c1 rule: 'Magnesium: (3.4..3.53]', 'Potassium: (0.48..0.57]', 'Calcium: (8.1..8.39]' => 'Silicon: (72.66..72.89]'
c1 rule: 'Sodium: (12.69..12.93]', 'Magnesium: (3.53..3.66]', 'Calcium: (8.64..8.99]' => 'Silicon: (72.66..72.89]'
c1 rule: 'Magnesium: (3.53..3.66]', 'Calcium: (8.39..8.64]', not 'Potassium: (0.57..0.66]', not 'Iron: (0.09..0.14]' => 'Silicon: (72.66..72.89]'
c1 rule: 'Aluminum: (1.13..1.28]', 'Potassium: (0.48..0.57]', 'Calcium: (8.1..8.39]', 'Iron: (-inf..0.09]' => 'Silicon: (72.66..72.89]'
c1 # of rules: 23
c1 rule time: 0.0248

c1 computing class: (72.89..73.12]
c1 discrimination constraints: 96h
c1 coverage constraints: 29v+1248h
c1 formula: 125v, 1488c (1392h+96s)
c1 enumerating rules (maxsat-based)
c1 rule: 'Barium: (0.1..0.14]' => 'Silicon: (72.89..73.12]'
c1 rule: 'Calcium: (8.1..8.39]', 'Iron: (0.19..0.25]' => 'Silicon: (72.89..73.12]'
c1 rule: 'Calcium: (8.39..8.64]', 'Iron: (0.19..0.25]' => 'Silicon: (72.89..73.12]'
c1 rule: 'Sodium: (12.93..13.22]', 'Iron: (0.19..0.25]' => 'Silicon: (72.89..73.12]'
c1 rule: 'Magnesium: (3.53..3.66]', 'Iron: (0.19..0.25]' => 'Silicon: (72.89..73.12]'
c1 rule: 'Sodium: (12.69..12.93]', 'Potassium: (0.23..0.48]' => 'Silicon: (72.89..73.12]'
c1 rule: 'Sodium: (12.69..12.93]', 'Iron: (0.25..0.3]' => 'Silicon: (72.89..73.12]'
c1 rule: 'Calcium: (8.1..8.39]', 'Iron: (0.09..0.14]' => 'Silicon: (72.89..73.12]'
c1 rule: 'Sodium: (-inf..12.69]', 'Magnesium: (3.66..3.8]' => 'Silicon: (72.89..73.12]'
c1 rule: 'Magnesium: (3.4..3.53]', 'Aluminum: (0.82..1.13]' => 'Silicon: (72.89..73.12]'
c1 rule: 'Magnesium: (3.4..3.53]', 'Calcium: (8.64..8.99]' => 'Silicon: (72.89..73.12]'
c1 rule: 'Calcium: (8.64..8.99]', 'Iron: (0.09..0.14]' => 'Silicon: (72.89..73.12]'
c1 rule: 'Aluminum: (-inf..0.82]', 'Calcium: (8.64..8.99]' => 'Silicon: (72.89..73.12]'
c1 rule: 'Sodium: (13.47..13.8]', 'Aluminum: (1.44..1.63]', 'Potassium: (0.23..0.48]' => 'Silicon: (72.89..73.12]'
c1 rule: 'Sodium: (-inf..12.69]', 'Magnesium: (3.53..3.66]', not 'Potassium: (0.57..0.66]' => 'Silicon: (72.89..73.12]'
c1 rule: 'Sodium: (12.69..12.93]', 'Aluminum: (1.28..1.44]', not 'Calcium: (8.64..8.99]' => 'Silicon: (72.89..73.12]'
c1 rule: 'Potassium: (0.48..0.57]', 'Iron: (0.09..0.14]', not 'Sodium: (13.22..13.47]' => 'Silicon: (72.89..73.12]'
c1 rule: 'Magnesium: (2.89..3.4]', 'Potassium: (0.48..0.57]', not 'Calcium: (8.64..8.99]' => 'Silicon: (72.89..73.12]'
c1 rule: 'Potassium: (0.48..0.57]', 'Calcium: (-inf..8.1]', not 'Aluminum: (1.44..1.63]' => 'Silicon: (72.89..73.12]'
c1 rule: 'Magnesium: (3.53..3.66]', 'Potassium: (0.66..+inf)', not 'Aluminum: (1.13..1.28]' => 'Silicon: (72.89..73.12]'
c1 rule: 'Sodium: (12.93..13.22]', 'Magnesium: (-inf..2.89]', 'Aluminum: (1.28..1.44]' => 'Silicon: (72.89..73.12]'
c1 rule: 'Aluminum: (1.13..1.28]', 'Calcium: (8.39..8.64]', not 'Sodium: (12.93..13.22]', not 'Magnesium: (3.4..3.53]' => 'Silicon: (72.89..73.12]'
c1 rule: 'Sodium: (12.93..13.22]', 'Magnesium: (3.53..3.66]', 'Aluminum: (1.13..1.28]', not 'Potassium: (0.48..0.57]' => 'Silicon: (72.89..73.12]'
c1 rule: 'Magnesium: (3.53..3.66]', 'Aluminum: (1.13..1.28]', 'Potassium: (0.57..0.66]', not 'Sodium: (12.69..12.93]' => 'Silicon: (72.89..73.12]'
c1 # of rules: 24
c1 rule time: 0.0249

c1 computing class: (73.12..+inf)
c1 discrimination constraints: 108h
c1 coverage constraints: 17v+732h
c1 formula: 113v, 984c (888h+96s)
c1 enumerating rules (maxsat-based)
c1 rule: 'Refractive Index: (-inf..1.52]', 'Calcium: (9.75..+inf)' => 'Silicon: (73.12..+inf)'
c1 rule: 'Sodium: (-inf..12.69]', 'Calcium: (-inf..8.1]' => 'Silicon: (73.12..+inf)'
c1 rule: 'Sodium: (12.69..12.93]', 'Magnesium: (2.89..3.4]' => 'Silicon: (73.12..+inf)'
c1 rule: 'Sodium: (-inf..12.69]', 'Calcium: (8.99..9.75]' => 'Silicon: (73.12..+inf)'
c1 rule: 'Sodium: (12.93..13.22]', 'Potassium: (-inf..0.11]' => 'Silicon: (73.12..+inf)'
c1 rule: 'Sodium: (-inf..12.69]', 'Magnesium: (2.89..3.4]' => 'Silicon: (73.12..+inf)'
c1 rule: 'Potassium: (0.66..+inf)', 'Iron: (0.19..0.25]', not 'Calcium: (8.1..8.39]' => 'Silicon: (73.12..+inf)'
c1 rule: 'Aluminum: (0.82..1.13]', 'Potassium: (0.48..0.57]', 'Iron: (-inf..0.09]' => 'Silicon: (73.12..+inf)'
c1 rule: 'Sodium: (12.69..12.93]', 'Potassium: (0.48..0.57]', not 'Aluminum: (1.28..1.44]' => 'Silicon: (73.12..+inf)'
c1 rule: 'Aluminum: (1.44..1.63]', 'Potassium: (0.57..0.66]', not 'Magnesium: (3.53..3.66]' => 'Silicon: (73.12..+inf)'
c1 rule: 'Magnesium: (3.53..3.66]', 'Aluminum: (1.63..+inf)', 'Calcium: (-inf..8.1]' => 'Silicon: (73.12..+inf)'
c1 rule: 'Aluminum: (1.28..1.44]', 'Calcium: (-inf..8.1]', not 'Potassium: (0.23..0.48]' => 'Silicon: (73.12..+inf)'
c1 rule: 'Sodium: (13.22..13.47]', 'Potassium: (0.23..0.48]', 'Calcium: (-inf..8.1]' => 'Silicon: (73.12..+inf)'
c1 rule: 'Sodium: (-inf..12.69]', 'Potassium: (0.57..0.66]', not 'Calcium: (8.64..8.99]' => 'Silicon: (73.12..+inf)'
c1 rule: 'Sodium: (12.69..12.93]', 'Aluminum: (1.13..1.28]', 'Calcium: (8.1..8.39]' => 'Silicon: (73.12..+inf)'
c1 # of rules: 15
c1 rule time: 0.0156

c2 total rules: 107

c0 computing feature 6
c1 computing class: (-inf..0.11]
c1 discrimination constraints: 109h
c1 coverage constraints: 16v+689h
c1 formula: 112v, 942c (846h+96s)
c1 enumerating rules (maxsat-based)
c1 rule: 'Refractive Index: (-inf..1.52]', 'Aluminum: (-inf..0.82]' => 'Potassium: (-inf..0.11]'
c1 rule: 'Silicon: (73.12..+inf)', 'Iron: (0.14..0.19]' => 'Potassium: (-inf..0.11]'
c1 rule: 'Aluminum: (-inf..0.82]', 'Iron: (0.09..0.14]' => 'Potassium: (-inf..0.11]'
c1 rule: 'Aluminum: (-inf..0.82]', not 'Iron: (-inf..0.09]' => 'Potassium: (-inf..0.11]'
c1 rule: 'Aluminum: (-inf..0.82]', 'Silicon: (73.12..+inf)' => 'Potassium: (-inf..0.11]'
c1 rule: 'Magnesium: (-inf..2.89]', 'Aluminum: (-inf..0.82]' => 'Potassium: (-inf..0.11]'
c1 rule: 'Sodium: (13.8..+inf)', 'Aluminum: (-inf..0.82]' => 'Potassium: (-inf..0.11]'
c1 rule: 'Sodium: (13.47..13.8]', 'Calcium: (8.39..8.64]' => 'Potassium: (-inf..0.11]'
c1 rule: 'Magnesium: (2.89..3.4]', not 'Refractive Index: (-inf..1.52]' => 'Potassium: (-inf..0.11]'
c1 rule: 'Calcium: (8.64..8.99]', not 'Refractive Index: (-inf..1.52]' => 'Potassium: (-inf..0.11]'
c1 rule: 'Sodium: (13.8..+inf)', 'Magnesium: (3.66..3.8]', not 'Calcium: (8.99..9.75]' => 'Potassium: (-inf..0.11]'
c1 rule: 'Sodium: (13.47..13.8]', 'Magnesium: (3.53..3.66]', not 'Refractive Index: (-inf..1.52]' => 'Potassium: (-inf..0.11]'
c1 # of rules: 12
c1 rule time: 0.0116

c1 computing class: (0.11..0.23]
c1 discrimination constraints: 113h
c1 coverage constraints: 12v+517h
c1 formula: 108v, 774c (678h+96s)
c1 enumerating rules (maxsat-based)
c1 rule: 'Barium: (0.55..+inf)' => 'Potassium: (0.11..0.23]'
c1 rule: 'Sodium: (13.47..13.8]', 'Iron: (0.09..0.14]' => 'Potassium: (0.11..0.23]'
c1 rule: 'Sodium: (-inf..12.69]', 'Silicon: (-inf..71.95]' => 'Potassium: (0.11..0.23]'
c1 rule: 'Silicon: (-inf..71.95]', 'Iron: (0.3..+inf)' => 'Potassium: (0.11..0.23]'
c1 rule: 'Sodium: (12.93..13.22]', 'Aluminum: (-inf..0.82]' => 'Potassium: (0.11..0.23]'
c1 rule: 'Sodium: (13.22..13.47]', 'Aluminum: (-inf..0.82]' => 'Potassium: (0.11..0.23]'
c1 rule: 'Aluminum: (0.82..1.13]', 'Calcium: (9.75..+inf)' => 'Potassium: (0.11..0.23]'
c1 rule: 'Aluminum: (0.82..1.13]', 'Silicon: (72.35..72.66]' => 'Potassium: (0.11..0.23]'
c1 rule: 'Sodium: (13.47..13.8]', 'Magnesium: (3.66..3.8]', 'Aluminum: (0.82..1.13]' => 'Potassium: (0.11..0.23]'
c1 rule: 'Sodium: (13.47..13.8]', 'Magnesium: (3.8..+inf)', 'Calcium: (8.99..9.75]' => 'Potassium: (0.11..0.23]'
c1 # of rules: 10
c1 rule time: 0.0098

c1 computing class: (0.23..0.48]
c1 discrimination constraints: 117h
c1 coverage constraints: 8v+345h
c1 formula: 104v, 606c (510h+96s)
c1 enumerating rules (maxsat-based)
c1 rule: 'Sodium: (13.8..+inf)', 'Silicon: (72.66..72.89]' => 'Potassium: (0.23..0.48]'
c1 rule: 'Sodium: (13.8..+inf)', 'Aluminum: (1.44..1.63]' => 'Potassium: (0.23..0.48]'
c1 rule: 'Magnesium: (3.53..3.66]', 'Silicon: (72.66..72.89]', 'Calcium: (8.1..8.39]' => 'Potassium: (0.23..0.48]'
c1 rule: 'Magnesium: (3.4..3.53]', 'Aluminum: (1.44..1.63]', 'Silicon: (72.89..73.12]' => 'Potassium: (0.23..0.48]'
c1 rule: 'Sodium: (13.22..13.47]', 'Aluminum: (1.44..1.63]', 'Silicon: (73.12..+inf)' => 'Potassium: (0.23..0.48]'
c1 rule: 'Calcium: (9.75..+inf)', 'Iron: (-inf..0.09]', not 'Aluminum: (-inf..0.82]' => 'Potassium: (0.23..0.48]'
c1 rule: 'Sodium: (13.47..13.8]', 'Silicon: (72.89..73.12]', not 'Aluminum: (-inf..0.82]' => 'Potassium: (0.23..0.48]'
c1 # of rules: 7
c1 rule time: 0.0080

c1 computing class: (0.48..0.57]
c1 discrimination constraints: 89h
c1 coverage constraints: 36v+1549h
c1 formula: 132v, 1782c (1686h+96s)
c1 enumerating rules (maxsat-based)
c1 rule: 'Barium: (0.19..0.55]' => 'Potassium: (0.48..0.57]'
c1 rule: 'Barium: (0.07..0.1]', not 'Sodium: (12.69..12.93]' => 'Potassium: (0.48..0.57]'
c1 rule: 'Silicon: (73.12..+inf)', 'Calcium: (8.99..9.75]' => 'Potassium: (0.48..0.57]'
c1 rule: 'Magnesium: (3.4..3.53]', 'Calcium: (8.99..9.75]' => 'Potassium: (0.48..0.57]'
c1 rule: 'Magnesium: (3.4..3.53]', 'Silicon: (71.95..72.35]' => 'Potassium: (0.48..0.57]'
c1 rule: 'Aluminum: (0.82..1.13]', 'Silicon: (73.12..+inf)' => 'Potassium: (0.48..0.57]'
c1 rule: 'Silicon: (71.95..72.35]', 'Calcium: (8.39..8.64]' => 'Potassium: (0.48..0.57]'
c1 rule: 'Calcium: (8.39..8.64]', not 'Refractive Index: (-inf..1.52]' => 'Potassium: (0.48..0.57]'
c1 rule: 'Aluminum: (1.63..+inf)', 'Calcium: (8.39..8.64]' => 'Potassium: (0.48..0.57]'
c1 rule: 'Silicon: (72.66..72.89]', 'Iron: (0.14..0.19]' => 'Potassium: (0.48..0.57]'
c1 rule: 'Calcium: (8.1..8.39]', 'Iron: (0.09..0.14]' => 'Potassium: (0.48..0.57]'
c1 rule: 'Sodium: (13.47..13.8]', 'Calcium: (8.1..8.39]' => 'Potassium: (0.48..0.57]'
c1 rule: 'Magnesium: (3.66..3.8]', 'Calcium: (8.1..8.39]' => 'Potassium: (0.48..0.57]'
c1 rule: 'Magnesium: (3.8..+inf)', 'Silicon: (72.66..72.89]' => 'Potassium: (0.48..0.57]'
c1 rule: 'Magnesium: (3.8..+inf)', 'Aluminum: (1.28..1.44]' => 'Potassium: (0.48..0.57]'
c1 rule: 'Sodium: (13.8..+inf)', 'Calcium: (8.1..8.39]' => 'Potassium: (0.48..0.57]'
c1 rule: 'Aluminum: (1.28..1.44]', 'Iron: (0.14..0.19]' => 'Potassium: (0.48..0.57]'
c1 rule: 'Sodium: (-inf..12.69]', 'Silicon: (72.66..72.89]' => 'Potassium: (0.48..0.57]'
c1 rule: 'Sodium: (13.22..13.47]', 'Calcium: (8.64..8.99]' => 'Potassium: (0.48..0.57]'
c1 rule: 'Magnesium: (-inf..2.89]', 'Silicon: (72.66..72.89]' => 'Potassium: (0.48..0.57]'
c1 rule: 'Aluminum: (1.44..1.63]', 'Calcium: (8.64..8.99]' => 'Potassium: (0.48..0.57]'
c1 rule: 'Aluminum: (1.28..1.44]', 'Calcium: (8.99..9.75]' => 'Potassium: (0.48..0.57]'
c1 rule: 'Silicon: (72.89..73.12]', 'Calcium: (-inf..8.1]', not 'Aluminum: (1.44..1.63]' => 'Potassium: (0.48..0.57]'
c1 rule: 'Aluminum: (1.28..1.44]', 'Calcium: (8.1..8.39]', not 'Silicon: (72.89..73.12]' => 'Potassium: (0.48..0.57]'
c1 rule: 'Sodium: (12.93..13.22]', 'Aluminum: (1.28..1.44]', not 'Magnesium: (2.89..3.4]' => 'Potassium: (0.48..0.57]'
c1 rule: 'Magnesium: (2.89..3.4]', 'Calcium: (8.39..8.64]', not 'Aluminum: (1.28..1.44]' => 'Potassium: (0.48..0.57]'
c1 rule: 'Sodium: (13.22..13.47]', 'Magnesium: (3.53..3.66]', 'Aluminum: (1.28..1.44]' => 'Potassium: (0.48..0.57]'
c1 rule: 'Sodium: (13.22..13.47]', 'Calcium: (8.39..8.64]', not 'Silicon: (72.35..72.66]' => 'Potassium: (0.48..0.57]'
c1 rule: 'Sodium: (-inf..12.69]', 'Calcium: (8.39..8.64]', not 'Magnesium: (3.53..3.66]' => 'Potassium: (0.48..0.57]'
c1 rule: 'Silicon: (73.12..+inf)', 'Calcium: (8.39..8.64]', not 'Magnesium: (3.53..3.66]' => 'Potassium: (0.48..0.57]'
c1 rule: 'Sodium: (-inf..12.69]', 'Aluminum: (1.28..1.44]', 'Calcium: (8.64..8.99]', not 'Iron: (0.09..0.14]' => 'Potassium: (0.48..0.57]'
c1 rule: 'Aluminum: (1.44..1.63]', 'Silicon: (72.66..72.89]', 'Calcium: (-inf..8.1]', not 'Sodium: (12.93..13.22]' => 'Potassium: (0.48..0.57]'
c1 rule: 'Magnesium: (3.53..3.66]', 'Silicon: (72.66..72.89]', 'Calcium: (8.39..8.64]', not 'Aluminum: (0.82..1.13]' => 'Potassium: (0.48..0.57]'
c1 # of rules: 33
c1 rule time: 0.0321

c1 computing class: (0.57..0.66]
c1 discrimination constraints: 83h
c1 coverage constraints: 42v+1807h
c1 formula: 138v, 2034c (1938h+96s)
c1 enumerating rules (maxsat-based)
c1 rule: 'Barium: (0.1..0.14]' => 'Potassium: (0.57..0.66]'
c1 rule: 'Sodium: (-inf..12.69]', 'Magnesium: (3.66..3.8]' => 'Potassium: (0.57..0.66]'
c1 rule: 'Sodium: (-inf..12.69]', 'Aluminum: (1.13..1.28]' => 'Potassium: (0.57..0.66]'
c1 rule: 'Sodium: (-inf..12.69]', 'Iron: (0.09..0.14]' => 'Potassium: (0.57..0.66]'
c1 rule: 'Calcium: (8.39..8.64]', 'Iron: (0.19..0.25]' => 'Potassium: (0.57..0.66]'
c1 rule: 'Aluminum: (1.44..1.63]', 'Calcium: (8.39..8.64]' => 'Potassium: (0.57..0.66]'
c1 rule: 'Magnesium: (3.53..3.66]', 'Iron: (0.19..0.25]' => 'Potassium: (0.57..0.66]'
c1 rule: 'Sodium: (12.93..13.22]', 'Iron: (0.19..0.25]' => 'Potassium: (0.57..0.66]'
c1 rule: 'Sodium: (12.69..12.93]', 'Magnesium: (3.53..3.66]' => 'Potassium: (0.57..0.66]'
c1 rule: 'Magnesium: (3.53..3.66]', 'Iron: (0.25..0.3]' => 'Potassium: (0.57..0.66]'
c1 rule: 'Iron: (0.25..0.3]', not 'Magnesium: (3.8..+inf)' => 'Potassium: (0.57..0.66]'
c1 rule: 'Sodium: (12.69..12.93]', 'Silicon: (71.95..72.35]' => 'Potassium: (0.57..0.66]'
c1 rule: 'Sodium: (12.69..12.93]', 'Aluminum: (0.82..1.13]' => 'Potassium: (0.57..0.66]'
c1 rule: 'Magnesium: (3.4..3.53]', 'Aluminum: (0.82..1.13]' => 'Potassium: (0.57..0.66]'
c1 rule: 'Sodium: (12.69..12.93]', 'Calcium: (8.64..8.99]' => 'Potassium: (0.57..0.66]'
c1 rule: 'Magnesium: (3.66..3.8]', 'Calcium: (-inf..8.1]' => 'Potassium: (0.57..0.66]'
c1 rule: 'Silicon: (72.35..72.66]', 'Calcium: (8.99..9.75]' => 'Potassium: (0.57..0.66]'
c1 rule: 'Silicon: (72.35..72.66]', 'Calcium: (8.39..8.64]' => 'Potassium: (0.57..0.66]'
c1 rule: 'Magnesium: (2.89..3.4]', 'Aluminum: (1.28..1.44]' => 'Potassium: (0.57..0.66]'
c1 rule: 'Aluminum: (1.63..+inf)', 'Silicon: (73.12..+inf)' => 'Potassium: (0.57..0.66]'
c1 rule: 'Aluminum: (1.63..+inf)', 'Calcium: (8.1..8.39]' => 'Potassium: (0.57..0.66]'
c1 rule: 'Sodium: (13.47..13.8]', 'Aluminum: (1.13..1.28]', not 'Magnesium: (3.8..+inf)' => 'Potassium: (0.57..0.66]'
c1 rule: 'Aluminum: (1.13..1.28]', 'Silicon: (72.35..72.66]', not 'Calcium: (8.64..8.99]' => 'Potassium: (0.57..0.66]'
c1 rule: 'Sodium: (13.47..13.8]', 'Magnesium: (3.4..3.53]', not 'Calcium: (8.99..9.75]' => 'Potassium: (0.57..0.66]'
c1 rule: 'Aluminum: (1.28..1.44]', 'Calcium: (-inf..8.1]', not 'Sodium: (13.8..+inf)' => 'Potassium: (0.57..0.66]'
c1 rule: 'Sodium: (12.93..13.22]', 'Magnesium: (3.4..3.53]', 'Calcium: (8.39..8.64]' => 'Potassium: (0.57..0.66]'
c1 rule: 'Magnesium: (3.53..3.66]', 'Silicon: (73.12..+inf)', not 'Sodium: (12.93..13.22]' => 'Potassium: (0.57..0.66]'
c1 rule: 'Refractive Index: (-inf..1.52]', 'Magnesium: (3.53..3.66]', 'Calcium: (8.99..9.75]' => 'Potassium: (0.57..0.66]'
c1 rule: 'Magnesium: (2.89..3.4]', 'Silicon: (72.66..72.89]', not 'Iron: (0.14..0.19]' => 'Potassium: (0.57..0.66]'
c1 rule: 'Aluminum: (1.44..1.63]', 'Silicon: (72.35..72.66]', not 'Sodium: (13.22..13.47]' => 'Potassium: (0.57..0.66]'
c1 rule: 'Aluminum: (1.13..1.28]', 'Calcium: (8.1..8.39]', not 'Magnesium: (3.8..+inf)' => 'Potassium: (0.57..0.66]'
c1 rule: 'Sodium: (12.93..13.22]', 'Magnesium: (3.53..3.66]', 'Aluminum: (1.13..1.28]', not 'Silicon: (72.66..72.89]' => 'Potassium: (0.57..0.66]'
c1 rule: 'Silicon: (73.12..+inf)', 'Calcium: (-inf..8.1]', not 'Sodium: (13.22..13.47]', not 'Iron: (0.19..0.25]' => 'Potassium: (0.57..0.66]'
c1 rule: 'Magnesium: (3.53..3.66]', 'Aluminum: (1.44..1.63]', not 'Sodium: (13.22..13.47]', not 'Silicon: (72.89..73.12]' => 'Potassium: (0.57..0.66]'
c1 # of rules: 34
c1 rule time: 0.0343

c1 computing class: (0.66..+inf)
c1 discrimination constraints: 114h
c1 coverage constraints: 11v+474h
c1 formula: 107v, 732c (636h+96s)
c1 enumerating rules (maxsat-based)
c1 rule: 'Sodium: (13.8..+inf)', 'Aluminum: (1.63..+inf)' => 'Potassium: (0.66..+inf)'
c1 rule: 'Sodium: (12.69..12.93]', 'Magnesium: (2.89..3.4]' => 'Potassium: (0.66..+inf)'
c1 rule: 'Aluminum: (1.63..+inf)', 'Calcium: (9.75..+inf)' => 'Potassium: (0.66..+inf)'
c1 rule: 'Calcium: (8.1..8.39]', 'Iron: (0.19..0.25]' => 'Potassium: (0.66..+inf)'
c1 rule: 'Magnesium: (3.4..3.53]', 'Iron: (0.19..0.25]', not 'Aluminum: (1.13..1.28]' => 'Potassium: (0.66..+inf)'
c1 rule: 'Sodium: (12.93..13.22]', 'Magnesium: (3.4..3.53]', 'Calcium: (-inf..8.1]' => 'Potassium: (0.66..+inf)'
c1 rule: 'Sodium: (12.93..13.22]', 'Calcium: (-inf..8.1]', not 'Silicon: (72.66..72.89]' => 'Potassium: (0.66..+inf)'
c1 rule: 'Sodium: (13.22..13.47]', not 'Magnesium: (3.53..3.66]', not 'Iron: (-inf..0.09]' => 'Potassium: (0.66..+inf)'
c1 rule: 'Sodium: (12.69..12.93]', 'Silicon: (72.66..72.89]', not 'Calcium: (8.64..8.99]' => 'Potassium: (0.66..+inf)'
c1 rule: 'Sodium: (12.69..12.93]', 'Aluminum: (1.63..+inf)', not 'Silicon: (73.12..+inf)' => 'Potassium: (0.66..+inf)'
c1 rule: 'Silicon: (72.66..72.89]', 'Calcium: (-inf..8.1]', not 'Sodium: (13.8..+inf)', not 'Aluminum: (1.44..1.63]' => 'Potassium: (0.66..+inf)'
c1 # of rules: 11
c1 rule time: 0.0123

c2 total rules: 107

c0 computing feature 7
c1 computing class: (-inf..8.1]
c1 discrimination constraints: 100h
c1 coverage constraints: 25v+1076h
c1 formula: 121v, 1320c (1224h+96s)
c1 enumerating rules (maxsat-based)
c1 rule: 'Sodium: (13.8..+inf)', 'Magnesium: (3.4..3.53]' => 'Calcium: (-inf..8.1]'
c1 rule: 'Aluminum: (1.44..1.63]', 'Iron: (0.19..0.25]' => 'Calcium: (-inf..8.1]'
c1 rule: 'Magnesium: (3.53..3.66]', 'Iron: (0.25..0.3]' => 'Calcium: (-inf..8.1]'
c1 rule: 'Sodium: (13.8..+inf)', 'Silicon: (72.66..72.89]' => 'Calcium: (-inf..8.1]'
c1 rule: 'Sodium: (13.8..+inf)', 'Aluminum: (1.63..+inf)' => 'Calcium: (-inf..8.1]'
c1 rule: 'Magnesium: (3.66..3.8]', 'Aluminum: (1.63..+inf)' => 'Calcium: (-inf..8.1]'
c1 rule: 'Sodium: (12.93..13.22]', 'Potassium: (0.66..+inf)' => 'Calcium: (-inf..8.1]'
c1 rule: 'Magnesium: (3.53..3.66]', 'Potassium: (0.66..+inf)' => 'Calcium: (-inf..8.1]'
c1 rule: 'Sodium: (13.22..13.47]', 'Potassium: (0.66..+inf)' => 'Calcium: (-inf..8.1]'
c1 rule: 'Sodium: (13.22..13.47]', 'Silicon: (73.12..+inf)' => 'Calcium: (-inf..8.1]'
c1 rule: 'Sodium: (12.69..12.93]', 'Aluminum: (1.63..+inf)' => 'Calcium: (-inf..8.1]'
c1 rule: 'Aluminum: (1.63..+inf)', 'Silicon: (73.12..+inf)' => 'Calcium: (-inf..8.1]'
c1 rule: 'Aluminum: (1.44..1.63]', 'Silicon: (72.66..72.89]', not 'Potassium: (0.23..0.48]' => 'Calcium: (-inf..8.1]'
c1 rule: 'Aluminum: (1.44..1.63]', 'Potassium: (0.57..0.66]', not 'Sodium: (12.69..12.93]' => 'Calcium: (-inf..8.1]'
c1 rule: 'Aluminum: (1.44..1.63]', 'Potassium: (0.57..0.66]', 'Iron: (-inf..0.09]' => 'Calcium: (-inf..8.1]'
c1 rule: 'Aluminum: (1.63..+inf)', 'Potassium: (0.57..0.66]', not 'Iron: (0.14..0.19]' => 'Calcium: (-inf..8.1]'
c1 rule: 'Sodium: (13.47..13.8]', 'Silicon: (72.89..73.12]', not 'Potassium: (-inf..0.11]' => 'Calcium: (-inf..8.1]'
c1 rule: 'Sodium: (13.22..13.47]', 'Silicon: (72.89..73.12]', 'Potassium: (0.48..0.57]' => 'Calcium: (-inf..8.1]'
c1 # of rules: 18
c1 rule time: 0.0184

c1 computing class: (8.1..8.39]
c1 discrimination constraints: 105h
c1 coverage constraints: 20v+861h
c1 formula: 116v, 1110c (1014h+96s)
c1 enumerating rules (maxsat-based)
c1 rule: 'Magnesium: (3.8..+inf)', 'Silicon: (72.66..72.89]' => 'Calcium: (8.1..8.39]'
c1 rule: 'Sodium: (13.22..13.47]', 'Magnesium: (3.8..+inf)' => 'Calcium: (8.1..8.39]'
c1 rule: 'Aluminum: (1.28..1.44]', 'Potassium: (0.66..+inf)' => 'Calcium: (8.1..8.39]'
c1 rule: 'Sodium: (12.69..12.93]', 'Magnesium: (2.89..3.4]' => 'Calcium: (8.1..8.39]'
c1 rule: 'Magnesium: (3.8..+inf)', 'Aluminum: (1.44..1.63]' => 'Calcium: (8.1..8.39]'
c1 rule: 'Aluminum: (1.44..1.63]', 'Potassium: (-inf..0.11]' => 'Calcium: (8.1..8.39]'
c1 rule: 'Potassium: (0.48..0.57]', 'Iron: (0.3..+inf)' => 'Calcium: (8.1..8.39]'
c1 rule: 'Sodium: (12.69..12.93]', 'Potassium: (0.23..0.48]' => 'Calcium: (8.1..8.39]'
c1 rule: 'Aluminum: (0.82..1.13]', 'Silicon: (73.12..+inf)' => 'Calcium: (8.1..8.39]'
c1 rule: 'Magnesium: (3.4..3.53]', 'Iron: (0.3..+inf)' => 'Calcium: (8.1..8.39]'
c1 rule: 'Sodium: (13.8..+inf)', 'Potassium: (0.48..0.57]' => 'Calcium: (8.1..8.39]'
c1 rule: 'Magnesium: (3.4..3.53]', 'Iron: (0.14..0.19]' => 'Calcium: (8.1..8.39]'
c1 rule: 'Silicon: (72.35..72.66]', 'Potassium: (0.48..0.57]', not 'Magnesium: (2.89..3.4]' => 'Calcium: (8.1..8.39]'
c1 rule: 'Potassium: (0.48..0.57]', 'Iron: (0.09..0.14]', not 'Magnesium: (3.53..3.66]' => 'Calcium: (8.1..8.39]'
c1 rule: 'Sodium: (13.22..13.47]', 'Potassium: (0.23..0.48]', not 'Silicon: (73.12..+inf)' => 'Calcium: (8.1..8.39]'
c1 rule: 'Sodium: (13.22..13.47]', 'Silicon: (72.66..72.89]', 'Potassium: (0.57..0.66]' => 'Calcium: (8.1..8.39]'
c1 rule: 'Sodium: (13.22..13.47]', 'Aluminum: (1.13..1.28]', 'Potassium: (0.57..0.66]' => 'Calcium: (8.1..8.39]'
c1 rule: 'Magnesium: (3.53..3.66]', 'Aluminum: (1.13..1.28]', 'Silicon: (73.12..+inf)' => 'Calcium: (8.1..8.39]'
c1 rule: 'Sodium: (13.22..13.47]', 'Magnesium: (3.4..3.53]', 'Silicon: (72.66..72.89]', not 'Aluminum: (1.13..1.28]' => 'Calcium: (8.1..8.39]'
c1 # of rules: 19
c1 rule time: 0.0178

c1 computing class: (8.39..8.64]
c1 discrimination constraints: 99h
c1 coverage constraints: 26v+1119h
c1 formula: 122v, 1362c (1266h+96s)
c1 enumerating rules (maxsat-based)
c1 rule: 'Barium: (0.07..0.1]' => 'Calcium: (8.39..8.64]'
c1 rule: 'Sodium: (12.69..12.93]', 'Iron: (0.09..0.14]' => 'Calcium: (8.39..8.64]'
c1 rule: 'Magnesium: (3.4..3.53]', 'Silicon: (71.95..72.35]' => 'Calcium: (8.39..8.64]'
c1 rule: 'Silicon: (71.95..72.35]', 'Iron: (0.25..0.3]' => 'Calcium: (8.39..8.64]'
c1 rule: 'Aluminum: (0.82..1.13]', 'Silicon: (72.66..72.89]' => 'Calcium: (8.39..8.64]'
c1 rule: 'Sodium: (13.22..13.47]', 'Magnesium: (3.66..3.8]' => 'Calcium: (8.39..8.64]'
c1 rule: 'Aluminum: (1.13..1.28]', not 'Refractive Index: (-inf..1.52]' => 'Calcium: (8.39..8.64]'
c1 rule: 'Sodium: (-inf..12.69]', 'Silicon: (72.66..72.89]' => 'Calcium: (8.39..8.64]'
c1 rule: 'Sodium: (12.93..13.22]', 'Magnesium: (3.8..+inf)' => 'Calcium: (8.39..8.64]'
c1 rule: 'Sodium: (12.69..12.93]', 'Potassium: (0.48..0.57]' => 'Calcium: (8.39..8.64]'
c1 rule: 'Sodium: (12.93..13.22]', 'Aluminum: (1.28..1.44]', not 'Iron: (-inf..0.09]' => 'Calcium: (8.39..8.64]'
c1 rule: 'Sodium: (13.22..13.47]', 'Aluminum: (1.28..1.44]', not 'Iron: (-inf..0.09]' => 'Calcium: (8.39..8.64]'
c1 rule: 'Sodium: (13.22..13.47]', 'Magnesium: (3.4..3.53]', 'Aluminum: (1.13..1.28]' => 'Calcium: (8.39..8.64]'
c1 rule: 'Sodium: (12.93..13.22]', 'Magnesium: (3.4..3.53]', 'Aluminum: (1.13..1.28]' => 'Calcium: (8.39..8.64]'
c1 rule: 'Magnesium: (2.89..3.4]', 'Aluminum: (1.28..1.44]', not 'Silicon: (72.89..73.12]' => 'Calcium: (8.39..8.64]'
c1 rule: 'Magnesium: (2.89..3.4]', 'Silicon: (72.89..73.12]', not 'Potassium: (0.57..0.66]' => 'Calcium: (8.39..8.64]'
c1 rule: 'Magnesium: (3.53..3.66]', 'Aluminum: (1.28..1.44]', 'Silicon: (73.12..+inf)' => 'Calcium: (8.39..8.64]'
c1 rule: 'Magnesium: (3.4..3.53]', 'Silicon: (73.12..+inf)', 'Potassium: (0.48..0.57]' => 'Calcium: (8.39..8.64]'
c1 rule: 'Aluminum: (1.63..+inf)', 'Potassium: (0.48..0.57]', not 'Sodium: (13.47..13.8]' => 'Calcium: (8.39..8.64]'
c1 rule: 'Sodium: (12.93..13.22]', 'Magnesium: (3.53..3.66]', 'Aluminum: (1.13..1.28]' => 'Calcium: (8.39..8.64]'
c1 rule: 'Magnesium: (3.53..3.66]', 'Aluminum: (1.13..1.28]', not 'Sodium: (13.22..13.47]', not 'Silicon: (73.12..+inf)' => 'Calcium: (8.39..8.64]'
c1 rule: 'Sodium: (12.69..12.93]', 'Silicon: (72.89..73.12]', not 'Magnesium: (3.4..3.53]', not 'Aluminum: (1.44..1.63]' => 'Calcium: (8.39..8.64]'
c1 # of rules: 22
c1 rule time: 0.0207

c1 computing class: (8.64..8.99]
c1 discrimination constraints: 104h
c1 coverage constraints: 21v+904h
c1 formula: 117v, 1152c (1056h+96s)
c1 enumerating rules (maxsat-based)
c1 rule: 'Barium: (0.1..0.14]' => 'Calcium: (8.64..8.99]'
c1 rule: 'Barium: (0.55..+inf)' => 'Calcium: (8.64..8.99]'
c1 rule: 'Sodium: (12.69..12.93]', 'Aluminum: (0.82..1.13]' => 'Calcium: (8.64..8.99]'
c1 rule: 'Aluminum: (0.82..1.13]', 'Silicon: (72.35..72.66]' => 'Calcium: (8.64..8.99]'
c1 rule: 'Sodium: (-inf..12.69]', 'Magnesium: (2.89..3.4]' => 'Calcium: (8.64..8.99]'
c1 rule: 'Sodium: (-inf..12.69]', 'Aluminum: (1.13..1.28]' => 'Calcium: (8.64..8.99]'
c1 rule: 'Aluminum: (1.13..1.28]', 'Potassium: (-inf..0.11]' => 'Calcium: (8.64..8.99]'
c1 rule: 'Aluminum: (1.13..1.28]', 'Iron: (0.14..0.19]' => 'Calcium: (8.64..8.99]'
c1 rule: 'Aluminum: (1.13..1.28]', 'Iron: (0.25..0.3]' => 'Calcium: (8.64..8.99]'
c1 rule: 'Silicon: (72.35..72.66]', 'Iron: (0.3..+inf)' => 'Calcium: (8.64..8.99]'
c1 rule: 'Magnesium: (2.89..3.4]', 'Iron: (0.19..0.25]' => 'Calcium: (8.64..8.99]'
c1 rule: 'Sodium: (-inf..12.69]', 'Iron: (0.09..0.14]' => 'Calcium: (8.64..8.99]'
c1 rule: 'Sodium: (-inf..12.69]', 'Magnesium: (3.53..3.66]', not 'Silicon: (73.12..+inf)' => 'Calcium: (8.64..8.99]'
c1 rule: 'Sodium: (12.69..12.93]', 'Aluminum: (1.28..1.44]', not 'Silicon: (72.89..73.12]' => 'Calcium: (8.64..8.99]'
c1 rule: 'Magnesium: (2.89..3.4]', 'Potassium: (0.48..0.57]', not 'Silicon: (72.89..73.12]' => 'Calcium: (8.64..8.99]'
c1 rule: 'Sodium: (13.47..13.8]', 'Magnesium: (2.89..3.4]', not 'Potassium: (-inf..0.11]' => 'Calcium: (8.64..8.99]'
c1 rule: 'Magnesium: (3.53..3.66]', 'Potassium: (-inf..0.11]', not 'Aluminum: (0.82..1.13]' => 'Calcium: (8.64..8.99]'
c1 rule: 'Magnesium: (3.8..+inf)', 'Potassium: (-inf..0.11]', not 'Sodium: (13.8..+inf)' => 'Calcium: (8.64..8.99]'
c1 # of rules: 18
c1 rule time: 0.0175

c1 computing class: (8.99..9.75]
c1 discrimination constraints: 108h
c1 coverage constraints: 17v+732h
c1 formula: 113v, 984c (888h+96s)
c1 enumerating rules (maxsat-based)
c1 rule: 'Barium: (0.19..0.55]' => 'Calcium: (8.99..9.75]'
c1 rule: 'Sodium: (13.8..+inf)', 'Aluminum: (0.82..1.13]' => 'Calcium: (8.99..9.75]'
c1 rule: 'Sodium: (13.8..+inf)', 'Magnesium: (3.8..+inf)' => 'Calcium: (8.99..9.75]'
c1 rule: 'Magnesium: (3.4..3.53]', 'Silicon: (-inf..71.95]' => 'Calcium: (8.99..9.75]'
c1 rule: 'Sodium: (12.93..13.22]', 'Magnesium: (-inf..2.89]' => 'Calcium: (8.99..9.75]'
c1 rule: 'Magnesium: (-inf..2.89]', 'Aluminum: (1.13..1.28]' => 'Calcium: (8.99..9.75]'
c1 rule: 'Magnesium: (2.89..3.4]', 'Iron: (0.09..0.14]' => 'Calcium: (8.99..9.75]'
c1 rule: 'Potassium: (0.48..0.57]', 'Iron: (0.19..0.25]' => 'Calcium: (8.99..9.75]'
c1 rule: 'Magnesium: (3.8..+inf)', 'Aluminum: (-inf..0.82]' => 'Calcium: (8.99..9.75]'
c1 rule: 'Magnesium: (3.8..+inf)', 'Potassium: (0.11..0.23]' => 'Calcium: (8.99..9.75]'
c1 rule: 'Magnesium: (3.53..3.66]', not 'Refractive Index: (-inf..1.52]', not 'Potassium: (0.11..0.23]' => 'Calcium: (8.99..9.75]'
c1 rule: 'Magnesium: (3.53..3.66]', 'Silicon: (71.95..72.35]', 'Potassium: (0.57..0.66]' => 'Calcium: (8.99..9.75]'
c1 rule: 'Magnesium: (3.66..3.8]', 'Aluminum: (0.82..1.13]', not 'Refractive Index: (-inf..1.52]' => 'Calcium: (8.99..9.75]'
c1 rule: 'Magnesium: (3.66..3.8]', 'Silicon: (-inf..71.95]', 'Iron: (-inf..0.09]' => 'Calcium: (8.99..9.75]'
c1 # of rules: 14
c1 rule time: 0.0143

c1 computing class: (9.75..+inf)
c1 discrimination constraints: 109h
c1 coverage constraints: 16v+689h
c1 formula: 112v, 942c (846h+96s)
c1 enumerating rules (maxsat-based)
c1 rule: 'Magnesium: (-inf..2.89]', not 'Potassium: (0.48..0.57]' => 'Calcium: (9.75..+inf)'
c1 rule: 'Magnesium: (2.89..3.4]', not 'Refractive Index: (-inf..1.52]' => 'Calcium: (9.75..+inf)'
c1 rule: 'Aluminum: (1.28..1.44]', not 'Refractive Index: (-inf..1.52]' => 'Calcium: (9.75..+inf)'
c1 rule: 'Aluminum: (-inf..0.82]', 'Silicon: (71.95..72.35]' => 'Calcium: (9.75..+inf)'
c1 rule: 'Aluminum: (-inf..0.82]', not 'Iron: (-inf..0.09]' => 'Calcium: (9.75..+inf)'
c1 rule: 'Sodium: (12.93..13.22]', 'Potassium: (0.11..0.23]' => 'Calcium: (9.75..+inf)'
c1 # of rules: 6
c1 rule time: 0.0071

c2 total rules: 97

c0 computing feature 8
c1 computing class: (-inf..0.07]
c1 discrimination constraints: 5h
c1 coverage constraints: 120v+5281h
c1 formula: 216v, 5430c (5334h+96s)
c1 enumerating rules (maxsat-based)
c1 rule: 'Iron: (0.09..0.14]' => 'Barium: (-inf..0.07]'
c1 rule: 'Iron: (0.3..+inf)' => 'Barium: (-inf..0.07]'
c1 rule: 'Potassium: (0.66..+inf)' => 'Barium: (-inf..0.07]'
c1 rule: 'Iron: (0.25..0.3]' => 'Barium: (-inf..0.07]'
c1 rule: 'Calcium: (8.1..8.39]' => 'Barium: (-inf..0.07]'
c1 rule: 'Magnesium: (3.8..+inf)' => 'Barium: (-inf..0.07]'
c1 rule: 'Magnesium: (3.66..3.8]' => 'Barium: (-inf..0.07]'
c1 rule: 'Sodium: (13.22..13.47]' => 'Barium: (-inf..0.07]'
c1 rule: 'Sodium: (-inf..12.69]' => 'Barium: (-inf..0.07]'
c1 rule: 'Aluminum: (-inf..0.82]' => 'Barium: (-inf..0.07]'
c1 rule: 'Calcium: (9.75..+inf)' => 'Barium: (-inf..0.07]'
c1 rule: 'Aluminum: (1.44..1.63]' => 'Barium: (-inf..0.07]'
c1 rule: 'Calcium: (-inf..8.1]' => 'Barium: (-inf..0.07]'
c1 rule: 'Silicon: (72.35..72.66]' => 'Barium: (-inf..0.07]'
c1 rule: 'Potassium: (-inf..0.11]' => 'Barium: (-inf..0.07]'
c1 rule: 'Silicon: (73.12..+inf)' => 'Barium: (-inf..0.07]'
c1 rule: 'Aluminum: (1.28..1.44]', 'Calcium: (8.39..8.64]' => 'Barium: (-inf..0.07]'
c1 rule: 'Magnesium: (3.53..3.66]', 'Potassium: (0.57..0.66]' => 'Barium: (-inf..0.07]'
c1 rule: 'Calcium: (8.39..8.64]', 'Iron: (-inf..0.09]' => 'Barium: (-inf..0.07]'
c1 rule: 'Silicon: (72.89..73.12]', not 'Potassium: (0.57..0.66]' => 'Barium: (-inf..0.07]'
c1 rule: 'Magnesium: (2.89..3.4]', not 'Potassium: (0.57..0.66]' => 'Barium: (-inf..0.07]'
c1 rule: 'Magnesium: (2.89..3.4]', not 'Silicon: (72.89..73.12]' => 'Barium: (-inf..0.07]'
c1 rule: 'Magnesium: (-inf..2.89]', not 'Iron: (0.14..0.19]' => 'Barium: (-inf..0.07]'
c1 rule: 'Iron: (-inf..0.09]', not 'Aluminum: (1.28..1.44]' => 'Barium: (-inf..0.07]'
c1 rule: 'Calcium: (8.64..8.99]', not 'Iron: (-inf..0.09]' => 'Barium: (-inf..0.07]'
c1 rule: 'Iron: (-inf..0.09]', not 'Calcium: (8.64..8.99]' => 'Barium: (-inf..0.07]'
c1 rule: 'Sodium: (12.69..12.93]', not 'Aluminum: (1.13..1.28]' => 'Barium: (-inf..0.07]'
c1 # of rules: 27
c1 rule time: 0.0305

c1 computing class: (0.07..0.1]
c1 discrimination constraints: 123h
c1 coverage constraints: 2v+89h
c1 formula: 98v, 356c (260h+96s)
c1 enumerating rules (maxsat-based)
c1 rule: 'Calcium: (8.39..8.64]', 'Iron: (0.14..0.19]' => 'Barium: (0.07..0.1]'
c1 rule: 'Calcium: (8.39..8.64]', 'Iron: (0.19..0.25]' => 'Barium: (0.07..0.1]'
c1 # of rules: 2
c1 rule time: 0.0041

c1 computing class: (0.1..0.14]
c1 discrimination constraints: 124h
c1 coverage constraints: 1v+45h
c1 formula: 97v, 313c (217h+96s)
c1 enumerating rules (maxsat-based)
c1 rule: 'Sodium: (12.93..13.22]', 'Calcium: (8.64..8.99]', not 'Aluminum: (1.13..1.28]' => 'Barium: (0.1..0.14]'
c1 # of rules: 1
c1 rule time: 0.0022

c1 computing class: (0.19..0.55]
c1 discrimination constraints: 124h
c1 coverage constraints: 1v+45h
c1 formula: 97v, 313c (217h+96s)
c1 enumerating rules (maxsat-based)
c1 rule: 'Aluminum: (1.63..+inf)', 'Calcium: (8.99..9.75]' => 'Barium: (0.19..0.55]'
c1 # of rules: 1
c1 rule time: 0.0022

c1 computing class: (0.55..+inf)
c1 discrimination constraints: 124h
c1 coverage constraints: 1v+45h
c1 formula: 97v, 313c (217h+96s)
c1 enumerating rules (maxsat-based)
c1 rule: 'Magnesium: (3.53..3.66]', 'Silicon: (-inf..71.95]' => 'Barium: (0.55..+inf)'
c1 # of rules: 1
c1 rule time: 0.0021

c2 total rules: 32

c0 computing feature 9
c1 computing class: (-inf..0.09]
c1 discrimination constraints: 40h
c1 coverage constraints: 85v+3656h
c1 formula: 181v, 3840c (3744h+96s)
c1 enumerating rules (maxsat-based)
c1 rule: 'Barium: (0.55..+inf)' => 'Iron: (-inf..0.09]'
c1 rule: 'Barium: (0.1..0.14]' => 'Iron: (-inf..0.09]'
c1 rule: 'Sodium: (12.93..13.22]', 'Magnesium: (-inf..2.89]' => 'Iron: (-inf..0.09]'
c1 rule: 'Refractive Index: (-inf..1.52]', 'Calcium: (9.75..+inf)' => 'Iron: (-inf..0.09]'
c1 rule: 'Silicon: (73.12..+inf)', 'Calcium: (9.75..+inf)' => 'Iron: (-inf..0.09]'
c1 rule: 'Magnesium: (3.53..3.66]', 'Silicon: (73.12..+inf)' => 'Iron: (-inf..0.09]'
c1 rule: 'Magnesium: (3.53..3.66]', 'Calcium: (8.1..8.39]' => 'Iron: (-inf..0.09]'
c1 rule: 'Aluminum: (0.82..1.13]', 'Potassium: (-inf..0.11]' => 'Iron: (-inf..0.09]'
c1 rule: 'Magnesium: (3.53..3.66]', 'Potassium: (-inf..0.11]' => 'Iron: (-inf..0.09]'
c1 rule: 'Sodium: (13.47..13.8]', 'Magnesium: (3.53..3.66]' => 'Iron: (-inf..0.09]'
c1 rule: 'Sodium: (13.47..13.8]', 'Potassium: (0.57..0.66]' => 'Iron: (-inf..0.09]'
c1 rule: 'Sodium: (13.47..13.8]', 'Magnesium: (3.4..3.53]' => 'Iron: (-inf..0.09]'
c1 rule: 'Sodium: (13.22..13.47]', 'Magnesium: (-inf..2.89]' => 'Iron: (-inf..0.09]'
c1 rule: 'Magnesium: (-inf..2.89]', 'Aluminum: (-inf..0.82]' => 'Iron: (-inf..0.09]'
c1 rule: 'Sodium: (13.22..13.47]', 'Aluminum: (-inf..0.82]' => 'Iron: (-inf..0.09]'
c1 rule: 'Sodium: (13.22..13.47]', 'Silicon: (71.95..72.35]' => 'Iron: (-inf..0.09]'
c1 rule: 'Sodium: (13.22..13.47]', 'Magnesium: (3.66..3.8]' => 'Iron: (-inf..0.09]'
c1 rule: 'Aluminum: (1.44..1.63]', 'Calcium: (8.64..8.99]' => 'Iron: (-inf..0.09]'
c1 rule: 'Sodium: (13.22..13.47]', 'Calcium: (8.64..8.99]' => 'Iron: (-inf..0.09]'
c1 rule: 'Silicon: (71.95..72.35]', 'Potassium: (0.23..0.48]' => 'Iron: (-inf..0.09]'
c1 rule: 'Sodium: (13.8..+inf)', 'Magnesium: (3.8..+inf)' => 'Iron: (-inf..0.09]'
c1 rule: 'Potassium: (-inf..0.11]', 'Calcium: (8.99..9.75]' => 'Iron: (-inf..0.09]'
c1 rule: 'Aluminum: (-inf..0.82]', 'Calcium: (8.99..9.75]' => 'Iron: (-inf..0.09]'
c1 rule: 'Potassium: (0.48..0.57]', 'Calcium: (-inf..8.1]' => 'Iron: (-inf..0.09]'
c1 rule: 'Sodium: (12.69..12.93]', 'Potassium: (0.48..0.57]' => 'Iron: (-inf..0.09]'
c1 rule: 'Sodium: (12.69..12.93]', 'Magnesium: (2.89..3.4]' => 'Iron: (-inf..0.09]'
c1 rule: 'Sodium: (13.47..13.8]', 'Magnesium: (2.89..3.4]' => 'Iron: (-inf..0.09]'
c1 rule: 'Magnesium: (3.66..3.8]', 'Aluminum: (1.28..1.44]' => 'Iron: (-inf..0.09]'
c1 rule: 'Aluminum: (1.28..1.44]', 'Silicon: (72.35..72.66]' => 'Iron: (-inf..0.09]'
c1 rule: 'Aluminum: (1.28..1.44]', 'Calcium: (-inf..8.1]' => 'Iron: (-inf..0.09]'
c1 rule: 'Silicon: (71.95..72.35]', 'Calcium: (-inf..8.1]' => 'Iron: (-inf..0.09]'
c1 rule: 'Magnesium: (3.53..3.66]', 'Aluminum: (1.13..1.28]' => 'Iron: (-inf..0.09]'
c1 rule: 'Sodium: (13.22..13.47]', 'Aluminum: (1.13..1.28]' => 'Iron: (-inf..0.09]'
c1 rule: 'Sodium: (12.93..13.22]', 'Potassium: (0.66..+inf)' => 'Iron: (-inf..0.09]'
c1 rule: 'Silicon: (72.66..72.89]', 'Potassium: (0.66..+inf)' => 'Iron: (-inf..0.09]'
c1 rule: 'Sodium: (12.93..13.22]', 'Calcium: (-inf..8.1]' => 'Iron: (-inf..0.09]'
c1 rule: 'Magnesium: (3.4..3.53]', 'Potassium: (0.48..0.57]' => 'Iron: (-inf..0.09]'
c1 rule: 'Magnesium: (3.66..3.8]', 'Silicon: (72.66..72.89]' => 'Iron: (-inf..0.09]'
c1 rule: 'Sodium: (13.8..+inf)', 'Calcium: (8.64..8.99]' => 'Iron: (-inf..0.09]'
c1 rule: 'Magnesium: (2.89..3.4]', not 'Aluminum: (1.13..1.28]' => 'Iron: (-inf..0.09]'
c1 rule: 'Magnesium: (2.89..3.4]', 'Calcium: (8.39..8.64]' => 'Iron: (-inf..0.09]'
c1 rule: 'Magnesium: (3.53..3.66]', 'Aluminum: (1.63..+inf)' => 'Iron: (-inf..0.09]'
c1 rule: 'Sodium: (-inf..12.69]', 'Magnesium: (3.4..3.53]' => 'Iron: (-inf..0.09]'
c1 rule: 'Sodium: (12.69..12.93]', 'Silicon: (72.66..72.89]' => 'Iron: (-inf..0.09]'
c1 rule: 'Silicon: (72.66..72.89]', 'Potassium: (0.57..0.66]' => 'Iron: (-inf..0.09]'
c1 rule: 'Magnesium: (3.8..+inf)', 'Potassium: (0.57..0.66]' => 'Iron: (-inf..0.09]'
c1 rule: 'Sodium: (-inf..12.69]', 'Magnesium: (3.66..3.8]' => 'Iron: (-inf..0.09]'
c1 rule: 'Aluminum: (-inf..0.82]', 'Potassium: (0.11..0.23]' => 'Iron: (-inf..0.09]'
c1 rule: 'Potassium: (0.23..0.48]', not 'Sodium: (13.8..+inf)' => 'Iron: (-inf..0.09]'
c1 rule: 'Aluminum: (1.63..+inf)', 'Calcium: (-inf..8.1]' => 'Iron: (-inf..0.09]'
c1 rule: 'Silicon: (73.12..+inf)', 'Calcium: (-inf..8.1]', not 'Potassium: (0.66..+inf)' => 'Iron: (-inf..0.09]'
c1 rule: 'Magnesium: (3.4..3.53]', 'Aluminum: (1.28..1.44]', 'Calcium: (8.39..8.64]' => 'Iron: (-inf..0.09]'
c1 rule: 'Aluminum: (1.28..1.44]', 'Calcium: (8.39..8.64]', not 'Potassium: (0.48..0.57]' => 'Iron: (-inf..0.09]'
c1 rule: 'Aluminum: (1.28..1.44]', 'Potassium: (0.48..0.57]', 'Calcium: (8.64..8.99]' => 'Iron: (-inf..0.09]'
c1 rule: 'Magnesium: (3.66..3.8]', 'Calcium: (8.99..9.75]', not 'Silicon: (-inf..71.95]' => 'Iron: (-inf..0.09]'
c1 rule: 'Aluminum: (0.82..1.13]', 'Calcium: (8.64..8.99]', not 'Silicon: (71.95..72.35]' => 'Iron: (-inf..0.09]'
c1 rule: 'Aluminum: (1.28..1.44]', 'Calcium: (8.64..8.99]', not 'Sodium: (-inf..12.69]' => 'Iron: (-inf..0.09]'
c1 # of rules: 57
c1 rule time: 0.0644

c1 computing class: (0.09..0.14]
c1 discrimination constraints: 114h
c1 coverage constraints: 11v+474h
c1 formula: 107v, 732c (636h+96s)
c1 enumerating rules (maxsat-based)
c1 rule: 'Aluminum: (1.13..1.28]', 'Potassium: (0.23..0.48]' => 'Iron: (0.09..0.14]'
c1 rule: 'Aluminum: (1.44..1.63]', 'Calcium: (8.39..8.64]' => 'Iron: (0.09..0.14]'
c1 rule: 'Magnesium: (2.89..3.4]', 'Calcium: (8.99..9.75]' => 'Iron: (0.09..0.14]'
c1 rule: 'Aluminum: (1.28..1.44]', not 'Refractive Index: (-inf..1.52]', not 'Silicon: (71.95..72.35]' => 'Iron: (0.09..0.14]'
c1 rule: 'Aluminum: (0.82..1.13]', 'Silicon: (72.89..73.12]', not 'Magnesium: (3.4..3.53]' => 'Iron: (0.09..0.14]'
c1 rule: 'Sodium: (12.93..13.22]', 'Magnesium: (3.53..3.66]', 'Aluminum: (1.28..1.44]' => 'Iron: (0.09..0.14]'
c1 rule: 'Sodium: (13.8..+inf)', 'Aluminum: (-inf..0.82]', not 'Calcium: (8.99..9.75]' => 'Iron: (0.09..0.14]'
c1 rule: 'Sodium: (13.22..13.47]', 'Magnesium: (3.53..3.66]', 'Aluminum: (1.28..1.44]' => 'Iron: (0.09..0.14]'
c1 rule: 'Magnesium: (3.4..3.53]', 'Silicon: (72.35..72.66]', not 'Aluminum: (1.63..+inf)' => 'Iron: (0.09..0.14]'
c1 rule: 'Sodium: (13.47..13.8]', 'Aluminum: (0.82..1.13]', 'Calcium: (8.99..9.75]', not 'Silicon: (71.95..72.35]' => 'Iron: (0.09..0.14]'
c1 rule: 'Sodium: (-inf..12.69]', 'Potassium: (0.57..0.66]', not 'Magnesium: (3.66..3.8]', not 'Silicon: (73.12..+inf)' => 'Iron: (0.09..0.14]'
c1 # of rules: 11
c1 rule time: 0.0158

c1 computing class: (0.14..0.19]
c1 discrimination constraints: 114h
c1 coverage constraints: 11v+474h
c1 formula: 107v, 732c (636h+96s)
c1 enumerating rules (maxsat-based)
c1 rule: 'Barium: (0.19..0.55]' => 'Iron: (0.14..0.19]'
c1 rule: 'Barium: (0.07..0.1]', not 'Silicon: (72.89..73.12]' => 'Iron: (0.14..0.19]'
c1 rule: 'Potassium: (0.48..0.57]', 'Calcium: (9.75..+inf)' => 'Iron: (0.14..0.19]'
c1 rule: 'Aluminum: (1.44..1.63]', 'Calcium: (9.75..+inf)' => 'Iron: (0.14..0.19]'
c1 rule: 'Silicon: (-inf..71.95]', 'Calcium: (8.1..8.39]' => 'Iron: (0.14..0.19]'
c1 rule: 'Potassium: (-inf..0.11]', 'Calcium: (8.1..8.39]' => 'Iron: (0.14..0.19]'
c1 rule: 'Aluminum: (1.63..+inf)', 'Calcium: (8.1..8.39]' => 'Iron: (0.14..0.19]'
c1 rule: 'Magnesium: (3.66..3.8]', 'Potassium: (-inf..0.11]', not 'Sodium: (13.8..+inf)' => 'Iron: (0.14..0.19]'
c1 rule: 'Magnesium: (3.53..3.66]', 'Silicon: (71.95..72.35]', 'Potassium: (0.57..0.66]' => 'Iron: (0.14..0.19]'
c1 rule: 'Sodium: (12.93..13.22]', 'Magnesium: (3.53..3.66]', 'Silicon: (71.95..72.35]' => 'Iron: (0.14..0.19]'
c1 rule: 'Silicon: (72.66..72.89]', 'Calcium: (8.64..8.99]', not 'Magnesium: (3.53..3.66]' => 'Iron: (0.14..0.19]'
c1 # of rules: 11
c1 rule time: 0.0105

c1 computing class: (0.19..0.25]
c1 discrimination constraints: 116h
c1 coverage constraints: 9v+388h
c1 formula: 105v, 648c (552h+96s)
c1 enumerating rules (maxsat-based)
c1 rule: 'Magnesium: (-inf..2.89]', 'Aluminum: (0.82..1.13]' => 'Iron: (0.19..0.25]'
c1 rule: 'Sodium: (12.69..12.93]', 'Silicon: (71.95..72.35]' => 'Iron: (0.19..0.25]'
c1 rule: 'Silicon: (73.12..+inf)', 'Calcium: (8.64..8.99]' => 'Iron: (0.19..0.25]'
c1 rule: 'Silicon: (73.12..+inf)', 'Calcium: (8.99..9.75]' => 'Iron: (0.19..0.25]'
c1 rule: 'Barium: (0.07..0.1]', not 'Potassium: (0.48..0.57]' => 'Iron: (0.19..0.25]'
c1 rule: 'Aluminum: (1.28..1.44]', 'Potassium: (0.66..+inf)' => 'Iron: (0.19..0.25]'
c1 rule: 'Silicon: (73.12..+inf)', 'Potassium: (0.66..+inf)', not 'Magnesium: (2.89..3.4]' => 'Iron: (0.19..0.25]'
c1 rule: 'Sodium: (12.93..13.22]', 'Calcium: (8.64..8.99]', not 'Silicon: (72.66..72.89]', not 'Barium: (0.1..0.14]' => 'Iron: (0.19..0.25]'
c1 # of rules: 8
c1 rule time: 0.0097

c1 computing class: (0.25..0.3]
c1 discrimination constraints: 121h
c1 coverage constraints: 4v+173h
c1 formula: 100v, 438c (342h+96s)
c1 enumerating rules (maxsat-based)
c1 rule: 'Sodium: (13.22..13.47]', 'Magnesium: (3.53..3.66]', 'Silicon: (72.35..72.66]' => 'Iron: (0.25..0.3]'
c1 rule: 'Magnesium: (3.4..3.53]', 'Aluminum: (1.13..1.28]', 'Calcium: (8.64..8.99]' => 'Iron: (0.25..0.3]'
c1 rule: 'Sodium: (12.93..13.22]', 'Silicon: (71.95..72.35]', 'Calcium: (8.39..8.64]' => 'Iron: (0.25..0.3]'
c1 # of rules: 3
c1 rule time: 0.0054

c1 computing class: (0.3..+inf)
c1 discrimination constraints: 120h
c1 coverage constraints: 5v+216h
c1 formula: 101v, 480c (384h+96s)
c1 enumerating rules (maxsat-based)
c1 rule: 'Potassium: (0.66..+inf)', not 'Refractive Index: (-inf..1.52]' => 'Iron: (0.3..+inf)'
c1 rule: 'Sodium: (13.47..13.8]', 'Aluminum: (1.13..1.28]', not 'Calcium: (8.64..8.99]' => 'Iron: (0.3..+inf)'
c1 rule: 'Sodium: (12.69..12.93]', 'Magnesium: (3.66..3.8]', not 'Silicon: (71.95..72.35]' => 'Iron: (0.3..+inf)'
c1 rule: 'Magnesium: (3.66..3.8]', 'Aluminum: (0.82..1.13]', 'Silicon: (-inf..71.95]' => 'Iron: (0.3..+inf)'
c1 rule: 'Aluminum: (0.82..1.13]', 'Calcium: (8.1..8.39]', not 'Potassium: (0.48..0.57]' => 'Iron: (0.3..+inf)'
c1 # of rules: 5
c1 rule time: 0.0070

c2 total rules: 95
c3 total time: 1.1049

Rules are saved to ../rules/all/q6_glass2_train4.csv.json