c0 # of samps: 130 (121 weighted)
c0 # of feats: 9 (40 binary)
c0 # of labls: 2
c0 parse time: 0.3348


c0 computing feature 1
c1 computing class: (-inf..1.52]
c1 discrimination constraints: 25h
c1 coverage constraints: 95v+3801h
c1 formula: 177v, 3949c (3867h+82s)
c1 enumerating rules (maxsat-based)
c1 rule: 'Barium: (0.12..0.15]' => 'Refractive Index: (-inf..1.52]'
c1 rule: 'Calcium: (8.16..8.5]' => 'Refractive Index: (-inf..1.52]'
c1 rule: 'Barium: (0.08..0.12]' => 'Refractive Index: (-inf..1.52]'
c1 rule: 'Calcium: (-inf..8.16]' => 'Refractive Index: (-inf..1.52]'
c1 rule: 'Magnesium: (3.1..3.45]' => 'Refractive Index: (-inf..1.52]'
c1 rule: 'Sodium: (12.74..13.03]' => 'Refractive Index: (-inf..1.52]'
c1 rule: 'Iron: (0.1..0.16]', not 'Potassium: (0.13..0.37]' => 'Refractive Index: (-inf..1.52]'
c1 rule: 'Magnesium: (-inf..3.1]', not 'Calcium: (9.59..+inf)' => 'Refractive Index: (-inf..1.52]'
c1 rule: 'Sodium: (13.38..13.72]', not 'Silicon: (-inf..72.02]' => 'Refractive Index: (-inf..1.52]'
c1 rule: 'Sodium: (-inf..12.74]', not 'Calcium: (9.59..+inf)' => 'Refractive Index: (-inf..1.52]'
c1 rule: 'Magnesium: (3.45..3.61]', 'Potassium: (0.54..0.64]' => 'Refractive Index: (-inf..1.52]'
c1 rule: 'Magnesium: (3.45..3.61]', 'Calcium: (8.5..8.81]' => 'Refractive Index: (-inf..1.52]'
c1 # of rules: 12
c1 rule time: 0.0154

c1 computing class: (1.52..+inf)
c1 discrimination constraints: 95h
c1 coverage constraints: 25v+1001h
c1 formula: 107v, 1219c (1137h+82s)
c1 enumerating rules (maxsat-based)
c1 rule: 'Sodium: (-inf..12.74]', 'Barium: (0.44..+inf)' => 'Refractive Index: (1.52..+inf)'
c1 rule: 'Aluminum: (0.88..1.19]', 'Potassium: (0.37..0.54]' => 'Refractive Index: (1.52..+inf)'
c1 rule: 'Magnesium: (-inf..3.1]', 'Potassium: (0.37..0.54]' => 'Refractive Index: (1.52..+inf)'
c1 rule: 'Aluminum: (1.58..+inf)', 'Calcium: (9.59..+inf)' => 'Refractive Index: (1.52..+inf)'
c1 rule: 'Calcium: (9.59..+inf)', not 'Iron: (-inf..0.1]' => 'Refractive Index: (1.52..+inf)'
c1 rule: 'Calcium: (9.59..+inf)', not 'Sodium: (13.38..13.72]' => 'Refractive Index: (1.52..+inf)'
c1 rule: 'Calcium: (9.59..+inf)', not 'Silicon: (73.08..+inf)' => 'Refractive Index: (1.52..+inf)'
c1 rule: 'Sodium: (13.72..+inf)', 'Aluminum: (-inf..0.88]' => 'Refractive Index: (1.52..+inf)'
c1 rule: 'Sodium: (13.72..+inf)', 'Calcium: (8.81..9.59]' => 'Refractive Index: (1.52..+inf)'
c1 rule: 'Aluminum: (0.88..1.19]', 'Silicon: (-inf..72.02]' => 'Refractive Index: (1.52..+inf)'
c1 rule: 'Magnesium: (3.77..+inf)', 'Calcium: (8.81..9.59]' => 'Refractive Index: (1.52..+inf)'
c1 # of rules: 11
c1 rule time: 0.0118

c2 total rules: 23

c0 computing feature 2
c1 computing class: (-inf..12.74]
c1 discrimination constraints: 99h
c1 coverage constraints: 21v+757h
c1 formula: 101v, 976c (896h+80s)
c1 enumerating rules (maxsat-based)
c1 rule: 'Potassium: (0.64..+inf)', 'Calcium: (8.81..9.59]' => 'Sodium: (-inf..12.74]'
c1 rule: 'Silicon: (73.08..+inf)', 'Calcium: (8.81..9.59]' => 'Sodium: (-inf..12.74]'
c1 rule: 'Potassium: (0.64..+inf)', 'Calcium: (9.59..+inf)' => 'Sodium: (-inf..12.74]'
c1 rule: 'Aluminum: (1.58..+inf)', 'Iron: (0.22..0.29]' => 'Sodium: (-inf..12.74]'
c1 rule: 'Aluminum: (1.58..+inf)', 'Calcium: (8.5..8.81]' => 'Sodium: (-inf..12.74]'
c1 rule: 'Silicon: (72.8..73.08]', 'Calcium: (9.59..+inf)' => 'Sodium: (-inf..12.74]'
c1 rule: 'Iron: (0.22..0.29]', not 'Refractive Index: (-inf..1.52]' => 'Sodium: (-inf..12.74]'
c1 rule: 'Magnesium: (3.1..3.45]', 'Iron: (0.29..+inf)' => 'Sodium: (-inf..12.74]'
c1 rule: 'Magnesium: (3.61..3.77]', 'Silicon: (73.08..+inf)' => 'Sodium: (-inf..12.74]'
c1 rule: 'Silicon: (73.08..+inf)', not 'Refractive Index: (-inf..1.52]' => 'Sodium: (-inf..12.74]'
c1 rule: 'Magnesium: (-inf..3.1]', 'Aluminum: (-inf..0.88]', not 'Refractive Index: (-inf..1.52]' => 'Sodium: (-inf..12.74]'
c1 rule: 'Calcium: (8.5..8.81]', 'Iron: (0.1..0.16]', not 'Silicon: (72.49..72.8]' => 'Sodium: (-inf..12.74]'
c1 rule: 'Magnesium: (3.45..3.61]', 'Aluminum: (1.37..1.58]', 'Calcium: (8.5..8.81]' => 'Sodium: (-inf..12.74]'
c1 rule: 'Aluminum: (1.19..1.37]', 'Silicon: (73.08..+inf)', not 'Magnesium: (3.45..3.61]' => 'Sodium: (-inf..12.74]'
c1 rule: 'Aluminum: (1.58..+inf)', 'Silicon: (73.08..+inf)', not 'Potassium: (0.64..+inf)' => 'Sodium: (-inf..12.74]'
c1 rule: 'Magnesium: (3.45..3.61]', 'Calcium: (-inf..8.16]', 'Iron: (0.22..0.29]' => 'Sodium: (-inf..12.74]'
c1 rule: 'Potassium: (0.64..+inf)', not 'Magnesium: (3.45..3.61]', not 'Calcium: (-inf..8.16]' => 'Sodium: (-inf..12.74]'
c1 rule: 'Magnesium: (3.45..3.61]', 'Silicon: (72.8..73.08]', 'Calcium: (8.5..8.81]', not 'Potassium: (0.64..+inf)', not 'Barium: (0.08..0.12]' => 'Sodium: (-inf..12.74]'
c1 # of rules: 18
c1 rule time: 0.0161

c1 computing class: (12.74..13.03]
c1 discrimination constraints: 93h
c1 coverage constraints: 27v+973h
c1 formula: 107v, 1186c (1106h+80s)
c1 enumerating rules (maxsat-based)
c1 rule: 'Aluminum: (1.19..1.37]', 'Potassium: (0.64..+inf)' => 'Sodium: (12.74..13.03]'
c1 rule: 'Calcium: (8.5..8.81]', 'Iron: (0.22..0.29]' => 'Sodium: (12.74..13.03]'
c1 rule: 'Silicon: (72.8..73.08]', 'Iron: (0.22..0.29]' => 'Sodium: (12.74..13.03]'
c1 rule: 'Magnesium: (3.45..3.61]', 'Iron: (0.29..+inf)' => 'Sodium: (12.74..13.03]'
c1 rule: 'Magnesium: (3.77..+inf)', 'Silicon: (72.8..73.08]' => 'Sodium: (12.74..13.03]'
c1 rule: 'Aluminum: (1.37..1.58]', 'Barium: (0.08..0.12]' => 'Sodium: (12.74..13.03]'
c1 rule: 'Silicon: (72.49..72.8]', 'Iron: (0.29..+inf)' => 'Sodium: (12.74..13.03]'
c1 rule: 'Calcium: (8.5..8.81]', 'Iron: (0.16..0.22]' => 'Sodium: (12.74..13.03]'
c1 rule: 'Aluminum: (1.19..1.37]', 'Iron: (0.16..0.22]' => 'Sodium: (12.74..13.03]'
c1 rule: 'Magnesium: (3.45..3.61]', 'Iron: (0.16..0.22]' => 'Sodium: (12.74..13.03]'
c1 rule: 'Magnesium: (3.1..3.45]', 'Calcium: (-inf..8.16]', 'Iron: (0.22..0.29]' => 'Sodium: (12.74..13.03]'
c1 rule: 'Magnesium: (3.45..3.61]', 'Potassium: (0.64..+inf)', not 'Calcium: (-inf..8.16]' => 'Sodium: (12.74..13.03]'
c1 rule: 'Silicon: (72.02..72.49]', 'Calcium: (8.81..9.59]', not 'Iron: (-inf..0.1]' => 'Sodium: (12.74..13.03]'
c1 rule: 'Magnesium: (3.61..3.77]', 'Silicon: (72.8..73.08]', 'Calcium: (8.5..8.81]' => 'Sodium: (12.74..13.03]'
c1 rule: 'Magnesium: (3.61..3.77]', 'Calcium: (8.5..8.81]', not 'Aluminum: (0.88..1.19]' => 'Sodium: (12.74..13.03]'
c1 rule: 'Magnesium: (3.45..3.61]', 'Aluminum: (0.88..1.19]', 'Calcium: (8.5..8.81]' => 'Sodium: (12.74..13.03]'
c1 rule: 'Aluminum: (1.37..1.58]', 'Silicon: (72.8..73.08]', not 'Magnesium: (3.45..3.61]' => 'Sodium: (12.74..13.03]'
c1 rule: 'Magnesium: (3.45..3.61]', 'Silicon: (72.49..72.8]', 'Calcium: (8.5..8.81]' => 'Sodium: (12.74..13.03]'
c1 rule: 'Silicon: (73.08..+inf)', 'Calcium: (-inf..8.16]', not 'Aluminum: (1.37..1.58]', not 'Potassium: (0.54..0.64]' => 'Sodium: (12.74..13.03]'
c1 # of rules: 19
c1 rule time: 0.0184

c1 computing class: (13.03..13.38]
c1 discrimination constraints: 89h
c1 coverage constraints: 31v+1117h
c1 formula: 111v, 1326c (1246h+80s)
c1 enumerating rules (maxsat-based)
c1 rule: 'Calcium: (9.59..+inf)', 'Iron: (0.1..0.16]' => 'Sodium: (13.03..13.38]'
c1 rule: 'Magnesium: (3.1..3.45]', 'Silicon: (72.49..72.8]' => 'Sodium: (13.03..13.38]'
c1 rule: 'Magnesium: (3.61..3.77]', 'Potassium: (0.37..0.54]' => 'Sodium: (13.03..13.38]'
c1 rule: 'Magnesium: (3.61..3.77]', 'Calcium: (8.16..8.5]' => 'Sodium: (13.03..13.38]'
c1 rule: 'Aluminum: (1.37..1.58]', 'Calcium: (8.81..9.59]' => 'Sodium: (13.03..13.38]'
c1 rule: 'Magnesium: (3.77..+inf)', 'Iron: (0.22..0.29]' => 'Sodium: (13.03..13.38]'
c1 rule: 'Magnesium: (3.61..3.77]', 'Iron: (0.22..0.29]' => 'Sodium: (13.03..13.38]'
c1 rule: 'Aluminum: (-inf..0.88]', 'Silicon: (72.02..72.49]' => 'Sodium: (13.03..13.38]'
c1 rule: 'Magnesium: (3.1..3.45]', 'Aluminum: (1.58..+inf)' => 'Sodium: (13.03..13.38]'
c1 rule: 'Magnesium: (3.1..3.45]', 'Iron: (0.16..0.22]' => 'Sodium: (13.03..13.38]'
c1 rule: 'Magnesium: (3.77..+inf)', 'Silicon: (72.49..72.8]', not 'Calcium: (8.16..8.5]' => 'Sodium: (13.03..13.38]'
c1 rule: 'Silicon: (72.02..72.49]', 'Calcium: (8.16..8.5]', not 'Aluminum: (1.19..1.37]' => 'Sodium: (13.03..13.38]'
c1 rule: 'Aluminum: (1.37..1.58]', 'Potassium: (0.54..0.64]', 'Calcium: (8.16..8.5]' => 'Sodium: (13.03..13.38]'
c1 rule: 'Aluminum: (1.19..1.37]', 'Potassium: (0.54..0.64]', 'Calcium: (-inf..8.16]' => 'Sodium: (13.03..13.38]'
c1 rule: 'Aluminum: (1.37..1.58]', 'Calcium: (8.5..8.81]', not 'Potassium: (0.54..0.64]' => 'Sodium: (13.03..13.38]'
c1 rule: 'Aluminum: (0.88..1.19]', 'Calcium: (8.16..8.5]', not 'Silicon: (72.8..73.08]' => 'Sodium: (13.03..13.38]'
c1 rule: 'Silicon: (72.8..73.08]', 'Potassium: (0.37..0.54]', not 'Aluminum: (1.37..1.58]' => 'Sodium: (13.03..13.38]'
c1 rule: 'Magnesium: (3.1..3.45]', 'Potassium: (0.37..0.54]', not 'Silicon: (72.8..73.08]' => 'Sodium: (13.03..13.38]'
c1 rule: 'Silicon: (73.08..+inf)', 'Potassium: (0.37..0.54]', not 'Calcium: (8.16..8.5]' => 'Sodium: (13.03..13.38]'
c1 rule: 'Magnesium: (3.1..3.45]', 'Calcium: (-inf..8.16]', not 'Iron: (0.22..0.29]' => 'Sodium: (13.03..13.38]'
c1 rule: 'Silicon: (72.8..73.08]', 'Potassium: (0.64..+inf)', 'Calcium: (-inf..8.16]' => 'Sodium: (13.03..13.38]'
c1 rule: 'Magnesium: (-inf..3.1]', 'Aluminum: (1.19..1.37]', 'Silicon: (72.8..73.08]' => 'Sodium: (13.03..13.38]'
c1 rule: 'Aluminum: (1.19..1.37]', 'Silicon: (72.49..72.8]', 'Calcium: (8.16..8.5]', not 'Magnesium: (3.77..+inf)' => 'Sodium: (13.03..13.38]'
c1 # of rules: 23
c1 rule time: 0.0220

c1 computing class: (13.38..13.72]
c1 discrimination constraints: 96h
c1 coverage constraints: 24v+865h
c1 formula: 104v, 1081c (1001h+80s)
c1 enumerating rules (maxsat-based)
c1 rule: 'Barium: (0.12..0.15]' => 'Sodium: (13.38..13.72]'
c1 rule: 'Silicon: (72.49..72.8]', 'Potassium: (0.13..0.37]' => 'Sodium: (13.38..13.72]'
c1 rule: 'Refractive Index: (-inf..1.52]', 'Calcium: (9.59..+inf)' => 'Sodium: (13.38..13.72]'
c1 rule: 'Magnesium: (3.77..+inf)', 'Calcium: (8.5..8.81]' => 'Sodium: (13.38..13.72]'
c1 rule: 'Silicon: (-inf..72.02]', 'Calcium: (8.16..8.5]' => 'Sodium: (13.38..13.72]'
c1 rule: 'Magnesium: (3.45..3.61]', 'Calcium: (8.81..9.59]' => 'Sodium: (13.38..13.72]'
c1 rule: 'Aluminum: (0.88..1.19]', 'Calcium: (-inf..8.16]' => 'Sodium: (13.38..13.72]'
c1 rule: 'Aluminum: (-inf..0.88]', 'Iron: (0.1..0.16]' => 'Sodium: (13.38..13.72]'
c1 rule: 'Refractive Index: (-inf..1.52]', 'Aluminum: (-inf..0.88]', not 'Silicon: (73.08..+inf)' => 'Sodium: (13.38..13.72]'
c1 rule: 'Aluminum: (1.19..1.37]', not 'Refractive Index: (-inf..1.52]', not 'Silicon: (72.02..72.49]' => 'Sodium: (13.38..13.72]'
c1 rule: 'Aluminum: (1.19..1.37]', 'Calcium: (8.81..9.59]', not 'Magnesium: (-inf..3.1]' => 'Sodium: (13.38..13.72]'
c1 rule: 'Magnesium: (3.61..3.77]', 'Aluminum: (0.88..1.19]', 'Calcium: (9.59..+inf)' => 'Sodium: (13.38..13.72]'
c1 rule: 'Refractive Index: (-inf..1.52]', 'Aluminum: (0.88..1.19]', not 'Potassium: (0.54..0.64]' => 'Sodium: (13.38..13.72]'
c1 rule: 'Magnesium: (3.77..+inf)', 'Calcium: (8.16..8.5]', not 'Potassium: (0.54..0.64]' => 'Sodium: (13.38..13.72]'
c1 rule: 'Aluminum: (1.19..1.37]', 'Calcium: (8.16..8.5]', 'Iron: (0.1..0.16]' => 'Sodium: (13.38..13.72]'
c1 rule: 'Aluminum: (1.37..1.58]', 'Silicon: (72.02..72.49]', 'Calcium: (-inf..8.16]' => 'Sodium: (13.38..13.72]'
c1 rule: 'Silicon: (72.02..72.49]', 'Potassium: (0.54..0.64]', 'Calcium: (8.5..8.81]' => 'Sodium: (13.38..13.72]'
c1 rule: 'Silicon: (72.8..73.08]', 'Potassium: (0.37..0.54]', not 'Magnesium: (3.1..3.45]' => 'Sodium: (13.38..13.72]'
c1 rule: 'Silicon: (72.49..72.8]', 'Potassium: (0.54..0.64]', 'Calcium: (-inf..8.16]' => 'Sodium: (13.38..13.72]'
c1 rule: 'Aluminum: (0.88..1.19]', 'Silicon: (72.8..73.08]', 'Iron: (-inf..0.1]' => 'Sodium: (13.38..13.72]'
c1 rule: 'Aluminum: (1.37..1.58]', 'Silicon: (72.49..72.8]', not 'Magnesium: (3.61..3.77]', not 'Calcium: (8.16..8.5]' => 'Sodium: (13.38..13.72]'
c1 # of rules: 21
c1 rule time: 0.0217

c1 computing class: (13.72..+inf)
c1 discrimination constraints: 103h
c1 coverage constraints: 17v+613h
c1 formula: 97v, 836c (756h+80s)
c1 enumerating rules (maxsat-based)
c1 rule: 'Magnesium: (-inf..3.1]', 'Potassium: (0.37..0.54]' => 'Sodium: (13.72..+inf)'
c1 rule: 'Magnesium: (-inf..3.1]', 'Calcium: (-inf..8.16]' => 'Sodium: (13.72..+inf)'
c1 rule: 'Magnesium: (-inf..3.1]', 'Silicon: (72.49..72.8]' => 'Sodium: (13.72..+inf)'
c1 rule: 'Potassium: (0.13..0.37]', 'Calcium: (-inf..8.16]' => 'Sodium: (13.72..+inf)'
c1 rule: 'Barium: (0.44..+inf)', not 'Iron: (0.22..0.29]' => 'Sodium: (13.72..+inf)'
c1 rule: 'Iron: (-inf..0.1]', not 'Barium: (-inf..0.08]' => 'Sodium: (13.72..+inf)'
c1 rule: 'Magnesium: (3.77..+inf)', 'Calcium: (9.59..+inf)' => 'Sodium: (13.72..+inf)'
c1 rule: 'Potassium: (0.13..0.37]', 'Iron: (0.29..+inf)' => 'Sodium: (13.72..+inf)'
c1 rule: 'Magnesium: (3.77..+inf)', 'Potassium: (0.13..0.37]', not 'Aluminum: (-inf..0.88]' => 'Sodium: (13.72..+inf)'
c1 rule: 'Silicon: (72.02..72.49]', 'Iron: (-inf..0.1]', not 'Refractive Index: (-inf..1.52]' => 'Sodium: (13.72..+inf)'
c1 rule: 'Magnesium: (3.45..3.61]', 'Aluminum: (1.19..1.37]', 'Silicon: (72.02..72.49]' => 'Sodium: (13.72..+inf)'
c1 rule: 'Magnesium: (3.45..3.61]', 'Aluminum: (1.19..1.37]', 'Calcium: (-inf..8.16]' => 'Sodium: (13.72..+inf)'
c1 rule: 'Magnesium: (3.77..+inf)', 'Calcium: (8.81..9.59]', 'Iron: (-inf..0.1]' => 'Sodium: (13.72..+inf)'
c1 # of rules: 13
c1 rule time: 0.0106

c2 total rules: 94

c0 computing feature 3
c1 computing class: (-inf..3.1]
c1 discrimination constraints: 100h
c1 coverage constraints: 20v+721h
c1 formula: 100v, 941c (861h+80s)
c1 enumerating rules (maxsat-based)
c1 rule: 'Silicon: (-inf..72.02]', 'Iron: (0.16..0.22]' => 'Magnesium: (-inf..3.1]'
c1 rule: 'Silicon: (72.8..73.08]', 'Calcium: (9.59..+inf)' => 'Magnesium: (-inf..3.1]'
c1 rule: 'Sodium: (-inf..12.74]', 'Potassium: (-inf..0.13]' => 'Magnesium: (-inf..3.1]'
c1 rule: 'Sodium: (-inf..12.74]', 'Aluminum: (-inf..0.88]' => 'Magnesium: (-inf..3.1]'
c1 rule: 'Aluminum: (-inf..0.88]', 'Silicon: (73.08..+inf)' => 'Magnesium: (-inf..3.1]'
c1 rule: 'Silicon: (73.08..+inf)', not 'Barium: (-inf..0.08]' => 'Magnesium: (-inf..3.1]'
c1 rule: 'Aluminum: (1.58..+inf)', 'Calcium: (8.5..8.81]' => 'Magnesium: (-inf..3.1]'
c1 rule: 'Aluminum: (1.58..+inf)', not 'Refractive Index: (-inf..1.52]' => 'Magnesium: (-inf..3.1]'
c1 rule: 'Aluminum: (1.58..+inf)', 'Calcium: (8.81..9.59]' => 'Magnesium: (-inf..3.1]'
c1 rule: 'Aluminum: (1.19..1.37]', not 'Refractive Index: (-inf..1.52]' => 'Magnesium: (-inf..3.1]'
c1 rule: 'Silicon: (72.49..72.8]', 'Calcium: (9.59..+inf)' => 'Magnesium: (-inf..3.1]'
c1 rule: 'Sodium: (13.72..+inf)', 'Potassium: (0.64..+inf)' => 'Magnesium: (-inf..3.1]'
c1 rule: 'Aluminum: (1.19..1.37]', 'Calcium: (8.81..9.59]', not 'Sodium: (13.38..13.72]' => 'Magnesium: (-inf..3.1]'
c1 rule: 'Aluminum: (0.88..1.19]', 'Silicon: (72.8..73.08]', 'Calcium: (8.81..9.59]' => 'Magnesium: (-inf..3.1]'
c1 # of rules: 14
c1 rule time: 0.0115

c1 computing class: (3.1..3.45]
c1 discrimination constraints: 102h
c1 coverage constraints: 18v+649h
c1 formula: 98v, 871c (791h+80s)
c1 enumerating rules (maxsat-based)
c1 rule: 'Potassium: (-inf..0.13]', 'Calcium: (8.16..8.5]' => 'Magnesium: (3.1..3.45]'
c1 rule: 'Aluminum: (1.37..1.58]', 'Calcium: (8.81..9.59]' => 'Magnesium: (3.1..3.45]'
c1 rule: 'Calcium: (8.5..8.81]', 'Iron: (0.22..0.29]' => 'Magnesium: (3.1..3.45]'
c1 rule: 'Silicon: (72.02..72.49]', 'Calcium: (8.5..8.81]' => 'Magnesium: (3.1..3.45]'
c1 rule: 'Sodium: (12.74..13.03]', 'Potassium: (0.37..0.54]', not 'Aluminum: (1.19..1.37]' => 'Magnesium: (3.1..3.45]'
c1 rule: 'Silicon: (72.8..73.08]', 'Potassium: (0.37..0.54]', not 'Sodium: (13.38..13.72]' => 'Magnesium: (3.1..3.45]'
c1 rule: 'Potassium: (0.64..+inf)', 'Calcium: (8.16..8.5]', not 'Sodium: (12.74..13.03]' => 'Magnesium: (3.1..3.45]'
c1 rule: 'Aluminum: (1.37..1.58]', 'Silicon: (73.08..+inf)', 'Calcium: (8.16..8.5]' => 'Magnesium: (3.1..3.45]'
c1 rule: 'Sodium: (13.03..13.38]', 'Aluminum: (1.58..+inf)', not 'Iron: (-inf..0.1]' => 'Magnesium: (3.1..3.45]'
c1 rule: 'Silicon: (72.8..73.08]', 'Calcium: (8.5..8.81]', not 'Aluminum: (1.19..1.37]' => 'Magnesium: (3.1..3.45]'
c1 rule: 'Aluminum: (1.19..1.37]', 'Silicon: (73.08..+inf)', 'Calcium: (8.5..8.81]' => 'Magnesium: (3.1..3.45]'
c1 rule: 'Sodium: (13.03..13.38]', 'Aluminum: (1.19..1.37]', 'Calcium: (8.5..8.81]' => 'Magnesium: (3.1..3.45]'
c1 rule: 'Aluminum: (0.88..1.19]', 'Iron: (0.22..0.29]', not 'Calcium: (9.59..+inf)' => 'Magnesium: (3.1..3.45]'
c1 rule: 'Silicon: (72.02..72.49]', 'Calcium: (8.81..9.59]', not 'Sodium: (12.74..13.03]' => 'Magnesium: (3.1..3.45]'
c1 rule: 'Sodium: (13.03..13.38]', 'Calcium: (8.81..9.59]', not 'Aluminum: (1.19..1.37]' => 'Magnesium: (3.1..3.45]'
c1 rule: 'Silicon: (73.08..+inf)', 'Iron: (0.22..0.29]', not 'Sodium: (-inf..12.74]' => 'Magnesium: (3.1..3.45]'
c1 rule: 'Aluminum: (1.37..1.58]', 'Silicon: (73.08..+inf)', 'Potassium: (0.54..0.64]', not 'Calcium: (8.5..8.81]' => 'Magnesium: (3.1..3.45]'
c1 # of rules: 17
c1 rule time: 0.0159

c1 computing class: (3.45..3.61]
c1 discrimination constraints: 77h
c1 coverage constraints: 43v+1549h
c1 formula: 123v, 1746c (1666h+80s)
c1 enumerating rules (maxsat-based)
c1 rule: 'Barium: (0.12..0.15]' => 'Magnesium: (3.45..3.61]'
c1 rule: 'Barium: (0.44..+inf)', not 'Potassium: (0.54..0.64]' => 'Magnesium: (3.45..3.61]'
c1 rule: not 'Potassium: (0.54..0.64]', not 'Barium: (-inf..0.08]' => 'Magnesium: (3.45..3.61]'
c1 rule: 'Aluminum: (1.19..1.37]', not 'Barium: (-inf..0.08]' => 'Magnesium: (3.45..3.61]'
c1 rule: 'Aluminum: (1.19..1.37]', 'Iron: (0.16..0.22]' => 'Magnesium: (3.45..3.61]'
c1 rule: 'Calcium: (9.59..+inf)', 'Iron: (0.1..0.16]' => 'Magnesium: (3.45..3.61]'
c1 rule: 'Sodium: (13.72..+inf)', 'Potassium: (0.54..0.64]' => 'Magnesium: (3.45..3.61]'
c1 rule: 'Sodium: (-inf..12.74]', 'Iron: (0.1..0.16]' => 'Magnesium: (3.45..3.61]'
c1 rule: 'Silicon: (72.8..73.08]', 'Potassium: (0.13..0.37]' => 'Magnesium: (3.45..3.61]'
c1 rule: 'Aluminum: (1.19..1.37]', 'Potassium: (0.64..+inf)' => 'Magnesium: (3.45..3.61]'
c1 rule: 'Sodium: (13.38..13.72]', 'Potassium: (0.64..+inf)' => 'Magnesium: (3.45..3.61]'
c1 rule: 'Sodium: (13.38..13.72]', 'Aluminum: (1.58..+inf)' => 'Magnesium: (3.45..3.61]'
c1 rule: 'Sodium: (12.74..13.03]', 'Aluminum: (1.58..+inf)' => 'Magnesium: (3.45..3.61]'
c1 rule: 'Aluminum: (1.58..+inf)', 'Silicon: (72.49..72.8]' => 'Magnesium: (3.45..3.61]'
c1 rule: 'Sodium: (-inf..12.74]', 'Calcium: (-inf..8.16]' => 'Magnesium: (3.45..3.61]'
c1 rule: 'Potassium: (0.54..0.64]', 'Iron: (0.29..+inf)', not 'Calcium: (8.5..8.81]' => 'Magnesium: (3.45..3.61]'
c1 rule: 'Sodium: (-inf..12.74]', 'Calcium: (8.16..8.5]', not 'Aluminum: (1.37..1.58]' => 'Magnesium: (3.45..3.61]'
c1 rule: 'Aluminum: (1.19..1.37]', 'Silicon: (73.08..+inf)', 'Calcium: (8.16..8.5]' => 'Magnesium: (3.45..3.61]'
c1 rule: 'Silicon: (73.08..+inf)', 'Calcium: (8.16..8.5]', not 'Aluminum: (1.37..1.58]' => 'Magnesium: (3.45..3.61]'
c1 rule: 'Sodium: (12.74..13.03]', 'Silicon: (73.08..+inf)', 'Iron: (-inf..0.1]' => 'Magnesium: (3.45..3.61]'
c1 rule: 'Potassium: (0.64..+inf)', not 'Sodium: (-inf..12.74]', not 'Calcium: (-inf..8.16]' => 'Magnesium: (3.45..3.61]'
c1 rule: 'Sodium: (-inf..12.74]', 'Aluminum: (1.37..1.58]', not 'Calcium: (8.16..8.5]' => 'Magnesium: (3.45..3.61]'
c1 rule: 'Refractive Index: (-inf..1.52]', 'Sodium: (13.72..+inf)', not 'Aluminum: (1.58..+inf)' => 'Magnesium: (3.45..3.61]'
c1 rule: 'Refractive Index: (-inf..1.52]', 'Silicon: (-inf..72.02]', 'Iron: (-inf..0.1]' => 'Magnesium: (3.45..3.61]'
c1 rule: 'Sodium: (13.38..13.72]', 'Potassium: (0.37..0.54]', not 'Calcium: (8.16..8.5]' => 'Magnesium: (3.45..3.61]'
c1 rule: 'Aluminum: (1.19..1.37]', 'Silicon: (72.8..73.08]', 'Calcium: (8.16..8.5]' => 'Magnesium: (3.45..3.61]'
c1 rule: 'Sodium: (-inf..12.74]', 'Aluminum: (1.19..1.37]', 'Silicon: (72.8..73.08]' => 'Magnesium: (3.45..3.61]'
c1 rule: 'Aluminum: (1.37..1.58]', 'Silicon: (72.8..73.08]', not 'Sodium: (12.74..13.03]' => 'Magnesium: (3.45..3.61]'
c1 rule: 'Sodium: (13.38..13.72]', 'Calcium: (-inf..8.16]', not 'Aluminum: (0.88..1.19]' => 'Magnesium: (3.45..3.61]'
c1 rule: 'Potassium: (0.37..0.54]', 'Calcium: (-inf..8.16]', not 'Silicon: (72.49..72.8]' => 'Magnesium: (3.45..3.61]'
c1 rule: 'Aluminum: (1.37..1.58]', 'Silicon: (72.49..72.8]', 'Iron: (-inf..0.1]' => 'Magnesium: (3.45..3.61]'
c1 rule: 'Sodium: (13.03..13.38]', 'Potassium: (0.64..+inf)', 'Iron: (-inf..0.1]' => 'Magnesium: (3.45..3.61]'
c1 rule: 'Potassium: (-inf..0.13]', 'Calcium: (8.81..9.59]', not 'Aluminum: (-inf..0.88]' => 'Magnesium: (3.45..3.61]'
c1 rule: 'Silicon: (72.49..72.8]', 'Calcium: (8.16..8.5]', not 'Iron: (0.1..0.16]' => 'Magnesium: (3.45..3.61]'
c1 # of rules: 34
c1 rule time: 0.0336

c1 computing class: (3.61..3.77]
c1 discrimination constraints: 98h
c1 coverage constraints: 22v+793h
c1 formula: 102v, 1011c (931h+80s)
c1 enumerating rules (maxsat-based)
c1 rule: 'Calcium: (8.16..8.5]', not 'Barium: (-inf..0.08]' => 'Magnesium: (3.61..3.77]'
c1 rule: 'Aluminum: (0.88..1.19]', 'Iron: (0.16..0.22]' => 'Magnesium: (3.61..3.77]'
c1 rule: 'Sodium: (13.03..13.38]', 'Silicon: (-inf..72.02]' => 'Magnesium: (3.61..3.77]'
c1 rule: 'Sodium: (13.03..13.38]', 'Aluminum: (-inf..0.88]' => 'Magnesium: (3.61..3.77]'
c1 rule: 'Silicon: (-inf..72.02]', 'Calcium: (-inf..8.16]' => 'Magnesium: (3.61..3.77]'
c1 rule: 'Sodium: (12.74..13.03]', 'Calcium: (8.81..9.59]' => 'Magnesium: (3.61..3.77]'
c1 rule: 'Potassium: (0.13..0.37]', 'Calcium: (8.5..8.81]' => 'Magnesium: (3.61..3.77]'
c1 rule: 'Aluminum: (0.88..1.19]', 'Potassium: (0.37..0.54]' => 'Magnesium: (3.61..3.77]'
c1 rule: 'Silicon: (72.49..72.8]', 'Iron: (0.29..+inf)' => 'Magnesium: (3.61..3.77]'
c1 rule: 'Aluminum: (0.88..1.19]', 'Silicon: (72.8..73.08]', 'Calcium: (-inf..8.16]' => 'Magnesium: (3.61..3.77]'
c1 rule: 'Silicon: (72.8..73.08]', 'Potassium: (-inf..0.13]', 'Calcium: (8.81..9.59]' => 'Magnesium: (3.61..3.77]'
c1 rule: 'Refractive Index: (-inf..1.52]', 'Aluminum: (0.88..1.19]', 'Potassium: (-inf..0.13]' => 'Magnesium: (3.61..3.77]'
c1 rule: 'Sodium: (13.38..13.72]', 'Aluminum: (0.88..1.19]', 'Calcium: (9.59..+inf)' => 'Magnesium: (3.61..3.77]'
c1 rule: 'Sodium: (-inf..12.74]', 'Aluminum: (0.88..1.19]', 'Iron: (-inf..0.1]' => 'Magnesium: (3.61..3.77]'
c1 rule: 'Calcium: (8.5..8.81]', 'Iron: (0.1..0.16]', not 'Sodium: (-inf..12.74]' => 'Magnesium: (3.61..3.77]'
c1 rule: 'Aluminum: (1.19..1.37]', 'Potassium: (0.54..0.64]', 'Calcium: (-inf..8.16]' => 'Magnesium: (3.61..3.77]'
c1 rule: 'Silicon: (72.49..72.8]', 'Calcium: (-inf..8.16]', not 'Iron: (-inf..0.1]' => 'Magnesium: (3.61..3.77]'
c1 rule: 'Sodium: (13.03..13.38]', 'Aluminum: (1.19..1.37]', 'Silicon: (72.02..72.49]', not 'Iron: (0.22..0.29]' => 'Magnesium: (3.61..3.77]'
c1 rule: 'Sodium: (12.74..13.03]', 'Silicon: (72.8..73.08]', 'Potassium: (0.54..0.64]', 'Calcium: (8.5..8.81]', 'Iron: (-inf..0.1]' => 'Magnesium: (3.61..3.77]'
c1 # of rules: 19
c1 rule time: 0.0171

c1 computing class: (3.77..+inf)
c1 discrimination constraints: 103h
c1 coverage constraints: 17v+613h
c1 formula: 97v, 836c (756h+80s)
c1 enumerating rules (maxsat-based)
c1 rule: 'Sodium: (13.38..13.72]', 'Calcium: (8.16..8.5]' => 'Magnesium: (3.77..+inf)'
c1 rule: 'Aluminum: (-inf..0.88]', 'Iron: (0.1..0.16]' => 'Magnesium: (3.77..+inf)'
c1 rule: 'Sodium: (13.72..+inf)', 'Calcium: (8.81..9.59]' => 'Magnesium: (3.77..+inf)'
c1 rule: 'Silicon: (72.02..72.49]', 'Iron: (0.22..0.29]' => 'Magnesium: (3.77..+inf)'
c1 rule: 'Calcium: (8.16..8.5]', 'Iron: (0.1..0.16]' => 'Magnesium: (3.77..+inf)'
c1 rule: 'Potassium: (-inf..0.13]', 'Calcium: (8.5..8.81]', not 'Refractive Index: (-inf..1.52]' => 'Magnesium: (3.77..+inf)'
c1 rule: 'Aluminum: (1.37..1.58]', 'Silicon: (72.02..72.49]', 'Calcium: (8.16..8.5]' => 'Magnesium: (3.77..+inf)'
c1 rule: 'Aluminum: (0.88..1.19]', 'Silicon: (72.02..72.49]', 'Iron: (-inf..0.1]' => 'Magnesium: (3.77..+inf)'
c1 rule: 'Aluminum: (-inf..0.88]', 'Potassium: (0.13..0.37]', 'Iron: (-inf..0.1]' => 'Magnesium: (3.77..+inf)'
c1 rule: 'Aluminum: (1.19..1.37]', 'Calcium: (-inf..8.16]', not 'Sodium: (13.72..+inf)', not 'Silicon: (72.8..73.08]' => 'Magnesium: (3.77..+inf)'
c1 # of rules: 10
c1 rule time: 0.0105

c2 total rules: 94

c0 computing feature 4
c1 computing class: (-inf..0.88]
c1 discrimination constraints: 106h
c1 coverage constraints: 14v+505h
c1 formula: 94v, 731c (651h+80s)
c1 enumerating rules (maxsat-based)
c1 rule: 'Barium: (0.12..0.15]' => 'Aluminum: (-inf..0.88]'
c1 rule: 'Silicon: (72.8..73.08]', not 'Refractive Index: (-inf..1.52]' => 'Aluminum: (-inf..0.88]'
c1 rule: 'Silicon: (72.8..73.08]', 'Potassium: (-inf..0.13]' => 'Aluminum: (-inf..0.88]'
c1 rule: 'Sodium: (13.03..13.38]', 'Silicon: (-inf..72.02]' => 'Aluminum: (-inf..0.88]'
c1 rule: 'Silicon: (73.08..+inf)', not 'Refractive Index: (-inf..1.52]' => 'Aluminum: (-inf..0.88]'
c1 rule: 'Silicon: (73.08..+inf)', 'Calcium: (9.59..+inf)' => 'Aluminum: (-inf..0.88]'
c1 rule: 'Magnesium: (3.77..+inf)', 'Calcium: (9.59..+inf)' => 'Aluminum: (-inf..0.88]'
c1 rule: 'Silicon: (73.08..+inf)', 'Potassium: (0.13..0.37]' => 'Aluminum: (-inf..0.88]'
c1 rule: 'Potassium: (0.13..0.37]', 'Iron: (0.16..0.22]' => 'Aluminum: (-inf..0.88]'
c1 rule: 'Magnesium: (3.77..+inf)', 'Calcium: (8.81..9.59]', not 'Sodium: (13.72..+inf)' => 'Aluminum: (-inf..0.88]'
c1 rule: 'Magnesium: (3.77..+inf)', 'Potassium: (-inf..0.13]', not 'Calcium: (8.5..8.81]' => 'Aluminum: (-inf..0.88]'
c1 rule: 'Potassium: (-inf..0.13]', 'Calcium: (9.59..+inf)', not 'Magnesium: (-inf..3.1]' => 'Aluminum: (-inf..0.88]'
c1 rule: 'Sodium: (-inf..12.74]', 'Calcium: (9.59..+inf)', 'Iron: (-inf..0.1]' => 'Aluminum: (-inf..0.88]'
c1 # of rules: 13
c1 rule time: 0.0093

c1 computing class: (0.88..1.19]
c1 discrimination constraints: 94h
c1 coverage constraints: 26v+937h
c1 formula: 106v, 1151c (1071h+80s)
c1 enumerating rules (maxsat-based)
c1 rule: 'Sodium: (12.74..13.03]', 'Magnesium: (3.77..+inf)' => 'Aluminum: (0.88..1.19]'
c1 rule: 'Sodium: (12.74..13.03]', 'Silicon: (72.02..72.49]' => 'Aluminum: (0.88..1.19]'
c1 rule: 'Magnesium: (3.45..3.61]', 'Calcium: (9.59..+inf)' => 'Aluminum: (0.88..1.19]'
c1 rule: 'Magnesium: (3.45..3.61]', not 'Refractive Index: (-inf..1.52]' => 'Aluminum: (0.88..1.19]'
c1 rule: 'Potassium: (0.13..0.37]', 'Iron: (0.29..+inf)' => 'Aluminum: (0.88..1.19]'
c1 rule: 'Potassium: (0.13..0.37]', 'Calcium: (8.5..8.81]' => 'Aluminum: (0.88..1.19]'
c1 rule: 'Calcium: (8.5..8.81]', not 'Refractive Index: (-inf..1.52]' => 'Aluminum: (0.88..1.19]'
c1 rule: 'Sodium: (-inf..12.74]', 'Magnesium: (3.61..3.77]' => 'Aluminum: (0.88..1.19]'
c1 rule: 'Potassium: (-inf..0.13]', 'Iron: (0.22..0.29]' => 'Aluminum: (0.88..1.19]'
c1 rule: 'Magnesium: (3.1..3.45]', 'Iron: (0.29..+inf)' => 'Aluminum: (0.88..1.19]'
c1 rule: 'Sodium: (13.03..13.38]', 'Iron: (0.1..0.16]' => 'Aluminum: (0.88..1.19]'
c1 rule: 'Sodium: (13.03..13.38]', not 'Barium: (-inf..0.08]' => 'Aluminum: (0.88..1.19]'
c1 rule: 'Silicon: (72.49..72.8]', 'Potassium: (-inf..0.13]' => 'Aluminum: (0.88..1.19]'
c1 rule: 'Magnesium: (3.45..3.61]', 'Iron: (0.29..+inf)' => 'Aluminum: (0.88..1.19]'
c1 rule: 'Magnesium: (3.77..+inf)', 'Potassium: (0.54..0.64]', not 'Calcium: (8.16..8.5]' => 'Aluminum: (0.88..1.19]'
c1 rule: 'Potassium: (0.13..0.37]', 'Iron: (-inf..0.1]', not 'Calcium: (9.59..+inf)' => 'Aluminum: (0.88..1.19]'
c1 rule: 'Sodium: (13.38..13.72]', 'Calcium: (9.59..+inf)', not 'Magnesium: (-inf..3.1]' => 'Aluminum: (0.88..1.19]'
c1 rule: 'Sodium: (13.38..13.72]', 'Magnesium: (3.61..3.77]', not 'Calcium: (8.81..9.59]' => 'Aluminum: (0.88..1.19]'
c1 rule: 'Sodium: (-inf..12.74]', 'Calcium: (8.81..9.59]', not 'Magnesium: (-inf..3.1]' => 'Aluminum: (0.88..1.19]'
c1 rule: 'Sodium: (13.38..13.72]', 'Silicon: (72.8..73.08]', 'Potassium: (0.54..0.64]' => 'Aluminum: (0.88..1.19]'
c1 rule: 'Sodium: (12.74..13.03]', 'Silicon: (73.08..+inf)', 'Calcium: (8.5..8.81]', not 'Barium: (0.08..0.12]' => 'Aluminum: (0.88..1.19]'
c1 rule: 'Sodium: (13.03..13.38]', 'Magnesium: (3.45..3.61]', 'Silicon: (73.08..+inf)', 'Potassium: (0.54..0.64]' => 'Aluminum: (0.88..1.19]'
c1 # of rules: 22
c1 rule time: 0.0164

c1 computing class: (1.19..1.37]
c1 discrimination constraints: 84h
c1 coverage constraints: 36v+1297h
c1 formula: 116v, 1501c (1421h+80s)
c1 enumerating rules (maxsat-based)
c1 rule: 'Barium: (0.08..0.12]', not 'Potassium: (0.54..0.64]' => 'Aluminum: (1.19..1.37]'
c1 rule: 'Magnesium: (3.45..3.61]', 'Barium: (0.08..0.12]' => 'Aluminum: (1.19..1.37]'
c1 rule: 'Magnesium: (3.45..3.61]', 'Barium: (0.44..+inf)' => 'Aluminum: (1.19..1.37]'
c1 rule: 'Silicon: (72.02..72.49]', 'Iron: (0.22..0.29]' => 'Aluminum: (1.19..1.37]'
c1 rule: 'Potassium: (0.37..0.54]', 'Iron: (0.29..+inf)' => 'Aluminum: (1.19..1.37]'
c1 rule: 'Calcium: (8.5..8.81]', 'Iron: (0.22..0.29]' => 'Aluminum: (1.19..1.37]'
c1 rule: 'Sodium: (13.03..13.38]', 'Magnesium: (-inf..3.1]' => 'Aluminum: (1.19..1.37]'
c1 rule: 'Sodium: (-inf..12.74]', 'Iron: (0.1..0.16]' => 'Aluminum: (1.19..1.37]'
c1 rule: 'Sodium: (13.72..+inf)', 'Magnesium: (3.45..3.61]' => 'Aluminum: (1.19..1.37]'
c1 rule: 'Silicon: (72.49..72.8]', 'Iron: (0.29..+inf)' => 'Aluminum: (1.19..1.37]'
c1 rule: 'Magnesium: (3.77..+inf)', 'Silicon: (72.49..72.8]' => 'Aluminum: (1.19..1.37]'
c1 rule: 'Sodium: (13.72..+inf)', 'Potassium: (0.13..0.37]', not 'Silicon: (-inf..72.02]' => 'Aluminum: (1.19..1.37]'
c1 rule: 'Magnesium: (3.77..+inf)', not 'Silicon: (-inf..72.02]', not 'Potassium: (0.54..0.64]' => 'Aluminum: (1.19..1.37]'
c1 rule: 'Sodium: (13.03..13.38]', 'Silicon: (72.8..73.08]', 'Potassium: (0.37..0.54]' => 'Aluminum: (1.19..1.37]'
c1 rule: 'Sodium: (13.03..13.38]', 'Calcium: (8.5..8.81]', not 'Potassium: (0.37..0.54]' => 'Aluminum: (1.19..1.37]'
c1 rule: 'Silicon: (72.8..73.08]', 'Calcium: (8.5..8.81]', not 'Magnesium: (3.1..3.45]' => 'Aluminum: (1.19..1.37]'
c1 rule: 'Magnesium: (3.1..3.45]', 'Silicon: (73.08..+inf)', 'Calcium: (8.5..8.81]' => 'Aluminum: (1.19..1.37]'
c1 rule: 'Magnesium: (-inf..3.1]', 'Iron: (0.22..0.29]', not 'Silicon: (-inf..72.02]' => 'Aluminum: (1.19..1.37]'
c1 rule: 'Refractive Index: (-inf..1.52]', 'Silicon: (-inf..72.02]', not 'Iron: (0.1..0.16]' => 'Aluminum: (1.19..1.37]'
c1 rule: 'Magnesium: (-inf..3.1]', 'Potassium: (0.13..0.37]', 'Iron: (-inf..0.1]' => 'Aluminum: (1.19..1.37]'
c1 rule: 'Sodium: (12.74..13.03]', 'Iron: (0.16..0.22]', not 'Potassium: (0.54..0.64]' => 'Aluminum: (1.19..1.37]'
c1 rule: 'Magnesium: (3.45..3.61]', 'Calcium: (8.5..8.81]', not 'Silicon: (73.08..+inf)' => 'Aluminum: (1.19..1.37]'
c1 rule: 'Magnesium: (3.61..3.77]', 'Calcium: (8.16..8.5]', 'Barium: (-inf..0.08]' => 'Aluminum: (1.19..1.37]'
c1 rule: 'Sodium: (13.38..13.72]', 'Magnesium: (3.1..3.45]', not 'Calcium: (8.5..8.81]' => 'Aluminum: (1.19..1.37]'
c1 rule: 'Sodium: (12.74..13.03]', 'Silicon: (73.08..+inf)', 'Calcium: (8.16..8.5]' => 'Aluminum: (1.19..1.37]'
c1 rule: 'Sodium: (-inf..12.74]', 'Potassium: (0.54..0.64]', 'Calcium: (8.16..8.5]' => 'Aluminum: (1.19..1.37]'
c1 rule: 'Sodium: (12.74..13.03]', 'Calcium: (8.5..8.81]', not 'Silicon: (73.08..+inf)', not 'Iron: (0.1..0.16]' => 'Aluminum: (1.19..1.37]'
c1 rule: 'Potassium: (0.54..0.64]', 'Calcium: (8.16..8.5]', 'Iron: (-inf..0.1]', not 'Sodium: (13.03..13.38]' => 'Aluminum: (1.19..1.37]'
c1 rule: 'Sodium: (13.03..13.38]', 'Silicon: (72.8..73.08]', 'Calcium: (8.16..8.5]', 'Barium: (-inf..0.08]' => 'Aluminum: (1.19..1.37]'
c1 rule: 'Sodium: (13.03..13.38]', 'Silicon: (72.8..73.08]', 'Barium: (-inf..0.08]', not 'Magnesium: (3.45..3.61]' => 'Aluminum: (1.19..1.37]'
c1 # of rules: 30
c1 rule time: 0.0324

c1 computing class: (1.37..1.58]
c1 discrimination constraints: 91h
c1 coverage constraints: 29v+1045h
c1 formula: 109v, 1256c (1176h+80s)
c1 enumerating rules (maxsat-based)
c1 rule: 'Magnesium: (3.1..3.45]', 'Calcium: (-inf..8.16]' => 'Aluminum: (1.37..1.58]'
c1 rule: 'Potassium: (0.37..0.54]', 'Iron: (0.1..0.16]' => 'Aluminum: (1.37..1.58]'
c1 rule: 'Magnesium: (-inf..3.1]', 'Barium: (0.08..0.12]' => 'Aluminum: (1.37..1.58]'
c1 rule: 'Magnesium: (3.61..3.77]', 'Iron: (0.22..0.29]' => 'Aluminum: (1.37..1.58]'
c1 rule: 'Silicon: (72.02..72.49]', 'Calcium: (8.5..8.81]' => 'Aluminum: (1.37..1.58]'
c1 rule: 'Magnesium: (3.1..3.45]', 'Potassium: (0.64..+inf)' => 'Aluminum: (1.37..1.58]'
c1 rule: 'Magnesium: (3.1..3.45]', 'Potassium: (-inf..0.13]' => 'Aluminum: (1.37..1.58]'
c1 rule: 'Potassium: (0.64..+inf)', 'Iron: (0.22..0.29]' => 'Aluminum: (1.37..1.58]'
c1 rule: 'Sodium: (13.38..13.72]', 'Potassium: (0.64..+inf)' => 'Aluminum: (1.37..1.58]'
c1 rule: 'Sodium: (13.03..13.38]', 'Potassium: (0.64..+inf)', not 'Silicon: (72.49..72.8]' => 'Aluminum: (1.37..1.58]'
c1 rule: 'Silicon: (72.8..73.08]', 'Calcium: (8.16..8.5]', not 'Potassium: (0.54..0.64]' => 'Aluminum: (1.37..1.58]'
c1 rule: 'Silicon: (72.8..73.08]', 'Potassium: (0.37..0.54]', not 'Sodium: (13.03..13.38]' => 'Aluminum: (1.37..1.58]'
c1 rule: 'Sodium: (13.03..13.38]', 'Calcium: (8.16..8.5]', not 'Potassium: (0.54..0.64]' => 'Aluminum: (1.37..1.58]'
c1 rule: 'Sodium: (13.03..13.38]', 'Silicon: (73.08..+inf)', not 'Potassium: (0.54..0.64]' => 'Aluminum: (1.37..1.58]'
c1 rule: 'Sodium: (13.38..13.72]', 'Magnesium: (3.45..3.61]', 'Silicon: (72.02..72.49]' => 'Aluminum: (1.37..1.58]'
c1 rule: 'Sodium: (12.74..13.03]', 'Silicon: (72.49..72.8]', 'Iron: (0.1..0.16]' => 'Aluminum: (1.37..1.58]'
c1 rule: 'Sodium: (13.03..13.38]', 'Silicon: (72.02..72.49]', 'Calcium: (8.81..9.59]' => 'Aluminum: (1.37..1.58]'
c1 rule: 'Sodium: (12.74..13.03]', 'Magnesium: (3.61..3.77]', 'Calcium: (-inf..8.16]' => 'Aluminum: (1.37..1.58]'
c1 rule: 'Sodium: (13.03..13.38]', 'Magnesium: (3.45..3.61]', 'Calcium: (-inf..8.16]', not 'Silicon: (72.49..72.8]' => 'Aluminum: (1.37..1.58]'
c1 rule: 'Magnesium: (3.45..3.61]', 'Silicon: (72.8..73.08]', 'Calcium: (-inf..8.16]', 'Iron: (-inf..0.1]' => 'Aluminum: (1.37..1.58]'
c1 rule: 'Sodium: (-inf..12.74]', 'Magnesium: (3.45..3.61]', 'Calcium: (8.5..8.81]', not 'Silicon: (72.8..73.08]' => 'Aluminum: (1.37..1.58]'
c1 # of rules: 21
c1 rule time: 0.0202

c1 computing class: (1.58..+inf)
c1 discrimination constraints: 105h
c1 coverage constraints: 15v+541h
c1 formula: 95v, 766c (686h+80s)
c1 enumerating rules (maxsat-based)
c1 rule: 'Potassium: (0.54..0.64]', not 'Refractive Index: (-inf..1.52]' => 'Aluminum: (1.58..+inf)'
c1 rule: 'Magnesium: (-inf..3.1]', 'Calcium: (-inf..8.16]' => 'Aluminum: (1.58..+inf)'
c1 rule: 'Magnesium: (-inf..3.1]', 'Potassium: (0.64..+inf)' => 'Aluminum: (1.58..+inf)'
c1 rule: 'Silicon: (-inf..72.02]', 'Calcium: (-inf..8.16]' => 'Aluminum: (1.58..+inf)'
c1 rule: 'Calcium: (-inf..8.16]', 'Iron: (0.16..0.22]' => 'Aluminum: (1.58..+inf)'
c1 rule: 'Silicon: (72.49..72.8]', 'Potassium: (0.54..0.64]', 'Calcium: (-inf..8.16]' => 'Aluminum: (1.58..+inf)'
c1 rule: 'Sodium: (12.74..13.03]', 'Silicon: (72.49..72.8]', 'Calcium: (-inf..8.16]' => 'Aluminum: (1.58..+inf)'
c1 rule: 'Sodium: (12.74..13.03]', 'Silicon: (72.49..72.8]', not 'Calcium: (8.5..8.81]' => 'Aluminum: (1.58..+inf)'
c1 rule: 'Sodium: (-inf..12.74]', 'Calcium: (-inf..8.16]', not 'Iron: (0.22..0.29]' => 'Aluminum: (1.58..+inf)'
c1 rule: 'Silicon: (72.02..72.49]', 'Calcium: (8.16..8.5]', 'Iron: (0.16..0.22]' => 'Aluminum: (1.58..+inf)'
c1 rule: 'Silicon: (72.49..72.8]', 'Potassium: (0.64..+inf)', not 'Sodium: (13.38..13.72]', not 'Magnesium: (3.61..3.77]' => 'Aluminum: (1.58..+inf)'
c1 # of rules: 11
c1 rule time: 0.0105

c2 total rules: 97

c0 computing feature 5
c1 computing class: (-inf..72.02]
c1 discrimination constraints: 97h
c1 coverage constraints: 23v+829h
c1 formula: 103v, 1046c (966h+80s)
c1 enumerating rules (maxsat-based)
c1 rule: 'Barium: (0.44..+inf)' => 'Silicon: (-inf..72.02]'
c1 rule: 'Sodium: (13.72..+inf)', 'Aluminum: (-inf..0.88]' => 'Silicon: (-inf..72.02]'
c1 rule: 'Sodium: (13.38..13.72]', not 'Refractive Index: (-inf..1.52]' => 'Silicon: (-inf..72.02]'
c1 rule: 'Calcium: (8.81..9.59]', not 'Refractive Index: (-inf..1.52]' => 'Silicon: (-inf..72.02]'
c1 rule: 'Sodium: (13.72..+inf)', 'Aluminum: (1.37..1.58]' => 'Silicon: (-inf..72.02]'
c1 rule: 'Potassium: (0.37..0.54]', 'Calcium: (9.59..+inf)' => 'Silicon: (-inf..72.02]'
c1 rule: 'Sodium: (13.72..+inf)', 'Calcium: (8.5..8.81]' => 'Silicon: (-inf..72.02]'
c1 rule: 'Sodium: (13.72..+inf)', 'Magnesium: (3.61..3.77]' => 'Silicon: (-inf..72.02]'
c1 rule: 'Sodium: (13.38..13.72]', 'Iron: (0.29..+inf)' => 'Silicon: (-inf..72.02]'
c1 rule: 'Potassium: (-inf..0.13]', 'Iron: (0.22..0.29]' => 'Silicon: (-inf..72.02]'
c1 rule: 'Potassium: (0.37..0.54]', 'Iron: (0.1..0.16]' => 'Silicon: (-inf..72.02]'
c1 rule: 'Magnesium: (3.61..3.77]', 'Calcium: (9.59..+inf)', not 'Iron: (0.16..0.22]' => 'Silicon: (-inf..72.02]'
c1 rule: 'Sodium: (13.38..13.72]', 'Magnesium: (3.45..3.61]', 'Aluminum: (1.19..1.37]' => 'Silicon: (-inf..72.02]'
c1 # of rules: 13
c1 rule time: 0.0107

c1 computing class: (72.02..72.49]
c1 discrimination constraints: 100h
c1 coverage constraints: 20v+721h
c1 formula: 100v, 941c (861h+80s)
c1 enumerating rules (maxsat-based)
c1 rule: 'Sodium: (13.03..13.38]', 'Potassium: (0.13..0.37]' => 'Silicon: (72.02..72.49]'
c1 rule: 'Aluminum: (1.58..+inf)', 'Iron: (0.29..+inf)' => 'Silicon: (72.02..72.49]'
c1 rule: 'Sodium: (13.72..+inf)', 'Potassium: (0.64..+inf)' => 'Silicon: (72.02..72.49]'
c1 rule: 'Sodium: (13.72..+inf)', 'Potassium: (0.54..0.64]' => 'Silicon: (72.02..72.49]'
c1 rule: 'Sodium: (12.74..13.03]', 'Calcium: (8.81..9.59]' => 'Silicon: (72.02..72.49]'
c1 rule: 'Sodium: (13.38..13.72]', 'Magnesium: (3.1..3.45]' => 'Silicon: (72.02..72.49]'
c1 rule: 'Magnesium: (3.77..+inf)', 'Iron: (0.22..0.29]' => 'Silicon: (72.02..72.49]'
c1 rule: 'Aluminum: (1.37..1.58]', 'Calcium: (8.81..9.59]' => 'Silicon: (72.02..72.49]'
c1 rule: 'Magnesium: (3.1..3.45]', 'Aluminum: (1.58..+inf)' => 'Silicon: (72.02..72.49]'
c1 rule: 'Magnesium: (3.77..+inf)', 'Calcium: (8.16..8.5]', 'Iron: (-inf..0.1]' => 'Silicon: (72.02..72.49]'
c1 rule: 'Magnesium: (3.77..+inf)', 'Potassium: (0.54..0.64]', 'Iron: (-inf..0.1]' => 'Silicon: (72.02..72.49]'
c1 rule: 'Sodium: (13.38..13.72]', 'Aluminum: (1.37..1.58]', 'Potassium: (0.54..0.64]' => 'Silicon: (72.02..72.49]'
c1 rule: 'Sodium: (13.72..+inf)', 'Aluminum: (1.19..1.37]', not 'Magnesium: (3.45..3.61]' => 'Silicon: (72.02..72.49]'
c1 rule: 'Magnesium: (3.61..3.77]', 'Calcium: (8.16..8.5]', 'Iron: (-inf..0.1]' => 'Silicon: (72.02..72.49]'
c1 rule: 'Aluminum: (1.37..1.58]', 'Calcium: (8.5..8.81]', not 'Potassium: (0.54..0.64]' => 'Silicon: (72.02..72.49]'
c1 # of rules: 15
c1 rule time: 0.0135

c1 computing class: (72.49..72.8]
c1 discrimination constraints: 98h
c1 coverage constraints: 22v+793h
c1 formula: 102v, 1011c (931h+80s)
c1 enumerating rules (maxsat-based)
c1 rule: 'Barium: (0.12..0.15]' => 'Silicon: (72.49..72.8]'
c1 rule: 'Sodium: (13.38..13.72]', 'Aluminum: (1.58..+inf)' => 'Silicon: (72.49..72.8]'
c1 rule: 'Potassium: (0.13..0.37]', 'Calcium: (8.5..8.81]' => 'Silicon: (72.49..72.8]'
c1 rule: 'Magnesium: (3.61..3.77]', 'Iron: (0.22..0.29]' => 'Silicon: (72.49..72.8]'
c1 rule: 'Magnesium: (3.61..3.77]', 'Potassium: (0.37..0.54]' => 'Silicon: (72.49..72.8]'
c1 rule: 'Sodium: (13.38..13.72]', 'Potassium: (0.64..+inf)' => 'Silicon: (72.49..72.8]'
c1 rule: 'Magnesium: (3.61..3.77]', 'Iron: (0.29..+inf)' => 'Silicon: (72.49..72.8]'
c1 rule: 'Magnesium: (3.1..3.45]', 'Iron: (0.1..0.16]' => 'Silicon: (72.49..72.8]'
c1 rule: 'Sodium: (13.03..13.38]', 'Magnesium: (3.77..+inf)', not 'Calcium: (8.16..8.5]' => 'Silicon: (72.49..72.8]'
c1 rule: 'Potassium: (0.37..0.54]', 'Calcium: (-inf..8.16]', not 'Aluminum: (1.37..1.58]' => 'Silicon: (72.49..72.8]'
c1 rule: 'Sodium: (13.38..13.72]', 'Calcium: (8.16..8.5]', not 'Potassium: (0.37..0.54]' => 'Silicon: (72.49..72.8]'
c1 rule: 'Potassium: (0.64..+inf)', 'Calcium: (8.16..8.5]', not 'Aluminum: (1.37..1.58]' => 'Silicon: (72.49..72.8]'
c1 rule: 'Refractive Index: (-inf..1.52]', 'Aluminum: (0.88..1.19]', not 'Potassium: (0.54..0.64]' => 'Silicon: (72.49..72.8]'
c1 rule: 'Sodium: (13.03..13.38]', 'Magnesium: (3.45..3.61]', 'Aluminum: (1.58..+inf)' => 'Silicon: (72.49..72.8]'
c1 rule: 'Sodium: (13.03..13.38]', 'Potassium: (0.54..0.64]', 'Calcium: (8.5..8.81]' => 'Silicon: (72.49..72.8]'
c1 rule: 'Aluminum: (1.37..1.58]', 'Potassium: (0.54..0.64]', 'Iron: (0.1..0.16]' => 'Silicon: (72.49..72.8]'
c1 rule: 'Sodium: (13.72..+inf)', 'Aluminum: (0.88..1.19]', not 'Potassium: (0.13..0.37]' => 'Silicon: (72.49..72.8]'
c1 rule: 'Magnesium: (3.45..3.61]', 'Aluminum: (1.37..1.58]', 'Calcium: (8.16..8.5]', not 'Iron: (0.22..0.29]' => 'Silicon: (72.49..72.8]'
c1 # of rules: 18
c1 rule time: 0.0187

c1 computing class: (72.8..73.08]
c1 discrimination constraints: 91h
c1 coverage constraints: 29v+1045h
c1 formula: 109v, 1256c (1176h+80s)
c1 enumerating rules (maxsat-based)
c1 rule: 'Sodium: (-inf..12.74]', 'Iron: (0.1..0.16]' => 'Silicon: (72.8..73.08]'
c1 rule: 'Potassium: (0.64..+inf)', 'Calcium: (8.81..9.59]' => 'Silicon: (72.8..73.08]'
c1 rule: 'Aluminum: (1.19..1.37]', 'Potassium: (0.64..+inf)' => 'Silicon: (72.8..73.08]'
c1 rule: 'Sodium: (13.03..13.38]', 'Magnesium: (-inf..3.1]' => 'Silicon: (72.8..73.08]'
c1 rule: 'Sodium: (13.03..13.38]', 'Barium: (0.08..0.12]' => 'Silicon: (72.8..73.08]'
c1 rule: 'Magnesium: (3.45..3.61]', 'Iron: (0.29..+inf)' => 'Silicon: (72.8..73.08]'
c1 rule: 'Magnesium: (3.1..3.45]', 'Iron: (0.29..+inf)' => 'Silicon: (72.8..73.08]'
c1 rule: 'Calcium: (-inf..8.16]', 'Iron: (0.16..0.22]' => 'Silicon: (72.8..73.08]'
c1 rule: 'Calcium: (8.5..8.81]', 'Iron: (0.22..0.29]' => 'Silicon: (72.8..73.08]'
c1 rule: 'Sodium: (12.74..13.03]', 'Magnesium: (3.77..+inf)' => 'Silicon: (72.8..73.08]'
c1 rule: 'Magnesium: (3.1..3.45]', not 'Aluminum: (1.37..1.58]', not 'Potassium: (0.54..0.64]' => 'Silicon: (72.8..73.08]'
c1 rule: 'Magnesium: (3.61..3.77]', 'Aluminum: (1.37..1.58]', 'Iron: (-inf..0.1]' => 'Silicon: (72.8..73.08]'
c1 rule: 'Aluminum: (1.37..1.58]', 'Iron: (0.22..0.29]', not 'Calcium: (-inf..8.16]' => 'Silicon: (72.8..73.08]'
c1 rule: 'Aluminum: (1.19..1.37]', 'Potassium: (0.54..0.64]', 'Calcium: (-inf..8.16]' => 'Silicon: (72.8..73.08]'
c1 rule: 'Magnesium: (3.45..3.61]', 'Potassium: (0.54..0.64]', not 'Iron: (-inf..0.1]' => 'Silicon: (72.8..73.08]'
c1 rule: 'Sodium: (13.72..+inf)', 'Magnesium: (3.45..3.61]', not 'Iron: (-inf..0.1]' => 'Silicon: (72.8..73.08]'
c1 rule: 'Sodium: (12.74..13.03]', 'Calcium: (-inf..8.16]', not 'Potassium: (0.64..+inf)' => 'Silicon: (72.8..73.08]'
c1 rule: 'Sodium: (12.74..13.03]', 'Magnesium: (3.1..3.45]', not 'Iron: (0.22..0.29]' => 'Silicon: (72.8..73.08]'
c1 rule: 'Sodium: (13.38..13.72]', 'Magnesium: (3.61..3.77]', not 'Aluminum: (0.88..1.19]' => 'Silicon: (72.8..73.08]'
c1 rule: 'Sodium: (13.38..13.72]', 'Magnesium: (3.61..3.77]', 'Potassium: (0.54..0.64]' => 'Silicon: (72.8..73.08]'
c1 rule: 'Magnesium: (-inf..3.1]', 'Potassium: (0.54..0.64]', 'Iron: (-inf..0.1]' => 'Silicon: (72.8..73.08]'
c1 rule: 'Sodium: (13.38..13.72]', 'Potassium: (0.37..0.54]', not 'Calcium: (8.16..8.5]' => 'Silicon: (72.8..73.08]'
c1 rule: 'Sodium: (13.03..13.38]', 'Potassium: (0.54..0.64]', 'Calcium: (-inf..8.16]', not 'Magnesium: (3.1..3.45]' => 'Silicon: (72.8..73.08]'
c1 rule: 'Sodium: (-inf..12.74]', 'Magnesium: (3.45..3.61]', 'Aluminum: (1.19..1.37]', 'Calcium: (8.5..8.81]' => 'Silicon: (72.8..73.08]'
c1 # of rules: 24
c1 rule time: 0.0247

c1 computing class: (73.08..+inf)
c1 discrimination constraints: 94h
c1 coverage constraints: 26v+937h
c1 formula: 106v, 1151c (1071h+80s)
c1 enumerating rules (maxsat-based)
c1 rule: 'Sodium: (-inf..12.74]', 'Magnesium: (3.61..3.77]' => 'Silicon: (73.08..+inf)'
c1 rule: 'Magnesium: (-inf..3.1]', 'Calcium: (8.5..8.81]' => 'Silicon: (73.08..+inf)'
c1 rule: 'Refractive Index: (-inf..1.52]', 'Calcium: (9.59..+inf)' => 'Silicon: (73.08..+inf)'
c1 rule: 'Magnesium: (3.1..3.45]', 'Potassium: (0.64..+inf)' => 'Silicon: (73.08..+inf)'
c1 rule: 'Sodium: (-inf..12.74]', 'Calcium: (-inf..8.16]' => 'Silicon: (73.08..+inf)'
c1 rule: 'Sodium: (-inf..12.74]', 'Iron: (0.16..0.22]' => 'Silicon: (73.08..+inf)'
c1 rule: 'Potassium: (-inf..0.13]', 'Iron: (0.16..0.22]' => 'Silicon: (73.08..+inf)'
c1 rule: 'Sodium: (-inf..12.74]', 'Calcium: (8.16..8.5]' => 'Silicon: (73.08..+inf)'
c1 rule: 'Sodium: (-inf..12.74]', 'Aluminum: (1.37..1.58]' => 'Silicon: (73.08..+inf)'
c1 rule: 'Magnesium: (3.1..3.45]', 'Calcium: (-inf..8.16]' => 'Silicon: (73.08..+inf)'
c1 rule: 'Magnesium: (3.1..3.45]', 'Iron: (0.22..0.29]', not 'Sodium: (12.74..13.03]' => 'Silicon: (73.08..+inf)'
c1 rule: 'Refractive Index: (-inf..1.52]', 'Magnesium: (-inf..3.1]', 'Iron: (0.22..0.29]' => 'Silicon: (73.08..+inf)'
c1 rule: 'Sodium: (12.74..13.03]', 'Aluminum: (0.88..1.19]', 'Iron: (-inf..0.1]' => 'Silicon: (73.08..+inf)'
c1 rule: 'Sodium: (13.03..13.38]', 'Calcium: (8.16..8.5]', not 'Potassium: (0.54..0.64]' => 'Silicon: (73.08..+inf)'
c1 rule: 'Sodium: (12.74..13.03]', 'Potassium: (0.37..0.54]', not 'Aluminum: (1.37..1.58]' => 'Silicon: (73.08..+inf)'
c1 rule: 'Sodium: (-inf..12.74]', 'Magnesium: (3.1..3.45]', not 'Iron: (0.29..+inf)' => 'Silicon: (73.08..+inf)'
c1 rule: 'Sodium: (13.03..13.38]', 'Magnesium: (3.45..3.61]', 'Potassium: (0.37..0.54]' => 'Silicon: (73.08..+inf)'
c1 rule: 'Magnesium: (3.45..3.61]', 'Aluminum: (0.88..1.19]', 'Calcium: (8.16..8.5]', 'Iron: (-inf..0.1]' => 'Silicon: (73.08..+inf)'
c1 rule: 'Sodium: (12.74..13.03]', 'Calcium: (-inf..8.16]', not 'Aluminum: (1.58..+inf)', not 'Potassium: (0.54..0.64]' => 'Silicon: (73.08..+inf)'
c1 # of rules: 19
c1 rule time: 0.0174

c2 total rules: 89

c0 computing feature 6
c1 computing class: (-inf..0.13]
c1 discrimination constraints: 104h
c1 coverage constraints: 16v+577h
c1 formula: 96v, 801c (721h+80s)
c1 enumerating rules (maxsat-based)
c1 rule: 'Sodium: (13.03..13.38]', 'Silicon: (-inf..72.02]' => 'Potassium: (-inf..0.13]'
c1 rule: 'Magnesium: (-inf..3.1]', 'Silicon: (72.49..72.8]' => 'Potassium: (-inf..0.13]'
c1 rule: 'Sodium: (13.38..13.72]', 'Silicon: (73.08..+inf)' => 'Potassium: (-inf..0.13]'
c1 rule: 'Magnesium: (3.77..+inf)', 'Calcium: (8.5..8.81]' => 'Potassium: (-inf..0.13]'
c1 rule: 'Silicon: (73.08..+inf)', not 'Refractive Index: (-inf..1.52]' => 'Potassium: (-inf..0.13]'
c1 rule: 'Refractive Index: (-inf..1.52]', 'Barium: (0.44..+inf)' => 'Potassium: (-inf..0.13]'
c1 rule: 'Silicon: (72.8..73.08]', not 'Refractive Index: (-inf..1.52]' => 'Potassium: (-inf..0.13]'
c1 rule: 'Aluminum: (-inf..0.88]', 'Silicon: (72.8..73.08]' => 'Potassium: (-inf..0.13]'
c1 rule: 'Magnesium: (-inf..3.1]', 'Aluminum: (0.88..1.19]', not 'Sodium: (13.38..13.72]' => 'Potassium: (-inf..0.13]'
c1 rule: 'Sodium: (13.38..13.72]', 'Magnesium: (3.45..3.61]', 'Aluminum: (0.88..1.19]' => 'Potassium: (-inf..0.13]'
c1 rule: 'Sodium: (13.72..+inf)', 'Magnesium: (3.61..3.77]', not 'Refractive Index: (-inf..1.52]' => 'Potassium: (-inf..0.13]'
c1 rule: 'Aluminum: (-inf..0.88]', 'Iron: (-inf..0.1]', not 'Sodium: (13.72..+inf)' => 'Potassium: (-inf..0.13]'
c1 rule: 'Aluminum: (-inf..0.88]', 'Iron: (-inf..0.1]', not 'Calcium: (9.59..+inf)' => 'Potassium: (-inf..0.13]'
c1 rule: 'Sodium: (13.03..13.38]', 'Silicon: (73.08..+inf)', not 'Iron: (-inf..0.1]' => 'Potassium: (-inf..0.13]'
c1 # of rules: 14
c1 rule time: 0.0127

c1 computing class: (0.13..0.37]
c1 discrimination constraints: 106h
c1 coverage constraints: 14v+505h
c1 formula: 94v, 731c (651h+80s)
c1 enumerating rules (maxsat-based)
c1 rule: 'Barium: (0.12..0.15]' => 'Potassium: (0.13..0.37]'
c1 rule: 'Aluminum: (-inf..0.88]', 'Iron: (0.16..0.22]' => 'Potassium: (0.13..0.37]'
c1 rule: 'Sodium: (13.72..+inf)', 'Iron: (0.29..+inf)' => 'Potassium: (0.13..0.37]'
c1 rule: 'Aluminum: (-inf..0.88]', not 'Iron: (-inf..0.1]' => 'Potassium: (0.13..0.37]'
c1 rule: 'Magnesium: (3.45..3.61]', 'Calcium: (9.59..+inf)' => 'Potassium: (0.13..0.37]'
c1 rule: 'Sodium: (13.72..+inf)', 'Iron: (0.1..0.16]' => 'Potassium: (0.13..0.37]'
c1 rule: 'Aluminum: (1.19..1.37]', 'Calcium: (9.59..+inf)' => 'Potassium: (0.13..0.37]'
c1 rule: 'Calcium: (9.59..+inf)', not 'Magnesium: (-inf..3.1]', not 'Aluminum: (-inf..0.88]' => 'Potassium: (0.13..0.37]'
c1 rule: 'Sodium: (13.72..+inf)', 'Magnesium: (3.77..+inf)', not 'Aluminum: (-inf..0.88]' => 'Potassium: (0.13..0.37]'
c1 # of rules: 9
c1 rule time: 0.0082

c1 computing class: (0.37..0.54]
c1 discrimination constraints: 104h
c1 coverage constraints: 16v+577h
c1 formula: 96v, 801c (721h+80s)
c1 enumerating rules (maxsat-based)
c1 rule: 'Sodium: (13.38..13.72]', 'Iron: (0.29..+inf)' => 'Potassium: (0.37..0.54]'
c1 rule: 'Silicon: (-inf..72.02]', 'Calcium: (8.16..8.5]' => 'Potassium: (0.37..0.54]'
c1 rule: 'Aluminum: (1.37..1.58]', 'Silicon: (-inf..72.02]' => 'Potassium: (0.37..0.54]'
c1 rule: 'Barium: (0.08..0.12]', 'Iron: (-inf..0.1]' => 'Potassium: (0.37..0.54]'
c1 rule: 'Silicon: (-inf..72.02]', 'Iron: (0.16..0.22]' => 'Potassium: (0.37..0.54]'
c1 rule: 'Sodium: (13.38..13.72]', 'Silicon: (72.02..72.49]', 'Calcium: (8.16..8.5]' => 'Potassium: (0.37..0.54]'
c1 rule: 'Sodium: (13.03..13.38]', 'Silicon: (72.02..72.49]', 'Calcium: (8.5..8.81]' => 'Potassium: (0.37..0.54]'
c1 rule: 'Sodium: (13.03..13.38]', 'Calcium: (8.5..8.81]', not 'Aluminum: (1.19..1.37]' => 'Potassium: (0.37..0.54]'
c1 rule: 'Sodium: (13.03..13.38]', 'Calcium: (8.5..8.81]', not 'Silicon: (72.49..72.8]' => 'Potassium: (0.37..0.54]'
c1 rule: 'Sodium: (13.72..+inf)', 'Silicon: (72.49..72.8]', 'Calcium: (-inf..8.16]' => 'Potassium: (0.37..0.54]'
c1 rule: 'Aluminum: (1.19..1.37]', 'Silicon: (72.49..72.8]', 'Calcium: (-inf..8.16]' => 'Potassium: (0.37..0.54]'
c1 rule: 'Sodium: (13.38..13.72]', 'Magnesium: (3.45..3.61]', 'Silicon: (72.8..73.08]' => 'Potassium: (0.37..0.54]'
c1 rule: 'Magnesium: (3.45..3.61]', 'Iron: (0.16..0.22]', not 'Silicon: (72.8..73.08]' => 'Potassium: (0.37..0.54]'
c1 rule: 'Sodium: (12.74..13.03]', 'Magnesium: (3.1..3.45]', 'Calcium: (8.16..8.5]' => 'Potassium: (0.37..0.54]'
c1 rule: 'Magnesium: (3.1..3.45]', 'Calcium: (8.16..8.5]', not 'Sodium: (-inf..12.74]', not 'Iron: (0.16..0.22]' => 'Potassium: (0.37..0.54]'
c1 # of rules: 15
c1 rule time: 0.0136

c1 computing class: (0.54..0.64]
c1 discrimination constraints: 64h
c1 coverage constraints: 56v+2017h
c1 formula: 136v, 2201c (2121h+80s)
c1 enumerating rules (maxsat-based)
c1 rule: 'Aluminum: (0.88..1.19]', 'Calcium: (8.16..8.5]' => 'Potassium: (0.54..0.64]'
c1 rule: 'Magnesium: (3.1..3.45]', 'Aluminum: (0.88..1.19]' => 'Potassium: (0.54..0.64]'
c1 rule: 'Magnesium: (3.1..3.45]', 'Calcium: (8.81..9.59]' => 'Potassium: (0.54..0.64]'
c1 rule: 'Magnesium: (3.1..3.45]', 'Aluminum: (1.58..+inf)' => 'Potassium: (0.54..0.64]'
c1 rule: 'Sodium: (12.74..13.03]', 'Silicon: (72.02..72.49]' => 'Potassium: (0.54..0.64]'
c1 rule: 'Sodium: (12.74..13.03]', 'Magnesium: (-inf..3.1]' => 'Potassium: (0.54..0.64]'
c1 rule: 'Sodium: (12.74..13.03]', 'Aluminum: (0.88..1.19]' => 'Potassium: (0.54..0.64]'
c1 rule: 'Aluminum: (0.88..1.19]', 'Silicon: (73.08..+inf)' => 'Potassium: (0.54..0.64]'
c1 rule: 'Aluminum: (0.88..1.19]', 'Silicon: (72.8..73.08]' => 'Potassium: (0.54..0.64]'
c1 rule: 'Aluminum: (0.88..1.19]', 'Calcium: (-inf..8.16]' => 'Potassium: (0.54..0.64]'
c1 rule: 'Aluminum: (1.19..1.37]', 'Calcium: (8.81..9.59]' => 'Potassium: (0.54..0.64]'
c1 rule: 'Magnesium: (3.61..3.77]', 'Aluminum: (1.19..1.37]' => 'Potassium: (0.54..0.64]'
c1 rule: 'Sodium: (12.74..13.03]', 'Magnesium: (3.61..3.77]' => 'Potassium: (0.54..0.64]'
c1 rule: 'Calcium: (8.5..8.81]', 'Iron: (0.22..0.29]' => 'Potassium: (0.54..0.64]'
c1 rule: 'Magnesium: (3.1..3.45]', 'Silicon: (72.49..72.8]' => 'Potassium: (0.54..0.64]'
c1 rule: 'Calcium: (8.5..8.81]', not 'Iron: (-inf..0.1]' => 'Potassium: (0.54..0.64]'
c1 rule: 'Sodium: (13.72..+inf)', 'Calcium: (8.16..8.5]' => 'Potassium: (0.54..0.64]'
c1 rule: 'Magnesium: (-inf..3.1]', not 'Barium: (-inf..0.08]' => 'Potassium: (0.54..0.64]'
c1 rule: 'Sodium: (-inf..12.74]', 'Aluminum: (1.19..1.37]' => 'Potassium: (0.54..0.64]'
c1 rule: 'Calcium: (-inf..8.16]', 'Iron: (0.16..0.22]' => 'Potassium: (0.54..0.64]'
c1 rule: 'Sodium: (13.38..13.72]', 'Aluminum: (1.58..+inf)' => 'Potassium: (0.54..0.64]'
c1 rule: 'Silicon: (72.02..72.49]', 'Iron: (0.22..0.29]' => 'Potassium: (0.54..0.64]'
c1 rule: 'Sodium: (13.38..13.72]', 'Magnesium: (3.1..3.45]' => 'Potassium: (0.54..0.64]'
c1 rule: 'Silicon: (72.49..72.8]', 'Iron: (0.1..0.16]' => 'Potassium: (0.54..0.64]'
c1 rule: 'Sodium: (-inf..12.74]', 'Magnesium: (3.45..3.61]', not 'Calcium: (-inf..8.16]' => 'Potassium: (0.54..0.64]'
c1 rule: 'Sodium: (-inf..12.74]', 'Magnesium: (3.45..3.61]', not 'Iron: (0.22..0.29]' => 'Potassium: (0.54..0.64]'
c1 rule: 'Aluminum: (1.19..1.37]', 'Silicon: (72.49..72.8]', 'Calcium: (8.16..8.5]' => 'Potassium: (0.54..0.64]'
c1 rule: 'Silicon: (72.49..72.8]', 'Calcium: (8.16..8.5]', not 'Aluminum: (1.58..+inf)' => 'Potassium: (0.54..0.64]'
c1 rule: 'Aluminum: (1.19..1.37]', 'Silicon: (72.49..72.8]', not 'Calcium: (-inf..8.16]' => 'Potassium: (0.54..0.64]'
c1 rule: 'Magnesium: (3.45..3.61]', 'Calcium: (8.16..8.5]', not 'Sodium: (12.74..13.03]' => 'Potassium: (0.54..0.64]'
c1 rule: 'Magnesium: (3.1..3.45]', 'Calcium: (-inf..8.16]', not 'Sodium: (12.74..13.03]' => 'Potassium: (0.54..0.64]'
c1 rule: 'Sodium: (13.03..13.38]', 'Calcium: (8.16..8.5]', not 'Magnesium: (3.1..3.45]' => 'Potassium: (0.54..0.64]'
c1 rule: 'Aluminum: (1.37..1.58]', 'Silicon: (72.02..72.49]', not 'Calcium: (8.5..8.81]' => 'Potassium: (0.54..0.64]'
c1 rule: 'Sodium: (12.74..13.03]', 'Silicon: (72.8..73.08]', 'Calcium: (-inf..8.16]' => 'Potassium: (0.54..0.64]'
c1 rule: 'Silicon: (72.8..73.08]', 'Calcium: (8.16..8.5]', not 'Aluminum: (1.37..1.58]' => 'Potassium: (0.54..0.64]'
c1 rule: 'Aluminum: (1.19..1.37]', 'Silicon: (73.08..+inf)', not 'Iron: (0.16..0.22]' => 'Potassium: (0.54..0.64]'
c1 # of rules: 36
c1 rule time: 0.0291

c1 computing class: (0.64..+inf)
c1 discrimination constraints: 102h
c1 coverage constraints: 18v+649h
c1 formula: 98v, 871c (791h+80s)
c1 enumerating rules (maxsat-based)
c1 rule: 'Magnesium: (-inf..3.1]', 'Calcium: (-inf..8.16]' => 'Potassium: (0.64..+inf)'
c1 rule: 'Calcium: (-inf..8.16]', 'Iron: (0.22..0.29]' => 'Potassium: (0.64..+inf)'
c1 rule: 'Aluminum: (1.58..+inf)', 'Calcium: (8.5..8.81]' => 'Potassium: (0.64..+inf)'
c1 rule: 'Aluminum: (1.58..+inf)', 'Calcium: (8.81..9.59]' => 'Potassium: (0.64..+inf)'
c1 rule: 'Aluminum: (1.37..1.58]', 'Iron: (0.22..0.29]' => 'Potassium: (0.64..+inf)'
c1 rule: 'Sodium: (-inf..12.74]', 'Silicon: (72.02..72.49]' => 'Potassium: (0.64..+inf)'
c1 rule: 'Sodium: (12.74..13.03]', 'Calcium: (-inf..8.16]', not 'Silicon: (72.8..73.08]' => 'Potassium: (0.64..+inf)'
c1 rule: 'Sodium: (12.74..13.03]', 'Aluminum: (1.58..+inf)', 'Iron: (-inf..0.1]' => 'Potassium: (0.64..+inf)'
c1 rule: 'Sodium: (-inf..12.74]', 'Calcium: (8.16..8.5]', not 'Aluminum: (1.19..1.37]' => 'Potassium: (0.64..+inf)'
c1 rule: 'Sodium: (13.38..13.72]', 'Aluminum: (1.37..1.58]', 'Silicon: (72.49..72.8]' => 'Potassium: (0.64..+inf)'
c1 rule: 'Sodium: (13.03..13.38]', 'Magnesium: (3.45..3.61]', 'Aluminum: (1.58..+inf)' => 'Potassium: (0.64..+inf)'
c1 rule: 'Sodium: (12.74..13.03]', 'Magnesium: (3.45..3.61]', 'Silicon: (72.8..73.08]', 'Calcium: (8.5..8.81]', 'Barium: (-inf..0.08]' => 'Potassium: (0.64..+inf)'
c1 # of rules: 12
c1 rule time: 0.0122

c2 total rules: 86

c0 computing feature 7
c1 computing class: (-inf..8.16]
c1 discrimination constraints: 92h
c1 coverage constraints: 28v+1009h
c1 formula: 108v, 1221c (1141h+80s)
c1 enumerating rules (maxsat-based)
c1 rule: 'Sodium: (13.03..13.38]', 'Potassium: (0.64..+inf)' => 'Calcium: (-inf..8.16]'
c1 rule: 'Sodium: (13.38..13.72]', 'Potassium: (0.64..+inf)' => 'Calcium: (-inf..8.16]'
c1 rule: 'Sodium: (13.72..+inf)', 'Silicon: (72.8..73.08]' => 'Calcium: (-inf..8.16]'
c1 rule: 'Sodium: (13.72..+inf)', 'Potassium: (0.64..+inf)' => 'Calcium: (-inf..8.16]'
c1 rule: 'Sodium: (13.38..13.72]', 'Aluminum: (1.58..+inf)' => 'Calcium: (-inf..8.16]'
c1 rule: 'Aluminum: (1.58..+inf)', 'Iron: (0.1..0.16]' => 'Calcium: (-inf..8.16]'
c1 rule: 'Sodium: (13.38..13.72]', 'Potassium: (0.37..0.54]', not 'Magnesium: (3.77..+inf)' => 'Calcium: (-inf..8.16]'
c1 rule: 'Magnesium: (3.45..3.61]', 'Potassium: (0.37..0.54]', not 'Aluminum: (1.19..1.37]' => 'Calcium: (-inf..8.16]'
c1 rule: 'Refractive Index: (-inf..1.52]', 'Silicon: (72.49..72.8]', 'Potassium: (0.37..0.54]' => 'Calcium: (-inf..8.16]'
c1 rule: 'Magnesium: (3.45..3.61]', 'Potassium: (0.64..+inf)', not 'Sodium: (12.74..13.03]' => 'Calcium: (-inf..8.16]'
c1 rule: 'Magnesium: (3.45..3.61]', 'Aluminum: (1.58..+inf)', 'Silicon: (73.08..+inf)' => 'Calcium: (-inf..8.16]'
c1 rule: 'Magnesium: (3.45..3.61]', 'Aluminum: (1.58..+inf)', not 'Silicon: (72.49..72.8]' => 'Calcium: (-inf..8.16]'
c1 rule: 'Silicon: (73.08..+inf)', 'Iron: (0.22..0.29]', not 'Potassium: (0.54..0.64]' => 'Calcium: (-inf..8.16]'
c1 rule: 'Silicon: (73.08..+inf)', 'Potassium: (0.64..+inf)', not 'Sodium: (-inf..12.74]' => 'Calcium: (-inf..8.16]'
c1 rule: 'Sodium: (13.38..13.72]', 'Magnesium: (3.45..3.61]', 'Aluminum: (1.37..1.58]' => 'Calcium: (-inf..8.16]'
c1 rule: 'Aluminum: (1.37..1.58]', 'Silicon: (72.8..73.08]', not 'Sodium: (12.74..13.03]' => 'Calcium: (-inf..8.16]'
c1 rule: 'Magnesium: (3.61..3.77]', 'Aluminum: (1.37..1.58]', 'Silicon: (72.8..73.08]' => 'Calcium: (-inf..8.16]'
c1 rule: 'Aluminum: (1.37..1.58]', 'Silicon: (72.8..73.08]', 'Potassium: (0.54..0.64]' => 'Calcium: (-inf..8.16]'
c1 rule: 'Sodium: (13.38..13.72]', 'Magnesium: (3.61..3.77]', 'Potassium: (0.54..0.64]' => 'Calcium: (-inf..8.16]'
c1 rule: 'Sodium: (13.38..13.72]', 'Aluminum: (0.88..1.19]', 'Silicon: (72.02..72.49]' => 'Calcium: (-inf..8.16]'
c1 rule: 'Sodium: (13.03..13.38]', 'Magnesium: (3.61..3.77]', 'Silicon: (72.8..73.08]', 'Iron: (-inf..0.1]' => 'Calcium: (-inf..8.16]'
c1 rule: 'Sodium: (13.03..13.38]', 'Silicon: (73.08..+inf)', 'Potassium: (0.54..0.64]', not 'Aluminum: (0.88..1.19]' => 'Calcium: (-inf..8.16]'
c1 # of rules: 22
c1 rule time: 0.0217

c1 computing class: (8.16..8.5]
c1 discrimination constraints: 93h
c1 coverage constraints: 27v+973h
c1 formula: 107v, 1186c (1106h+80s)
c1 enumerating rules (maxsat-based)
c1 rule: 'Aluminum: (0.88..1.19]', not 'Barium: (-inf..0.08]' => 'Calcium: (8.16..8.5]'
c1 rule: 'Sodium: (12.74..13.03]', 'Magnesium: (3.77..+inf)' => 'Calcium: (8.16..8.5]'
c1 rule: 'Magnesium: (3.1..3.45]', 'Potassium: (-inf..0.13]' => 'Calcium: (8.16..8.5]'
c1 rule: 'Magnesium: (3.77..+inf)', 'Aluminum: (1.37..1.58]' => 'Calcium: (8.16..8.5]'
c1 rule: 'Sodium: (13.38..13.72]', 'Iron: (0.29..+inf)' => 'Calcium: (8.16..8.5]'
c1 rule: 'Magnesium: (3.45..3.61]', 'Iron: (0.29..+inf)' => 'Calcium: (8.16..8.5]'
c1 rule: 'Silicon: (72.02..72.49]', 'Iron: (0.22..0.29]' => 'Calcium: (8.16..8.5]'
c1 rule: 'Magnesium: (3.1..3.45]', 'Iron: (0.16..0.22]' => 'Calcium: (8.16..8.5]'
c1 rule: 'Sodium: (12.74..13.03]', 'Potassium: (0.37..0.54]' => 'Calcium: (8.16..8.5]'
c1 rule: 'Sodium: (13.72..+inf)', 'Potassium: (0.54..0.64]' => 'Calcium: (8.16..8.5]'
c1 rule: 'Silicon: (73.08..+inf)', 'Potassium: (0.37..0.54]', not 'Magnesium: (3.45..3.61]' => 'Calcium: (8.16..8.5]'
c1 rule: 'Silicon: (72.02..72.49]', 'Potassium: (0.37..0.54]', not 'Sodium: (13.03..13.38]' => 'Calcium: (8.16..8.5]'
c1 rule: 'Sodium: (13.03..13.38]', 'Aluminum: (1.19..1.37]', 'Silicon: (72.02..72.49]' => 'Calcium: (8.16..8.5]'
c1 rule: 'Aluminum: (1.19..1.37]', 'Iron: (0.1..0.16]', not 'Silicon: (72.8..73.08]' => 'Calcium: (8.16..8.5]'
c1 rule: 'Sodium: (13.03..13.38]', 'Magnesium: (3.45..3.61]', 'Aluminum: (1.19..1.37]' => 'Calcium: (8.16..8.5]'
c1 rule: 'Aluminum: (1.19..1.37]', 'Silicon: (73.08..+inf)', not 'Sodium: (-inf..12.74]' => 'Calcium: (8.16..8.5]'
c1 rule: 'Magnesium: (3.45..3.61]', 'Aluminum: (1.19..1.37]', 'Silicon: (73.08..+inf)' => 'Calcium: (8.16..8.5]'
c1 rule: 'Sodium: (-inf..12.74]', 'Magnesium: (3.1..3.45]', 'Aluminum: (1.37..1.58]' => 'Calcium: (8.16..8.5]'
c1 rule: 'Aluminum: (1.37..1.58]', 'Silicon: (72.8..73.08]', not 'Iron: (-inf..0.1]' => 'Calcium: (8.16..8.5]'
c1 rule: 'Sodium: (13.03..13.38]', 'Silicon: (73.08..+inf)', not 'Aluminum: (1.37..1.58]' => 'Calcium: (8.16..8.5]'
c1 rule: 'Sodium: (13.03..13.38]', 'Magnesium: (3.77..+inf)', not 'Silicon: (72.49..72.8]' => 'Calcium: (8.16..8.5]'
c1 rule: 'Sodium: (13.03..13.38]', 'Magnesium: (3.45..3.61]', 'Silicon: (72.49..72.8]', not 'Aluminum: (1.58..+inf)' => 'Calcium: (8.16..8.5]'
c1 # of rules: 22
c1 rule time: 0.0242

c1 computing class: (8.5..8.81]
c1 discrimination constraints: 93h
c1 coverage constraints: 27v+973h
c1 formula: 107v, 1186c (1106h+80s)
c1 enumerating rules (maxsat-based)
c1 rule: 'Magnesium: (3.61..3.77]', 'Potassium: (0.37..0.54]' => 'Calcium: (8.5..8.81]'
c1 rule: 'Potassium: (0.37..0.54]', not 'Barium: (-inf..0.08]' => 'Calcium: (8.5..8.81]'
c1 rule: 'Barium: (0.08..0.12]', not 'Silicon: (72.8..73.08]' => 'Calcium: (8.5..8.81]'
c1 rule: 'Barium: (0.08..0.12]', not 'Aluminum: (0.88..1.19]' => 'Calcium: (8.5..8.81]'
c1 rule: 'Magnesium: (3.61..3.77]', 'Silicon: (73.08..+inf)' => 'Calcium: (8.5..8.81]'
c1 rule: 'Aluminum: (1.19..1.37]', 'Potassium: (-inf..0.13]' => 'Calcium: (8.5..8.81]'
c1 rule: 'Sodium: (-inf..12.74]', 'Iron: (0.1..0.16]' => 'Calcium: (8.5..8.81]'
c1 rule: 'Aluminum: (1.19..1.37]', 'Potassium: (0.64..+inf)' => 'Calcium: (8.5..8.81]'
c1 rule: 'Silicon: (72.49..72.8]', 'Iron: (0.29..+inf)' => 'Calcium: (8.5..8.81]'
c1 rule: 'Magnesium: (3.1..3.45]', 'Iron: (0.29..+inf)' => 'Calcium: (8.5..8.81]'
c1 rule: 'Magnesium: (3.1..3.45]', 'Iron: (0.22..0.29]', not 'Silicon: (73.08..+inf)' => 'Calcium: (8.5..8.81]'
c1 rule: 'Sodium: (-inf..12.74]', 'Silicon: (72.8..73.08]', 'Potassium: (0.54..0.64]' => 'Calcium: (8.5..8.81]'
c1 rule: 'Magnesium: (3.1..3.45]', 'Aluminum: (1.19..1.37]', not 'Silicon: (72.02..72.49]' => 'Calcium: (8.5..8.81]'
c1 rule: 'Sodium: (13.38..13.72]', 'Magnesium: (3.1..3.45]', not 'Aluminum: (1.19..1.37]' => 'Calcium: (8.5..8.81]'
c1 rule: 'Magnesium: (3.1..3.45]', 'Silicon: (72.02..72.49]', not 'Potassium: (0.54..0.64]' => 'Calcium: (8.5..8.81]'
c1 rule: 'Magnesium: (-inf..3.1]', 'Silicon: (73.08..+inf)', 'Potassium: (0.64..+inf)' => 'Calcium: (8.5..8.81]'
c1 rule: 'Sodium: (12.74..13.03]', 'Aluminum: (0.88..1.19]', 'Iron: (-inf..0.1]' => 'Calcium: (8.5..8.81]'
c1 rule: 'Sodium: (12.74..13.03]', 'Aluminum: (1.19..1.37]', not 'Magnesium: (3.45..3.61]' => 'Calcium: (8.5..8.81]'
c1 rule: 'Refractive Index: (-inf..1.52]', 'Aluminum: (0.88..1.19]', not 'Potassium: (0.54..0.64]' => 'Calcium: (8.5..8.81]'
c1 rule: 'Aluminum: (1.37..1.58]', 'Potassium: (0.54..0.64]', not 'Iron: (-inf..0.1]' => 'Calcium: (8.5..8.81]'
c1 rule: 'Sodium: (12.74..13.03]', 'Silicon: (72.49..72.8]', not 'Aluminum: (1.58..+inf)' => 'Calcium: (8.5..8.81]'
c1 rule: 'Sodium: (-inf..12.74]', 'Aluminum: (1.37..1.58]', 'Potassium: (0.54..0.64]' => 'Calcium: (8.5..8.81]'
c1 rule: 'Sodium: (13.38..13.72]', 'Magnesium: (3.77..+inf)', 'Potassium: (-inf..0.13]' => 'Calcium: (8.5..8.81]'
c1 # of rules: 23
c1 rule time: 0.0198

c1 computing class: (8.81..9.59]
c1 discrimination constraints: 101h
c1 coverage constraints: 19v+685h
c1 formula: 99v, 906c (826h+80s)
c1 enumerating rules (maxsat-based)
c1 rule: 'Barium: (0.12..0.15]' => 'Calcium: (8.81..9.59]'
c1 rule: 'Sodium: (13.03..13.38]', 'Magnesium: (-inf..3.1]' => 'Calcium: (8.81..9.59]'
c1 rule: 'Sodium: (13.72..+inf)', 'Iron: (0.29..+inf)' => 'Calcium: (8.81..9.59]'
c1 rule: 'Sodium: (12.74..13.03]', 'Silicon: (72.02..72.49]' => 'Calcium: (8.81..9.59]'
c1 rule: 'Aluminum: (-inf..0.88]', 'Iron: (0.1..0.16]' => 'Calcium: (8.81..9.59]'
c1 rule: 'Magnesium: (3.1..3.45]', 'Iron: (0.1..0.16]' => 'Calcium: (8.81..9.59]'
c1 rule: 'Silicon: (73.08..+inf)', 'Potassium: (0.13..0.37]' => 'Calcium: (8.81..9.59]'
c1 rule: 'Silicon: (-inf..72.02]', 'Potassium: (0.54..0.64]', not 'Magnesium: (-inf..3.1]' => 'Calcium: (8.81..9.59]'
c1 rule: 'Refractive Index: (-inf..1.52]', 'Aluminum: (-inf..0.88]', not 'Silicon: (73.08..+inf)' => 'Calcium: (8.81..9.59]'
c1 rule: 'Sodium: (13.38..13.72]', 'Magnesium: (3.45..3.61]', 'Silicon: (-inf..72.02]' => 'Calcium: (8.81..9.59]'
c1 rule: 'Magnesium: (-inf..3.1]', 'Potassium: (0.54..0.64]', 'Barium: (-inf..0.08]' => 'Calcium: (8.81..9.59]'
c1 rule: 'Magnesium: (-inf..3.1]', 'Aluminum: (1.58..+inf)', 'Silicon: (72.8..73.08]' => 'Calcium: (8.81..9.59]'
c1 rule: 'Sodium: (13.72..+inf)', 'Magnesium: (3.77..+inf)', not 'Aluminum: (-inf..0.88]' => 'Calcium: (8.81..9.59]'
c1 rule: 'Aluminum: (0.88..1.19]', 'Silicon: (73.08..+inf)', not 'Iron: (-inf..0.1]' => 'Calcium: (8.81..9.59]'
c1 rule: 'Sodium: (13.38..13.72]', 'Magnesium: (3.1..3.45]', not 'Aluminum: (1.37..1.58]' => 'Calcium: (8.81..9.59]'
c1 rule: 'Sodium: (13.03..13.38]', 'Magnesium: (3.1..3.45]', 'Silicon: (72.02..72.49]', 'Iron: (-inf..0.1]', not 'Potassium: (0.37..0.54]' => 'Calcium: (8.81..9.59]'
c1 # of rules: 16
c1 rule time: 0.0161

c1 computing class: (9.59..+inf)
c1 discrimination constraints: 101h
c1 coverage constraints: 19v+685h
c1 formula: 99v, 906c (826h+80s)
c1 enumerating rules (maxsat-based)
c1 rule: 'Magnesium: (-inf..3.1]', 'Silicon: (72.49..72.8]' => 'Calcium: (9.59..+inf)'
c1 rule: 'Sodium: (-inf..12.74]', 'Silicon: (-inf..72.02]' => 'Calcium: (9.59..+inf)'
c1 rule: 'Aluminum: (1.37..1.58]', not 'Refractive Index: (-inf..1.52]' => 'Calcium: (9.59..+inf)'
c1 rule: 'Sodium: (13.38..13.72]', 'Silicon: (73.08..+inf)' => 'Calcium: (9.59..+inf)'
c1 rule: 'Silicon: (73.08..+inf)', not 'Refractive Index: (-inf..1.52]' => 'Calcium: (9.59..+inf)'
c1 rule: 'Potassium: (0.64..+inf)', not 'Refractive Index: (-inf..1.52]' => 'Calcium: (9.59..+inf)'
c1 rule: 'Sodium: (-inf..12.74]', not 'Refractive Index: (-inf..1.52]' => 'Calcium: (9.59..+inf)'
c1 rule: 'Aluminum: (-inf..0.88]', 'Silicon: (72.02..72.49]' => 'Calcium: (9.59..+inf)'
c1 rule: 'Sodium: (13.03..13.38]', 'Aluminum: (-inf..0.88]' => 'Calcium: (9.59..+inf)'
c1 rule: 'Sodium: (13.03..13.38]', 'Potassium: (0.13..0.37]' => 'Calcium: (9.59..+inf)'
c1 rule: 'Aluminum: (1.19..1.37]', not 'Refractive Index: (-inf..1.52]' => 'Calcium: (9.59..+inf)'
c1 rule: 'Aluminum: (1.58..+inf)', not 'Refractive Index: (-inf..1.52]' => 'Calcium: (9.59..+inf)'
c1 rule: 'Aluminum: (-inf..0.88]', 'Iron: (-inf..0.1]', not 'Potassium: (-inf..0.13]' => 'Calcium: (9.59..+inf)'
c1 rule: 'Aluminum: (-inf..0.88]', 'Silicon: (-inf..72.02]', not 'Magnesium: (3.77..+inf)' => 'Calcium: (9.59..+inf)'
c1 rule: 'Potassium: (0.13..0.37]', not 'Refractive Index: (-inf..1.52]', not 'Magnesium: (3.77..+inf)' => 'Calcium: (9.59..+inf)'
c1 # of rules: 15
c1 rule time: 0.0113

c2 total rules: 98

c0 computing feature 8
c1 computing class: (-inf..0.08]
c1 discrimination constraints: 7h
c1 coverage constraints: 113v+4182h
c1 formula: 193v, 4309c (4229h+80s)
c1 enumerating rules (maxsat-based)
c1 rule: 'Iron: (0.1..0.16]' => 'Barium: (-inf..0.08]'
c1 rule: 'Magnesium: (3.1..3.45]' => 'Barium: (-inf..0.08]'
c1 rule: 'Potassium: (0.64..+inf)' => 'Barium: (-inf..0.08]'
c1 rule: 'Silicon: (72.02..72.49]' => 'Barium: (-inf..0.08]'
c1 rule: 'Iron: (0.29..+inf)' => 'Barium: (-inf..0.08]'
c1 rule: 'Magnesium: (3.77..+inf)' => 'Barium: (-inf..0.08]'
c1 rule: 'Calcium: (-inf..8.16]' => 'Barium: (-inf..0.08]'
c1 rule: 'Calcium: (8.16..8.5]', not 'Potassium: (0.54..0.64]' => 'Barium: (-inf..0.08]'
c1 rule: 'Sodium: (13.38..13.72]', 'Potassium: (-inf..0.13]' => 'Barium: (-inf..0.08]'
c1 rule: 'Potassium: (-inf..0.13]', not 'Calcium: (8.5..8.81]' => 'Barium: (-inf..0.08]'
c1 rule: 'Sodium: (13.38..13.72]', 'Silicon: (72.8..73.08]' => 'Barium: (-inf..0.08]'
c1 rule: 'Potassium: (0.13..0.37]', not 'Sodium: (13.38..13.72]' => 'Barium: (-inf..0.08]'
c1 rule: 'Potassium: (0.13..0.37]', not 'Aluminum: (-inf..0.88]' => 'Barium: (-inf..0.08]'
c1 rule: not 'Magnesium: (3.45..3.61]', not 'Potassium: (0.54..0.64]' => 'Barium: (-inf..0.08]'
c1 rule: 'Sodium: (13.38..13.72]', 'Potassium: (0.54..0.64]' => 'Barium: (-inf..0.08]'
c1 rule: 'Sodium: (-inf..12.74]', 'Calcium: (8.81..9.59]' => 'Barium: (-inf..0.08]'
c1 rule: 'Magnesium: (-inf..3.1]', 'Calcium: (8.81..9.59]' => 'Barium: (-inf..0.08]'
c1 rule: 'Magnesium: (3.61..3.77]', not 'Silicon: (72.8..73.08]' => 'Barium: (-inf..0.08]'
c1 rule: 'Silicon: (72.49..72.8]', not 'Aluminum: (-inf..0.88]' => 'Barium: (-inf..0.08]'
c1 rule: 'Iron: (-inf..0.1]', not 'Aluminum: (1.19..1.37]' => 'Barium: (-inf..0.08]'
c1 rule: 'Sodium: (-inf..12.74]', 'Calcium: (8.5..8.81]' => 'Barium: (-inf..0.08]'
c1 rule: 'Iron: (-inf..0.1]', not 'Magnesium: (3.45..3.61]' => 'Barium: (-inf..0.08]'
c1 rule: 'Calcium: (8.16..8.5]', not 'Silicon: (72.8..73.08]' => 'Barium: (-inf..0.08]'
c1 rule: 'Calcium: (8.16..8.5]', not 'Sodium: (13.03..13.38]' => 'Barium: (-inf..0.08]'
c1 rule: 'Iron: (-inf..0.1]', not 'Silicon: (-inf..72.02]' => 'Barium: (-inf..0.08]'
c1 # of rules: 25
c1 rule time: 0.0173

c1 computing class: (0.08..0.12]
c1 discrimination constraints: 116h
c1 coverage constraints: 4v+149h
c1 formula: 84v, 385c (305h+80s)
c1 enumerating rules (maxsat-based)
c1 rule: 'Sodium: (12.74..13.03]', 'Magnesium: (-inf..3.1]' => 'Barium: (0.08..0.12]'
c1 rule: 'Calcium: (8.5..8.81]', 'Iron: (0.16..0.22]' => 'Barium: (0.08..0.12]'
c1 rule: 'Aluminum: (0.88..1.19]', 'Iron: (0.16..0.22]', not 'Silicon: (72.02..72.49]' => 'Barium: (0.08..0.12]'
c1 rule: 'Magnesium: (3.45..3.61]', 'Silicon: (-inf..72.02]', 'Potassium: (0.37..0.54]' => 'Barium: (0.08..0.12]'
c1 # of rules: 4
c1 rule time: 0.0055

c1 computing class: (0.12..0.15]
c1 discrimination constraints: 119h
c1 coverage constraints: 1v+38h
c1 formula: 81v, 277c (197h+80s)
c1 enumerating rules (maxsat-based)
c1 rule: 'Magnesium: (3.45..3.61]', 'Aluminum: (-inf..0.88]' => 'Barium: (0.12..0.15]'
c1 # of rules: 1
c1 rule time: 0.0020

c1 computing class: (0.44..+inf)
c1 discrimination constraints: 118h
c1 coverage constraints: 2v+75h
c1 formula: 82v, 313c (233h+80s)
c1 enumerating rules (maxsat-based)
c1 rule: 'Potassium: (0.54..0.64]', not 'Refractive Index: (-inf..1.52]' => 'Barium: (0.44..+inf)'
c1 rule: 'Aluminum: (1.19..1.37]', 'Potassium: (-inf..0.13]' => 'Barium: (0.44..+inf)'
c1 # of rules: 2
c1 rule time: 0.0028

c2 total rules: 32

c0 computing feature 9
c1 computing class: (-inf..0.1]
c1 discrimination constraints: 40h
c1 coverage constraints: 80v+2881h
c1 formula: 160v, 3041c (2961h+80s)
c1 enumerating rules (maxsat-based)
c1 rule: 'Aluminum: (1.19..1.37]', not 'Refractive Index: (-inf..1.52]' => 'Iron: (-inf..0.1]'
c1 rule: 'Refractive Index: (-inf..1.52]', 'Calcium: (9.59..+inf)' => 'Iron: (-inf..0.1]'
c1 rule: 'Aluminum: (-inf..0.88]', not 'Potassium: (0.13..0.37]' => 'Iron: (-inf..0.1]'
c1 rule: 'Aluminum: (1.58..+inf)', 'Silicon: (73.08..+inf)' => 'Iron: (-inf..0.1]'
c1 rule: 'Magnesium: (3.61..3.77]', 'Silicon: (73.08..+inf)' => 'Iron: (-inf..0.1]'
c1 rule: 'Sodium: (13.03..13.38]', 'Potassium: (0.37..0.54]' => 'Iron: (-inf..0.1]'
c1 rule: 'Potassium: (0.37..0.54]', 'Calcium: (8.5..8.81]' => 'Iron: (-inf..0.1]'
c1 rule: 'Calcium: (8.5..8.81]', not 'Potassium: (0.54..0.64]' => 'Iron: (-inf..0.1]'
c1 rule: 'Aluminum: (1.58..+inf)', 'Silicon: (72.49..72.8]' => 'Iron: (-inf..0.1]'
c1 rule: 'Aluminum: (1.37..1.58]', 'Silicon: (72.02..72.49]' => 'Iron: (-inf..0.1]'
c1 rule: 'Sodium: (13.38..13.72]', 'Magnesium: (3.61..3.77]' => 'Iron: (-inf..0.1]'
c1 rule: 'Magnesium: (3.45..3.61]', 'Silicon: (-inf..72.02]' => 'Iron: (-inf..0.1]'
c1 rule: 'Silicon: (72.49..72.8]', 'Calcium: (9.59..+inf)' => 'Iron: (-inf..0.1]'
c1 rule: 'Magnesium: (3.77..+inf)', 'Calcium: (9.59..+inf)' => 'Iron: (-inf..0.1]'
c1 rule: 'Sodium: (13.03..13.38]', 'Calcium: (8.5..8.81]' => 'Iron: (-inf..0.1]'
c1 rule: 'Sodium: (13.03..13.38]', 'Magnesium: (-inf..3.1]' => 'Iron: (-inf..0.1]'
c1 rule: 'Magnesium: (-inf..3.1]', 'Silicon: (72.8..73.08]' => 'Iron: (-inf..0.1]'
c1 rule: 'Magnesium: (-inf..3.1]', 'Calcium: (-inf..8.16]' => 'Iron: (-inf..0.1]'
c1 rule: 'Silicon: (72.02..72.49]', 'Calcium: (-inf..8.16]' => 'Iron: (-inf..0.1]'
c1 rule: 'Silicon: (72.02..72.49]', 'Potassium: (0.37..0.54]' => 'Iron: (-inf..0.1]'
c1 rule: 'Magnesium: (3.1..3.45]', 'Potassium: (0.37..0.54]' => 'Iron: (-inf..0.1]'
c1 rule: 'Silicon: (72.49..72.8]', 'Potassium: (0.37..0.54]' => 'Iron: (-inf..0.1]'
c1 rule: 'Potassium: (0.37..0.54]', 'Calcium: (-inf..8.16]' => 'Iron: (-inf..0.1]'
c1 rule: 'Sodium: (-inf..12.74]', 'Calcium: (8.16..8.5]' => 'Iron: (-inf..0.1]'
c1 rule: 'Sodium: (13.38..13.72]', 'Potassium: (0.64..+inf)' => 'Iron: (-inf..0.1]'
c1 rule: 'Sodium: (13.38..13.72]', 'Magnesium: (3.1..3.45]' => 'Iron: (-inf..0.1]'
c1 rule: 'Sodium: (13.72..+inf)', 'Calcium: (8.16..8.5]' => 'Iron: (-inf..0.1]'
c1 rule: 'Aluminum: (1.19..1.37]', 'Silicon: (72.02..72.49]', not 'Magnesium: (3.77..+inf)' => 'Iron: (-inf..0.1]'
c1 rule: 'Aluminum: (0.88..1.19]', 'Silicon: (72.02..72.49]', 'Calcium: (8.16..8.5]' => 'Iron: (-inf..0.1]'
c1 rule: 'Sodium: (13.03..13.38]', 'Potassium: (0.64..+inf)', not 'Silicon: (72.49..72.8]' => 'Iron: (-inf..0.1]'
c1 rule: 'Aluminum: (1.37..1.58]', 'Calcium: (-inf..8.16]', not 'Potassium: (0.64..+inf)' => 'Iron: (-inf..0.1]'
c1 rule: 'Sodium: (13.03..13.38]', 'Calcium: (-inf..8.16]', not 'Potassium: (0.64..+inf)' => 'Iron: (-inf..0.1]'
c1 rule: 'Sodium: (13.03..13.38]', 'Aluminum: (1.37..1.58]', 'Potassium: (0.54..0.64]' => 'Iron: (-inf..0.1]'
c1 rule: 'Sodium: (13.03..13.38]', 'Silicon: (73.08..+inf)', not 'Aluminum: (1.37..1.58]' => 'Iron: (-inf..0.1]'
c1 rule: 'Sodium: (13.03..13.38]', 'Aluminum: (1.19..1.37]', not 'Magnesium: (3.77..+inf)' => 'Iron: (-inf..0.1]'
c1 rule: 'Sodium: (12.74..13.03]', 'Silicon: (72.49..72.8]', not 'Magnesium: (3.61..3.77]' => 'Iron: (-inf..0.1]'
c1 rule: 'Magnesium: (3.45..3.61]', 'Aluminum: (1.37..1.58]', not 'Potassium: (0.64..+inf)' => 'Iron: (-inf..0.1]'
c1 rule: 'Magnesium: (3.45..3.61]', 'Potassium: (0.54..0.64]', not 'Silicon: (72.8..73.08]' => 'Iron: (-inf..0.1]'
c1 rule: 'Magnesium: (3.1..3.45]', 'Aluminum: (1.19..1.37]', not 'Silicon: (72.8..73.08]' => 'Iron: (-inf..0.1]'
c1 rule: 'Aluminum: (1.19..1.37]', 'Silicon: (72.8..73.08]', 'Calcium: (8.16..8.5]' => 'Iron: (-inf..0.1]'
c1 rule: 'Magnesium: (3.61..3.77]', 'Aluminum: (1.19..1.37]', not 'Silicon: (72.49..72.8]' => 'Iron: (-inf..0.1]'
c1 rule: 'Sodium: (12.74..13.03]', 'Magnesium: (3.45..3.61]', not 'Aluminum: (1.19..1.37]', not 'Silicon: (72.8..73.08]' => 'Iron: (-inf..0.1]'
c1 # of rules: 42
c1 rule time: 0.0502

c1 computing class: (0.1..0.16]
c1 discrimination constraints: 109h
c1 coverage constraints: 11v+397h
c1 formula: 91v, 626c (546h+80s)
c1 enumerating rules (maxsat-based)
c1 rule: 'Aluminum: (1.58..+inf)', 'Potassium: (0.13..0.37]' => 'Iron: (0.1..0.16]'
c1 rule: 'Silicon: (72.8..73.08]', 'Potassium: (0.13..0.37]' => 'Iron: (0.1..0.16]'
c1 rule: 'Magnesium: (3.45..3.61]', 'Calcium: (9.59..+inf)' => 'Iron: (0.1..0.16]'
c1 rule: 'Sodium: (12.74..13.03]', 'Magnesium: (3.77..+inf)' => 'Iron: (0.1..0.16]'
c1 rule: 'Magnesium: (3.61..3.77]', 'Aluminum: (1.37..1.58]', not 'Calcium: (-inf..8.16]' => 'Iron: (0.1..0.16]'
c1 rule: 'Magnesium: (3.77..+inf)', 'Aluminum: (1.37..1.58]', not 'Sodium: (13.03..13.38]' => 'Iron: (0.1..0.16]'
c1 rule: 'Magnesium: (3.77..+inf)', 'Potassium: (0.54..0.64]', not 'Silicon: (72.02..72.49]' => 'Iron: (0.1..0.16]'
c1 rule: 'Aluminum: (0.88..1.19]', 'Silicon: (72.49..72.8]', 'Potassium: (0.54..0.64]' => 'Iron: (0.1..0.16]'
c1 rule: 'Sodium: (13.38..13.72]', 'Magnesium: (3.77..+inf)', 'Calcium: (8.81..9.59]' => 'Iron: (0.1..0.16]'
c1 # of rules: 9
c1 rule time: 0.0096

c1 computing class: (0.16..0.22]
c1 discrimination constraints: 108h
c1 coverage constraints: 12v+433h
c1 formula: 92v, 661c (581h+80s)
c1 enumerating rules (maxsat-based)
c1 rule: 'Sodium: (13.72..+inf)', 'Aluminum: (1.37..1.58]' => 'Iron: (0.16..0.22]'
c1 rule: 'Aluminum: (1.37..1.58]', 'Potassium: (-inf..0.13]' => 'Iron: (0.16..0.22]'
c1 rule: 'Magnesium: (-inf..3.1]', 'Aluminum: (1.37..1.58]' => 'Iron: (0.16..0.22]'
c1 rule: 'Potassium: (0.37..0.54]', 'Calcium: (9.59..+inf)' => 'Iron: (0.16..0.22]'
c1 rule: 'Sodium: (12.74..13.03]', not 'Barium: (-inf..0.08]' => 'Iron: (0.16..0.22]'
c1 rule: 'Magnesium: (3.1..3.45]', 'Aluminum: (1.58..+inf)' => 'Iron: (0.16..0.22]'
c1 rule: 'Silicon: (73.08..+inf)', 'Potassium: (0.13..0.37]' => 'Iron: (0.16..0.22]'
c1 rule: 'Aluminum: (0.88..1.19]', not 'Barium: (-inf..0.08]' => 'Iron: (0.16..0.22]'
c1 rule: 'Aluminum: (-inf..0.88]', 'Silicon: (72.02..72.49]' => 'Iron: (0.16..0.22]'
c1 rule: 'Sodium: (12.74..13.03]', 'Magnesium: (3.45..3.61]', 'Potassium: (0.37..0.54]' => 'Iron: (0.16..0.22]'
c1 rule: 'Aluminum: (1.58..+inf)', 'Silicon: (72.8..73.08]', 'Calcium: (-inf..8.16]' => 'Iron: (0.16..0.22]'
c1 # of rules: 11
c1 rule time: 0.0100

c1 computing class: (0.22..0.29]
c1 discrimination constraints: 109h
c1 coverage constraints: 11v+397h
c1 formula: 91v, 626c (546h+80s)
c1 enumerating rules (maxsat-based)
c1 rule: 'Barium: (0.12..0.15]' => 'Iron: (0.22..0.29]'
c1 rule: 'Magnesium: (3.61..3.77]', 'Potassium: (0.64..+inf)' => 'Iron: (0.22..0.29]'
c1 rule: 'Sodium: (-inf..12.74]', not 'Barium: (-inf..0.08]' => 'Iron: (0.22..0.29]'
c1 rule: 'Sodium: (-inf..12.74]', 'Silicon: (-inf..72.02]', not 'Aluminum: (-inf..0.88]' => 'Iron: (0.22..0.29]'
c1 rule: 'Sodium: (-inf..12.74]', 'Magnesium: (-inf..3.1]', 'Potassium: (0.54..0.64]' => 'Iron: (0.22..0.29]'
c1 rule: 'Sodium: (12.74..13.03]', 'Potassium: (0.64..+inf)', not 'Magnesium: (3.45..3.61]' => 'Iron: (0.22..0.29]'
c1 rule: 'Sodium: (-inf..12.74]', 'Calcium: (-inf..8.16]', not 'Potassium: (0.54..0.64]' => 'Iron: (0.22..0.29]'
c1 rule: 'Sodium: (-inf..12.74]', 'Magnesium: (3.1..3.45]', 'Calcium: (8.81..9.59]' => 'Iron: (0.22..0.29]'
c1 rule: 'Sodium: (12.74..13.03]', 'Magnesium: (3.1..3.45]', not 'Aluminum: (1.37..1.58]' => 'Iron: (0.22..0.29]'
c1 rule: 'Silicon: (72.8..73.08]', 'Potassium: (0.64..+inf)', 'Calcium: (8.16..8.5]' => 'Iron: (0.22..0.29]'
c1 rule: 'Magnesium: (3.77..+inf)', 'Aluminum: (1.19..1.37]', 'Calcium: (8.16..8.5]', not 'Sodium: (13.38..13.72]' => 'Iron: (0.22..0.29]'
c1 # of rules: 11
c1 rule time: 0.0105

c1 computing class: (0.29..+inf)
c1 discrimination constraints: 114h
c1 coverage constraints: 6v+217h
c1 formula: 86v, 451c (371h+80s)
c1 enumerating rules (maxsat-based)
c1 rule: 'Potassium: (0.64..+inf)', not 'Refractive Index: (-inf..1.52]' => 'Iron: (0.29..+inf)'
c1 rule: 'Silicon: (-inf..72.02]', 'Calcium: (8.16..8.5]', not 'Aluminum: (1.37..1.58]' => 'Iron: (0.29..+inf)'
c1 rule: 'Aluminum: (0.88..1.19]', 'Silicon: (72.8..73.08]', 'Calcium: (8.5..8.81]' => 'Iron: (0.29..+inf)'
c1 rule: 'Magnesium: (3.45..3.61]', 'Aluminum: (0.88..1.19]', 'Silicon: (72.8..73.08]' => 'Iron: (0.29..+inf)'
c1 # of rules: 4
c1 rule time: 0.0064

c2 total rules: 77
c3 total time: 1.0320

Rules are saved to ../rules/size/q5_glass2_train1.csv_size5.json