c0 # of samps: 1383 (1383 weighted)
c0 # of feats: 6 (21 binary)
c0 # of labls: 2
c0 parse time: 0.2939


c0 computing feature 1
c1 computing class: 0
c1 discrimination constraints: 1045h
c1 coverage constraints: 338v+6085h
c1 formula: 380v, 7193c (7151h+42s)
c1 enumerating rules (maxsat-based)
c1 rule: 'f2: 1', 'f3: 1', 'f4: 0', 'f5: 0', 'f6: 2' => 'f1: 0'
c1 rule: 'f2: 0', 'f3: 2', 'f4: 1', 'f5: 0', 'f6: 0' => 'f1: 0'
c1 # of rules: 2
c1 rule time: 0.5239

c1 computing class: 1
c1 discrimination constraints: 1040h
c1 coverage constraints: 343v+6175h
c1 formula: 385v, 7278c (7236h+42s)
c1 enumerating rules (maxsat-based)
c1 rule: 'f2: 0', 'f3: 2', 'f4: 2', 'f5: 0', 'f6: 0' => 'f1: 1'
c1 rule: 'f2: 1', 'f3: 0', 'f4: 2', 'f5: 1', 'f6: 2' => 'f1: 1'
c1 rule: 'f2: 3', 'f3: 0', 'f4: 1', 'f5: 2', 'f6: 0' => 'f1: 1'
c1 rule: 'f2: 0', 'f3: 0', 'f4: 0', 'f5: 1', 'f6: 2' => 'f1: 1'
c1 rule: 'f2: 3', 'f3: 2', 'f4: 1', 'f5: 2', 'f6: 2' => 'f1: 1'
c1 # of rules: 5
c1 rule time: 0.5230

c1 computing class: 2
c1 discrimination constraints: 1047h
c1 coverage constraints: 336v+6049h
c1 formula: 378v, 7159c (7117h+42s)
c1 enumerating rules (maxsat-based)
c1 rule: 'f2: 1', 'f3: 3', 'f4: 0', 'f5: 0', 'f6: 2' => 'f1: 2'
c1 rule: 'f2: 1', 'f3: 3', 'f4: 0', 'f5: 2', 'f6: 1' => 'f1: 2'
c1 # of rules: 2
c1 rule time: 0.4329

c1 computing class: 3
c1 discrimination constraints: 1017h
c1 coverage constraints: 366v+6589h
c1 formula: 408v, 7669c (7627h+42s)
c1 enumerating rules (maxsat-based)
c1 rule: 'f2: 1', 'f3: 1', 'f4: 1', 'f5: 2', 'f6: 1' => 'f1: 3'
c1 rule: 'f2: 3', 'f3: 2', 'f4: 0', 'f5: 1', 'f6: 2' => 'f1: 3'
c1 rule: 'f2: 0', 'f3: 1', 'f4: 0', 'f5: 2', 'f6: 2' => 'f1: 3'
c1 # of rules: 3
c1 rule time: 0.6168

c2 total rules: 12

c0 computing feature 2
c1 computing class: 0
c1 discrimination constraints: 1034h
c1 coverage constraints: 349v+6283h
c1 formula: 391v, 7380c (7338h+42s)
c1 enumerating rules (maxsat-based)
c1 rule: 'f1: 3', 'f3: 0', 'f4: 1', 'f5: 2', 'f6: 0' => 'f2: 0'
c1 rule: 'f1: 1', 'f3: 0', 'f4: 2', 'f5: 1', 'f6: 0' => 'f2: 0'
c1 rule: 'f1: 1', 'f3: 2', 'f4: 0', 'f5: 2', 'f6: 2' => 'f2: 0'
c1 # of rules: 3
c1 rule time: 0.5239

c1 computing class: 1
c1 discrimination constraints: 1056h
c1 coverage constraints: 327v+5887h
c1 formula: 369v, 7006c (6964h+42s)
c1 enumerating rules (maxsat-based)
c1 rule: 'f1: 2', 'f3: 3', 'f4: 1', 'f5: 1', 'f6: 2' => 'f2: 1'
c1 rule: 'f1: 0', 'f3: 0', 'f4: 2', 'f5: 2', 'f6: 2' => 'f2: 1'
c1 # of rules: 2
c1 rule time: 0.4165

c1 computing class: 2
c1 discrimination constraints: 1028h
c1 coverage constraints: 355v+6391h
c1 formula: 397v, 7482c (7440h+42s)
c1 enumerating rules (maxsat-based)
c1 rule: 'f1: 0', 'f3: 0', 'f4: 0', 'f5: 1', 'f6: 2' => 'f2: 2'
c1 rule: 'f1: 0', 'f3: 2', 'f4: 0', 'f5: 1', 'f6: 2' => 'f2: 2'
c1 rule: 'f1: 0', 'f3: 3', 'f4: 2', 'f5: 2', 'f6: 1' => 'f2: 2'
c1 # of rules: 3
c1 rule time: 0.5924

c1 computing class: 3
c1 discrimination constraints: 1031h
c1 coverage constraints: 352v+6337h
c1 formula: 394v, 7431c (7389h+42s)
c1 enumerating rules (maxsat-based)
c1 # of rules: 0
c1 rule time: 0.4467

c2 total rules: 8

c0 computing feature 3
c1 computing class: 0
c1 discrimination constraints: 1039h
c1 coverage constraints: 344v+6193h
c1 formula: 386v, 7295c (7253h+42s)
c1 enumerating rules (maxsat-based)
c1 rule: 'f1: 2', 'f2: 3', 'f4: 0', 'f5: 1', 'f6: 2' => 'f3: 0'
c1 rule: 'f1: 1', 'f2: 3', 'f4: 2', 'f5: 1', 'f6: 2' => 'f3: 0'
c1 # of rules: 2
c1 rule time: 0.5188

c1 computing class: 1
c1 discrimination constraints: 1032h
c1 coverage constraints: 351v+6319h
c1 formula: 393v, 7414c (7372h+42s)
c1 enumerating rules (maxsat-based)
c1 rule: 'f1: 0', 'f2: 2', 'f4: 0', 'f5: 2', 'f6: 0' => 'f3: 1'
c1 rule: 'f1: 1', 'f2: 0', 'f4: 0', 'f5: 1', 'f6: 0' => 'f3: 1'
c1 rule: 'f1: 2', 'f2: 1', 'f4: 2', 'f5: 1', 'f6: 2' => 'f3: 1'
c1 rule: 'f1: 3', 'f2: 0', 'f4: 2', 'f5: 2', 'f6: 0' => 'f3: 1'
c1 # of rules: 4
c1 rule time: 0.5713

c1 computing class: 2
c1 discrimination constraints: 1037h
c1 coverage constraints: 346v+6229h
c1 formula: 388v, 7329c (7287h+42s)
c1 enumerating rules (maxsat-based)
c1 rule: 'f1: 3', 'f2: 3', 'f4: 1', 'f5: 2', 'f6: 0' => 'f3: 2'
c1 # of rules: 1
c1 rule time: 0.5229

c1 computing class: 3
c1 discrimination constraints: 1041h
c1 coverage constraints: 342v+6157h
c1 formula: 384v, 7261c (7219h+42s)
c1 enumerating rules (maxsat-based)
c1 rule: 'f1: 1', 'f2: 2', 'f4: 0', 'f5: 2', 'f6: 2' => 'f3: 3'
c1 rule: 'f1: 0', 'f2: 0', 'f4: 0', 'f5: 1', 'f6: 2' => 'f3: 3'
c1 rule: 'f1: 3', 'f2: 3', 'f4: 0', 'f5: 1', 'f6: 0' => 'f3: 3'
c1 # of rules: 3
c1 rule time: 0.5340

c2 total rules: 10

c0 computing feature 4
c1 computing class: 0
c1 discrimination constraints: 929h
c1 coverage constraints: 454v+8627h
c1 formula: 496v, 9619c (9577h+42s)
c1 enumerating rules (maxsat-based)
c1 rule: 'f1: 2', 'f2: 0', 'f3: 3', 'f5: 1', 'f6: 1' => 'f4: 0'
c1 rule: 'f1: 0', 'f2: 0', 'f3: 3', 'f5: 1', 'f6: 1' => 'f4: 0'
c1 rule: 'f1: 0', 'f2: 1', 'f3: 1', 'f5: 2', 'f6: 0' => 'f4: 0'
c1 rule: 'f1: 2', 'f2: 2', 'f3: 0', 'f5: 1', 'f6: 1' => 'f4: 0'
c1 rule: 'f1: 1', 'f2: 2', 'f3: 0', 'f5: 1', 'f6: 0' => 'f4: 0'
c1 rule: 'f1: 1', 'f2: 3', 'f3: 0', 'f5: 0', 'f6: 1' => 'f4: 0'
c1 rule: 'f1: 2', 'f2: 3', 'f3: 0', 'f5: 0', 'f6: 0' => 'f4: 0'
c1 rule: 'f1: 1', 'f2: 3', 'f3: 1', 'f5: 1', 'f6: 2' => 'f4: 0'
c1 rule: 'f1: 1', 'f2: 2', 'f3: 3', 'f5: 0', 'f6: 2' => 'f4: 0'
c1 rule: 'f1: 0', 'f2: 2', 'f3: 1', 'f5: 1', 'f6: 2' => 'f4: 0'
c1 rule: 'f1: 3', 'f2: 3', 'f3: 1', 'f5: 1', 'f6: 1' => 'f4: 0'
c1 rule: 'f1: 3', 'f2: 3', 'f3: 2', 'f5: 1', 'f6: 2' => 'f4: 0'
c1 rule: 'f1: 3', 'f2: 1', 'f3: 0', 'f6: 2', not 'f5: 1' => 'f4: 0'
c1 rule: 'f1: 3', 'f2: 0', 'f3: 2', 'f5: 0', not 'f6: 1' => 'f4: 0'
c1 rule: 'f1: 2', 'f2: 0', 'f3: 2', 'f5: 0', 'f6: 0' => 'f4: 0'
c1 rule: 'f1: 2', 'f2: 1', 'f3: 1', 'f5: 1', 'f6: 1' => 'f4: 0'
c1 rule: 'f1: 2', 'f2: 0', 'f3: 3', 'f5: 2', 'f6: 2' => 'f4: 0'
c1 # of rules: 17
c1 rule time: 1.2172

c1 computing class: 1
c1 discrimination constraints: 918h
c1 coverage constraints: 465v+8836h
c1 formula: 507v, 9817c (9775h+42s)
c1 enumerating rules (maxsat-based)
c1 rule: 'f1: 1', 'f2: 3', 'f3: 2', 'f5: 2', 'f6: 2' => 'f4: 1'
c1 rule: 'f1: 1', 'f2: 3', 'f3: 2', 'f6: 2', not 'f5: 0' => 'f4: 1'
c1 rule: 'f1: 2', 'f2: 2', 'f3: 3', 'f5: 2', 'f6: 1' => 'f4: 1'
c1 rule: 'f1: 0', 'f2: 1', 'f3: 3', 'f5: 2', 'f6: 1' => 'f4: 1'
c1 rule: 'f1: 1', 'f2: 1', 'f3: 2', 'f5: 2', 'f6: 2' => 'f4: 1'
c1 rule: 'f1: 0', 'f2: 1', 'f3: 2', 'f5: 1', 'f6: 1' => 'f4: 1'
c1 rule: 'f1: 0', 'f2: 1', 'f3: 0', 'f5: 1', 'f6: 2' => 'f4: 1'
c1 rule: 'f1: 0', 'f2: 0', 'f3: 1', 'f5: 2', 'f6: 2' => 'f4: 1'
c1 rule: 'f1: 2', 'f2: 3', 'f3: 1', 'f5: 2', 'f6: 0' => 'f4: 1'
c1 rule: 'f1: 0', 'f2: 0', 'f3: 2', 'f5: 0', 'f6: 1' => 'f4: 1'
c1 rule: 'f1: 0', 'f2: 0', 'f3: 2', 'f5: 0', not 'f6: 2' => 'f4: 1'
c1 rule: 'f1: 0', 'f2: 3', 'f3: 3', 'f5: 2', 'f6: 1' => 'f4: 1'
c1 rule: 'f1: 1', 'f2: 0', 'f3: 2', 'f5: 1', 'f6: 0' => 'f4: 1'
c1 rule: 'f1: 2', 'f2: 0', 'f3: 1', 'f5: 1', 'f6: 1' => 'f4: 1'
c1 rule: 'f1: 2', 'f2: 1', 'f3: 1', 'f5: 1', 'f6: 0' => 'f4: 1'
c1 rule: 'f1: 2', 'f2: 1', 'f3: 3', 'f5: 1', 'f6: 2' => 'f4: 1'
c1 rule: 'f1: 3', 'f2: 1', 'f3: 3', 'f5: 0', 'f6: 2' => 'f4: 1'
c1 rule: 'f1: 1', 'f2: 2', 'f3: 0', 'f5: 0', 'f6: 2' => 'f4: 1'
c1 rule: 'f1: 0', 'f2: 2', 'f3: 3', 'f5: 1', 'f6: 2' => 'f4: 1'
c1 # of rules: 19
c1 rule time: 1.2154

c1 computing class: 2
c1 discrimination constraints: 919h
c1 coverage constraints: 464v+8817h
c1 formula: 506v, 9799c (9757h+42s)
c1 enumerating rules (maxsat-based)
c1 rule: 'f1: 2', 'f2: 2', 'f3: 1', 'f5: 2', 'f6: 0' => 'f4: 2'
c1 rule: 'f1: 2', 'f2: 2', 'f3: 2', 'f5: 1', 'f6: 1' => 'f4: 2'
c1 rule: 'f1: 0', 'f2: 3', 'f3: 2', 'f5: 0', 'f6: 2' => 'f4: 2'
c1 rule: 'f1: 0', 'f2: 0', 'f3: 1', 'f5: 0', 'f6: 2' => 'f4: 2'
c1 rule: 'f1: 1', 'f2: 0', 'f3: 0', 'f5: 1', 'f6: 0' => 'f4: 2'
c1 rule: 'f1: 1', 'f2: 2', 'f3: 3', 'f5: 1', 'f6: 1' => 'f4: 2'
c1 rule: 'f1: 1', 'f2: 3', 'f3: 3', 'f5: 2', 'f6: 2' => 'f4: 2'
c1 rule: 'f1: 2', 'f2: 2', 'f3: 3', 'f5: 2', 'f6: 2' => 'f4: 2'
c1 rule: 'f1: 1', 'f2: 1', 'f3: 3', 'f5: 2', not 'f6: 0' => 'f4: 2'
c1 rule: 'f1: 0', 'f2: 3', 'f3: 0', 'f5: 2', 'f6: 1' => 'f4: 2'
c1 rule: 'f1: 2', 'f2: 1', 'f3: 0', 'f5: 2', 'f6: 1' => 'f4: 2'
c1 rule: 'f1: 2', 'f2: 1', 'f3: 1', 'f5: 0', 'f6: 2' => 'f4: 2'
c1 rule: 'f1: 1', 'f2: 1', 'f3: 1', 'f5: 0', 'f6: 2' => 'f4: 2'
c1 rule: 'f1: 2', 'f2: 3', 'f3: 2', 'f5: 2', 'f6: 2' => 'f4: 2'
c1 rule: 'f1: 1', 'f2: 1', 'f3: 3', 'f6: 2', not 'f5: 1' => 'f4: 2'
c1 rule: 'f1: 2', 'f2: 3', 'f3: 3', 'f5: 1', 'f6: 2' => 'f4: 2'
c1 rule: 'f1: 0', 'f2: 1', 'f3: 1', 'f5: 1', 'f6: 0' => 'f4: 2'
c1 rule: 'f1: 2', 'f2: 0', 'f3: 0', 'f5: 1', 'f6: 2' => 'f4: 2'
c1 rule: 'f1: 3', 'f2: 2', 'f3: 3', 'f5: 0', 'f6: 2' => 'f4: 2'
c1 # of rules: 19
c1 rule time: 1.0513

c2 total rules: 55

c0 computing feature 5
c1 computing class: 0
c1 discrimination constraints: 921h
c1 coverage constraints: 462v+8779h
c1 formula: 504v, 9763c (9721h+42s)
c1 enumerating rules (maxsat-based)
c1 rule: 'f1: 1', 'f2: 2', 'f3: 1', 'f4: 0', 'f6: 2' => 'f5: 0'
c1 rule: 'f1: 0', 'f2: 1', 'f3: 0', 'f4: 2', 'f6: 1' => 'f5: 0'
c1 rule: 'f1: 0', 'f2: 1', 'f3: 2', 'f4: 0', 'f6: 0' => 'f5: 0'
c1 rule: 'f1: 2', 'f2: 1', 'f3: 2', 'f4: 1', 'f6: 0' => 'f5: 0'
c1 rule: 'f1: 0', 'f2: 1', 'f3: 1', 'f4: 1', 'f6: 0' => 'f5: 0'
c1 rule: 'f1: 0', 'f2: 2', 'f3: 3', 'f4: 0', 'f6: 0' => 'f5: 0'
c1 rule: 'f1: 0', 'f2: 1', 'f3: 2', 'f4: 0', not 'f6: 1' => 'f5: 0'
c1 rule: 'f1: 2', 'f2: 1', 'f3: 2', 'f4: 2', 'f6: 2' => 'f5: 0'
c1 rule: 'f1: 2', 'f2: 3', 'f3: 2', 'f4: 0', 'f6: 2' => 'f5: 0'
c1 rule: 'f1: 2', 'f2: 0', 'f3: 3', 'f4: 2', 'f6: 1' => 'f5: 0'
c1 rule: 'f1: 2', 'f2: 2', 'f3: 0', 'f4: 1', 'f6: 1' => 'f5: 0'
c1 rule: 'f1: 2', 'f2: 2', 'f3: 3', 'f4: 1', 'f6: 2' => 'f5: 0'
c1 rule: 'f1: 0', 'f2: 3', 'f3: 3', 'f4: 0', 'f6: 1' => 'f5: 0'
c1 rule: 'f1: 1', 'f2: 3', 'f3: 0', 'f4: 2', 'f6: 0' => 'f5: 0'
c1 rule: 'f1: 2', 'f2: 3', 'f3: 1', 'f4: 2', 'f6: 0' => 'f5: 0'
c1 rule: 'f1: 3', 'f2: 0', 'f3: 3', 'f4: 2', 'f6: 0' => 'f5: 0'
c1 rule: 'f1: 3', 'f2: 3', 'f3: 2', 'f4: 1', 'f6: 2' => 'f5: 0'
c1 rule: 'f1: 1', 'f2: 3', 'f3: 2', 'f6: 2', not 'f4: 1' => 'f5: 0'
c1 rule: 'f1: 1', 'f2: 1', 'f3: 2', 'f4: 2', 'f6: 2' => 'f5: 0'
c1 rule: 'f1: 2', 'f2: 0', 'f3: 3', 'f4: 1', 'f6: 2' => 'f5: 0'
c1 rule: 'f1: 2', 'f2: 1', 'f3: 3', 'f4: 0', 'f6: 2' => 'f5: 0'
c1 # of rules: 21
c1 rule time: 1.3043

c1 computing class: 1
c1 discrimination constraints: 923h
c1 coverage constraints: 460v+8741h
c1 formula: 502v, 9727c (9685h+42s)
c1 enumerating rules (maxsat-based)
c1 rule: 'f1: 1', 'f2: 1', 'f3: 3', 'f6: 2', not 'f4: 2' => 'f5: 1'
c1 rule: 'f1: 1', 'f2: 1', 'f3: 3', 'f4: 1', not 'f6: 0' => 'f5: 1'
c1 rule: 'f1: 0', 'f2: 2', 'f3: 0', 'f4: 0', 'f6: 0' => 'f5: 1'
c1 rule: 'f1: 0', 'f2: 0', 'f3: 2', 'f4: 2', 'f6: 0' => 'f5: 1'
c1 rule: 'f1: 0', 'f2: 1', 'f3: 3', 'f4: 2', 'f6: 1' => 'f5: 1'
c1 rule: 'f1: 1', 'f2: 1', 'f3: 0', 'f4: 2', 'f6: 1' => 'f5: 1'
c1 rule: 'f1: 1', 'f2: 0', 'f3: 0', 'f4: 1', 'f6: 2' => 'f5: 1'
c1 rule: 'f1: 1', 'f2: 2', 'f3: 0', 'f4: 0', 'f6: 2' => 'f5: 1'
c1 rule: 'f1: 1', 'f2: 3', 'f3: 3', 'f4: 0', 'f6: 2' => 'f5: 1'
c1 rule: 'f1: 2', 'f2: 1', 'f3: 2', 'f4: 0', 'f6: 1' => 'f5: 1'
c1 rule: 'f1: 2', 'f2: 1', 'f3: 0', 'f4: 0', 'f6: 1' => 'f5: 1'
c1 rule: 'f1: 1', 'f2: 0', 'f3: 3', 'f4: 0', 'f6: 1' => 'f5: 1'
c1 rule: 'f1: 2', 'f2: 1', 'f3: 1', 'f4: 1', 'f6: 2' => 'f5: 1'
c1 rule: 'f1: 2', 'f2: 0', 'f3: 2', 'f4: 1', 'f6: 0' => 'f5: 1'
c1 rule: 'f1: 3', 'f2: 0', 'f3: 2', 'f4: 2', 'f6: 0' => 'f5: 1'
c1 rule: 'f1: 3', 'f2: 2', 'f3: 0', 'f4: 1', 'f6: 0' => 'f5: 1'
c1 rule: 'f1: 3', 'f2: 2', 'f3: 1', 'f4: 0', 'f6: 2' => 'f5: 1'
c1 rule: 'f1: 3', 'f2: 0', 'f3: 2', 'f4: 0', 'f6: 2' => 'f5: 1'
c1 rule: 'f1: 3', 'f2: 1', 'f3: 0', 'f6: 2', not 'f4: 0' => 'f5: 1'
c1 rule: 'f1: 3', 'f2: 1', 'f3: 2', 'f4: 1', 'f6: 2' => 'f5: 1'
c1 rule: 'f1: 3', 'f2: 1', 'f3: 0', 'f4: 1', not 'f6: 1' => 'f5: 1'
c1 rule: 'f1: 2', 'f2: 3', 'f3: 0', 'f4: 1', 'f6: 0' => 'f5: 1'
c1 rule: 'f1: 0', 'f2: 3', 'f3: 2', 'f4: 1', 'f6: 2' => 'f5: 1'
c1 rule: 'f1: 3', 'f2: 3', 'f3: 3', 'f4: 1', 'f6: 0' => 'f5: 1'
c1 rule: 'f1: 2', 'f2: 0', 'f3: 3', 'f4: 2', 'f6: 2' => 'f5: 1'
c1 rule: 'f1: 2', 'f2: 0', 'f3: 1', 'f4: 0', 'f6: 2' => 'f5: 1'
c1 rule: 'f1: 2', 'f2: 3', 'f3: 3', 'f4: 1', 'f6: 0' => 'f5: 1'
c1 # of rules: 27
c1 rule time: 1.1703

c1 computing class: 2
c1 discrimination constraints: 922h
c1 coverage constraints: 461v+8760h
c1 formula: 503v, 9745c (9703h+42s)
c1 enumerating rules (maxsat-based)
c1 rule: 'f1: 2', 'f2: 1', 'f3: 3', 'f4: 1', 'f6: 0' => 'f5: 2'
c1 rule: 'f1: 0', 'f2: 1', 'f3: 0', 'f4: 0', 'f6: 2' => 'f5: 2'
c1 rule: 'f1: 2', 'f2: 1', 'f3: 0', 'f4: 2', 'f6: 2' => 'f5: 2'
c1 rule: 'f1: 2', 'f2: 1', 'f3: 1', 'f4: 0', 'f6: 2' => 'f5: 2'
c1 rule: 'f1: 2', 'f2: 0', 'f3: 0', 'f4: 0', 'f6: 2' => 'f5: 2'
c1 rule: 'f1: 2', 'f2: 3', 'f3: 2', 'f4: 1', 'f6: 1' => 'f5: 2'
c1 rule: 'f1: 0', 'f2: 2', 'f3: 1', 'f4: 1', 'f6: 2' => 'f5: 2'
c1 rule: 'f1: 1', 'f2: 2', 'f3: 0', 'f4: 1', 'f6: 0' => 'f5: 2'
c1 rule: 'f1: 3', 'f2: 3', 'f3: 0', 'f4: 0', 'f6: 2' => 'f5: 2'
c1 rule: 'f1: 0', 'f2: 3', 'f3: 2', 'f4: 0', 'f6: 2' => 'f5: 2'
c1 rule: 'f1: 0', 'f2: 2', 'f3: 2', 'f4: 2', 'f6: 1' => 'f5: 2'
c1 rule: 'f1: 1', 'f2: 2', 'f3: 3', 'f4: 2', 'f6: 0' => 'f5: 2'
c1 rule: 'f1: 0', 'f2: 2', 'f3: 0', 'f4: 1', 'f6: 0' => 'f5: 2'
c1 rule: 'f1: 0', 'f2: 2', 'f3: 1', 'f4: 0', 'f6: 1' => 'f5: 2'
c1 rule: 'f1: 0', 'f2: 1', 'f3: 1', 'f4: 0', not 'f6: 2' => 'f5: 2'
c1 rule: 'f1: 2', 'f2: 0', 'f3: 1', 'f4: 2', 'f6: 1' => 'f5: 2'
c1 rule: 'f1: 1', 'f2: 0', 'f3: 3', 'f4: 2', 'f6: 2' => 'f5: 2'
c1 rule: 'f1: 3', 'f2: 1', 'f3: 3', 'f4: 2', 'f6: 2' => 'f5: 2'
c1 rule: 'f1: 2', 'f2: 3', 'f3: 3', 'f4: 1', 'f6: 2' => 'f5: 2'
c1 rule: 'f1: 0', 'f2: 1', 'f3: 2', 'f4: 0', 'f6: 1' => 'f5: 2'
c1 # of rules: 20
c1 rule time: 1.1054

c2 total rules: 68

c0 computing feature 6
c1 computing class: 0
c1 discrimination constraints: 918h
c1 coverage constraints: 465v+8836h
c1 formula: 507v, 9817c (9775h+42s)
c1 enumerating rules (maxsat-based)
c1 rule: 'f1: 1', 'f2: 1', 'f3: 0', 'f4: 2', 'f5: 2' => 'f6: 0'
c1 rule: 'f1: 1', 'f2: 1', 'f3: 3', 'f5: 2', not 'f4: 2' => 'f6: 0'
c1 rule: 'f1: 1', 'f2: 1', 'f3: 3', 'f4: 1', 'f5: 0' => 'f6: 0'
c1 rule: 'f1: 2', 'f2: 1', 'f3: 2', 'f4: 0', 'f5: 0' => 'f6: 0'
c1 rule: 'f1: 3', 'f2: 0', 'f3: 2', 'f4: 0', 'f5: 0' => 'f6: 0'
c1 rule: 'f1: 3', 'f2: 1', 'f3: 0', 'f4: 0', 'f5: 2' => 'f6: 0'
c1 rule: 'f1: 0', 'f2: 1', 'f3: 0', 'f4: 2', 'f5: 1' => 'f6: 0'
c1 rule: 'f1: 1', 'f2: 1', 'f3: 2', 'f4: 2', 'f5: 1' => 'f6: 0'
c1 rule: 'f1: 1', 'f2: 3', 'f3: 2', 'f4: 2', 'f5: 1' => 'f6: 0'
c1 rule: 'f1: 1', 'f2: 3', 'f3: 2', 'f4: 0', 'f5: 0' => 'f6: 0'
c1 rule: 'f1: 2', 'f2: 1', 'f3: 1', 'f4: 1', not 'f5: 1' => 'f6: 0'
c1 rule: 'f1: 2', 'f2: 0', 'f3: 3', 'f4: 2', 'f5: 2' => 'f6: 0'
c1 rule: 'f1: 2', 'f2: 2', 'f3: 3', 'f4: 0', 'f5: 2' => 'f6: 0'
c1 rule: 'f1: 1', 'f2: 2', 'f3: 2', 'f4: 1', 'f5: 0' => 'f6: 0'
c1 rule: 'f1: 2', 'f2: 0', 'f3: 3', 'f4: 1', 'f5: 1' => 'f6: 0'
c1 # of rules: 15
c1 rule time: 1.2773

c1 computing class: 1
c1 discrimination constraints: 907h
c1 coverage constraints: 476v+9045h
c1 formula: 518v, 10015c (9973h+42s)
c1 enumerating rules (maxsat-based)
c1 rule: 'f1: 2', 'f2: 1', 'f3: 1', 'f4: 0', 'f5: 1' => 'f6: 1'
c1 rule: 'f1: 0', 'f2: 1', 'f3: 2', 'f4: 0', not 'f5: 0' => 'f6: 1'
c1 rule: 'f1: 0', 'f2: 3', 'f3: 2', 'f4: 1', 'f5: 2' => 'f6: 1'
c1 rule: 'f1: 0', 'f2: 3', 'f3: 2', 'f4: 0', 'f5: 1' => 'f6: 1'
c1 rule: 'f1: 2', 'f2: 3', 'f3: 3', 'f4: 0', 'f5: 1' => 'f6: 1'
c1 rule: 'f1: 2', 'f2: 3', 'f3: 3', 'f4: 1', 'f5: 0' => 'f6: 1'
c1 rule: 'f1: 2', 'f2: 1', 'f3: 2', 'f4: 2', 'f5: 1' => 'f6: 1'
c1 rule: 'f1: 0', 'f2: 0', 'f3: 1', 'f4: 0', 'f5: 0' => 'f6: 1'
c1 rule: 'f1: 3', 'f2: 0', 'f3: 2', 'f4: 2', 'f5: 0' => 'f6: 1'
c1 rule: 'f1: 3', 'f2: 0', 'f3: 2', 'f5: 0', not 'f4: 0' => 'f6: 1'
c1 rule: 'f1: 3', 'f2: 1', 'f3: 0', 'f4: 1', 'f5: 0' => 'f6: 1'
c1 rule: 'f1: 3', 'f2: 1', 'f3: 0', 'f4: 1', not 'f5: 1' => 'f6: 1'
c1 rule: 'f1: 3', 'f2: 3', 'f3: 3', 'f4: 1', 'f5: 2' => 'f6: 1'
c1 rule: 'f1: 3', 'f2: 3', 'f3: 0', 'f4: 0', 'f5: 1' => 'f6: 1'
c1 rule: 'f1: 2', 'f2: 0', 'f3: 0', 'f4: 0', 'f5: 0' => 'f6: 1'
c1 rule: 'f1: 0', 'f2: 2', 'f3: 3', 'f4: 0', 'f5: 1' => 'f6: 1'
c1 rule: 'f1: 1', 'f2: 2', 'f3: 3', 'f4: 2', 'f5: 0' => 'f6: 1'
c1 # of rules: 17
c1 rule time: 1.3365

c1 computing class: 2
c1 discrimination constraints: 941h
c1 coverage constraints: 442v+8399h
c1 formula: 484v, 9403c (9361h+42s)
c1 enumerating rules (maxsat-based)
c1 rule: 'f1: 0', 'f2: 3', 'f3: 0', 'f4: 1', 'f5: 2' => 'f6: 2'
c1 rule: 'f1: 0', 'f2: 1', 'f3: 1', 'f4: 1', 'f5: 2' => 'f6: 2'
c1 rule: 'f1: 0', 'f2: 0', 'f3: 2', 'f4: 2', 'f5: 0' => 'f6: 2'
c1 rule: 'f1: 0', 'f2: 0', 'f3: 2', 'f5: 0', not 'f4: 1' => 'f6: 2'
c1 rule: 'f1: 2', 'f2: 1', 'f3: 1', 'f4: 2', 'f5: 1' => 'f6: 2'
c1 rule: 'f1: 3', 'f2: 0', 'f3: 1', 'f4: 0', 'f5: 0' => 'f6: 2'
c1 rule: 'f1: 0', 'f2: 3', 'f3: 3', 'f4: 0', 'f5: 1' => 'f6: 2'
c1 rule: 'f1: 0', 'f2: 2', 'f3: 0', 'f4: 0', 'f5: 0' => 'f6: 2'
c1 rule: 'f1: 0', 'f2: 1', 'f3: 1', 'f4: 0', not 'f5: 2' => 'f6: 2'
c1 rule: 'f1: 0', 'f2: 0', 'f3: 0', 'f4: 1', 'f5: 1' => 'f6: 2'
c1 # of rules: 10
c1 rule time: 0.9884

c2 total rules: 42
c3 total time: 17.3032

Rules are saved to ../rules/all/q6_car_train4.csv.json