c0 # of samps: 131 (120 weighted)
c0 # of feats: 9 (41 binary)
c0 # of labls: 2
c0 parse time: 0.2901


c0 computing feature 1
c1 computing class: (-inf..1.52]
c1 discrimination constraints: 23h
c1 coverage constraints: 97v+3978h
c1 formula: 181v, 4127c (4043h+84s)
c1 enumerating rules (maxsat-based)
c1 rule: 'Barium: (0.44..+inf)' => 'Refractive Index: (-inf..1.52]'
c1 rule: 'Potassium: (0.54..0.64]' => 'Refractive Index: (-inf..1.52]'
c1 rule: 'Silicon: (72.8..73.08]' => 'Refractive Index: (-inf..1.52]'
c1 rule: 'Calcium: (8.16..8.5]' => 'Refractive Index: (-inf..1.52]'
c1 rule: 'Calcium: (-inf..8.16]' => 'Refractive Index: (-inf..1.52]'
c1 rule: 'Barium: (0.08..0.12]' => 'Refractive Index: (-inf..1.52]'
c1 rule: 'Sodium: (12.74..13.03]' => 'Refractive Index: (-inf..1.52]'
c1 rule: 'Silicon: (73.08..+inf)', 'Calcium: (8.81..9.59]' => 'Refractive Index: (-inf..1.52]'
c1 rule: 'Silicon: (72.02..72.49]', 'Potassium: (-inf..0.13]' => 'Refractive Index: (-inf..1.52]'
c1 rule: 'Silicon: (72.02..72.49]', 'Iron: (-inf..0.1]' => 'Refractive Index: (-inf..1.52]'
c1 rule: 'Magnesium: (3.61..3.77]', 'Calcium: (8.81..9.59]' => 'Refractive Index: (-inf..1.52]'
c1 rule: 'Magnesium: (-inf..3.1]', 'Calcium: (8.5..8.81]' => 'Refractive Index: (-inf..1.52]'
c1 rule: 'Magnesium: (3.1..3.45]', 'Calcium: (8.5..8.81]' => 'Refractive Index: (-inf..1.52]'
c1 # of rules: 13
c1 rule time: 0.0175

c1 computing class: (1.52..+inf)
c1 discrimination constraints: 97h
c1 coverage constraints: 23v+944h
c1 formula: 107v, 1167c (1083h+84s)
c1 enumerating rules (maxsat-based)
c1 rule: 'Calcium: (9.59..+inf)' => 'Refractive Index: (1.52..+inf)'
c1 rule: 'Barium: (0.15..0.44]' => 'Refractive Index: (1.52..+inf)'
c1 rule: 'Potassium: (0.13..0.37]', 'Iron: (-inf..0.1]' => 'Refractive Index: (1.52..+inf)'
c1 rule: 'Magnesium: (3.77..+inf)', 'Potassium: (0.13..0.37]' => 'Refractive Index: (1.52..+inf)'
c1 rule: 'Sodium: (13.72..+inf)', 'Magnesium: (3.77..+inf)' => 'Refractive Index: (1.52..+inf)'
c1 rule: 'Magnesium: (3.77..+inf)', 'Potassium: (-inf..0.13]' => 'Refractive Index: (1.52..+inf)'
c1 rule: 'Magnesium: (3.61..3.77]', 'Potassium: (0.37..0.54]' => 'Refractive Index: (1.52..+inf)'
c1 # of rules: 7
c1 rule time: 0.0086

c2 total rules: 20

c0 computing feature 2
c1 computing class: (-inf..12.74]
c1 discrimination constraints: 102h
c1 coverage constraints: 18v+667h
c1 formula: 100v, 892c (810h+82s)
c1 enumerating rules (maxsat-based)
c1 rule: 'Magnesium: (3.61..3.77]', 'Silicon: (73.08..+inf)' => 'Sodium: (-inf..12.74]'
c1 rule: 'Potassium: (0.64..+inf)', 'Calcium: (8.5..8.81]' => 'Sodium: (-inf..12.74]'
c1 rule: 'Potassium: (0.64..+inf)', 'Calcium: (8.81..9.59]' => 'Sodium: (-inf..12.74]'
c1 rule: 'Potassium: (0.64..+inf)', not 'Refractive Index: (-inf..1.52]' => 'Sodium: (-inf..12.74]'
c1 rule: 'Silicon: (73.08..+inf)', 'Calcium: (8.81..9.59]' => 'Sodium: (-inf..12.74]'
c1 rule: 'Iron: (0.22..0.29]', not 'Refractive Index: (-inf..1.52]' => 'Sodium: (-inf..12.74]'
c1 rule: 'Aluminum: (-inf..0.88]', 'Silicon: (73.08..+inf)' => 'Sodium: (-inf..12.74]'
c1 rule: 'Magnesium: (3.1..3.45]', 'Iron: (0.29..+inf)' => 'Sodium: (-inf..12.74]'
c1 rule: 'Magnesium: (-inf..3.1]', 'Aluminum: (-inf..0.88]' => 'Sodium: (-inf..12.74]'
c1 rule: 'Aluminum: (1.58..+inf)', 'Silicon: (73.08..+inf)', not 'Potassium: (0.64..+inf)' => 'Sodium: (-inf..12.74]'
c1 rule: 'Magnesium: (3.45..3.61]', 'Iron: (0.22..0.29]', not 'Silicon: (72.8..73.08]' => 'Sodium: (-inf..12.74]'
c1 rule: 'Magnesium: (3.1..3.45]', 'Potassium: (0.64..+inf)', 'Iron: (-inf..0.1]' => 'Sodium: (-inf..12.74]'
c1 rule: 'Aluminum: (1.19..1.37]', 'Calcium: (8.5..8.81]', 'Iron: (0.1..0.16]' => 'Sodium: (-inf..12.74]'
c1 rule: 'Magnesium: (3.45..3.61]', 'Aluminum: (1.37..1.58]', 'Potassium: (0.54..0.64]', 'Calcium: (8.5..8.81]' => 'Sodium: (-inf..12.74]'
c1 # of rules: 14
c1 rule time: 0.0147

c1 computing class: (12.74..13.03]
c1 discrimination constraints: 87h
c1 coverage constraints: 33v+1222h
c1 formula: 115v, 1432c (1350h+82s)
c1 enumerating rules (maxsat-based)
c1 rule: 'Barium: (0.12..0.15]' => 'Sodium: (12.74..13.03]'
c1 rule: 'Calcium: (8.5..8.81]', 'Iron: (0.16..0.22]' => 'Sodium: (12.74..13.03]'
c1 rule: 'Aluminum: (1.37..1.58]', 'Iron: (0.1..0.16]' => 'Sodium: (12.74..13.03]'
c1 rule: 'Silicon: (72.8..73.08]', 'Iron: (0.22..0.29]' => 'Sodium: (12.74..13.03]'
c1 rule: 'Magnesium: (3.77..+inf)', 'Silicon: (72.8..73.08]' => 'Sodium: (12.74..13.03]'
c1 rule: 'Silicon: (72.8..73.08]', 'Iron: (0.16..0.22]' => 'Sodium: (12.74..13.03]'
c1 rule: 'Potassium: (0.54..0.64]', 'Iron: (0.16..0.22]' => 'Sodium: (12.74..13.03]'
c1 rule: 'Magnesium: (3.45..3.61]', 'Iron: (0.16..0.22]' => 'Sodium: (12.74..13.03]'
c1 rule: 'Aluminum: (1.58..+inf)', 'Calcium: (8.16..8.5]' => 'Sodium: (12.74..13.03]'
c1 rule: 'Magnesium: (3.61..3.77]', 'Iron: (0.29..+inf)' => 'Sodium: (12.74..13.03]'
c1 rule: 'Magnesium: (3.45..3.61]', 'Iron: (0.29..+inf)' => 'Sodium: (12.74..13.03]'
c1 rule: 'Magnesium: (3.1..3.45]', 'Potassium: (0.64..+inf)', not 'Calcium: (8.16..8.5]' => 'Sodium: (12.74..13.03]'
c1 rule: 'Magnesium: (3.45..3.61]', 'Calcium: (8.16..8.5]', not 'Iron: (-inf..0.1]' => 'Sodium: (12.74..13.03]'
c1 rule: 'Aluminum: (1.37..1.58]', 'Silicon: (72.8..73.08]', not 'Calcium: (-inf..8.16]' => 'Sodium: (12.74..13.03]'
c1 rule: 'Aluminum: (1.37..1.58]', 'Silicon: (72.8..73.08]', not 'Magnesium: (3.45..3.61]' => 'Sodium: (12.74..13.03]'
c1 rule: 'Magnesium: (3.45..3.61]', 'Aluminum: (0.88..1.19]', 'Calcium: (8.5..8.81]' => 'Sodium: (12.74..13.03]'
c1 rule: 'Magnesium: (3.45..3.61]', 'Silicon: (72.49..72.8]', 'Calcium: (8.5..8.81]' => 'Sodium: (12.74..13.03]'
c1 rule: 'Magnesium: (3.61..3.77]', 'Aluminum: (1.19..1.37]', not 'Calcium: (8.16..8.5]' => 'Sodium: (12.74..13.03]'
c1 rule: 'Aluminum: (1.58..+inf)', 'Silicon: (72.8..73.08]', not 'Magnesium: (-inf..3.1]' => 'Sodium: (12.74..13.03]'
c1 rule: 'Magnesium: (3.45..3.61]', 'Aluminum: (1.58..+inf)', not 'Silicon: (72.49..72.8]', not 'Potassium: (0.54..0.64]' => 'Sodium: (12.74..13.03]'
c1 rule: 'Silicon: (73.08..+inf)', 'Calcium: (-inf..8.16]', not 'Potassium: (0.54..0.64]', not 'Iron: (0.22..0.29]' => 'Sodium: (12.74..13.03]'
c1 # of rules: 21
c1 rule time: 0.0234

c1 computing class: (13.03..13.38]
c1 discrimination constraints: 92h
c1 coverage constraints: 28v+1037h
c1 formula: 110v, 1252c (1170h+82s)
c1 enumerating rules (maxsat-based)
c1 rule: 'Magnesium: (3.45..3.61]', not 'Refractive Index: (-inf..1.52]' => 'Sodium: (13.03..13.38]'
c1 rule: 'Aluminum: (0.88..1.19]', 'Potassium: (0.37..0.54]' => 'Sodium: (13.03..13.38]'
c1 rule: 'Silicon: (72.02..72.49]', 'Calcium: (8.5..8.81]' => 'Sodium: (13.03..13.38]'
c1 rule: 'Aluminum: (-inf..0.88]', 'Silicon: (72.02..72.49]' => 'Sodium: (13.03..13.38]'
c1 rule: 'Aluminum: (1.37..1.58]', 'Calcium: (8.81..9.59]' => 'Sodium: (13.03..13.38]'
c1 rule: 'Silicon: (72.49..72.8]', 'Calcium: (8.81..9.59]' => 'Sodium: (13.03..13.38]'
c1 rule: 'Silicon: (72.02..72.49]', 'Iron: (0.1..0.16]' => 'Sodium: (13.03..13.38]'
c1 rule: 'Magnesium: (3.77..+inf)', 'Aluminum: (1.37..1.58]' => 'Sodium: (13.03..13.38]'
c1 rule: 'Aluminum: (1.37..1.58]', 'Potassium: (-inf..0.13]' => 'Sodium: (13.03..13.38]'
c1 rule: 'Silicon: (72.49..72.8]', 'Iron: (0.22..0.29]' => 'Sodium: (13.03..13.38]'
c1 rule: 'Magnesium: (3.61..3.77]', 'Calcium: (8.16..8.5]', not 'Silicon: (72.49..72.8]' => 'Sodium: (13.03..13.38]'
c1 rule: 'Magnesium: (3.61..3.77]', 'Aluminum: (1.19..1.37]', not 'Calcium: (8.5..8.81]' => 'Sodium: (13.03..13.38]'
c1 rule: 'Silicon: (73.08..+inf)', 'Potassium: (0.37..0.54]', not 'Iron: (0.16..0.22]' => 'Sodium: (13.03..13.38]'
c1 rule: 'Aluminum: (0.88..1.19]', 'Silicon: (73.08..+inf)', 'Calcium: (8.16..8.5]' => 'Sodium: (13.03..13.38]'
c1 rule: 'Aluminum: (0.88..1.19]', 'Calcium: (8.16..8.5]', 'Iron: (-inf..0.1]' => 'Sodium: (13.03..13.38]'
c1 rule: 'Magnesium: (3.1..3.45]', 'Aluminum: (1.37..1.58]', 'Potassium: (0.54..0.64]' => 'Sodium: (13.03..13.38]'
c1 rule: 'Silicon: (72.8..73.08]', 'Calcium: (8.5..8.81]', not 'Potassium: (0.54..0.64]' => 'Sodium: (13.03..13.38]'
c1 rule: 'Silicon: (72.8..73.08]', 'Potassium: (0.37..0.54]', not 'Aluminum: (1.37..1.58]' => 'Sodium: (13.03..13.38]'
c1 rule: 'Magnesium: (-inf..3.1]', 'Aluminum: (1.19..1.37]', 'Silicon: (72.8..73.08]' => 'Sodium: (13.03..13.38]'
c1 rule: 'Aluminum: (1.37..1.58]', 'Potassium: (0.54..0.64]', 'Calcium: (8.16..8.5]' => 'Sodium: (13.03..13.38]'
c1 rule: 'Aluminum: (1.37..1.58]', 'Silicon: (72.49..72.8]', 'Calcium: (8.16..8.5]' => 'Sodium: (13.03..13.38]'
c1 rule: 'Magnesium: (3.45..3.61]', 'Silicon: (72.49..72.8]', 'Potassium: (0.54..0.64]', not 'Calcium: (8.5..8.81]' => 'Sodium: (13.03..13.38]'
c1 rule: 'Magnesium: (3.1..3.45]', 'Silicon: (72.49..72.8]', 'Potassium: (0.54..0.64]', 'Calcium: (8.5..8.81]' => 'Sodium: (13.03..13.38]'
c1 # of rules: 23
c1 rule time: 0.0225

c1 computing class: (13.38..13.72]
c1 discrimination constraints: 97h
c1 coverage constraints: 23v+852h
c1 formula: 105v, 1072c (990h+82s)
c1 enumerating rules (maxsat-based)
c1 rule: 'Barium: (0.15..0.44]' => 'Sodium: (13.38..13.72]'
c1 rule: 'Potassium: (-inf..0.13]', 'Iron: (0.1..0.16]' => 'Sodium: (13.38..13.72]'
c1 rule: 'Silicon: (72.8..73.08]', 'Potassium: (-inf..0.13]' => 'Sodium: (13.38..13.72]'
c1 rule: 'Aluminum: (0.88..1.19]', 'Calcium: (-inf..8.16]' => 'Sodium: (13.38..13.72]'
c1 rule: 'Aluminum: (1.19..1.37]', 'Calcium: (9.59..+inf)' => 'Sodium: (13.38..13.72]'
c1 rule: 'Silicon: (-inf..72.02]', 'Calcium: (8.16..8.5]' => 'Sodium: (13.38..13.72]'
c1 rule: 'Silicon: (-inf..72.02]', 'Potassium: (0.54..0.64]' => 'Sodium: (13.38..13.72]'
c1 rule: 'Magnesium: (3.77..+inf)', 'Calcium: (8.5..8.81]' => 'Sodium: (13.38..13.72]'
c1 rule: 'Magnesium: (3.77..+inf)', 'Potassium: (0.37..0.54]' => 'Sodium: (13.38..13.72]'
c1 rule: 'Magnesium: (3.77..+inf)', 'Aluminum: (1.19..1.37]' => 'Sodium: (13.38..13.72]'
c1 rule: 'Aluminum: (-inf..0.88]', 'Iron: (0.1..0.16]' => 'Sodium: (13.38..13.72]'
c1 rule: 'Aluminum: (1.19..1.37]', 'Potassium: (0.64..+inf)' => 'Sodium: (13.38..13.72]'
c1 rule: 'Refractive Index: (-inf..1.52]', 'Magnesium: (-inf..3.1]', 'Aluminum: (0.88..1.19]' => 'Sodium: (13.38..13.72]'
c1 rule: 'Silicon: (72.02..72.49]', 'Calcium: (-inf..8.16]', not 'Potassium: (0.64..+inf)' => 'Sodium: (13.38..13.72]'
c1 rule: 'Silicon: (72.02..72.49]', 'Calcium: (-inf..8.16]', not 'Magnesium: (-inf..3.1]' => 'Sodium: (13.38..13.72]'
c1 rule: 'Magnesium: (3.61..3.77]', 'Calcium: (8.16..8.5]', not 'Aluminum: (1.19..1.37]' => 'Sodium: (13.38..13.72]'
c1 rule: 'Magnesium: (3.61..3.77]', 'Aluminum: (0.88..1.19]', 'Silicon: (-inf..72.02]' => 'Sodium: (13.38..13.72]'
c1 rule: 'Magnesium: (3.1..3.45]', 'Silicon: (72.49..72.8]', 'Potassium: (0.37..0.54]' => 'Sodium: (13.38..13.72]'
c1 rule: 'Magnesium: (3.1..3.45]', 'Aluminum: (1.19..1.37]', 'Calcium: (8.16..8.5]' => 'Sodium: (13.38..13.72]'
c1 rule: 'Magnesium: (3.1..3.45]', 'Aluminum: (1.19..1.37]', 'Iron: (-inf..0.1]', not 'Calcium: (8.5..8.81]' => 'Sodium: (13.38..13.72]'
c1 rule: 'Aluminum: (1.37..1.58]', 'Silicon: (72.49..72.8]', 'Iron: (-inf..0.1]', not 'Calcium: (8.16..8.5]' => 'Sodium: (13.38..13.72]'
c1 # of rules: 21
c1 rule time: 0.0198

c1 computing class: (13.72..+inf)
c1 discrimination constraints: 102h
c1 coverage constraints: 18v+667h
c1 formula: 100v, 892c (810h+82s)
c1 enumerating rules (maxsat-based)
c1 rule: 'Barium: (0.44..+inf)' => 'Sodium: (13.72..+inf)'
c1 rule: 'Magnesium: (3.1..3.45]', not 'Refractive Index: (-inf..1.52]' => 'Sodium: (13.72..+inf)'
c1 rule: 'Aluminum: (1.37..1.58]', 'Silicon: (-inf..72.02]' => 'Sodium: (13.72..+inf)'
c1 rule: 'Magnesium: (3.77..+inf)', 'Calcium: (9.59..+inf)' => 'Sodium: (13.72..+inf)'
c1 rule: 'Silicon: (72.49..72.8]', 'Calcium: (9.59..+inf)' => 'Sodium: (13.72..+inf)'
c1 rule: 'Magnesium: (-inf..3.1]', 'Calcium: (-inf..8.16]' => 'Sodium: (13.72..+inf)'
c1 rule: 'Barium: (0.08..0.12]', not 'Iron: (0.16..0.22]' => 'Sodium: (13.72..+inf)'
c1 rule: 'Silicon: (-inf..72.02]', 'Calcium: (-inf..8.16]' => 'Sodium: (13.72..+inf)'
c1 rule: 'Potassium: (0.37..0.54]', 'Calcium: (-inf..8.16]' => 'Sodium: (13.72..+inf)'
c1 rule: 'Calcium: (-inf..8.16]', 'Iron: (0.1..0.16]' => 'Sodium: (13.72..+inf)'
c1 rule: 'Silicon: (72.02..72.49]', 'Potassium: (-inf..0.13]' => 'Sodium: (13.72..+inf)'
c1 rule: 'Potassium: (-inf..0.13]', 'Calcium: (8.81..9.59]', not 'Silicon: (72.8..73.08]' => 'Sodium: (13.72..+inf)'
c1 rule: 'Silicon: (-inf..72.02]', 'Calcium: (8.81..9.59]', 'Iron: (-inf..0.1]' => 'Sodium: (13.72..+inf)'
c1 rule: 'Magnesium: (3.45..3.61]', 'Aluminum: (1.19..1.37]', 'Silicon: (72.02..72.49]' => 'Sodium: (13.72..+inf)'
c1 rule: 'Magnesium: (-inf..3.1]', 'Aluminum: (0.88..1.19]', 'Silicon: (-inf..72.02]', 'Iron: (-inf..0.1]' => 'Sodium: (13.72..+inf)'
c1 rule: 'Magnesium: (3.61..3.77]', 'Potassium: (-inf..0.13]', not 'Silicon: (72.8..73.08]', not 'Iron: (0.1..0.16]' => 'Sodium: (13.72..+inf)'
c1 # of rules: 16
c1 rule time: 0.0131

c2 total rules: 95

c0 computing feature 3
c1 computing class: (-inf..3.1]
c1 discrimination constraints: 101h
c1 coverage constraints: 19v+704h
c1 formula: 101v, 928c (846h+82s)
c1 enumerating rules (maxsat-based)
c1 rule: 'Barium: (0.12..0.15]' => 'Magnesium: (-inf..3.1]'
c1 rule: 'Barium: (0.15..0.44]' => 'Magnesium: (-inf..3.1]'
c1 rule: 'Aluminum: (1.37..1.58]', 'Silicon: (-inf..72.02]' => 'Magnesium: (-inf..3.1]'
c1 rule: 'Sodium: (-inf..12.74]', 'Silicon: (72.02..72.49]' => 'Magnesium: (-inf..3.1]'
c1 rule: 'Silicon: (73.08..+inf)', not 'Refractive Index: (-inf..1.52]' => 'Magnesium: (-inf..3.1]'
c1 rule: 'Aluminum: (-inf..0.88]', 'Silicon: (73.08..+inf)' => 'Magnesium: (-inf..3.1]'
c1 rule: 'Silicon: (-inf..72.02]', 'Iron: (0.22..0.29]' => 'Magnesium: (-inf..3.1]'
c1 rule: 'Sodium: (13.72..+inf)', 'Potassium: (0.64..+inf)' => 'Magnesium: (-inf..3.1]'
c1 rule: 'Potassium: (0.64..+inf)', 'Calcium: (8.5..8.81]' => 'Magnesium: (-inf..3.1]'
c1 rule: 'Potassium: (0.64..+inf)', 'Calcium: (8.81..9.59]' => 'Magnesium: (-inf..3.1]'
c1 rule: 'Potassium: (0.37..0.54]', 'Calcium: (8.81..9.59]' => 'Magnesium: (-inf..3.1]'
c1 rule: 'Silicon: (72.49..72.8]', 'Potassium: (-inf..0.13]' => 'Magnesium: (-inf..3.1]'
c1 rule: 'Aluminum: (1.19..1.37]', not 'Refractive Index: (-inf..1.52]' => 'Magnesium: (-inf..3.1]'
c1 rule: 'Barium: (0.08..0.12]', not 'Aluminum: (1.19..1.37]' => 'Magnesium: (-inf..3.1]'
c1 rule: 'Sodium: (-inf..12.74]', 'Potassium: (-inf..0.13]' => 'Magnesium: (-inf..3.1]'
c1 rule: 'Sodium: (13.72..+inf)', 'Calcium: (9.59..+inf)', not 'Aluminum: (-inf..0.88]' => 'Magnesium: (-inf..3.1]'
c1 rule: 'Silicon: (72.8..73.08]', 'Calcium: (8.81..9.59]', not 'Sodium: (13.38..13.72]' => 'Magnesium: (-inf..3.1]'
c1 rule: 'Aluminum: (1.19..1.37]', 'Iron: (0.22..0.29]', not 'Silicon: (72.8..73.08]' => 'Magnesium: (-inf..3.1]'
c1 rule: 'Aluminum: (0.88..1.19]', 'Silicon: (72.8..73.08]', 'Calcium: (8.81..9.59]' => 'Magnesium: (-inf..3.1]'
c1 # of rules: 19
c1 rule time: 0.0142

c1 computing class: (3.1..3.45]
c1 discrimination constraints: 100h
c1 coverage constraints: 20v+741h
c1 formula: 102v, 964c (882h+82s)
c1 enumerating rules (maxsat-based)
c1 rule: 'Silicon: (72.49..72.8]', 'Calcium: (8.81..9.59]' => 'Magnesium: (3.1..3.45]'
c1 rule: 'Silicon: (72.02..72.49]', 'Calcium: (8.5..8.81]' => 'Magnesium: (3.1..3.45]'
c1 rule: 'Aluminum: (1.37..1.58]', 'Calcium: (8.81..9.59]' => 'Magnesium: (3.1..3.45]'
c1 rule: 'Silicon: (-inf..72.02]', 'Potassium: (0.54..0.64]' => 'Magnesium: (3.1..3.45]'
c1 rule: 'Aluminum: (1.37..1.58]', 'Potassium: (-inf..0.13]' => 'Magnesium: (3.1..3.45]'
c1 rule: 'Calcium: (8.5..8.81]', 'Iron: (0.22..0.29]' => 'Magnesium: (3.1..3.45]'
c1 rule: 'Sodium: (13.03..13.38]', 'Calcium: (8.81..9.59]', not 'Silicon: (72.8..73.08]' => 'Magnesium: (3.1..3.45]'
c1 rule: 'Sodium: (13.03..13.38]', 'Silicon: (73.08..+inf)', not 'Aluminum: (0.88..1.19]' => 'Magnesium: (3.1..3.45]'
c1 rule: 'Aluminum: (0.88..1.19]', 'Silicon: (73.08..+inf)', 'Calcium: (8.81..9.59]' => 'Magnesium: (3.1..3.45]'
c1 rule: 'Silicon: (73.08..+inf)', 'Iron: (0.22..0.29]', not 'Sodium: (-inf..12.74]' => 'Magnesium: (3.1..3.45]'
c1 rule: 'Sodium: (-inf..12.74]', 'Calcium: (8.16..8.5]', not 'Aluminum: (1.19..1.37]' => 'Magnesium: (3.1..3.45]'
c1 rule: 'Sodium: (13.03..13.38]', 'Silicon: (72.8..73.08]', 'Calcium: (8.5..8.81]' => 'Magnesium: (3.1..3.45]'
c1 rule: 'Silicon: (72.8..73.08]', 'Potassium: (0.37..0.54]', not 'Sodium: (13.03..13.38]' => 'Magnesium: (3.1..3.45]'
c1 rule: 'Sodium: (13.03..13.38]', 'Calcium: (8.5..8.81]', not 'Potassium: (0.37..0.54]' => 'Magnesium: (3.1..3.45]'
c1 rule: 'Sodium: (13.38..13.72]', 'Aluminum: (1.19..1.37]', 'Calcium: (8.81..9.59]' => 'Magnesium: (3.1..3.45]'
c1 rule: 'Sodium: (13.38..13.72]', 'Aluminum: (1.19..1.37]', 'Calcium: (8.5..8.81]' => 'Magnesium: (3.1..3.45]'
c1 rule: 'Aluminum: (0.88..1.19]', 'Calcium: (8.5..8.81]', not 'Iron: (-inf..0.1]' => 'Magnesium: (3.1..3.45]'
c1 rule: 'Sodium: (13.38..13.72]', 'Silicon: (72.49..72.8]', 'Calcium: (8.16..8.5]', not 'Iron: (0.1..0.16]' => 'Magnesium: (3.1..3.45]'
c1 # of rules: 18
c1 rule time: 0.0212

c1 computing class: (3.45..3.61]
c1 discrimination constraints: 74h
c1 coverage constraints: 46v+1703h
c1 formula: 128v, 1900c (1818h+82s)
c1 enumerating rules (maxsat-based)
c1 rule: 'Barium: (0.44..+inf)' => 'Magnesium: (3.45..3.61]'
c1 rule: 'Sodium: (12.74..13.03]', 'Aluminum: (1.58..+inf)' => 'Magnesium: (3.45..3.61]'
c1 rule: 'Aluminum: (1.58..+inf)', 'Silicon: (72.49..72.8]' => 'Magnesium: (3.45..3.61]'
c1 rule: 'Sodium: (-inf..12.74]', 'Iron: (0.1..0.16]' => 'Magnesium: (3.45..3.61]'
c1 rule: 'Sodium: (-inf..12.74]', 'Calcium: (-inf..8.16]' => 'Magnesium: (3.45..3.61]'
c1 rule: 'Potassium: (0.37..0.54]', 'Calcium: (-inf..8.16]' => 'Magnesium: (3.45..3.61]'
c1 rule: 'Sodium: (13.38..13.72]', 'Aluminum: (1.37..1.58]' => 'Magnesium: (3.45..3.61]'
c1 rule: 'Sodium: (13.38..13.72]', 'Potassium: (0.64..+inf)' => 'Magnesium: (3.45..3.61]'
c1 rule: 'Aluminum: (1.19..1.37]', not 'Barium: (-inf..0.08]' => 'Magnesium: (3.45..3.61]'
c1 rule: 'Silicon: (72.49..72.8]', 'Iron: (0.16..0.22]' => 'Magnesium: (3.45..3.61]'
c1 rule: 'Sodium: (13.03..13.38]', 'Silicon: (-inf..72.02]' => 'Magnesium: (3.45..3.61]'
c1 rule: 'Calcium: (8.16..8.5]', 'Iron: (0.22..0.29]' => 'Magnesium: (3.45..3.61]'
c1 rule: 'Silicon: (72.8..73.08]', 'Potassium: (0.13..0.37]' => 'Magnesium: (3.45..3.61]'
c1 rule: 'Aluminum: (1.19..1.37]', 'Iron: (0.16..0.22]' => 'Magnesium: (3.45..3.61]'
c1 rule: 'Sodium: (13.72..+inf)', 'Aluminum: (1.19..1.37]' => 'Magnesium: (3.45..3.61]'
c1 rule: 'Potassium: (0.54..0.64]', 'Calcium: (8.16..8.5]', 'Iron: (0.29..+inf)' => 'Magnesium: (3.45..3.61]'
c1 rule: 'Sodium: (13.03..13.38]', 'Iron: (0.1..0.16]', not 'Calcium: (8.81..9.59]' => 'Magnesium: (3.45..3.61]'
c1 rule: 'Sodium: (13.03..13.38]', 'Aluminum: (0.88..1.19]', 'Silicon: (73.08..+inf)' => 'Magnesium: (3.45..3.61]'
c1 rule: 'Aluminum: (0.88..1.19]', 'Silicon: (73.08..+inf)', not 'Sodium: (-inf..12.74]' => 'Magnesium: (3.45..3.61]'
c1 rule: 'Silicon: (73.08..+inf)', 'Potassium: (0.54..0.64]', 'Calcium: (8.16..8.5]' => 'Magnesium: (3.45..3.61]'
c1 rule: 'Sodium: (-inf..12.74]', 'Aluminum: (1.37..1.58]', 'Potassium: (0.54..0.64]' => 'Magnesium: (3.45..3.61]'
c1 rule: 'Sodium: (-inf..12.74]', 'Aluminum: (1.19..1.37]', not 'Calcium: (8.81..9.59]' => 'Magnesium: (3.45..3.61]'
c1 rule: 'Sodium: (12.74..13.03]', 'Aluminum: (0.88..1.19]', 'Iron: (-inf..0.1]' => 'Magnesium: (3.45..3.61]'
c1 rule: 'Silicon: (72.8..73.08]', 'Calcium: (8.16..8.5]', not 'Sodium: (12.74..13.03]' => 'Magnesium: (3.45..3.61]'
c1 rule: 'Silicon: (72.49..72.8]', 'Potassium: (0.37..0.54]', not 'Calcium: (8.5..8.81]' => 'Magnesium: (3.45..3.61]'
c1 rule: 'Aluminum: (1.37..1.58]', 'Silicon: (72.49..72.8]', 'Iron: (-inf..0.1]' => 'Magnesium: (3.45..3.61]'
c1 rule: 'Sodium: (12.74..13.03]', 'Silicon: (73.08..+inf)', 'Iron: (-inf..0.1]' => 'Magnesium: (3.45..3.61]'
c1 rule: 'Aluminum: (1.19..1.37]', 'Silicon: (72.8..73.08]', 'Calcium: (8.16..8.5]' => 'Magnesium: (3.45..3.61]'
c1 rule: 'Aluminum: (1.37..1.58]', 'Silicon: (72.8..73.08]', not 'Sodium: (12.74..13.03]' => 'Magnesium: (3.45..3.61]'
c1 # of rules: 29
c1 rule time: 0.0285

c1 computing class: (3.61..3.77]
c1 discrimination constraints: 98h
c1 coverage constraints: 22v+815h
c1 formula: 104v, 1036c (954h+82s)
c1 enumerating rules (maxsat-based)
c1 rule: 'Sodium: (12.74..13.03]', 'Silicon: (72.02..72.49]' => 'Magnesium: (3.61..3.77]'
c1 rule: 'Silicon: (-inf..72.02]', 'Calcium: (-inf..8.16]' => 'Magnesium: (3.61..3.77]'
c1 rule: 'Aluminum: (-inf..0.88]', 'Silicon: (72.02..72.49]' => 'Magnesium: (3.61..3.77]'
c1 rule: 'Silicon: (72.02..72.49]', 'Potassium: (-inf..0.13]' => 'Magnesium: (3.61..3.77]'
c1 rule: 'Potassium: (-inf..0.13]', 'Iron: (0.1..0.16]' => 'Magnesium: (3.61..3.77]'
c1 rule: 'Silicon: (72.8..73.08]', 'Potassium: (-inf..0.13]' => 'Magnesium: (3.61..3.77]'
c1 rule: 'Sodium: (13.03..13.38]', 'Iron: (0.22..0.29]' => 'Magnesium: (3.61..3.77]'
c1 rule: 'Silicon: (72.49..72.8]', 'Iron: (0.29..+inf)' => 'Magnesium: (3.61..3.77]'
c1 rule: 'Aluminum: (1.37..1.58]', 'Iron: (0.1..0.16]' => 'Magnesium: (3.61..3.77]'
c1 rule: 'Potassium: (0.37..0.54]', not 'Refractive Index: (-inf..1.52]', not 'Iron: (0.16..0.22]' => 'Magnesium: (3.61..3.77]'
c1 rule: 'Sodium: (13.38..13.72]', 'Aluminum: (0.88..1.19]', not 'Iron: (-inf..0.1]' => 'Magnesium: (3.61..3.77]'
c1 rule: 'Sodium: (13.38..13.72]', 'Calcium: (9.59..+inf)', not 'Aluminum: (1.19..1.37]' => 'Magnesium: (3.61..3.77]'
c1 rule: 'Aluminum: (0.88..1.19]', 'Calcium: (-inf..8.16]', not 'Silicon: (72.02..72.49]' => 'Magnesium: (3.61..3.77]'
c1 rule: 'Sodium: (-inf..12.74]', 'Aluminum: (0.88..1.19]', 'Iron: (-inf..0.1]' => 'Magnesium: (3.61..3.77]'
c1 rule: 'Refractive Index: (-inf..1.52]', 'Silicon: (-inf..72.02]', 'Calcium: (8.81..9.59]' => 'Magnesium: (3.61..3.77]'
c1 rule: 'Aluminum: (1.58..+inf)', 'Silicon: (72.02..72.49]', 'Potassium: (0.54..0.64]' => 'Magnesium: (3.61..3.77]'
c1 rule: 'Sodium: (13.03..13.38]', 'Aluminum: (1.19..1.37]', 'Silicon: (72.02..72.49]', not 'Calcium: (8.81..9.59]' => 'Magnesium: (3.61..3.77]'
c1 # of rules: 17
c1 rule time: 0.0180

c1 computing class: (3.77..+inf)
c1 discrimination constraints: 107h
c1 coverage constraints: 13v+482h
c1 formula: 95v, 712c (630h+82s)
c1 enumerating rules (maxsat-based)
c1 rule: 'Silicon: (-inf..72.02]', 'Calcium: (8.16..8.5]' => 'Magnesium: (3.77..+inf)'
c1 rule: 'Sodium: (13.38..13.72]', 'Potassium: (0.13..0.37]', not 'Iron: (-inf..0.1]' => 'Magnesium: (3.77..+inf)'
c1 rule: 'Potassium: (0.13..0.37]', not 'Refractive Index: (-inf..1.52]', not 'Calcium: (9.59..+inf)' => 'Magnesium: (3.77..+inf)'
c1 rule: not 'Refractive Index: (-inf..1.52]', not 'Potassium: (0.37..0.54]', not 'Calcium: (9.59..+inf)' => 'Magnesium: (3.77..+inf)'
c1 rule: 'Aluminum: (-inf..0.88]', not 'Potassium: (-inf..0.13]', not 'Iron: (0.16..0.22]' => 'Magnesium: (3.77..+inf)'
c1 rule: 'Sodium: (13.38..13.72]', 'Aluminum: (0.88..1.19]', 'Silicon: (72.02..72.49]' => 'Magnesium: (3.77..+inf)'
c1 rule: 'Silicon: (72.02..72.49]', 'Calcium: (8.16..8.5]', not 'Aluminum: (1.19..1.37]' => 'Magnesium: (3.77..+inf)'
c1 rule: 'Sodium: (13.38..13.72]', 'Silicon: (72.02..72.49]', 'Calcium: (8.16..8.5]' => 'Magnesium: (3.77..+inf)'
c1 rule: 'Sodium: (13.38..13.72]', 'Aluminum: (1.19..1.37]', 'Iron: (0.1..0.16]' => 'Magnesium: (3.77..+inf)'
c1 rule: 'Silicon: (72.8..73.08]', 'Iron: (0.1..0.16]', not 'Aluminum: (1.19..1.37]' => 'Magnesium: (3.77..+inf)'
c1 # of rules: 10
c1 rule time: 0.0119

c2 total rules: 93

c0 computing feature 4
c1 computing class: (-inf..0.88]
c1 discrimination constraints: 106h
c1 coverage constraints: 14v+519h
c1 formula: 96v, 748c (666h+82s)
c1 enumerating rules (maxsat-based)
c1 rule: 'Magnesium: (3.77..+inf)', 'Calcium: (9.59..+inf)' => 'Aluminum: (-inf..0.88]'
c1 rule: 'Potassium: (0.13..0.37]', 'Iron: (0.16..0.22]' => 'Aluminum: (-inf..0.88]'
c1 rule: 'Silicon: (72.8..73.08]', 'Potassium: (-inf..0.13]' => 'Aluminum: (-inf..0.88]'
c1 rule: 'Potassium: (-inf..0.13]', 'Iron: (0.1..0.16]' => 'Aluminum: (-inf..0.88]'
c1 rule: 'Magnesium: (3.1..3.45]', not 'Refractive Index: (-inf..1.52]' => 'Aluminum: (-inf..0.88]'
c1 rule: 'Sodium: (13.03..13.38]', 'Silicon: (-inf..72.02]' => 'Aluminum: (-inf..0.88]'
c1 rule: 'Silicon: (73.08..+inf)', not 'Refractive Index: (-inf..1.52]' => 'Aluminum: (-inf..0.88]'
c1 rule: 'Magnesium: (3.77..+inf)', 'Iron: (0.1..0.16]', not 'Calcium: (8.16..8.5]' => 'Aluminum: (-inf..0.88]'
c1 rule: 'Sodium: (13.72..+inf)', 'Magnesium: (3.77..+inf)', not 'Potassium: (0.13..0.37]' => 'Aluminum: (-inf..0.88]'
c1 rule: 'Sodium: (-inf..12.74]', 'Silicon: (-inf..72.02]', 'Iron: (-inf..0.1]' => 'Aluminum: (-inf..0.88]'
c1 rule: 'Magnesium: (3.61..3.77]', 'Potassium: (-inf..0.13]', not 'Refractive Index: (-inf..1.52]' => 'Aluminum: (-inf..0.88]'
c1 rule: 'Magnesium: (3.61..3.77]', 'Potassium: (-inf..0.13]', not 'Silicon: (72.02..72.49]' => 'Aluminum: (-inf..0.88]'
c1 # of rules: 12
c1 rule time: 0.0097

c1 computing class: (0.88..1.19]
c1 discrimination constraints: 95h
c1 coverage constraints: 25v+926h
c1 formula: 107v, 1144c (1062h+82s)
c1 enumerating rules (maxsat-based)
c1 rule: 'Sodium: (12.74..13.03]', 'Silicon: (72.02..72.49]' => 'Aluminum: (0.88..1.19]'
c1 rule: 'Silicon: (72.02..72.49]', 'Potassium: (-inf..0.13]' => 'Aluminum: (0.88..1.19]'
c1 rule: 'Magnesium: (3.61..3.77]', 'Potassium: (0.37..0.54]' => 'Aluminum: (0.88..1.19]'
c1 rule: 'Silicon: (72.49..72.8]', 'Calcium: (8.81..9.59]' => 'Aluminum: (0.88..1.19]'
c1 rule: 'Magnesium: (-inf..3.1]', 'Silicon: (72.49..72.8]' => 'Aluminum: (0.88..1.19]'
c1 rule: 'Magnesium: (3.61..3.77]', 'Silicon: (73.08..+inf)' => 'Aluminum: (0.88..1.19]'
c1 rule: 'Potassium: (-inf..0.13]', 'Iron: (0.22..0.29]' => 'Aluminum: (0.88..1.19]'
c1 rule: 'Magnesium: (3.77..+inf)', 'Calcium: (-inf..8.16]' => 'Aluminum: (0.88..1.19]'
c1 rule: 'Sodium: (12.74..13.03]', 'Magnesium: (3.77..+inf)' => 'Aluminum: (0.88..1.19]'
c1 rule: 'Magnesium: (3.45..3.61]', 'Iron: (0.29..+inf)' => 'Aluminum: (0.88..1.19]'
c1 rule: 'Silicon: (72.8..73.08]', 'Iron: (0.29..+inf)' => 'Aluminum: (0.88..1.19]'
c1 rule: 'Magnesium: (3.77..+inf)', 'Calcium: (8.5..8.81]' => 'Aluminum: (0.88..1.19]'
c1 rule: 'Sodium: (13.38..13.72]', 'Magnesium: (3.61..3.77]', 'Potassium: (0.13..0.37]' => 'Aluminum: (0.88..1.19]'
c1 rule: 'Potassium: (0.13..0.37]', 'Iron: (-inf..0.1]', not 'Calcium: (9.59..+inf)' => 'Aluminum: (0.88..1.19]'
c1 rule: 'Calcium: (8.81..9.59]', 'Iron: (0.22..0.29]', not 'Magnesium: (-inf..3.1]' => 'Aluminum: (0.88..1.19]'
c1 rule: 'Sodium: (13.38..13.72]', 'Silicon: (72.8..73.08]', 'Potassium: (0.54..0.64]' => 'Aluminum: (0.88..1.19]'
c1 rule: 'Magnesium: (3.45..3.61]', 'Silicon: (72.8..73.08]', 'Potassium: (0.37..0.54]' => 'Aluminum: (0.88..1.19]'
c1 rule: 'Sodium: (13.03..13.38]', 'Magnesium: (3.45..3.61]', not 'Iron: (-inf..0.1]' => 'Aluminum: (0.88..1.19]'
c1 rule: 'Sodium: (13.72..+inf)', 'Magnesium: (-inf..3.1]', 'Potassium: (-inf..0.13]' => 'Aluminum: (0.88..1.19]'
c1 rule: 'Sodium: (13.03..13.38]', 'Silicon: (73.08..+inf)', not 'Magnesium: (3.1..3.45]' => 'Aluminum: (0.88..1.19]'
c1 rule: 'Magnesium: (3.61..3.77]', 'Calcium: (8.16..8.5]', not 'Iron: (-inf..0.1]' => 'Aluminum: (0.88..1.19]'
c1 rule: 'Sodium: (12.74..13.03]', 'Silicon: (73.08..+inf)', 'Calcium: (8.5..8.81]', 'Iron: (-inf..0.1]' => 'Aluminum: (0.88..1.19]'
c1 # of rules: 22
c1 rule time: 0.0233

c1 computing class: (1.19..1.37]
c1 discrimination constraints: 83h
c1 coverage constraints: 37v+1370h
c1 formula: 119v, 1576c (1494h+82s)
c1 enumerating rules (maxsat-based)
c1 rule: 'Barium: (0.44..+inf)' => 'Aluminum: (1.19..1.37]'
c1 rule: 'Magnesium: (3.77..+inf)', 'Potassium: (0.37..0.54]' => 'Aluminum: (1.19..1.37]'
c1 rule: 'Potassium: (0.37..0.54]', 'Calcium: (-inf..8.16]' => 'Aluminum: (1.19..1.37]'
c1 rule: 'Magnesium: (3.77..+inf)', 'Silicon: (72.49..72.8]' => 'Aluminum: (1.19..1.37]'
c1 rule: 'Calcium: (8.5..8.81]', 'Iron: (0.22..0.29]' => 'Aluminum: (1.19..1.37]'
c1 rule: 'Sodium: (13.72..+inf)', 'Calcium: (8.5..8.81]' => 'Aluminum: (1.19..1.37]'
c1 rule: 'Sodium: (13.72..+inf)', 'Magnesium: (3.45..3.61]' => 'Aluminum: (1.19..1.37]'
c1 rule: 'Silicon: (72.49..72.8]', 'Iron: (0.29..+inf)' => 'Aluminum: (1.19..1.37]'
c1 rule: 'Barium: (0.08..0.12]', not 'Magnesium: (-inf..3.1]' => 'Aluminum: (1.19..1.37]'
c1 rule: 'Sodium: (13.03..13.38]', 'Magnesium: (-inf..3.1]' => 'Aluminum: (1.19..1.37]'
c1 rule: 'Sodium: (-inf..12.74]', 'Iron: (0.1..0.16]' => 'Aluminum: (1.19..1.37]'
c1 rule: 'Calcium: (8.16..8.5]', 'Iron: (0.16..0.22]', not 'Potassium: (-inf..0.13]' => 'Aluminum: (1.19..1.37]'
c1 rule: 'Sodium: (12.74..13.03]', 'Silicon: (73.08..+inf)', 'Calcium: (8.16..8.5]' => 'Aluminum: (1.19..1.37]'
c1 rule: 'Magnesium: (3.1..3.45]', 'Silicon: (72.02..72.49]', not 'Iron: (-inf..0.1]' => 'Aluminum: (1.19..1.37]'
c1 rule: 'Magnesium: (3.1..3.45]', 'Silicon: (72.02..72.49]', not 'Sodium: (13.03..13.38]' => 'Aluminum: (1.19..1.37]'
c1 rule: 'Silicon: (72.02..72.49]', 'Calcium: (8.16..8.5]', not 'Magnesium: (3.77..+inf)' => 'Aluminum: (1.19..1.37]'
c1 rule: 'Magnesium: (3.61..3.77]', 'Calcium: (8.16..8.5]', not 'Iron: (0.1..0.16]' => 'Aluminum: (1.19..1.37]'
c1 rule: 'Sodium: (13.38..13.72]', 'Calcium: (8.16..8.5]', not 'Iron: (0.1..0.16]' => 'Aluminum: (1.19..1.37]'
c1 rule: 'Sodium: (13.38..13.72]', 'Magnesium: (3.1..3.45]', not 'Silicon: (-inf..72.02]' => 'Aluminum: (1.19..1.37]'
c1 rule: 'Magnesium: (3.45..3.61]', 'Iron: (0.1..0.16]', not 'Potassium: (0.13..0.37]' => 'Aluminum: (1.19..1.37]'
c1 rule: 'Silicon: (72.8..73.08]', 'Calcium: (8.5..8.81]', not 'Potassium: (0.54..0.64]' => 'Aluminum: (1.19..1.37]'
c1 rule: 'Sodium: (13.38..13.72]', 'Magnesium: (3.45..3.61]', 'Silicon: (72.8..73.08]' => 'Aluminum: (1.19..1.37]'
c1 rule: 'Sodium: (-inf..12.74]', 'Magnesium: (3.45..3.61]', not 'Silicon: (73.08..+inf)' => 'Aluminum: (1.19..1.37]'
c1 rule: 'Sodium: (-inf..12.74]', 'Calcium: (8.16..8.5]', not 'Potassium: (0.64..+inf)' => 'Aluminum: (1.19..1.37]'
c1 rule: 'Sodium: (13.03..13.38]', 'Calcium: (8.5..8.81]', not 'Potassium: (0.37..0.54]' => 'Aluminum: (1.19..1.37]'
c1 rule: 'Magnesium: (3.61..3.77]', 'Silicon: (72.8..73.08]', 'Calcium: (8.5..8.81]' => 'Aluminum: (1.19..1.37]'
c1 rule: 'Sodium: (13.38..13.72]', 'Magnesium: (-inf..3.1]', not 'Calcium: (8.81..9.59]' => 'Aluminum: (1.19..1.37]'
c1 rule: 'Sodium: (-inf..12.74]', 'Magnesium: (-inf..3.1]', 'Potassium: (0.54..0.64]' => 'Aluminum: (1.19..1.37]'
c1 rule: 'Silicon: (72.49..72.8]', 'Calcium: (8.5..8.81]', 'Iron: (-inf..0.1]', not 'Magnesium: (3.61..3.77]' => 'Aluminum: (1.19..1.37]'
c1 rule: 'Refractive Index: (-inf..1.52]', 'Silicon: (72.49..72.8]', 'Calcium: (8.5..8.81]', 'Iron: (-inf..0.1]' => 'Aluminum: (1.19..1.37]'
c1 rule: 'Sodium: (13.03..13.38]', 'Silicon: (72.8..73.08]', 'Potassium: (0.54..0.64]', not 'Calcium: (-inf..8.16]' => 'Aluminum: (1.19..1.37]'
c1 rule: 'Potassium: (0.54..0.64]', 'Calcium: (8.16..8.5]', 'Iron: (-inf..0.1]', not 'Sodium: (13.03..13.38]' => 'Aluminum: (1.19..1.37]'
c1 # of rules: 32
c1 rule time: 0.0221

c1 computing class: (1.37..1.58]
c1 discrimination constraints: 93h
c1 coverage constraints: 27v+1000h
c1 formula: 109v, 1216c (1134h+82s)
c1 enumerating rules (maxsat-based)
c1 rule: 'Barium: (0.12..0.15]' => 'Aluminum: (1.37..1.58]'
c1 rule: 'Magnesium: (3.1..3.45]', 'Calcium: (-inf..8.16]' => 'Aluminum: (1.37..1.58]'
c1 rule: 'Magnesium: (3.1..3.45]', 'Potassium: (0.64..+inf)' => 'Aluminum: (1.37..1.58]'
c1 rule: 'Potassium: (-inf..0.13]', 'Calcium: (8.16..8.5]' => 'Aluminum: (1.37..1.58]'
c1 rule: 'Potassium: (0.37..0.54]', 'Calcium: (9.59..+inf)' => 'Aluminum: (1.37..1.58]'
c1 rule: 'Silicon: (72.02..72.49]', 'Calcium: (8.5..8.81]' => 'Aluminum: (1.37..1.58]'
c1 rule: 'Silicon: (72.49..72.8]', 'Iron: (0.16..0.22]' => 'Aluminum: (1.37..1.58]'
c1 rule: 'Calcium: (8.16..8.5]', 'Iron: (0.22..0.29]' => 'Aluminum: (1.37..1.58]'
c1 rule: 'Silicon: (72.49..72.8]', 'Iron: (0.22..0.29]' => 'Aluminum: (1.37..1.58]'
c1 rule: 'Silicon: (73.08..+inf)', not 'Barium: (-inf..0.08]' => 'Aluminum: (1.37..1.58]'
c1 rule: 'Potassium: (0.64..+inf)', 'Iron: (0.22..0.29]' => 'Aluminum: (1.37..1.58]'
c1 rule: 'Sodium: (12.74..13.03]', 'Calcium: (-inf..8.16]', not 'Magnesium: (3.45..3.61]' => 'Aluminum: (1.37..1.58]'
c1 rule: 'Silicon: (73.08..+inf)', not 'Sodium: (-inf..12.74]', not 'Magnesium: (3.45..3.61]' => 'Aluminum: (1.37..1.58]'
c1 rule: 'Magnesium: (3.1..3.45]', 'Calcium: (8.16..8.5]', not 'Silicon: (72.49..72.8]' => 'Aluminum: (1.37..1.58]'
c1 rule: 'Sodium: (13.38..13.72]', 'Magnesium: (3.45..3.61]', not 'Silicon: (72.8..73.08]' => 'Aluminum: (1.37..1.58]'
c1 rule: 'Sodium: (13.03..13.38]', 'Silicon: (72.8..73.08]', 'Calcium: (-inf..8.16]' => 'Aluminum: (1.37..1.58]'
c1 rule: 'Sodium: (12.74..13.03]', 'Iron: (0.1..0.16]', not 'Calcium: (8.16..8.5]' => 'Aluminum: (1.37..1.58]'
c1 rule: 'Magnesium: (3.45..3.61]', 'Silicon: (73.08..+inf)', 'Calcium: (8.5..8.81]', not 'Sodium: (12.74..13.03]' => 'Aluminum: (1.37..1.58]'
c1 rule: 'Sodium: (13.03..13.38]', 'Silicon: (72.02..72.49]', 'Iron: (-inf..0.1]', not 'Calcium: (8.16..8.5]' => 'Aluminum: (1.37..1.58]'
c1 rule: 'Sodium: (12.74..13.03]', 'Potassium: (0.54..0.64]', 'Calcium: (-inf..8.16]', 'Iron: (-inf..0.1]' => 'Aluminum: (1.37..1.58]'
c1 rule: 'Sodium: (13.03..13.38]', 'Silicon: (72.49..72.8]', 'Calcium: (8.16..8.5]', not 'Potassium: (0.54..0.64]' => 'Aluminum: (1.37..1.58]'
c1 # of rules: 21
c1 rule time: 0.0192

c1 computing class: (1.58..+inf)
c1 discrimination constraints: 103h
c1 coverage constraints: 17v+630h
c1 formula: 99v, 856c (774h+82s)
c1 enumerating rules (maxsat-based)
c1 rule: 'Barium: (0.15..0.44]' => 'Aluminum: (1.58..+inf)'
c1 rule: 'Potassium: (0.64..+inf)', 'Calcium: (9.59..+inf)' => 'Aluminum: (1.58..+inf)'
c1 rule: 'Calcium: (-inf..8.16]', 'Iron: (0.16..0.22]' => 'Aluminum: (1.58..+inf)'
c1 rule: 'Potassium: (0.64..+inf)', 'Calcium: (8.5..8.81]' => 'Aluminum: (1.58..+inf)'
c1 rule: 'Potassium: (0.64..+inf)', 'Calcium: (8.81..9.59]' => 'Aluminum: (1.58..+inf)'
c1 rule: 'Magnesium: (-inf..3.1]', 'Potassium: (0.64..+inf)' => 'Aluminum: (1.58..+inf)'
c1 rule: 'Silicon: (-inf..72.02]', 'Calcium: (-inf..8.16]' => 'Aluminum: (1.58..+inf)'
c1 rule: 'Silicon: (-inf..72.02]', 'Potassium: (0.54..0.64]' => 'Aluminum: (1.58..+inf)'
c1 rule: 'Sodium: (13.03..13.38]', 'Potassium: (0.64..+inf)', 'Iron: (-inf..0.1]' => 'Aluminum: (1.58..+inf)'
c1 rule: 'Sodium: (12.74..13.03]', 'Silicon: (72.49..72.8]', 'Calcium: (-inf..8.16]' => 'Aluminum: (1.58..+inf)'
c1 rule: 'Silicon: (72.49..72.8]', 'Potassium: (0.64..+inf)', 'Calcium: (8.16..8.5]' => 'Aluminum: (1.58..+inf)'
c1 rule: 'Sodium: (12.74..13.03]', 'Silicon: (72.49..72.8]', 'Calcium: (8.16..8.5]' => 'Aluminum: (1.58..+inf)'
c1 rule: 'Potassium: (0.54..0.64]', 'Calcium: (-inf..8.16]', not 'Iron: (-inf..0.1]' => 'Aluminum: (1.58..+inf)'
c1 rule: 'Sodium: (-inf..12.74]', 'Potassium: (0.54..0.64]', 'Calcium: (-inf..8.16]' => 'Aluminum: (1.58..+inf)'
c1 rule: 'Sodium: (13.38..13.72]', 'Magnesium: (3.61..3.77]', 'Silicon: (72.02..72.49]' => 'Aluminum: (1.58..+inf)'
c1 rule: 'Potassium: (0.64..+inf)', 'Iron: (-inf..0.1]', not 'Sodium: (13.38..13.72]', not 'Silicon: (73.08..+inf)' => 'Aluminum: (1.58..+inf)'
c1 # of rules: 16
c1 rule time: 0.0145

c2 total rules: 103

c0 computing feature 5
c1 computing class: (-inf..72.02]
c1 discrimination constraints: 98h
c1 coverage constraints: 22v+815h
c1 formula: 104v, 1036c (954h+82s)
c1 enumerating rules (maxsat-based)
c1 rule: 'Barium: (0.44..+inf)' => 'Silicon: (-inf..72.02]'
c1 rule: 'Aluminum: (1.19..1.37]', 'Calcium: (9.59..+inf)' => 'Silicon: (-inf..72.02]'
c1 rule: 'Sodium: (13.38..13.72]', 'Iron: (0.29..+inf)' => 'Silicon: (-inf..72.02]'
c1 rule: 'Sodium: (13.72..+inf)', 'Calcium: (8.5..8.81]' => 'Silicon: (-inf..72.02]'
c1 rule: 'Sodium: (13.72..+inf)', 'Magnesium: (3.77..+inf)' => 'Silicon: (-inf..72.02]'
c1 rule: 'Magnesium: (3.77..+inf)', 'Calcium: (8.5..8.81]' => 'Silicon: (-inf..72.02]'
c1 rule: 'Magnesium: (3.77..+inf)', 'Calcium: (8.81..9.59]' => 'Silicon: (-inf..72.02]'
c1 rule: 'Sodium: (13.72..+inf)', 'Magnesium: (3.1..3.45]' => 'Silicon: (-inf..72.02]'
c1 rule: 'Potassium: (0.37..0.54]', 'Calcium: (9.59..+inf)' => 'Silicon: (-inf..72.02]'
c1 rule: 'Aluminum: (1.58..+inf)', 'Iron: (0.1..0.16]' => 'Silicon: (-inf..72.02]'
c1 rule: 'Magnesium: (3.45..3.61]', 'Potassium: (-inf..0.13]' => 'Silicon: (-inf..72.02]'
c1 rule: 'Sodium: (13.38..13.72]', 'Calcium: (9.59..+inf)' => 'Silicon: (-inf..72.02]'
c1 rule: 'Sodium: (13.72..+inf)', 'Aluminum: (-inf..0.88]' => 'Silicon: (-inf..72.02]'
c1 rule: 'Magnesium: (3.1..3.45]', 'Aluminum: (1.58..+inf)' => 'Silicon: (-inf..72.02]'
c1 rule: 'Potassium: (-inf..0.13]', 'Iron: (0.22..0.29]' => 'Silicon: (-inf..72.02]'
c1 # of rules: 15
c1 rule time: 0.0140

c1 computing class: (72.02..72.49]
c1 discrimination constraints: 100h
c1 coverage constraints: 20v+741h
c1 formula: 102v, 964c (882h+82s)
c1 enumerating rules (maxsat-based)
c1 rule: 'Barium: (0.15..0.44]' => 'Silicon: (72.02..72.49]'
c1 rule: 'Magnesium: (3.77..+inf)', 'Calcium: (-inf..8.16]' => 'Silicon: (72.02..72.49]'
c1 rule: 'Calcium: (9.59..+inf)', 'Iron: (0.29..+inf)' => 'Silicon: (72.02..72.49]'
c1 rule: 'Aluminum: (1.37..1.58]', 'Calcium: (8.81..9.59]' => 'Silicon: (72.02..72.49]'
c1 rule: 'Magnesium: (3.77..+inf)', 'Aluminum: (1.37..1.58]' => 'Silicon: (72.02..72.49]'
c1 rule: 'Sodium: (13.72..+inf)', 'Potassium: (0.64..+inf)' => 'Silicon: (72.02..72.49]'
c1 rule: 'Sodium: (13.72..+inf)', 'Potassium: (0.54..0.64]' => 'Silicon: (72.02..72.49]'
c1 rule: 'Magnesium: (3.61..3.77]', 'Iron: (0.16..0.22]' => 'Silicon: (72.02..72.49]'
c1 rule: 'Sodium: (13.03..13.38]', 'Potassium: (0.13..0.37]' => 'Silicon: (72.02..72.49]'
c1 rule: 'Sodium: (13.03..13.38]', 'Magnesium: (3.77..+inf)' => 'Silicon: (72.02..72.49]'
c1 rule: 'Refractive Index: (-inf..1.52]', 'Magnesium: (3.77..+inf)', 'Iron: (-inf..0.1]' => 'Silicon: (72.02..72.49]'
c1 rule: 'Sodium: (13.03..13.38]', 'Iron: (0.1..0.16]', not 'Aluminum: (0.88..1.19]' => 'Silicon: (72.02..72.49]'
c1 rule: 'Magnesium: (3.1..3.45]', 'Calcium: (8.81..9.59]', not 'Aluminum: (0.88..1.19]' => 'Silicon: (72.02..72.49]'
c1 rule: 'Magnesium: (3.61..3.77]', 'Calcium: (8.81..9.59]', not 'Aluminum: (-inf..0.88]' => 'Silicon: (72.02..72.49]'
c1 rule: 'Magnesium: (3.1..3.45]', 'Aluminum: (1.37..1.58]', 'Calcium: (8.5..8.81]' => 'Silicon: (72.02..72.49]'
c1 rule: 'Sodium: (13.38..13.72]', 'Magnesium: (3.45..3.61]', 'Potassium: (0.54..0.64]' => 'Silicon: (72.02..72.49]'
c1 rule: 'Sodium: (13.38..13.72]', 'Aluminum: (1.58..+inf)', not 'Magnesium: (3.1..3.45]' => 'Silicon: (72.02..72.49]'
c1 # of rules: 17
c1 rule time: 0.0166

c1 computing class: (72.49..72.8]
c1 discrimination constraints: 96h
c1 coverage constraints: 24v+889h
c1 formula: 106v, 1108c (1026h+82s)
c1 enumerating rules (maxsat-based)
c1 rule: 'Magnesium: (3.61..3.77]', 'Potassium: (0.37..0.54]' => 'Silicon: (72.49..72.8]'
c1 rule: 'Magnesium: (3.61..3.77]', 'Potassium: (0.64..+inf)' => 'Silicon: (72.49..72.8]'
c1 rule: 'Sodium: (13.03..13.38]', 'Potassium: (0.64..+inf)' => 'Silicon: (72.49..72.8]'
c1 rule: 'Aluminum: (1.58..+inf)', 'Calcium: (8.16..8.5]' => 'Silicon: (72.49..72.8]'
c1 rule: 'Aluminum: (1.37..1.58]', 'Iron: (0.1..0.16]' => 'Silicon: (72.49..72.8]'
c1 rule: 'Potassium: (0.37..0.54]', 'Calcium: (-inf..8.16]' => 'Silicon: (72.49..72.8]'
c1 rule: 'Magnesium: (3.61..3.77]', 'Iron: (0.29..+inf)' => 'Silicon: (72.49..72.8]'
c1 rule: 'Sodium: (13.38..13.72]', 'Calcium: (8.16..8.5]', not 'Magnesium: (3.77..+inf)' => 'Silicon: (72.49..72.8]'
c1 rule: 'Magnesium: (3.45..3.61]', 'Aluminum: (1.37..1.58]', 'Potassium: (0.37..0.54]' => 'Silicon: (72.49..72.8]'
c1 rule: 'Sodium: (13.38..13.72]', 'Potassium: (0.37..0.54]', 'Calcium: (8.5..8.81]' => 'Silicon: (72.49..72.8]'
c1 rule: 'Sodium: (13.38..13.72]', 'Potassium: (0.54..0.64]', not 'Iron: (-inf..0.1]' => 'Silicon: (72.49..72.8]'
c1 rule: 'Sodium: (13.03..13.38]', 'Potassium: (0.54..0.64]', 'Calcium: (8.5..8.81]' => 'Silicon: (72.49..72.8]'
c1 rule: 'Magnesium: (3.1..3.45]', 'Iron: (0.1..0.16]', not 'Aluminum: (1.19..1.37]' => 'Silicon: (72.49..72.8]'
c1 rule: 'Magnesium: (3.45..3.61]', 'Aluminum: (1.37..1.58]', 'Calcium: (8.16..8.5]', not 'Potassium: (0.64..+inf)' => 'Silicon: (72.49..72.8]'
c1 # of rules: 14
c1 rule time: 0.0180

c1 computing class: (72.8..73.08]
c1 discrimination constraints: 88h
c1 coverage constraints: 32v+1185h
c1 formula: 114v, 1396c (1314h+82s)
c1 enumerating rules (maxsat-based)
c1 rule: 'Barium: (0.12..0.15]' => 'Silicon: (72.8..73.08]'
c1 rule: 'Calcium: (-inf..8.16]', 'Iron: (0.16..0.22]' => 'Silicon: (72.8..73.08]'
c1 rule: 'Calcium: (8.5..8.81]', 'Iron: (0.22..0.29]' => 'Silicon: (72.8..73.08]'
c1 rule: 'Potassium: (0.64..+inf)', 'Calcium: (8.81..9.59]' => 'Silicon: (72.8..73.08]'
c1 rule: 'Aluminum: (1.19..1.37]', 'Potassium: (0.64..+inf)' => 'Silicon: (72.8..73.08]'
c1 rule: 'Sodium: (-inf..12.74]', 'Iron: (0.1..0.16]' => 'Silicon: (72.8..73.08]'
c1 rule: 'Sodium: (13.03..13.38]', 'Magnesium: (-inf..3.1]' => 'Silicon: (72.8..73.08]'
c1 rule: 'Magnesium: (3.1..3.45]', 'Iron: (0.29..+inf)' => 'Silicon: (72.8..73.08]'
c1 rule: 'Magnesium: (3.45..3.61]', 'Iron: (0.29..+inf)' => 'Silicon: (72.8..73.08]'
c1 rule: 'Aluminum: (1.58..+inf)', 'Iron: (0.22..0.29]' => 'Silicon: (72.8..73.08]'
c1 rule: 'Sodium: (12.74..13.03]', 'Magnesium: (3.77..+inf)' => 'Silicon: (72.8..73.08]'
c1 rule: 'Calcium: (8.16..8.5]', 'Iron: (0.22..0.29]' => 'Silicon: (72.8..73.08]'
c1 rule: 'Magnesium: (3.45..3.61]', 'Potassium: (0.54..0.64]', not 'Iron: (-inf..0.1]' => 'Silicon: (72.8..73.08]'
c1 rule: 'Magnesium: (-inf..3.1]', 'Potassium: (0.54..0.64]', 'Iron: (-inf..0.1]' => 'Silicon: (72.8..73.08]'
c1 rule: 'Aluminum: (0.88..1.19]', 'Potassium: (0.37..0.54]', not 'Magnesium: (3.61..3.77]' => 'Silicon: (72.8..73.08]'
c1 rule: 'Aluminum: (1.19..1.37]', 'Calcium: (-inf..8.16]', not 'Potassium: (0.37..0.54]' => 'Silicon: (72.8..73.08]'
c1 rule: 'Aluminum: (0.88..1.19]', 'Calcium: (-inf..8.16]', not 'Magnesium: (3.77..+inf)' => 'Silicon: (72.8..73.08]'
c1 rule: 'Sodium: (12.74..13.03]', 'Magnesium: (3.61..3.77]', 'Calcium: (-inf..8.16]' => 'Silicon: (72.8..73.08]'
c1 rule: 'Sodium: (12.74..13.03]', 'Calcium: (-inf..8.16]', not 'Potassium: (0.64..+inf)' => 'Silicon: (72.8..73.08]'
c1 rule: 'Sodium: (13.03..13.38]', 'Aluminum: (1.19..1.37]', not 'Potassium: (0.54..0.64]' => 'Silicon: (72.8..73.08]'
c1 rule: 'Sodium: (12.74..13.03]', 'Calcium: (8.16..8.5]', not 'Magnesium: (3.45..3.61]' => 'Silicon: (72.8..73.08]'
c1 rule: 'Sodium: (13.38..13.72]', 'Magnesium: (3.61..3.77]', 'Calcium: (8.81..9.59]' => 'Silicon: (72.8..73.08]'
c1 rule: 'Sodium: (-inf..12.74]', 'Aluminum: (1.19..1.37]', 'Calcium: (8.5..8.81]' => 'Silicon: (72.8..73.08]'
c1 rule: 'Sodium: (13.03..13.38]', 'Magnesium: (3.45..3.61]', 'Aluminum: (1.37..1.58]', not 'Calcium: (8.16..8.5]' => 'Silicon: (72.8..73.08]'
c1 # of rules: 24
c1 rule time: 0.0276

c1 computing class: (73.08..+inf)
c1 discrimination constraints: 98h
c1 coverage constraints: 22v+815h
c1 formula: 104v, 1036c (954h+82s)
c1 enumerating rules (maxsat-based)
c1 rule: 'Sodium: (-inf..12.74]', 'Iron: (0.16..0.22]' => 'Silicon: (73.08..+inf)'
c1 rule: 'Magnesium: (3.1..3.45]', 'Calcium: (-inf..8.16]' => 'Silicon: (73.08..+inf)'
c1 rule: 'Magnesium: (3.1..3.45]', 'Potassium: (0.64..+inf)' => 'Silicon: (73.08..+inf)'
c1 rule: 'Potassium: (0.64..+inf)', 'Calcium: (8.5..8.81]' => 'Silicon: (73.08..+inf)'
c1 rule: 'Magnesium: (3.1..3.45]', 'Iron: (0.16..0.22]' => 'Silicon: (73.08..+inf)'
c1 rule: 'Sodium: (-inf..12.74]', 'Calcium: (8.16..8.5]' => 'Silicon: (73.08..+inf)'
c1 rule: 'Calcium: (8.16..8.5]', 'Iron: (0.16..0.22]' => 'Silicon: (73.08..+inf)'
c1 rule: 'Barium: (0.08..0.12]', not 'Aluminum: (1.19..1.37]' => 'Silicon: (73.08..+inf)'
c1 rule: 'Sodium: (-inf..12.74]', 'Calcium: (-inf..8.16]' => 'Silicon: (73.08..+inf)'
c1 rule: 'Sodium: (-inf..12.74]', 'Aluminum: (1.37..1.58]' => 'Silicon: (73.08..+inf)'
c1 rule: 'Sodium: (-inf..12.74]', 'Magnesium: (3.61..3.77]' => 'Silicon: (73.08..+inf)'
c1 rule: 'Calcium: (8.81..9.59]', 'Iron: (0.22..0.29]' => 'Silicon: (73.08..+inf)'
c1 rule: 'Sodium: (13.03..13.38]', 'Magnesium: (3.1..3.45]', 'Calcium: (8.16..8.5]' => 'Silicon: (73.08..+inf)'
c1 rule: 'Aluminum: (1.37..1.58]', 'Potassium: (0.64..+inf)', 'Iron: (-inf..0.1]', not 'Sodium: (13.38..13.72]' => 'Silicon: (73.08..+inf)'
c1 rule: 'Sodium: (13.03..13.38]', 'Magnesium: (3.45..3.61]', 'Aluminum: (0.88..1.19]', 'Potassium: (0.54..0.64]' => 'Silicon: (73.08..+inf)'
c1 # of rules: 15
c1 rule time: 0.0161

c2 total rules: 85

c0 computing feature 6
c1 computing class: (-inf..0.13]
c1 discrimination constraints: 103h
c1 coverage constraints: 17v+630h
c1 formula: 99v, 856c (774h+82s)
c1 enumerating rules (maxsat-based)
c1 rule: 'Barium: (0.44..+inf)' => 'Potassium: (-inf..0.13]'
c1 rule: 'Silicon: (73.08..+inf)', not 'Refractive Index: (-inf..1.52]' => 'Potassium: (-inf..0.13]'
c1 rule: 'Aluminum: (-inf..0.88]', 'Silicon: (72.8..73.08]' => 'Potassium: (-inf..0.13]'
c1 rule: 'Magnesium: (3.1..3.45]', 'Calcium: (9.59..+inf)' => 'Potassium: (-inf..0.13]'
c1 rule: 'Silicon: (72.49..72.8]', 'Calcium: (9.59..+inf)' => 'Potassium: (-inf..0.13]'
c1 rule: 'Sodium: (13.03..13.38]', 'Silicon: (-inf..72.02]' => 'Potassium: (-inf..0.13]'
c1 rule: 'Magnesium: (3.77..+inf)', 'Calcium: (8.5..8.81]' => 'Potassium: (-inf..0.13]'
c1 rule: 'Magnesium: (3.1..3.45]', 'Iron: (0.16..0.22]' => 'Potassium: (-inf..0.13]'
c1 rule: 'Iron: (0.22..0.29]', not 'Refractive Index: (-inf..1.52]' => 'Potassium: (-inf..0.13]'
c1 rule: 'Sodium: (-inf..12.74]', 'Silicon: (-inf..72.02]' => 'Potassium: (-inf..0.13]'
c1 rule: 'Magnesium: (3.61..3.77]', 'Aluminum: (-inf..0.88]', 'Iron: (0.1..0.16]' => 'Potassium: (-inf..0.13]'
c1 rule: 'Aluminum: (-inf..0.88]', not 'Magnesium: (3.77..+inf)', not 'Iron: (0.16..0.22]' => 'Potassium: (-inf..0.13]'
c1 rule: 'Sodium: (13.72..+inf)', 'Calcium: (8.81..9.59]', not 'Aluminum: (0.88..1.19]' => 'Potassium: (-inf..0.13]'
c1 rule: 'Sodium: (13.72..+inf)', 'Magnesium: (3.61..3.77]', 'Iron: (-inf..0.1]' => 'Potassium: (-inf..0.13]'
c1 rule: 'Magnesium: (-inf..3.1]', 'Aluminum: (0.88..1.19]', not 'Calcium: (8.81..9.59]' => 'Potassium: (-inf..0.13]'
c1 # of rules: 15
c1 rule time: 0.0148

c1 computing class: (0.13..0.37]
c1 discrimination constraints: 110h
c1 coverage constraints: 10v+371h
c1 formula: 92v, 604c (522h+82s)
c1 enumerating rules (maxsat-based)
c1 rule: 'Aluminum: (1.19..1.37]', 'Calcium: (9.59..+inf)' => 'Potassium: (0.13..0.37]'
c1 rule: 'Aluminum: (1.58..+inf)', 'Iron: (0.1..0.16]' => 'Potassium: (0.13..0.37]'
c1 rule: 'Aluminum: (-inf..0.88]', 'Silicon: (72.02..72.49]' => 'Potassium: (0.13..0.37]'
c1 rule: 'Aluminum: (-inf..0.88]', 'Iron: (0.16..0.22]' => 'Potassium: (0.13..0.37]'
c1 rule: 'Sodium: (13.72..+inf)', 'Iron: (0.1..0.16]' => 'Potassium: (0.13..0.37]'
c1 rule: 'Sodium: (13.38..13.72]', 'Calcium: (9.59..+inf)', not 'Iron: (0.1..0.16]' => 'Potassium: (0.13..0.37]'
c1 rule: 'Calcium: (9.59..+inf)', not 'Magnesium: (-inf..3.1]', not 'Aluminum: (-inf..0.88]' => 'Potassium: (0.13..0.37]'
c1 rule: 'Silicon: (-inf..72.02]', 'Calcium: (8.81..9.59]', not 'Aluminum: (-inf..0.88]' => 'Potassium: (0.13..0.37]'
c1 rule: 'Silicon: (-inf..72.02]', 'Calcium: (8.81..9.59]', not 'Sodium: (13.72..+inf)' => 'Potassium: (0.13..0.37]'
c1 # of rules: 9
c1 rule time: 0.0100

c1 computing class: (0.37..0.54]
c1 discrimination constraints: 102h
c1 coverage constraints: 18v+667h
c1 formula: 100v, 892c (810h+82s)
c1 enumerating rules (maxsat-based)
c1 rule: 'Barium: (0.15..0.44]' => 'Potassium: (0.37..0.54]'
c1 rule: 'Sodium: (13.72..+inf)', 'Barium: (0.08..0.12]' => 'Potassium: (0.37..0.54]'
c1 rule: 'Silicon: (72.02..72.49]', 'Calcium: (8.5..8.81]' => 'Potassium: (0.37..0.54]'
c1 rule: 'Sodium: (13.72..+inf)', 'Aluminum: (1.37..1.58]' => 'Potassium: (0.37..0.54]'
c1 rule: 'Silicon: (72.49..72.8]', 'Iron: (0.16..0.22]' => 'Potassium: (0.37..0.54]'
c1 rule: 'Silicon: (-inf..72.02]', 'Calcium: (8.16..8.5]' => 'Potassium: (0.37..0.54]'
c1 rule: 'Sodium: (13.03..13.38]', 'Calcium: (8.5..8.81]', not 'Magnesium: (3.1..3.45]' => 'Potassium: (0.37..0.54]'
c1 rule: 'Sodium: (13.03..13.38]', 'Calcium: (8.5..8.81]', not 'Silicon: (72.49..72.8]' => 'Potassium: (0.37..0.54]'
c1 rule: 'Sodium: (13.72..+inf)', 'Magnesium: (3.45..3.61]', 'Silicon: (72.49..72.8]' => 'Potassium: (0.37..0.54]'
c1 rule: 'Sodium: (13.38..13.72]', 'Silicon: (72.49..72.8]', 'Calcium: (8.5..8.81]' => 'Potassium: (0.37..0.54]'
c1 rule: 'Sodium: (13.38..13.72]', 'Calcium: (8.16..8.5]', not 'Silicon: (72.49..72.8]' => 'Potassium: (0.37..0.54]'
c1 rule: 'Magnesium: (3.1..3.45]', 'Silicon: (72.8..73.08]', 'Iron: (-inf..0.1]' => 'Potassium: (0.37..0.54]'
c1 rule: 'Sodium: (12.74..13.03]', 'Calcium: (8.16..8.5]', 'Iron: (0.16..0.22]' => 'Potassium: (0.37..0.54]'
c1 rule: 'Sodium: (13.03..13.38]', 'Aluminum: (0.88..1.19]', 'Silicon: (72.8..73.08]' => 'Potassium: (0.37..0.54]'
c1 rule: 'Sodium: (13.03..13.38]', 'Magnesium: (3.1..3.45]', 'Calcium: (8.16..8.5]', 'Iron: (-inf..0.1]' => 'Potassium: (0.37..0.54]'
c1 # of rules: 15
c1 rule time: 0.0158

c1 computing class: (0.54..0.64]
c1 discrimination constraints: 63h
c1 coverage constraints: 57v+2110h
c1 formula: 139v, 2296c (2214h+82s)
c1 enumerating rules (maxsat-based)
c1 rule: 'Barium: (0.12..0.15]' => 'Potassium: (0.54..0.64]'
c1 rule: 'Sodium: (-inf..12.74]', 'Iron: (0.1..0.16]' => 'Potassium: (0.54..0.64]'
c1 rule: 'Silicon: (72.49..72.8]', 'Iron: (0.1..0.16]' => 'Potassium: (0.54..0.64]'
c1 rule: 'Aluminum: (0.88..1.19]', 'Calcium: (-inf..8.16]' => 'Potassium: (0.54..0.64]'
c1 rule: 'Magnesium: (3.61..3.77]', 'Aluminum: (1.19..1.37]' => 'Potassium: (0.54..0.64]'
c1 rule: 'Calcium: (8.16..8.5]', 'Iron: (0.1..0.16]' => 'Potassium: (0.54..0.64]'
c1 rule: 'Sodium: (12.74..13.03]', 'Aluminum: (0.88..1.19]' => 'Potassium: (0.54..0.64]'
c1 rule: 'Aluminum: (0.88..1.19]', 'Silicon: (73.08..+inf)' => 'Potassium: (0.54..0.64]'
c1 rule: 'Magnesium: (3.1..3.45]', 'Aluminum: (0.88..1.19]' => 'Potassium: (0.54..0.64]'
c1 rule: 'Aluminum: (1.19..1.37]', 'Iron: (0.22..0.29]' => 'Potassium: (0.54..0.64]'
c1 rule: 'Aluminum: (1.58..+inf)', 'Iron: (0.22..0.29]' => 'Potassium: (0.54..0.64]'
c1 rule: 'Silicon: (72.8..73.08]', not 'Barium: (-inf..0.08]' => 'Potassium: (0.54..0.64]'
c1 rule: 'Silicon: (72.8..73.08]', 'Iron: (0.16..0.22]' => 'Potassium: (0.54..0.64]'
c1 rule: 'Aluminum: (1.37..1.58]', not 'Barium: (-inf..0.08]' => 'Potassium: (0.54..0.64]'
c1 rule: 'Aluminum: (1.37..1.58]', 'Calcium: (8.81..9.59]' => 'Potassium: (0.54..0.64]'
c1 rule: 'Magnesium: (3.1..3.45]', 'Iron: (0.1..0.16]' => 'Potassium: (0.54..0.64]'
c1 rule: 'Magnesium: (3.1..3.45]', 'Aluminum: (1.58..+inf)' => 'Potassium: (0.54..0.64]'
c1 rule: 'Sodium: (13.03..13.38]', 'Magnesium: (3.77..+inf)' => 'Potassium: (0.54..0.64]'
c1 rule: 'Sodium: (12.74..13.03]', 'Magnesium: (3.61..3.77]' => 'Potassium: (0.54..0.64]'
c1 rule: 'Sodium: (13.72..+inf)', 'Calcium: (8.16..8.5]' => 'Potassium: (0.54..0.64]'
c1 rule: 'Sodium: (-inf..12.74]', 'Aluminum: (1.19..1.37]' => 'Potassium: (0.54..0.64]'
c1 rule: 'Magnesium: (3.1..3.45]', 'Calcium: (8.81..9.59]' => 'Potassium: (0.54..0.64]'
c1 rule: 'Aluminum: (1.19..1.37]', 'Silicon: (72.49..72.8]', 'Calcium: (8.16..8.5]' => 'Potassium: (0.54..0.64]'
c1 rule: 'Sodium: (12.74..13.03]', 'Aluminum: (1.19..1.37]', 'Iron: (-inf..0.1]' => 'Potassium: (0.54..0.64]'
c1 rule: 'Sodium: (13.38..13.72]', 'Calcium: (-inf..8.16]', not 'Magnesium: (3.45..3.61]' => 'Potassium: (0.54..0.64]'
c1 rule: 'Sodium: (-inf..12.74]', not 'Magnesium: (-inf..3.1]', not 'Aluminum: (1.37..1.58]' => 'Potassium: (0.54..0.64]'
c1 rule: 'Aluminum: (1.37..1.58]', 'Silicon: (72.8..73.08]', not 'Calcium: (8.16..8.5]' => 'Potassium: (0.54..0.64]'
c1 rule: 'Silicon: (73.08..+inf)', 'Calcium: (8.5..8.81]', not 'Aluminum: (1.58..+inf)' => 'Potassium: (0.54..0.64]'
c1 rule: 'Sodium: (13.03..13.38]', 'Silicon: (73.08..+inf)', 'Calcium: (-inf..8.16]' => 'Potassium: (0.54..0.64]'
c1 rule: 'Sodium: (13.03..13.38]', 'Magnesium: (3.45..3.61]', 'Aluminum: (1.19..1.37]' => 'Potassium: (0.54..0.64]'
c1 rule: 'Aluminum: (0.88..1.19]', 'Silicon: (72.8..73.08]', not 'Magnesium: (3.45..3.61]' => 'Potassium: (0.54..0.64]'
c1 rule: 'Sodium: (13.03..13.38]', 'Aluminum: (1.19..1.37]', not 'Silicon: (72.8..73.08]' => 'Potassium: (0.54..0.64]'
c1 # of rules: 32
c1 rule time: 0.0396

c1 computing class: (0.64..+inf)
c1 discrimination constraints: 102h
c1 coverage constraints: 18v+667h
c1 formula: 100v, 892c (810h+82s)
c1 enumerating rules (maxsat-based)
c1 rule: 'Sodium: (13.03..13.38]', 'Aluminum: (1.58..+inf)' => 'Potassium: (0.64..+inf)'
c1 rule: 'Sodium: (13.03..13.38]', 'Iron: (0.22..0.29]' => 'Potassium: (0.64..+inf)'
c1 rule: 'Calcium: (8.16..8.5]', 'Iron: (0.22..0.29]' => 'Potassium: (0.64..+inf)'
c1 rule: 'Aluminum: (1.37..1.58]', 'Iron: (0.22..0.29]' => 'Potassium: (0.64..+inf)'
c1 rule: 'Sodium: (-inf..12.74]', 'Silicon: (72.02..72.49]' => 'Potassium: (0.64..+inf)'
c1 rule: 'Magnesium: (-inf..3.1]', 'Calcium: (-inf..8.16]' => 'Potassium: (0.64..+inf)'
c1 rule: 'Sodium: (12.74..13.03]', 'Calcium: (-inf..8.16]', not 'Silicon: (72.8..73.08]' => 'Potassium: (0.64..+inf)'
c1 rule: 'Silicon: (72.49..72.8]', 'Calcium: (-inf..8.16]', not 'Sodium: (13.72..+inf)' => 'Potassium: (0.64..+inf)'
c1 rule: 'Sodium: (13.38..13.72]', 'Magnesium: (3.45..3.61]', not 'Silicon: (72.02..72.49]' => 'Potassium: (0.64..+inf)'
c1 rule: 'Aluminum: (1.58..+inf)', 'Silicon: (73.08..+inf)', not 'Calcium: (-inf..8.16]' => 'Potassium: (0.64..+inf)'
c1 rule: 'Sodium: (-inf..12.74]', 'Aluminum: (1.58..+inf)', not 'Calcium: (-inf..8.16]' => 'Potassium: (0.64..+inf)'
c1 rule: 'Sodium: (-inf..12.74]', 'Magnesium: (3.1..3.45]', 'Iron: (-inf..0.1]' => 'Potassium: (0.64..+inf)'
c1 rule: 'Aluminum: (1.58..+inf)', 'Silicon: (72.8..73.08]', 'Iron: (-inf..0.1]' => 'Potassium: (0.64..+inf)'
c1 # of rules: 13
c1 rule time: 0.0143

c2 total rules: 84

c0 computing feature 7
c1 computing class: (-inf..8.16]
c1 discrimination constraints: 94h
c1 coverage constraints: 26v+963h
c1 formula: 108v, 1180c (1098h+82s)
c1 enumerating rules (maxsat-based)
c1 rule: 'Sodium: (13.38..13.72]', 'Magnesium: (3.45..3.61]' => 'Calcium: (-inf..8.16]'
c1 rule: 'Magnesium: (3.61..3.77]', 'Potassium: (0.64..+inf)' => 'Calcium: (-inf..8.16]'
c1 rule: 'Magnesium: (3.61..3.77]', 'Aluminum: (1.58..+inf)' => 'Calcium: (-inf..8.16]'
c1 rule: 'Aluminum: (1.58..+inf)', 'Iron: (0.22..0.29]' => 'Calcium: (-inf..8.16]'
c1 rule: 'Sodium: (13.03..13.38]', 'Aluminum: (1.58..+inf)' => 'Calcium: (-inf..8.16]'
c1 rule: 'Sodium: (13.72..+inf)', 'Potassium: (0.64..+inf)' => 'Calcium: (-inf..8.16]'
c1 rule: 'Sodium: (13.72..+inf)', 'Silicon: (72.8..73.08]' => 'Calcium: (-inf..8.16]'
c1 rule: 'Potassium: (0.64..+inf)', 'Iron: (0.22..0.29]', not 'Silicon: (72.8..73.08]' => 'Calcium: (-inf..8.16]'
c1 rule: 'Refractive Index: (-inf..1.52]', 'Aluminum: (1.58..+inf)', not 'Iron: (-inf..0.1]' => 'Calcium: (-inf..8.16]'
c1 rule: 'Aluminum: (1.58..+inf)', 'Potassium: (0.54..0.64]', not 'Silicon: (-inf..72.02]' => 'Calcium: (-inf..8.16]'
c1 rule: 'Sodium: (13.72..+inf)', 'Magnesium: (3.45..3.61]', 'Silicon: (72.49..72.8]' => 'Calcium: (-inf..8.16]'
c1 rule: 'Sodium: (12.74..13.03]', 'Aluminum: (1.58..+inf)', not 'Silicon: (72.49..72.8]' => 'Calcium: (-inf..8.16]'
c1 rule: 'Magnesium: (3.45..3.61]', 'Silicon: (73.08..+inf)', 'Potassium: (0.64..+inf)' => 'Calcium: (-inf..8.16]'
c1 rule: 'Aluminum: (1.37..1.58]', 'Silicon: (72.8..73.08]', not 'Sodium: (12.74..13.03]' => 'Calcium: (-inf..8.16]'
c1 rule: 'Magnesium: (3.61..3.77]', 'Aluminum: (1.37..1.58]', 'Iron: (-inf..0.1]' => 'Calcium: (-inf..8.16]'
c1 rule: 'Magnesium: (3.61..3.77]', 'Aluminum: (0.88..1.19]', 'Silicon: (72.8..73.08]' => 'Calcium: (-inf..8.16]'
c1 rule: 'Sodium: (13.38..13.72]', 'Aluminum: (0.88..1.19]', 'Silicon: (72.02..72.49]' => 'Calcium: (-inf..8.16]'
c1 rule: 'Sodium: (13.03..13.38]', 'Silicon: (73.08..+inf)', 'Potassium: (0.54..0.64]', not 'Magnesium: (3.45..3.61]' => 'Calcium: (-inf..8.16]'
c1 rule: 'Aluminum: (1.37..1.58]', 'Silicon: (72.8..73.08]', 'Potassium: (0.54..0.64]', not 'Barium: (0.12..0.15]' => 'Calcium: (-inf..8.16]'
c1 # of rules: 19
c1 rule time: 0.0210

c1 computing class: (8.16..8.5]
c1 discrimination constraints: 90h
c1 coverage constraints: 30v+1111h
c1 formula: 112v, 1324c (1242h+82s)
c1 enumerating rules (maxsat-based)
c1 rule: 'Sodium: (13.03..13.38]', 'Magnesium: (3.77..+inf)' => 'Calcium: (8.16..8.5]'
c1 rule: 'Magnesium: (3.77..+inf)', 'Silicon: (72.8..73.08]' => 'Calcium: (8.16..8.5]'
c1 rule: 'Magnesium: (3.77..+inf)', 'Silicon: (72.49..72.8]' => 'Calcium: (8.16..8.5]'
c1 rule: 'Silicon: (73.08..+inf)', 'Potassium: (0.37..0.54]' => 'Calcium: (8.16..8.5]'
c1 rule: 'Potassium: (0.37..0.54]', 'Iron: (0.29..+inf)' => 'Calcium: (8.16..8.5]'
c1 rule: 'Magnesium: (3.1..3.45]', 'Iron: (0.16..0.22]' => 'Calcium: (8.16..8.5]'
c1 rule: 'Sodium: (13.72..+inf)', 'Potassium: (0.54..0.64]' => 'Calcium: (8.16..8.5]'
c1 rule: 'Magnesium: (3.45..3.61]', 'Iron: (0.29..+inf)' => 'Calcium: (8.16..8.5]'
c1 rule: 'Magnesium: (3.77..+inf)', 'Potassium: (0.37..0.54]' => 'Calcium: (8.16..8.5]'
c1 rule: 'Sodium: (13.38..13.72]', 'Iron: (0.1..0.16]', not 'Silicon: (-inf..72.02]' => 'Calcium: (8.16..8.5]'
c1 rule: 'Aluminum: (1.37..1.58]', 'Silicon: (72.8..73.08]', not 'Potassium: (0.54..0.64]' => 'Calcium: (8.16..8.5]'
c1 rule: 'Sodium: (13.03..13.38]', 'Magnesium: (3.61..3.77]', 'Potassium: (0.54..0.64]' => 'Calcium: (8.16..8.5]'
c1 rule: 'Refractive Index: (-inf..1.52]', 'Aluminum: (0.88..1.19]', 'Potassium: (0.37..0.54]' => 'Calcium: (8.16..8.5]'
c1 rule: 'Aluminum: (1.58..+inf)', 'Silicon: (72.49..72.8]', not 'Potassium: (0.64..+inf)' => 'Calcium: (8.16..8.5]'
c1 rule: 'Sodium: (13.03..13.38]', 'Magnesium: (3.45..3.61]', 'Aluminum: (1.19..1.37]' => 'Calcium: (8.16..8.5]'
c1 rule: 'Sodium: (12.74..13.03]', 'Magnesium: (3.45..3.61]', 'Iron: (0.1..0.16]' => 'Calcium: (8.16..8.5]'
c1 rule: 'Aluminum: (1.19..1.37]', 'Silicon: (73.08..+inf)', not 'Sodium: (-inf..12.74]' => 'Calcium: (8.16..8.5]'
c1 rule: 'Sodium: (13.38..13.72]', 'Silicon: (72.49..72.8]', 'Potassium: (0.54..0.64]' => 'Calcium: (8.16..8.5]'
c1 rule: 'Sodium: (13.03..13.38]', 'Magnesium: (3.45..3.61]', 'Silicon: (73.08..+inf)' => 'Calcium: (8.16..8.5]'
c1 rule: 'Sodium: (13.03..13.38]', 'Magnesium: (3.45..3.61]', 'Potassium: (0.37..0.54]' => 'Calcium: (8.16..8.5]'
c1 rule: 'Aluminum: (1.19..1.37]', 'Silicon: (73.08..+inf)', 'Iron: (-inf..0.1]' => 'Calcium: (8.16..8.5]'
c1 rule: 'Sodium: (-inf..12.74]', 'Aluminum: (1.37..1.58]', not 'Magnesium: (3.45..3.61]' => 'Calcium: (8.16..8.5]'
c1 rule: 'Sodium: (13.03..13.38]', 'Aluminum: (1.37..1.58]', 'Silicon: (72.49..72.8]', not 'Magnesium: (3.61..3.77]' => 'Calcium: (8.16..8.5]'
c1 # of rules: 23
c1 rule time: 0.0195

c1 computing class: (8.5..8.81]
c1 discrimination constraints: 92h
c1 coverage constraints: 28v+1037h
c1 formula: 110v, 1252c (1170h+82s)
c1 enumerating rules (maxsat-based)
c1 rule: 'Barium: (0.08..0.12]' => 'Calcium: (8.5..8.81]'
c1 rule: 'Barium: (0.12..0.15]' => 'Calcium: (8.5..8.81]'
c1 rule: 'Barium: (0.44..+inf)' => 'Calcium: (8.5..8.81]'
c1 rule: 'Silicon: (-inf..72.02]', 'Potassium: (0.54..0.64]' => 'Calcium: (8.5..8.81]'
c1 rule: 'Magnesium: (3.61..3.77]', 'Potassium: (0.37..0.54]' => 'Calcium: (8.5..8.81]'
c1 rule: 'Sodium: (-inf..12.74]', 'Iron: (0.1..0.16]' => 'Calcium: (8.5..8.81]'
c1 rule: 'Magnesium: (3.1..3.45]', 'Iron: (0.29..+inf)' => 'Calcium: (8.5..8.81]'
c1 rule: 'Sodium: (-inf..12.74]', 'Magnesium: (3.61..3.77]' => 'Calcium: (8.5..8.81]'
c1 rule: 'Silicon: (72.49..72.8]', 'Iron: (0.16..0.22]' => 'Calcium: (8.5..8.81]'
c1 rule: 'Silicon: (72.49..72.8]', 'Iron: (0.29..+inf)' => 'Calcium: (8.5..8.81]'
c1 rule: 'Aluminum: (1.37..1.58]', 'Iron: (0.1..0.16]' => 'Calcium: (8.5..8.81]'
c1 rule: 'Sodium: (12.74..13.03]', 'Aluminum: (1.19..1.37]', not 'Magnesium: (3.45..3.61]' => 'Calcium: (8.5..8.81]'
c1 rule: 'Sodium: (12.74..13.03]', 'Aluminum: (0.88..1.19]', 'Iron: (-inf..0.1]' => 'Calcium: (8.5..8.81]'
c1 rule: 'Silicon: (72.02..72.49]', 'Potassium: (0.37..0.54]', not 'Sodium: (13.38..13.72]' => 'Calcium: (8.5..8.81]'
c1 rule: 'Sodium: (-inf..12.74]', not 'Magnesium: (-inf..3.1]', not 'Silicon: (73.08..+inf)' => 'Calcium: (8.5..8.81]'
c1 rule: 'Magnesium: (-inf..3.1]', 'Silicon: (73.08..+inf)', 'Potassium: (0.64..+inf)' => 'Calcium: (8.5..8.81]'
c1 rule: 'Sodium: (13.38..13.72]', 'Aluminum: (0.88..1.19]', 'Potassium: (-inf..0.13]' => 'Calcium: (8.5..8.81]'
c1 rule: 'Magnesium: (3.1..3.45]', 'Aluminum: (1.19..1.37]', 'Silicon: (72.8..73.08]' => 'Calcium: (8.5..8.81]'
c1 rule: 'Magnesium: (3.1..3.45]', 'Aluminum: (1.19..1.37]', not 'Potassium: (0.54..0.64]' => 'Calcium: (8.5..8.81]'
c1 rule: 'Sodium: (-inf..12.74]', 'Aluminum: (1.37..1.58]', not 'Potassium: (0.64..+inf)' => 'Calcium: (8.5..8.81]'
c1 rule: 'Sodium: (12.74..13.03]', 'Silicon: (72.49..72.8]', not 'Aluminum: (1.58..+inf)' => 'Calcium: (8.5..8.81]'
c1 rule: 'Magnesium: (3.1..3.45]', 'Aluminum: (1.19..1.37]', not 'Sodium: (13.38..13.72]', not 'Iron: (0.1..0.16]' => 'Calcium: (8.5..8.81]'
c1 # of rules: 22
c1 rule time: 0.0239

c1 computing class: (8.81..9.59]
c1 discrimination constraints: 101h
c1 coverage constraints: 19v+704h
c1 formula: 101v, 928c (846h+82s)
c1 enumerating rules (maxsat-based)
c1 rule: 'Barium: (0.15..0.44]' => 'Calcium: (8.81..9.59]'
c1 rule: 'Sodium: (-inf..12.74]', 'Potassium: (0.13..0.37]' => 'Calcium: (8.81..9.59]'
c1 rule: 'Aluminum: (0.88..1.19]', 'Iron: (0.16..0.22]' => 'Calcium: (8.81..9.59]'
c1 rule: 'Sodium: (13.03..13.38]', 'Magnesium: (-inf..3.1]' => 'Calcium: (8.81..9.59]'
c1 rule: 'Magnesium: (3.1..3.45]', 'Iron: (0.1..0.16]' => 'Calcium: (8.81..9.59]'
c1 rule: 'Refractive Index: (-inf..1.52]', 'Aluminum: (-inf..0.88]' => 'Calcium: (8.81..9.59]'
c1 rule: 'Silicon: (72.02..72.49]', 'Potassium: (-inf..0.13]' => 'Calcium: (8.81..9.59]'
c1 rule: 'Magnesium: (-inf..3.1]', 'Aluminum: (1.19..1.37]', not 'Silicon: (-inf..72.02]' => 'Calcium: (8.81..9.59]'
c1 rule: 'Sodium: (13.72..+inf)', 'Aluminum: (0.88..1.19]', not 'Magnesium: (-inf..3.1]' => 'Calcium: (8.81..9.59]'
c1 rule: 'Magnesium: (-inf..3.1]', 'Aluminum: (0.88..1.19]', not 'Potassium: (-inf..0.13]' => 'Calcium: (8.81..9.59]'
c1 rule: 'Magnesium: (3.1..3.45]', 'Aluminum: (0.88..1.19]', not 'Silicon: (72.8..73.08]' => 'Calcium: (8.81..9.59]'
c1 rule: 'Sodium: (-inf..12.74]', 'Silicon: (72.8..73.08]', not 'Potassium: (0.54..0.64]' => 'Calcium: (8.81..9.59]'
c1 rule: 'Sodium: (13.38..13.72]', 'Magnesium: (3.1..3.45]', 'Silicon: (72.02..72.49]' => 'Calcium: (8.81..9.59]'
c1 rule: 'Magnesium: (3.1..3.45]', 'Silicon: (72.02..72.49]', not 'Potassium: (0.37..0.54]' => 'Calcium: (8.81..9.59]'
c1 rule: 'Silicon: (-inf..72.02]', 'Iron: (0.1..0.16]', not 'Magnesium: (3.61..3.77]' => 'Calcium: (8.81..9.59]'
c1 # of rules: 15
c1 rule time: 0.0174

c1 computing class: (9.59..+inf)
c1 discrimination constraints: 103h
c1 coverage constraints: 17v+630h
c1 formula: 99v, 856c (774h+82s)
c1 enumerating rules (maxsat-based)
c1 rule: 'Sodium: (13.03..13.38]', 'Potassium: (0.13..0.37]' => 'Calcium: (9.59..+inf)'
c1 rule: 'Sodium: (13.03..13.38]', 'Aluminum: (-inf..0.88]' => 'Calcium: (9.59..+inf)'
c1 rule: 'Magnesium: (-inf..3.1]', 'Silicon: (-inf..72.02]' => 'Calcium: (9.59..+inf)'
c1 rule: 'Silicon: (73.08..+inf)', not 'Refractive Index: (-inf..1.52]' => 'Calcium: (9.59..+inf)'
c1 rule: 'Magnesium: (-inf..3.1]', 'Potassium: (-inf..0.13]' => 'Calcium: (9.59..+inf)'
c1 rule: 'Magnesium: (3.1..3.45]', not 'Refractive Index: (-inf..1.52]' => 'Calcium: (9.59..+inf)'
c1 rule: 'Potassium: (-inf..0.13]', 'Iron: (0.1..0.16]' => 'Calcium: (9.59..+inf)'
c1 rule: 'Potassium: (0.64..+inf)', not 'Refractive Index: (-inf..1.52]' => 'Calcium: (9.59..+inf)'
c1 rule: 'Potassium: (-inf..0.13]', not 'Refractive Index: (-inf..1.52]', not 'Magnesium: (3.77..+inf)' => 'Calcium: (9.59..+inf)'
c1 rule: 'Magnesium: (3.61..3.77]', not 'Refractive Index: (-inf..1.52]', not 'Silicon: (72.49..72.8]' => 'Calcium: (9.59..+inf)'
c1 rule: 'Aluminum: (-inf..0.88]', 'Potassium: (0.13..0.37]', 'Iron: (-inf..0.1]' => 'Calcium: (9.59..+inf)'
c1 # of rules: 11
c1 rule time: 0.0105

c2 total rules: 90

c0 computing feature 8
c1 computing class: (-inf..0.08]
c1 discrimination constraints: 6h
c1 coverage constraints: 114v+4219h
c1 formula: 196v, 4348c (4266h+82s)
c1 enumerating rules (maxsat-based)
c1 rule: 'Potassium: (0.64..+inf)' => 'Barium: (-inf..0.08]'
c1 rule: 'Calcium: (-inf..8.16]' => 'Barium: (-inf..0.08]'
c1 rule: 'Calcium: (8.16..8.5]' => 'Barium: (-inf..0.08]'
c1 rule: 'Potassium: (0.13..0.37]' => 'Barium: (-inf..0.08]'
c1 rule: 'Iron: (0.29..+inf)' => 'Barium: (-inf..0.08]'
c1 rule: 'Iron: (0.22..0.29]' => 'Barium: (-inf..0.08]'
c1 rule: 'Aluminum: (-inf..0.88]' => 'Barium: (-inf..0.08]'
c1 rule: 'Iron: (0.1..0.16]' => 'Barium: (-inf..0.08]'
c1 rule: 'Magnesium: (3.77..+inf)' => 'Barium: (-inf..0.08]'
c1 rule: 'Calcium: (9.59..+inf)' => 'Barium: (-inf..0.08]'
c1 rule: 'Magnesium: (3.61..3.77]' => 'Barium: (-inf..0.08]'
c1 rule: 'Aluminum: (0.88..1.19]' => 'Barium: (-inf..0.08]'
c1 rule: 'Magnesium: (3.1..3.45]' => 'Barium: (-inf..0.08]'
c1 rule: 'Sodium: (13.03..13.38]' => 'Barium: (-inf..0.08]'
c1 rule: 'Silicon: (72.49..72.8]' => 'Barium: (-inf..0.08]'
c1 rule: 'Sodium: (-inf..12.74]' => 'Barium: (-inf..0.08]'
c1 rule: 'Silicon: (72.8..73.08]', not 'Aluminum: (1.37..1.58]', not 'Iron: (0.16..0.22]' => 'Barium: (-inf..0.08]'
c1 # of rules: 17
c1 rule time: 0.0206

c1 computing class: (0.08..0.12]
c1 discrimination constraints: 117h
c1 coverage constraints: 3v+112h
c1 formula: 85v, 352c (270h+82s)
c1 enumerating rules (maxsat-based)
c1 rule: 'Calcium: (8.5..8.81]', 'Iron: (0.16..0.22]', not 'Magnesium: (3.45..3.61]' => 'Barium: (0.08..0.12]'
c1 rule: 'Calcium: (8.5..8.81]', 'Iron: (0.16..0.22]', not 'Silicon: (72.49..72.8]' => 'Barium: (0.08..0.12]'
c1 rule: 'Sodium: (13.72..+inf)', 'Calcium: (8.5..8.81]', not 'Potassium: (-inf..0.13]' => 'Barium: (0.08..0.12]'
c1 # of rules: 3
c1 rule time: 0.0052

c1 computing class: (0.12..0.15]
c1 discrimination constraints: 119h
c1 coverage constraints: 1v+38h
c1 formula: 83v, 280c (198h+82s)
c1 enumerating rules (maxsat-based)
c1 rule: 'Aluminum: (1.37..1.58]', 'Silicon: (72.8..73.08]', 'Calcium: (8.5..8.81]' => 'Barium: (0.12..0.15]'
c1 # of rules: 1
c1 rule time: 0.0023

c1 computing class: (0.15..0.44]
c1 discrimination constraints: 119h
c1 coverage constraints: 1v+38h
c1 formula: 83v, 280c (198h+82s)
c1 enumerating rules (maxsat-based)
c1 rule: 'Sodium: (13.38..13.72]', 'Iron: (0.16..0.22]' => 'Barium: (0.15..0.44]'
c1 # of rules: 1
c1 rule time: 0.0023

c1 computing class: (0.44..+inf)
c1 discrimination constraints: 119h
c1 coverage constraints: 1v+38h
c1 formula: 83v, 280c (198h+82s)
c1 enumerating rules (maxsat-based)
c1 rule: 'Aluminum: (1.19..1.37]', 'Potassium: (-inf..0.13]' => 'Barium: (0.44..+inf)'
c1 # of rules: 1
c1 rule time: 0.0020

c2 total rules: 23

c0 computing feature 9
c1 computing class: (-inf..0.1]
c1 discrimination constraints: 38h
c1 coverage constraints: 82v+3035h
c1 formula: 164v, 3196c (3114h+82s)
c1 enumerating rules (maxsat-based)
c1 rule: 'Barium: (0.12..0.15]' => 'Iron: (-inf..0.1]'
c1 rule: 'Barium: (0.44..+inf)' => 'Iron: (-inf..0.1]'
c1 rule: 'Magnesium: (-inf..3.1]', 'Calcium: (-inf..8.16]' => 'Iron: (-inf..0.1]'
c1 rule: 'Magnesium: (-inf..3.1]', 'Silicon: (72.49..72.8]' => 'Iron: (-inf..0.1]'
c1 rule: 'Sodium: (13.03..13.38]', 'Magnesium: (-inf..3.1]' => 'Iron: (-inf..0.1]'
c1 rule: 'Silicon: (73.08..+inf)', not 'Refractive Index: (-inf..1.52]' => 'Iron: (-inf..0.1]'
c1 rule: 'Silicon: (-inf..72.02]', 'Potassium: (0.54..0.64]' => 'Iron: (-inf..0.1]'
c1 rule: 'Sodium: (13.72..+inf)', 'Potassium: (0.54..0.64]' => 'Iron: (-inf..0.1]'
c1 rule: 'Sodium: (13.38..13.72]', 'Aluminum: (1.37..1.58]' => 'Iron: (-inf..0.1]'
c1 rule: 'Aluminum: (1.37..1.58]', 'Silicon: (72.02..72.49]' => 'Iron: (-inf..0.1]'
c1 rule: 'Silicon: (72.02..72.49]', 'Calcium: (-inf..8.16]' => 'Iron: (-inf..0.1]'
c1 rule: 'Sodium: (13.03..13.38]', 'Aluminum: (1.58..+inf)' => 'Iron: (-inf..0.1]'
c1 rule: 'Silicon: (72.02..72.49]', 'Potassium: (-inf..0.13]' => 'Iron: (-inf..0.1]'
c1 rule: 'Aluminum: (0.88..1.19]', 'Calcium: (-inf..8.16]' => 'Iron: (-inf..0.1]'
c1 rule: 'Sodium: (13.38..13.72]', 'Calcium: (-inf..8.16]' => 'Iron: (-inf..0.1]'
c1 rule: 'Magnesium: (3.45..3.61]', 'Potassium: (-inf..0.13]' => 'Iron: (-inf..0.1]'
c1 rule: 'Magnesium: (3.45..3.61]', 'Silicon: (-inf..72.02]' => 'Iron: (-inf..0.1]'
c1 rule: 'Aluminum: (0.88..1.19]', 'Potassium: (0.37..0.54]' => 'Iron: (-inf..0.1]'
c1 rule: 'Potassium: (0.37..0.54]', 'Calcium: (-inf..8.16]' => 'Iron: (-inf..0.1]'
c1 rule: 'Aluminum: (1.58..+inf)', 'Calcium: (8.16..8.5]' => 'Iron: (-inf..0.1]'
c1 rule: 'Aluminum: (1.58..+inf)', 'Silicon: (72.49..72.8]' => 'Iron: (-inf..0.1]'
c1 rule: 'Magnesium: (3.61..3.77]', 'Silicon: (73.08..+inf)' => 'Iron: (-inf..0.1]'
c1 rule: 'Sodium: (13.03..13.38]', 'Calcium: (8.5..8.81]' => 'Iron: (-inf..0.1]'
c1 rule: 'Sodium: (13.03..13.38]', 'Potassium: (0.37..0.54]' => 'Iron: (-inf..0.1]'
c1 rule: 'Calcium: (8.5..8.81]', not 'Refractive Index: (-inf..1.52]' => 'Iron: (-inf..0.1]'
c1 rule: 'Magnesium: (3.1..3.45]', not 'Refractive Index: (-inf..1.52]' => 'Iron: (-inf..0.1]'
c1 rule: 'Aluminum: (-inf..0.88]', 'Silicon: (72.8..73.08]' => 'Iron: (-inf..0.1]'
c1 rule: 'Magnesium: (3.61..3.77]', 'Silicon: (72.8..73.08]' => 'Iron: (-inf..0.1]'
c1 rule: 'Silicon: (72.8..73.08]', 'Calcium: (8.81..9.59]' => 'Iron: (-inf..0.1]'
c1 rule: 'Magnesium: (3.77..+inf)', 'Calcium: (9.59..+inf)' => 'Iron: (-inf..0.1]'
c1 rule: 'Aluminum: (1.19..1.37]', 'Calcium: (9.59..+inf)' => 'Iron: (-inf..0.1]'
c1 rule: 'Sodium: (13.72..+inf)', 'Aluminum: (-inf..0.88]' => 'Iron: (-inf..0.1]'
c1 rule: 'Sodium: (13.72..+inf)', 'Magnesium: (3.77..+inf)' => 'Iron: (-inf..0.1]'
c1 rule: 'Magnesium: (3.1..3.45]', 'Potassium: (0.37..0.54]' => 'Iron: (-inf..0.1]'
c1 rule: 'Sodium: (13.03..13.38]', 'Magnesium: (3.77..+inf)' => 'Iron: (-inf..0.1]'
c1 rule: 'Magnesium: (3.77..+inf)', 'Silicon: (72.02..72.49]' => 'Iron: (-inf..0.1]'
c1 rule: 'Sodium: (13.03..13.38]', 'Silicon: (72.8..73.08]' => 'Iron: (-inf..0.1]'
c1 rule: 'Sodium: (-inf..12.74]', 'Calcium: (8.16..8.5]' => 'Iron: (-inf..0.1]'
c1 rule: 'Sodium: (13.72..+inf)', 'Potassium: (-inf..0.13]' => 'Iron: (-inf..0.1]'
c1 rule: 'Silicon: (72.02..72.49]', 'Calcium: (8.16..8.5]' => 'Iron: (-inf..0.1]'
c1 rule: 'Aluminum: (1.58..+inf)', 'Silicon: (73.08..+inf)' => 'Iron: (-inf..0.1]'
c1 rule: 'Sodium: (13.38..13.72]', 'Magnesium: (3.1..3.45]' => 'Iron: (-inf..0.1]'
c1 rule: 'Magnesium: (3.1..3.45]', 'Potassium: (0.54..0.64]', 'Calcium: (-inf..8.16]' => 'Iron: (-inf..0.1]'
c1 rule: 'Potassium: (0.54..0.64]', 'Calcium: (-inf..8.16]', not 'Aluminum: (1.58..+inf)' => 'Iron: (-inf..0.1]'
c1 rule: 'Aluminum: (1.37..1.58]', 'Potassium: (0.54..0.64]', not 'Calcium: (8.5..8.81]' => 'Iron: (-inf..0.1]'
c1 rule: 'Aluminum: (1.37..1.58]', 'Potassium: (0.54..0.64]', not 'Sodium: (12.74..13.03]' => 'Iron: (-inf..0.1]'
c1 rule: 'Potassium: (0.64..+inf)', 'Calcium: (-inf..8.16]', not 'Aluminum: (1.37..1.58]' => 'Iron: (-inf..0.1]'
c1 rule: 'Magnesium: (3.45..3.61]', 'Potassium: (0.54..0.64]', not 'Silicon: (72.8..73.08]' => 'Iron: (-inf..0.1]'
c1 rule: 'Sodium: (-inf..12.74]', 'Aluminum: (-inf..0.88]', not 'Calcium: (8.81..9.59]' => 'Iron: (-inf..0.1]'
c1 rule: 'Magnesium: (3.61..3.77]', not 'Refractive Index: (-inf..1.52]', not 'Aluminum: (-inf..0.88]' => 'Iron: (-inf..0.1]'
c1 rule: 'Magnesium: (3.61..3.77]', 'Calcium: (8.16..8.5]', not 'Aluminum: (0.88..1.19]' => 'Iron: (-inf..0.1]'
c1 rule: 'Magnesium: (3.45..3.61]', 'Aluminum: (0.88..1.19]', 'Calcium: (8.5..8.81]' => 'Iron: (-inf..0.1]'
c1 rule: 'Sodium: (12.74..13.03]', 'Magnesium: (3.45..3.61]', 'Calcium: (-inf..8.16]', not 'Potassium: (0.54..0.64]' => 'Iron: (-inf..0.1]'
c1 rule: 'Sodium: (12.74..13.03]', 'Magnesium: (3.45..3.61]', 'Calcium: (8.5..8.81]', not 'Potassium: (0.37..0.54]', not 'Barium: (0.08..0.12]' => 'Iron: (-inf..0.1]'
c1 # of rules: 54
c1 rule time: 0.0747

c1 computing class: (0.1..0.16]
c1 discrimination constraints: 107h
c1 coverage constraints: 13v+482h
c1 formula: 95v, 712c (630h+82s)
c1 enumerating rules (maxsat-based)
c1 rule: 'Sodium: (13.72..+inf)', 'Silicon: (72.8..73.08]' => 'Iron: (0.1..0.16]'
c1 rule: 'Magnesium: (3.77..+inf)', 'Silicon: (72.8..73.08]' => 'Iron: (0.1..0.16]'
c1 rule: 'Magnesium: (3.77..+inf)', 'Silicon: (72.49..72.8]' => 'Iron: (0.1..0.16]'
c1 rule: 'Silicon: (-inf..72.02]', 'Calcium: (-inf..8.16]' => 'Iron: (0.1..0.16]'
c1 rule: 'Magnesium: (3.45..3.61]', 'Potassium: (0.13..0.37]' => 'Iron: (0.1..0.16]'
c1 rule: 'Silicon: (72.49..72.8]', 'Calcium: (8.81..9.59]' => 'Iron: (0.1..0.16]'
c1 rule: 'Magnesium: (3.61..3.77]', 'Aluminum: (1.37..1.58]', 'Calcium: (8.5..8.81]' => 'Iron: (0.1..0.16]'
c1 rule: 'Sodium: (13.38..13.72]', 'Calcium: (8.16..8.5]', not 'Aluminum: (1.19..1.37]' => 'Iron: (0.1..0.16]'
c1 rule: 'Sodium: (13.38..13.72]', 'Magnesium: (3.77..+inf)', 'Aluminum: (-inf..0.88]' => 'Iron: (0.1..0.16]'
c1 rule: 'Sodium: (13.38..13.72]', 'Aluminum: (-inf..0.88]', 'Silicon: (-inf..72.02]' => 'Iron: (0.1..0.16]'
c1 rule: 'Sodium: (13.03..13.38]', 'Magnesium: (3.1..3.45]', not 'Aluminum: (1.37..1.58]', not 'Calcium: (8.5..8.81]' => 'Iron: (0.1..0.16]'
c1 # of rules: 11
c1 rule time: 0.0141

c1 computing class: (0.16..0.22]
c1 discrimination constraints: 109h
c1 coverage constraints: 11v+408h
c1 formula: 93v, 640c (558h+82s)
c1 enumerating rules (maxsat-based)
c1 rule: 'Barium: (0.15..0.44]' => 'Iron: (0.16..0.22]'
c1 rule: 'Sodium: (12.74..13.03]', 'Calcium: (8.81..9.59]' => 'Iron: (0.16..0.22]'
c1 rule: 'Silicon: (73.08..+inf)', 'Potassium: (0.13..0.37]' => 'Iron: (0.16..0.22]'
c1 rule: 'Aluminum: (-inf..0.88]', 'Silicon: (72.02..72.49]' => 'Iron: (0.16..0.22]'
c1 rule: 'Potassium: (-inf..0.13]', 'Calcium: (8.16..8.5]' => 'Iron: (0.16..0.22]'
c1 rule: 'Potassium: (0.37..0.54]', 'Calcium: (9.59..+inf)' => 'Iron: (0.16..0.22]'
c1 rule: 'Silicon: (73.08..+inf)', not 'Barium: (-inf..0.08]' => 'Iron: (0.16..0.22]'
c1 rule: 'Barium: (0.08..0.12]', not 'Potassium: (0.37..0.54]' => 'Iron: (0.16..0.22]'
c1 rule: 'Sodium: (12.74..13.03]', 'Aluminum: (1.19..1.37]', not 'Potassium: (0.54..0.64]' => 'Iron: (0.16..0.22]'
c1 rule: 'Sodium: (12.74..13.03]', 'Calcium: (8.5..8.81]', not 'Potassium: (0.54..0.64]' => 'Iron: (0.16..0.22]'
c1 # of rules: 10
c1 rule time: 0.0093

c1 computing class: (0.22..0.29]
c1 discrimination constraints: 111h
c1 coverage constraints: 9v+334h
c1 formula: 91v, 568c (486h+82s)
c1 enumerating rules (maxsat-based)
c1 rule: 'Magnesium: (3.61..3.77]', 'Potassium: (0.64..+inf)' => 'Iron: (0.22..0.29]'
c1 rule: 'Aluminum: (1.37..1.58]', 'Silicon: (72.8..73.08]', 'Potassium: (0.64..+inf)' => 'Iron: (0.22..0.29]'
c1 rule: 'Sodium: (12.74..13.03]', 'Magnesium: (3.1..3.45]', 'Potassium: (0.64..+inf)' => 'Iron: (0.22..0.29]'
c1 rule: 'Sodium: (12.74..13.03]', 'Magnesium: (3.1..3.45]', not 'Potassium: (0.37..0.54]' => 'Iron: (0.22..0.29]'
c1 rule: 'Sodium: (-inf..12.74]', 'Potassium: (0.64..+inf)', 'Calcium: (-inf..8.16]' => 'Iron: (0.22..0.29]'
c1 rule: 'Magnesium: (3.1..3.45]', 'Silicon: (73.08..+inf)', not 'Aluminum: (1.37..1.58]' => 'Iron: (0.22..0.29]'
c1 rule: 'Aluminum: (1.19..1.37]', 'Silicon: (73.08..+inf)', not 'Magnesium: (3.45..3.61]' => 'Iron: (0.22..0.29]'
c1 rule: 'Sodium: (-inf..12.74]', 'Aluminum: (0.88..1.19]', not 'Potassium: (0.54..0.64]' => 'Iron: (0.22..0.29]'
c1 # of rules: 8
c1 rule time: 0.0096

c1 computing class: (0.29..+inf)
c1 discrimination constraints: 115h
c1 coverage constraints: 5v+186h
c1 formula: 87v, 424c (342h+82s)
c1 enumerating rules (maxsat-based)
c1 rule: 'Silicon: (-inf..72.02]', 'Calcium: (8.16..8.5]' => 'Iron: (0.29..+inf)'
c1 rule: 'Potassium: (0.64..+inf)', not 'Refractive Index: (-inf..1.52]' => 'Iron: (0.29..+inf)'
c1 rule: 'Sodium: (-inf..12.74]', 'Magnesium: (3.1..3.45]', 'Calcium: (8.5..8.81]' => 'Iron: (0.29..+inf)'
c1 rule: 'Magnesium: (3.45..3.61]', 'Aluminum: (0.88..1.19]', not 'Sodium: (13.03..13.38]', not 'Calcium: (8.5..8.81]' => 'Iron: (0.29..+inf)'
c1 # of rules: 4
c1 rule time: 0.0062

c2 total rules: 87
c3 total time: 1.0511

Rules are saved to ../rules/size/q5_glass2_train4.csv_size5.json