c0 # of samps: 4937 (311 weighted)
c0 # of feats: 11 (15 binary)
c0 # of labls: 2
c0 parse time: 0.3132


c0 computing feature 1
c1 computing class: (-inf..7.0]
c1 discrimination constraints: 88h
c1 coverage constraints: 104v+1145h
c1 formula: 134v, 1278c (1248h+30s)
c1 enumerating rules (maxsat-based)
c1 rule: not 'Asian: 0' => 'Number_of_Priors: (-inf..7.0]'
c1 rule: not 'Age_Below_TwentyFive: 0', not 'Female: 0' => 'Number_of_Priors: (-inf..7.0]'
c1 rule: not 'Other: 0', not 'Female: 0' => 'Number_of_Priors: (-inf..7.0]'
c1 rule: 'score_factor: 0', not 'Native_American: 0' => 'Number_of_Priors: (-inf..7.0]'
c1 rule: 'Age_Above_FourtyFive: 0', not 'Native_American: 0' => 'Number_of_Priors: (-inf..7.0]'
c1 rule: not 'Age_Above_FourtyFive: 0', not 'Other: 0', not 'Misdemeanor: 0' => 'Number_of_Priors: (-inf..7.0]'
c1 rule: not 'score_factor: 0', not 'Other: 0', not 'Misdemeanor: 0' => 'Number_of_Priors: (-inf..7.0]'
c1 rule: not 'Age_Above_FourtyFive: 0', not 'Hispanic: 0', not 'Female: 0' => 'Number_of_Priors: (-inf..7.0]'
c1 rule: not 'Age_Below_TwentyFive: 0', not 'Hispanic: 0', not 'Misdemeanor: 0' => 'Number_of_Priors: (-inf..7.0]'
c1 rule: 'score_factor: 0', not 'Age_Below_TwentyFive: 0', not 'Misdemeanor: 0' => 'Number_of_Priors: (-inf..7.0]'
c1 rule: 'score_factor: 0', not 'Age_Below_TwentyFive: 0', not 'Hispanic: 0' => 'Number_of_Priors: (-inf..7.0]'
c1 rule: 'score_factor: 0', not 'Age_Below_TwentyFive: 0', not 'Other: 0' => 'Number_of_Priors: (-inf..7.0]'
c1 rule: 'score_factor: 0', 'Age_Above_FourtyFive: 0', 'Misdemeanor: 0', not 'Other: 0' => 'Number_of_Priors: (-inf..7.0]'
c1 rule: 'score_factor: 0', not 'Hispanic: 0', not 'Female: 0', not 'Misdemeanor: 0' => 'Number_of_Priors: (-inf..7.0]'
c1 rule: 'score_factor: 0', 'Age_Above_FourtyFive: 0', not 'Hispanic: 0', not 'Misdemeanor: 0' => 'Number_of_Priors: (-inf..7.0]'
c1 rule: 'score_factor: 0', 'Age_Above_FourtyFive: 0', not 'African_American: 0', not 'Female: 0' => 'Number_of_Priors: (-inf..7.0]'
c1 rule: 'score_factor: 0', not 'African_American: 0', not 'Female: 0', not 'Misdemeanor: 0' => 'Number_of_Priors: (-inf..7.0]'
c1 # of rules: 17
c1 rule time: 0.0129

c1 computing class: (14.0..21.0]
c1 discrimination constraints: 170h
c1 coverage constraints: 22v+243h
c1 formula: 52v, 458c (428h+30s)
c1 enumerating rules (maxsat-based)
c1 rule: not 'Age_Above_FourtyFive: 0', not 'Native_American: 0', not 'Female: 0' => 'Number_of_Priors: (14.0..21.0]'
c1 # of rules: 1
c1 rule time: 0.0025

c1 computing class: (21.0..28.0]
c1 discrimination constraints: 178h
c1 coverage constraints: 14v+155h
c1 formula: 44v, 378c (348h+30s)
c1 enumerating rules (maxsat-based)
c1 rule: 'Female: 0', not 'Age_Above_FourtyFive: 0', not 'Native_American: 0' => 'Number_of_Priors: (21.0..28.0]'
c1 # of rules: 1
c1 rule time: 0.0021

c1 computing class: (28.0..+inf)
c1 discrimination constraints: 187h
c1 coverage constraints: 5v+56h
c1 formula: 35v, 288c (258h+30s)
c1 enumerating rules (maxsat-based)
c1 # of rules: 0
c1 rule time: 0.0013

c1 computing class: (7.0..14.0]
c1 discrimination constraints: 145h
c1 coverage constraints: 47v+518h
c1 formula: 77v, 708c (678h+30s)
c1 enumerating rules (maxsat-based)
c1 rule: not 'score_factor: 0', not 'Age_Above_FourtyFive: 0', not 'Other: 0' => 'Number_of_Priors: (7.0..14.0]'
c1 rule: not 'score_factor: 0', not 'Hispanic: 0', not 'Female: 0', not 'Misdemeanor: 0' => 'Number_of_Priors: (7.0..14.0]'
c1 # of rules: 2
c1 rule time: 0.0034

c2 total rules: 21

c0 computing feature 2
c1 computing class: 0
c1 discrimination constraints: 107h
c1 coverage constraints: 85v+1276h
c1 formula: 117v, 1431c (1399h+32s)
c1 enumerating rules (maxsat-based)
c1 rule: not 'Asian: 0', not 'Female: 0' => 'score_factor: 0'
c1 rule: not 'Asian: 0', not 'Misdemeanor: 0' => 'score_factor: 0'
c1 rule: 'Number_of_Priors: (14.0..21.0]', not 'Age_Above_FourtyFive: 0', not 'Hispanic: 0' => 'score_factor: 0'
c1 rule: not 'Age_Above_FourtyFive: 0', not 'Hispanic: 0', not 'Female: 0' => 'score_factor: 0'
c1 rule: 'Number_of_Priors: (7.0..14.0]', 'African_American: 0', not 'Age_Above_FourtyFive: 0', not 'Female: 0' => 'score_factor: 0'
c1 rule: 'Number_of_Priors: (-inf..7.0]', 'Age_Below_TwentyFive: 0', not 'Hispanic: 0', not 'Female: 0' => 'score_factor: 0'
c1 rule: 'Age_Below_TwentyFive: 0', 'Female: 0', 'Misdemeanor: 0', not 'Number_of_Priors: (21.0..28.0]', not 'Native_American: 0' => 'score_factor: 0'
c1 rule: 'Number_of_Priors: (7.0..14.0]', 'African_American: 0', 'Hispanic: 0', not 'Female: 0', not 'Misdemeanor: 0' => 'score_factor: 0'
c1 # of rules: 8
c1 rule time: 0.0122

c1 computing class: 1
c1 discrimination constraints: 85h
c1 coverage constraints: 107v+1606h
c1 formula: 139v, 1739c (1707h+32s)
c1 enumerating rules (maxsat-based)
c1 rule: 'Number_of_Priors: (28.0..+inf)' => 'score_factor: 1'
c1 rule: 'Number_of_Priors: (21.0..28.0]', 'Age_Above_FourtyFive: 0' => 'score_factor: 1'
c1 rule: 'Number_of_Priors: (21.0..28.0]', not 'Misdemeanor: 0' => 'score_factor: 1'
c1 rule: 'Number_of_Priors: (21.0..28.0]', not 'African_American: 0' => 'score_factor: 1'
c1 rule: not 'Age_Below_TwentyFive: 0', not 'Native_American: 0' => 'score_factor: 1'
c1 rule: 'Number_of_Priors: (14.0..21.0]', not 'Age_Below_TwentyFive: 0' => 'score_factor: 1'
c1 rule: 'Number_of_Priors: (21.0..28.0]', 'Other: 0' => 'score_factor: 1'
c1 rule: not 'Native_American: 0', not 'Female: 0' => 'score_factor: 1'
c1 rule: 'Number_of_Priors: (14.0..21.0]', not 'Female: 0' => 'score_factor: 1'
c1 rule: 'Number_of_Priors: (14.0..21.0]', 'African_American: 0', not 'Misdemeanor: 0' => 'score_factor: 1'
c1 rule: 'Number_of_Priors: (14.0..21.0]', 'Age_Above_FourtyFive: 0', not 'Hispanic: 0' => 'score_factor: 1'
c1 rule: 'Number_of_Priors: (14.0..21.0]', 'African_American: 0', 'Hispanic: 0', not 'Age_Above_FourtyFive: 0' => 'score_factor: 1'
c1 rule: 'Number_of_Priors: (7.0..14.0]', 'Misdemeanor: 0', not 'Age_Above_FourtyFive: 0', not 'Hispanic: 0' => 'score_factor: 1'
c1 # of rules: 13
c1 rule time: 0.0181

c2 total rules: 21

c0 computing feature 3
c1 computing class: 0
c1 discrimination constraints: 66h
c1 coverage constraints: 126v+1891h
c1 formula: 158v, 2005c (1973h+32s)
c1 enumerating rules (maxsat-based)
c1 rule: not 'Age_Below_TwentyFive: 0' => 'Age_Above_FourtyFive: 0'
c1 rule: 'Number_of_Priors: (21.0..28.0]', not 'Hispanic: 0' => 'Age_Above_FourtyFive: 0'
c1 rule: 'Number_of_Priors: (21.0..28.0]', not 'Female: 0' => 'Age_Above_FourtyFive: 0'
c1 rule: 'Number_of_Priors: (14.0..21.0]', 'African_American: 0', not 'Misdemeanor: 0' => 'Age_Above_FourtyFive: 0'
c1 rule: 'Number_of_Priors: (14.0..21.0]', 'Misdemeanor: 0', not 'African_American: 0', not 'Female: 0' => 'Age_Above_FourtyFive: 0'
c1 # of rules: 5
c1 rule time: 0.0124

c1 computing class: 1
c1 discrimination constraints: 126h
c1 coverage constraints: 66v+991h
c1 formula: 98v, 1165c (1133h+32s)
c1 enumerating rules (maxsat-based)
c1 rule: 'Number_of_Priors: (28.0..+inf)', not 'Misdemeanor: 0' => 'Age_Above_FourtyFive: 1'
c1 rule: 'Number_of_Priors: (28.0..+inf)', 'African_American: 0', 'Other: 0' => 'Age_Above_FourtyFive: 1'
c1 rule: 'Number_of_Priors: (21.0..28.0]', 'African_American: 0', 'Female: 0', not 'Misdemeanor: 0' => 'Age_Above_FourtyFive: 1'
c1 # of rules: 3
c1 rule time: 0.0084

c2 total rules: 8

c0 computing feature 4
c1 computing class: 0
c1 discrimination constraints: 45h
c1 coverage constraints: 147v+2206h
c1 formula: 179v, 2299c (2267h+32s)
c1 enumerating rules (maxsat-based)
c1 rule: 'Number_of_Priors: (21.0..28.0]' => 'Age_Below_TwentyFive: 0'
c1 rule: 'Number_of_Priors: (28.0..+inf)' => 'Age_Below_TwentyFive: 0'
c1 rule: not 'Asian: 0', not 'Female: 0' => 'Age_Below_TwentyFive: 0'
c1 rule: 'Number_of_Priors: (14.0..21.0]', not 'Misdemeanor: 0' => 'Age_Below_TwentyFive: 0'
c1 rule: 'Number_of_Priors: (14.0..21.0]', 'African_American: 0' => 'Age_Below_TwentyFive: 0'
c1 rule: not 'Native_American: 0', not 'Female: 0' => 'Age_Below_TwentyFive: 0'
c1 # of rules: 6
c1 rule time: 0.0112

c1 computing class: 1
c1 discrimination constraints: 147h
c1 coverage constraints: 45v+676h
c1 formula: 77v, 871c (839h+32s)
c1 enumerating rules (maxsat-based)
c1 # of rules: 0
c1 rule time: 0.0032

c2 total rules: 6

c0 computing feature 5
c1 computing class: 0
c1 discrimination constraints: 60h
c1 coverage constraints: 132v+1981h
c1 formula: 164v, 2089c (2057h+32s)
c1 enumerating rules (maxsat-based)
c1 rule: not 'Other: 0' => 'African_American: 0'
c1 rule: not 'Native_American: 0' => 'African_American: 0'
c1 rule: not 'Asian: 0' => 'African_American: 0'
c1 rule: not 'Hispanic: 0' => 'African_American: 0'
c1 rule: 'Number_of_Priors: (28.0..+inf)', not 'Female: 0' => 'African_American: 0'
c1 # of rules: 5
c1 rule time: 0.0104

c1 computing class: 1
c1 discrimination constraints: 132h
c1 coverage constraints: 60v+901h
c1 formula: 92v, 1081c (1049h+32s)
c1 enumerating rules (maxsat-based)
c1 rule: 'Number_of_Priors: (21.0..28.0]', 'Misdemeanor: 0', not 'Female: 0' => 'African_American: 1'
c1 rule: 'Number_of_Priors: (14.0..21.0]', not 'Female: 0', not 'Misdemeanor: 0' => 'African_American: 1'
c1 # of rules: 2
c1 rule time: 0.0061

c2 total rules: 7

c0 computing feature 6
c1 computing class: 0
c1 discrimination constraints: 11h
c1 coverage constraints: 181v+2716h
c1 formula: 213v, 2775c (2743h+32s)
c1 enumerating rules (maxsat-based)
c1 rule: not 'Native_American: 0' => 'Asian: 0'
c1 rule: not 'Hispanic: 0' => 'Asian: 0'
c1 rule: not 'Other: 0' => 'Asian: 0'
c1 rule: not 'Female: 0', not 'Misdemeanor: 0' => 'Asian: 0'
c1 # of rules: 4
c1 rule time: 0.0082

c1 computing class: 1
c1 discrimination constraints: 181h
c1 coverage constraints: 11v+166h
c1 formula: 43v, 395c (363h+32s)
c1 enumerating rules (maxsat-based)
c1 # of rules: 0
c1 rule time: 0.0019

c2 total rules: 4

c0 computing feature 7
c1 computing class: 0
c1 discrimination constraints: 33h
c1 coverage constraints: 159v+2386h
c1 formula: 191v, 2467c (2435h+32s)
c1 enumerating rules (maxsat-based)
c1 rule: not 'Other: 0' => 'Hispanic: 0'
c1 rule: not 'Native_American: 0' => 'Hispanic: 0'
c1 rule: 'Number_of_Priors: (28.0..+inf)' => 'Hispanic: 0'
c1 rule: 'Number_of_Priors: (14.0..21.0]', not 'Misdemeanor: 0' => 'Hispanic: 0'
c1 # of rules: 4
c1 rule time: 0.0129

c1 computing class: 1
c1 discrimination constraints: 159h
c1 coverage constraints: 33v+496h
c1 formula: 65v, 703c (671h+32s)
c1 enumerating rules (maxsat-based)
c1 # of rules: 0
c1 rule time: 0.0029

c2 total rules: 4

c0 computing feature 8
c1 computing class: 0
c1 discrimination constraints: 8h
c1 coverage constraints: 184v+2761h
c1 formula: 216v, 2817c (2785h+32s)
c1 enumerating rules (maxsat-based)
c1 rule: not 'Other: 0' => 'Native_American: 0'
c1 rule: not 'Number_of_Priors: (-inf..7.0]', not 'Misdemeanor: 0' => 'Native_American: 0'
c1 rule: not 'Female: 0', not 'Misdemeanor: 0' => 'Native_American: 0'
c1 # of rules: 3
c1 rule time: 0.0097

c1 computing class: 1
c1 discrimination constraints: 184h
c1 coverage constraints: 8v+121h
c1 formula: 40v, 353c (321h+32s)
c1 enumerating rules (maxsat-based)
c1 # of rules: 0
c1 rule time: 0.0019

c2 total rules: 3

c0 computing feature 9
c1 computing class: 0
c1 discrimination constraints: 28h
c1 coverage constraints: 164v+2461h
c1 formula: 196v, 2537c (2505h+32s)
c1 enumerating rules (maxsat-based)
c1 rule: 'Number_of_Priors: (14.0..21.0]' => 'Other: 0'
c1 # of rules: 1
c1 rule time: 0.0085

c1 computing class: 1
c1 discrimination constraints: 164h
c1 coverage constraints: 28v+421h
c1 formula: 60v, 633c (601h+32s)
c1 enumerating rules (maxsat-based)
c1 # of rules: 0
c1 rule time: 0.0025

c2 total rules: 1

c0 computing feature 10
c1 computing class: 0
c1 discrimination constraints: 68h
c1 coverage constraints: 124v+1861h
c1 formula: 156v, 1977c (1945h+32s)
c1 enumerating rules (maxsat-based)
c1 rule: 'Number_of_Priors: (28.0..+inf)', 'Misdemeanor: 0' => 'Female: 0'
c1 # of rules: 1
c1 rule time: 0.0148

c1 computing class: 1
c1 discrimination constraints: 124h
c1 coverage constraints: 68v+1021h
c1 formula: 100v, 1193c (1161h+32s)
c1 enumerating rules (maxsat-based)
c1 rule: 'Number_of_Priors: (28.0..+inf)', not 'Misdemeanor: 0' => 'Female: 1'
c1 # of rules: 1
c1 rule time: 0.0064

c2 total rules: 2

c0 computing feature 11
c1 computing class: 0
c1 discrimination constraints: 81h
c1 coverage constraints: 111v+1666h
c1 formula: 143v, 1795c (1763h+32s)
c1 enumerating rules (maxsat-based)
c1 # of rules: 0
c1 rule time: 0.0124

c1 computing class: 1
c1 discrimination constraints: 111h
c1 coverage constraints: 81v+1216h
c1 formula: 113v, 1375c (1343h+32s)
c1 enumerating rules (maxsat-based)
c1 # of rules: 0
c1 rule time: 0.0074

c2 total rules: 0
c3 total time: 0.5766

Rules are saved to ../rules/all/q5_compas_train2.csv.json