c0 # of samps: 4938 (289 weighted)
c0 # of feats: 11 (14 binary)
c0 # of labls: 2
c0 parse time: 0.2989


c0 computing feature 1
c1 computing class: (-inf..8.75]
c1 discrimination constraints: 68h
c1 coverage constraints: 108v+1189h
c1 formula: 136v, 1299c (1271h+28s)
c1 enumerating rules (maxsat-based)
c1 rule: not 'Native_American: 0' => 'Number_of_Priors: (-inf..8.75]'
c1 rule: not 'Asian: 0', not 'Female: 0' => 'Number_of_Priors: (-inf..8.75]'
c1 rule: not 'Age_Above_FourtyFive: 0', not 'Asian: 0' => 'Number_of_Priors: (-inf..8.75]'
c1 rule: 'score_factor: 0', not 'Asian: 0' => 'Number_of_Priors: (-inf..8.75]'
c1 rule: 'score_factor: 0', not 'Age_Below_TwentyFive: 0' => 'Number_of_Priors: (-inf..8.75]'
c1 rule: not 'Age_Below_TwentyFive: 0', not 'Asian: 0' => 'Number_of_Priors: (-inf..8.75]'
c1 rule: not 'Other: 0', not 'Misdemeanor: 0' => 'Number_of_Priors: (-inf..8.75]'
c1 rule: not 'Other: 0', not 'Female: 0' => 'Number_of_Priors: (-inf..8.75]'
c1 rule: 'African_American: 0', not 'Age_Below_TwentyFive: 0', not 'Female: 0' => 'Number_of_Priors: (-inf..8.75]'
c1 rule: 'Misdemeanor: 0', not 'Age_Below_TwentyFive: 0', not 'Female: 0' => 'Number_of_Priors: (-inf..8.75]'
c1 rule: 'African_American: 0', not 'Age_Below_TwentyFive: 0', not 'Misdemeanor: 0' => 'Number_of_Priors: (-inf..8.75]'
c1 rule: not 'Hispanic: 0', not 'Female: 0', not 'Misdemeanor: 0' => 'Number_of_Priors: (-inf..8.75]'
c1 rule: not 'Age_Above_FourtyFive: 0', not 'Hispanic: 0', not 'Female: 0' => 'Number_of_Priors: (-inf..8.75]'
c1 rule: 'score_factor: 0', 'Age_Above_FourtyFive: 0', not 'Other: 0' => 'Number_of_Priors: (-inf..8.75]'
c1 rule: 'score_factor: 0', 'Age_Above_FourtyFive: 0', not 'Hispanic: 0', not 'Misdemeanor: 0' => 'Number_of_Priors: (-inf..8.75]'
c1 rule: 'score_factor: 0', not 'Age_Above_FourtyFive: 0', not 'Female: 0', not 'Misdemeanor: 0' => 'Number_of_Priors: (-inf..8.75]'
c1 rule: 'score_factor: 0', not 'African_American: 0', not 'Female: 0', not 'Misdemeanor: 0' => 'Number_of_Priors: (-inf..8.75]'
c1 rule: 'score_factor: 0', 'Age_Above_FourtyFive: 0', not 'African_American: 0', not 'Female: 0' => 'Number_of_Priors: (-inf..8.75]'
c1 rule: 'score_factor: 0', 'Age_Above_FourtyFive: 0', 'Female: 0', not 'Hispanic: 0' => 'Number_of_Priors: (-inf..8.75]'
c1 # of rules: 19
c1 rule time: 0.0135

c1 computing class: (17.5..26.25]
c1 discrimination constraints: 158h
c1 coverage constraints: 18v+199h
c1 formula: 46v, 399c (371h+28s)
c1 enumerating rules (maxsat-based)
c1 # of rules: 0
c1 rule time: 0.0017

c1 computing class: (26.25..+inf)
c1 discrimination constraints: 168h
c1 coverage constraints: 8v+89h
c1 formula: 36v, 299c (271h+28s)
c1 enumerating rules (maxsat-based)
c1 # of rules: 0
c1 rule time: 0.0013

c1 computing class: (8.75..17.5]
c1 discrimination constraints: 134h
c1 coverage constraints: 42v+463h
c1 formula: 70v, 639c (611h+28s)
c1 enumerating rules (maxsat-based)
c1 rule: 'Age_Below_TwentyFive: 0', 'Misdemeanor: 0', not 'score_factor: 0', not 'Hispanic: 0', not 'Female: 0' => 'Number_of_Priors: (8.75..17.5]'
c1 # of rules: 1
c1 rule time: 0.0024

c2 total rules: 20

c0 computing feature 2
c1 computing class: 0
c1 discrimination constraints: 98h
c1 coverage constraints: 78v+1093h
c1 formula: 108v, 1236c (1206h+30s)
c1 enumerating rules (maxsat-based)
c1 rule: not 'Asian: 0', not 'Misdemeanor: 0' => 'score_factor: 0'
c1 rule: 'Number_of_Priors: (17.5..26.25]', not 'Other: 0' => 'score_factor: 0'
c1 rule: not 'Asian: 0', not 'Female: 0' => 'score_factor: 0'
c1 rule: not 'Age_Above_FourtyFive: 0', not 'Other: 0', not 'Female: 0' => 'score_factor: 0'
c1 rule: not 'Age_Above_FourtyFive: 0', not 'Other: 0', not 'Misdemeanor: 0' => 'score_factor: 0'
c1 rule: not 'Age_Above_FourtyFive: 0', not 'Hispanic: 0', not 'Female: 0' => 'score_factor: 0'
c1 rule: 'Number_of_Priors: (17.5..26.25]', not 'Age_Above_FourtyFive: 0', not 'Hispanic: 0' => 'score_factor: 0'
c1 rule: 'Number_of_Priors: (17.5..26.25]', 'African_American: 0', not 'Age_Above_FourtyFive: 0', not 'Misdemeanor: 0' => 'score_factor: 0'
c1 rule: 'Number_of_Priors: (8.75..17.5]', 'African_American: 0', not 'Female: 0', not 'Misdemeanor: 0' => 'score_factor: 0'
c1 # of rules: 9
c1 rule time: 0.0096

c1 computing class: 1
c1 discrimination constraints: 78h
c1 coverage constraints: 98v+1373h
c1 formula: 128v, 1496c (1466h+30s)
c1 enumerating rules (maxsat-based)
c1 rule: 'Number_of_Priors: (26.25..+inf)' => 'score_factor: 1'
c1 rule: 'Number_of_Priors: (8.75..17.5]', not 'Other: 0' => 'score_factor: 1'
c1 rule: not 'Age_Below_TwentyFive: 0', not 'Native_American: 0' => 'score_factor: 1'
c1 rule: not 'Native_American: 0', not 'Female: 0' => 'score_factor: 1'
c1 rule: 'Number_of_Priors: (17.5..26.25]', not 'Female: 0' => 'score_factor: 1'
c1 rule: 'Number_of_Priors: (17.5..26.25]', 'Age_Above_FourtyFive: 0', 'African_American: 0' => 'score_factor: 1'
c1 rule: 'Number_of_Priors: (17.5..26.25]', 'Age_Above_FourtyFive: 0', not 'Misdemeanor: 0' => 'score_factor: 1'
c1 rule: 'Number_of_Priors: (8.75..17.5]', 'Misdemeanor: 0', not 'Age_Above_FourtyFive: 0', not 'Hispanic: 0' => 'score_factor: 1'
c1 rule: 'Number_of_Priors: (17.5..26.25]', 'African_American: 0', 'Hispanic: 0', 'Other: 0', 'Misdemeanor: 0' => 'score_factor: 1'
c1 # of rules: 9
c1 rule time: 0.0128

c2 total rules: 18

c0 computing feature 3
c1 computing class: 0
c1 discrimination constraints: 62h
c1 coverage constraints: 114v+1597h
c1 formula: 144v, 1704c (1674h+30s)
c1 enumerating rules (maxsat-based)
c1 rule: not 'Native_American: 0' => 'Age_Above_FourtyFive: 0'
c1 rule: not 'Age_Below_TwentyFive: 0' => 'Age_Above_FourtyFive: 0'
c1 rule: 'Number_of_Priors: (26.25..+inf)', not 'Other: 0' => 'Age_Above_FourtyFive: 0'
c1 rule: 'Number_of_Priors: (17.5..26.25]', 'African_American: 0', not 'Female: 0' => 'Age_Above_FourtyFive: 0'
c1 rule: 'Number_of_Priors: (17.5..26.25]', not 'Female: 0', not 'Misdemeanor: 0' => 'Age_Above_FourtyFive: 0'
c1 # of rules: 5
c1 rule time: 0.0101

c1 computing class: 1
c1 discrimination constraints: 114h
c1 coverage constraints: 62v+869h
c1 formula: 92v, 1028c (998h+30s)
c1 enumerating rules (maxsat-based)
c1 rule: 'Number_of_Priors: (26.25..+inf)', not 'Female: 0' => 'Age_Above_FourtyFive: 1'
c1 rule: 'Number_of_Priors: (26.25..+inf)', 'African_American: 0', 'Other: 0' => 'Age_Above_FourtyFive: 1'
c1 # of rules: 2
c1 rule time: 0.0064

c2 total rules: 7

c0 computing feature 4
c1 computing class: 0
c1 discrimination constraints: 43h
c1 coverage constraints: 133v+1863h
c1 formula: 163v, 1951c (1921h+30s)
c1 enumerating rules (maxsat-based)
c1 rule: 'Number_of_Priors: (17.5..26.25]' => 'Age_Below_TwentyFive: 0'
c1 rule: 'Number_of_Priors: (26.25..+inf)' => 'Age_Below_TwentyFive: 0'
c1 rule: not 'Asian: 0', not 'Female: 0' => 'Age_Below_TwentyFive: 0'
c1 rule: not 'Native_American: 0', not 'Female: 0' => 'Age_Below_TwentyFive: 0'
c1 # of rules: 4
c1 rule time: 0.0081

c1 computing class: 1
c1 discrimination constraints: 133h
c1 coverage constraints: 43v+603h
c1 formula: 73v, 781c (751h+30s)
c1 enumerating rules (maxsat-based)
c1 # of rules: 0
c1 rule time: 0.0028

c2 total rules: 4

c0 computing feature 5
c1 computing class: 0
c1 discrimination constraints: 54h
c1 coverage constraints: 122v+1709h
c1 formula: 152v, 1808c (1778h+30s)
c1 enumerating rules (maxsat-based)
c1 rule: not 'Other: 0' => 'African_American: 0'
c1 rule: not 'Asian: 0' => 'African_American: 0'
c1 rule: not 'Hispanic: 0' => 'African_American: 0'
c1 rule: not 'Native_American: 0' => 'African_American: 0'
c1 rule: 'Number_of_Priors: (26.25..+inf)', not 'Female: 0' => 'African_American: 0'
c1 # of rules: 5
c1 rule time: 0.0078

c1 computing class: 1
c1 discrimination constraints: 122h
c1 coverage constraints: 54v+757h
c1 formula: 84v, 924c (894h+30s)
c1 enumerating rules (maxsat-based)
c1 rule: 'Number_of_Priors: (26.25..+inf)', 'Female: 0', not 'Misdemeanor: 0' => 'African_American: 1'
c1 rule: 'Number_of_Priors: (17.5..26.25]', 'Age_Above_FourtyFive: 0', 'Female: 0', not 'Misdemeanor: 0' => 'African_American: 1'
c1 # of rules: 2
c1 rule time: 0.0055

c2 total rules: 7

c0 computing feature 6
c1 computing class: 0
c1 discrimination constraints: 12h
c1 coverage constraints: 164v+2297h
c1 formula: 194v, 2354c (2324h+30s)
c1 enumerating rules (maxsat-based)
c1 rule: 'Number_of_Priors: (17.5..26.25]' => 'Asian: 0'
c1 rule: not 'Other: 0' => 'Asian: 0'
c1 rule: not 'Hispanic: 0' => 'Asian: 0'
c1 rule: not 'Native_American: 0' => 'Asian: 0'
c1 rule: not 'Female: 0', not 'Misdemeanor: 0' => 'Asian: 0'
c1 # of rules: 5
c1 rule time: 0.0094

c1 computing class: 1
c1 discrimination constraints: 164h
c1 coverage constraints: 12v+169h
c1 formula: 42v, 378c (348h+30s)
c1 enumerating rules (maxsat-based)
c1 # of rules: 0
c1 rule time: 0.0018

c2 total rules: 5

c0 computing feature 7
c1 computing class: 0
c1 discrimination constraints: 31h
c1 coverage constraints: 145v+2031h
c1 formula: 175v, 2107c (2077h+30s)
c1 enumerating rules (maxsat-based)
c1 rule: not 'Other: 0' => 'Hispanic: 0'
c1 rule: 'Number_of_Priors: (26.25..+inf)' => 'Hispanic: 0'
c1 rule: not 'Native_American: 0' => 'Hispanic: 0'
c1 rule: 'Number_of_Priors: (17.5..26.25]', not 'Misdemeanor: 0' => 'Hispanic: 0'
c1 # of rules: 4
c1 rule time: 0.0096

c1 computing class: 1
c1 discrimination constraints: 145h
c1 coverage constraints: 31v+435h
c1 formula: 61v, 625c (595h+30s)
c1 enumerating rules (maxsat-based)
c1 # of rules: 0
c1 rule time: 0.0024

c2 total rules: 4

c0 computing feature 8
c1 computing class: 0
c1 discrimination constraints: 7h
c1 coverage constraints: 169v+2367h
c1 formula: 199v, 2419c (2389h+30s)
c1 enumerating rules (maxsat-based)
c1 rule: not 'Other: 0' => 'Native_American: 0'
c1 rule: not 'Female: 0', not 'Misdemeanor: 0' => 'Native_American: 0'
c1 # of rules: 2
c1 rule time: 0.0068

c1 computing class: 1
c1 discrimination constraints: 169h
c1 coverage constraints: 7v+99h
c1 formula: 37v, 313c (283h+30s)
c1 enumerating rules (maxsat-based)
c1 # of rules: 0
c1 rule time: 0.0016

c2 total rules: 2

c0 computing feature 9
c1 computing class: 0
c1 discrimination constraints: 26h
c1 coverage constraints: 150v+2101h
c1 formula: 180v, 2172c (2142h+30s)
c1 enumerating rules (maxsat-based)
c1 # of rules: 0
c1 rule time: 0.0073

c1 computing class: 1
c1 discrimination constraints: 150h
c1 coverage constraints: 26v+365h
c1 formula: 56v, 560c (530h+30s)
c1 enumerating rules (maxsat-based)
c1 # of rules: 0
c1 rule time: 0.0023

c2 total rules: 0

c0 computing feature 10
c1 computing class: 0
c1 discrimination constraints: 66h
c1 coverage constraints: 110v+1541h
c1 formula: 140v, 1652c (1622h+30s)
c1 enumerating rules (maxsat-based)
c1 # of rules: 0
c1 rule time: 0.0113

c1 computing class: 1
c1 discrimination constraints: 110h
c1 coverage constraints: 66v+925h
c1 formula: 96v, 1080c (1050h+30s)
c1 enumerating rules (maxsat-based)
c1 # of rules: 0
c1 rule time: 0.0055

c2 total rules: 0

c0 computing feature 11
c1 computing class: 0
c1 discrimination constraints: 76h
c1 coverage constraints: 100v+1401h
c1 formula: 130v, 1522c (1492h+30s)
c1 enumerating rules (maxsat-based)
c1 # of rules: 0
c1 rule time: 0.0087

c1 computing class: 1
c1 discrimination constraints: 100h
c1 coverage constraints: 76v+1065h
c1 formula: 106v, 1210c (1180h+30s)
c1 enumerating rules (maxsat-based)
c1 # of rules: 0
c1 rule time: 0.0033

c2 total rules: 0
c3 total time: 0.5107

Rules are saved to ../rules/size/q4_compas_train3.csv_size5.json