c0 # of samps: 348 (250 weighted)
c0 # of feats: 16 (16 binary)
c0 # of labls: 2
c0 parse time: 0.2926


c0 computing feature 1
c1 computing class: 0
c1 discrimination constraints: 160h
c1 coverage constraints: 90v+1441h
c1 formula: 124v, 1652c (1618h+34s)
c1 enumerating rules (maxsat-based)
c1 rule: 'v14: 0', not 'v3: 0', not 'v4: 0' => 'v16: 0'
c1 rule: 'v13: 0', 'v14: 0', not 'v4: 0' => 'v16: 0'
c1 rule: 'v12: 0', 'v14: 0', not 'v4: 0' => 'v16: 0'
c1 rule: 'v5: 0', 'v8: 0', not 'v14: 0' => 'v16: 0'
c1 rule: 'v5: 0', 'v7: 0', not 'v12: 0' => 'v16: 0'
c1 rule: 'v3: 0', 'v5: 0', 'v7: 0' => 'v16: 0'
c1 rule: 'v3: 0', 'v7: 0', not 'v9: 0' => 'v16: 0'
c1 rule: 'v13: 0', not 'v2: 0', not 'v12: 0' => 'v16: 0'
c1 rule: 'v6: 0', 'v7: 0', not 'v10: 0', not 'v13: 0' => 'v16: 0'
c1 rule: 'v8: 0', 'v11: 0', 'v14: 0', not 'v10: 0' => 'v16: 0'
c1 rule: 'v1: 0', 'v5: 0', 'v6: 0', 'v9: 0' => 'v16: 0'
c1 rule: 'v1: 0', 'v13: 0', not 'v5: 0', not 'v11: 0' => 'v16: 0'
c1 rule: 'v2: 0', not 'v1: 0', not 'v4: 0', not 'v11: 0' => 'v16: 0'
c1 rule: not 'v2: 0', not 'v3: 0', not 'v4: 0', not 'v15: 0' => 'v16: 0'
c1 rule: 'v12: 0', not 'v3: 0', not 'v4: 0', not 'v11: 0' => 'v16: 0'
c1 rule: 'v10: 0', 'v12: 0', not 'v3: 0', not 'v4: 0' => 'v16: 0'
c1 rule: 'v13: 0', not 'v2: 0', not 'v5: 0', not 'v7: 0' => 'v16: 0'
c1 rule: 'v1: 0', 'v13: 0', not 'v11: 0', not 'v12: 0' => 'v16: 0'
c1 rule: not 'v5: 0', not 'v7: 0', not 'v9: 0', not 'v11: 0' => 'v16: 0'
c1 rule: 'v10: 0', not 'v5: 0', not 'v9: 0', not 'v11: 0' => 'v16: 0'
c1 rule: 'v7: 0', 'v10: 0', 'v15: 0', not 'v9: 0' => 'v16: 0'
c1 rule: 'v7: 0', 'v10: 0', 'v11: 0', not 'v9: 0' => 'v16: 0'
c1 rule: 'v6: 0', 'v7: 0', 'v11: 0', not 'v2: 0' => 'v16: 0'
c1 rule: 'v8: 0', 'v13: 0', not 'v2: 0', not 'v3: 0' => 'v16: 0'
c1 rule: 'v3: 0', 'v7: 0', 'v12: 0', not 'v10: 0' => 'v16: 0'
c1 rule: 'v2: 0', 'v3: 0', 'v7: 0', 'v12: 0' => 'v16: 0'
c1 rule: 'v3: 0', 'v13: 0', not 'v7: 0', not 'v12: 0' => 'v16: 0'
c1 rule: 'v1: 0', 'v5: 0', 'v9: 0', not 'v14: 0' => 'v16: 0'
c1 rule: 'v3: 0', 'v5: 0', not 'v6: 0', not 'v13: 0' => 'v16: 0'
c1 rule: 'v5: 0', not 'v2: 0', not 'v12: 0', not 'v14: 0' => 'v16: 0'
c1 rule: not 'v1: 0', not 'v2: 0', not 'v12: 0', not 'v15: 0' => 'v16: 0'
c1 rule: 'v1: 0', 'v13: 0', not 'v12: 0', not 'v15: 0' => 'v16: 0'
c1 rule: 'v8: 0', 'v13: 0', 'v15: 0', not 'v2: 0' => 'v16: 0'
c1 rule: 'v5: 0', 'v10: 0', 'v15: 0', not 'v6: 0', not 'v14: 0' => 'v16: 0'
c1 rule: 'v4: 0', 'v15: 0', not 'v9: 0', not 'v12: 0', not 'v14: 0' => 'v16: 0'
c1 rule: 'v10: 0', 'v12: 0', not 'v7: 0', not 'v13: 0', not 'v14: 0' => 'v16: 0'
c1 rule: 'v8: 0', 'v12: 0', not 'v7: 0', not 'v13: 0', not 'v14: 0' => 'v16: 0'
c1 rule: 'v2: 0', 'v7: 0', 'v8: 0', not 'v1: 0', not 'v4: 0' => 'v16: 0'
c1 rule: 'v1: 0', 'v7: 0', 'v10: 0', not 'v3: 0', not 'v12: 0' => 'v16: 0'
c1 rule: 'v7: 0', 'v10: 0', 'v11: 0', not 'v3: 0', not 'v13: 0' => 'v16: 0'
c1 rule: 'v3: 0', 'v4: 0', not 'v2: 0', not 'v10: 0', not 'v13: 0' => 'v16: 0'
c1 rule: 'v4: 0', 'v11: 0', not 'v1: 0', not 'v2: 0', not 'v5: 0' => 'v16: 0'
c1 rule: 'v7: 0', not 'v1: 0', not 'v2: 0', not 'v8: 0', not 'v14: 0' => 'v16: 0'
c1 rule: 'v1: 0', 'v9: 0', 'v12: 0', not 'v11: 0', not 'v14: 0' => 'v16: 0'
c1 rule: 'v9: 0', 'v12: 0', 'v15: 0', not 'v8: 0', not 'v11: 0' => 'v16: 0'
c1 rule: 'v9: 0', 'v13: 0', not 'v2: 0', not 'v6: 0', not 'v11: 0' => 'v16: 0'
c1 rule: 'v2: 0', 'v4: 0', 'v9: 0', 'v11: 0', not 'v10: 0' => 'v16: 0'
c1 rule: 'v2: 0', 'v4: 0', 'v6: 0', 'v9: 0', 'v11: 0' => 'v16: 0'
c1 rule: 'v6: 0', 'v9: 0', 'v11: 0', 'v14: 0', not 'v15: 0' => 'v16: 0'
c1 rule: 'v4: 0', 'v9: 0', not 'v2: 0', not 'v10: 0', not 'v12: 0' => 'v16: 0'
c1 rule: 'v1: 0', 'v13: 0', 'v15: 0', not 'v2: 0', not 'v11: 0' => 'v16: 0'
c1 # of rules: 51
c1 rule time: 0.0940

c1 computing class: 1
c1 discrimination constraints: 90h
c1 coverage constraints: 160v+2561h
c1 formula: 194v, 2702c (2668h+34s)
c1 enumerating rules (maxsat-based)
c1 rule: not 'v5: 0', not 'v9: 0', not 'v12: 0' => 'v16: 1'
c1 rule: 'v5: 0', 'v8: 0', not 'v15: 0' => 'v16: 1'
c1 rule: 'v5: 0', 'v8: 0', 'v14: 0' => 'v16: 1'
c1 rule: 'v8: 0', 'v14: 0', not 'v1: 0' => 'v16: 1'
c1 rule: 'v14: 0', not 'v11: 0', not 'v12: 0' => 'v16: 1'
c1 rule: 'v8: 0', 'v14: 0', not 'v11: 0' => 'v16: 1'
c1 rule: 'v6: 0', 'v8: 0', not 'v11: 0' => 'v16: 1'
c1 rule: 'v6: 0', 'v8: 0', not 'v9: 0' => 'v16: 1'
c1 rule: 'v6: 0', not 'v5: 0', not 'v9: 0' => 'v16: 1'
c1 rule: 'v6: 0', not 'v4: 0', not 'v9: 0' => 'v16: 1'
c1 rule: 'v6: 0', not 'v4: 0', not 'v8: 0' => 'v16: 1'
c1 rule: 'v6: 0', not 'v3: 0', not 'v4: 0' => 'v16: 1'
c1 rule: 'v5: 0', 'v13: 0', not 'v4: 0' => 'v16: 1'
c1 rule: 'v7: 0', not 'v4: 0', not 'v8: 0' => 'v16: 1'
c1 rule: 'v14: 0', not 'v1: 0', not 'v13: 0' => 'v16: 1'
c1 rule: 'v14: 0', not 'v5: 0', not 'v9: 0' => 'v16: 1'
c1 rule: 'v6: 0', not 'v5: 0', not 'v7: 0' => 'v16: 1'
c1 rule: 'v3: 0', 'v6: 0', not 'v7: 0' => 'v16: 1'
c1 rule: 'v6: 0', not 'v11: 0', not 'v14: 0' => 'v16: 1'
c1 rule: 'v6: 0', not 'v8: 0', not 'v14: 0' => 'v16: 1'
c1 rule: not 'v4: 0', not 'v7: 0', not 'v10: 0' => 'v16: 1'
c1 rule: 'v7: 0', not 'v9: 0', not 'v10: 0' => 'v16: 1'
c1 rule: 'v3: 0', not 'v10: 0', not 'v15: 0' => 'v16: 1'
c1 rule: 'v3: 0', 'v11: 0', not 'v15: 0' => 'v16: 1'
c1 rule: 'v6: 0', not 'v13: 0', not 'v15: 0' => 'v16: 1'
c1 rule: not 'v1: 0', not 'v3: 0', not 'v4: 0' => 'v16: 1'
c1 rule: 'v14: 0', 'v15: 0', not 'v3: 0', not 'v12: 0' => 'v16: 1'
c1 rule: 'v1: 0', 'v15: 0', not 'v7: 0', not 'v12: 0' => 'v16: 1'
c1 rule: 'v1: 0', not 'v2: 0', not 'v7: 0', not 'v12: 0' => 'v16: 1'
c1 rule: 'v10: 0', 'v11: 0', not 'v12: 0', not 'v15: 0' => 'v16: 1'
c1 rule: 'v10: 0', 'v14: 0', not 'v1: 0', not 'v6: 0' => 'v16: 1'
c1 rule: 'v14: 0', 'v15: 0', not 'v1: 0', not 'v6: 0' => 'v16: 1'
c1 rule: 'v5: 0', not 'v1: 0', not 'v14: 0', not 'v15: 0' => 'v16: 1'
c1 rule: 'v12: 0', not 'v8: 0', not 'v14: 0', not 'v15: 0' => 'v16: 1'
c1 rule: 'v9: 0', 'v10: 0', not 'v8: 0', not 'v13: 0' => 'v16: 1'
c1 rule: 'v7: 0', 'v13: 0', not 'v10: 0', not 'v11: 0' => 'v16: 1'
c1 rule: 'v8: 0', 'v15: 0', not 'v7: 0', not 'v11: 0' => 'v16: 1'
c1 rule: 'v8: 0', 'v13: 0', not 'v1: 0', not 'v11: 0' => 'v16: 1'
c1 rule: 'v4: 0', 'v8: 0', 'v11: 0', not 'v12: 0' => 'v16: 1'
c1 rule: 'v2: 0', 'v4: 0', 'v7: 0', not 'v10: 0' => 'v16: 1'
c1 rule: 'v2: 0', 'v7: 0', not 'v3: 0', not 'v10: 0' => 'v16: 1'
c1 rule: 'v2: 0', 'v4: 0', not 'v5: 0', not 'v12: 0' => 'v16: 1'
c1 rule: 'v2: 0', not 'v10: 0', not 'v11: 0', not 'v13: 0' => 'v16: 1'
c1 rule: 'v2: 0', not 'v3: 0', not 'v8: 0', not 'v13: 0' => 'v16: 1'
c1 rule: 'v2: 0', 'v15: 0', not 'v9: 0', not 'v11: 0' => 'v16: 1'
c1 rule: 'v2: 0', not 'v6: 0', not 'v10: 0', not 'v11: 0' => 'v16: 1'
c1 rule: 'v1: 0', not 'v5: 0', not 'v8: 0', not 'v14: 0' => 'v16: 1'
c1 rule: 'v2: 0', 'v7: 0', 'v13: 0', not 'v10: 0' => 'v16: 1'
c1 rule: 'v1: 0', 'v11: 0', not 'v5: 0', not 'v8: 0' => 'v16: 1'
c1 rule: 'v1: 0', 'v11: 0', not 'v2: 0', not 'v8: 0' => 'v16: 1'
c1 rule: 'v5: 0', 'v7: 0', 'v9: 0', not 'v8: 0' => 'v16: 1'
c1 rule: 'v10: 0', not 'v3: 0', not 'v8: 0', not 'v13: 0' => 'v16: 1'
c1 rule: 'v1: 0', 'v6: 0', not 'v2: 0', not 'v15: 0' => 'v16: 1'
c1 rule: 'v6: 0', 'v15: 0', not 'v2: 0', not 'v10: 0' => 'v16: 1'
c1 rule: 'v6: 0', 'v7: 0', not 'v2: 0', not 'v3: 0' => 'v16: 1'
c1 rule: 'v2: 0', 'v6: 0', 'v9: 0', not 'v15: 0' => 'v16: 1'
c1 rule: 'v6: 0', 'v15: 0', not 'v9: 0', not 'v10: 0' => 'v16: 1'
c1 rule: 'v6: 0', 'v10: 0', not 'v12: 0', not 'v13: 0' => 'v16: 1'
c1 rule: 'v1: 0', 'v6: 0', 'v10: 0', not 'v11: 0' => 'v16: 1'
c1 rule: 'v6: 0', not 'v2: 0', not 'v10: 0', not 'v11: 0' => 'v16: 1'
c1 rule: 'v11: 0', not 'v3: 0', not 'v4: 0', not 'v10: 0' => 'v16: 1'
c1 rule: 'v1: 0', 'v11: 0', 'v15: 0', not 'v3: 0', not 'v9: 0' => 'v16: 1'
c1 rule: 'v4: 0', 'v10: 0', 'v14: 0', not 'v6: 0', not 'v7: 0' => 'v16: 1'
c1 rule: 'v10: 0', 'v11: 0', 'v12: 0', not 'v1: 0', not 'v13: 0' => 'v16: 1'
c1 rule: 'v5: 0', 'v9: 0', 'v11: 0', not 'v1: 0', not 'v6: 0' => 'v16: 1'
c1 rule: 'v5: 0', 'v12: 0', not 'v1: 0', not 'v10: 0', not 'v14: 0' => 'v16: 1'
c1 rule: 'v9: 0', 'v10: 0', 'v14: 0', not 'v12: 0', not 'v13: 0' => 'v16: 1'
c1 rule: 'v2: 0', not 'v1: 0', not 'v10: 0', not 'v11: 0', not 'v15: 0' => 'v16: 1'
c1 rule: 'v12: 0', not 'v2: 0', not 'v11: 0', not 'v14: 0', not 'v15: 0' => 'v16: 1'
c1 rule: 'v1: 0', 'v11: 0', 'v14: 0', not 'v9: 0', not 'v10: 0' => 'v16: 1'
c1 rule: 'v8: 0', 'v12: 0', not 'v1: 0', not 'v10: 0', not 'v11: 0' => 'v16: 1'
c1 # of rules: 71
c1 rule time: 0.1201

c2 total rules: 122

c0 computing feature 2
c1 computing class: 0
c1 discrimination constraints: 116h
c1 coverage constraints: 134v+2145h
c1 formula: 168v, 2312c (2278h+34s)
c1 enumerating rules (maxsat-based)
c1 rule: 'v14: 0', not 'v4: 0' => 'v1: 0'
c1 rule: 'v5: 0', not 'v4: 0', not 'v13: 0' => 'v1: 0'
c1 rule: not 'v4: 0', not 'v10: 0', not 'v11: 0' => 'v1: 0'
c1 rule: 'v13: 0', not 'v2: 0', not 'v12: 0' => 'v1: 0'
c1 rule: 'v5: 0', 'v8: 0', 'v11: 0' => 'v1: 0'
c1 rule: not 'v5: 0', not 'v9: 0', not 'v15: 0' => 'v1: 0'
c1 rule: 'v6: 0', 'v14: 0', not 'v5: 0' => 'v1: 0'
c1 rule: 'v3: 0', 'v8: 0', 'v14: 0' => 'v1: 0'
c1 rule: 'v8: 0', 'v14: 0', not 'v2: 0' => 'v1: 0'
c1 rule: 'v16: 0', 'v6: 0', not 'v14: 0' => 'v1: 0'
c1 rule: 'v8: 0', not 'v9: 0', not 'v12: 0' => 'v1: 0'
c1 rule: 'v10: 0', not 'v4: 0', not 'v15: 0' => 'v1: 0'
c1 rule: 'v5: 0', not 'v4: 0', not 'v6: 0' => 'v1: 0'
c1 rule: 'v3: 0', 'v5: 0', not 'v13: 0' => 'v1: 0'
c1 rule: 'v3: 0', 'v14: 0', not 'v6: 0' => 'v1: 0'
c1 rule: 'v2: 0', 'v8: 0', not 'v7: 0', not 'v12: 0' => 'v1: 0'
c1 rule: 'v4: 0', not 'v5: 0', not 'v7: 0', not 'v12: 0' => 'v1: 0'
c1 rule: 'v4: 0', not 'v3: 0', not 'v5: 0', not 'v12: 0' => 'v1: 0'
c1 rule: 'v8: 0', not 'v3: 0', not 'v10: 0', not 'v12: 0' => 'v1: 0'
c1 rule: 'v6: 0', 'v13: 0', not 'v3: 0', not 'v5: 0' => 'v1: 0'
c1 rule: 'v13: 0', not 'v5: 0', not 'v7: 0', not 'v9: 0' => 'v1: 0'
c1 rule: 'v2: 0', 'v12: 0', not 'v5: 0', not 'v8: 0' => 'v1: 0'
c1 rule: 'v11: 0', 'v13: 0', not 'v2: 0', not 'v4: 0' => 'v1: 0'
c1 rule: 'v12: 0', 'v13: 0', not 'v4: 0', not 'v6: 0' => 'v1: 0'
c1 rule: 'v8: 0', not 'v4: 0', not 'v7: 0', not 'v11: 0' => 'v1: 0'
c1 rule: 'v11: 0', not 'v2: 0', not 'v8: 0', not 'v12: 0' => 'v1: 0'
c1 rule: 'v11: 0', not 'v2: 0', not 'v9: 0', not 'v14: 0' => 'v1: 0'
c1 rule: 'v10: 0', 'v14: 0', not 'v5: 0', not 'v7: 0' => 'v1: 0'
c1 rule: 'v2: 0', 'v5: 0', 'v7: 0', not 'v11: 0' => 'v1: 0'
c1 rule: 'v2: 0', 'v7: 0', not 'v10: 0', not 'v11: 0' => 'v1: 0'
c1 rule: 'v2: 0', not 'v9: 0', not 'v11: 0', not 'v13: 0' => 'v1: 0'
c1 rule: 'v2: 0', 'v6: 0', not 'v10: 0', not 'v13: 0' => 'v1: 0'
c1 rule: 'v7: 0', 'v14: 0', not 'v10: 0', not 'v13: 0' => 'v1: 0'
c1 rule: 'v5: 0', 'v7: 0', not 'v10: 0', not 'v11: 0' => 'v1: 0'
c1 rule: 'v5: 0', 'v7: 0', 'v13: 0', not 'v6: 0' => 'v1: 0'
c1 rule: 'v6: 0', not 'v2: 0', not 'v10: 0', not 'v14: 0' => 'v1: 0'
c1 rule: 'v6: 0', 'v10: 0', not 'v14: 0', not 'v15: 0' => 'v1: 0'
c1 rule: 'v3: 0', 'v6: 0', not 'v10: 0', not 'v11: 0' => 'v1: 0'
c1 rule: 'v3: 0', 'v12: 0', not 'v2: 0', not 'v10: 0' => 'v1: 0'
c1 rule: 'v3: 0', 'v5: 0', not 'v6: 0', not 'v11: 0' => 'v1: 0'
c1 rule: 'v5: 0', not 'v3: 0', not 'v4: 0', not 'v7: 0' => 'v1: 0'
c1 rule: 'v2: 0', 'v3: 0', 'v4: 0', not 'v13: 0' => 'v1: 0'
c1 rule: 'v3: 0', not 'v5: 0', not 'v8: 0', not 'v10: 0' => 'v1: 0'
c1 rule: 'v13: 0', 'v14: 0', not 'v6: 0', not 'v12: 0' => 'v1: 0'
c1 rule: 'v13: 0', not 'v2: 0', not 'v7: 0', not 'v14: 0', not 'v15: 0' => 'v1: 0'
c1 rule: 'v10: 0', 'v12: 0', 'v13: 0', not 'v14: 0', not 'v15: 0' => 'v1: 0'
c1 rule: 'v5: 0', 'v9: 0', 'v15: 0', not 'v6: 0', not 'v10: 0' => 'v1: 0'
c1 rule: 'v10: 0', 'v14: 0', not 'v6: 0', not 'v7: 0', not 'v11: 0' => 'v1: 0'
c1 rule: 'v10: 0', 'v14: 0', 'v15: 0', not 'v2: 0', not 'v6: 0' => 'v1: 0'
c1 rule: 'v2: 0', 'v8: 0', 'v10: 0', 'v11: 0', not 'v4: 0' => 'v1: 0'
c1 rule: 'v16: 0', 'v7: 0', 'v10: 0', 'v11: 0', not 'v4: 0' => 'v1: 0'
c1 rule: 'v7: 0', 'v8: 0', 'v10: 0', 'v11: 0', not 'v12: 0' => 'v1: 0'
c1 # of rules: 52
c1 rule time: 0.0894

c1 computing class: 1
c1 discrimination constraints: 134h
c1 coverage constraints: 116v+1857h
c1 formula: 150v, 2042c (2008h+34s)
c1 enumerating rules (maxsat-based)
c1 rule: 'v2: 0', 'v8: 0', 'v14: 0' => 'v1: 1'
c1 rule: 'v6: 0', not 'v3: 0', not 'v12: 0' => 'v1: 1'
c1 rule: 'v6: 0', 'v15: 0', not 'v11: 0' => 'v1: 1'
c1 rule: 'v16: 0', not 'v2: 0', not 'v9: 0', not 'v14: 0' => 'v1: 1'
c1 rule: 'v7: 0', 'v11: 0', not 'v8: 0', not 'v15: 0' => 'v1: 1'
c1 rule: 'v7: 0', not 'v5: 0', not 'v8: 0', not 'v15: 0' => 'v1: 1'
c1 rule: 'v2: 0', 'v5: 0', 'v9: 0', not 'v13: 0' => 'v1: 1'
c1 rule: 'v5: 0', 'v8: 0', not 'v3: 0', not 'v14: 0' => 'v1: 1'
c1 rule: 'v4: 0', 'v8: 0', 'v13: 0', not 'v5: 0' => 'v1: 1'
c1 rule: 'v7: 0', 'v10: 0', not 'v4: 0', not 'v8: 0' => 'v1: 1'
c1 rule: 'v4: 0', 'v8: 0', 'v11: 0', not 'v10: 0' => 'v1: 1'
c1 rule: 'v16: 0', 'v4: 0', 'v8: 0', not 'v7: 0' => 'v1: 1'
c1 rule: 'v16: 0', 'v4: 0', not 'v5: 0', not 'v7: 0' => 'v1: 1'
c1 rule: 'v14: 0', not 'v2: 0', not 'v9: 0', not 'v12: 0' => 'v1: 1'
c1 rule: 'v3: 0', 'v13: 0', 'v15: 0', not 'v8: 0' => 'v1: 1'
c1 rule: 'v6: 0', 'v15: 0', not 'v3: 0', not 'v13: 0' => 'v1: 1'
c1 rule: 'v6: 0', 'v14: 0', 'v15: 0', not 'v10: 0' => 'v1: 1'
c1 rule: 'v6: 0', 'v14: 0', 'v15: 0', not 'v16: 0' => 'v1: 1'
c1 rule: 'v2: 0', 'v10: 0', not 'v4: 0', not 'v8: 0' => 'v1: 1'
c1 rule: 'v6: 0', not 'v2: 0', not 'v9: 0', not 'v13: 0' => 'v1: 1'
c1 rule: 'v6: 0', 'v10: 0', not 'v2: 0', not 'v7: 0' => 'v1: 1'
c1 rule: 'v6: 0', 'v10: 0', 'v14: 0', not 'v2: 0' => 'v1: 1'
c1 rule: 'v6: 0', 'v10: 0', 'v14: 0', not 'v13: 0' => 'v1: 1'
c1 rule: 'v9: 0', 'v13: 0', not 'v7: 0', not 'v11: 0' => 'v1: 1'
c1 rule: 'v16: 0', 'v3: 0', not 'v5: 0', not 'v15: 0' => 'v1: 1'
c1 rule: 'v3: 0', 'v6: 0', not 'v4: 0', not 'v15: 0' => 'v1: 1'
c1 rule: 'v2: 0', 'v7: 0', 'v9: 0', 'v12: 0', not 'v4: 0' => 'v1: 1'
c1 rule: 'v2: 0', 'v7: 0', not 'v16: 0', not 'v8: 0', not 'v13: 0' => 'v1: 1'
c1 rule: 'v16: 0', 'v3: 0', 'v4: 0', not 'v5: 0', not 'v12: 0' => 'v1: 1'
c1 rule: 'v3: 0', 'v5: 0', not 'v16: 0', not 'v6: 0', not 'v10: 0' => 'v1: 1'
c1 rule: 'v2: 0', 'v3: 0', 'v5: 0', 'v13: 0', not 'v10: 0' => 'v1: 1'
c1 rule: 'v9: 0', 'v11: 0', 'v12: 0', not 'v7: 0', not 'v13: 0' => 'v1: 1'
c1 rule: 'v12: 0', not 'v11: 0', not 'v13: 0', not 'v14: 0', not 'v15: 0' => 'v1: 1'
c1 rule: 'v13: 0', not 'v6: 0', not 'v10: 0', not 'v11: 0', not 'v14: 0' => 'v1: 1'
c1 rule: 'v5: 0', 'v10: 0', 'v11: 0', not 'v2: 0', not 'v15: 0' => 'v1: 1'
c1 rule: 'v3: 0', 'v10: 0', 'v12: 0', 'v15: 0', not 'v11: 0' => 'v1: 1'
c1 # of rules: 36
c1 rule time: 0.0696

c2 total rules: 88

c0 computing feature 3
c1 computing class: 0
c1 discrimination constraints: 125h
c1 coverage constraints: 125v+2001h
c1 formula: 159v, 2177c (2143h+34s)
c1 enumerating rules (maxsat-based)
c1 rule: 'v7: 0', 'v11: 0', not 'v9: 0' => 'v2: 0'
c1 rule: 'v4: 0', 'v13: 0', not 'v12: 0' => 'v2: 0'
c1 rule: 'v3: 0', 'v11: 0', not 'v8: 0' => 'v2: 0'
c1 rule: 'v1: 0', 'v6: 0', not 'v12: 0' => 'v2: 0'
c1 rule: 'v5: 0', 'v6: 0', 'v8: 0' => 'v2: 0'
c1 rule: 'v1: 0', 'v6: 0', 'v13: 0', 'v15: 0' => 'v2: 0'
c1 rule: 'v11: 0', 'v13: 0', not 'v9: 0', not 'v14: 0' => 'v2: 0'
c1 rule: 'v4: 0', 'v11: 0', not 'v5: 0', not 'v7: 0' => 'v2: 0'
c1 rule: 'v5: 0', 'v10: 0', 'v11: 0', not 'v13: 0' => 'v2: 0'
c1 rule: 'v3: 0', not 'v7: 0', not 'v10: 0', not 'v13: 0' => 'v2: 0'
c1 rule: 'v3: 0', 'v4: 0', 'v11: 0', not 'v1: 0' => 'v2: 0'
c1 rule: 'v3: 0', 'v4: 0', not 'v6: 0', not 'v8: 0' => 'v2: 0'
c1 rule: 'v16: 0', 'v1: 0', 'v4: 0', 'v11: 0' => 'v2: 0'
c1 rule: 'v5: 0', 'v9: 0', not 'v14: 0', not 'v15: 0' => 'v2: 0'
c1 rule: 'v16: 0', 'v1: 0', not 'v5: 0', not 'v8: 0' => 'v2: 0'
c1 rule: 'v4: 0', 'v7: 0', not 'v16: 0', not 'v11: 0', not 'v12: 0' => 'v2: 0'
c1 rule: 'v5: 0', 'v15: 0', not 'v16: 0', not 'v13: 0', not 'v14: 0' => 'v2: 0'
c1 rule: 'v1: 0', 'v5: 0', 'v15: 0', not 'v9: 0', not 'v13: 0' => 'v2: 0'
c1 rule: 'v11: 0', 'v14: 0', not 'v6: 0', not 'v9: 0', not 'v13: 0' => 'v2: 0'
c1 rule: 'v9: 0', 'v10: 0', 'v14: 0', 'v15: 0', not 'v7: 0' => 'v2: 0'
c1 # of rules: 20
c1 rule time: 0.0576

c1 computing class: 1
c1 discrimination constraints: 125h
c1 coverage constraints: 125v+2001h
c1 formula: 159v, 2177c (2143h+34s)
c1 enumerating rules (maxsat-based)
c1 rule: 'v14: 0', not 'v5: 0', not 'v13: 0' => 'v2: 1'
c1 rule: 'v6: 0', 'v7: 0', not 'v11: 0' => 'v2: 1'
c1 rule: not 'v4: 0', not 'v10: 0', not 'v11: 0' => 'v2: 1'
c1 rule: not 'v3: 0', not 'v4: 0', not 'v11: 0' => 'v2: 1'
c1 rule: 'v13: 0', not 'v4: 0', not 'v11: 0' => 'v2: 1'
c1 rule: 'v12: 0', not 'v4: 0', not 'v11: 0' => 'v2: 1'
c1 rule: not 'v4: 0', not 'v7: 0', not 'v11: 0' => 'v2: 1'
c1 rule: 'v16: 0', not 'v3: 0', not 'v12: 0', not 'v13: 0' => 'v2: 1'
c1 rule: 'v4: 0', 'v11: 0', not 'v5: 0', not 'v15: 0' => 'v2: 1'
c1 rule: 'v7: 0', not 'v1: 0', not 'v13: 0', not 'v15: 0' => 'v2: 1'
c1 rule: not 'v5: 0', not 'v7: 0', not 'v11: 0', not 'v12: 0' => 'v2: 1'
c1 rule: 'v7: 0', 'v12: 0', not 'v11: 0', not 'v13: 0' => 'v2: 1'
c1 rule: 'v6: 0', 'v10: 0', 'v15: 0', not 'v11: 0' => 'v2: 1'
c1 rule: 'v1: 0', 'v14: 0', not 'v16: 0', not 'v5: 0' => 'v2: 1'
c1 rule: 'v8: 0', not 'v7: 0', not 'v9: 0', not 'v12: 0' => 'v2: 1'
c1 rule: 'v4: 0', 'v7: 0', 'v11: 0', not 'v5: 0', not 'v12: 0' => 'v2: 1'
c1 rule: 'v10: 0', 'v15: 0', not 'v16: 0', not 'v6: 0', not 'v9: 0' => 'v2: 1'
c1 rule: 'v4: 0', 'v11: 0', not 'v6: 0', not 'v13: 0', not 'v15: 0' => 'v2: 1'
c1 rule: 'v1: 0', 'v3: 0', 'v10: 0', not 'v4: 0', not 'v7: 0' => 'v2: 1'
c1 rule: 'v7: 0', 'v9: 0', 'v15: 0', not 'v3: 0', not 'v4: 0' => 'v2: 1'
c1 rule: 'v6: 0', 'v9: 0', not 'v3: 0', not 'v10: 0', not 'v15: 0' => 'v2: 1'
c1 rule: 'v6: 0', 'v14: 0', 'v15: 0', not 'v9: 0', not 'v11: 0' => 'v2: 1'
c1 # of rules: 22
c1 rule time: 0.0478

c2 total rules: 42

c0 computing feature 4
c1 computing class: 0
c1 discrimination constraints: 160h
c1 coverage constraints: 90v+1441h
c1 formula: 124v, 1652c (1618h+34s)
c1 enumerating rules (maxsat-based)
c1 rule: 'v6: 0', 'v7: 0', 'v15: 0' => 'v3: 0'
c1 rule: not 'v4: 0', not 'v7: 0', not 'v11: 0' => 'v3: 0'
c1 rule: 'v14: 0', 'v15: 0', not 'v4: 0' => 'v3: 0'
c1 rule: 'v15: 0', not 'v1: 0', not 'v4: 0', not 'v9: 0' => 'v3: 0'
c1 rule: 'v4: 0', 'v11: 0', not 'v5: 0', not 'v12: 0' => 'v3: 0'
c1 rule: 'v8: 0', 'v13: 0', 'v15: 0', not 'v10: 0' => 'v3: 0'
c1 rule: 'v10: 0', 'v12: 0', 'v15: 0', not 'v4: 0' => 'v3: 0'
c1 rule: 'v16: 0', 'v2: 0', 'v8: 0', 'v13: 0' => 'v3: 0'
c1 rule: 'v1: 0', 'v8: 0', 'v13: 0', not 'v16: 0' => 'v3: 0'
c1 rule: 'v1: 0', 'v10: 0', not 'v4: 0', not 'v11: 0', not 'v13: 0' => 'v3: 0'
c1 rule: 'v10: 0', 'v11: 0', not 'v1: 0', not 'v4: 0', not 'v6: 0' => 'v3: 0'
c1 rule: 'v8: 0', 'v9: 0', 'v15: 0', not 'v7: 0', not 'v10: 0' => 'v3: 0'
c1 rule: 'v2: 0', 'v15: 0', not 'v5: 0', not 'v8: 0', not 'v13: 0' => 'v3: 0'
c1 rule: 'v9: 0', not 'v16: 0', not 'v4: 0', not 'v10: 0', not 'v11: 0' => 'v3: 0'
c1 rule: 'v16: 0', 'v15: 0', not 'v4: 0', not 'v10: 0', not 'v12: 0' => 'v3: 0'
c1 # of rules: 15
c1 rule time: 0.0386

c1 computing class: 1
c1 discrimination constraints: 90h
c1 coverage constraints: 160v+2561h
c1 formula: 194v, 2702c (2668h+34s)
c1 enumerating rules (maxsat-based)
c1 rule: 'v5: 0', 'v9: 0', not 'v15: 0' => 'v3: 1'
c1 rule: not 'v5: 0', not 'v9: 0', not 'v15: 0' => 'v3: 1'
c1 rule: 'v2: 0', 'v6: 0', not 'v11: 0' => 'v3: 1'
c1 rule: 'v14: 0', 'v15: 0', not 'v7: 0' => 'v3: 1'
c1 rule: 'v13: 0', not 'v9: 0', not 'v12: 0' => 'v3: 1'
c1 rule: 'v7: 0', not 'v10: 0', not 'v15: 0' => 'v3: 1'
c1 rule: 'v2: 0', 'v14: 0', not 'v11: 0' => 'v3: 1'
c1 rule: 'v6: 0', not 'v2: 0', not 'v12: 0' => 'v3: 1'
c1 rule: 'v2: 0', 'v6: 0', 'v10: 0', not 'v15: 0' => 'v3: 1'
c1 rule: 'v6: 0', 'v10: 0', not 'v16: 0', not 'v15: 0' => 'v3: 1'
c1 rule: 'v16: 0', 'v13: 0', not 'v9: 0', not 'v14: 0' => 'v3: 1'
c1 rule: 'v12: 0', not 'v4: 0', not 'v10: 0', not 'v11: 0' => 'v3: 1'
c1 rule: 'v9: 0', 'v12: 0', not 'v11: 0', not 'v15: 0' => 'v3: 1'
c1 rule: 'v13: 0', 'v15: 0', not 'v6: 0', not 'v9: 0' => 'v3: 1'
c1 rule: 'v10: 0', 'v12: 0', not 'v5: 0', not 'v7: 0' => 'v3: 1'
c1 rule: 'v2: 0', 'v10: 0', 'v12: 0', not 'v13: 0' => 'v3: 1'
c1 rule: 'v4: 0', not 'v2: 0', not 'v7: 0', not 'v13: 0' => 'v3: 1'
c1 rule: 'v4: 0', 'v6: 0', not 'v1: 0', not 'v14: 0', not 'v15: 0' => 'v3: 1'
c1 # of rules: 18
c1 rule time: 0.0401

c2 total rules: 33

c0 computing feature 5
c1 computing class: 0
c1 discrimination constraints: 84h
c1 coverage constraints: 166v+2657h
c1 formula: 200v, 2792c (2758h+34s)
c1 enumerating rules (maxsat-based)
c1 rule: 'v6: 0', not 'v11: 0', not 'v13: 0' => 'v4: 0'
c1 rule: 'v7: 0', 'v9: 0', not 'v3: 0', not 'v8: 0' => 'v4: 0'
c1 rule: 'v7: 0', 'v12: 0', not 'v6: 0', not 'v8: 0' => 'v4: 0'
c1 rule: 'v3: 0', not 'v1: 0', not 'v8: 0', not 'v10: 0' => 'v4: 0'
c1 rule: 'v2: 0', 'v6: 0', 'v15: 0', not 'v3: 0' => 'v4: 0'
c1 rule: 'v5: 0', 'v12: 0', 'v15: 0', not 'v6: 0' => 'v4: 0'
c1 rule: 'v5: 0', 'v12: 0', not 'v6: 0', not 'v14: 0' => 'v4: 0'
c1 rule: 'v3: 0', 'v11: 0', not 'v13: 0', not 'v15: 0' => 'v4: 0'
c1 # of rules: 8
c1 rule time: 0.0263

c1 computing class: 1
c1 discrimination constraints: 166h
c1 coverage constraints: 84v+1345h
c1 formula: 118v, 1562c (1528h+34s)
c1 enumerating rules (maxsat-based)
c1 rule: 'v14: 0', not 'v5: 0', not 'v12: 0' => 'v4: 1'
c1 rule: 'v3: 0', not 'v5: 0', not 'v9: 0' => 'v4: 1'
c1 rule: 'v3: 0', 'v15: 0', not 'v8: 0', not 'v11: 0' => 'v4: 1'
c1 rule: 'v6: 0', 'v7: 0', not 'v10: 0', not 'v14: 0' => 'v4: 1'
c1 rule: 'v2: 0', 'v6: 0', 'v15: 0', not 'v13: 0' => 'v4: 1'
c1 rule: 'v3: 0', 'v11: 0', 'v12: 0', not 'v2: 0' => 'v4: 1'
c1 rule: 'v16: 0', 'v1: 0', not 'v5: 0', not 'v15: 0' => 'v4: 1'
c1 rule: 'v16: 0', 'v3: 0', 'v10: 0', 'v15: 0', not 'v2: 0' => 'v4: 1'
c1 rule: 'v3: 0', not 'v16: 0', not 'v1: 0', not 'v6: 0', not 'v13: 0' => 'v4: 1'
c1 # of rules: 9
c1 rule time: 0.0196

c2 total rules: 17

c0 computing feature 6
c1 computing class: 0
c1 discrimination constraints: 116h
c1 coverage constraints: 134v+2145h
c1 formula: 168v, 2312c (2278h+34s)
c1 enumerating rules (maxsat-based)
c1 rule: 'v13: 0', not 'v9: 0', not 'v12: 0' => 'v5: 0'
c1 rule: 'v3: 0', 'v12: 0', not 'v8: 0' => 'v5: 0'
c1 rule: 'v6: 0', not 'v8: 0', not 'v15: 0' => 'v5: 0'
c1 rule: 'v13: 0', not 'v6: 0', not 'v7: 0', not 'v9: 0' => 'v5: 0'
c1 rule: 'v1: 0', 'v13: 0', not 'v6: 0', not 'v9: 0' => 'v5: 0'
c1 rule: 'v1: 0', 'v4: 0', not 'v9: 0', not 'v10: 0' => 'v5: 0'
c1 rule: 'v14: 0', 'v15: 0', not 'v3: 0', not 'v13: 0' => 'v5: 0'
c1 # of rules: 7
c1 rule time: 0.0200

c1 computing class: 1
c1 discrimination constraints: 134h
c1 coverage constraints: 116v+1857h
c1 formula: 150v, 2042c (2008h+34s)
c1 enumerating rules (maxsat-based)
c1 rule: not 'v3: 0', not 'v4: 0', not 'v13: 0' => 'v5: 1'
c1 rule: 'v10: 0', not 'v2: 0', not 'v12: 0' => 'v5: 1'
c1 rule: 'v9: 0', not 'v4: 0', not 'v11: 0' => 'v5: 1'
c1 rule: 'v6: 0', not 'v4: 0', not 'v12: 0' => 'v5: 1'
c1 rule: 'v4: 0', 'v8: 0', 'v15: 0', not 'v10: 0' => 'v5: 1'
c1 rule: 'v1: 0', 'v9: 0', 'v10: 0', not 'v15: 0' => 'v5: 1'
c1 rule: 'v9: 0', 'v10: 0', not 'v6: 0', not 'v15: 0' => 'v5: 1'
c1 rule: 'v7: 0', 'v11: 0', 'v13: 0', not 'v2: 0' => 'v5: 1'
c1 rule: 'v1: 0', 'v10: 0', 'v15: 0', not 'v3: 0', not 'v14: 0' => 'v5: 1'
c1 # of rules: 9
c1 rule time: 0.0224

c2 total rules: 16

c0 computing feature 7
c1 computing class: 0
c1 discrimination constraints: 164h
c1 coverage constraints: 86v+1377h
c1 formula: 120v, 1592c (1558h+34s)
c1 enumerating rules (maxsat-based)
c1 rule: 'v2: 0', 'v5: 0', 'v8: 0', not 'v10: 0' => 'v6: 0'
c1 rule: 'v5: 0', 'v8: 0', 'v11: 0', 'v13: 0' => 'v6: 0'
c1 rule: 'v3: 0', 'v9: 0', not 'v8: 0', not 'v10: 0' => 'v6: 0'
c1 rule: 'v8: 0', 'v14: 0', not 'v13: 0', not 'v15: 0' => 'v6: 0'
c1 rule: 'v7: 0', 'v13: 0', not 'v9: 0', not 'v15: 0' => 'v6: 0'
c1 rule: 'v1: 0', 'v5: 0', 'v10: 0', 'v11: 0', not 'v14: 0' => 'v6: 0'
c1 rule: 'v2: 0', 'v10: 0', 'v13: 0', not 'v16: 0', not 'v4: 0' => 'v6: 0'
c1 rule: 'v2: 0', 'v7: 0', 'v10: 0', 'v13: 0', not 'v4: 0' => 'v6: 0'
c1 # of rules: 8
c1 rule time: 0.0276

c1 computing class: 1
c1 discrimination constraints: 86h
c1 coverage constraints: 164v+2625h
c1 formula: 198v, 2762c (2728h+34s)
c1 enumerating rules (maxsat-based)
c1 rule: 'v14: 0', 'v15: 0', not 'v12: 0' => 'v6: 1'
c1 rule: 'v7: 0', 'v15: 0', not 'v8: 0' => 'v6: 1'
c1 rule: 'v7: 0', not 'v8: 0', not 'v13: 0' => 'v6: 1'
c1 rule: 'v7: 0', 'v15: 0', not 'v16: 0', not 'v10: 0' => 'v6: 1'
c1 rule: 'v8: 0', not 'v16: 0', not 'v10: 0', not 'v12: 0' => 'v6: 1'
c1 rule: 'v2: 0', 'v10: 0', not 'v11: 0', not 'v14: 0' => 'v6: 1'
c1 # of rules: 6
c1 rule time: 0.0341

c2 total rules: 14

c0 computing feature 8
c1 computing class: 0
c1 discrimination constraints: 146h
c1 coverage constraints: 104v+1665h
c1 formula: 138v, 1862c (1828h+34s)
c1 enumerating rules (maxsat-based)
c1 rule: 'v8: 0', not 'v12: 0', not 'v15: 0' => 'v7: 0'
c1 rule: 'v16: 0', 'v8: 0', 'v10: 0', not 'v9: 0' => 'v7: 0'
c1 rule: 'v5: 0', 'v10: 0', not 'v13: 0', not 'v14: 0' => 'v7: 0'
c1 rule: 'v3: 0', 'v9: 0', not 'v16: 0', not 'v1: 0', not 'v8: 0' => 'v7: 0'
c1 rule: 'v4: 0', 'v10: 0', not 'v6: 0', not 'v9: 0', not 'v13: 0' => 'v7: 0'
c1 rule: 'v4: 0', 'v9: 0', not 'v1: 0', not 'v2: 0', not 'v13: 0' => 'v7: 0'
c1 rule: 'v5: 0', 'v11: 0', not 'v1: 0', not 'v13: 0', not 'v14: 0' => 'v7: 0'
c1 # of rules: 7
c1 rule time: 0.0263

c1 computing class: 1
c1 discrimination constraints: 104h
c1 coverage constraints: 146v+2337h
c1 formula: 180v, 2492c (2458h+34s)
c1 enumerating rules (maxsat-based)
c1 rule: 'v14: 0', not 'v3: 0', not 'v4: 0' => 'v7: 1'
c1 rule: 'v2: 0', not 'v16: 0', not 'v9: 0', not 'v11: 0' => 'v7: 1'
c1 rule: 'v2: 0', 'v12: 0', not 'v11: 0', not 'v14: 0' => 'v7: 1'
c1 # of rules: 3
c1 rule time: 0.0245

c2 total rules: 10

c0 computing feature 9
c1 computing class: 0
c1 discrimination constraints: 152h
c1 coverage constraints: 98v+1569h
c1 formula: 132v, 1772c (1738h+34s)
c1 enumerating rules (maxsat-based)
c1 rule: 'v3: 0', 'v4: 0', not 'v5: 0' => 'v8: 0'
c1 rule: 'v4: 0', not 'v5: 0', not 'v12: 0' => 'v8: 0'
c1 rule: 'v9: 0', 'v15: 0', not 'v2: 0', not 'v12: 0' => 'v8: 0'
c1 rule: 'v11: 0', not 'v2: 0', not 'v10: 0', not 'v12: 0' => 'v8: 0'
c1 # of rules: 4
c1 rule time: 0.0137

c1 computing class: 1
c1 discrimination constraints: 98h
c1 coverage constraints: 152v+2433h
c1 formula: 186v, 2582c (2548h+34s)
c1 enumerating rules (maxsat-based)
c1 rule: 'v6: 0', 'v10: 0', 'v14: 0' => 'v8: 1'
c1 rule: not 'v9: 0', not 'v11: 0', not 'v12: 0' => 'v8: 1'
c1 rule: 'v10: 0', not 'v9: 0', not 'v12: 0' => 'v8: 1'
c1 rule: 'v4: 0', 'v11: 0', not 'v1: 0', not 'v2: 0', not 'v13: 0' => 'v8: 1'
c1 # of rules: 4
c1 rule time: 0.0205

c2 total rules: 8

c0 computing feature 10
c1 computing class: 0
c1 discrimination constraints: 126h
c1 coverage constraints: 124v+1985h
c1 formula: 158v, 2162c (2128h+34s)
c1 enumerating rules (maxsat-based)
c1 rule: 'v16: 0', 'v5: 0', 'v8: 0' => 'v9: 0'
c1 rule: 'v8: 0', not 'v12: 0', not 'v15: 0' => 'v9: 0'
c1 rule: 'v8: 0', 'v15: 0', not 'v10: 0', not 'v11: 0' => 'v9: 0'
c1 rule: 'v16: 0', not 'v1: 0', not 'v6: 0', not 'v11: 0', not 'v15: 0' => 'v9: 0'
c1 # of rules: 4
c1 rule time: 0.0210

c1 computing class: 1
c1 discrimination constraints: 124h
c1 coverage constraints: 126v+2017h
c1 formula: 160v, 2192c (2158h+34s)
c1 enumerating rules (maxsat-based)
c1 rule: 'v5: 0', not 'v12: 0', not 'v15: 0' => 'v9: 1'
c1 rule: 'v1: 0', 'v6: 0', 'v13: 0', not 'v10: 0' => 'v9: 1'
c1 rule: 'v13: 0', not 'v11: 0', not 'v14: 0', not 'v15: 0' => 'v9: 1'
c1 rule: 'v7: 0', 'v13: 0', not 'v8: 0', not 'v14: 0' => 'v9: 1'
c1 rule: 'v16: 0', not 'v8: 0', not 'v13: 0', not 'v15: 0' => 'v9: 1'
c1 rule: 'v1: 0', 'v5: 0', not 'v13: 0', not 'v15: 0' => 'v9: 1'
c1 rule: 'v10: 0', 'v11: 0', not 'v8: 0', not 'v15: 0' => 'v9: 1'
c1 rule: 'v1: 0', not 'v3: 0', not 'v8: 0', not 'v12: 0' => 'v9: 1'
c1 rule: 'v2: 0', 'v14: 0', not 'v16: 0', not 'v1: 0', not 'v10: 0' => 'v9: 1'
c1 # of rules: 9
c1 rule time: 0.0262

c2 total rules: 13

c0 computing feature 11
c1 computing class: 0
c1 discrimination constraints: 132h
c1 coverage constraints: 118v+1889h
c1 formula: 152v, 2072c (2038h+34s)
c1 enumerating rules (maxsat-based)
c1 rule: 'v12: 0', 'v14: 0', not 'v4: 0' => 'v10: 0'
c1 rule: 'v12: 0', 'v13: 0', not 'v2: 0', not 'v4: 0' => 'v10: 0'
c1 rule: 'v1: 0', 'v4: 0', 'v13: 0', not 'v5: 0' => 'v10: 0'
c1 rule: 'v1: 0', 'v14: 0', not 'v5: 0', not 'v8: 0' => 'v10: 0'
c1 rule: 'v8: 0', not 'v1: 0', not 'v13: 0', not 'v15: 0' => 'v10: 0'
c1 rule: 'v2: 0', 'v4: 0', 'v9: 0', 'v11: 0', 'v15: 0' => 'v10: 0'
c1 rule: 'v4: 0', not 'v16: 0', not 'v6: 0', not 'v12: 0', not 'v15: 0' => 'v10: 0'
c1 # of rules: 7
c1 rule time: 0.0367

c1 computing class: 1
c1 discrimination constraints: 118h
c1 coverage constraints: 132v+2113h
c1 formula: 166v, 2282c (2248h+34s)
c1 enumerating rules (maxsat-based)
c1 rule: 'v14: 0', not 'v12: 0', not 'v15: 0' => 'v10: 1'
c1 rule: 'v14: 0', not 'v11: 0', not 'v12: 0' => 'v10: 1'
c1 rule: 'v13: 0', 'v15: 0', not 'v9: 0', not 'v12: 0' => 'v10: 1'
c1 rule: 'v12: 0', 'v15: 0', not 'v7: 0', not 'v13: 0' => 'v10: 1'
c1 rule: 'v3: 0', 'v4: 0', 'v6: 0', not 'v7: 0' => 'v10: 1'
c1 rule: 'v4: 0', 'v7: 0', not 'v3: 0', not 'v12: 0' => 'v10: 1'
c1 rule: 'v11: 0', 'v13: 0', not 'v2: 0', not 'v12: 0', not 'v14: 0' => 'v10: 1'
c1 # of rules: 7
c1 rule time: 0.0384

c2 total rules: 14

c0 computing feature 12
c1 computing class: 0
c1 discrimination constraints: 107h
c1 coverage constraints: 143v+2289h
c1 formula: 177v, 2447c (2413h+34s)
c1 enumerating rules (maxsat-based)
c1 rule: 'v13: 0', 'v14: 0', not 'v12: 0' => 'v11: 0'
c1 rule: 'v2: 0', 'v14: 0', not 'v13: 0' => 'v11: 0'
c1 rule: 'v8: 0', 'v14: 0', 'v15: 0', not 'v1: 0' => 'v11: 0'
c1 rule: 'v10: 0', not 'v1: 0', not 'v7: 0', not 'v12: 0' => 'v11: 0'
c1 rule: 'v6: 0', not 'v1: 0', not 'v13: 0', not 'v15: 0' => 'v11: 0'
c1 # of rules: 5
c1 rule time: 0.0385

c1 computing class: 1
c1 discrimination constraints: 143h
c1 coverage constraints: 107v+1713h
c1 formula: 141v, 1907c (1873h+34s)
c1 enumerating rules (maxsat-based)
c1 rule: 'v4: 0', 'v8: 0', 'v13: 0', not 'v7: 0' => 'v11: 1'
c1 # of rules: 1
c1 rule time: 0.0225

c2 total rules: 6

c0 computing feature 13
c1 computing class: 0
c1 discrimination constraints: 85h
c1 coverage constraints: 165v+2641h
c1 formula: 199v, 2777c (2743h+34s)
c1 enumerating rules (maxsat-based)
c1 rule: 'v1: 0', 'v14: 0', not 'v15: 0' => 'v12: 0'
c1 rule: 'v6: 0', not 'v9: 0', not 'v11: 0' => 'v12: 0'
c1 rule: 'v1: 0', 'v5: 0', not 'v3: 0', not 'v13: 0' => 'v12: 0'
c1 rule: 'v2: 0', 'v14: 0', not 'v10: 0', not 'v13: 0' => 'v12: 0'
c1 rule: 'v6: 0', not 'v3: 0', not 'v9: 0', not 'v14: 0' => 'v12: 0'
c1 # of rules: 5
c1 rule time: 0.0313

c1 computing class: 1
c1 discrimination constraints: 165h
c1 coverage constraints: 85v+1361h
c1 formula: 119v, 1577c (1543h+34s)
c1 enumerating rules (maxsat-based)
c1 rule: 'v3: 0', not 'v13: 0', not 'v14: 0', not 'v15: 0' => 'v12: 1'
c1 rule: not 'v5: 0', not 'v8: 0', not 'v9: 0', not 'v15: 0' => 'v12: 1'
c1 rule: not 'v4: 0', not 'v6: 0', not 'v9: 0', not 'v10: 0' => 'v12: 1'
c1 rule: 'v8: 0', not 'v16: 0', not 'v3: 0', not 'v4: 0' => 'v12: 1'
c1 rule: 'v3: 0', 'v13: 0', 'v14: 0', 'v15: 0' => 'v12: 1'
c1 # of rules: 5
c1 rule time: 0.0183

c2 total rules: 10

c0 computing feature 14
c1 computing class: 0
c1 discrimination constraints: 116h
c1 coverage constraints: 134v+2145h
c1 formula: 168v, 2312c (2278h+34s)
c1 enumerating rules (maxsat-based)
c1 rule: not 'v1: 0', not 'v4: 0', not 'v15: 0' => 'v13: 0'
c1 # of rules: 1
c1 rule time: 0.0249

c1 computing class: 1
c1 discrimination constraints: 134h
c1 coverage constraints: 116v+1857h
c1 formula: 150v, 2042c (2008h+34s)
c1 enumerating rules (maxsat-based)
c1 rule: 'v16: 0', 'v1: 0', 'v5: 0', not 'v2: 0', not 'v15: 0' => 'v13: 1'
c1 # of rules: 1
c1 rule time: 0.0200

c2 total rules: 2

c0 computing feature 15
c1 computing class: 0
c1 discrimination constraints: 145h
c1 coverage constraints: 105v+1681h
c1 formula: 139v, 1877c (1843h+34s)
c1 enumerating rules (maxsat-based)
c1 rule: 'v8: 0', 'v12: 0', not 'v2: 0', not 'v7: 0' => 'v14: 0'
c1 rule: 'v6: 0', not 'v3: 0', not 'v10: 0', not 'v13: 0' => 'v14: 0'
c1 rule: 'v2: 0', 'v7: 0', 'v10: 0', not 'v16: 0', not 'v3: 0' => 'v14: 0'
c1 rule: 'v4: 0', 'v15: 0', not 'v16: 0', not 'v2: 0', not 'v9: 0' => 'v14: 0'
c1 rule: 'v2: 0', 'v5: 0', 'v10: 0', 'v15: 0', not 'v16: 0' => 'v14: 0'
c1 # of rules: 5
c1 rule time: 0.0250

c1 computing class: 1
c1 discrimination constraints: 105h
c1 coverage constraints: 145v+2321h
c1 formula: 179v, 2477c (2443h+34s)
c1 enumerating rules (maxsat-based)
c1 rule: 'v5: 0', 'v7: 0', 'v15: 0', not 'v10: 0' => 'v14: 1'
c1 rule: 'v5: 0', 'v9: 0', not 'v10: 0', not 'v13: 0' => 'v14: 1'
c1 rule: not 'v1: 0', not 'v6: 0', not 'v10: 0', not 'v13: 0', not 'v15: 0' => 'v14: 1'
c1 # of rules: 3
c1 rule time: 0.0284

c2 total rules: 8

c0 computing feature 16
c1 computing class: 0
c1 discrimination constraints: 104h
c1 coverage constraints: 146v+2337h
c1 formula: 180v, 2492c (2458h+34s)
c1 enumerating rules (maxsat-based)
c1 rule: 'v2: 0', not 'v4: 0', not 'v11: 0' => 'v15: 0'
c1 rule: 'v2: 0', not 'v16: 0', not 'v11: 0', not 'v12: 0' => 'v15: 0'
c1 rule: 'v1: 0', 'v13: 0', not 'v5: 0', not 'v8: 0' => 'v15: 0'
c1 # of rules: 3
c1 rule time: 0.0305

c1 computing class: 1
c1 discrimination constraints: 146h
c1 coverage constraints: 104v+1665h
c1 formula: 138v, 1862c (1828h+34s)
c1 enumerating rules (maxsat-based)
c1 rule: 'v2: 0', not 'v1: 0', not 'v3: 0', not 'v4: 0' => 'v15: 1'
c1 rule: 'v8: 0', 'v13: 0', not 'v1: 0', not 'v4: 0' => 'v15: 1'
c1 rule: 'v8: 0', 'v11: 0', 'v13: 0', not 'v6: 0', not 'v7: 0' => 'v15: 1'
c1 # of rules: 3
c1 rule time: 0.0297

c2 total rules: 6
c3 total time: 1.5393

Rules are saved to ../rules/size/q6_house-votes-84_train5.csv_size5.json