c0 # of samps: 276 (230 weighted)
c0 # of feats: 6 (30 binary)
c0 # of labls: 2
c0 parse time: 0.2770


c0 computing feature 1
c1 computing class: (-inf..83.0]
c1 discrimination constraints: 194h
c1 coverage constraints: 17v+443h
c1 formula: 77v, 727c (667h+60s)
c1 enumerating rules (maxsat-based)
c1 rule: 'Gammagt: (64.8..105.2]', 'Drinks: (2.0..5.0]', not 'Sgpt: (-inf..20.2]' => 'Mcv: (-inf..83.0]'
c1 rule: 'Sgpt: (-inf..20.2]', 'Gammagt: (64.8..105.2]', 'Drinks: (-inf..2.0]' => 'Mcv: (-inf..83.0]'
c1 rule: 'Sgpt: (20.2..33.4]', 'Gammagt: (105.2..+inf)', 'Drinks: (-inf..2.0]' => 'Mcv: (-inf..83.0]'
c1 rule: 'Alkphos: (65.8..81.2]', 'Sgot: (27.4..36.6]', 'Gammagt: (42.2..64.8]' => 'Mcv: (-inf..83.0]'
c1 rule: 'Sgot: (36.6..48.8]', 'Gammagt: (42.2..64.8]', not 'Sgpt: (47.6..67.8]' => 'Mcv: (-inf..83.0]'
c1 rule: 'Alkphos: (50.4..65.8]', 'Sgpt: (-inf..20.2]', not 'Gammagt: (-inf..23.6]', not 'Drinks: (2.0..5.0]' => 'Mcv: (-inf..83.0]'
c1 # of rules: 6
c1 rule time: 0.0083

c1 computing class: (83.0..88.0]
c1 discrimination constraints: 157h
c1 coverage constraints: 54v+1405h
c1 formula: 114v, 1652c (1592h+60s)
c1 enumerating rules (maxsat-based)
c1 rule: 'Alkphos: (50.4..65.8]', 'Gammagt: (105.2..+inf)' => 'Mcv: (83.0..88.0]'
c1 rule: 'Sgpt: (-inf..20.2]', 'Drinks: (8.0..12.0]' => 'Mcv: (83.0..88.0]'
c1 rule: 'Sgpt: (20.2..33.4]', 'Sgot: (48.8..+inf)' => 'Mcv: (83.0..88.0]'
c1 rule: 'Sgot: (27.4..36.6]', 'Gammagt: (-inf..23.6]', 'Drinks: (5.0..8.0]' => 'Mcv: (83.0..88.0]'
c1 rule: 'Alkphos: (50.4..65.8]', 'Sgpt: (-inf..20.2]', 'Gammagt: (23.6..42.2]' => 'Mcv: (83.0..88.0]'
c1 rule: 'Alkphos: (81.2..96.6]', 'Sgpt: (20.2..33.4]', 'Drinks: (2.0..5.0]' => 'Mcv: (83.0..88.0]'
c1 rule: 'Sgpt: (20.2..33.4]', 'Sgot: (-inf..18.2]', 'Gammagt: (42.2..64.8]' => 'Mcv: (83.0..88.0]'
c1 rule: 'Sgot: (36.6..48.8]', 'Gammagt: (42.2..64.8]', 'Drinks: (8.0..12.0]' => 'Mcv: (83.0..88.0]'
c1 rule: 'Alkphos: (65.8..81.2]', 'Sgpt: (33.4..47.6]', 'Gammagt: (-inf..23.6]' => 'Mcv: (83.0..88.0]'
c1 rule: 'Sgpt: (67.8..+inf)', 'Sgot: (18.2..27.4]', 'Drinks: (-inf..2.0]' => 'Mcv: (83.0..88.0]'
c1 rule: 'Sgpt: (-inf..20.2]', 'Gammagt: (23.6..42.2]', 'Drinks: (5.0..8.0]' => 'Mcv: (83.0..88.0]'
c1 rule: 'Alkphos: (50.4..65.8]', 'Sgot: (-inf..18.2]', 'Drinks: (5.0..8.0]' => 'Mcv: (83.0..88.0]'
c1 rule: 'Sgot: (27.4..36.6]', 'Gammagt: (105.2..+inf)', 'Drinks: (-inf..2.0]' => 'Mcv: (83.0..88.0]'
c1 rule: 'Alkphos: (96.6..+inf)', 'Sgpt: (20.2..33.4]', 'Drinks: (2.0..5.0]' => 'Mcv: (83.0..88.0]'
c1 rule: 'Alkphos: (96.6..+inf)', 'Sgpt: (20.2..33.4]', 'Gammagt: (-inf..23.6]' => 'Mcv: (83.0..88.0]'
c1 rule: 'Alkphos: (96.6..+inf)', 'Gammagt: (23.6..42.2]', not 'Sgot: (18.2..27.4]' => 'Mcv: (83.0..88.0]'
c1 rule: 'Sgpt: (33.4..47.6]', 'Gammagt: (64.8..105.2]', 'Drinks: (-inf..2.0]' => 'Mcv: (83.0..88.0]'
c1 rule: 'Alkphos: (50.4..65.8]', 'Gammagt: (23.6..42.2]', 'Drinks: (-inf..2.0]', not 'Sgpt: (20.2..33.4]' => 'Mcv: (83.0..88.0]'
c1 rule: 'Sgpt: (33.4..47.6]', 'Gammagt: (23.6..42.2]', 'Drinks: (-inf..2.0]', not 'Alkphos: (65.8..81.2]' => 'Mcv: (83.0..88.0]'
c1 rule: 'Alkphos: (50.4..65.8]', 'Sgpt: (33.4..47.6]', 'Drinks: (-inf..2.0]', not 'Gammagt: (42.2..64.8]' => 'Mcv: (83.0..88.0]'
c1 rule: 'Alkphos: (-inf..50.4]', 'Sgpt: (20.2..33.4]', 'Sgot: (-inf..18.2]', 'Drinks: (2.0..5.0]' => 'Mcv: (83.0..88.0]'
c1 rule: 'Alkphos: (81.2..96.6]', 'Sgot: (-inf..18.2]', not 'Sgpt: (-inf..20.2]', not 'Gammagt: (23.6..42.2]' => 'Mcv: (83.0..88.0]'
c1 rule: 'Alkphos: (81.2..96.6]', 'Sgot: (-inf..18.2]', not 'Gammagt: (23.6..42.2]', not 'Drinks: (5.0..8.0]' => 'Mcv: (83.0..88.0]'
c1 rule: 'Alkphos: (50.4..65.8]', 'Sgot: (27.4..36.6]', 'Gammagt: (-inf..23.6]', not 'Sgpt: (47.6..67.8]' => 'Mcv: (83.0..88.0]'
c1 rule: 'Sgot: (-inf..18.2]', 'Drinks: (2.0..5.0]', not 'Alkphos: (50.4..65.8]', not 'Sgpt: (-inf..20.2]', not 'Gammagt: (23.6..42.2]' => 'Mcv: (83.0..88.0]'
c1 rule: 'Alkphos: (-inf..50.4]', 'Sgpt: (20.2..33.4]', 'Gammagt: (-inf..23.6]', not 'Sgot: (-inf..18.2]', not 'Drinks: (2.0..5.0]' => 'Mcv: (83.0..88.0]'
c1 # of rules: 26
c1 rule time: 0.0317

c1 computing class: (88.0..93.0]
c1 discrimination constraints: 121h
c1 coverage constraints: 90v+2341h
c1 formula: 150v, 2552c (2492h+60s)
c1 enumerating rules (maxsat-based)
c1 rule: 'Alkphos: (-inf..50.4]', 'Sgot: (27.4..36.6]' => 'Mcv: (88.0..93.0]'
c1 rule: 'Gammagt: (-inf..23.6]', 'Drinks: (12.0..+inf)' => 'Mcv: (88.0..93.0]'
c1 rule: 'Alkphos: (96.6..+inf)', 'Sgot: (-inf..18.2]' => 'Mcv: (88.0..93.0]'
c1 rule: 'Sgpt: (47.6..67.8]', 'Sgot: (18.2..27.4]' => 'Mcv: (88.0..93.0]'
c1 rule: 'Sgot: (48.8..+inf)', 'Gammagt: (64.8..105.2]' => 'Mcv: (88.0..93.0]'
c1 rule: 'Sgot: (-inf..18.2]', 'Gammagt: (64.8..105.2]' => 'Mcv: (88.0..93.0]'
c1 rule: 'Sgpt: (67.8..+inf)', 'Gammagt: (64.8..105.2]' => 'Mcv: (88.0..93.0]'
c1 rule: 'Sgpt: (67.8..+inf)', 'Drinks: (8.0..12.0]' => 'Mcv: (88.0..93.0]'
c1 rule: 'Alkphos: (81.2..96.6]', 'Drinks: (8.0..12.0]' => 'Mcv: (88.0..93.0]'
c1 rule: 'Sgot: (36.6..48.8]', 'Drinks: (-inf..2.0]' => 'Mcv: (88.0..93.0]'
c1 rule: 'Alkphos: (65.8..81.2]', 'Sgot: (36.6..48.8]', 'Drinks: (5.0..8.0]' => 'Mcv: (88.0..93.0]'
c1 rule: 'Sgpt: (67.8..+inf)', 'Sgot: (36.6..48.8]', not 'Drinks: (2.0..5.0]' => 'Mcv: (88.0..93.0]'
c1 rule: 'Sgpt: (-inf..20.2]', not 'Sgot: (18.2..27.4]', not 'Gammagt: (-inf..23.6]' => 'Mcv: (88.0..93.0]'
c1 rule: 'Alkphos: (-inf..50.4]', 'Gammagt: (42.2..64.8]', 'Drinks: (5.0..8.0]' => 'Mcv: (88.0..93.0]'
c1 rule: 'Alkphos: (-inf..50.4]', 'Sgpt: (20.2..33.4]', 'Drinks: (5.0..8.0]' => 'Mcv: (88.0..93.0]'
c1 rule: 'Alkphos: (81.2..96.6]', 'Sgot: (18.2..27.4]', not 'Sgpt: (20.2..33.4]' => 'Mcv: (88.0..93.0]'
c1 rule: 'Sgpt: (20.2..33.4]', 'Gammagt: (-inf..23.6]', 'Drinks: (5.0..8.0]' => 'Mcv: (88.0..93.0]'
c1 rule: 'Sgot: (18.2..27.4]', 'Gammagt: (-inf..23.6]', 'Drinks: (5.0..8.0]' => 'Mcv: (88.0..93.0]'
c1 rule: 'Sgpt: (20.2..33.4]', 'Drinks: (5.0..8.0]', not 'Sgot: (18.2..27.4]' => 'Mcv: (88.0..93.0]'
c1 rule: 'Sgot: (27.4..36.6]', 'Drinks: (5.0..8.0]', not 'Sgpt: (33.4..47.6]' => 'Mcv: (88.0..93.0]'
c1 rule: 'Sgot: (27.4..36.6]', 'Drinks: (5.0..8.0]', not 'Alkphos: (50.4..65.8]' => 'Mcv: (88.0..93.0]'
c1 rule: 'Alkphos: (81.2..96.6]', 'Gammagt: (-inf..23.6]', 'Drinks: (5.0..8.0]' => 'Mcv: (88.0..93.0]'
c1 rule: 'Alkphos: (81.2..96.6]', 'Gammagt: (42.2..64.8]', not 'Sgpt: (20.2..33.4]' => 'Mcv: (88.0..93.0]'
c1 rule: 'Alkphos: (81.2..96.6]', 'Sgpt: (33.4..47.6]', 'Drinks: (2.0..5.0]' => 'Mcv: (88.0..93.0]'
c1 rule: 'Alkphos: (96.6..+inf)', 'Sgpt: (33.4..47.6]', 'Drinks: (2.0..5.0]' => 'Mcv: (88.0..93.0]'
c1 rule: 'Gammagt: (64.8..105.2]', 'Drinks: (-inf..2.0]', not 'Alkphos: (65.8..81.2]' => 'Mcv: (88.0..93.0]'
c1 rule: 'Alkphos: (65.8..81.2]', 'Gammagt: (64.8..105.2]', 'Drinks: (5.0..8.0]' => 'Mcv: (88.0..93.0]'
c1 rule: 'Alkphos: (65.8..81.2]', 'Sgpt: (33.4..47.6]', 'Drinks: (5.0..8.0]' => 'Mcv: (88.0..93.0]'
c1 rule: 'Alkphos: (65.8..81.2]', 'Gammagt: (42.2..64.8]', 'Drinks: (2.0..5.0]' => 'Mcv: (88.0..93.0]'
c1 rule: 'Alkphos: (65.8..81.2]', 'Gammagt: (105.2..+inf)', 'Drinks: (2.0..5.0]' => 'Mcv: (88.0..93.0]'
c1 rule: 'Sgot: (-inf..18.2]', 'Drinks: (2.0..5.0]', not 'Gammagt: (-inf..23.6]' => 'Mcv: (88.0..93.0]'
c1 rule: 'Alkphos: (96.6..+inf)', 'Sgpt: (-inf..20.2]', 'Gammagt: (42.2..64.8]' => 'Mcv: (88.0..93.0]'
c1 rule: 'Alkphos: (-inf..50.4]', 'Sgpt: (33.4..47.6]', not 'Gammagt: (64.8..105.2]' => 'Mcv: (88.0..93.0]'
c1 rule: 'Gammagt: (42.2..64.8]', 'Drinks: (5.0..8.0]', not 'Sgot: (18.2..27.4]' => 'Mcv: (88.0..93.0]'
c1 rule: 'Sgpt: (20.2..33.4]', 'Sgot: (27.4..36.6]', not 'Alkphos: (50.4..65.8]' => 'Mcv: (88.0..93.0]'
c1 rule: 'Sgpt: (20.2..33.4]', 'Sgot: (27.4..36.6]', 'Gammagt: (23.6..42.2]' => 'Mcv: (88.0..93.0]'
c1 rule: 'Alkphos: (81.2..96.6]', 'Gammagt: (23.6..42.2]', not 'Sgot: (18.2..27.4]' => 'Mcv: (88.0..93.0]'
c1 rule: 'Alkphos: (96.6..+inf)', 'Sgpt: (33.4..47.6]', 'Gammagt: (-inf..23.6]' => 'Mcv: (88.0..93.0]'
c1 rule: 'Alkphos: (96.6..+inf)', 'Sgot: (27.4..36.6]', 'Gammagt: (42.2..64.8]' => 'Mcv: (88.0..93.0]'
c1 rule: 'Sgot: (27.4..36.6]', 'Gammagt: (42.2..64.8]', not 'Alkphos: (65.8..81.2]' => 'Mcv: (88.0..93.0]'
c1 rule: 'Alkphos: (-inf..50.4]', 'Gammagt: (23.6..42.2]', 'Drinks: (2.0..5.0]' => 'Mcv: (88.0..93.0]'
c1 rule: 'Alkphos: (50.4..65.8]', 'Sgpt: (-inf..20.2]', 'Drinks: (2.0..5.0]', not 'Sgot: (18.2..27.4]' => 'Mcv: (88.0..93.0]'
c1 rule: 'Alkphos: (65.8..81.2]', 'Sgot: (-inf..18.2]', 'Drinks: (-inf..2.0]', not 'Sgpt: (20.2..33.4]' => 'Mcv: (88.0..93.0]'
c1 rule: 'Alkphos: (96.6..+inf)', 'Sgpt: (20.2..33.4]', 'Drinks: (-inf..2.0]', not 'Gammagt: (-inf..23.6]' => 'Mcv: (88.0..93.0]'
c1 rule: 'Alkphos: (96.6..+inf)', 'Sgpt: (-inf..20.2]', 'Sgot: (18.2..27.4]', 'Drinks: (-inf..2.0]' => 'Mcv: (88.0..93.0]'
c1 rule: 'Alkphos: (50.4..65.8]', 'Sgpt: (20.2..33.4]', 'Sgot: (18.2..27.4]', 'Gammagt: (42.2..64.8]' => 'Mcv: (88.0..93.0]'
c1 rule: 'Sgpt: (33.4..47.6]', 'Sgot: (18.2..27.4]', 'Drinks: (2.0..5.0]', not 'Gammagt: (-inf..23.6]' => 'Mcv: (88.0..93.0]'
c1 rule: 'Alkphos: (65.8..81.2]', 'Sgpt: (33.4..47.6]', not 'Sgot: (27.4..36.6]', not 'Gammagt: (64.8..105.2]' => 'Mcv: (88.0..93.0]'
c1 rule: 'Alkphos: (50.4..65.8]', 'Sgpt: (20.2..33.4]', 'Gammagt: (-inf..23.6]', 'Drinks: (2.0..5.0]', not 'Sgot: (-inf..18.2]' => 'Mcv: (88.0..93.0]'
c1 rule: 'Alkphos: (65.8..81.2]', 'Sgot: (18.2..27.4]', 'Gammagt: (-inf..23.6]', not 'Sgpt: (20.2..33.4]', not 'Drinks: (2.0..5.0]' => 'Mcv: (88.0..93.0]'
c1 # of rules: 50
c1 rule time: 0.0595

c1 computing class: (93.0..98.0]
c1 discrimination constraints: 171h
c1 coverage constraints: 40v+1041h
c1 formula: 100v, 1302c (1242h+60s)
c1 enumerating rules (maxsat-based)
c1 rule: 'Sgpt: (67.8..+inf)', 'Drinks: (2.0..5.0]' => 'Mcv: (93.0..98.0]'
c1 rule: 'Sgpt: (47.6..67.8]', 'Drinks: (2.0..5.0]' => 'Mcv: (93.0..98.0]'
c1 rule: 'Alkphos: (65.8..81.2]', 'Sgpt: (47.6..67.8]' => 'Mcv: (93.0..98.0]'
c1 rule: 'Sgpt: (33.4..47.6]', 'Sgot: (36.6..48.8]' => 'Mcv: (93.0..98.0]'
c1 rule: 'Alkphos: (-inf..50.4]', 'Gammagt: (64.8..105.2]' => 'Mcv: (93.0..98.0]'
c1 rule: 'Gammagt: (64.8..105.2]', 'Drinks: (8.0..12.0]' => 'Mcv: (93.0..98.0]'
c1 rule: 'Gammagt: (105.2..+inf)', 'Drinks: (12.0..+inf)' => 'Mcv: (93.0..98.0]'
c1 rule: 'Alkphos: (81.2..96.6]', 'Gammagt: (64.8..105.2]' => 'Mcv: (93.0..98.0]'
c1 rule: 'Sgpt: (-inf..20.2]', 'Gammagt: (105.2..+inf)' => 'Mcv: (93.0..98.0]'
c1 rule: 'Alkphos: (96.6..+inf)', 'Sgot: (27.4..36.6]', not 'Sgpt: (33.4..47.6]' => 'Mcv: (93.0..98.0]'
c1 rule: 'Alkphos: (96.6..+inf)', 'Sgpt: (20.2..33.4]', 'Drinks: (5.0..8.0]' => 'Mcv: (93.0..98.0]'
c1 rule: 'Alkphos: (-inf..50.4]', 'Gammagt: (42.2..64.8]', 'Drinks: (-inf..2.0]' => 'Mcv: (93.0..98.0]'
c1 rule: 'Alkphos: (81.2..96.6]', 'Gammagt: (42.2..64.8]', not 'Sgpt: (47.6..67.8]' => 'Mcv: (93.0..98.0]'
c1 rule: 'Sgpt: (67.8..+inf)', 'Gammagt: (23.6..42.2]', not 'Drinks: (8.0..12.0]' => 'Mcv: (93.0..98.0]'
c1 rule: 'Alkphos: (65.8..81.2]', 'Sgpt: (-inf..20.2]', 'Gammagt: (42.2..64.8]' => 'Mcv: (93.0..98.0]'
c1 rule: 'Sgot: (48.8..+inf)', 'Gammagt: (105.2..+inf)', not 'Alkphos: (81.2..96.6]' => 'Mcv: (93.0..98.0]'
c1 rule: 'Sgpt: (33.4..47.6]', 'Gammagt: (-inf..23.6]', 'Drinks: (2.0..5.0]' => 'Mcv: (93.0..98.0]'
c1 rule: 'Alkphos: (-inf..50.4]', 'Sgpt: (20.2..33.4]', 'Gammagt: (42.2..64.8]', not 'Drinks: (5.0..8.0]' => 'Mcv: (93.0..98.0]'
c1 rule: 'Sgpt: (20.2..33.4]', 'Gammagt: (42.2..64.8]', 'Drinks: (5.0..8.0]', not 'Alkphos: (-inf..50.4]' => 'Mcv: (93.0..98.0]'
c1 rule: 'Alkphos: (65.8..81.2]', 'Sgpt: (-inf..20.2]', 'Gammagt: (23.6..42.2]', not 'Sgot: (-inf..18.2]' => 'Mcv: (93.0..98.0]'
c1 rule: 'Alkphos: (50.4..65.8]', 'Sgot: (-inf..18.2]', 'Gammagt: (23.6..42.2]', not 'Drinks: (2.0..5.0]' => 'Mcv: (93.0..98.0]'
c1 rule: 'Alkphos: (50.4..65.8]', 'Sgpt: (20.2..33.4]', 'Gammagt: (-inf..23.6]', not 'Sgot: (18.2..27.4]', not 'Drinks: (-inf..2.0]' => 'Mcv: (93.0..98.0]'
c1 # of rules: 22
c1 rule time: 0.0198

c1 computing class: (98.0..+inf)
c1 discrimination constraints: 201h
c1 coverage constraints: 10v+261h
c1 formula: 70v, 552c (492h+60s)
c1 enumerating rules (maxsat-based)
c1 rule: 'Sgot: (48.8..+inf)', 'Drinks: (5.0..8.0]', not 'Gammagt: (64.8..105.2]' => 'Mcv: (98.0..+inf)'
c1 rule: 'Alkphos: (50.4..65.8]', 'Sgot: (18.2..27.4]', 'Gammagt: (64.8..105.2]' => 'Mcv: (98.0..+inf)'
c1 rule: 'Alkphos: (-inf..50.4]', 'Sgpt: (-inf..20.2]', 'Drinks: (2.0..5.0]', not 'Gammagt: (-inf..23.6]' => 'Mcv: (98.0..+inf)'
c1 rule: 'Sgpt: (47.6..67.8]', 'Sgot: (36.6..48.8]', 'Gammagt: (105.2..+inf)', not 'Drinks: (8.0..12.0]' => 'Mcv: (98.0..+inf)'
c1 # of rules: 4
c1 rule time: 0.0055

c2 total rules: 108

c0 computing feature 2
c1 computing class: (-inf..50.4]
c1 discrimination constraints: 177h
c1 coverage constraints: 34v+885h
c1 formula: 94v, 1152c (1092h+60s)
c1 enumerating rules (maxsat-based)
c1 rule: 'Mcv: (98.0..+inf)', 'Gammagt: (42.2..64.8]' => 'Alkphos: (-inf..50.4]'
c1 rule: 'Mcv: (-inf..83.0]', 'Sgot: (18.2..27.4]', 'Gammagt: (23.6..42.2]' => 'Alkphos: (-inf..50.4]'
c1 rule: 'Sgot: (-inf..18.2]', 'Gammagt: (42.2..64.8]', 'Drinks: (5.0..8.0]' => 'Alkphos: (-inf..50.4]'
c1 rule: 'Mcv: (93.0..98.0]', 'Sgot: (-inf..18.2]', 'Drinks: (5.0..8.0]' => 'Alkphos: (-inf..50.4]'
c1 rule: 'Mcv: (93.0..98.0]', 'Sgpt: (-inf..20.2]', 'Drinks: (2.0..5.0]' => 'Alkphos: (-inf..50.4]'
c1 rule: 'Sgot: (27.4..36.6]', 'Gammagt: (-inf..23.6]', 'Drinks: (2.0..5.0]' => 'Alkphos: (-inf..50.4]'
c1 rule: 'Sgpt: (67.8..+inf)', 'Drinks: (2.0..5.0]', not 'Sgot: (48.8..+inf)' => 'Alkphos: (-inf..50.4]'
c1 rule: 'Sgpt: (67.8..+inf)', 'Drinks: (2.0..5.0]', not 'Gammagt: (42.2..64.8]' => 'Alkphos: (-inf..50.4]'
c1 rule: 'Mcv: (93.0..98.0]', 'Gammagt: (42.2..64.8]', 'Drinks: (-inf..2.0]', not 'Sgpt: (33.4..47.6]' => 'Alkphos: (-inf..50.4]'
c1 rule: 'Mcv: (93.0..98.0]', 'Sgpt: (20.2..33.4]', 'Gammagt: (42.2..64.8]', not 'Drinks: (5.0..8.0]' => 'Alkphos: (-inf..50.4]'
c1 rule: 'Sgpt: (20.2..33.4]', 'Gammagt: (42.2..64.8]', 'Drinks: (5.0..8.0]', not 'Mcv: (93.0..98.0]' => 'Alkphos: (-inf..50.4]'
c1 rule: 'Sgot: (18.2..27.4]', 'Gammagt: (64.8..105.2]', not 'Sgpt: (20.2..33.4]', not 'Drinks: (-inf..2.0]' => 'Alkphos: (-inf..50.4]'
c1 rule: 'Sgpt: (33.4..47.6]', 'Gammagt: (-inf..23.6]', not 'Mcv: (93.0..98.0]', not 'Sgot: (27.4..36.6]' => 'Alkphos: (-inf..50.4]'
c1 # of rules: 13
c1 rule time: 0.0169

c1 computing class: (50.4..65.8]
c1 discrimination constraints: 150h
c1 coverage constraints: 61v+1587h
c1 formula: 121v, 1827c (1767h+60s)
c1 enumerating rules (maxsat-based)
c1 rule: 'Sgpt: (47.6..67.8]', 'Drinks: (-inf..2.0]' => 'Alkphos: (50.4..65.8]'
c1 rule: 'Mcv: (-inf..83.0]', 'Drinks: (5.0..8.0]' => 'Alkphos: (50.4..65.8]'
c1 rule: 'Sgot: (-inf..18.2]', 'Gammagt: (64.8..105.2]' => 'Alkphos: (50.4..65.8]'
c1 rule: 'Gammagt: (64.8..105.2]', 'Drinks: (8.0..12.0]' => 'Alkphos: (50.4..65.8]'
c1 rule: 'Mcv: (83.0..88.0]', 'Sgpt: (47.6..67.8]' => 'Alkphos: (50.4..65.8]'
c1 rule: 'Sgpt: (47.6..67.8]', 'Gammagt: (23.6..42.2]' => 'Alkphos: (50.4..65.8]'
c1 rule: 'Mcv: (-inf..83.0]', 'Sgot: (36.6..48.8]' => 'Alkphos: (50.4..65.8]'
c1 rule: 'Mcv: (98.0..+inf)', 'Gammagt: (64.8..105.2]' => 'Alkphos: (50.4..65.8]'
c1 rule: 'Mcv: (-inf..83.0]', 'Sgot: (-inf..18.2]', not 'Sgpt: (20.2..33.4]' => 'Alkphos: (50.4..65.8]'
c1 rule: 'Sgpt: (20.2..33.4]', 'Gammagt: (42.2..64.8]', not 'Sgot: (18.2..27.4]' => 'Alkphos: (50.4..65.8]'
c1 rule: 'Mcv: (98.0..+inf)', 'Drinks: (-inf..2.0]', not 'Sgot: (27.4..36.6]' => 'Alkphos: (50.4..65.8]'
c1 rule: 'Mcv: (98.0..+inf)', 'Sgot: (18.2..27.4]', 'Gammagt: (-inf..23.6]' => 'Alkphos: (50.4..65.8]'
c1 rule: 'Sgpt: (20.2..33.4]', 'Sgot: (27.4..36.6]', not 'Mcv: (88.0..93.0]' => 'Alkphos: (50.4..65.8]'
c1 rule: 'Mcv: (83.0..88.0]', 'Sgot: (27.4..36.6]', 'Drinks: (5.0..8.0]' => 'Alkphos: (50.4..65.8]'
c1 rule: 'Mcv: (83.0..88.0]', 'Drinks: (5.0..8.0]', not 'Sgpt: (-inf..20.2]' => 'Alkphos: (50.4..65.8]'
c1 rule: 'Mcv: (93.0..98.0]', 'Sgpt: (47.6..67.8]', 'Drinks: (5.0..8.0]' => 'Alkphos: (50.4..65.8]'
c1 rule: 'Mcv: (93.0..98.0]', 'Gammagt: (23.6..42.2]', not 'Sgot: (18.2..27.4]' => 'Alkphos: (50.4..65.8]'
c1 rule: 'Sgot: (-inf..18.2]', 'Gammagt: (42.2..64.8]', 'Drinks: (2.0..5.0]' => 'Alkphos: (50.4..65.8]'
c1 rule: 'Sgpt: (47.6..67.8]', 'Gammagt: (64.8..105.2]', not 'Drinks: (12.0..+inf)' => 'Alkphos: (50.4..65.8]'
c1 rule: 'Sgpt: (33.4..47.6]', 'Gammagt: (-inf..23.6]', not 'Drinks: (-inf..2.0]' => 'Alkphos: (50.4..65.8]'
c1 rule: 'Mcv: (83.0..88.0]', 'Sgpt: (33.4..47.6]', 'Gammagt: (42.2..64.8]' => 'Alkphos: (50.4..65.8]'
c1 rule: 'Mcv: (93.0..98.0]', 'Sgpt: (20.2..33.4]', not 'Sgot: (18.2..27.4]', not 'Drinks: (-inf..2.0]' => 'Alkphos: (50.4..65.8]'
c1 rule: 'Sgpt: (20.2..33.4]', 'Gammagt: (-inf..23.6]', 'Drinks: (5.0..8.0]', not 'Sgot: (-inf..18.2]' => 'Alkphos: (50.4..65.8]'
c1 rule: 'Sgpt: (33.4..47.6]', 'Gammagt: (23.6..42.2]', 'Drinks: (5.0..8.0]', not 'Sgot: (27.4..36.6]' => 'Alkphos: (50.4..65.8]'
c1 rule: 'Sgpt: (20.2..33.4]', 'Gammagt: (42.2..64.8]', 'Drinks: (-inf..2.0]', not 'Mcv: (93.0..98.0]' => 'Alkphos: (50.4..65.8]'
c1 rule: 'Mcv: (93.0..98.0]', 'Sgot: (-inf..18.2]', 'Drinks: (-inf..2.0]', not 'Sgpt: (20.2..33.4]' => 'Alkphos: (50.4..65.8]'
c1 rule: 'Sgpt: (-inf..20.2]', 'Gammagt: (23.6..42.2]', 'Drinks: (2.0..5.0]', not 'Sgot: (-inf..18.2]' => 'Alkphos: (50.4..65.8]'
c1 # of rules: 27
c1 rule time: 0.0296

c1 computing class: (65.8..81.2]
c1 discrimination constraints: 147h
c1 coverage constraints: 64v+1665h
c1 formula: 124v, 1902c (1842h+60s)
c1 enumerating rules (maxsat-based)
c1 rule: 'Sgot: (48.8..+inf)', 'Gammagt: (64.8..105.2]' => 'Alkphos: (65.8..81.2]'
c1 rule: 'Mcv: (83.0..88.0]', 'Gammagt: (64.8..105.2]' => 'Alkphos: (65.8..81.2]'
c1 rule: 'Mcv: (83.0..88.0]', 'Sgot: (48.8..+inf)' => 'Alkphos: (65.8..81.2]'
c1 rule: 'Sgot: (48.8..+inf)', 'Drinks: (-inf..2.0]' => 'Alkphos: (65.8..81.2]'
c1 rule: 'Sgpt: (-inf..20.2]', 'Gammagt: (105.2..+inf)' => 'Alkphos: (65.8..81.2]'
c1 rule: 'Mcv: (88.0..93.0]', 'Drinks: (12.0..+inf)' => 'Alkphos: (65.8..81.2]'
c1 rule: 'Drinks: (12.0..+inf)', not 'Sgpt: (67.8..+inf)' => 'Alkphos: (65.8..81.2]'
c1 rule: 'Sgpt: (67.8..+inf)', 'Gammagt: (64.8..105.2]' => 'Alkphos: (65.8..81.2]'
c1 rule: 'Sgpt: (67.8..+inf)', 'Drinks: (-inf..2.0]' => 'Alkphos: (65.8..81.2]'
c1 rule: 'Sgot: (36.6..48.8]', 'Drinks: (-inf..2.0]' => 'Alkphos: (65.8..81.2]'
c1 rule: 'Mcv: (-inf..83.0]', 'Sgot: (27.4..36.6]' => 'Alkphos: (65.8..81.2]'
c1 rule: 'Mcv: (-inf..83.0]', 'Gammagt: (105.2..+inf)' => 'Alkphos: (65.8..81.2]'
c1 rule: 'Sgpt: (67.8..+inf)', 'Sgot: (18.2..27.4]' => 'Alkphos: (65.8..81.2]'
c1 rule: 'Sgpt: (67.8..+inf)', 'Gammagt: (23.6..42.2]' => 'Alkphos: (65.8..81.2]'
c1 rule: 'Sgpt: (47.6..67.8]', 'Sgot: (48.8..+inf)' => 'Alkphos: (65.8..81.2]'
c1 rule: 'Mcv: (98.0..+inf)', 'Sgot: (27.4..36.6]' => 'Alkphos: (65.8..81.2]'
c1 rule: 'Mcv: (98.0..+inf)', 'Drinks: (8.0..12.0]' => 'Alkphos: (65.8..81.2]'
c1 rule: 'Gammagt: (64.8..105.2]', 'Drinks: (2.0..5.0]', not 'Sgpt: (-inf..20.2]' => 'Alkphos: (65.8..81.2]'
c1 rule: 'Sgot: (18.2..27.4]', 'Gammagt: (64.8..105.2]', not 'Drinks: (5.0..8.0]' => 'Alkphos: (65.8..81.2]'
c1 rule: 'Mcv: (88.0..93.0]', 'Sgot: (18.2..27.4]', 'Gammagt: (64.8..105.2]' => 'Alkphos: (65.8..81.2]'
c1 rule: 'Sgot: (18.2..27.4]', 'Gammagt: (105.2..+inf)', not 'Drinks: (-inf..2.0]' => 'Alkphos: (65.8..81.2]'
c1 rule: 'Sgpt: (-inf..20.2]', 'Sgot: (27.4..36.6]', not 'Mcv: (93.0..98.0]' => 'Alkphos: (65.8..81.2]'
c1 rule: 'Mcv: (93.0..98.0]', 'Sgpt: (-inf..20.2]', 'Gammagt: (23.6..42.2]' => 'Alkphos: (65.8..81.2]'
c1 rule: 'Sgot: (27.4..36.6]', 'Drinks: (2.0..5.0]', not 'Sgpt: (20.2..33.4]' => 'Alkphos: (65.8..81.2]'
c1 rule: 'Mcv: (83.0..88.0]', 'Sgpt: (20.2..33.4]', 'Drinks: (8.0..12.0]' => 'Alkphos: (65.8..81.2]'
c1 rule: 'Drinks: (8.0..12.0]', not 'Mcv: (83.0..88.0]', not 'Sgot: (27.4..36.6]' => 'Alkphos: (65.8..81.2]'
c1 rule: 'Sgot: (-inf..18.2]', 'Drinks: (5.0..8.0]', not 'Sgpt: (-inf..20.2]' => 'Alkphos: (65.8..81.2]'
c1 rule: 'Mcv: (-inf..83.0]', 'Gammagt: (23.6..42.2]', not 'Sgot: (18.2..27.4]' => 'Alkphos: (65.8..81.2]'
c1 rule: 'Mcv: (88.0..93.0]', 'Gammagt: (105.2..+inf)', 'Drinks: (2.0..5.0]', not 'Sgot: (48.8..+inf)' => 'Alkphos: (65.8..81.2]'
c1 rule: 'Mcv: (88.0..93.0]', 'Sgpt: (20.2..33.4]', 'Gammagt: (42.2..64.8]', 'Drinks: (2.0..5.0]' => 'Alkphos: (65.8..81.2]'
c1 rule: 'Sgpt: (33.4..47.6]', 'Gammagt: (23.6..42.2]', 'Drinks: (-inf..2.0]', not 'Mcv: (83.0..88.0]' => 'Alkphos: (65.8..81.2]'
c1 rule: 'Mcv: (93.0..98.0]', 'Gammagt: (42.2..64.8]', 'Drinks: (5.0..8.0]', not 'Sgpt: (20.2..33.4]' => 'Alkphos: (65.8..81.2]'
c1 rule: 'Sgpt: (33.4..47.6]', 'Gammagt: (42.2..64.8]', 'Drinks: (5.0..8.0]', not 'Sgot: (27.4..36.6]' => 'Alkphos: (65.8..81.2]'
c1 rule: 'Sgpt: (33.4..47.6]', 'Gammagt: (23.6..42.2]', 'Drinks: (5.0..8.0]', not 'Sgot: (18.2..27.4]' => 'Alkphos: (65.8..81.2]'
c1 rule: 'Mcv: (93.0..98.0]', 'Sgpt: (20.2..33.4]', 'Sgot: (18.2..27.4]', 'Gammagt: (-inf..23.6]', not 'Drinks: (-inf..2.0]' => 'Alkphos: (65.8..81.2]'
c1 rule: 'Mcv: (93.0..98.0]', 'Sgot: (-inf..18.2]', not 'Sgpt: (-inf..20.2]', not 'Gammagt: (23.6..42.2]', not 'Drinks: (2.0..5.0]' => 'Alkphos: (65.8..81.2]'
c1 # of rules: 36
c1 rule time: 0.0329

c1 computing class: (81.2..96.6]
c1 discrimination constraints: 180h
c1 coverage constraints: 31v+807h
c1 formula: 91v, 1077c (1017h+60s)
c1 enumerating rules (maxsat-based)
c1 rule: 'Sgpt: (33.4..47.6]', 'Sgot: (36.6..48.8]' => 'Alkphos: (81.2..96.6]'
c1 rule: 'Sgpt: (47.6..67.8]', 'Sgot: (18.2..27.4]' => 'Alkphos: (81.2..96.6]'
c1 rule: 'Sgpt: (33.4..47.6]', 'Gammagt: (105.2..+inf)' => 'Alkphos: (81.2..96.6]'
c1 rule: 'Sgpt: (33.4..47.6]', 'Drinks: (8.0..12.0]' => 'Alkphos: (81.2..96.6]'
c1 rule: 'Mcv: (98.0..+inf)', 'Sgot: (36.6..48.8]' => 'Alkphos: (81.2..96.6]'
c1 rule: 'Sgpt: (67.8..+inf)', 'Drinks: (12.0..+inf)' => 'Alkphos: (81.2..96.6]'
c1 rule: 'Sgot: (27.4..36.6]', 'Drinks: (8.0..12.0]', not 'Mcv: (93.0..98.0]' => 'Alkphos: (81.2..96.6]'
c1 rule: 'Mcv: (98.0..+inf)', 'Drinks: (5.0..8.0]', not 'Gammagt: (64.8..105.2]' => 'Alkphos: (81.2..96.6]'
c1 rule: 'Sgot: (27.4..36.6]', 'Gammagt: (105.2..+inf)', not 'Sgpt: (20.2..33.4]' => 'Alkphos: (81.2..96.6]'
c1 rule: 'Sgot: (-inf..18.2]', 'Gammagt: (23.6..42.2]', not 'Sgpt: (20.2..33.4]', not 'Drinks: (-inf..2.0]' => 'Alkphos: (81.2..96.6]'
c1 rule: 'Mcv: (93.0..98.0]', 'Sgot: (18.2..27.4]', 'Gammagt: (64.8..105.2]', not 'Sgpt: (33.4..47.6]' => 'Alkphos: (81.2..96.6]'
c1 rule: 'Mcv: (88.0..93.0]', 'Sgpt: (20.2..33.4]', 'Sgot: (27.4..36.6]', 'Drinks: (-inf..2.0]', not 'Gammagt: (23.6..42.2]' => 'Alkphos: (81.2..96.6]'
c1 rule: 'Mcv: (88.0..93.0]', 'Sgpt: (-inf..20.2]', 'Gammagt: (-inf..23.6]', 'Drinks: (5.0..8.0]', not 'Sgot: (18.2..27.4]' => 'Alkphos: (81.2..96.6]'
c1 # of rules: 13
c1 rule time: 0.0149

c1 computing class: (96.6..+inf)
c1 discrimination constraints: 190h
c1 coverage constraints: 21v+547h
c1 formula: 81v, 827c (767h+60s)
c1 enumerating rules (maxsat-based)
c1 rule: 'Gammagt: (-inf..23.6]', 'Drinks: (8.0..12.0]' => 'Alkphos: (96.6..+inf)'
c1 rule: 'Mcv: (93.0..98.0]', 'Sgot: (27.4..36.6]', 'Drinks: (-inf..2.0]' => 'Alkphos: (96.6..+inf)'
c1 rule: 'Mcv: (93.0..98.0]', 'Sgpt: (33.4..47.6]', 'Gammagt: (42.2..64.8]' => 'Alkphos: (96.6..+inf)'
c1 rule: 'Mcv: (83.0..88.0]', 'Gammagt: (42.2..64.8]', 'Drinks: (2.0..5.0]' => 'Alkphos: (96.6..+inf)'
c1 rule: 'Sgot: (27.4..36.6]', 'Gammagt: (42.2..64.8]', not 'Drinks: (-inf..2.0]' => 'Alkphos: (96.6..+inf)'
c1 rule: 'Sgpt: (-inf..20.2]', 'Gammagt: (23.6..42.2]', 'Drinks: (5.0..8.0]' => 'Alkphos: (96.6..+inf)'
c1 rule: 'Mcv: (93.0..98.0]', 'Sgpt: (67.8..+inf)', 'Gammagt: (42.2..64.8]' => 'Alkphos: (96.6..+inf)'
c1 rule: 'Mcv: (93.0..98.0]', 'Sgpt: (20.2..33.4]', 'Gammagt: (23.6..42.2]', not 'Drinks: (-inf..2.0]' => 'Alkphos: (96.6..+inf)'
c1 rule: 'Mcv: (88.0..93.0]', 'Sgpt: (-inf..20.2]', not 'Sgot: (-inf..18.2]', not 'Gammagt: (-inf..23.6]' => 'Alkphos: (96.6..+inf)'
c1 rule: 'Sgpt: (33.4..47.6]', 'Sgot: (27.4..36.6]', 'Gammagt: (-inf..23.6]', not 'Mcv: (83.0..88.0]' => 'Alkphos: (96.6..+inf)'
c1 rule: 'Sgpt: (33.4..47.6]', 'Gammagt: (23.6..42.2]', 'Drinks: (-inf..2.0]', not 'Sgot: (18.2..27.4]' => 'Alkphos: (96.6..+inf)'
c1 # of rules: 11
c1 rule time: 0.0110

c2 total rules: 100

c0 computing feature 3
c1 computing class: (-inf..20.2]
c1 discrimination constraints: 152h
c1 coverage constraints: 59v+1535h
c1 formula: 119v, 1777c (1717h+60s)
c1 enumerating rules (maxsat-based)
c1 rule: 'Mcv: (-inf..83.0]', 'Alkphos: (96.6..+inf)' => 'Sgpt: (-inf..20.2]'
c1 rule: 'Alkphos: (96.6..+inf)', 'Sgot: (-inf..18.2]' => 'Sgpt: (-inf..20.2]'
c1 rule: 'Mcv: (98.0..+inf)', 'Gammagt: (42.2..64.8]' => 'Sgpt: (-inf..20.2]'
c1 rule: 'Gammagt: (-inf..23.6]', 'Drinks: (8.0..12.0]' => 'Sgpt: (-inf..20.2]'
c1 rule: 'Mcv: (98.0..+inf)', 'Drinks: (-inf..2.0]' => 'Sgpt: (-inf..20.2]'
c1 rule: 'Mcv: (98.0..+inf)', 'Gammagt: (-inf..23.6]' => 'Sgpt: (-inf..20.2]'
c1 rule: 'Sgot: (-inf..18.2]', 'Gammagt: (64.8..105.2]' => 'Sgpt: (-inf..20.2]'
c1 rule: 'Mcv: (-inf..83.0]', 'Gammagt: (64.8..105.2]', 'Drinks: (-inf..2.0]' => 'Sgpt: (-inf..20.2]'
c1 rule: 'Mcv: (-inf..83.0]', 'Alkphos: (-inf..50.4]', not 'Drinks: (-inf..2.0]' => 'Sgpt: (-inf..20.2]'
c1 rule: 'Mcv: (-inf..83.0]', 'Gammagt: (-inf..23.6]', not 'Drinks: (-inf..2.0]' => 'Sgpt: (-inf..20.2]'
c1 rule: 'Mcv: (-inf..83.0]', 'Gammagt: (-inf..23.6]', not 'Sgot: (-inf..18.2]' => 'Sgpt: (-inf..20.2]'
c1 rule: 'Mcv: (-inf..83.0]', 'Alkphos: (50.4..65.8]', 'Sgot: (18.2..27.4]' => 'Sgpt: (-inf..20.2]'
c1 rule: 'Mcv: (93.0..98.0]', 'Sgot: (27.4..36.6]', 'Drinks: (-inf..2.0]' => 'Sgpt: (-inf..20.2]'
c1 rule: 'Mcv: (93.0..98.0]', 'Alkphos: (-inf..50.4]', 'Gammagt: (-inf..23.6]' => 'Sgpt: (-inf..20.2]'
c1 rule: 'Alkphos: (-inf..50.4]', 'Sgot: (-inf..18.2]', not 'Gammagt: (-inf..23.6]' => 'Sgpt: (-inf..20.2]'
c1 rule: 'Mcv: (93.0..98.0]', 'Sgot: (18.2..27.4]', 'Gammagt: (105.2..+inf)' => 'Sgpt: (-inf..20.2]'
c1 rule: 'Sgot: (-inf..18.2]', 'Gammagt: (42.2..64.8]', not 'Mcv: (83.0..88.0]' => 'Sgpt: (-inf..20.2]'
c1 rule: 'Alkphos: (81.2..96.6]', 'Sgot: (-inf..18.2]', 'Drinks: (2.0..5.0]' => 'Sgpt: (-inf..20.2]'
c1 rule: 'Alkphos: (81.2..96.6]', 'Sgot: (-inf..18.2]', not 'Drinks: (-inf..2.0]' => 'Sgpt: (-inf..20.2]'
c1 rule: 'Sgot: (-inf..18.2]', 'Drinks: (5.0..8.0]', not 'Mcv: (88.0..93.0]' => 'Sgpt: (-inf..20.2]'
c1 rule: 'Alkphos: (96.6..+inf)', 'Gammagt: (-inf..23.6]', not 'Drinks: (-inf..2.0]' => 'Sgpt: (-inf..20.2]'
c1 rule: 'Mcv: (83.0..88.0]', 'Alkphos: (96.6..+inf)', 'Drinks: (5.0..8.0]' => 'Sgpt: (-inf..20.2]'
c1 rule: 'Alkphos: (-inf..50.4]', 'Gammagt: (-inf..23.6]', 'Drinks: (5.0..8.0]' => 'Sgpt: (-inf..20.2]'
c1 rule: 'Mcv: (83.0..88.0]', 'Alkphos: (50.4..65.8]', 'Gammagt: (-inf..23.6]', 'Drinks: (2.0..5.0]' => 'Sgpt: (-inf..20.2]'
c1 rule: 'Alkphos: (65.8..81.2]', 'Gammagt: (-inf..23.6]', 'Drinks: (5.0..8.0]', not 'Sgot: (-inf..18.2]' => 'Sgpt: (-inf..20.2]'
c1 rule: 'Mcv: (88.0..93.0]', 'Alkphos: (81.2..96.6]', 'Sgot: (18.2..27.4]', 'Gammagt: (-inf..23.6]' => 'Sgpt: (-inf..20.2]'
c1 rule: 'Mcv: (88.0..93.0]', 'Alkphos: (-inf..50.4]', 'Sgot: (-inf..18.2]', not 'Drinks: (-inf..2.0]' => 'Sgpt: (-inf..20.2]'
c1 rule: 'Mcv: (88.0..93.0]', 'Sgot: (-inf..18.2]', 'Gammagt: (-inf..23.6]', 'Drinks: (2.0..5.0]' => 'Sgpt: (-inf..20.2]'
c1 rule: 'Alkphos: (96.6..+inf)', 'Gammagt: (-inf..23.6]', not 'Mcv: (83.0..88.0]', not 'Sgot: (27.4..36.6]' => 'Sgpt: (-inf..20.2]'
c1 rule: 'Mcv: (93.0..98.0]', 'Gammagt: (-inf..23.6]', not 'Alkphos: (65.8..81.2]', not 'Sgot: (18.2..27.4]', not 'Drinks: (2.0..5.0]' => 'Sgpt: (-inf..20.2]'
c1 # of rules: 30
c1 rule time: 0.0324

c1 computing class: (20.2..33.4]
c1 discrimination constraints: 122h
c1 coverage constraints: 89v+2315h
c1 formula: 149v, 2527c (2467h+60s)
c1 enumerating rules (maxsat-based)
c1 rule: 'Alkphos: (-inf..50.4]', 'Sgot: (27.4..36.6]' => 'Sgpt: (20.2..33.4]'
c1 rule: 'Sgot: (48.8..+inf)', 'Gammagt: (-inf..23.6]' => 'Sgpt: (20.2..33.4]'
c1 rule: 'Gammagt: (-inf..23.6]', 'Drinks: (12.0..+inf)' => 'Sgpt: (20.2..33.4]'
c1 rule: 'Sgot: (36.6..48.8]', 'Drinks: (-inf..2.0]' => 'Sgpt: (20.2..33.4]'
c1 rule: 'Mcv: (-inf..83.0]', 'Gammagt: (105.2..+inf)' => 'Sgpt: (20.2..33.4]'
c1 rule: 'Mcv: (-inf..83.0]', 'Gammagt: (23.6..42.2]' => 'Sgpt: (20.2..33.4]'
c1 rule: 'Alkphos: (50.4..65.8]', 'Gammagt: (105.2..+inf)' => 'Sgpt: (20.2..33.4]'
c1 rule: 'Alkphos: (-inf..50.4]', 'Gammagt: (23.6..42.2]' => 'Sgpt: (20.2..33.4]'
c1 rule: 'Gammagt: (64.8..105.2]', 'Drinks: (8.0..12.0]' => 'Sgpt: (20.2..33.4]'
c1 rule: 'Mcv: (98.0..+inf)', 'Drinks: (8.0..12.0]' => 'Sgpt: (20.2..33.4]'
c1 rule: 'Mcv: (98.0..+inf)', 'Gammagt: (64.8..105.2]' => 'Sgpt: (20.2..33.4]'
c1 rule: 'Alkphos: (65.8..81.2]', 'Sgot: (-inf..18.2]', 'Drinks: (5.0..8.0]' => 'Sgpt: (20.2..33.4]'
c1 rule: 'Sgot: (-inf..18.2]', not 'Mcv: (88.0..93.0]', not 'Gammagt: (-inf..23.6]' => 'Sgpt: (20.2..33.4]'
c1 rule: 'Mcv: (93.0..98.0]', 'Alkphos: (65.8..81.2]', 'Sgot: (-inf..18.2]' => 'Sgpt: (20.2..33.4]'
c1 rule: 'Mcv: (93.0..98.0]', 'Alkphos: (65.8..81.2]', 'Drinks: (2.0..5.0]' => 'Sgpt: (20.2..33.4]'
c1 rule: 'Mcv: (93.0..98.0]', 'Alkphos: (65.8..81.2]', 'Gammagt: (-inf..23.6]' => 'Sgpt: (20.2..33.4]'
c1 rule: 'Mcv: (83.0..88.0]', 'Alkphos: (65.8..81.2]', 'Drinks: (8.0..12.0]' => 'Sgpt: (20.2..33.4]'
c1 rule: 'Mcv: (83.0..88.0]', 'Gammagt: (42.2..64.8]', 'Drinks: (2.0..5.0]' => 'Sgpt: (20.2..33.4]'
c1 rule: 'Alkphos: (81.2..96.6]', 'Gammagt: (42.2..64.8]', not 'Mcv: (88.0..93.0]' => 'Sgpt: (20.2..33.4]'
c1 rule: 'Alkphos: (81.2..96.6]', 'Sgot: (18.2..27.4]', not 'Mcv: (88.0..93.0]' => 'Sgpt: (20.2..33.4]'
c1 rule: 'Alkphos: (81.2..96.6]', 'Sgot: (18.2..27.4]', 'Gammagt: (23.6..42.2]' => 'Sgpt: (20.2..33.4]'
c1 rule: 'Mcv: (88.0..93.0]', 'Drinks: (8.0..12.0]', not 'Gammagt: (23.6..42.2]' => 'Sgpt: (20.2..33.4]'
c1 rule: 'Gammagt: (64.8..105.2]', 'Drinks: (2.0..5.0]', not 'Sgot: (-inf..18.2]' => 'Sgpt: (20.2..33.4]'
c1 rule: 'Mcv: (88.0..93.0]', 'Sgot: (18.2..27.4]', 'Gammagt: (64.8..105.2]' => 'Sgpt: (20.2..33.4]'
c1 rule: 'Sgot: (36.6..48.8]', 'Drinks: (2.0..5.0]', not 'Mcv: (93.0..98.0]' => 'Sgpt: (20.2..33.4]'
c1 rule: 'Alkphos: (-inf..50.4]', 'Drinks: (-inf..2.0]', not 'Sgot: (18.2..27.4]' => 'Sgpt: (20.2..33.4]'
c1 rule: 'Alkphos: (50.4..65.8]', 'Sgot: (-inf..18.2]', 'Gammagt: (23.6..42.2]' => 'Sgpt: (20.2..33.4]'
c1 rule: 'Alkphos: (50.4..65.8]', 'Sgot: (27.4..36.6]', 'Gammagt: (23.6..42.2]' => 'Sgpt: (20.2..33.4]'
c1 rule: 'Mcv: (93.0..98.0]', 'Alkphos: (96.6..+inf)', 'Gammagt: (23.6..42.2]' => 'Sgpt: (20.2..33.4]'
c1 rule: 'Sgot: (27.4..36.6]', 'Gammagt: (105.2..+inf)', not 'Alkphos: (81.2..96.6]' => 'Sgpt: (20.2..33.4]'
c1 rule: 'Alkphos: (65.8..81.2]', 'Gammagt: (42.2..64.8]', 'Drinks: (2.0..5.0]' => 'Sgpt: (20.2..33.4]'
c1 rule: 'Alkphos: (81.2..96.6]', 'Sgot: (27.4..36.6]', 'Gammagt: (-inf..23.6]' => 'Sgpt: (20.2..33.4]'
c1 rule: 'Sgot: (18.2..27.4]', 'Gammagt: (105.2..+inf)', 'Drinks: (2.0..5.0]' => 'Sgpt: (20.2..33.4]'
c1 rule: 'Mcv: (93.0..98.0]', 'Sgot: (18.2..27.4]', 'Drinks: (2.0..5.0]', not 'Alkphos: (50.4..65.8]' => 'Sgpt: (20.2..33.4]'
c1 rule: 'Mcv: (93.0..98.0]', 'Alkphos: (50.4..65.8]', not 'Sgot: (36.6..48.8]', not 'Gammagt: (-inf..23.6]' => 'Sgpt: (20.2..33.4]'
c1 rule: 'Mcv: (93.0..98.0]', 'Alkphos: (50.4..65.8]', 'Sgot: (18.2..27.4]', not 'Drinks: (2.0..5.0]' => 'Sgpt: (20.2..33.4]'
c1 rule: 'Alkphos: (50.4..65.8]', 'Gammagt: (23.6..42.2]', 'Drinks: (-inf..2.0]', not 'Mcv: (83.0..88.0]' => 'Sgpt: (20.2..33.4]'
c1 rule: 'Sgot: (-inf..18.2]', 'Gammagt: (23.6..42.2]', not 'Alkphos: (81.2..96.6]', not 'Drinks: (-inf..2.0]' => 'Sgpt: (20.2..33.4]'
c1 rule: 'Mcv: (83.0..88.0]', 'Alkphos: (65.8..81.2]', 'Gammagt: (23.6..42.2]', 'Drinks: (-inf..2.0]' => 'Sgpt: (20.2..33.4]'
c1 rule: 'Mcv: (83.0..88.0]', 'Alkphos: (65.8..81.2]', 'Sgot: (18.2..27.4]', 'Gammagt: (-inf..23.6]' => 'Sgpt: (20.2..33.4]'
c1 rule: 'Mcv: (83.0..88.0]', 'Alkphos: (65.8..81.2]', 'Sgot: (18.2..27.4]', not 'Drinks: (-inf..2.0]' => 'Sgpt: (20.2..33.4]'
c1 rule: 'Mcv: (83.0..88.0]', 'Alkphos: (65.8..81.2]', 'Sgot: (-inf..18.2]', not 'Drinks: (2.0..5.0]' => 'Sgpt: (20.2..33.4]'
c1 rule: 'Mcv: (83.0..88.0]', 'Alkphos: (96.6..+inf)', 'Drinks: (-inf..2.0]', not 'Gammagt: (23.6..42.2]' => 'Sgpt: (20.2..33.4]'
c1 rule: 'Mcv: (93.0..98.0]', 'Sgot: (-inf..18.2]', 'Drinks: (2.0..5.0]', not 'Alkphos: (-inf..50.4]' => 'Sgpt: (20.2..33.4]'
c1 rule: 'Alkphos: (-inf..50.4]', 'Sgot: (18.2..27.4]', 'Gammagt: (42.2..64.8]', 'Drinks: (5.0..8.0]' => 'Sgpt: (20.2..33.4]'
c1 rule: 'Mcv: (88.0..93.0]', 'Alkphos: (50.4..65.8]', 'Gammagt: (23.6..42.2]', 'Drinks: (2.0..5.0]' => 'Sgpt: (20.2..33.4]'
c1 rule: 'Mcv: (88.0..93.0]', 'Alkphos: (96.6..+inf)', 'Gammagt: (23.6..42.2]', 'Drinks: (-inf..2.0]' => 'Sgpt: (20.2..33.4]'
c1 # of rules: 47
c1 rule time: 0.0612

c1 computing class: (33.4..47.6]
c1 discrimination constraints: 177h
c1 coverage constraints: 34v+885h
c1 formula: 94v, 1152c (1092h+60s)
c1 enumerating rules (maxsat-based)
c1 rule: 'Alkphos: (81.2..96.6]', 'Sgot: (48.8..+inf)' => 'Sgpt: (33.4..47.6]'
c1 rule: 'Mcv: (83.0..88.0]', 'Gammagt: (64.8..105.2]' => 'Sgpt: (33.4..47.6]'
c1 rule: 'Sgot: (27.4..36.6]', 'Gammagt: (42.2..64.8]' => 'Sgpt: (33.4..47.6]'
c1 rule: 'Alkphos: (-inf..50.4]', 'Gammagt: (64.8..105.2]' => 'Sgpt: (33.4..47.6]'
c1 rule: 'Alkphos: (96.6..+inf)', 'Gammagt: (23.6..42.2]', 'Drinks: (2.0..5.0]' => 'Sgpt: (33.4..47.6]'
c1 rule: 'Alkphos: (96.6..+inf)', 'Gammagt: (23.6..42.2]', not 'Sgot: (18.2..27.4]' => 'Sgpt: (33.4..47.6]'
c1 rule: 'Gammagt: (23.6..42.2]', 'Drinks: (8.0..12.0]', not 'Alkphos: (65.8..81.2]' => 'Sgpt: (33.4..47.6]'
c1 rule: 'Mcv: (83.0..88.0]', 'Gammagt: (23.6..42.2]', not 'Sgot: (18.2..27.4]' => 'Sgpt: (33.4..47.6]'
c1 rule: 'Sgot: (27.4..36.6]', 'Gammagt: (23.6..42.2]', not 'Mcv: (88.0..93.0]' => 'Sgpt: (33.4..47.6]'
c1 rule: 'Mcv: (88.0..93.0]', 'Gammagt: (105.2..+inf)', 'Drinks: (-inf..2.0]' => 'Sgpt: (33.4..47.6]'
c1 rule: 'Gammagt: (105.2..+inf)', 'Drinks: (-inf..2.0]', not 'Alkphos: (65.8..81.2]' => 'Sgpt: (33.4..47.6]'
c1 rule: 'Mcv: (83.0..88.0]', 'Sgot: (27.4..36.6]', 'Drinks: (5.0..8.0]' => 'Sgpt: (33.4..47.6]'
c1 rule: 'Alkphos: (96.6..+inf)', 'Sgot: (27.4..36.6]', not 'Mcv: (93.0..98.0]' => 'Sgpt: (33.4..47.6]'
c1 rule: 'Sgot: (36.6..48.8]', 'Gammagt: (64.8..105.2]', not 'Alkphos: (50.4..65.8]' => 'Sgpt: (33.4..47.6]'
c1 rule: 'Mcv: (93.0..98.0]', 'Alkphos: (50.4..65.8]', 'Sgot: (18.2..27.4]', not 'Drinks: (-inf..2.0]' => 'Sgpt: (33.4..47.6]'
c1 rule: 'Mcv: (88.0..93.0]', 'Alkphos: (65.8..81.2]', 'Gammagt: (42.2..64.8]', not 'Drinks: (2.0..5.0]' => 'Sgpt: (33.4..47.6]'
c1 rule: 'Mcv: (93.0..98.0]', 'Gammagt: (42.2..64.8]', 'Drinks: (-inf..2.0]', not 'Alkphos: (-inf..50.4]' => 'Sgpt: (33.4..47.6]'
c1 rule: 'Alkphos: (96.6..+inf)', 'Drinks: (-inf..2.0]', not 'Mcv: (88.0..93.0]', not 'Gammagt: (-inf..23.6]' => 'Sgpt: (33.4..47.6]'
c1 rule: 'Mcv: (88.0..93.0]', 'Alkphos: (-inf..50.4]', 'Sgot: (18.2..27.4]', 'Drinks: (-inf..2.0]' => 'Sgpt: (33.4..47.6]'
c1 rule: 'Alkphos: (50.4..65.8]', 'Gammagt: (23.6..42.2]', 'Drinks: (5.0..8.0]', not 'Sgot: (27.4..36.6]' => 'Sgpt: (33.4..47.6]'
c1 rule: 'Mcv: (83.0..88.0]', 'Alkphos: (50.4..65.8]', 'Sgot: (18.2..27.4]', 'Gammagt: (42.2..64.8]' => 'Sgpt: (33.4..47.6]'
c1 rule: 'Mcv: (88.0..93.0]', 'Alkphos: (65.8..81.2]', 'Sgot: (18.2..27.4]', 'Drinks: (-inf..2.0]', not 'Gammagt: (-inf..23.6]' => 'Sgpt: (33.4..47.6]'
c1 # of rules: 22
c1 rule time: 0.0210

c1 computing class: (47.6..67.8]
c1 discrimination constraints: 195h
c1 coverage constraints: 16v+417h
c1 formula: 76v, 702c (642h+60s)
c1 enumerating rules (maxsat-based)
c1 rule: 'Mcv: (83.0..88.0]', 'Sgot: (36.6..48.8]' => 'Sgpt: (47.6..67.8]'
c1 rule: 'Sgot: (48.8..+inf)', 'Drinks: (8.0..12.0]' => 'Sgpt: (47.6..67.8]'
c1 rule: 'Mcv: (98.0..+inf)', 'Sgot: (36.6..48.8]' => 'Sgpt: (47.6..67.8]'
c1 rule: 'Gammagt: (64.8..105.2]', 'Drinks: (12.0..+inf)' => 'Sgpt: (47.6..67.8]'
c1 rule: 'Sgot: (36.6..48.8]', 'Gammagt: (64.8..105.2]', not 'Alkphos: (81.2..96.6]' => 'Sgpt: (47.6..67.8]'
c1 rule: 'Alkphos: (50.4..65.8]', 'Sgot: (36.6..48.8]', not 'Drinks: (2.0..5.0]' => 'Sgpt: (47.6..67.8]'
c1 rule: 'Alkphos: (50.4..65.8]', 'Sgot: (36.6..48.8]', not 'Mcv: (-inf..83.0]' => 'Sgpt: (47.6..67.8]'
c1 rule: 'Alkphos: (65.8..81.2]', 'Sgot: (36.6..48.8]', not 'Mcv: (88.0..93.0]' => 'Sgpt: (47.6..67.8]'
c1 rule: 'Alkphos: (81.2..96.6]', 'Sgot: (36.6..48.8]', 'Gammagt: (42.2..64.8]' => 'Sgpt: (47.6..67.8]'
c1 rule: 'Mcv: (88.0..93.0]', 'Alkphos: (81.2..96.6]', 'Gammagt: (42.2..64.8]' => 'Sgpt: (47.6..67.8]'
c1 rule: 'Sgot: (27.4..36.6]', 'Gammagt: (105.2..+inf)', 'Drinks: (5.0..8.0]' => 'Sgpt: (47.6..67.8]'
c1 rule: 'Gammagt: (64.8..105.2]', 'Drinks: (-inf..2.0]', not 'Alkphos: (65.8..81.2]' => 'Sgpt: (47.6..67.8]'
c1 rule: 'Alkphos: (50.4..65.8]', 'Gammagt: (64.8..105.2]', 'Drinks: (5.0..8.0]', not 'Sgot: (18.2..27.4]' => 'Sgpt: (47.6..67.8]'
c1 rule: 'Mcv: (88.0..93.0]', 'Alkphos: (50.4..65.8]', 'Sgot: (27.4..36.6]', 'Gammagt: (-inf..23.6]' => 'Sgpt: (47.6..67.8]'
c1 # of rules: 14
c1 rule time: 0.0107

c1 computing class: (67.8..+inf)
c1 discrimination constraints: 198h
c1 coverage constraints: 13v+339h
c1 formula: 73v, 627c (567h+60s)
c1 enumerating rules (maxsat-based)
c1 rule: 'Sgot: (48.8..+inf)', 'Gammagt: (64.8..105.2]' => 'Sgpt: (67.8..+inf)'
c1 rule: 'Drinks: (12.0..+inf)', not 'Alkphos: (65.8..81.2]' => 'Sgpt: (67.8..+inf)'
c1 rule: 'Sgot: (48.8..+inf)', 'Drinks: (-inf..2.0]' => 'Sgpt: (67.8..+inf)'
c1 rule: 'Alkphos: (-inf..50.4]', 'Gammagt: (105.2..+inf)' => 'Sgpt: (67.8..+inf)'
c1 rule: 'Alkphos: (96.6..+inf)', 'Sgot: (48.8..+inf)' => 'Sgpt: (67.8..+inf)'
c1 rule: 'Mcv: (83.0..88.0]', 'Alkphos: (65.8..81.2]', 'Gammagt: (42.2..64.8]' => 'Sgpt: (67.8..+inf)'
c1 rule: 'Alkphos: (65.8..81.2]', 'Sgot: (36.6..48.8]', 'Drinks: (5.0..8.0]' => 'Sgpt: (67.8..+inf)'
c1 rule: 'Mcv: (88.0..93.0]', 'Sgot: (36.6..48.8]', 'Gammagt: (105.2..+inf)' => 'Sgpt: (67.8..+inf)'
c1 rule: 'Mcv: (88.0..93.0]', 'Sgot: (36.6..48.8]', 'Drinks: (8.0..12.0]' => 'Sgpt: (67.8..+inf)'
c1 rule: 'Alkphos: (65.8..81.2]', 'Sgot: (27.4..36.6]', 'Drinks: (5.0..8.0]', not 'Gammagt: (23.6..42.2]' => 'Sgpt: (67.8..+inf)'
c1 rule: 'Alkphos: (65.8..81.2]', 'Gammagt: (23.6..42.2]', 'Drinks: (5.0..8.0]', not 'Mcv: (88.0..93.0]' => 'Sgpt: (67.8..+inf)'
c1 # of rules: 11
c1 rule time: 0.0086

c2 total rules: 124

c0 computing feature 4
c1 computing class: (-inf..18.2]
c1 discrimination constraints: 167h
c1 coverage constraints: 44v+1145h
c1 formula: 104v, 1402c (1342h+60s)
c1 enumerating rules (maxsat-based)
c1 rule: 'Gammagt: (64.8..105.2]', 'Drinks: (2.0..5.0]', not 'Mcv: (-inf..83.0]' => 'Sgot: (-inf..18.2]'
c1 rule: 'Mcv: (93.0..98.0]', 'Alkphos: (-inf..50.4]', 'Gammagt: (-inf..23.6]' => 'Sgot: (-inf..18.2]'
c1 rule: 'Mcv: (93.0..98.0]', 'Alkphos: (50.4..65.8]', 'Sgpt: (-inf..20.2]' => 'Sgot: (-inf..18.2]'
c1 rule: 'Alkphos: (81.2..96.6]', 'Sgpt: (-inf..20.2]', 'Drinks: (2.0..5.0]' => 'Sgot: (-inf..18.2]'
c1 rule: 'Alkphos: (81.2..96.6]', 'Sgpt: (-inf..20.2]', not 'Mcv: (88.0..93.0]' => 'Sgot: (-inf..18.2]'
c1 rule: 'Alkphos: (81.2..96.6]', 'Sgpt: (-inf..20.2]', not 'Drinks: (-inf..2.0]' => 'Sgot: (-inf..18.2]'
c1 rule: 'Alkphos: (81.2..96.6]', 'Sgpt: (-inf..20.2]', not 'Gammagt: (-inf..23.6]' => 'Sgot: (-inf..18.2]'
c1 rule: 'Mcv: (88.0..93.0]', 'Sgpt: (-inf..20.2]', 'Gammagt: (23.6..42.2]' => 'Sgot: (-inf..18.2]'
c1 rule: 'Mcv: (-inf..83.0]', 'Gammagt: (-inf..23.6]', not 'Sgpt: (-inf..20.2]' => 'Sgot: (-inf..18.2]'
c1 rule: 'Mcv: (83.0..88.0]', 'Alkphos: (-inf..50.4]', 'Drinks: (5.0..8.0]' => 'Sgot: (-inf..18.2]'
c1 rule: 'Mcv: (-inf..83.0]', 'Gammagt: (23.6..42.2]', not 'Alkphos: (-inf..50.4]' => 'Sgot: (-inf..18.2]'
c1 rule: 'Mcv: (83.0..88.0]', 'Sgpt: (-inf..20.2]', 'Gammagt: (-inf..23.6]', 'Drinks: (5.0..8.0]' => 'Sgot: (-inf..18.2]'
c1 rule: 'Mcv: (83.0..88.0]', 'Alkphos: (65.8..81.2]', 'Sgpt: (-inf..20.2]', not 'Drinks: (-inf..2.0]' => 'Sgot: (-inf..18.2]'
c1 rule: 'Gammagt: (-inf..23.6]', 'Drinks: (5.0..8.0]', not 'Alkphos: (50.4..65.8]', not 'Sgpt: (-inf..20.2]' => 'Sgot: (-inf..18.2]'
c1 rule: 'Mcv: (88.0..93.0]', 'Alkphos: (-inf..50.4]', not 'Sgpt: (20.2..33.4]', not 'Gammagt: (-inf..23.6]' => 'Sgot: (-inf..18.2]'
c1 rule: 'Mcv: (88.0..93.0]', 'Sgpt: (-inf..20.2]', 'Drinks: (2.0..5.0]', not 'Gammagt: (-inf..23.6]' => 'Sgot: (-inf..18.2]'
c1 rule: 'Mcv: (93.0..98.0]', 'Alkphos: (50.4..65.8]', 'Sgpt: (20.2..33.4]', 'Drinks: (2.0..5.0]' => 'Sgot: (-inf..18.2]'
c1 rule: 'Mcv: (83.0..88.0]', 'Sgpt: (20.2..33.4]', 'Gammagt: (42.2..64.8]', 'Drinks: (-inf..2.0]' => 'Sgot: (-inf..18.2]'
c1 rule: 'Mcv: (88.0..93.0]', 'Alkphos: (81.2..96.6]', 'Gammagt: (23.6..42.2]', 'Drinks: (-inf..2.0]' => 'Sgot: (-inf..18.2]'
c1 rule: 'Mcv: (88.0..93.0]', 'Alkphos: (-inf..50.4]', 'Drinks: (-inf..2.0]', not 'Sgpt: (33.4..47.6]', not 'Gammagt: (23.6..42.2]' => 'Sgot: (-inf..18.2]'
c1 # of rules: 20
c1 rule time: 0.0268

c1 computing class: (18.2..27.4]
c1 discrimination constraints: 104h
c1 coverage constraints: 107v+2783h
c1 formula: 167v, 2977c (2917h+60s)
c1 enumerating rules (maxsat-based)
c1 rule: 'Mcv: (98.0..+inf)', 'Alkphos: (50.4..65.8]' => 'Sgot: (18.2..27.4]'
c1 rule: 'Mcv: (98.0..+inf)', 'Drinks: (8.0..12.0]' => 'Sgot: (18.2..27.4]'
c1 rule: 'Sgpt: (-inf..20.2]', 'Drinks: (8.0..12.0]' => 'Sgot: (18.2..27.4]'
c1 rule: 'Sgpt: (-inf..20.2]', 'Gammagt: (105.2..+inf)' => 'Sgot: (18.2..27.4]'
c1 rule: 'Alkphos: (-inf..50.4]', 'Gammagt: (64.8..105.2]' => 'Sgot: (18.2..27.4]'
c1 rule: 'Mcv: (83.0..88.0]', 'Gammagt: (64.8..105.2]' => 'Sgot: (18.2..27.4]'
c1 rule: 'Alkphos: (-inf..50.4]', 'Sgpt: (33.4..47.6]' => 'Sgot: (18.2..27.4]'
c1 rule: 'Drinks: (12.0..+inf)', not 'Mcv: (93.0..98.0]' => 'Sgot: (18.2..27.4]'
c1 rule: 'Mcv: (83.0..88.0]', 'Sgpt: (67.8..+inf)' => 'Sgot: (18.2..27.4]'
c1 rule: 'Mcv: (98.0..+inf)', 'Alkphos: (-inf..50.4]' => 'Sgot: (18.2..27.4]'
c1 rule: 'Mcv: (98.0..+inf)', 'Sgpt: (20.2..33.4]' => 'Sgot: (18.2..27.4]'
c1 rule: 'Mcv: (-inf..83.0]', 'Gammagt: (105.2..+inf)' => 'Sgot: (18.2..27.4]'
c1 rule: 'Mcv: (-inf..83.0]', 'Alkphos: (96.6..+inf)' => 'Sgot: (18.2..27.4]'
c1 rule: 'Alkphos: (96.6..+inf)', 'Sgpt: (20.2..33.4]' => 'Sgot: (18.2..27.4]'
c1 rule: 'Mcv: (93.0..98.0]', 'Sgpt: (67.8..+inf)', 'Drinks: (5.0..8.0]' => 'Sgot: (18.2..27.4]'
c1 rule: 'Alkphos: (65.8..81.2]', 'Sgpt: (-inf..20.2]', 'Gammagt: (42.2..64.8]' => 'Sgot: (18.2..27.4]'
c1 rule: 'Alkphos: (65.8..81.2]', 'Gammagt: (42.2..64.8]', 'Drinks: (5.0..8.0]' => 'Sgot: (18.2..27.4]'
c1 rule: 'Gammagt: (42.2..64.8]', 'Drinks: (5.0..8.0]', not 'Mcv: (88.0..93.0]' => 'Sgot: (18.2..27.4]'
c1 rule: 'Mcv: (88.0..93.0]', 'Alkphos: (65.8..81.2]', 'Gammagt: (42.2..64.8]' => 'Sgot: (18.2..27.4]'
c1 rule: 'Mcv: (88.0..93.0]', 'Gammagt: (105.2..+inf)', 'Drinks: (-inf..2.0]' => 'Sgot: (18.2..27.4]'
c1 rule: 'Alkphos: (96.6..+inf)', 'Gammagt: (23.6..42.2]', not 'Drinks: (-inf..2.0]' => 'Sgot: (18.2..27.4]'
c1 rule: 'Mcv: (83.0..88.0]', 'Gammagt: (23.6..42.2]', not 'Sgpt: (33.4..47.6]' => 'Sgot: (18.2..27.4]'
c1 rule: 'Alkphos: (96.6..+inf)', not 'Gammagt: (42.2..64.8]', not 'Drinks: (-inf..2.0]' => 'Sgot: (18.2..27.4]'
c1 rule: 'Mcv: (-inf..83.0]', 'Alkphos: (-inf..50.4]', not 'Drinks: (-inf..2.0]' => 'Sgot: (18.2..27.4]'
c1 rule: 'Mcv: (-inf..83.0]', 'Alkphos: (-inf..50.4]', not 'Sgpt: (20.2..33.4]' => 'Sgot: (18.2..27.4]'
c1 rule: 'Mcv: (-inf..83.0]', not 'Alkphos: (50.4..65.8]', not 'Drinks: (-inf..2.0]' => 'Sgot: (18.2..27.4]'
c1 rule: 'Mcv: (-inf..83.0]', 'Sgpt: (-inf..20.2]', not 'Alkphos: (50.4..65.8]' => 'Sgot: (18.2..27.4]'
c1 rule: 'Mcv: (-inf..83.0]', 'Gammagt: (23.6..42.2]', not 'Alkphos: (65.8..81.2]' => 'Sgot: (18.2..27.4]'
c1 rule: 'Alkphos: (65.8..81.2]', 'Sgpt: (-inf..20.2]', 'Drinks: (5.0..8.0]' => 'Sgot: (18.2..27.4]'
c1 rule: 'Sgpt: (-inf..20.2]', not 'Mcv: (88.0..93.0]', not 'Gammagt: (-inf..23.6]' => 'Sgot: (18.2..27.4]'
c1 rule: 'Alkphos: (-inf..50.4]', 'Gammagt: (42.2..64.8]', not 'Sgpt: (-inf..20.2]' => 'Sgot: (18.2..27.4]'
c1 rule: 'Alkphos: (-inf..50.4]', 'Drinks: (5.0..8.0]', not 'Sgpt: (-inf..20.2]' => 'Sgot: (18.2..27.4]'
c1 rule: 'Sgpt: (20.2..33.4]', 'Drinks: (5.0..8.0]', not 'Mcv: (88.0..93.0]' => 'Sgot: (18.2..27.4]'
c1 rule: 'Mcv: (88.0..93.0]', 'Sgpt: (20.2..33.4]', 'Gammagt: (42.2..64.8]' => 'Sgot: (18.2..27.4]'
c1 rule: 'Alkphos: (-inf..50.4]', 'Drinks: (-inf..2.0]', not 'Sgpt: (20.2..33.4]' => 'Sgot: (18.2..27.4]'
c1 rule: 'Mcv: (93.0..98.0]', 'Gammagt: (42.2..64.8]', 'Drinks: (-inf..2.0]' => 'Sgot: (18.2..27.4]'
c1 rule: 'Mcv: (93.0..98.0]', 'Gammagt: (23.6..42.2]', not 'Alkphos: (50.4..65.8]' => 'Sgot: (18.2..27.4]'
c1 rule: 'Alkphos: (-inf..50.4]', 'Gammagt: (23.6..42.2]', not 'Drinks: (-inf..2.0]' => 'Sgot: (18.2..27.4]'
c1 rule: 'Gammagt: (23.6..42.2]', 'Drinks: (5.0..8.0]', not 'Mcv: (88.0..93.0]' => 'Sgot: (18.2..27.4]'
c1 rule: 'Alkphos: (50.4..65.8]', 'Sgpt: (33.4..47.6]', 'Gammagt: (23.6..42.2]' => 'Sgot: (18.2..27.4]'
c1 rule: 'Alkphos: (50.4..65.8]', 'Sgpt: (33.4..47.6]', 'Drinks: (2.0..5.0]' => 'Sgot: (18.2..27.4]'
c1 rule: 'Mcv: (83.0..88.0]', 'Sgpt: (33.4..47.6]', 'Gammagt: (42.2..64.8]' => 'Sgot: (18.2..27.4]'
c1 rule: 'Sgpt: (-inf..20.2]', 'Gammagt: (42.2..64.8]', 'Drinks: (-inf..2.0]' => 'Sgot: (18.2..27.4]'
c1 rule: 'Mcv: (93.0..98.0]', 'Alkphos: (81.2..96.6]', 'Drinks: (-inf..2.0]' => 'Sgot: (18.2..27.4]'
c1 rule: 'Alkphos: (81.2..96.6]', 'Gammagt: (23.6..42.2]', 'Drinks: (5.0..8.0]' => 'Sgot: (18.2..27.4]'
c1 rule: 'Alkphos: (81.2..96.6]', 'Gammagt: (-inf..23.6]', 'Drinks: (2.0..5.0]' => 'Sgot: (18.2..27.4]'
c1 rule: 'Mcv: (93.0..98.0]', 'Alkphos: (65.8..81.2]', 'Drinks: (2.0..5.0]' => 'Sgot: (18.2..27.4]'
c1 rule: 'Sgpt: (20.2..33.4]', 'Gammagt: (64.8..105.2]', 'Drinks: (5.0..8.0]' => 'Sgot: (18.2..27.4]'
c1 rule: 'Sgpt: (20.2..33.4]', 'Gammagt: (-inf..23.6]', 'Drinks: (5.0..8.0]', not 'Alkphos: (65.8..81.2]' => 'Sgot: (18.2..27.4]'
c1 rule: 'Alkphos: (50.4..65.8]', 'Gammagt: (-inf..23.6]', 'Drinks: (5.0..8.0]', not 'Mcv: (83.0..88.0]' => 'Sgot: (18.2..27.4]'
c1 rule: 'Alkphos: (50.4..65.8]', 'Sgpt: (-inf..20.2]', 'Drinks: (2.0..5.0]', not 'Mcv: (88.0..93.0]' => 'Sgot: (18.2..27.4]'
c1 rule: 'Mcv: (88.0..93.0]', 'Sgpt: (33.4..47.6]', 'Drinks: (2.0..5.0]', not 'Gammagt: (105.2..+inf)' => 'Sgot: (18.2..27.4]'
c1 rule: 'Mcv: (88.0..93.0]', 'Sgpt: (33.4..47.6]', 'Gammagt: (23.6..42.2]', 'Drinks: (-inf..2.0]' => 'Sgot: (18.2..27.4]'
c1 rule: 'Mcv: (88.0..93.0]', 'Alkphos: (-inf..50.4]', 'Gammagt: (-inf..23.6]', 'Drinks: (5.0..8.0]' => 'Sgot: (18.2..27.4]'
c1 rule: 'Alkphos: (81.2..96.6]', 'Gammagt: (-inf..23.6]', not 'Mcv: (83.0..88.0]', not 'Sgpt: (20.2..33.4]', not 'Drinks: (5.0..8.0]' => 'Sgot: (18.2..27.4]'
c1 rule: 'Alkphos: (50.4..65.8]', 'Sgpt: (20.2..33.4]', 'Gammagt: (-inf..23.6]', not 'Mcv: (93.0..98.0]', not 'Drinks: (-inf..2.0]' => 'Sgot: (18.2..27.4]'
c1 rule: 'Mcv: (93.0..98.0]', 'Alkphos: (50.4..65.8]', 'Sgpt: (20.2..33.4]', 'Drinks: (-inf..2.0]', not 'Gammagt: (23.6..42.2]' => 'Sgot: (18.2..27.4]'
c1 rule: 'Mcv: (88.0..93.0]', 'Gammagt: (-inf..23.6]', 'Drinks: (2.0..5.0]', not 'Alkphos: (-inf..50.4]', not 'Sgpt: (-inf..20.2]' => 'Sgot: (18.2..27.4]'
c1 # of rules: 58
c1 rule time: 0.0779

c1 computing class: (27.4..36.6]
c1 discrimination constraints: 175h
c1 coverage constraints: 36v+937h
c1 formula: 96v, 1202c (1142h+60s)
c1 enumerating rules (maxsat-based)
c1 rule: 'Drinks: (12.0..+inf)', not 'Gammagt: (-inf..23.6]' => 'Sgot: (27.4..36.6]'
c1 rule: 'Gammagt: (64.8..105.2]', 'Drinks: (8.0..12.0]' => 'Sgot: (27.4..36.6]'
c1 rule: 'Alkphos: (81.2..96.6]', 'Drinks: (8.0..12.0]' => 'Sgot: (27.4..36.6]'
c1 rule: 'Alkphos: (50.4..65.8]', 'Gammagt: (105.2..+inf)' => 'Sgot: (27.4..36.6]'
c1 rule: 'Sgpt: (47.6..67.8]', 'Gammagt: (-inf..23.6]' => 'Sgot: (27.4..36.6]'
c1 rule: 'Sgpt: (47.6..67.8]', 'Drinks: (-inf..2.0]' => 'Sgot: (27.4..36.6]'
c1 rule: 'Mcv: (83.0..88.0]', 'Gammagt: (105.2..+inf)' => 'Sgot: (27.4..36.6]'
c1 rule: 'Mcv: (-inf..83.0]', 'Sgpt: (33.4..47.6]' => 'Sgot: (27.4..36.6]'
c1 rule: 'Alkphos: (96.6..+inf)', 'Drinks: (5.0..8.0]', not 'Gammagt: (23.6..42.2]' => 'Sgot: (27.4..36.6]'
c1 rule: 'Mcv: (98.0..+inf)', 'Drinks: (2.0..5.0]', not 'Sgpt: (-inf..20.2]' => 'Sgot: (27.4..36.6]'
c1 rule: 'Sgpt: (33.4..47.6]', 'Gammagt: (-inf..23.6]', 'Drinks: (5.0..8.0]' => 'Sgot: (27.4..36.6]'
c1 rule: 'Alkphos: (65.8..81.2]', 'Sgpt: (33.4..47.6]', 'Gammagt: (-inf..23.6]' => 'Sgot: (27.4..36.6]'
c1 rule: 'Mcv: (83.0..88.0]', 'Sgpt: (33.4..47.6]', 'Gammagt: (-inf..23.6]' => 'Sgot: (27.4..36.6]'
c1 rule: 'Alkphos: (96.6..+inf)', 'Sgpt: (33.4..47.6]', 'Gammagt: (-inf..23.6]' => 'Sgot: (27.4..36.6]'
c1 rule: 'Mcv: (98.0..+inf)', 'Gammagt: (-inf..23.6]', not 'Alkphos: (50.4..65.8]' => 'Sgot: (27.4..36.6]'
c1 rule: 'Mcv: (83.0..88.0]', 'Sgpt: (33.4..47.6]', 'Drinks: (2.0..5.0]' => 'Sgot: (27.4..36.6]'
c1 rule: 'Mcv: (93.0..98.0]', 'Alkphos: (96.6..+inf)', 'Gammagt: (-inf..23.6]' => 'Sgot: (27.4..36.6]'
c1 rule: 'Mcv: (88.0..93.0]', 'Sgpt: (47.6..67.8]', not 'Gammagt: (42.2..64.8]' => 'Sgot: (27.4..36.6]'
c1 rule: 'Mcv: (88.0..93.0]', 'Alkphos: (81.2..96.6]', 'Sgpt: (20.2..33.4]', not 'Gammagt: (23.6..42.2]' => 'Sgot: (27.4..36.6]'
c1 rule: 'Sgpt: (33.4..47.6]', 'Gammagt: (23.6..42.2]', 'Drinks: (5.0..8.0]', not 'Alkphos: (50.4..65.8]' => 'Sgot: (27.4..36.6]'
c1 rule: 'Alkphos: (65.8..81.2]', 'Gammagt: (23.6..42.2]', 'Drinks: (5.0..8.0]', not 'Sgpt: (67.8..+inf)' => 'Sgot: (27.4..36.6]'
c1 rule: 'Alkphos: (50.4..65.8]', 'Sgpt: (20.2..33.4]', 'Gammagt: (23.6..42.2]', 'Drinks: (5.0..8.0]' => 'Sgot: (27.4..36.6]'
c1 rule: 'Mcv: (88.0..93.0]', 'Alkphos: (-inf..50.4]', 'Drinks: (-inf..2.0]', not 'Gammagt: (-inf..23.6]' => 'Sgot: (27.4..36.6]'
c1 rule: 'Mcv: (83.0..88.0]', 'Alkphos: (65.8..81.2]', 'Sgpt: (-inf..20.2]', not 'Drinks: (2.0..5.0]' => 'Sgot: (27.4..36.6]'
c1 # of rules: 24
c1 rule time: 0.0212

c1 computing class: (36.6..48.8]
c1 discrimination constraints: 196h
c1 coverage constraints: 15v+391h
c1 formula: 75v, 677c (617h+60s)
c1 enumerating rules (maxsat-based)
c1 rule: 'Mcv: (-inf..83.0]', 'Sgpt: (47.6..67.8]' => 'Sgot: (36.6..48.8]'
c1 rule: 'Mcv: (98.0..+inf)', 'Sgpt: (47.6..67.8]' => 'Sgot: (36.6..48.8]'
c1 rule: 'Sgpt: (47.6..67.8]', 'Gammagt: (23.6..42.2]' => 'Sgot: (36.6..48.8]'
c1 rule: 'Sgpt: (67.8..+inf)', 'Drinks: (8.0..12.0]' => 'Sgot: (36.6..48.8]'
c1 rule: 'Mcv: (-inf..83.0]', 'Sgpt: (20.2..33.4]', 'Gammagt: (42.2..64.8]' => 'Sgot: (36.6..48.8]'
c1 rule: 'Mcv: (93.0..98.0]', 'Alkphos: (50.4..65.8]', 'Drinks: (5.0..8.0]' => 'Sgot: (36.6..48.8]'
c1 rule: 'Mcv: (93.0..98.0]', 'Alkphos: (81.2..96.6]', 'Sgpt: (33.4..47.6]' => 'Sgot: (36.6..48.8]'
c1 rule: 'Mcv: (93.0..98.0]', 'Gammagt: (105.2..+inf)', 'Drinks: (8.0..12.0]' => 'Sgot: (36.6..48.8]'
c1 rule: 'Sgpt: (67.8..+inf)', 'Gammagt: (105.2..+inf)', not 'Mcv: (93.0..98.0]' => 'Sgot: (36.6..48.8]'
c1 rule: 'Mcv: (83.0..88.0]', 'Sgpt: (47.6..67.8]', not 'Drinks: (-inf..2.0]' => 'Sgot: (36.6..48.8]'
c1 rule: 'Alkphos: (50.4..65.8]', 'Sgpt: (47.6..67.8]', 'Gammagt: (42.2..64.8]' => 'Sgot: (36.6..48.8]'
c1 # of rules: 11
c1 rule time: 0.0085

c1 computing class: (48.8..+inf)
c1 discrimination constraints: 202h
c1 coverage constraints: 9v+235h
c1 formula: 69v, 527c (467h+60s)
c1 enumerating rules (maxsat-based)
c1 rule: 'Alkphos: (96.6..+inf)', 'Sgpt: (67.8..+inf)' => 'Sgot: (48.8..+inf)'
c1 rule: 'Alkphos: (65.8..81.2]', 'Sgpt: (47.6..67.8]', 'Gammagt: (42.2..64.8]' => 'Sgot: (48.8..+inf)'
c1 rule: 'Alkphos: (81.2..96.6]', 'Gammagt: (105.2..+inf)', 'Drinks: (2.0..5.0]' => 'Sgot: (48.8..+inf)'
c1 rule: 'Sgpt: (67.8..+inf)', 'Gammagt: (105.2..+inf)', 'Drinks: (-inf..2.0]' => 'Sgot: (48.8..+inf)'
c1 rule: 'Sgpt: (67.8..+inf)', 'Drinks: (-inf..2.0]', not 'Gammagt: (42.2..64.8]' => 'Sgot: (48.8..+inf)'
c1 rule: 'Sgpt: (33.4..47.6]', 'Gammagt: (105.2..+inf)', not 'Drinks: (-inf..2.0]' => 'Sgot: (48.8..+inf)'
c1 # of rules: 6
c1 rule time: 0.0067

c2 total rules: 119

c0 computing feature 5
c1 computing class: (-inf..23.6]
c1 discrimination constraints: 124h
c1 coverage constraints: 87v+2263h
c1 formula: 147v, 2477c (2417h+60s)
c1 enumerating rules (maxsat-based)
c1 rule: 'Sgpt: (20.2..33.4]', 'Sgot: (48.8..+inf)' => 'Gammagt: (-inf..23.6]'
c1 rule: 'Mcv: (98.0..+inf)', 'Drinks: (-inf..2.0]' => 'Gammagt: (-inf..23.6]'
c1 rule: 'Sgpt: (-inf..20.2]', 'Sgot: (27.4..36.6]' => 'Gammagt: (-inf..23.6]'
c1 rule: 'Alkphos: (96.6..+inf)', 'Sgot: (-inf..18.2]' => 'Gammagt: (-inf..23.6]'
c1 rule: 'Mcv: (-inf..83.0]', 'Alkphos: (96.6..+inf)' => 'Gammagt: (-inf..23.6]'
c1 rule: 'Drinks: (12.0..+inf)', not 'Sgot: (27.4..36.6]' => 'Gammagt: (-inf..23.6]'
c1 rule: 'Sgpt: (-inf..20.2]', 'Drinks: (8.0..12.0]' => 'Gammagt: (-inf..23.6]'
c1 rule: 'Mcv: (83.0..88.0]', 'Alkphos: (-inf..50.4]', 'Drinks: (5.0..8.0]' => 'Gammagt: (-inf..23.6]'
c1 rule: 'Mcv: (83.0..88.0]', 'Drinks: (5.0..8.0]', not 'Sgot: (18.2..27.4]' => 'Gammagt: (-inf..23.6]'
c1 rule: 'Mcv: (83.0..88.0]', 'Sgpt: (-inf..20.2]', not 'Sgot: (18.2..27.4]' => 'Gammagt: (-inf..23.6]'
c1 rule: 'Sgpt: (-inf..20.2]', not 'Mcv: (88.0..93.0]', not 'Sgot: (18.2..27.4]' => 'Gammagt: (-inf..23.6]'
c1 rule: 'Sgot: (-inf..18.2]', not 'Mcv: (88.0..93.0]', not 'Drinks: (-inf..2.0]' => 'Gammagt: (-inf..23.6]'
c1 rule: 'Mcv: (83.0..88.0]', 'Sgot: (-inf..18.2]', not 'Alkphos: (50.4..65.8]' => 'Gammagt: (-inf..23.6]'
c1 rule: 'Alkphos: (50.4..65.8]', 'Sgpt: (33.4..47.6]', 'Drinks: (2.0..5.0]' => 'Gammagt: (-inf..23.6]'
c1 rule: 'Mcv: (98.0..+inf)', 'Alkphos: (50.4..65.8]', not 'Sgpt: (20.2..33.4]' => 'Gammagt: (-inf..23.6]'
c1 rule: 'Alkphos: (81.2..96.6]', 'Sgpt: (-inf..20.2]', not 'Sgot: (-inf..18.2]' => 'Gammagt: (-inf..23.6]'
c1 rule: 'Alkphos: (81.2..96.6]', 'Sgpt: (-inf..20.2]', 'Drinks: (5.0..8.0]' => 'Gammagt: (-inf..23.6]'
c1 rule: 'Sgot: (-inf..18.2]', 'Drinks: (5.0..8.0]', not 'Sgpt: (-inf..20.2]' => 'Gammagt: (-inf..23.6]'
c1 rule: 'Alkphos: (-inf..50.4]', 'Sgot: (-inf..18.2]', not 'Sgpt: (-inf..20.2]' => 'Gammagt: (-inf..23.6]'
c1 rule: 'Alkphos: (-inf..50.4]', 'Sgot: (-inf..18.2]', not 'Drinks: (5.0..8.0]' => 'Gammagt: (-inf..23.6]'
c1 rule: 'Mcv: (83.0..88.0]', 'Alkphos: (-inf..50.4]', 'Sgpt: (-inf..20.2]' => 'Gammagt: (-inf..23.6]'
c1 rule: 'Mcv: (83.0..88.0]', 'Alkphos: (-inf..50.4]', not 'Drinks: (-inf..2.0]' => 'Gammagt: (-inf..23.6]'
c1 rule: 'Alkphos: (-inf..50.4]', 'Sgot: (27.4..36.6]', not 'Drinks: (-inf..2.0]' => 'Gammagt: (-inf..23.6]'
c1 rule: 'Mcv: (83.0..88.0]', 'Sgpt: (-inf..20.2]', 'Drinks: (-inf..2.0]' => 'Gammagt: (-inf..23.6]'
c1 rule: 'Mcv: (83.0..88.0]', 'Sgpt: (47.6..67.8]', 'Drinks: (-inf..2.0]' => 'Gammagt: (-inf..23.6]'
c1 rule: 'Alkphos: (50.4..65.8]', 'Sgpt: (-inf..20.2]', 'Drinks: (-inf..2.0]' => 'Gammagt: (-inf..23.6]'
c1 rule: 'Alkphos: (96.6..+inf)', 'Sgpt: (-inf..20.2]', 'Drinks: (2.0..5.0]' => 'Gammagt: (-inf..23.6]'
c1 rule: 'Alkphos: (65.8..81.2]', 'Sgpt: (-inf..20.2]', 'Drinks: (2.0..5.0]' => 'Gammagt: (-inf..23.6]'
c1 rule: 'Mcv: (93.0..98.0]', 'Alkphos: (65.8..81.2]', 'Drinks: (2.0..5.0]' => 'Gammagt: (-inf..23.6]'
c1 rule: 'Mcv: (-inf..83.0]', 'Alkphos: (-inf..50.4]', not 'Sgpt: (20.2..33.4]' => 'Gammagt: (-inf..23.6]'
c1 rule: 'Mcv: (-inf..83.0]', 'Sgot: (-inf..18.2]', not 'Alkphos: (65.8..81.2]' => 'Gammagt: (-inf..23.6]'
c1 rule: 'Alkphos: (-inf..50.4]', 'Sgpt: (33.4..47.6]', 'Drinks: (-inf..2.0]' => 'Gammagt: (-inf..23.6]'
c1 rule: 'Mcv: (93.0..98.0]', 'Alkphos: (65.8..81.2]', 'Sgot: (-inf..18.2]' => 'Gammagt: (-inf..23.6]'
c1 rule: 'Mcv: (83.0..88.0]', 'Alkphos: (50.4..65.8]', 'Sgpt: (33.4..47.6]', not 'Sgot: (18.2..27.4]' => 'Gammagt: (-inf..23.6]'
c1 rule: 'Alkphos: (50.4..65.8]', 'Sgot: (27.4..36.6]', 'Drinks: (-inf..2.0]', not 'Mcv: (88.0..93.0]' => 'Gammagt: (-inf..23.6]'
c1 rule: 'Mcv: (83.0..88.0]', 'Alkphos: (65.8..81.2]', 'Drinks: (-inf..2.0]', not 'Sgot: (18.2..27.4]' => 'Gammagt: (-inf..23.6]'
c1 rule: 'Alkphos: (50.4..65.8]', 'Sgpt: (-inf..20.2]', not 'Mcv: (-inf..83.0]', not 'Drinks: (2.0..5.0]' => 'Gammagt: (-inf..23.6]'
c1 rule: 'Mcv: (88.0..93.0]', 'Sgpt: (-inf..20.2]', 'Sgot: (18.2..27.4]', not 'Alkphos: (96.6..+inf)' => 'Gammagt: (-inf..23.6]'
c1 rule: 'Mcv: (88.0..93.0]', 'Alkphos: (50.4..65.8]', 'Sgot: (-inf..18.2]', not 'Drinks: (2.0..5.0]' => 'Gammagt: (-inf..23.6]'
c1 rule: 'Alkphos: (96.6..+inf)', 'Drinks: (-inf..2.0]', not 'Mcv: (88.0..93.0]', not 'Sgpt: (33.4..47.6]' => 'Gammagt: (-inf..23.6]'
c1 rule: 'Alkphos: (81.2..96.6]', 'Sgpt: (20.2..33.4]', 'Sgot: (27.4..36.6]', not 'Drinks: (8.0..12.0]' => 'Gammagt: (-inf..23.6]'
c1 rule: 'Mcv: (88.0..93.0]', 'Alkphos: (65.8..81.2]', 'Sgot: (18.2..27.4]', 'Drinks: (-inf..2.0]', not 'Sgpt: (33.4..47.6]' => 'Gammagt: (-inf..23.6]'
c1 rule: 'Mcv: (88.0..93.0]', 'Alkphos: (50.4..65.8]', 'Sgpt: (20.2..33.4]', 'Drinks: (5.0..8.0]', not 'Sgot: (27.4..36.6]' => 'Gammagt: (-inf..23.6]'
c1 # of rules: 43
c1 rule time: 0.0506

c1 computing class: (105.2..+inf)
c1 discrimination constraints: 192h
c1 coverage constraints: 19v+495h
c1 formula: 79v, 777c (717h+60s)
c1 enumerating rules (maxsat-based)
c1 rule: 'Alkphos: (81.2..96.6]', 'Sgpt: (67.8..+inf)' => 'Gammagt: (105.2..+inf)'
c1 rule: 'Alkphos: (81.2..96.6]', 'Sgot: (48.8..+inf)' => 'Gammagt: (105.2..+inf)'
c1 rule: 'Mcv: (98.0..+inf)', 'Sgpt: (47.6..67.8]' => 'Gammagt: (105.2..+inf)'
c1 rule: 'Alkphos: (-inf..50.4]', 'Sgpt: (67.8..+inf)' => 'Gammagt: (105.2..+inf)'
c1 rule: 'Alkphos: (81.2..96.6]', 'Sgpt: (33.4..47.6]', 'Sgot: (18.2..27.4]' => 'Gammagt: (105.2..+inf)'
c1 rule: 'Alkphos: (81.2..96.6]', 'Sgpt: (33.4..47.6]', 'Drinks: (-inf..2.0]' => 'Gammagt: (105.2..+inf)'
c1 rule: 'Alkphos: (81.2..96.6]', 'Sgpt: (47.6..67.8]', 'Sgot: (27.4..36.6]' => 'Gammagt: (105.2..+inf)'
c1 rule: 'Alkphos: (50.4..65.8]', 'Sgot: (27.4..36.6]', 'Drinks: (2.0..5.0]' => 'Gammagt: (105.2..+inf)'
c1 rule: 'Alkphos: (65.8..81.2]', 'Sgot: (36.6..48.8]', not 'Mcv: (88.0..93.0]' => 'Gammagt: (105.2..+inf)'
c1 rule: 'Alkphos: (65.8..81.2]', 'Sgot: (36.6..48.8]', 'Drinks: (5.0..8.0]' => 'Gammagt: (105.2..+inf)'
c1 rule: 'Sgot: (48.8..+inf)', 'Drinks: (-inf..2.0]', not 'Mcv: (88.0..93.0]' => 'Gammagt: (105.2..+inf)'
c1 rule: 'Alkphos: (81.2..96.6]', 'Drinks: (8.0..12.0]', not 'Sgpt: (33.4..47.6]' => 'Gammagt: (105.2..+inf)'
c1 rule: 'Mcv: (88.0..93.0]', 'Alkphos: (65.8..81.2]', 'Sgot: (27.4..36.6]', not 'Drinks: (5.0..8.0]' => 'Gammagt: (105.2..+inf)'
c1 rule: 'Mcv: (-inf..83.0]', 'Sgpt: (20.2..33.4]', 'Drinks: (-inf..2.0]', not 'Alkphos: (-inf..50.4]', not 'Sgot: (-inf..18.2]' => 'Gammagt: (105.2..+inf)'
c1 # of rules: 14
c1 rule time: 0.0123

c1 computing class: (23.6..42.2]
c1 discrimination constraints: 157h
c1 coverage constraints: 54v+1405h
c1 formula: 114v, 1652c (1592h+60s)
c1 enumerating rules (maxsat-based)
c1 rule: 'Sgpt: (47.6..67.8]', 'Drinks: (2.0..5.0]' => 'Gammagt: (23.6..42.2]'
c1 rule: 'Sgot: (36.6..48.8]', 'Drinks: (-inf..2.0]' => 'Gammagt: (23.6..42.2]'
c1 rule: 'Mcv: (98.0..+inf)', 'Drinks: (8.0..12.0]' => 'Gammagt: (23.6..42.2]'
c1 rule: 'Sgpt: (33.4..47.6]', 'Drinks: (8.0..12.0]' => 'Gammagt: (23.6..42.2]'
c1 rule: 'Sgpt: (67.8..+inf)', 'Drinks: (8.0..12.0]' => 'Gammagt: (23.6..42.2]'
c1 rule: 'Mcv: (83.0..88.0]', 'Sgot: (18.2..27.4]', 'Drinks: (5.0..8.0]' => 'Gammagt: (23.6..42.2]'
c1 rule: 'Alkphos: (-inf..50.4]', 'Sgot: (27.4..36.6]', not 'Drinks: (2.0..5.0]' => 'Gammagt: (23.6..42.2]'
c1 rule: 'Mcv: (98.0..+inf)', 'Sgot: (27.4..36.6]', not 'Sgpt: (-inf..20.2]' => 'Gammagt: (23.6..42.2]'
c1 rule: 'Mcv: (98.0..+inf)', 'Sgpt: (20.2..33.4]', not 'Alkphos: (50.4..65.8]' => 'Gammagt: (23.6..42.2]'
c1 rule: 'Sgpt: (20.2..33.4]', 'Sgot: (27.4..36.6]', 'Drinks: (5.0..8.0]' => 'Gammagt: (23.6..42.2]'
c1 rule: 'Sgpt: (67.8..+inf)', 'Drinks: (5.0..8.0]', not 'Mcv: (88.0..93.0]' => 'Gammagt: (23.6..42.2]'
c1 rule: 'Alkphos: (81.2..96.6]', 'Sgot: (-inf..18.2]', 'Drinks: (2.0..5.0]' => 'Gammagt: (23.6..42.2]'
c1 rule: 'Mcv: (83.0..88.0]', 'Sgpt: (33.4..47.6]', 'Drinks: (2.0..5.0]' => 'Gammagt: (23.6..42.2]'
c1 rule: 'Alkphos: (65.8..81.2]', 'Sgpt: (33.4..47.6]', 'Drinks: (2.0..5.0]' => 'Gammagt: (23.6..42.2]'
c1 rule: 'Alkphos: (96.6..+inf)', 'Sgpt: (33.4..47.6]', 'Drinks: (2.0..5.0]' => 'Gammagt: (23.6..42.2]'
c1 rule: 'Alkphos: (65.8..81.2]', 'Sgot: (18.2..27.4]', 'Drinks: (8.0..12.0]' => 'Gammagt: (23.6..42.2]'
c1 rule: 'Alkphos: (96.6..+inf)', 'Drinks: (5.0..8.0]', not 'Sgpt: (33.4..47.6]' => 'Gammagt: (23.6..42.2]'
c1 rule: 'Mcv: (83.0..88.0]', 'Alkphos: (96.6..+inf)', not 'Sgot: (18.2..27.4]' => 'Gammagt: (23.6..42.2]'
c1 rule: 'Mcv: (83.0..88.0]', 'Alkphos: (96.6..+inf)', 'Sgpt: (33.4..47.6]' => 'Gammagt: (23.6..42.2]'
c1 rule: 'Alkphos: (96.6..+inf)', 'Sgpt: (20.2..33.4]', not 'Mcv: (83.0..88.0]' => 'Gammagt: (23.6..42.2]'
c1 rule: 'Mcv: (-inf..83.0]', 'Alkphos: (65.8..81.2]', 'Sgot: (-inf..18.2]' => 'Gammagt: (23.6..42.2]'
c1 rule: 'Mcv: (83.0..88.0]', 'Alkphos: (65.8..81.2]', 'Sgot: (18.2..27.4]', not 'Drinks: (-inf..2.0]' => 'Gammagt: (23.6..42.2]'
c1 rule: 'Mcv: (88.0..93.0]', 'Alkphos: (50.4..65.8]', 'Sgpt: (33.4..47.6]', not 'Drinks: (-inf..2.0]' => 'Gammagt: (23.6..42.2]'
c1 rule: 'Mcv: (88.0..93.0]', 'Alkphos: (50.4..65.8]', 'Sgpt: (20.2..33.4]', 'Sgot: (27.4..36.6]' => 'Gammagt: (23.6..42.2]'
c1 rule: 'Alkphos: (65.8..81.2]', 'Sgot: (27.4..36.6]', 'Drinks: (5.0..8.0]', not 'Sgpt: (67.8..+inf)' => 'Gammagt: (23.6..42.2]'
c1 rule: 'Mcv: (-inf..83.0]', 'Sgpt: (20.2..33.4]', 'Sgot: (18.2..27.4]', not 'Alkphos: (65.8..81.2]' => 'Gammagt: (23.6..42.2]'
c1 rule: 'Mcv: (88.0..93.0]', 'Sgot: (-inf..18.2]', 'Drinks: (2.0..5.0]', not 'Sgpt: (-inf..20.2]' => 'Gammagt: (23.6..42.2]'
c1 rule: 'Alkphos: (81.2..96.6]', 'Sgot: (-inf..18.2]', not 'Mcv: (83.0..88.0]', not 'Sgpt: (-inf..20.2]' => 'Gammagt: (23.6..42.2]'
c1 rule: 'Alkphos: (81.2..96.6]', 'Sgot: (-inf..18.2]', not 'Mcv: (83.0..88.0]', not 'Drinks: (5.0..8.0]' => 'Gammagt: (23.6..42.2]'
c1 rule: 'Mcv: (88.0..93.0]', 'Alkphos: (81.2..96.6]', 'Sgpt: (20.2..33.4]', not 'Sgot: (27.4..36.6]' => 'Gammagt: (23.6..42.2]'
c1 rule: 'Mcv: (88.0..93.0]', 'Alkphos: (65.8..81.2]', 'Sgpt: (33.4..47.6]', not 'Drinks: (5.0..8.0]' => 'Gammagt: (23.6..42.2]'
c1 rule: 'Mcv: (93.0..98.0]', 'Alkphos: (65.8..81.2]', 'Sgpt: (-inf..20.2]', not 'Drinks: (5.0..8.0]' => 'Gammagt: (23.6..42.2]'
c1 rule: 'Mcv: (83.0..88.0]', 'Alkphos: (50.4..65.8]', 'Sgot: (18.2..27.4]', not 'Sgpt: (-inf..20.2]', not 'Drinks: (-inf..2.0]' => 'Gammagt: (23.6..42.2]'
c1 rule: 'Mcv: (93.0..98.0]', 'Sgpt: (20.2..33.4]', 'Drinks: (-inf..2.0]', not 'Alkphos: (65.8..81.2]', not 'Sgot: (18.2..27.4]' => 'Gammagt: (23.6..42.2]'
c1 # of rules: 34
c1 rule time: 0.0372

c1 computing class: (42.2..64.8]
c1 discrimination constraints: 178h
c1 coverage constraints: 33v+859h
c1 formula: 93v, 1127c (1067h+60s)
c1 enumerating rules (maxsat-based)
c1 rule: 'Sgpt: (47.6..67.8]', 'Sgot: (18.2..27.4]' => 'Gammagt: (42.2..64.8]'
c1 rule: 'Mcv: (98.0..+inf)', 'Alkphos: (-inf..50.4]' => 'Gammagt: (42.2..64.8]'
c1 rule: 'Mcv: (83.0..88.0]', 'Sgot: (36.6..48.8]' => 'Gammagt: (42.2..64.8]'
c1 rule: 'Sgot: (48.8..+inf)', 'Drinks: (8.0..12.0]' => 'Gammagt: (42.2..64.8]'
c1 rule: 'Alkphos: (96.6..+inf)', 'Sgot: (48.8..+inf)' => 'Gammagt: (42.2..64.8]'
c1 rule: 'Mcv: (-inf..83.0]', 'Sgot: (27.4..36.6]' => 'Gammagt: (42.2..64.8]'
c1 rule: 'Mcv: (83.0..88.0]', 'Sgpt: (67.8..+inf)' => 'Gammagt: (42.2..64.8]'
c1 rule: 'Sgpt: (20.2..33.4]', 'Sgot: (36.6..48.8]', not 'Mcv: (88.0..93.0]' => 'Gammagt: (42.2..64.8]'
c1 rule: 'Mcv: (93.0..98.0]', 'Alkphos: (-inf..50.4]', 'Drinks: (-inf..2.0]' => 'Gammagt: (42.2..64.8]'
c1 rule: 'Mcv: (93.0..98.0]', 'Sgpt: (33.4..47.6]', 'Drinks: (-inf..2.0]' => 'Gammagt: (42.2..64.8]'
c1 rule: 'Alkphos: (96.6..+inf)', 'Sgpt: (20.2..33.4]', 'Drinks: (2.0..5.0]' => 'Gammagt: (42.2..64.8]'
c1 rule: 'Mcv: (88.0..93.0]', 'Alkphos: (96.6..+inf)', 'Drinks: (5.0..8.0]' => 'Gammagt: (42.2..64.8]'
c1 rule: 'Mcv: (88.0..93.0]', 'Sgpt: (47.6..67.8]', 'Sgot: (36.6..48.8]' => 'Gammagt: (42.2..64.8]'
c1 rule: 'Mcv: (-inf..83.0]', 'Drinks: (5.0..8.0]', not 'Sgot: (36.6..48.8]' => 'Gammagt: (42.2..64.8]'
c1 rule: 'Mcv: (93.0..98.0]', 'Alkphos: (-inf..50.4]', 'Sgpt: (20.2..33.4]' => 'Gammagt: (42.2..64.8]'
c1 rule: 'Alkphos: (65.8..81.2]', 'Sgpt: (20.2..33.4]', 'Drinks: (5.0..8.0]', not 'Mcv: (88.0..93.0]' => 'Gammagt: (42.2..64.8]'
c1 rule: 'Alkphos: (65.8..81.2]', 'Sgpt: (33.4..47.6]', 'Drinks: (5.0..8.0]', not 'Sgot: (27.4..36.6]' => 'Gammagt: (42.2..64.8]'
c1 rule: 'Mcv: (88.0..93.0]', 'Alkphos: (50.4..65.8]', 'Sgpt: (33.4..47.6]', 'Drinks: (-inf..2.0]' => 'Gammagt: (42.2..64.8]'
c1 rule: 'Mcv: (88.0..93.0]', 'Alkphos: (-inf..50.4]', 'Sgot: (-inf..18.2]', 'Drinks: (5.0..8.0]' => 'Gammagt: (42.2..64.8]'
c1 rule: 'Alkphos: (96.6..+inf)', 'Sgpt: (33.4..47.6]', 'Drinks: (-inf..2.0]', not 'Mcv: (83.0..88.0]', not 'Sgot: (27.4..36.6]' => 'Gammagt: (42.2..64.8]'
c1 # of rules: 20
c1 rule time: 0.0197

c1 computing class: (64.8..105.2]
c1 discrimination constraints: 193h
c1 coverage constraints: 18v+469h
c1 formula: 78v, 752c (692h+60s)
c1 enumerating rules (maxsat-based)
c1 rule: 'Sgpt: (33.4..47.6]', 'Sgot: (36.6..48.8]' => 'Gammagt: (64.8..105.2]'
c1 rule: 'Sgpt: (47.6..67.8]', 'Drinks: (12.0..+inf)' => 'Gammagt: (64.8..105.2]'
c1 rule: 'Mcv: (-inf..83.0]', 'Sgpt: (47.6..67.8]' => 'Gammagt: (64.8..105.2]'
c1 rule: 'Alkphos: (65.8..81.2]', 'Sgpt: (67.8..+inf)', 'Sgot: (27.4..36.6]' => 'Gammagt: (64.8..105.2]'
c1 rule: 'Mcv: (98.0..+inf)', 'Drinks: (5.0..8.0]', not 'Alkphos: (81.2..96.6]' => 'Gammagt: (64.8..105.2]'
c1 rule: 'Mcv: (93.0..98.0]', 'Alkphos: (50.4..65.8]', 'Drinks: (5.0..8.0]' => 'Gammagt: (64.8..105.2]'
c1 rule: 'Mcv: (93.0..98.0]', 'Alkphos: (50.4..65.8]', 'Sgot: (27.4..36.6]' => 'Gammagt: (64.8..105.2]'
c1 rule: 'Alkphos: (-inf..50.4]', 'Sgpt: (33.4..47.6]', not 'Mcv: (88.0..93.0]' => 'Gammagt: (64.8..105.2]'
c1 rule: 'Mcv: (88.0..93.0]', 'Sgpt: (67.8..+inf)', not 'Sgot: (36.6..48.8]' => 'Gammagt: (64.8..105.2]'
c1 rule: 'Sgpt: (47.6..67.8]', 'Drinks: (5.0..8.0]', not 'Alkphos: (81.2..96.6]', not 'Sgot: (36.6..48.8]' => 'Gammagt: (64.8..105.2]'
c1 rule: 'Alkphos: (65.8..81.2]', 'Sgpt: (33.4..47.6]', 'Sgot: (18.2..27.4]', not 'Mcv: (88.0..93.0]' => 'Gammagt: (64.8..105.2]'
c1 rule: 'Mcv: (-inf..83.0]', 'Alkphos: (65.8..81.2]', not 'Sgpt: (-inf..20.2]', not 'Drinks: (-inf..2.0]' => 'Gammagt: (64.8..105.2]'
c1 rule: 'Mcv: (-inf..83.0]', 'Alkphos: (65.8..81.2]', 'Sgpt: (-inf..20.2]', 'Drinks: (-inf..2.0]' => 'Gammagt: (64.8..105.2]'
c1 rule: 'Alkphos: (65.8..81.2]', 'Sgpt: (20.2..33.4]', 'Sgot: (18.2..27.4]', 'Drinks: (5.0..8.0]', not 'Mcv: (93.0..98.0]' => 'Gammagt: (64.8..105.2]'
c1 # of rules: 14
c1 rule time: 0.0123

c2 total rules: 125

c0 computing feature 6
c1 computing class: (-inf..2.0]
c1 discrimination constraints: 119h
c1 coverage constraints: 92v+2393h
c1 formula: 152v, 2602c (2542h+60s)
c1 enumerating rules (maxsat-based)
c1 rule: 'Mcv: (-inf..83.0]', 'Sgot: (27.4..36.6]' => 'Drinks: (-inf..2.0]'
c1 rule: 'Mcv: (-inf..83.0]', 'Gammagt: (105.2..+inf)' => 'Drinks: (-inf..2.0]'
c1 rule: 'Mcv: (83.0..88.0]', 'Sgpt: (67.8..+inf)' => 'Drinks: (-inf..2.0]'
c1 rule: 'Mcv: (-inf..83.0]', 'Gammagt: (23.6..42.2]' => 'Drinks: (-inf..2.0]'
c1 rule: 'Mcv: (-inf..83.0]', 'Sgot: (-inf..18.2]' => 'Drinks: (-inf..2.0]'
c1 rule: 'Alkphos: (96.6..+inf)', 'Sgot: (-inf..18.2]' => 'Drinks: (-inf..2.0]'
c1 rule: 'Mcv: (83.0..88.0]', 'Gammagt: (64.8..105.2]' => 'Drinks: (-inf..2.0]'
c1 rule: 'Sgpt: (-inf..20.2]', 'Sgot: (27.4..36.6]' => 'Drinks: (-inf..2.0]'
c1 rule: 'Sgpt: (47.6..67.8]', 'Gammagt: (-inf..23.6]' => 'Drinks: (-inf..2.0]'
c1 rule: 'Sgot: (-inf..18.2]', 'Gammagt: (23.6..42.2]', not 'Mcv: (88.0..93.0]' => 'Drinks: (-inf..2.0]'
c1 rule: 'Mcv: (83.0..88.0]', 'Alkphos: (-inf..50.4]', not 'Gammagt: (-inf..23.6]' => 'Drinks: (-inf..2.0]'
c1 rule: 'Alkphos: (65.8..81.2]', 'Sgpt: (-inf..20.2]', 'Gammagt: (23.6..42.2]' => 'Drinks: (-inf..2.0]'
c1 rule: 'Mcv: (93.0..98.0]', 'Alkphos: (50.4..65.8]', 'Sgpt: (-inf..20.2]' => 'Drinks: (-inf..2.0]'
c1 rule: 'Mcv: (93.0..98.0]', 'Alkphos: (81.2..96.6]', 'Gammagt: (23.6..42.2]' => 'Drinks: (-inf..2.0]'
c1 rule: 'Mcv: (93.0..98.0]', 'Alkphos: (81.2..96.6]', 'Gammagt: (-inf..23.6]' => 'Drinks: (-inf..2.0]'
c1 rule: 'Mcv: (83.0..88.0]', 'Alkphos: (81.2..96.6]', not 'Sgpt: (20.2..33.4]' => 'Drinks: (-inf..2.0]'
c1 rule: 'Mcv: (83.0..88.0]', 'Alkphos: (81.2..96.6]', not 'Sgot: (18.2..27.4]' => 'Drinks: (-inf..2.0]'
c1 rule: 'Alkphos: (81.2..96.6]', 'Sgpt: (-inf..20.2]', 'Sgot: (18.2..27.4]' => 'Drinks: (-inf..2.0]'
c1 rule: 'Alkphos: (81.2..96.6]', 'Sgot: (-inf..18.2]', not 'Sgpt: (-inf..20.2]' => 'Drinks: (-inf..2.0]'
c1 rule: 'Sgot: (-inf..18.2]', not 'Mcv: (88.0..93.0]', not 'Gammagt: (-inf..23.6]' => 'Drinks: (-inf..2.0]'
c1 rule: 'Alkphos: (96.6..+inf)', 'Gammagt: (23.6..42.2]', not 'Sgot: (18.2..27.4]' => 'Drinks: (-inf..2.0]'
c1 rule: 'Alkphos: (96.6..+inf)', not 'Sgot: (18.2..27.4]', not 'Gammagt: (42.2..64.8]' => 'Drinks: (-inf..2.0]'
c1 rule: 'Mcv: (88.0..93.0]', 'Alkphos: (96.6..+inf)', 'Sgpt: (20.2..33.4]' => 'Drinks: (-inf..2.0]'
c1 rule: 'Alkphos: (96.6..+inf)', 'Sgpt: (-inf..20.2]', 'Gammagt: (42.2..64.8]' => 'Drinks: (-inf..2.0]'
c1 rule: 'Sgpt: (-inf..20.2]', 'Gammagt: (64.8..105.2]', not 'Sgot: (-inf..18.2]' => 'Drinks: (-inf..2.0]'
c1 rule: 'Mcv: (93.0..98.0]', 'Alkphos: (65.8..81.2]', 'Sgot: (-inf..18.2]' => 'Drinks: (-inf..2.0]'
c1 rule: 'Alkphos: (96.6..+inf)', 'Gammagt: (-inf..23.6]', not 'Sgpt: (-inf..20.2]' => 'Drinks: (-inf..2.0]'
c1 rule: 'Sgpt: (33.4..47.6]', 'Gammagt: (42.2..64.8]', not 'Mcv: (88.0..93.0]' => 'Drinks: (-inf..2.0]'
c1 rule: 'Alkphos: (50.4..65.8]', 'Sgpt: (33.4..47.6]', 'Gammagt: (42.2..64.8]' => 'Drinks: (-inf..2.0]'
c1 rule: 'Alkphos: (-inf..50.4]', 'Sgot: (27.4..36.6]', not 'Gammagt: (-inf..23.6]' => 'Drinks: (-inf..2.0]'
c1 rule: 'Alkphos: (81.2..96.6]', 'Sgot: (27.4..36.6]', 'Gammagt: (-inf..23.6]' => 'Drinks: (-inf..2.0]'
c1 rule: 'Sgpt: (33.4..47.6]', 'Gammagt: (-inf..23.6]', not 'Alkphos: (50.4..65.8]' => 'Drinks: (-inf..2.0]'
c1 rule: 'Alkphos: (81.2..96.6]', 'Sgpt: (33.4..47.6]', 'Sgot: (18.2..27.4]' => 'Drinks: (-inf..2.0]'
c1 rule: 'Sgpt: (20.2..33.4]', 'Sgot: (36.6..48.8]', not 'Mcv: (-inf..83.0]' => 'Drinks: (-inf..2.0]'
c1 rule: 'Mcv: (-inf..83.0]', 'Alkphos: (50.4..65.8]', 'Gammagt: (-inf..23.6]' => 'Drinks: (-inf..2.0]'
c1 rule: 'Alkphos: (96.6..+inf)', 'Sgpt: (33.4..47.6]', not 'Mcv: (88.0..93.0]' => 'Drinks: (-inf..2.0]'
c1 rule: 'Alkphos: (65.8..81.2]', 'Sgot: (48.8..+inf)', 'Gammagt: (105.2..+inf)' => 'Drinks: (-inf..2.0]'
c1 rule: 'Mcv: (93.0..98.0]', 'Sgpt: (20.2..33.4]', 'Gammagt: (23.6..42.2]', not 'Alkphos: (96.6..+inf)' => 'Drinks: (-inf..2.0]'
c1 rule: 'Mcv: (83.0..88.0]', 'Alkphos: (65.8..81.2]', 'Sgot: (18.2..27.4]', not 'Gammagt: (23.6..42.2]' => 'Drinks: (-inf..2.0]'
c1 rule: 'Mcv: (83.0..88.0]', 'Alkphos: (50.4..65.8]', 'Sgpt: (20.2..33.4]', 'Gammagt: (-inf..23.6]' => 'Drinks: (-inf..2.0]'
c1 rule: 'Mcv: (93.0..98.0]', 'Alkphos: (50.4..65.8]', 'Sgot: (18.2..27.4]', not 'Sgpt: (33.4..47.6]' => 'Drinks: (-inf..2.0]'
c1 rule: 'Mcv: (93.0..98.0]', 'Sgpt: (-inf..20.2]', not 'Alkphos: (65.8..81.2]', not 'Sgot: (-inf..18.2]' => 'Drinks: (-inf..2.0]'
c1 rule: 'Mcv: (88.0..93.0]', 'Alkphos: (96.6..+inf)', 'Sgot: (18.2..27.4]', 'Gammagt: (42.2..64.8]' => 'Drinks: (-inf..2.0]'
c1 rule: 'Alkphos: (50.4..65.8]', 'Sgot: (18.2..27.4]', 'Gammagt: (42.2..64.8]', not 'Mcv: (-inf..83.0]' => 'Drinks: (-inf..2.0]'
c1 rule: 'Mcv: (88.0..93.0]', 'Alkphos: (-inf..50.4]', 'Sgpt: (20.2..33.4]', 'Sgot: (-inf..18.2]' => 'Drinks: (-inf..2.0]'
c1 rule: 'Mcv: (88.0..93.0]', 'Alkphos: (50.4..65.8]', 'Gammagt: (-inf..23.6]', not 'Sgpt: (-inf..20.2]', not 'Sgot: (18.2..27.4]' => 'Drinks: (-inf..2.0]'
c1 # of rules: 46
c1 rule time: 0.0655

c1 computing class: (12.0..+inf)
c1 discrimination constraints: 208h
c1 coverage constraints: 3v+79h
c1 formula: 63v, 377c (317h+60s)
c1 enumerating rules (maxsat-based)
c1 rule: 'Alkphos: (65.8..81.2]', 'Sgpt: (47.6..67.8]', 'Gammagt: (64.8..105.2]' => 'Drinks: (12.0..+inf)'
c1 rule: 'Mcv: (93.0..98.0]', 'Alkphos: (81.2..96.6]', 'Sgot: (27.4..36.6]' => 'Drinks: (12.0..+inf)'
c1 # of rules: 2
c1 rule time: 0.0039

c1 computing class: (2.0..5.0]
c1 discrimination constraints: 153h
c1 coverage constraints: 58v+1509h
c1 formula: 118v, 1752c (1692h+60s)
c1 enumerating rules (maxsat-based)
c1 rule: 'Sgpt: (47.6..67.8]', 'Gammagt: (23.6..42.2]' => 'Drinks: (2.0..5.0]'
c1 rule: 'Alkphos: (96.6..+inf)', 'Sgpt: (67.8..+inf)' => 'Drinks: (2.0..5.0]'
c1 rule: 'Alkphos: (-inf..50.4]', 'Sgpt: (67.8..+inf)' => 'Drinks: (2.0..5.0]'
c1 rule: 'Sgpt: (20.2..33.4]', 'Sgot: (48.8..+inf)' => 'Drinks: (2.0..5.0]'
c1 rule: 'Mcv: (98.0..+inf)', 'Alkphos: (-inf..50.4]' => 'Drinks: (2.0..5.0]'
c1 rule: 'Alkphos: (50.4..65.8]', 'Gammagt: (105.2..+inf)' => 'Drinks: (2.0..5.0]'
c1 rule: 'Mcv: (-inf..83.0]', 'Alkphos: (96.6..+inf)' => 'Drinks: (2.0..5.0]'
c1 rule: 'Sgot: (-inf..18.2]', 'Gammagt: (64.8..105.2]' => 'Drinks: (2.0..5.0]'
c1 rule: 'Mcv: (88.0..93.0]', 'Sgpt: (33.4..47.6]', 'Sgot: (48.8..+inf)' => 'Drinks: (2.0..5.0]'
c1 rule: 'Mcv: (93.0..98.0]', 'Sgpt: (33.4..47.6]', 'Gammagt: (-inf..23.6]' => 'Drinks: (2.0..5.0]'
c1 rule: 'Alkphos: (-inf..50.4]', 'Sgot: (27.4..36.6]', 'Gammagt: (-inf..23.6]' => 'Drinks: (2.0..5.0]'
c1 rule: 'Mcv: (-inf..83.0]', 'Alkphos: (65.8..81.2]', 'Gammagt: (-inf..23.6]' => 'Drinks: (2.0..5.0]'
c1 rule: 'Mcv: (-inf..83.0]', 'Sgpt: (20.2..33.4]', 'Gammagt: (64.8..105.2]' => 'Drinks: (2.0..5.0]'
c1 rule: 'Mcv: (83.0..88.0]', 'Alkphos: (96.6..+inf)', 'Gammagt: (42.2..64.8]' => 'Drinks: (2.0..5.0]'
c1 rule: 'Mcv: (98.0..+inf)', 'Gammagt: (23.6..42.2]', not 'Sgot: (18.2..27.4]' => 'Drinks: (2.0..5.0]'
c1 rule: 'Alkphos: (50.4..65.8]', 'Sgpt: (-inf..20.2]', 'Gammagt: (23.6..42.2]' => 'Drinks: (2.0..5.0]'
c1 rule: 'Sgot: (27.4..36.6]', 'Gammagt: (105.2..+inf)', not 'Alkphos: (81.2..96.6]' => 'Drinks: (2.0..5.0]'
c1 rule: 'Alkphos: (50.4..65.8]', 'Sgot: (36.6..48.8]', not 'Sgpt: (47.6..67.8]' => 'Drinks: (2.0..5.0]'
c1 rule: 'Mcv: (88.0..93.0]', 'Alkphos: (50.4..65.8]', 'Sgpt: (-inf..20.2]', not 'Gammagt: (-inf..23.6]' => 'Drinks: (2.0..5.0]'
c1 rule: 'Mcv: (88.0..93.0]', 'Alkphos: (50.4..65.8]', 'Sgot: (-inf..18.2]', not 'Gammagt: (-inf..23.6]' => 'Drinks: (2.0..5.0]'
c1 rule: 'Mcv: (83.0..88.0]', 'Alkphos: (65.8..81.2]', not 'Sgot: (18.2..27.4]', not 'Gammagt: (-inf..23.6]' => 'Drinks: (2.0..5.0]'
c1 rule: 'Alkphos: (65.8..81.2]', 'Sgot: (-inf..18.2]', not 'Mcv: (88.0..93.0]', not 'Sgpt: (20.2..33.4]' => 'Drinks: (2.0..5.0]'
c1 rule: 'Alkphos: (65.8..81.2]', 'Sgpt: (20.2..33.4]', 'Gammagt: (105.2..+inf)', not 'Mcv: (-inf..83.0]' => 'Drinks: (2.0..5.0]'
c1 rule: 'Mcv: (88.0..93.0]', 'Alkphos: (65.8..81.2]', 'Gammagt: (42.2..64.8]', not 'Sgpt: (33.4..47.6]' => 'Drinks: (2.0..5.0]'
c1 rule: 'Alkphos: (96.6..+inf)', 'Gammagt: (23.6..42.2]', not 'Mcv: (83.0..88.0]', not 'Sgpt: (20.2..33.4]' => 'Drinks: (2.0..5.0]'
c1 rule: 'Alkphos: (-inf..50.4]', 'Sgpt: (20.2..33.4]', 'Gammagt: (-inf..23.6]', not 'Mcv: (83.0..88.0]', not 'Sgot: (-inf..18.2]' => 'Drinks: (2.0..5.0]'
c1 rule: 'Mcv: (88.0..93.0]', 'Alkphos: (-inf..50.4]', 'Sgpt: (-inf..20.2]', not 'Sgot: (18.2..27.4]', not 'Gammagt: (42.2..64.8]' => 'Drinks: (2.0..5.0]'
c1 rule: 'Mcv: (93.0..98.0]', 'Sgot: (-inf..18.2]', 'Gammagt: (-inf..23.6]', not 'Alkphos: (65.8..81.2]', not 'Sgpt: (-inf..20.2]' => 'Drinks: (2.0..5.0]'
c1 rule: 'Mcv: (88.0..93.0]', 'Alkphos: (65.8..81.2]', 'Sgot: (18.2..27.4]', 'Gammagt: (23.6..42.2]', not 'Sgpt: (33.4..47.6]' => 'Drinks: (2.0..5.0]'
c1 # of rules: 29
c1 rule time: 0.0370

c1 computing class: (5.0..8.0]
c1 discrimination constraints: 163h
c1 coverage constraints: 48v+1249h
c1 formula: 108v, 1502c (1442h+60s)
c1 enumerating rules (maxsat-based)
c1 rule: 'Sgpt: (47.6..67.8]', 'Sgot: (18.2..27.4]' => 'Drinks: (5.0..8.0]'
c1 rule: 'Alkphos: (81.2..96.6]', 'Gammagt: (42.2..64.8]' => 'Drinks: (5.0..8.0]'
c1 rule: 'Sgpt: (-inf..20.2]', 'Gammagt: (105.2..+inf)' => 'Drinks: (5.0..8.0]'
c1 rule: 'Mcv: (98.0..+inf)', 'Alkphos: (81.2..96.6]' => 'Drinks: (5.0..8.0]'
c1 rule: 'Alkphos: (81.2..96.6]', 'Sgot: (36.6..48.8]' => 'Drinks: (5.0..8.0]'
c1 rule: 'Alkphos: (81.2..96.6]', 'Sgpt: (47.6..67.8]' => 'Drinks: (5.0..8.0]'
c1 rule: 'Alkphos: (81.2..96.6]', 'Gammagt: (64.8..105.2]' => 'Drinks: (5.0..8.0]'
c1 rule: 'Sgot: (36.6..48.8]', 'Gammagt: (64.8..105.2]' => 'Drinks: (5.0..8.0]'
c1 rule: 'Mcv: (98.0..+inf)', 'Gammagt: (64.8..105.2]' => 'Drinks: (5.0..8.0]'
c1 rule: 'Alkphos: (-inf..50.4]', 'Gammagt: (64.8..105.2]' => 'Drinks: (5.0..8.0]'
c1 rule: 'Alkphos: (65.8..81.2]', 'Sgpt: (-inf..20.2]', 'Gammagt: (42.2..64.8]' => 'Drinks: (5.0..8.0]'
c1 rule: 'Alkphos: (65.8..81.2]', 'Sgpt: (67.8..+inf)', 'Sgot: (27.4..36.6]' => 'Drinks: (5.0..8.0]'
c1 rule: 'Sgot: (-inf..18.2]', 'Gammagt: (42.2..64.8]', not 'Alkphos: (50.4..65.8]' => 'Drinks: (5.0..8.0]'
c1 rule: 'Mcv: (88.0..93.0]', 'Alkphos: (-inf..50.4]', 'Gammagt: (42.2..64.8]' => 'Drinks: (5.0..8.0]'
c1 rule: 'Mcv: (88.0..93.0]', 'Sgot: (36.6..48.8]', 'Gammagt: (42.2..64.8]' => 'Drinks: (5.0..8.0]'
c1 rule: 'Mcv: (88.0..93.0]', 'Sgot: (36.6..48.8]', not 'Gammagt: (23.6..42.2]' => 'Drinks: (5.0..8.0]'
c1 rule: 'Sgpt: (67.8..+inf)', 'Sgot: (18.2..27.4]', not 'Gammagt: (42.2..64.8]' => 'Drinks: (5.0..8.0]'
c1 rule: 'Mcv: (88.0..93.0]', 'Sgot: (18.2..27.4]', 'Gammagt: (64.8..105.2]' => 'Drinks: (5.0..8.0]'
c1 rule: 'Mcv: (-inf..83.0]', 'Sgot: (18.2..27.4]', 'Gammagt: (42.2..64.8]' => 'Drinks: (5.0..8.0]'
c1 rule: 'Alkphos: (96.6..+inf)', 'Sgpt: (-inf..20.2]', 'Gammagt: (23.6..42.2]' => 'Drinks: (5.0..8.0]'
c1 rule: 'Mcv: (93.0..98.0]', 'Alkphos: (96.6..+inf)', 'Gammagt: (23.6..42.2]' => 'Drinks: (5.0..8.0]'
c1 rule: 'Mcv: (88.0..93.0]', 'Alkphos: (50.4..65.8]', 'Gammagt: (23.6..42.2]', not 'Sgpt: (20.2..33.4]' => 'Drinks: (5.0..8.0]'
c1 rule: 'Mcv: (93.0..98.0]', 'Sgpt: (20.2..33.4]', 'Gammagt: (42.2..64.8]', not 'Alkphos: (-inf..50.4]' => 'Drinks: (5.0..8.0]'
c1 rule: 'Mcv: (88.0..93.0]', 'Alkphos: (65.8..81.2]', 'Gammagt: (42.2..64.8]', not 'Sgpt: (20.2..33.4]' => 'Drinks: (5.0..8.0]'
c1 rule: 'Mcv: (88.0..93.0]', 'Alkphos: (65.8..81.2]', 'Sgot: (27.4..36.6]', not 'Sgpt: (20.2..33.4]' => 'Drinks: (5.0..8.0]'
c1 rule: 'Mcv: (88.0..93.0]', 'Alkphos: (81.2..96.6]', 'Sgpt: (20.2..33.4]', 'Sgot: (18.2..27.4]' => 'Drinks: (5.0..8.0]'
c1 rule: 'Alkphos: (65.8..81.2]', 'Sgpt: (20.2..33.4]', 'Sgot: (27.4..36.6]', not 'Gammagt: (105.2..+inf)' => 'Drinks: (5.0..8.0]'
c1 rule: 'Mcv: (88.0..93.0]', 'Alkphos: (81.2..96.6]', 'Sgot: (-inf..18.2]', not 'Gammagt: (23.6..42.2]' => 'Drinks: (5.0..8.0]'
c1 # of rules: 28
c1 rule time: 0.0268

c1 computing class: (8.0..12.0]
c1 discrimination constraints: 201h
c1 coverage constraints: 10v+261h
c1 formula: 70v, 552c (492h+60s)
c1 enumerating rules (maxsat-based)
c1 rule: 'Sgpt: (47.6..67.8]', 'Sgot: (48.8..+inf)' => 'Drinks: (8.0..12.0]'
c1 rule: 'Mcv: (83.0..88.0]', 'Sgot: (36.6..48.8]' => 'Drinks: (8.0..12.0]'
c1 rule: 'Mcv: (93.0..98.0]', 'Sgpt: (20.2..33.4]', 'Sgot: (27.4..36.6]' => 'Drinks: (8.0..12.0]'
c1 rule: 'Alkphos: (81.2..96.6]', 'Sgot: (27.4..36.6]', 'Gammagt: (23.6..42.2]' => 'Drinks: (8.0..12.0]'
c1 rule: 'Alkphos: (81.2..96.6]', 'Sgpt: (20.2..33.4]', 'Gammagt: (105.2..+inf)' => 'Drinks: (8.0..12.0]'
c1 rule: 'Mcv: (98.0..+inf)', 'Alkphos: (65.8..81.2]', not 'Sgot: (27.4..36.6]' => 'Drinks: (8.0..12.0]'
c1 rule: 'Alkphos: (65.8..81.2]', 'Sgpt: (47.6..67.8]', not 'Gammagt: (64.8..105.2]' => 'Drinks: (8.0..12.0]'
c1 rule: 'Sgpt: (67.8..+inf)', 'Sgot: (36.6..48.8]', not 'Gammagt: (105.2..+inf)' => 'Drinks: (8.0..12.0]'
c1 rule: 'Mcv: (83.0..88.0]', 'Alkphos: (96.6..+inf)', not 'Sgpt: (20.2..33.4]', not 'Gammagt: (23.6..42.2]' => 'Drinks: (8.0..12.0]'
c1 # of rules: 9
c1 rule time: 0.0077

c2 total rules: 114
c3 total time: 1.0853

Rules are saved to ../rules/size/q5_bupa_train4.csv_size5.json