c0 # of samps: 4937 (315 weighted)
c0 # of feats: 11 (15 binary)
c0 # of labls: 2
c0 parse time: 0.2748


c0 computing feature 1
c1 computing class: (-inf..7.0]
c1 discrimination constraints: 93h
c1 coverage constraints: 103v+1134h
c1 formula: 133v, 1272c (1242h+30s)
c1 enumerating rules (maxsat-based)
c1 rule: not 'Asian: 0', not 'Misdemeanor: 0' => 'Number_of_Priors: (-inf..7.0]'
c1 rule: 'score_factor: 0', not 'Asian: 0' => 'Number_of_Priors: (-inf..7.0]'
c1 rule: not 'Age_Above_FourtyFive: 0', not 'Asian: 0' => 'Number_of_Priors: (-inf..7.0]'
c1 rule: not 'Age_Below_TwentyFive: 0', not 'Asian: 0' => 'Number_of_Priors: (-inf..7.0]'
c1 rule: not 'Age_Below_TwentyFive: 0', not 'Native_American: 0' => 'Number_of_Priors: (-inf..7.0]'
c1 rule: not 'Native_American: 0', not 'Misdemeanor: 0' => 'Number_of_Priors: (-inf..7.0]'
c1 rule: 'Age_Above_FourtyFive: 0', not 'Native_American: 0' => 'Number_of_Priors: (-inf..7.0]'
c1 rule: not 'Other: 0', not 'Female: 0' => 'Number_of_Priors: (-inf..7.0]'
c1 rule: 'score_factor: 0', not 'Age_Below_TwentyFive: 0', not 'Misdemeanor: 0' => 'Number_of_Priors: (-inf..7.0]'
c1 rule: not 'Age_Below_TwentyFive: 0', not 'Hispanic: 0', not 'Misdemeanor: 0' => 'Number_of_Priors: (-inf..7.0]'
c1 rule: 'score_factor: 0', not 'Hispanic: 0', not 'Misdemeanor: 0' => 'Number_of_Priors: (-inf..7.0]'
c1 rule: not 'score_factor: 0', not 'Other: 0', not 'Misdemeanor: 0' => 'Number_of_Priors: (-inf..7.0]'
c1 rule: not 'Age_Above_FourtyFive: 0', not 'Other: 0', not 'Misdemeanor: 0' => 'Number_of_Priors: (-inf..7.0]'
c1 rule: 'score_factor: 0', not 'Age_Below_TwentyFive: 0', not 'Other: 0' => 'Number_of_Priors: (-inf..7.0]'
c1 rule: 'Misdemeanor: 0', not 'Age_Below_TwentyFive: 0', not 'Female: 0' => 'Number_of_Priors: (-inf..7.0]'
c1 rule: 'score_factor: 0', not 'Age_Below_TwentyFive: 0', not 'Hispanic: 0' => 'Number_of_Priors: (-inf..7.0]'
c1 rule: not 'Age_Above_FourtyFive: 0', not 'Hispanic: 0', not 'Female: 0' => 'Number_of_Priors: (-inf..7.0]'
c1 rule: not 'Age_Above_FourtyFive: 0', not 'Hispanic: 0', not 'Misdemeanor: 0' => 'Number_of_Priors: (-inf..7.0]'
c1 rule: 'score_factor: 0', not 'African_American: 0', not 'Female: 0', not 'Misdemeanor: 0' => 'Number_of_Priors: (-inf..7.0]'
c1 rule: 'score_factor: 0', 'Age_Above_FourtyFive: 0', not 'African_American: 0', not 'Female: 0' => 'Number_of_Priors: (-inf..7.0]'
c1 # of rules: 20
c1 rule time: 0.0152

c1 computing class: (14.0..21.0]
c1 discrimination constraints: 172h
c1 coverage constraints: 24v+265h
c1 formula: 54v, 482c (452h+30s)
c1 enumerating rules (maxsat-based)
c1 rule: not 'Age_Above_FourtyFive: 0', not 'Native_American: 0', not 'Female: 0' => 'Number_of_Priors: (14.0..21.0]'
c1 rule: 'Age_Below_TwentyFive: 0', 'Misdemeanor: 0', not 'score_factor: 0', not 'Hispanic: 0', not 'Female: 0' => 'Number_of_Priors: (14.0..21.0]'
c1 # of rules: 2
c1 rule time: 0.0028

c1 computing class: (21.0..28.0]
c1 discrimination constraints: 183h
c1 coverage constraints: 13v+144h
c1 formula: 43v, 372c (342h+30s)
c1 enumerating rules (maxsat-based)
c1 rule: 'Female: 0', not 'Age_Above_FourtyFive: 0', not 'Native_American: 0' => 'Number_of_Priors: (21.0..28.0]'
c1 # of rules: 1
c1 rule time: 0.0019

c1 computing class: (28.0..+inf)
c1 discrimination constraints: 190h
c1 coverage constraints: 6v+67h
c1 formula: 36v, 302c (272h+30s)
c1 enumerating rules (maxsat-based)
c1 # of rules: 0
c1 rule time: 0.0013

c1 computing class: (7.0..14.0]
c1 discrimination constraints: 146h
c1 coverage constraints: 50v+551h
c1 formula: 80v, 742c (712h+30s)
c1 enumerating rules (maxsat-based)
c1 rule: 'Misdemeanor: 0', not 'score_factor: 0', not 'Age_Above_FourtyFive: 0', not 'Hispanic: 0' => 'Number_of_Priors: (7.0..14.0]'
c1 rule: 'Age_Below_TwentyFive: 0', not 'score_factor: 0', not 'Hispanic: 0', not 'Female: 0', not 'Misdemeanor: 0' => 'Number_of_Priors: (7.0..14.0]'
c1 # of rules: 2
c1 rule time: 0.0034

c2 total rules: 25

c0 computing feature 2
c1 computing class: 0
c1 discrimination constraints: 110h
c1 coverage constraints: 86v+1291h
c1 formula: 118v, 1449c (1417h+32s)
c1 enumerating rules (maxsat-based)
c1 rule: 'Number_of_Priors: (14.0..21.0]', not 'Other: 0' => 'score_factor: 0'
c1 rule: not 'Asian: 0', not 'Misdemeanor: 0' => 'score_factor: 0'
c1 rule: not 'Asian: 0', not 'Female: 0' => 'score_factor: 0'
c1 rule: not 'Age_Above_FourtyFive: 0', not 'Other: 0', not 'Misdemeanor: 0' => 'score_factor: 0'
c1 rule: not 'Age_Above_FourtyFive: 0', not 'Other: 0', not 'Female: 0' => 'score_factor: 0'
c1 rule: 'Number_of_Priors: (14.0..21.0]', 'African_American: 0', not 'Misdemeanor: 0' => 'score_factor: 0'
c1 rule: 'Misdemeanor: 0', not 'Age_Below_TwentyFive: 0', not 'Other: 0', not 'Female: 0' => 'score_factor: 0'
c1 rule: 'Number_of_Priors: (7.0..14.0]', 'African_American: 0', not 'Age_Above_FourtyFive: 0', not 'Female: 0', not 'Misdemeanor: 0' => 'score_factor: 0'
c1 rule: 'Number_of_Priors: (7.0..14.0]', 'Age_Below_TwentyFive: 0', 'African_American: 0', 'Hispanic: 0', not 'Female: 0', not 'Misdemeanor: 0' => 'score_factor: 0'
c1 # of rules: 9
c1 rule time: 0.0137

c1 computing class: 1
c1 discrimination constraints: 86h
c1 coverage constraints: 110v+1651h
c1 formula: 142v, 1785c (1753h+32s)
c1 enumerating rules (maxsat-based)
c1 rule: 'Number_of_Priors: (28.0..+inf)' => 'score_factor: 1'
c1 rule: 'Number_of_Priors: (21.0..28.0]' => 'score_factor: 1'
c1 rule: not 'Age_Above_FourtyFive: 0', not 'Native_American: 0' => 'score_factor: 1'
c1 rule: not 'Age_Below_TwentyFive: 0', not 'Native_American: 0' => 'score_factor: 1'
c1 rule: 'Number_of_Priors: (14.0..21.0]', not 'Age_Below_TwentyFive: 0' => 'score_factor: 1'
c1 rule: 'Number_of_Priors: (14.0..21.0]', not 'Female: 0' => 'score_factor: 1'
c1 rule: not 'Native_American: 0', not 'Female: 0' => 'score_factor: 1'
c1 rule: not 'Native_American: 0', not 'Misdemeanor: 0' => 'score_factor: 1'
c1 rule: 'Number_of_Priors: (14.0..21.0]', 'Age_Above_FourtyFive: 0', not 'Hispanic: 0' => 'score_factor: 1'
c1 rule: 'Number_of_Priors: (14.0..21.0]', 'African_American: 0', 'Hispanic: 0', 'Other: 0', 'Misdemeanor: 0', not 'Age_Above_FourtyFive: 0' => 'score_factor: 1'
c1 # of rules: 10
c1 rule time: 0.0153

c2 total rules: 19

c0 computing feature 3
c1 computing class: 0
c1 discrimination constraints: 70h
c1 coverage constraints: 126v+1891h
c1 formula: 158v, 2009c (1977h+32s)
c1 enumerating rules (maxsat-based)
c1 rule: not 'Age_Below_TwentyFive: 0' => 'Age_Above_FourtyFive: 0'
c1 rule: 'Number_of_Priors: (28.0..+inf)', not 'Other: 0' => 'Age_Above_FourtyFive: 0'
c1 rule: 'Number_of_Priors: (28.0..+inf)', 'Female: 0', not 'Misdemeanor: 0' => 'Age_Above_FourtyFive: 0'
c1 rule: 'Number_of_Priors: (21.0..28.0]', not 'Female: 0', not 'Misdemeanor: 0' => 'Age_Above_FourtyFive: 0'
c1 # of rules: 4
c1 rule time: 0.0136

c1 computing class: 1
c1 discrimination constraints: 126h
c1 coverage constraints: 70v+1051h
c1 formula: 102v, 1225c (1193h+32s)
c1 enumerating rules (maxsat-based)
c1 rule: 'Number_of_Priors: (14.0..21.0]', not 'Other: 0' => 'Age_Above_FourtyFive: 1'
c1 rule: 'Number_of_Priors: (28.0..+inf)', not 'Female: 0' => 'Age_Above_FourtyFive: 1'
c1 rule: 'Number_of_Priors: (14.0..21.0]', 'African_American: 0', not 'Misdemeanor: 0' => 'Age_Above_FourtyFive: 1'
c1 rule: 'Number_of_Priors: (28.0..+inf)', 'African_American: 0', 'Other: 0' => 'Age_Above_FourtyFive: 1'
c1 rule: 'Number_of_Priors: (21.0..28.0]', 'African_American: 0', 'Female: 0', not 'Misdemeanor: 0' => 'Age_Above_FourtyFive: 1'
c1 rule: 'Number_of_Priors: (21.0..28.0]', 'African_American: 0', 'Misdemeanor: 0', not 'Female: 0' => 'Age_Above_FourtyFive: 1'
c1 # of rules: 6
c1 rule time: 0.0098

c2 total rules: 10

c0 computing feature 4
c1 computing class: 0
c1 discrimination constraints: 46h
c1 coverage constraints: 150v+2251h
c1 formula: 182v, 2345c (2313h+32s)
c1 enumerating rules (maxsat-based)
c1 rule: 'Number_of_Priors: (21.0..28.0]' => 'Age_Below_TwentyFive: 0'
c1 rule: 'Number_of_Priors: (28.0..+inf)' => 'Age_Below_TwentyFive: 0'
c1 rule: 'Number_of_Priors: (14.0..21.0]', 'African_American: 0' => 'Age_Below_TwentyFive: 0'
c1 rule: not 'Native_American: 0', not 'Female: 0' => 'Age_Below_TwentyFive: 0'
c1 rule: 'Misdemeanor: 0', not 'Native_American: 0' => 'Age_Below_TwentyFive: 0'
c1 rule: not 'Asian: 0', not 'Female: 0' => 'Age_Below_TwentyFive: 0'
c1 rule: 'Number_of_Priors: (14.0..21.0]', not 'Female: 0' => 'Age_Below_TwentyFive: 0'
c1 rule: 'Number_of_Priors: (14.0..21.0]', not 'Misdemeanor: 0' => 'Age_Below_TwentyFive: 0'
c1 # of rules: 8
c1 rule time: 0.0132

c1 computing class: 1
c1 discrimination constraints: 150h
c1 coverage constraints: 46v+691h
c1 formula: 78v, 889c (857h+32s)
c1 enumerating rules (maxsat-based)
c1 # of rules: 0
c1 rule time: 0.0035

c2 total rules: 8

c0 computing feature 5
c1 computing class: 0
c1 discrimination constraints: 63h
c1 coverage constraints: 133v+1996h
c1 formula: 165v, 2107c (2075h+32s)
c1 enumerating rules (maxsat-based)
c1 rule: not 'Other: 0' => 'African_American: 0'
c1 rule: not 'Native_American: 0' => 'African_American: 0'
c1 rule: not 'Asian: 0' => 'African_American: 0'
c1 rule: not 'Hispanic: 0' => 'African_American: 0'
c1 rule: 'Number_of_Priors: (28.0..+inf)', not 'Female: 0' => 'African_American: 0'
c1 rule: 'Number_of_Priors: (21.0..28.0]', not 'Female: 0', not 'Misdemeanor: 0' => 'African_American: 0'
c1 # of rules: 6
c1 rule time: 0.0109

c1 computing class: 1
c1 discrimination constraints: 133h
c1 coverage constraints: 63v+946h
c1 formula: 95v, 1127c (1095h+32s)
c1 enumerating rules (maxsat-based)
c1 # of rules: 0
c1 rule time: 0.0056

c2 total rules: 6

c0 computing feature 6
c1 computing class: 0
c1 discrimination constraints: 12h
c1 coverage constraints: 184v+2761h
c1 formula: 216v, 2821c (2789h+32s)
c1 enumerating rules (maxsat-based)
c1 rule: 'Number_of_Priors: (14.0..21.0]' => 'Asian: 0'
c1 rule: not 'Other: 0' => 'Asian: 0'
c1 rule: 'Number_of_Priors: (21.0..28.0]' => 'Asian: 0'
c1 rule: not 'Native_American: 0' => 'Asian: 0'
c1 rule: not 'Hispanic: 0' => 'Asian: 0'
c1 rule: not 'Female: 0', not 'Misdemeanor: 0' => 'Asian: 0'
c1 # of rules: 6
c1 rule time: 0.0096

c1 computing class: 1
c1 discrimination constraints: 184h
c1 coverage constraints: 12v+181h
c1 formula: 44v, 413c (381h+32s)
c1 enumerating rules (maxsat-based)
c1 # of rules: 0
c1 rule time: 0.0000

c2 total rules: 6

c0 computing feature 7
c1 computing class: 0
c1 discrimination constraints: 31h
c1 coverage constraints: 165v+2476h
c1 formula: 197v, 2555c (2523h+32s)
c1 enumerating rules (maxsat-based)
c1 rule: not 'Other: 0' => 'Hispanic: 0'
c1 rule: not 'Native_American: 0' => 'Hispanic: 0'
c1 # of rules: 2
c1 rule time: 0.0099

c1 computing class: 1
c1 discrimination constraints: 165h
c1 coverage constraints: 31v+466h
c1 formula: 63v, 679c (647h+32s)
c1 enumerating rules (maxsat-based)
c1 # of rules: 0
c1 rule time: 0.0028

c2 total rules: 2

c0 computing feature 8
c1 computing class: 0
c1 discrimination constraints: 7h
c1 coverage constraints: 189v+2836h
c1 formula: 221v, 2891c (2859h+32s)
c1 enumerating rules (maxsat-based)
c1 rule: not 'Other: 0' => 'Native_American: 0'
c1 rule: not 'Female: 0', not 'Misdemeanor: 0' => 'Native_American: 0'
c1 # of rules: 2
c1 rule time: 0.0102

c1 computing class: 1
c1 discrimination constraints: 189h
c1 coverage constraints: 7v+106h
c1 formula: 39v, 343c (311h+32s)
c1 enumerating rules (maxsat-based)
c1 # of rules: 0
c1 rule time: 0.0019

c2 total rules: 2

c0 computing feature 9
c1 computing class: 0
c1 discrimination constraints: 28h
c1 coverage constraints: 168v+2521h
c1 formula: 200v, 2597c (2565h+32s)
c1 enumerating rules (maxsat-based)
c1 rule: 'Number_of_Priors: (21.0..28.0]' => 'Other: 0'
c1 # of rules: 1
c1 rule time: 0.0101

c1 computing class: 1
c1 discrimination constraints: 168h
c1 coverage constraints: 28v+421h
c1 formula: 60v, 637c (605h+32s)
c1 enumerating rules (maxsat-based)
c1 # of rules: 0
c1 rule time: 0.0025

c2 total rules: 1

c0 computing feature 10
c1 computing class: 0
c1 discrimination constraints: 72h
c1 coverage constraints: 124v+1861h
c1 formula: 156v, 1981c (1949h+32s)
c1 enumerating rules (maxsat-based)
c1 rule: 'Number_of_Priors: (28.0..+inf)', 'Misdemeanor: 0' => 'Female: 0'
c1 # of rules: 1
c1 rule time: 0.0150

c1 computing class: 1
c1 discrimination constraints: 124h
c1 coverage constraints: 72v+1081h
c1 formula: 104v, 1253c (1221h+32s)
c1 enumerating rules (maxsat-based)
c1 # of rules: 0
c1 rule time: 0.0056

c2 total rules: 1

c0 computing feature 11
c1 computing class: 0
c1 discrimination constraints: 81h
c1 coverage constraints: 115v+1726h
c1 formula: 147v, 1855c (1823h+32s)
c1 enumerating rules (maxsat-based)
c1 # of rules: 0
c1 rule time: 0.0139

c1 computing class: 1
c1 discrimination constraints: 115h
c1 coverage constraints: 81v+1216h
c1 formula: 113v, 1379c (1347h+32s)
c1 enumerating rules (maxsat-based)
c1 # of rules: 0
c1 rule time: 0.0074

c2 total rules: 0
c3 total time: 0.5409

Rules are saved to ../rules/all/q5_compas_train1.csv.json