c0 # of samps: 81 (50 weighted)
c0 # of feats: 16 (19 binary)
c0 # of labls: 7
c0 parse time: 0.2929


c0 computing feature 1
c1 computing class: 0
c1 discrimination constraints: 18h
c1 coverage constraints: 32v+609h
c1 formula: 72v, 687c (647h+40s)
c1 enumerating rules (maxsat-based)
c1 rule: 'breathes: 0' => 'hair: 0'
c1 rule: not 'feathers: 0' => 'hair: 0'
c1 rule: not 'fins: 0', not 'tail: 0' => 'hair: 0'
c1 rule: 'milk: 0', not 'catsize: 0' => 'hair: 0'
c1 rule: 'backbone: 0', not 'legs: (5.75..+inf)' => 'hair: 0'
c1 rule: 'airborne: 0', 'backbone: 0' => 'hair: 0'
c1 rule: not 'venomous: 0', not 'legs: (5.75..+inf)' => 'hair: 0'
c1 rule: 'milk: 0', not 'legs: (5.75..+inf)' => 'hair: 0'
c1 # of rules: 8
c1 rule time: 0.0046

c1 computing class: 1
c1 discrimination constraints: 32h
c1 coverage constraints: 18v+343h
c1 formula: 58v, 435c (395h+40s)
c1 enumerating rules (maxsat-based)
c1 rule: 'eggs: 0', 'tail: 0' => 'hair: 1'
c1 rule: 'eggs: 0', 'predator: 0' => 'hair: 1'
c1 rule: 'aquatic: 0', not 'milk: 0' => 'hair: 1'
c1 rule: 'fins: 0', not 'milk: 0' => 'hair: 1'
c1 rule: 'predator: 0', not 'venomous: 0' => 'hair: 1'
c1 # of rules: 5
c1 rule time: 0.0028

c2 total rules: 13

c0 computing feature 2
c1 computing class: 0
c1 discrimination constraints: 9h
c1 coverage constraints: 41v+780h
c1 formula: 81v, 849c (809h+40s)
c1 enumerating rules (maxsat-based)
c1 rule: 'eggs: 0' => 'feathers: 0'
c1 rule: 'legs: (5.75..+inf)' => 'feathers: 0'
c1 rule: not 'fins: 0' => 'feathers: 0'
c1 rule: 'tail: 0' => 'feathers: 0'
c1 rule: not 'toothed: 0' => 'feathers: 0'
c1 rule: 'legs: (2.5..4.5]' => 'feathers: 0'
c1 # of rules: 6
c1 rule time: 0.0034

c1 computing class: 1
c1 discrimination constraints: 41h
c1 coverage constraints: 9v+172h
c1 formula: 49v, 273c (233h+40s)
c1 enumerating rules (maxsat-based)
c1 rule: not 'airborne: 0', not 'predator: 0' => 'feathers: 1'
c1 rule: not 'airborne: 0', not 'catsize: 0' => 'feathers: 1'
c1 rule: 'toothed: 0', not 'domestic: 0' => 'feathers: 1'
c1 rule: 'toothed: 0', 'legs: (-inf..2.5]', not 'catsize: 0' => 'feathers: 1'
c1 rule: 'toothed: 0', 'legs: (-inf..2.5]', not 'backbone: 0' => 'feathers: 1'
c1 # of rules: 5
c1 rule time: 0.0026

c2 total rules: 11

c0 computing feature 3
c1 computing class: 0
c1 discrimination constraints: 32h
c1 coverage constraints: 18v+343h
c1 formula: 58v, 435c (395h+40s)
c1 enumerating rules (maxsat-based)
c1 rule: not 'airborne: 0', not 'toothed: 0' => 'eggs: 0'
c1 rule: 'predator: 0', not 'milk: 0' => 'eggs: 0'
c1 rule: 'aquatic: 0', not 'milk: 0' => 'eggs: 0'
c1 rule: 'legs: (-inf..2.5]', not 'milk: 0' => 'eggs: 0'
c1 rule: 'legs: (5.75..+inf)', not 'tail: 0' => 'eggs: 0'
c1 rule: 'breathes: 0', 'fins: 0', not 'toothed: 0' => 'eggs: 0'
c1 # of rules: 6
c1 rule time: 0.0031

c1 computing class: 1
c1 discrimination constraints: 18h
c1 coverage constraints: 32v+609h
c1 formula: 72v, 687c (647h+40s)
c1 enumerating rules (maxsat-based)
c1 rule: 'legs: (5.75..+inf)', not 'airborne: 0' => 'eggs: 1'
c1 rule: 'toothed: 0', not 'aquatic: 0' => 'eggs: 1'
c1 rule: 'catsize: 0', not 'fins: 0' => 'eggs: 1'
c1 rule: 'milk: 0', 'legs: (2.5..4.5]' => 'eggs: 1'
c1 rule: not 'venomous: 0', not 'catsize: 0' => 'eggs: 1'
c1 rule: 'breathes: 0', 'venomous: 0' => 'eggs: 1'
c1 rule: 'milk: 0', 'venomous: 0' => 'eggs: 1'
c1 rule: 'milk: 0', 'legs: (-inf..2.5]', not 'breathes: 0' => 'eggs: 1'
c1 # of rules: 8
c1 rule time: 0.0039

c2 total rules: 14

c0 computing feature 4
c1 computing class: 0
c1 discrimination constraints: 17h
c1 coverage constraints: 33v+628h
c1 formula: 73v, 705c (665h+40s)
c1 enumerating rules (maxsat-based)
c1 # of rules: 0
c1 rule time: 0.0016

c1 computing class: 1
c1 discrimination constraints: 33h
c1 coverage constraints: 17v+324h
c1 formula: 57v, 417c (377h+40s)
c1 enumerating rules (maxsat-based)
c1 # of rules: 0
c1 rule time: 0.0010

c2 total rules: 0

c0 computing feature 5
c1 computing class: 0
c1 discrimination constraints: 10h
c1 coverage constraints: 40v+761h
c1 formula: 80v, 831c (791h+40s)
c1 enumerating rules (maxsat-based)
c1 rule: 'legs: (2.5..4.5]' => 'airborne: 0'
c1 rule: not 'aquatic: 0', not 'catsize: 0' => 'airborne: 0'
c1 rule: 'legs: (-inf..2.5]', 'tail: 0' => 'airborne: 0'
c1 # of rules: 3
c1 rule time: 0.0031

c1 computing class: 1
c1 discrimination constraints: 40h
c1 coverage constraints: 10v+191h
c1 formula: 50v, 291c (251h+40s)
c1 enumerating rules (maxsat-based)
c1 rule: 'toothed: 0', not 'domestic: 0' => 'airborne: 1'
c1 rule: 'predator: 0', 'catsize: 0', not 'feathers: 0' => 'airborne: 1'
c1 rule: 'catsize: 0', not 'feathers: 0', not 'aquatic: 0' => 'airborne: 1'
c1 rule: 'aquatic: 0', not 'feathers: 0', not 'predator: 0', not 'catsize: 0' => 'airborne: 1'
c1 # of rules: 4
c1 rule time: 0.0025

c2 total rules: 7

c0 computing feature 6
c1 computing class: 0
c1 discrimination constraints: 18h
c1 coverage constraints: 32v+609h
c1 formula: 72v, 687c (647h+40s)
c1 enumerating rules (maxsat-based)
c1 rule: 'eggs: 0', 'predator: 0' => 'aquatic: 0'
c1 rule: 'eggs: 0', not 'legs: (-inf..2.5]' => 'aquatic: 0'
c1 rule: 'predator: 0', 'toothed: 0' => 'aquatic: 0'
c1 rule: 'fins: 0', not 'domestic: 0' => 'aquatic: 0'
c1 rule: 'legs: (2.5..4.5]', 'catsize: 0', not 'tail: 0' => 'aquatic: 0'
c1 rule: not 'breathes: 0', not 'venomous: 0', not 'tail: 0' => 'aquatic: 0'
c1 rule: 'backbone: 0', 'venomous: 0', 'legs: (-inf..2.5]' => 'aquatic: 0'
c1 rule: 'feathers: 0', 'fins: 0', 'legs: (-inf..2.5]', not 'breathes: 0' => 'aquatic: 0'
c1 # of rules: 8
c1 rule time: 0.0051

c1 computing class: 1
c1 discrimination constraints: 32h
c1 coverage constraints: 18v+343h
c1 formula: 58v, 435c (395h+40s)
c1 enumerating rules (maxsat-based)
c1 rule: not 'fins: 0' => 'aquatic: 1'
c1 rule: 'legs: (4.5..5.75]' => 'aquatic: 1'
c1 rule: 'legs: (2.5..4.5]', not 'venomous: 0' => 'aquatic: 1'
c1 rule: 'breathes: 0', not 'backbone: 0' => 'aquatic: 1'
c1 rule: 'breathes: 0', not 'venomous: 0' => 'aquatic: 1'
c1 rule: 'breathes: 0', 'legs: (2.5..4.5]' => 'aquatic: 1'
c1 rule: 'breathes: 0', not 'legs: (-inf..2.5]' => 'aquatic: 1'
c1 rule: 'hair: 0', 'legs: (2.5..4.5]', 'tail: 0' => 'aquatic: 1'
c1 # of rules: 8
c1 rule time: 0.0040

c2 total rules: 16

c0 computing feature 7
c1 computing class: 0
c1 discrimination constraints: 28h
c1 coverage constraints: 22v+419h
c1 formula: 62v, 507c (467h+40s)
c1 enumerating rules (maxsat-based)
c1 rule: 'toothed: 0', not 'domestic: 0' => 'predator: 0'
c1 rule: 'catsize: 0', not 'domestic: 0' => 'predator: 0'
c1 rule: 'backbone: 0', 'legs: (-inf..2.5]', not 'breathes: 0' => 'predator: 0'
c1 rule: 'catsize: 0', not 'hair: 0', not 'legs: (2.5..4.5]' => 'predator: 0'
c1 rule: not 'hair: 0', not 'legs: (2.5..4.5]', not 'tail: 0' => 'predator: 0'
c1 rule: 'hair: 0', 'legs: (2.5..4.5]', not 'catsize: 0' => 'predator: 0'
c1 rule: 'legs: (5.75..+inf)', 'tail: 0', not 'breathes: 0' => 'predator: 0'
c1 rule: 'venomous: 0', not 'aquatic: 0', not 'toothed: 0', not 'legs: (-inf..2.5]' => 'predator: 0'
c1 rule: 'fins: 0', 'domestic: 0', not 'milk: 0', not 'legs: (2.5..4.5]' => 'predator: 0'
c1 # of rules: 9
c1 rule time: 0.0066

c1 computing class: 1
c1 discrimination constraints: 22h
c1 coverage constraints: 28v+533h
c1 formula: 68v, 615c (575h+40s)
c1 enumerating rules (maxsat-based)
c1 rule: not 'fins: 0', not 'catsize: 0' => 'predator: 1'
c1 rule: 'breathes: 0', 'tail: 0' => 'predator: 1'
c1 rule: 'eggs: 0', not 'legs: (2.5..4.5]', not 'domestic: 0' => 'predator: 1'
c1 rule: 'aquatic: 0', not 'eggs: 0', not 'toothed: 0' => 'predator: 1'
c1 rule: 'tail: 0', not 'legs: (-inf..2.5]', not 'catsize: 0' => 'predator: 1'
c1 # of rules: 5
c1 rule time: 0.0041

c2 total rules: 14

c0 computing feature 8
c1 computing class: 0
c1 discrimination constraints: 27h
c1 coverage constraints: 23v+438h
c1 formula: 63v, 525c (485h+40s)
c1 enumerating rules (maxsat-based)
c1 rule: 'backbone: 0' => 'toothed: 0'
c1 # of rules: 1
c1 rule time: 0.0018

c1 computing class: 1
c1 discrimination constraints: 23h
c1 coverage constraints: 27v+514h
c1 formula: 67v, 597c (557h+40s)
c1 enumerating rules (maxsat-based)
c1 rule: not 'backbone: 0', not 'venomous: 0' => 'toothed: 1'
c1 rule: 'catsize: 0', not 'milk: 0' => 'toothed: 1'
c1 rule: 'eggs: 0', not 'legs: (5.75..+inf)' => 'toothed: 1'
c1 rule: 'feathers: 0', 'catsize: 0', not 'backbone: 0' => 'toothed: 1'
c1 # of rules: 4
c1 rule time: 0.0033

c2 total rules: 5

c0 computing feature 9
c1 computing class: 0
c1 discrimination constraints: 38h
c1 coverage constraints: 12v+229h
c1 formula: 52v, 327c (287h+40s)
c1 enumerating rules (maxsat-based)
c1 rule: 'legs: (5.75..+inf)' => 'backbone: 0'
c1 # of rules: 1
c1 rule time: 0.0014

c1 computing class: 1
c1 discrimination constraints: 12h
c1 coverage constraints: 38v+723h
c1 formula: 78v, 795c (755h+40s)
c1 enumerating rules (maxsat-based)
c1 rule: not 'domestic: 0' => 'backbone: 1'
c1 rule: not 'feathers: 0' => 'backbone: 1'
c1 rule: 'legs: (2.5..4.5]', not 'tail: 0' => 'backbone: 1'
c1 # of rules: 3
c1 rule time: 0.0029

c2 total rules: 4

c0 computing feature 10
c1 computing class: 0
c1 discrimination constraints: 38h
c1 coverage constraints: 12v+229h
c1 formula: 52v, 327c (287h+40s)
c1 enumerating rules (maxsat-based)
c1 rule: 'legs: (4.5..5.75]' => 'breathes: 0'
c1 rule: 'milk: 0', not 'fins: 0' => 'breathes: 0'
c1 rule: 'backbone: 0', 'legs: (2.5..4.5]' => 'breathes: 0'
c1 # of rules: 3
c1 rule time: 0.0023

c1 computing class: 1
c1 discrimination constraints: 12h
c1 coverage constraints: 38v+723h
c1 formula: 78v, 795c (755h+40s)
c1 enumerating rules (maxsat-based)
c1 rule: not 'airborne: 0' => 'breathes: 1'
c1 rule: not 'feathers: 0' => 'breathes: 1'
c1 # of rules: 2
c1 rule time: 0.0027

c2 total rules: 5

c0 computing feature 11
c1 computing class: 0
c1 discrimination constraints: 7h
c1 coverage constraints: 43v+818h
c1 formula: 83v, 885c (845h+40s)
c1 enumerating rules (maxsat-based)
c1 rule: 'legs: (4.5..5.75]' => 'venomous: 0'
c1 rule: 'legs: (5.75..+inf)', not 'aquatic: 0' => 'venomous: 0'
c1 rule: 'toothed: 0', 'legs: (2.5..4.5]' => 'venomous: 0'
c1 rule: 'catsize: 0', not 'fins: 0' => 'venomous: 0'
c1 # of rules: 4
c1 rule time: 0.0039

c1 computing class: 1
c1 discrimination constraints: 43h
c1 coverage constraints: 7v+134h
c1 formula: 47v, 237c (197h+40s)
c1 enumerating rules (maxsat-based)
c1 # of rules: 0
c1 rule time: 0.0019

c2 total rules: 4

c0 computing feature 12
c1 computing class: 0
c1 discrimination constraints: 7h
c1 coverage constraints: 43v+818h
c1 formula: 83v, 885c (845h+40s)
c1 enumerating rules (maxsat-based)
c1 rule: 'legs: (4.5..5.75]' => 'fins: 0'
c1 rule: 'legs: (2.5..4.5]' => 'fins: 0'
c1 rule: 'legs: (5.75..+inf)' => 'fins: 0'
c1 # of rules: 3
c1 rule time: 0.0032

c1 computing class: 1
c1 discrimination constraints: 43h
c1 coverage constraints: 7v+134h
c1 formula: 47v, 237c (197h+40s)
c1 enumerating rules (maxsat-based)
c1 # of rules: 0
c1 rule time: 0.0008

c2 total rules: 3

c0 computing feature 13
c1 computing class: (-inf..2.5]
c1 discrimination constraints: 23h
c1 coverage constraints: 27v+433h
c1 formula: 65v, 513c (475h+38s)
c1 enumerating rules (maxsat-based)
c1 rule: not 'fins: 0' => 'legs: (-inf..2.5]'
c1 rule: not 'feathers: 0' => 'legs: (-inf..2.5]'
c1 rule: 'breathes: 0', not 'venomous: 0' => 'legs: (-inf..2.5]'
c1 rule: not 'airborne: 0', not 'backbone: 0' => 'legs: (-inf..2.5]'
c1 rule: 'aquatic: 0', 'breathes: 0' => 'legs: (-inf..2.5]'
c1 rule: 'predator: 0', 'tail: 0', not 'catsize: 0' => 'legs: (-inf..2.5]'
c1 rule: 'tail: 0', not 'domestic: 0', not 'catsize: 0' => 'legs: (-inf..2.5]'
c1 rule: 'aquatic: 0', not 'toothed: 0', not 'venomous: 0' => 'legs: (-inf..2.5]'
c1 # of rules: 8
c1 rule time: 0.0039

c1 computing class: (2.5..4.5]
c1 discrimination constraints: 35h
c1 coverage constraints: 15v+241h
c1 formula: 53v, 333c (295h+38s)
c1 enumerating rules (maxsat-based)
c1 rule: not 'eggs: 0', not 'milk: 0' => 'legs: (2.5..4.5]'
c1 rule: 'milk: 0', 'tail: 0', not 'toothed: 0' => 'legs: (2.5..4.5]'
c1 rule: 'tail: 0', 'catsize: 0', not 'toothed: 0' => 'legs: (2.5..4.5]'
c1 rule: not 'hair: 0', not 'predator: 0', not 'tail: 0' => 'legs: (2.5..4.5]'
c1 rule: 'feathers: 0', 'toothed: 0', not 'backbone: 0' => 'legs: (2.5..4.5]'
c1 rule: 'predator: 0', not 'domestic: 0', not 'catsize: 0' => 'legs: (2.5..4.5]'
c1 rule: 'predator: 0', not 'milk: 0', not 'domestic: 0' => 'legs: (2.5..4.5]'
c1 rule: 'aquatic: 0', 'domestic: 0', not 'milk: 0', not 'predator: 0' => 'legs: (2.5..4.5]'
c1 # of rules: 8
c1 rule time: 0.0041

c1 computing class: (4.5..5.75]
c1 discrimination constraints: 49h
c1 coverage constraints: 1v+17h
c1 formula: 39v, 123c (85h+38s)
c1 enumerating rules (maxsat-based)
c1 # of rules: 0
c1 rule time: 0.0010

c1 computing class: (5.75..+inf)
c1 discrimination constraints: 43h
c1 coverage constraints: 7v+113h
c1 formula: 45v, 213c (175h+38s)
c1 enumerating rules (maxsat-based)
c1 rule: 'backbone: 0', not 'tail: 0' => 'legs: (5.75..+inf)'
c1 rule: 'predator: 0', not 'venomous: 0' => 'legs: (5.75..+inf)'
c1 rule: 'backbone: 0', not 'hair: 0' => 'legs: (5.75..+inf)'
c1 rule: 'backbone: 0', not 'airborne: 0' => 'legs: (5.75..+inf)'
c1 rule: 'backbone: 0', not 'catsize: 0' => 'legs: (5.75..+inf)'
c1 # of rules: 5
c1 rule time: 0.0022

c2 total rules: 21

c0 computing feature 14
c1 computing class: 0
c1 discrimination constraints: 32h
c1 coverage constraints: 18v+343h
c1 formula: 58v, 435c (395h+40s)
c1 enumerating rules (maxsat-based)
c1 # of rules: 0
c1 rule time: 0.0022

c1 computing class: 1
c1 discrimination constraints: 18h
c1 coverage constraints: 32v+609h
c1 formula: 72v, 687c (647h+40s)
c1 enumerating rules (maxsat-based)
c1 rule: not 'eggs: 0', not 'milk: 0' => 'tail: 1'
c1 rule: 'catsize: 0', not 'hair: 0', not 'predator: 0' => 'tail: 1'
c1 rule: 'domestic: 0', 'catsize: 0', not 'milk: 0' => 'tail: 1'
c1 # of rules: 3
c1 rule time: 0.0036

c2 total rules: 3

c0 computing feature 15
c1 computing class: 0
c1 discrimination constraints: 7h
c1 coverage constraints: 43v+818h
c1 formula: 83v, 885c (845h+40s)
c1 enumerating rules (maxsat-based)
c1 rule: not 'venomous: 0' => 'domestic: 0'
c1 rule: 'hair: 0', not 'milk: 0' => 'domestic: 0'
c1 rule: 'milk: 0', not 'predator: 0' => 'domestic: 0'
c1 rule: 'eggs: 0', not 'fins: 0' => 'domestic: 0'
c1 # of rules: 4
c1 rule time: 0.0044

c1 computing class: 1
c1 discrimination constraints: 43h
c1 coverage constraints: 7v+134h
c1 formula: 47v, 237c (197h+40s)
c1 enumerating rules (maxsat-based)
c1 # of rules: 0
c1 rule time: 0.0016

c2 total rules: 4

c0 computing feature 16
c1 computing class: 0
c1 discrimination constraints: 19h
c1 coverage constraints: 31v+590h
c1 formula: 71v, 669c (629h+40s)
c1 enumerating rules (maxsat-based)
c1 rule: 'aquatic: 0', not 'venomous: 0' => 'catsize: 0'
c1 rule: 'fins: 0', not 'eggs: 0', not 'toothed: 0' => 'catsize: 0'
c1 # of rules: 2
c1 rule time: 0.0040

c1 computing class: 1
c1 discrimination constraints: 31h
c1 coverage constraints: 19v+362h
c1 formula: 59v, 453c (413h+40s)
c1 enumerating rules (maxsat-based)
c1 # of rules: 0
c1 rule time: 0.0028

c2 total rules: 2
c3 total time: 0.4165

Rules are saved to ../rules/all/q4_zoo_train5.csv.json