c0 # of samps: 4938 (367 weighted)
c0 # of feats: 11 (16 binary)
c0 # of labls: 2
c0 parse time: 0.3211


c0 computing feature 1
c1 computing class: (-inf..5.83]
c1 discrimination constraints: 123h
c1 coverage constraints: 104v+1145h
c1 formula: 136v, 1316c (1284h+32s)
c1 enumerating rules (maxsat-based)
c1 rule: 'score_factor: 0', not 'Native_American: 0' => 'Number_of_Priors: (-inf..5.83]'
c1 rule: not 'Native_American: 0', not 'Misdemeanor: 0' => 'Number_of_Priors: (-inf..5.83]'
c1 rule: not 'Age_Above_FourtyFive: 0', not 'Asian: 0' => 'Number_of_Priors: (-inf..5.83]'
c1 rule: not 'Age_Below_TwentyFive: 0', not 'Asian: 0' => 'Number_of_Priors: (-inf..5.83]'
c1 rule: not 'Age_Below_TwentyFive: 0', not 'Native_American: 0' => 'Number_of_Priors: (-inf..5.83]'
c1 rule: 'Age_Above_FourtyFive: 0', not 'Native_American: 0', not 'Female: 0' => 'Number_of_Priors: (-inf..5.83]'
c1 rule: not 'Age_Below_TwentyFive: 0', not 'Other: 0', not 'Misdemeanor: 0' => 'Number_of_Priors: (-inf..5.83]'
c1 rule: 'score_factor: 0', not 'Age_Below_TwentyFive: 0', not 'Misdemeanor: 0' => 'Number_of_Priors: (-inf..5.83]'
c1 rule: not 'Age_Below_TwentyFive: 0', not 'Other: 0', not 'Female: 0' => 'Number_of_Priors: (-inf..5.83]'
c1 rule: 'score_factor: 0', not 'Age_Below_TwentyFive: 0', not 'Female: 0' => 'Number_of_Priors: (-inf..5.83]'
c1 rule: 'score_factor: 0', not 'Age_Below_TwentyFive: 0', not 'Other: 0' => 'Number_of_Priors: (-inf..5.83]'
c1 rule: not 'score_factor: 0', not 'Other: 0', not 'Misdemeanor: 0' => 'Number_of_Priors: (-inf..5.83]'
c1 rule: not 'Other: 0', not 'Female: 0', not 'Misdemeanor: 0' => 'Number_of_Priors: (-inf..5.83]'
c1 rule: 'score_factor: 0', not 'Other: 0', not 'Female: 0' => 'Number_of_Priors: (-inf..5.83]'
c1 rule: 'score_factor: 0', not 'Age_Below_TwentyFive: 0', not 'Hispanic: 0' => 'Number_of_Priors: (-inf..5.83]'
c1 rule: not 'Age_Below_TwentyFive: 0', not 'Hispanic: 0', not 'Female: 0' => 'Number_of_Priors: (-inf..5.83]'
c1 rule: not 'Age_Above_FourtyFive: 0', not 'Other: 0', not 'Misdemeanor: 0' => 'Number_of_Priors: (-inf..5.83]'
c1 rule: not 'Age_Above_FourtyFive: 0', not 'Hispanic: 0', not 'Female: 0' => 'Number_of_Priors: (-inf..5.83]'
c1 rule: 'score_factor: 0', 'Misdemeanor: 0', not 'Asian: 0' => 'Number_of_Priors: (-inf..5.83]'
c1 rule: 'score_factor: 0', not 'Hispanic: 0', not 'Female: 0', not 'Misdemeanor: 0' => 'Number_of_Priors: (-inf..5.83]'
c1 rule: not 'score_factor: 0', not 'Age_Above_FourtyFive: 0', not 'Hispanic: 0', not 'Misdemeanor: 0' => 'Number_of_Priors: (-inf..5.83]'
c1 rule: 'score_factor: 0', 'Age_Above_FourtyFive: 0', not 'African_American: 0', not 'Female: 0', not 'Misdemeanor: 0' => 'Number_of_Priors: (-inf..5.83]'
c1 # of rules: 22
c1 rule time: 0.0186

c1 computing class: (11.67..17.5]
c1 discrimination constraints: 199h
c1 coverage constraints: 28v+309h
c1 formula: 60v, 556c (524h+32s)
c1 enumerating rules (maxsat-based)
c1 rule: not 'Age_Above_FourtyFive: 0', not 'Native_American: 0', not 'Female: 0' => 'Number_of_Priors: (11.67..17.5]'
c1 # of rules: 1
c1 rule time: 0.0029

c1 computing class: (17.5..23.33]
c1 discrimination constraints: 207h
c1 coverage constraints: 20v+221h
c1 formula: 52v, 476c (444h+32s)
c1 enumerating rules (maxsat-based)
c1 rule: 'Female: 0', not 'Age_Above_FourtyFive: 0', not 'Native_American: 0' => 'Number_of_Priors: (17.5..23.33]'
c1 # of rules: 1
c1 rule time: 0.0024

c1 computing class: (23.33..29.17]
c1 discrimination constraints: 218h
c1 coverage constraints: 9v+100h
c1 formula: 41v, 366c (334h+32s)
c1 enumerating rules (maxsat-based)
c1 # of rules: 0
c1 rule time: 0.0016

c1 computing class: (29.17..+inf)
c1 discrimination constraints: 223h
c1 coverage constraints: 4v+45h
c1 formula: 36v, 316c (284h+32s)
c1 enumerating rules (maxsat-based)
c1 # of rules: 0
c1 rule time: 0.0015

c1 computing class: (5.83..11.67]
c1 discrimination constraints: 165h
c1 coverage constraints: 62v+683h
c1 formula: 94v, 896c (864h+32s)
c1 enumerating rules (maxsat-based)
c1 rule: 'Age_Below_TwentyFive: 0', not 'score_factor: 0', not 'Hispanic: 0', not 'Female: 0', not 'Misdemeanor: 0' => 'Number_of_Priors: (5.83..11.67]'
c1 rule: 'Age_Above_FourtyFive: 0', 'Age_Below_TwentyFive: 0', 'Female: 0', 'Misdemeanor: 0', not 'score_factor: 0', not 'Native_American: 0' => 'Number_of_Priors: (5.83..11.67]'
c1 # of rules: 2
c1 rule time: 0.0047

c2 total rules: 26

c0 computing feature 2
c1 computing class: 0
c1 discrimination constraints: 132h
c1 coverage constraints: 95v+1521h
c1 formula: 129v, 1704c (1670h+34s)
c1 enumerating rules (maxsat-based)
c1 rule: not 'Asian: 0', not 'Misdemeanor: 0' => 'score_factor: 0'
c1 rule: 'Number_of_Priors: (17.5..23.33]', not 'Other: 0' => 'score_factor: 0'
c1 rule: not 'Age_Above_FourtyFive: 0', not 'Other: 0', not 'Female: 0' => 'score_factor: 0'
c1 rule: not 'Age_Above_FourtyFive: 0', not 'Other: 0', not 'Misdemeanor: 0' => 'score_factor: 0'
c1 rule: not 'Age_Above_FourtyFive: 0', not 'Hispanic: 0', not 'Female: 0' => 'score_factor: 0'
c1 rule: 'Number_of_Priors: (17.5..23.33]', not 'Age_Above_FourtyFive: 0', not 'Hispanic: 0' => 'score_factor: 0'
c1 rule: 'Number_of_Priors: (11.67..17.5]', not 'Age_Above_FourtyFive: 0', not 'Hispanic: 0' => 'score_factor: 0'
c1 rule: 'Number_of_Priors: (-inf..5.83]', 'Age_Below_TwentyFive: 0', not 'Hispanic: 0', not 'Female: 0' => 'score_factor: 0'
c1 rule: 'Number_of_Priors: (5.83..11.67]', 'Misdemeanor: 0', not 'Hispanic: 0', not 'Female: 0' => 'score_factor: 0'
c1 # of rules: 9
c1 rule time: 0.0153

c1 computing class: 1
c1 discrimination constraints: 95h
c1 coverage constraints: 132v+2113h
c1 formula: 166v, 2259c (2225h+34s)
c1 enumerating rules (maxsat-based)
c1 rule: 'Number_of_Priors: (23.33..29.17]' => 'score_factor: 1'
c1 rule: 'Number_of_Priors: (29.17..+inf)' => 'score_factor: 1'
c1 rule: not 'Age_Below_TwentyFive: 0', not 'Native_American: 0' => 'score_factor: 1'
c1 rule: 'Number_of_Priors: (11.67..17.5]', not 'Age_Below_TwentyFive: 0' => 'score_factor: 1'
c1 rule: 'Number_of_Priors: (17.5..23.33]', not 'Female: 0' => 'score_factor: 1'
c1 rule: not 'Native_American: 0', not 'Female: 0' => 'score_factor: 1'
c1 rule: 'Number_of_Priors: (11.67..17.5]', not 'Female: 0' => 'score_factor: 1'
c1 rule: 'Number_of_Priors: (11.67..17.5]', not 'Other: 0' => 'score_factor: 1'
c1 rule: 'Number_of_Priors: (17.5..23.33]', 'Age_Above_FourtyFive: 0', 'African_American: 0' => 'score_factor: 1'
c1 rule: 'Number_of_Priors: (17.5..23.33]', 'Age_Above_FourtyFive: 0', not 'Misdemeanor: 0' => 'score_factor: 1'
c1 rule: 'Number_of_Priors: (11.67..17.5]', 'Age_Above_FourtyFive: 0', not 'Hispanic: 0' => 'score_factor: 1'
c1 rule: 'Number_of_Priors: (11.67..17.5]', 'Age_Above_FourtyFive: 0', 'African_American: 0', not 'Misdemeanor: 0' => 'score_factor: 1'
c1 rule: 'Number_of_Priors: (17.5..23.33]', 'African_American: 0', 'Hispanic: 0', 'Other: 0' => 'score_factor: 1'
c1 # of rules: 13
c1 rule time: 0.0197

c2 total rules: 22

c0 computing feature 3
c1 computing class: 0
c1 discrimination constraints: 82h
c1 coverage constraints: 145v+2321h
c1 formula: 179v, 2454c (2420h+34s)
c1 enumerating rules (maxsat-based)
c1 rule: not 'Age_Below_TwentyFive: 0' => 'Age_Above_FourtyFive: 0'
c1 rule: 'Number_of_Priors: (23.33..29.17]', not 'Other: 0' => 'Age_Above_FourtyFive: 0'
c1 rule: 'Number_of_Priors: (23.33..29.17]', not 'Hispanic: 0' => 'Age_Above_FourtyFive: 0'
c1 rule: 'Number_of_Priors: (29.17..+inf)', not 'Other: 0' => 'Age_Above_FourtyFive: 0'
c1 rule: 'Number_of_Priors: (17.5..23.33]', 'African_American: 0', not 'Misdemeanor: 0' => 'Age_Above_FourtyFive: 0'
c1 rule: 'Number_of_Priors: (17.5..23.33]', 'African_American: 0', not 'Female: 0' => 'Age_Above_FourtyFive: 0'
c1 rule: 'Number_of_Priors: (11.67..17.5]', 'Misdemeanor: 0', not 'African_American: 0', not 'Female: 0' => 'Age_Above_FourtyFive: 0'
c1 # of rules: 7
c1 rule time: 0.0144

c1 computing class: 1
c1 discrimination constraints: 145h
c1 coverage constraints: 82v+1313h
c1 formula: 116v, 1509c (1475h+34s)
c1 enumerating rules (maxsat-based)
c1 rule: 'Number_of_Priors: (29.17..+inf)', not 'Misdemeanor: 0' => 'Age_Above_FourtyFive: 1'
c1 rule: 'Number_of_Priors: (29.17..+inf)', 'Other: 0' => 'Age_Above_FourtyFive: 1'
c1 rule: 'Number_of_Priors: (23.33..29.17]', not 'Female: 0' => 'Age_Above_FourtyFive: 1'
c1 rule: 'Number_of_Priors: (23.33..29.17]', 'African_American: 0', not 'Misdemeanor: 0' => 'Age_Above_FourtyFive: 1'
c1 rule: 'Number_of_Priors: (23.33..29.17]', 'African_American: 0', 'Hispanic: 0', 'Other: 0' => 'Age_Above_FourtyFive: 1'
c1 # of rules: 5
c1 rule time: 0.0121

c2 total rules: 12

c0 computing feature 4
c1 computing class: 0
c1 discrimination constraints: 52h
c1 coverage constraints: 175v+2801h
c1 formula: 209v, 2904c (2870h+34s)
c1 enumerating rules (maxsat-based)
c1 rule: 'Number_of_Priors: (17.5..23.33]' => 'Age_Below_TwentyFive: 0'
c1 rule: 'Number_of_Priors: (29.17..+inf)' => 'Age_Below_TwentyFive: 0'
c1 rule: 'Number_of_Priors: (23.33..29.17]' => 'Age_Below_TwentyFive: 0'
c1 rule: 'Number_of_Priors: (11.67..17.5]', not 'Hispanic: 0' => 'Age_Below_TwentyFive: 0'
c1 rule: not 'Native_American: 0', not 'Female: 0' => 'Age_Below_TwentyFive: 0'
c1 rule: 'Number_of_Priors: (11.67..17.5]', 'African_American: 0' => 'Age_Below_TwentyFive: 0'
c1 rule: 'Number_of_Priors: (11.67..17.5]', not 'Female: 0' => 'Age_Below_TwentyFive: 0'
c1 # of rules: 7
c1 rule time: 0.0169

c1 computing class: 1
c1 discrimination constraints: 175h
c1 coverage constraints: 52v+833h
c1 formula: 86v, 1059c (1025h+34s)
c1 enumerating rules (maxsat-based)
c1 # of rules: 0
c1 rule time: 0.0051

c2 total rules: 7

c0 computing feature 5
c1 computing class: 0
c1 discrimination constraints: 73h
c1 coverage constraints: 154v+2465h
c1 formula: 188v, 2589c (2555h+34s)
c1 enumerating rules (maxsat-based)
c1 rule: not 'Other: 0' => 'African_American: 0'
c1 rule: not 'Native_American: 0' => 'African_American: 0'
c1 rule: not 'Asian: 0' => 'African_American: 0'
c1 rule: not 'Hispanic: 0' => 'African_American: 0'
c1 rule: 'Number_of_Priors: (23.33..29.17]', not 'Female: 0' => 'African_American: 0'
c1 rule: 'Number_of_Priors: (29.17..+inf)', not 'Misdemeanor: 0' => 'African_American: 0'
c1 # of rules: 6
c1 rule time: 0.0129

c1 computing class: 1
c1 discrimination constraints: 154h
c1 coverage constraints: 73v+1169h
c1 formula: 107v, 1374c (1340h+34s)
c1 enumerating rules (maxsat-based)
c1 rule: 'Number_of_Priors: (17.5..23.33]', 'Female: 0', not 'Misdemeanor: 0' => 'African_American: 1'
c1 rule: 'Number_of_Priors: (11.67..17.5]', not 'Female: 0', not 'Misdemeanor: 0' => 'African_American: 1'
c1 # of rules: 2
c1 rule time: 0.0091

c2 total rules: 8

c0 computing feature 6
c1 computing class: 0
c1 discrimination constraints: 11h
c1 coverage constraints: 216v+3457h
c1 formula: 250v, 3519c (3485h+34s)
c1 enumerating rules (maxsat-based)
c1 rule: not 'Female: 0' => 'Asian: 0'
c1 rule: not 'Native_American: 0' => 'Asian: 0'
c1 rule: 'Number_of_Priors: (23.33..29.17]' => 'Asian: 0'
c1 rule: not 'Hispanic: 0' => 'Asian: 0'
c1 rule: 'Number_of_Priors: (17.5..23.33]' => 'Asian: 0'
c1 rule: 'Number_of_Priors: (29.17..+inf)' => 'Asian: 0'
c1 rule: not 'Other: 0' => 'Asian: 0'
c1 rule: 'Number_of_Priors: (11.67..17.5]' => 'Asian: 0'
c1 # of rules: 8
c1 rule time: 0.0140

c1 computing class: 1
c1 discrimination constraints: 216h
c1 coverage constraints: 11v+177h
c1 formula: 45v, 444c (410h+34s)
c1 enumerating rules (maxsat-based)
c1 # of rules: 0
c1 rule time: 0.0025

c2 total rules: 8

c0 computing feature 7
c1 computing class: 0
c1 discrimination constraints: 38h
c1 coverage constraints: 189v+3025h
c1 formula: 223v, 3114c (3080h+34s)
c1 enumerating rules (maxsat-based)
c1 rule: not 'Other: 0' => 'Hispanic: 0'
c1 rule: not 'Native_American: 0' => 'Hispanic: 0'
c1 rule: 'Number_of_Priors: (29.17..+inf)' => 'Hispanic: 0'
c1 rule: 'Number_of_Priors: (11.67..17.5]', not 'Misdemeanor: 0' => 'Hispanic: 0'
c1 # of rules: 4
c1 rule time: 0.0165

c1 computing class: 1
c1 discrimination constraints: 189h
c1 coverage constraints: 38v+609h
c1 formula: 72v, 849c (815h+34s)
c1 enumerating rules (maxsat-based)
c1 # of rules: 0
c1 rule time: 0.0039

c2 total rules: 4

c0 computing feature 8
c1 computing class: 0
c1 discrimination constraints: 9h
c1 coverage constraints: 218v+3489h
c1 formula: 252v, 3549c (3515h+34s)
c1 enumerating rules (maxsat-based)
c1 rule: not 'Other: 0' => 'Native_American: 0'
c1 rule: not 'Female: 0', not 'Misdemeanor: 0' => 'Native_American: 0'
c1 # of rules: 2
c1 rule time: 0.0124

c1 computing class: 1
c1 discrimination constraints: 218h
c1 coverage constraints: 9v+145h
c1 formula: 43v, 414c (380h+34s)
c1 enumerating rules (maxsat-based)
c1 # of rules: 0
c1 rule time: 0.0024

c2 total rules: 2

c0 computing feature 9
c1 computing class: 0
c1 discrimination constraints: 33h
c1 coverage constraints: 194v+3105h
c1 formula: 228v, 3189c (3155h+34s)
c1 enumerating rules (maxsat-based)
c1 rule: 'Number_of_Priors: (11.67..17.5]', not 'Female: 0' => 'Other: 0'
c1 # of rules: 1
c1 rule time: 0.0144

c1 computing class: 1
c1 discrimination constraints: 194h
c1 coverage constraints: 33v+529h
c1 formula: 67v, 774c (740h+34s)
c1 enumerating rules (maxsat-based)
c1 # of rules: 0
c1 rule time: 0.0037

c2 total rules: 1

c0 computing feature 10
c1 computing class: 0
c1 discrimination constraints: 81h
c1 coverage constraints: 146v+2337h
c1 formula: 180v, 2469c (2435h+34s)
c1 enumerating rules (maxsat-based)
c1 rule: 'Number_of_Priors: (23.33..29.17]', not 'Misdemeanor: 0' => 'Female: 0'
c1 rule: 'Number_of_Priors: (29.17..+inf)', not 'African_American: 0' => 'Female: 0'
c1 rule: 'Number_of_Priors: (29.17..+inf)', 'Age_Above_FourtyFive: 0' => 'Female: 0'
c1 rule: 'Number_of_Priors: (29.17..+inf)', 'Misdemeanor: 0' => 'Female: 0'
c1 # of rules: 4
c1 rule time: 0.0224

c1 computing class: 1
c1 discrimination constraints: 146h
c1 coverage constraints: 81v+1297h
c1 formula: 115v, 1494c (1460h+34s)
c1 enumerating rules (maxsat-based)
c1 rule: 'Number_of_Priors: (29.17..+inf)', not 'Misdemeanor: 0' => 'Female: 1'
c1 # of rules: 1
c1 rule time: 0.0076

c2 total rules: 5

c0 computing feature 11
c1 computing class: 0
c1 discrimination constraints: 96h
c1 coverage constraints: 131v+2097h
c1 formula: 165v, 2244c (2210h+34s)
c1 enumerating rules (maxsat-based)
c1 # of rules: 0
c1 rule time: 0.0177

c1 computing class: 1
c1 discrimination constraints: 131h
c1 coverage constraints: 96v+1537h
c1 formula: 130v, 1719c (1685h+34s)
c1 enumerating rules (maxsat-based)
c1 # of rules: 0
c1 rule time: 0.0097

c2 total rules: 0
c3 total time: 0.6671

Rules are saved to ../rules/all/q6_compas_train3.csv.json