c0 # of samps: 131 (126 weighted)
c0 # of feats: 9 (49 binary)
c0 # of labls: 2
c0 parse time: 0.2727


c0 computing feature 1
c1 computing class: (-inf..1.52]
c1 discrimination constraints: 24h
c1 coverage constraints: 102v+4999h
c1 formula: 202v, 5173c (5073h+100s)
c1 enumerating rules (maxsat-based)
c1 rule: 'Silicon: (72.35..72.66]' => 'Refractive Index: (-inf..1.52]'
c1 rule: 'Sodium: (12.69..12.93]' => 'Refractive Index: (-inf..1.52]'
c1 rule: 'Calcium: (-inf..8.1]' => 'Refractive Index: (-inf..1.52]'
c1 rule: 'Barium: (0.07..0.1]' => 'Refractive Index: (-inf..1.52]'
c1 rule: 'Barium: (0.1..0.14]' => 'Refractive Index: (-inf..1.52]'
c1 rule: 'Aluminum: (1.44..1.63]' => 'Refractive Index: (-inf..1.52]'
c1 rule: 'Calcium: (8.1..8.39]' => 'Refractive Index: (-inf..1.52]'
c1 rule: 'Potassium: (0.23..0.48]' => 'Refractive Index: (-inf..1.52]'
c1 rule: 'Magnesium: (3.4..3.53]' => 'Refractive Index: (-inf..1.52]'
c1 rule: 'Aluminum: (1.28..1.44]', not 'Magnesium: (-inf..2.89]' => 'Refractive Index: (-inf..1.52]'
c1 rule: 'Aluminum: (1.28..1.44]', not 'Sodium: (13.47..13.8]' => 'Refractive Index: (-inf..1.52]'
c1 rule: 'Iron: (0.14..0.19]', not 'Silicon: (71.95..72.35]' => 'Refractive Index: (-inf..1.52]'
c1 rule: 'Sodium: (13.8..+inf)', 'Silicon: (71.95..72.35]' => 'Refractive Index: (-inf..1.52]'
c1 rule: 'Magnesium: (3.66..3.8]', 'Calcium: (8.64..8.99]' => 'Refractive Index: (-inf..1.52]'
c1 rule: 'Calcium: (8.64..8.99]', not 'Silicon: (-inf..71.95]' => 'Refractive Index: (-inf..1.52]'
c1 rule: 'Magnesium: (3.53..3.66]', 'Potassium: (0.48..0.57]' => 'Refractive Index: (-inf..1.52]'
c1 rule: 'Magnesium: (3.53..3.66]', not 'Silicon: (71.95..72.35]' => 'Refractive Index: (-inf..1.52]'
c1 rule: 'Sodium: (13.47..13.8]', 'Aluminum: (-inf..0.82]' => 'Refractive Index: (-inf..1.52]'
c1 rule: 'Silicon: (72.66..72.89]', 'Calcium: (8.99..9.75]' => 'Refractive Index: (-inf..1.52]'
c1 rule: 'Calcium: (8.39..8.64]', not 'Potassium: (0.48..0.57]' => 'Refractive Index: (-inf..1.52]'
c1 # of rules: 20
c1 rule time: 0.0255

c1 computing class: (1.52..+inf)
c1 discrimination constraints: 102h
c1 coverage constraints: 24v+1177h
c1 formula: 124v, 1429c (1329h+100s)
c1 enumerating rules (maxsat-based)
c1 rule: 'Barium: (0.19..0.55]' => 'Refractive Index: (1.52..+inf)'
c1 rule: 'Barium: (0.55..+inf)', not 'Aluminum: (1.28..1.44]' => 'Refractive Index: (1.52..+inf)'
c1 rule: 'Silicon: (71.95..72.35]', 'Potassium: (0.11..0.23]' => 'Refractive Index: (1.52..+inf)'
c1 rule: 'Sodium: (-inf..12.69]', 'Potassium: (0.11..0.23]' => 'Refractive Index: (1.52..+inf)'
c1 rule: 'Sodium: (-inf..12.69]', 'Aluminum: (-inf..0.82]' => 'Refractive Index: (1.52..+inf)'
c1 rule: 'Aluminum: (-inf..0.82]', 'Silicon: (-inf..71.95]' => 'Refractive Index: (1.52..+inf)'
c1 rule: 'Silicon: (-inf..71.95]', 'Potassium: (-inf..0.11]' => 'Refractive Index: (1.52..+inf)'
c1 rule: 'Potassium: (0.48..0.57]', 'Calcium: (9.75..+inf)' => 'Refractive Index: (1.52..+inf)'
c1 rule: 'Magnesium: (3.66..3.8]', 'Silicon: (72.66..72.89]' => 'Refractive Index: (1.52..+inf)'
c1 rule: 'Potassium: (0.11..0.23]', 'Calcium: (8.99..9.75]' => 'Refractive Index: (1.52..+inf)'
c1 rule: 'Magnesium: (-inf..2.89]', 'Potassium: (0.11..0.23]' => 'Refractive Index: (1.52..+inf)'
c1 rule: 'Magnesium: (3.53..3.66]', 'Calcium: (8.99..9.75]' => 'Refractive Index: (1.52..+inf)'
c1 rule: 'Sodium: (13.8..+inf)', 'Aluminum: (0.82..1.13]' => 'Refractive Index: (1.52..+inf)'
c1 rule: 'Aluminum: (1.63..+inf)', 'Calcium: (9.75..+inf)' => 'Refractive Index: (1.52..+inf)'
c1 # of rules: 14
c1 rule time: 0.0132

c2 total rules: 34

c0 computing feature 2
c1 computing class: (-inf..12.69]
c1 discrimination constraints: 109h
c1 coverage constraints: 17v+749h
c1 formula: 115v, 1005c (907h+98s)
c1 enumerating rules (maxsat-based)
c1 rule: 'Calcium: (8.64..8.99]', 'Iron: (0.09..0.14]' => 'Sodium: (-inf..12.69]'
c1 rule: 'Magnesium: (-inf..2.89]', 'Potassium: (0.57..0.66]' => 'Sodium: (-inf..12.69]'
c1 rule: 'Aluminum: (0.82..1.13]', 'Potassium: (0.23..0.48]' => 'Sodium: (-inf..12.69]'
c1 rule: 'Potassium: (0.66..+inf)', 'Calcium: (8.39..8.64]' => 'Sodium: (-inf..12.69]'
c1 rule: 'Calcium: (9.75..+inf)', 'Iron: (0.19..0.25]' => 'Sodium: (-inf..12.69]'
c1 rule: 'Silicon: (73.12..+inf)', 'Calcium: (8.99..9.75]' => 'Sodium: (-inf..12.69]'
c1 rule: 'Silicon: (72.89..73.12]', 'Calcium: (9.75..+inf)' => 'Sodium: (-inf..12.69]'
c1 rule: 'Potassium: (0.66..+inf)', 'Calcium: (9.75..+inf)' => 'Sodium: (-inf..12.69]'
c1 rule: 'Magnesium: (-inf..2.89]', 'Aluminum: (1.44..1.63]' => 'Sodium: (-inf..12.69]'
c1 rule: 'Silicon: (73.12..+inf)', not 'Refractive Index: (-inf..1.52]' => 'Sodium: (-inf..12.69]'
c1 rule: 'Magnesium: (3.4..3.53]', 'Aluminum: (1.63..+inf)', 'Silicon: (73.12..+inf)' => 'Sodium: (-inf..12.69]'
c1 rule: 'Silicon: (73.12..+inf)', 'Calcium: (8.39..8.64]', not 'Potassium: (0.57..0.66]' => 'Sodium: (-inf..12.69]'
c1 rule: 'Silicon: (73.12..+inf)', 'Calcium: (8.39..8.64]', not 'Magnesium: (3.4..3.53]' => 'Sodium: (-inf..12.69]'
c1 rule: 'Silicon: (71.95..72.35]', 'Potassium: (-inf..0.11]', 'Calcium: (9.75..+inf)' => 'Sodium: (-inf..12.69]'
c1 rule: 'Magnesium: (3.66..3.8]', 'Silicon: (72.89..73.12]', 'Calcium: (8.64..8.99]' => 'Sodium: (-inf..12.69]'
c1 rule: 'Aluminum: (1.28..1.44]', 'Silicon: (73.12..+inf)', 'Iron: (-inf..0.09]' => 'Sodium: (-inf..12.69]'
c1 rule: 'Magnesium: (3.4..3.53]', 'Aluminum: (1.28..1.44]', 'Silicon: (72.66..72.89]', not 'Calcium: (8.1..8.39]' => 'Sodium: (-inf..12.69]'
c1 # of rules: 17
c1 rule time: 0.0155

c1 computing class: (12.69..12.93]
c1 discrimination constraints: 101h
c1 coverage constraints: 25v+1101h
c1 formula: 123v, 1349c (1251h+98s)
c1 enumerating rules (maxsat-based)
c1 rule: 'Magnesium: (3.4..3.53]', 'Iron: (0.19..0.25]' => 'Sodium: (12.69..12.93]'
c1 rule: 'Aluminum: (1.44..1.63]', 'Iron: (0.19..0.25]' => 'Sodium: (12.69..12.93]'
c1 rule: 'Potassium: (0.57..0.66]', 'Iron: (0.19..0.25]' => 'Sodium: (12.69..12.93]'
c1 rule: 'Aluminum: (1.13..1.28]', 'Silicon: (73.12..+inf)' => 'Sodium: (12.69..12.93]'
c1 rule: 'Magnesium: (2.89..3.4]', 'Silicon: (73.12..+inf)' => 'Sodium: (12.69..12.93]'
c1 rule: 'Aluminum: (1.44..1.63]', 'Calcium: (8.39..8.64]' => 'Sodium: (12.69..12.93]'
c1 rule: 'Silicon: (73.12..+inf)', 'Calcium: (8.64..8.99]' => 'Sodium: (12.69..12.93]'
c1 rule: 'Calcium: (8.64..8.99]', 'Iron: (0.25..0.3]' => 'Sodium: (12.69..12.93]'
c1 rule: 'Silicon: (72.89..73.12]', 'Iron: (0.25..0.3]' => 'Sodium: (12.69..12.93]'
c1 rule: 'Silicon: (72.35..72.66]', 'Iron: (0.3..+inf)' => 'Sodium: (12.69..12.93]'
c1 rule: 'Silicon: (72.89..73.12]', 'Calcium: (8.39..8.64]', not 'Magnesium: (3.53..3.66]' => 'Sodium: (12.69..12.93]'
c1 rule: 'Magnesium: (3.4..3.53]', 'Silicon: (72.89..73.12]', not 'Calcium: (8.1..8.39]' => 'Sodium: (12.69..12.93]'
c1 rule: 'Silicon: (73.12..+inf)', 'Calcium: (-inf..8.1]', not 'Magnesium: (3.4..3.53]' => 'Sodium: (12.69..12.93]'
c1 rule: 'Aluminum: (1.44..1.63]', 'Silicon: (73.12..+inf)', 'Potassium: (0.57..0.66]' => 'Sodium: (12.69..12.93]'
c1 rule: 'Aluminum: (1.63..+inf)', 'Silicon: (72.66..72.89]', 'Calcium: (-inf..8.1]' => 'Sodium: (12.69..12.93]'
c1 rule: 'Magnesium: (3.4..3.53]', 'Aluminum: (1.63..+inf)', not 'Potassium: (0.57..0.66]' => 'Sodium: (12.69..12.93]'
c1 rule: 'Magnesium: (3.53..3.66]', 'Aluminum: (1.28..1.44]', 'Silicon: (72.35..72.66]' => 'Sodium: (12.69..12.93]'
c1 rule: 'Aluminum: (1.44..1.63]', 'Silicon: (72.89..73.12]', 'Potassium: (0.57..0.66]' => 'Sodium: (12.69..12.93]'
c1 rule: 'Aluminum: (1.28..1.44]', 'Silicon: (72.89..73.12]', not 'Potassium: (0.48..0.57]', not 'Calcium: (8.64..8.99]' => 'Sodium: (12.69..12.93]'
c1 # of rules: 19
c1 rule time: 0.0164

c1 computing class: (12.93..13.22]
c1 discrimination constraints: 98h
c1 coverage constraints: 28v+1233h
c1 formula: 126v, 1478c (1380h+98s)
c1 enumerating rules (maxsat-based)
c1 rule: 'Barium: (0.07..0.1]' => 'Sodium: (12.93..13.22]'
c1 rule: 'Aluminum: (1.44..1.63]', 'Potassium: (-inf..0.11]' => 'Sodium: (12.93..13.22]'
c1 rule: 'Potassium: (0.57..0.66]', 'Calcium: (8.99..9.75]' => 'Sodium: (12.93..13.22]'
c1 rule: 'Iron: (0.14..0.19]', not 'Potassium: (0.48..0.57]' => 'Sodium: (12.93..13.22]'
c1 rule: 'Magnesium: (3.8..+inf)', 'Potassium: (0.57..0.66]' => 'Sodium: (12.93..13.22]'
c1 rule: 'Silicon: (72.66..72.89]', 'Calcium: (8.64..8.99]' => 'Sodium: (12.93..13.22]'
c1 rule: 'Magnesium: (3.66..3.8]', 'Silicon: (72.66..72.89]' => 'Sodium: (12.93..13.22]'
c1 rule: 'Magnesium: (3.8..+inf)', 'Calcium: (8.39..8.64]' => 'Sodium: (12.93..13.22]'
c1 rule: 'Aluminum: (0.82..1.13]', 'Potassium: (0.48..0.57]' => 'Sodium: (12.93..13.22]'
c1 rule: 'Aluminum: (0.82..1.13]', 'Calcium: (8.1..8.39]' => 'Sodium: (12.93..13.22]'
c1 rule: 'Aluminum: (1.63..+inf)', 'Calcium: (8.1..8.39]' => 'Sodium: (12.93..13.22]'
c1 rule: 'Magnesium: (3.66..3.8]', 'Potassium: (0.48..0.57]' => 'Sodium: (12.93..13.22]'
c1 rule: 'Silicon: (72.89..73.12]', 'Calcium: (8.99..9.75]' => 'Sodium: (12.93..13.22]'
c1 rule: 'Silicon: (72.89..73.12]', 'Barium: (0.1..0.14]' => 'Sodium: (12.93..13.22]'
c1 rule: 'Magnesium: (2.89..3.4]', 'Potassium: (0.57..0.66]' => 'Sodium: (12.93..13.22]'
c1 rule: 'Magnesium: (3.4..3.53]', 'Potassium: (0.57..0.66]', 'Calcium: (8.1..8.39]' => 'Sodium: (12.93..13.22]'
c1 rule: 'Silicon: (72.66..72.89]', 'Potassium: (0.57..0.66]', not 'Calcium: (-inf..8.1]' => 'Sodium: (12.93..13.22]'
c1 rule: 'Aluminum: (1.63..+inf)', not 'Magnesium: (-inf..2.89]', not 'Calcium: (-inf..8.1]' => 'Sodium: (12.93..13.22]'
c1 rule: 'Magnesium: (3.4..3.53]', 'Silicon: (72.35..72.66]', not 'Calcium: (-inf..8.1]' => 'Sodium: (12.93..13.22]'
c1 rule: 'Magnesium: (3.4..3.53]', 'Aluminum: (1.44..1.63]', 'Silicon: (72.66..72.89]' => 'Sodium: (12.93..13.22]'
c1 rule: 'Magnesium: (3.66..3.8]', 'Silicon: (71.95..72.35]', 'Calcium: (9.75..+inf)' => 'Sodium: (12.93..13.22]'
c1 rule: 'Magnesium: (3.53..3.66]', 'Potassium: (0.48..0.57]', 'Iron: (-inf..0.09]' => 'Sodium: (12.93..13.22]'
c1 rule: 'Silicon: (72.89..73.12]', 'Potassium: (0.48..0.57]', not 'Magnesium: (3.4..3.53]' => 'Sodium: (12.93..13.22]'
c1 rule: 'Aluminum: (1.44..1.63]', 'Silicon: (72.89..73.12]', 'Potassium: (0.66..+inf)' => 'Sodium: (12.93..13.22]'
c1 # of rules: 24
c1 rule time: 0.0182

c1 computing class: (13.22..13.47]
c1 discrimination constraints: 105h
c1 coverage constraints: 21v+925h
c1 formula: 119v, 1177c (1079h+98s)
c1 enumerating rules (maxsat-based)
c1 rule: 'Aluminum: (1.44..1.63]', 'Potassium: (0.23..0.48]' => 'Sodium: (13.22..13.47]'
c1 rule: 'Magnesium: (-inf..2.89]', 'Aluminum: (1.13..1.28]' => 'Sodium: (13.22..13.47]'
c1 rule: 'Magnesium: (3.8..+inf)', 'Silicon: (72.66..72.89]' => 'Sodium: (13.22..13.47]'
c1 rule: 'Silicon: (71.95..72.35]', 'Iron: (0.09..0.14]' => 'Sodium: (13.22..13.47]'
c1 rule: 'Potassium: (0.66..+inf)', 'Iron: (0.09..0.14]' => 'Sodium: (13.22..13.47]'
c1 rule: 'Silicon: (72.35..72.66]', 'Iron: (0.25..0.3]' => 'Sodium: (13.22..13.47]'
c1 rule: 'Magnesium: (3.66..3.8]', 'Aluminum: (1.28..1.44]', not 'Calcium: (8.1..8.39]' => 'Sodium: (13.22..13.47]'
c1 rule: 'Aluminum: (1.28..1.44]', 'Silicon: (72.66..72.89]', not 'Iron: (-inf..0.09]' => 'Sodium: (13.22..13.47]'
c1 rule: 'Magnesium: (3.53..3.66]', 'Silicon: (71.95..72.35]', not 'Aluminum: (0.82..1.13]' => 'Sodium: (13.22..13.47]'
c1 rule: 'Silicon: (72.66..72.89]', 'Calcium: (8.1..8.39]', not 'Magnesium: (3.4..3.53]' => 'Sodium: (13.22..13.47]'
c1 rule: 'Silicon: (72.66..72.89]', 'Potassium: (0.48..0.57]', 'Calcium: (8.1..8.39]' => 'Sodium: (13.22..13.47]'
c1 rule: 'Silicon: (71.95..72.35]', 'Potassium: (0.48..0.57]', 'Iron: (-inf..0.09]' => 'Sodium: (13.22..13.47]'
c1 rule: 'Aluminum: (1.13..1.28]', 'Calcium: (8.1..8.39]', 'Iron: (0.09..0.14]' => 'Sodium: (13.22..13.47]'
c1 rule: 'Magnesium: (3.53..3.66]', 'Silicon: (72.35..72.66]', 'Calcium: (8.1..8.39]' => 'Sodium: (13.22..13.47]'
c1 rule: 'Aluminum: (1.13..1.28]', 'Calcium: (8.1..8.39]', 'Iron: (-inf..0.09]' => 'Sodium: (13.22..13.47]'
c1 rule: 'Magnesium: (3.4..3.53]', 'Potassium: (0.48..0.57]', not 'Aluminum: (1.28..1.44]' => 'Sodium: (13.22..13.47]'
c1 # of rules: 16
c1 rule time: 0.0190

c1 computing class: (13.47..13.8]
c1 discrimination constraints: 106h
c1 coverage constraints: 20v+881h
c1 formula: 118v, 1134c (1036h+98s)
c1 enumerating rules (maxsat-based)
c1 rule: 'Barium: (0.19..0.55]' => 'Sodium: (13.47..13.8]'
c1 rule: 'Barium: (0.14..0.19]' => 'Sodium: (13.47..13.8]'
c1 rule: 'Aluminum: (1.44..1.63]', 'Silicon: (-inf..71.95]' => 'Sodium: (13.47..13.8]'
c1 rule: 'Magnesium: (3.53..3.66]', 'Calcium: (8.99..9.75]' => 'Sodium: (13.47..13.8]'
c1 rule: 'Magnesium: (3.53..3.66]', 'Potassium: (-inf..0.11]' => 'Sodium: (13.47..13.8]'
c1 rule: 'Aluminum: (1.28..1.44]', not 'Refractive Index: (-inf..1.52]' => 'Sodium: (13.47..13.8]'
c1 rule: 'Potassium: (0.48..0.57]', 'Iron: (0.3..+inf)' => 'Sodium: (13.47..13.8]'
c1 rule: 'Calcium: (8.64..8.99]', not 'Refractive Index: (-inf..1.52]' => 'Sodium: (13.47..13.8]'
c1 rule: 'Refractive Index: (-inf..1.52]', 'Calcium: (9.75..+inf)' => 'Sodium: (13.47..13.8]'
c1 rule: 'Magnesium: (3.4..3.53]', 'Calcium: (8.99..9.75]' => 'Sodium: (13.47..13.8]'
c1 rule: 'Aluminum: (1.44..1.63]', 'Calcium: (8.64..8.99]', not 'Magnesium: (2.89..3.4]' => 'Sodium: (13.47..13.8]'
c1 rule: 'Aluminum: (1.13..1.28]', 'Calcium: (-inf..8.1]', not 'Iron: (0.09..0.14]' => 'Sodium: (13.47..13.8]'
c1 rule: 'Magnesium: (3.66..3.8]', 'Aluminum: (1.63..+inf)', 'Potassium: (0.57..0.66]' => 'Sodium: (13.47..13.8]'
c1 rule: 'Magnesium: (3.66..3.8]', 'Aluminum: (0.82..1.13]', 'Iron: (-inf..0.09]' => 'Sodium: (13.47..13.8]'
c1 rule: 'Iron: (0.09..0.14]', not 'Refractive Index: (-inf..1.52]', not 'Calcium: (9.75..+inf)' => 'Sodium: (13.47..13.8]'
c1 rule: 'Potassium: (0.57..0.66]', 'Calcium: (-inf..8.1]', not 'Aluminum: (1.44..1.63]', not 'Silicon: (73.12..+inf)' => 'Sodium: (13.47..13.8]'
c1 # of rules: 16
c1 rule time: 0.0168

c1 computing class: (13.8..+inf)
c1 discrimination constraints: 111h
c1 coverage constraints: 15v+661h
c1 formula: 113v, 919c (821h+98s)
c1 enumerating rules (maxsat-based)
c1 rule: 'Magnesium: (3.66..3.8]', 'Potassium: (-inf..0.11]' => 'Sodium: (13.8..+inf)'
c1 rule: 'Magnesium: (3.53..3.66]', 'Silicon: (-inf..71.95]' => 'Sodium: (13.8..+inf)'
c1 rule: 'Silicon: (-inf..71.95]', 'Calcium: (-inf..8.1]' => 'Sodium: (13.8..+inf)'
c1 rule: 'Magnesium: (3.66..3.8]', 'Silicon: (-inf..71.95]' => 'Sodium: (13.8..+inf)'
c1 rule: 'Magnesium: (2.89..3.4]', not 'Refractive Index: (-inf..1.52]' => 'Sodium: (13.8..+inf)'
c1 rule: 'Silicon: (72.66..72.89]', 'Calcium: (9.75..+inf)' => 'Sodium: (13.8..+inf)'
c1 rule: 'Magnesium: (2.89..3.4]', 'Calcium: (-inf..8.1]' => 'Sodium: (13.8..+inf)'
c1 rule: 'Aluminum: (1.28..1.44]', 'Potassium: (0.23..0.48]' => 'Sodium: (13.8..+inf)'
c1 rule: 'Aluminum: (-inf..0.82]', 'Calcium: (8.99..9.75]' => 'Sodium: (13.8..+inf)'
c1 rule: 'Potassium: (0.23..0.48]', 'Iron: (0.09..0.14]' => 'Sodium: (13.8..+inf)'
c1 rule: 'Magnesium: (3.4..3.53]', not 'Barium: (-inf..0.07]' => 'Sodium: (13.8..+inf)'
c1 rule: 'Magnesium: (3.8..+inf)', 'Calcium: (8.99..9.75]', not 'Iron: (0.09..0.14]' => 'Sodium: (13.8..+inf)'
c1 # of rules: 12
c1 rule time: 0.0111

c2 total rules: 104

c0 computing feature 3
c1 computing class: (-inf..2.89]
c1 discrimination constraints: 108h
c1 coverage constraints: 18v+793h
c1 formula: 116v, 1048c (950h+98s)
c1 enumerating rules (maxsat-based)
c1 rule: 'Barium: (0.19..0.55]' => 'Magnesium: (-inf..2.89]'
c1 rule: 'Sodium: (13.22..13.47]', 'Calcium: (8.99..9.75]' => 'Magnesium: (-inf..2.89]'
c1 rule: 'Sodium: (-inf..12.69]', 'Calcium: (8.99..9.75]' => 'Magnesium: (-inf..2.89]'
c1 rule: 'Silicon: (72.89..73.12]', 'Calcium: (8.99..9.75]' => 'Magnesium: (-inf..2.89]'
c1 rule: 'Silicon: (-inf..71.95]', 'Potassium: (0.57..0.66]' => 'Magnesium: (-inf..2.89]'
c1 rule: 'Aluminum: (1.63..+inf)', not 'Refractive Index: (-inf..1.52]' => 'Magnesium: (-inf..2.89]'
c1 rule: 'Aluminum: (1.28..1.44]', not 'Refractive Index: (-inf..1.52]' => 'Magnesium: (-inf..2.89]'
c1 rule: 'Sodium: (-inf..12.69]', 'Potassium: (0.66..+inf)' => 'Magnesium: (-inf..2.89]'
c1 rule: 'Refractive Index: (-inf..1.52]', 'Calcium: (9.75..+inf)' => 'Magnesium: (-inf..2.89]'
c1 rule: 'Potassium: (0.48..0.57]', 'Iron: (0.19..0.25]' => 'Magnesium: (-inf..2.89]'
c1 rule: 'Silicon: (72.89..73.12]', 'Calcium: (9.75..+inf)' => 'Magnesium: (-inf..2.89]'
c1 rule: 'Sodium: (-inf..12.69]', 'Silicon: (-inf..71.95]' => 'Magnesium: (-inf..2.89]'
c1 rule: 'Silicon: (73.12..+inf)', 'Calcium: (9.75..+inf)' => 'Magnesium: (-inf..2.89]'
c1 rule: 'Silicon: (72.66..72.89]', 'Calcium: (9.75..+inf)' => 'Magnesium: (-inf..2.89]'
c1 rule: 'Sodium: (-inf..12.69]', 'Silicon: (71.95..72.35]' => 'Magnesium: (-inf..2.89]'
c1 # of rules: 15
c1 rule time: 0.0108

c1 computing class: (2.89..3.4]
c1 discrimination constraints: 116h
c1 coverage constraints: 10v+441h
c1 formula: 108v, 704c (606h+98s)
c1 enumerating rules (maxsat-based)
c1 rule: 'Potassium: (0.57..0.66]', 'Calcium: (8.99..9.75]' => 'Magnesium: (2.89..3.4]'
c1 rule: 'Silicon: (72.66..72.89]', 'Calcium: (8.64..8.99]' => 'Magnesium: (2.89..3.4]'
c1 rule: 'Sodium: (12.93..13.22]', 'Calcium: (8.64..8.99]' => 'Magnesium: (2.89..3.4]'
c1 rule: 'Sodium: (13.22..13.47]', 'Calcium: (8.64..8.99]' => 'Magnesium: (2.89..3.4]'
c1 rule: 'Aluminum: (1.13..1.28]', 'Silicon: (-inf..71.95]' => 'Magnesium: (2.89..3.4]'
c1 rule: 'Sodium: (13.8..+inf)', 'Potassium: (0.66..+inf)' => 'Magnesium: (2.89..3.4]'
c1 rule: 'Silicon: (72.89..73.12]', 'Potassium: (0.23..0.48]' => 'Magnesium: (2.89..3.4]'
c1 rule: 'Silicon: (73.12..+inf)', 'Potassium: (0.66..+inf)', 'Calcium: (8.1..8.39]' => 'Magnesium: (2.89..3.4]'
c1 rule: 'Aluminum: (1.44..1.63]', 'Potassium: (0.48..0.57]', 'Iron: (-inf..0.09]' => 'Magnesium: (2.89..3.4]'
c1 rule: 'Sodium: (12.93..13.22]', 'Aluminum: (1.28..1.44]', 'Silicon: (72.66..72.89]' => 'Magnesium: (2.89..3.4]'
c1 # of rules: 10
c1 rule time: 0.0101

c1 computing class: (3.4..3.53]
c1 discrimination constraints: 93h
c1 coverage constraints: 33v+1453h
c1 formula: 131v, 1693c (1595h+98s)
c1 enumerating rules (maxsat-based)
c1 rule: 'Silicon: (-inf..71.95]', 'Barium: (0.1..0.14]' => 'Magnesium: (3.4..3.53]'
c1 rule: 'Aluminum: (1.13..1.28]', 'Potassium: (0.23..0.48]' => 'Magnesium: (3.4..3.53]'
c1 rule: 'Potassium: (0.57..0.66]', 'Iron: (0.14..0.19]' => 'Magnesium: (3.4..3.53]'
c1 rule: 'Aluminum: (1.63..+inf)', 'Calcium: (8.1..8.39]' => 'Magnesium: (3.4..3.53]'
c1 rule: 'Aluminum: (1.63..+inf)', 'Silicon: (72.35..72.66]' => 'Magnesium: (3.4..3.53]'
c1 rule: 'Calcium: (8.64..8.99]', 'Iron: (0.25..0.3]' => 'Magnesium: (3.4..3.53]'
c1 rule: 'Sodium: (-inf..12.69]', 'Calcium: (-inf..8.1]' => 'Magnesium: (3.4..3.53]'
c1 rule: 'Sodium: (13.22..13.47]', 'Silicon: (73.12..+inf)' => 'Magnesium: (3.4..3.53]'
c1 rule: 'Aluminum: (1.28..1.44]', 'Potassium: (0.66..+inf)' => 'Magnesium: (3.4..3.53]'
c1 rule: 'Potassium: (0.66..+inf)', 'Iron: (0.09..0.14]' => 'Magnesium: (3.4..3.53]'
c1 rule: 'Aluminum: (1.44..1.63]', 'Potassium: (-inf..0.11]' => 'Magnesium: (3.4..3.53]'
c1 rule: 'Potassium: (0.66..+inf)', 'Iron: (0.19..0.25]' => 'Magnesium: (3.4..3.53]'
c1 rule: 'Silicon: (72.89..73.12]', 'Iron: (0.3..+inf)' => 'Magnesium: (3.4..3.53]'
c1 rule: 'Aluminum: (0.82..1.13]', 'Potassium: (0.57..0.66]', not 'Iron: (0.19..0.25]' => 'Magnesium: (3.4..3.53]'
c1 rule: 'Sodium: (12.69..12.93]', 'Potassium: (0.48..0.57]', 'Iron: (-inf..0.09]' => 'Magnesium: (3.4..3.53]'
c1 rule: 'Sodium: (12.69..12.93]', 'Silicon: (72.66..72.89]', not 'Aluminum: (1.44..1.63]' => 'Magnesium: (3.4..3.53]'
c1 rule: 'Sodium: (-inf..12.69]', 'Silicon: (72.66..72.89]', 'Potassium: (0.48..0.57]' => 'Magnesium: (3.4..3.53]'
c1 rule: 'Sodium: (-inf..12.69]', 'Potassium: (0.48..0.57]', 'Iron: (-inf..0.09]' => 'Magnesium: (3.4..3.53]'
c1 rule: 'Aluminum: (1.13..1.28]', 'Silicon: (72.66..72.89]', not 'Potassium: (0.48..0.57]' => 'Magnesium: (3.4..3.53]'
c1 rule: 'Silicon: (72.66..72.89]', 'Potassium: (0.57..0.66]', 'Calcium: (8.1..8.39]' => 'Magnesium: (3.4..3.53]'
c1 rule: 'Sodium: (12.93..13.22]', 'Silicon: (72.66..72.89]', 'Potassium: (0.66..+inf)' => 'Magnesium: (3.4..3.53]'
c1 rule: 'Aluminum: (1.28..1.44]', 'Silicon: (72.66..72.89]', 'Calcium: (8.1..8.39]' => 'Magnesium: (3.4..3.53]'
c1 rule: 'Sodium: (13.22..13.47]', 'Aluminum: (1.13..1.28]', 'Calcium: (8.39..8.64]' => 'Magnesium: (3.4..3.53]'
c1 rule: 'Aluminum: (1.28..1.44]', 'Silicon: (-inf..71.95]', 'Potassium: (0.48..0.57]' => 'Magnesium: (3.4..3.53]'
c1 rule: 'Aluminum: (1.28..1.44]', 'Silicon: (71.95..72.35]', 'Iron: (-inf..0.09]' => 'Magnesium: (3.4..3.53]'
c1 rule: 'Aluminum: (1.44..1.63]', 'Silicon: (71.95..72.35]', not 'Sodium: (13.22..13.47]' => 'Magnesium: (3.4..3.53]'
c1 rule: 'Aluminum: (1.44..1.63]', 'Silicon: (73.12..+inf)', not 'Calcium: (8.1..8.39]' => 'Magnesium: (3.4..3.53]'
c1 rule: 'Sodium: (12.69..12.93]', 'Silicon: (73.12..+inf)', 'Calcium: (8.39..8.64]' => 'Magnesium: (3.4..3.53]'
c1 rule: 'Sodium: (12.69..12.93]', 'Silicon: (72.89..73.12]', 'Calcium: (8.64..8.99]' => 'Magnesium: (3.4..3.53]'
c1 rule: 'Aluminum: (1.28..1.44]', 'Silicon: (72.35..72.66]', 'Calcium: (8.39..8.64]', not 'Sodium: (13.22..13.47]' => 'Magnesium: (3.4..3.53]'
c1 # of rules: 30
c1 rule time: 0.0328

c1 computing class: (3.53..3.66]
c1 discrimination constraints: 89h
c1 coverage constraints: 37v+1629h
c1 formula: 135v, 1865c (1767h+98s)
c1 enumerating rules (maxsat-based)
c1 rule: 'Barium: (0.14..0.19]' => 'Magnesium: (3.53..3.66]'
c1 rule: 'Barium: (0.07..0.1]' => 'Magnesium: (3.53..3.66]'
c1 rule: 'Potassium: (0.11..0.23]', not 'Barium: (-inf..0.07]' => 'Magnesium: (3.53..3.66]'
c1 rule: 'Sodium: (13.47..13.8]', 'Silicon: (72.66..72.89]' => 'Magnesium: (3.53..3.66]'
c1 rule: 'Aluminum: (-inf..0.82]', 'Calcium: (8.64..8.99]' => 'Magnesium: (3.53..3.66]'
c1 rule: 'Sodium: (13.22..13.47]', 'Aluminum: (-inf..0.82]' => 'Magnesium: (3.53..3.66]'
c1 rule: 'Aluminum: (1.44..1.63]', 'Calcium: (8.39..8.64]' => 'Magnesium: (3.53..3.66]'
c1 rule: 'Aluminum: (1.44..1.63]', 'Iron: (0.25..0.3]' => 'Magnesium: (3.53..3.66]'
c1 rule: 'Aluminum: (1.28..1.44]', 'Potassium: (0.23..0.48]' => 'Magnesium: (3.53..3.66]'
c1 rule: 'Calcium: (8.64..8.99]', 'Iron: (0.09..0.14]' => 'Magnesium: (3.53..3.66]'
c1 rule: 'Aluminum: (0.82..1.13]', 'Iron: (0.14..0.19]' => 'Magnesium: (3.53..3.66]'
c1 rule: 'Sodium: (12.69..12.93]', 'Iron: (0.14..0.19]' => 'Magnesium: (3.53..3.66]'
c1 rule: 'Calcium: (8.39..8.64]', 'Iron: (0.09..0.14]' => 'Magnesium: (3.53..3.66]'
c1 rule: 'Sodium: (12.93..13.22]', 'Silicon: (73.12..+inf)', not 'Potassium: (-inf..0.11]' => 'Magnesium: (3.53..3.66]'
c1 rule: 'Aluminum: (1.13..1.28]', 'Calcium: (8.1..8.39]', not 'Potassium: (0.48..0.57]' => 'Magnesium: (3.53..3.66]'
c1 rule: 'Potassium: (0.23..0.48]', 'Calcium: (8.1..8.39]', not 'Silicon: (72.89..73.12]' => 'Magnesium: (3.53..3.66]'
c1 rule: 'Potassium: (0.57..0.66]', 'Calcium: (8.1..8.39]', not 'Sodium: (12.93..13.22]' => 'Magnesium: (3.53..3.66]'
c1 rule: 'Aluminum: (1.44..1.63]', 'Silicon: (72.35..72.66]', 'Potassium: (0.57..0.66]' => 'Magnesium: (3.53..3.66]'
c1 rule: 'Aluminum: (1.63..+inf)', 'Silicon: (73.12..+inf)', not 'Sodium: (-inf..12.69]' => 'Magnesium: (3.53..3.66]'
c1 rule: 'Sodium: (12.69..12.93]', 'Aluminum: (1.44..1.63]', not 'Silicon: (73.12..+inf)' => 'Magnesium: (3.53..3.66]'
c1 rule: 'Sodium: (13.22..13.47]', 'Aluminum: (1.44..1.63]', 'Potassium: (0.57..0.66]' => 'Magnesium: (3.53..3.66]'
c1 rule: 'Aluminum: (1.44..1.63]', 'Silicon: (72.35..72.66]', 'Iron: (-inf..0.09]' => 'Magnesium: (3.53..3.66]'
c1 rule: 'Aluminum: (1.63..+inf)', 'Calcium: (8.39..8.64]', not 'Silicon: (73.12..+inf)' => 'Magnesium: (3.53..3.66]'
c1 rule: 'Silicon: (72.89..73.12]', 'Calcium: (8.39..8.64]', not 'Potassium: (0.48..0.57]' => 'Magnesium: (3.53..3.66]'
c1 rule: 'Aluminum: (1.28..1.44]', 'Silicon: (72.35..72.66]', 'Calcium: (8.64..8.99]' => 'Magnesium: (3.53..3.66]'
c1 rule: 'Potassium: (-inf..0.11]', 'Calcium: (8.99..9.75]', not 'Sodium: (13.8..+inf)' => 'Magnesium: (3.53..3.66]'
c1 rule: 'Sodium: (12.93..13.22]', 'Calcium: (-inf..8.1]', not 'Potassium: (0.66..+inf)' => 'Magnesium: (3.53..3.66]'
c1 rule: 'Sodium: (12.93..13.22]', 'Calcium: (-inf..8.1]', not 'Silicon: (72.66..72.89]' => 'Magnesium: (3.53..3.66]'
c1 rule: 'Silicon: (72.66..72.89]', 'Iron: (0.09..0.14]', not 'Sodium: (13.8..+inf)' => 'Magnesium: (3.53..3.66]'
c1 rule: 'Refractive Index: (-inf..1.52]', 'Aluminum: (1.13..1.28]', 'Potassium: (0.48..0.57]', 'Iron: (-inf..0.09]', not 'Sodium: (13.22..13.47]' => 'Magnesium: (3.53..3.66]'
c1 # of rules: 30
c1 rule time: 0.0327

c1 computing class: (3.66..3.8]
c1 discrimination constraints: 110h
c1 coverage constraints: 16v+705h
c1 formula: 114v, 962c (864h+98s)
c1 enumerating rules (maxsat-based)
c1 rule: 'Silicon: (-inf..71.95]', 'Calcium: (-inf..8.1]' => 'Magnesium: (3.66..3.8]'
c1 rule: 'Sodium: (12.69..12.93]', 'Silicon: (71.95..72.35]' => 'Magnesium: (3.66..3.8]'
c1 rule: 'Calcium: (8.39..8.64]', not 'Refractive Index: (-inf..1.52]' => 'Magnesium: (3.66..3.8]'
c1 rule: 'Silicon: (72.35..72.66]', 'Iron: (0.3..+inf)' => 'Magnesium: (3.66..3.8]'
c1 rule: 'Sodium: (-inf..12.69]', 'Aluminum: (1.13..1.28]' => 'Magnesium: (3.66..3.8]'
c1 rule: 'Sodium: (12.93..13.22]', 'Aluminum: (-inf..0.82]' => 'Magnesium: (3.66..3.8]'
c1 rule: 'Aluminum: (-inf..0.82]', 'Iron: (0.09..0.14]' => 'Magnesium: (3.66..3.8]'
c1 rule: 'Calcium: (8.99..9.75]', 'Iron: (0.3..+inf)' => 'Magnesium: (3.66..3.8]'
c1 rule: 'Refractive Index: (-inf..1.52]', 'Aluminum: (-inf..0.82]', not 'Sodium: (13.47..13.8]' => 'Magnesium: (3.66..3.8]'
c1 rule: 'Sodium: (13.8..+inf)', 'Calcium: (8.64..8.99]', not 'Silicon: (-inf..71.95]' => 'Magnesium: (3.66..3.8]'
c1 rule: 'Silicon: (72.89..73.12]', 'Potassium: (0.48..0.57]', not 'Aluminum: (1.28..1.44]' => 'Magnesium: (3.66..3.8]'
c1 rule: 'Aluminum: (1.63..+inf)', 'Silicon: (71.95..72.35]', 'Potassium: (0.57..0.66]' => 'Magnesium: (3.66..3.8]'
c1 rule: 'Sodium: (13.22..13.47]', 'Potassium: (0.57..0.66]', 'Calcium: (8.39..8.64]' => 'Magnesium: (3.66..3.8]'
c1 rule: 'Silicon: (72.35..72.66]', 'Potassium: (0.48..0.57]', 'Iron: (-inf..0.09]' => 'Magnesium: (3.66..3.8]'
c1 rule: 'Sodium: (13.47..13.8]', 'Silicon: (72.89..73.12]', not 'Calcium: (8.64..8.99]' => 'Magnesium: (3.66..3.8]'
c1 rule: 'Sodium: (13.47..13.8]', 'Silicon: (71.95..72.35]', 'Potassium: (0.11..0.23]' => 'Magnesium: (3.66..3.8]'
c1 # of rules: 16
c1 rule time: 0.0160

c1 computing class: (3.8..+inf)
c1 discrimination constraints: 114h
c1 coverage constraints: 12v+529h
c1 formula: 110v, 790c (692h+98s)
c1 enumerating rules (maxsat-based)
c1 rule: 'Silicon: (71.95..72.35]', 'Iron: (0.09..0.14]' => 'Magnesium: (3.8..+inf)'
c1 rule: 'Silicon: (71.95..72.35]', 'Calcium: (8.1..8.39]' => 'Magnesium: (3.8..+inf)'
c1 rule: 'Silicon: (-inf..71.95]', 'Calcium: (8.1..8.39]' => 'Magnesium: (3.8..+inf)'
c1 rule: 'Calcium: (8.64..8.99]', not 'Refractive Index: (-inf..1.52]' => 'Magnesium: (3.8..+inf)'
c1 rule: 'Iron: (0.25..0.3]', not 'Potassium: (0.57..0.66]' => 'Magnesium: (3.8..+inf)'
c1 rule: 'Aluminum: (-inf..0.82]', not 'Refractive Index: (-inf..1.52]', not 'Calcium: (9.75..+inf)' => 'Magnesium: (3.8..+inf)'
c1 rule: 'Iron: (0.09..0.14]', not 'Refractive Index: (-inf..1.52]', not 'Calcium: (9.75..+inf)' => 'Magnesium: (3.8..+inf)'
c1 rule: 'Aluminum: (0.82..1.13]', 'Silicon: (-inf..71.95]', not 'Potassium: (0.11..0.23]' => 'Magnesium: (3.8..+inf)'
c1 rule: 'Aluminum: (0.82..1.13]', 'Silicon: (-inf..71.95]', 'Iron: (-inf..0.09]' => 'Magnesium: (3.8..+inf)'
c1 rule: 'Aluminum: (1.13..1.28]', 'Silicon: (72.35..72.66]', 'Calcium: (8.39..8.64]' => 'Magnesium: (3.8..+inf)'
c1 rule: 'Aluminum: (1.13..1.28]', 'Silicon: (72.35..72.66]', not 'Potassium: (0.57..0.66]' => 'Magnesium: (3.8..+inf)'
c1 rule: 'Aluminum: (1.13..1.28]', 'Calcium: (8.1..8.39]', 'Iron: (-inf..0.09]', not 'Potassium: (0.57..0.66]' => 'Magnesium: (3.8..+inf)'
c1 # of rules: 12
c1 rule time: 0.0121

c2 total rules: 113

c0 computing feature 4
c1 computing class: (-inf..0.82]
c1 discrimination constraints: 115h
c1 coverage constraints: 11v+485h
c1 formula: 109v, 747c (649h+98s)
c1 enumerating rules (maxsat-based)
c1 rule: 'Barium: (0.14..0.19]' => 'Aluminum: (-inf..0.82]'
c1 rule: 'Magnesium: (3.66..3.8]', 'Calcium: (9.75..+inf)' => 'Aluminum: (-inf..0.82]'
c1 rule: 'Sodium: (13.47..13.8]', 'Silicon: (73.12..+inf)' => 'Aluminum: (-inf..0.82]'
c1 rule: 'Silicon: (73.12..+inf)', not 'Refractive Index: (-inf..1.52]' => 'Aluminum: (-inf..0.82]'
c1 rule: 'Sodium: (13.22..13.47]', 'Calcium: (9.75..+inf)' => 'Aluminum: (-inf..0.82]'
c1 rule: 'Silicon: (72.89..73.12]', not 'Refractive Index: (-inf..1.52]' => 'Aluminum: (-inf..0.82]'
c1 rule: 'Silicon: (72.89..73.12]', 'Potassium: (-inf..0.11]' => 'Aluminum: (-inf..0.82]'
c1 rule: 'Sodium: (-inf..12.69]', 'Potassium: (-inf..0.11]' => 'Aluminum: (-inf..0.82]'
c1 rule: 'Refractive Index: (-inf..1.52]', 'Sodium: (13.8..+inf)', 'Calcium: (8.99..9.75]' => 'Aluminum: (-inf..0.82]'
c1 # of rules: 9
c1 rule time: 0.0091

c1 computing class: (0.82..1.13]
c1 discrimination constraints: 108h
c1 coverage constraints: 18v+793h
c1 formula: 116v, 1048c (950h+98s)
c1 enumerating rules (maxsat-based)
c1 rule: 'Barium: (0.07..0.1]' => 'Aluminum: (0.82..1.13]'
c1 rule: 'Magnesium: (-inf..2.89]', 'Potassium: (0.23..0.48]' => 'Aluminum: (0.82..1.13]'
c1 rule: 'Sodium: (13.47..13.8]', 'Calcium: (8.39..8.64]' => 'Aluminum: (0.82..1.13]'
c1 rule: 'Sodium: (-inf..12.69]', 'Potassium: (0.11..0.23]' => 'Aluminum: (0.82..1.13]'
c1 rule: 'Sodium: (13.8..+inf)', 'Magnesium: (-inf..2.89]' => 'Aluminum: (0.82..1.13]'
c1 rule: 'Sodium: (13.8..+inf)', 'Iron: (0.3..+inf)' => 'Aluminum: (0.82..1.13]'
c1 rule: 'Sodium: (12.93..13.22]', 'Iron: (0.3..+inf)' => 'Aluminum: (0.82..1.13]'
c1 rule: 'Calcium: (8.64..8.99]', not 'Refractive Index: (-inf..1.52]' => 'Aluminum: (0.82..1.13]'
c1 rule: 'Magnesium: (3.66..3.8]', 'Iron: (0.19..0.25]' => 'Aluminum: (0.82..1.13]'
c1 rule: 'Magnesium: (3.53..3.66]', 'Calcium: (8.99..9.75]' => 'Aluminum: (0.82..1.13]'
c1 rule: 'Potassium: (0.11..0.23]', 'Iron: (0.14..0.19]' => 'Aluminum: (0.82..1.13]'
c1 rule: 'Potassium: (0.11..0.23]', 'Calcium: (8.99..9.75]' => 'Aluminum: (0.82..1.13]'
c1 rule: 'Magnesium: (3.66..3.8]', 'Silicon: (72.89..73.12]', not 'Iron: (-inf..0.09]' => 'Aluminum: (0.82..1.13]'
c1 rule: 'Sodium: (12.93..13.22]', 'Silicon: (73.12..+inf)', not 'Magnesium: (3.4..3.53]' => 'Aluminum: (0.82..1.13]'
c1 # of rules: 14
c1 rule time: 0.0138

c1 computing class: (1.13..1.28]
c1 discrimination constraints: 102h
c1 coverage constraints: 24v+1057h
c1 formula: 122v, 1306c (1208h+98s)
c1 enumerating rules (maxsat-based)
c1 rule: 'Potassium: (0.57..0.66]', 'Calcium: (8.99..9.75]' => 'Aluminum: (1.13..1.28]'
c1 rule: 'Sodium: (13.22..13.47]', 'Calcium: (8.99..9.75]' => 'Aluminum: (1.13..1.28]'
c1 rule: 'Calcium: (8.39..8.64]', not 'Refractive Index: (-inf..1.52]' => 'Aluminum: (1.13..1.28]'
c1 rule: 'Magnesium: (3.8..+inf)', 'Silicon: (72.66..72.89]' => 'Aluminum: (1.13..1.28]'
c1 rule: 'Sodium: (-inf..12.69]', 'Magnesium: (3.66..3.8]' => 'Aluminum: (1.13..1.28]'
c1 rule: 'Calcium: (8.64..8.99]', 'Iron: (0.14..0.19]' => 'Aluminum: (1.13..1.28]'
c1 rule: 'Magnesium: (2.89..3.4]', 'Calcium: (9.75..+inf)' => 'Aluminum: (1.13..1.28]'
c1 rule: 'Calcium: (8.64..8.99]', 'Iron: (0.25..0.3]' => 'Aluminum: (1.13..1.28]'
c1 rule: 'Calcium: (8.64..8.99]', 'Iron: (0.3..+inf)' => 'Aluminum: (1.13..1.28]'
c1 rule: 'Magnesium: (3.8..+inf)', 'Potassium: (0.57..0.66]' => 'Aluminum: (1.13..1.28]'
c1 rule: 'Magnesium: (3.8..+inf)', 'Silicon: (72.35..72.66]' => 'Aluminum: (1.13..1.28]'
c1 rule: 'Potassium: (0.48..0.57]', 'Iron: (0.3..+inf)' => 'Aluminum: (1.13..1.28]'
c1 rule: 'Potassium: (0.23..0.48]', 'Iron: (0.09..0.14]' => 'Aluminum: (1.13..1.28]'
c1 rule: 'Magnesium: (3.66..3.8]', 'Silicon: (72.89..73.12]', not 'Iron: (0.09..0.14]' => 'Aluminum: (1.13..1.28]'
c1 rule: 'Sodium: (13.22..13.47]', 'Silicon: (72.89..73.12]', not 'Magnesium: (2.89..3.4]' => 'Aluminum: (1.13..1.28]'
c1 rule: 'Potassium: (-inf..0.11]', 'Calcium: (8.64..8.99]', not 'Sodium: (13.47..13.8]' => 'Aluminum: (1.13..1.28]'
c1 rule: 'Silicon: (72.66..72.89]', not 'Calcium: (8.39..8.64]', not 'Iron: (-inf..0.09]' => 'Aluminum: (1.13..1.28]'
c1 rule: 'Sodium: (12.69..12.93]', 'Potassium: (0.48..0.57]', 'Calcium: (8.1..8.39]' => 'Aluminum: (1.13..1.28]'
c1 rule: 'Sodium: (12.69..12.93]', 'Silicon: (73.12..+inf)', 'Calcium: (8.39..8.64]' => 'Aluminum: (1.13..1.28]'
c1 rule: 'Sodium: (12.93..13.22]', 'Magnesium: (3.53..3.66]', 'Potassium: (0.57..0.66]', not 'Calcium: (-inf..8.1]' => 'Aluminum: (1.13..1.28]'
c1 rule: 'Sodium: (12.93..13.22]', 'Magnesium: (3.4..3.53]', 'Calcium: (8.39..8.64]', not 'Silicon: (72.35..72.66]' => 'Aluminum: (1.13..1.28]'
c1 rule: 'Magnesium: (3.4..3.53]', 'Silicon: (72.66..72.89]', 'Calcium: (8.39..8.64]', not 'Sodium: (-inf..12.69]' => 'Aluminum: (1.13..1.28]'
c1 # of rules: 22
c1 rule time: 0.0208

c1 computing class: (1.28..1.44]
c1 discrimination constraints: 95h
c1 coverage constraints: 31v+1365h
c1 formula: 129v, 1607c (1509h+98s)
c1 enumerating rules (maxsat-based)
c1 rule: 'Barium: (0.1..0.14]' => 'Aluminum: (1.28..1.44]'
c1 rule: 'Silicon: (71.95..72.35]', 'Calcium: (8.39..8.64]' => 'Aluminum: (1.28..1.44]'
c1 rule: 'Sodium: (13.8..+inf)', 'Magnesium: (3.53..3.66]' => 'Aluminum: (1.28..1.44]'
c1 rule: 'Sodium: (12.93..13.22]', 'Magnesium: (-inf..2.89]' => 'Aluminum: (1.28..1.44]'
c1 rule: 'Sodium: (13.22..13.47]', 'Magnesium: (3.66..3.8]' => 'Aluminum: (1.28..1.44]'
c1 rule: 'Silicon: (71.95..72.35]', 'Iron: (0.09..0.14]' => 'Aluminum: (1.28..1.44]'
c1 rule: 'Sodium: (-inf..12.69]', 'Magnesium: (3.53..3.66]' => 'Aluminum: (1.28..1.44]'
c1 rule: 'Sodium: (-inf..12.69]', 'Potassium: (0.48..0.57]' => 'Aluminum: (1.28..1.44]'
c1 rule: 'Magnesium: (3.4..3.53]', 'Silicon: (-inf..71.95]' => 'Aluminum: (1.28..1.44]'
c1 rule: 'Magnesium: (2.89..3.4]', 'Calcium: (8.39..8.64]' => 'Aluminum: (1.28..1.44]'
c1 rule: 'Calcium: (8.1..8.39]', 'Iron: (0.19..0.25]' => 'Aluminum: (1.28..1.44]'
c1 rule: 'Potassium: (0.48..0.57]', 'Calcium: (9.75..+inf)' => 'Aluminum: (1.28..1.44]'
c1 rule: 'Magnesium: (-inf..2.89]', 'Iron: (0.09..0.14]' => 'Aluminum: (1.28..1.44]'
c1 rule: 'Potassium: (0.48..0.57]', 'Iron: (0.09..0.14]', not 'Calcium: (8.1..8.39]' => 'Aluminum: (1.28..1.44]'
c1 rule: 'Magnesium: (3.4..3.53]', 'Potassium: (0.48..0.57]', not 'Sodium: (13.22..13.47]' => 'Aluminum: (1.28..1.44]'
c1 rule: 'Magnesium: (3.4..3.53]', 'Potassium: (0.48..0.57]', not 'Calcium: (8.39..8.64]' => 'Aluminum: (1.28..1.44]'
c1 rule: 'Magnesium: (3.53..3.66]', 'Potassium: (0.57..0.66]', 'Calcium: (8.64..8.99]' => 'Aluminum: (1.28..1.44]'
c1 rule: 'Sodium: (-inf..12.69]', 'Calcium: (8.39..8.64]', not 'Potassium: (0.66..+inf)' => 'Aluminum: (1.28..1.44]'
c1 rule: 'Magnesium: (3.4..3.53]', 'Silicon: (72.35..72.66]', 'Calcium: (8.39..8.64]' => 'Aluminum: (1.28..1.44]'
c1 rule: 'Silicon: (72.35..72.66]', 'Potassium: (0.48..0.57]', not 'Magnesium: (3.8..+inf)' => 'Aluminum: (1.28..1.44]'
c1 # of rules: 20
c1 rule time: 0.0213

c1 computing class: (1.44..1.63]
c1 discrimination constraints: 99h
c1 coverage constraints: 27v+1189h
c1 formula: 125v, 1435c (1337h+98s)
c1 enumerating rules (maxsat-based)
c1 rule: 'Sodium: (13.47..13.8]', 'Magnesium: (2.89..3.4]' => 'Aluminum: (1.44..1.63]'
c1 rule: 'Magnesium: (3.53..3.66]', 'Potassium: (0.66..+inf)' => 'Aluminum: (1.44..1.63]'
c1 rule: 'Sodium: (12.93..13.22]', 'Calcium: (-inf..8.1]' => 'Aluminum: (1.44..1.63]'
c1 rule: 'Sodium: (13.22..13.47]', 'Calcium: (-inf..8.1]' => 'Aluminum: (1.44..1.63]'
c1 rule: 'Calcium: (-inf..8.1]', 'Iron: (0.25..0.3]' => 'Aluminum: (1.44..1.63]'
c1 rule: 'Sodium: (12.69..12.93]', 'Magnesium: (2.89..3.4]' => 'Aluminum: (1.44..1.63]'
c1 rule: 'Magnesium: (2.89..3.4]', 'Calcium: (8.1..8.39]' => 'Aluminum: (1.44..1.63]'
c1 rule: 'Sodium: (12.69..12.93]', 'Iron: (0.09..0.14]' => 'Aluminum: (1.44..1.63]'
c1 rule: 'Silicon: (-inf..71.95]', 'Iron: (0.14..0.19]' => 'Aluminum: (1.44..1.63]'
c1 rule: 'Sodium: (12.93..13.22]', 'Potassium: (-inf..0.11]' => 'Aluminum: (1.44..1.63]'
c1 rule: 'Potassium: (0.66..+inf)', 'Calcium: (8.99..9.75]' => 'Aluminum: (1.44..1.63]'
c1 rule: 'Sodium: (13.22..13.47]', 'Calcium: (8.64..8.99]' => 'Aluminum: (1.44..1.63]'
c1 rule: 'Sodium: (13.22..13.47]', 'Potassium: (0.23..0.48]' => 'Aluminum: (1.44..1.63]'
c1 rule: 'Magnesium: (3.53..3.66]', 'Silicon: (72.35..72.66]', not 'Calcium: (8.64..8.99]' => 'Aluminum: (1.44..1.63]'
c1 rule: 'Magnesium: (3.53..3.66]', 'Calcium: (-inf..8.1]', not 'Iron: (-inf..0.09]' => 'Aluminum: (1.44..1.63]'
c1 rule: 'Sodium: (12.69..12.93]', 'Iron: (0.14..0.19]', not 'Silicon: (73.12..+inf)' => 'Aluminum: (1.44..1.63]'
c1 rule: 'Sodium: (12.69..12.93]', 'Calcium: (8.1..8.39]', 'Iron: (-inf..0.09]' => 'Aluminum: (1.44..1.63]'
c1 rule: 'Sodium: (13.47..13.8]', 'Potassium: (0.57..0.66]', not 'Calcium: (-inf..8.1]' => 'Aluminum: (1.44..1.63]'
c1 rule: 'Sodium: (12.69..12.93]', 'Calcium: (-inf..8.1]', not 'Magnesium: (3.53..3.66]', not 'Potassium: (0.66..+inf)' => 'Aluminum: (1.44..1.63]'
c1 # of rules: 19
c1 rule time: 0.0225

c1 computing class: (1.63..+inf)
c1 discrimination constraints: 111h
c1 coverage constraints: 15v+661h
c1 formula: 113v, 919c (821h+98s)
c1 enumerating rules (maxsat-based)
c1 rule: 'Barium: (0.19..0.55]' => 'Aluminum: (1.63..+inf)'
c1 rule: 'Barium: (0.55..+inf)', not 'Magnesium: (3.53..3.66]' => 'Aluminum: (1.63..+inf)'
c1 rule: 'Magnesium: (-inf..2.89]', 'Calcium: (8.39..8.64]' => 'Aluminum: (1.63..+inf)'
c1 rule: 'Sodium: (-inf..12.69]', 'Iron: (0.3..+inf)' => 'Aluminum: (1.63..+inf)'
c1 rule: 'Silicon: (-inf..71.95]', 'Calcium: (-inf..8.1]' => 'Aluminum: (1.63..+inf)'
c1 rule: 'Silicon: (71.95..72.35]', 'Calcium: (-inf..8.1]' => 'Aluminum: (1.63..+inf)'
c1 rule: 'Silicon: (72.35..72.66]', 'Iron: (0.14..0.19]' => 'Aluminum: (1.63..+inf)'
c1 rule: 'Sodium: (-inf..12.69]', 'Calcium: (-inf..8.1]' => 'Aluminum: (1.63..+inf)'
c1 rule: 'Sodium: (12.69..12.93]', 'Magnesium: (3.4..3.53]', 'Silicon: (72.35..72.66]' => 'Aluminum: (1.63..+inf)'
c1 rule: 'Sodium: (12.69..12.93]', 'Silicon: (72.66..72.89]', 'Iron: (-inf..0.09]' => 'Aluminum: (1.63..+inf)'
c1 rule: 'Sodium: (13.47..13.8]', 'Magnesium: (3.4..3.53]', 'Calcium: (-inf..8.1]' => 'Aluminum: (1.63..+inf)'
c1 rule: 'Silicon: (73.12..+inf)', 'Calcium: (-inf..8.1]', not 'Magnesium: (3.4..3.53]' => 'Aluminum: (1.63..+inf)'
c1 # of rules: 12
c1 rule time: 0.0123

c2 total rules: 96

c0 computing feature 5
c1 computing class: (-inf..71.95]
c1 discrimination constraints: 109h
c1 coverage constraints: 17v+749h
c1 formula: 115v, 1005c (907h+98s)
c1 enumerating rules (maxsat-based)
c1 rule: 'Barium: (0.55..+inf)' => 'Silicon: (-inf..71.95]'
c1 rule: 'Sodium: (-inf..12.69]', 'Potassium: (0.11..0.23]' => 'Silicon: (-inf..71.95]'
c1 rule: 'Potassium: (0.11..0.23]', 'Calcium: (-inf..8.1]' => 'Silicon: (-inf..71.95]'
c1 rule: 'Magnesium: (3.4..3.53]', not 'Barium: (-inf..0.07]' => 'Silicon: (-inf..71.95]'
c1 rule: 'Magnesium: (2.89..3.4]', 'Potassium: (-inf..0.11]' => 'Silicon: (-inf..71.95]'
c1 rule: 'Calcium: (8.64..8.99]', not 'Refractive Index: (-inf..1.52]' => 'Silicon: (-inf..71.95]'
c1 rule: 'Calcium: (8.99..9.75]', 'Iron: (0.3..+inf)' => 'Silicon: (-inf..71.95]'
c1 rule: 'Magnesium: (3.4..3.53]', 'Calcium: (8.99..9.75]' => 'Silicon: (-inf..71.95]'
c1 rule: 'Calcium: (9.75..+inf)', 'Iron: (0.09..0.14]' => 'Silicon: (-inf..71.95]'
c1 rule: 'Iron: (0.09..0.14]', not 'Refractive Index: (-inf..1.52]' => 'Silicon: (-inf..71.95]'
c1 rule: 'Sodium: (13.8..+inf)', 'Potassium: (0.11..0.23]' => 'Silicon: (-inf..71.95]'
c1 rule: 'Magnesium: (3.8..+inf)', 'Aluminum: (-inf..0.82]' => 'Silicon: (-inf..71.95]'
c1 rule: 'Magnesium: (3.8..+inf)', 'Iron: (0.14..0.19]' => 'Silicon: (-inf..71.95]'
c1 rule: 'Magnesium: (3.8..+inf)', not 'Refractive Index: (-inf..1.52]' => 'Silicon: (-inf..71.95]'
c1 rule: 'Sodium: (13.47..13.8]', 'Magnesium: (2.89..3.4]' => 'Silicon: (-inf..71.95]'
c1 # of rules: 15
c1 rule time: 0.0119

c1 computing class: (71.95..72.35]
c1 discrimination constraints: 106h
c1 coverage constraints: 20v+881h
c1 formula: 118v, 1134c (1036h+98s)
c1 enumerating rules (maxsat-based)
c1 rule: 'Barium: (0.19..0.55]' => 'Silicon: (71.95..72.35]'
c1 rule: 'Potassium: (0.66..+inf)', not 'Refractive Index: (-inf..1.52]' => 'Silicon: (71.95..72.35]'
c1 rule: 'Sodium: (13.47..13.8]', 'Iron: (0.3..+inf)' => 'Silicon: (71.95..72.35]'
c1 rule: 'Magnesium: (3.66..3.8]', 'Iron: (0.19..0.25]' => 'Silicon: (71.95..72.35]'
c1 rule: 'Magnesium: (3.53..3.66]', not 'Refractive Index: (-inf..1.52]' => 'Silicon: (71.95..72.35]'
c1 rule: 'Magnesium: (3.8..+inf)', 'Aluminum: (1.28..1.44]' => 'Silicon: (71.95..72.35]'
c1 rule: 'Sodium: (13.8..+inf)', 'Potassium: (0.66..+inf)' => 'Silicon: (71.95..72.35]'
c1 rule: 'Sodium: (13.22..13.47]', 'Calcium: (8.64..8.99]' => 'Silicon: (71.95..72.35]'
c1 rule: 'Sodium: (12.93..13.22]', 'Aluminum: (-inf..0.82]' => 'Silicon: (71.95..72.35]'
c1 rule: 'Iron: (0.14..0.19]', not 'Refractive Index: (-inf..1.52]' => 'Silicon: (71.95..72.35]'
c1 rule: 'Sodium: (13.47..13.8]', 'Magnesium: (3.4..3.53]', 'Calcium: (8.64..8.99]' => 'Silicon: (71.95..72.35]'
c1 rule: 'Refractive Index: (-inf..1.52]', 'Potassium: (-inf..0.11]', 'Calcium: (8.99..9.75]' => 'Silicon: (71.95..72.35]'
c1 rule: 'Refractive Index: (-inf..1.52]', 'Sodium: (13.8..+inf)', 'Potassium: (-inf..0.11]' => 'Silicon: (71.95..72.35]'
c1 rule: 'Magnesium: (3.66..3.8]', 'Aluminum: (0.82..1.13]', 'Iron: (-inf..0.09]' => 'Silicon: (71.95..72.35]'
c1 rule: 'Sodium: (13.47..13.8]', 'Magnesium: (3.66..3.8]', not 'Aluminum: (1.13..1.28]' => 'Silicon: (71.95..72.35]'
c1 rule: 'Sodium: (13.22..13.47]', 'Magnesium: (3.4..3.53]', 'Calcium: (8.39..8.64]', not 'Aluminum: (1.13..1.28]' => 'Silicon: (71.95..72.35]'
c1 # of rules: 16
c1 rule time: 0.0170

c1 computing class: (72.35..72.66]
c1 discrimination constraints: 108h
c1 coverage constraints: 18v+793h
c1 formula: 116v, 1048c (950h+98s)
c1 enumerating rules (maxsat-based)
c1 rule: 'Barium: (0.14..0.19]' => 'Silicon: (72.35..72.66]'
c1 rule: 'Sodium: (13.22..13.47]', 'Magnesium: (3.66..3.8]' => 'Silicon: (72.35..72.66]'
c1 rule: 'Magnesium: (3.66..3.8]', 'Aluminum: (1.28..1.44]' => 'Silicon: (72.35..72.66]'
c1 rule: 'Potassium: (0.57..0.66]', 'Calcium: (8.99..9.75]' => 'Silicon: (72.35..72.66]'
c1 rule: 'Sodium: (13.22..13.47]', 'Iron: (0.25..0.3]' => 'Silicon: (72.35..72.66]'
c1 rule: 'Sodium: (12.69..12.93]', 'Iron: (0.09..0.14]' => 'Silicon: (72.35..72.66]'
c1 rule: 'Magnesium: (3.8..+inf)', 'Potassium: (0.57..0.66]' => 'Silicon: (72.35..72.66]'
c1 rule: 'Potassium: (0.57..0.66]', 'Iron: (0.14..0.19]' => 'Silicon: (72.35..72.66]'
c1 rule: 'Aluminum: (1.44..1.63]', 'Iron: (0.09..0.14]' => 'Silicon: (72.35..72.66]'
c1 rule: 'Sodium: (13.22..13.47]', 'Potassium: (0.66..+inf)' => 'Silicon: (72.35..72.66]'
c1 rule: 'Sodium: (12.69..12.93]', 'Iron: (0.3..+inf)' => 'Silicon: (72.35..72.66]'
c1 rule: 'Magnesium: (3.8..+inf)', 'Aluminum: (1.13..1.28]', 'Iron: (0.09..0.14]' => 'Silicon: (72.35..72.66]'
c1 rule: 'Sodium: (12.93..13.22]', 'Magnesium: (3.4..3.53]', 'Aluminum: (1.28..1.44]' => 'Silicon: (72.35..72.66]'
c1 rule: 'Sodium: (13.47..13.8]', 'Magnesium: (3.53..3.66]', 'Calcium: (-inf..8.1]' => 'Silicon: (72.35..72.66]'
c1 rule: 'Sodium: (13.47..13.8]', 'Calcium: (-inf..8.1]', not 'Magnesium: (3.66..3.8]' => 'Silicon: (72.35..72.66]'
c1 rule: 'Sodium: (12.69..12.93]', 'Magnesium: (3.53..3.66]', 'Calcium: (8.64..8.99]' => 'Silicon: (72.35..72.66]'
c1 # of rules: 16
c1 rule time: 0.0132

c1 computing class: (72.66..72.89]
c1 discrimination constraints: 99h
c1 coverage constraints: 27v+1189h
c1 formula: 125v, 1435c (1337h+98s)
c1 enumerating rules (maxsat-based)
c1 rule: 'Barium: (0.07..0.1]' => 'Silicon: (72.66..72.89]'
c1 rule: 'Magnesium: (2.89..3.4]', 'Calcium: (8.39..8.64]' => 'Silicon: (72.66..72.89]'
c1 rule: 'Potassium: (-inf..0.11]', 'Calcium: (8.39..8.64]' => 'Silicon: (72.66..72.89]'
c1 rule: 'Calcium: (8.39..8.64]', not 'Refractive Index: (-inf..1.52]' => 'Silicon: (72.66..72.89]'
c1 rule: 'Calcium: (8.39..8.64]', 'Iron: (0.14..0.19]' => 'Silicon: (72.66..72.89]'
c1 rule: 'Magnesium: (2.89..3.4]', 'Iron: (0.14..0.19]' => 'Silicon: (72.66..72.89]'
c1 rule: 'Potassium: (0.23..0.48]', 'Iron: (0.09..0.14]' => 'Silicon: (72.66..72.89]'
c1 rule: 'Sodium: (13.22..13.47]', 'Calcium: (8.99..9.75]' => 'Silicon: (72.66..72.89]'
c1 rule: 'Aluminum: (1.44..1.63]', 'Calcium: (8.99..9.75]' => 'Silicon: (72.66..72.89]'
c1 rule: 'Magnesium: (3.53..3.66]', 'Potassium: (0.23..0.48]' => 'Silicon: (72.66..72.89]'
c1 rule: 'Sodium: (13.8..+inf)', 'Magnesium: (-inf..2.89]' => 'Silicon: (72.66..72.89]'
c1 rule: 'Magnesium: (3.53..3.66]', 'Calcium: (8.1..8.39]', 'Iron: (0.09..0.14]' => 'Silicon: (72.66..72.89]'
c1 rule: 'Aluminum: (1.13..1.28]', 'Potassium: (0.48..0.57]', 'Iron: (-inf..0.09]' => 'Silicon: (72.66..72.89]'
c1 rule: 'Sodium: (12.93..13.22]', 'Magnesium: (3.4..3.53]', 'Aluminum: (1.13..1.28]' => 'Silicon: (72.66..72.89]'
c1 rule: 'Sodium: (12.93..13.22]', 'Magnesium: (3.4..3.53]', 'Calcium: (-inf..8.1]' => 'Silicon: (72.66..72.89]'
c1 rule: 'Sodium: (12.93..13.22]', 'Calcium: (-inf..8.1]', not 'Potassium: (0.66..+inf)' => 'Silicon: (72.66..72.89]'
c1 rule: 'Sodium: (12.93..13.22]', 'Aluminum: (1.63..+inf)', 'Iron: (-inf..0.09]' => 'Silicon: (72.66..72.89]'
c1 rule: 'Magnesium: (3.4..3.53]', 'Calcium: (8.1..8.39]', 'Iron: (-inf..0.09]' => 'Silicon: (72.66..72.89]'
c1 rule: 'Sodium: (13.22..13.47]', 'Magnesium: (3.53..3.66]', 'Iron: (0.09..0.14]' => 'Silicon: (72.66..72.89]'
c1 # of rules: 19
c1 rule time: 0.0202

c1 computing class: (72.89..73.12]
c1 discrimination constraints: 102h
c1 coverage constraints: 24v+1057h
c1 formula: 122v, 1306c (1208h+98s)
c1 enumerating rules (maxsat-based)
c1 rule: 'Sodium: (12.69..12.93]', 'Iron: (0.25..0.3]' => 'Silicon: (72.89..73.12]'
c1 rule: 'Sodium: (-inf..12.69]', 'Calcium: (8.64..8.99]' => 'Silicon: (72.89..73.12]'
c1 rule: 'Calcium: (8.1..8.39]', 'Iron: (0.19..0.25]' => 'Silicon: (72.89..73.12]'
c1 rule: 'Sodium: (12.93..13.22]', 'Magnesium: (-inf..2.89]' => 'Silicon: (72.89..73.12]'
c1 rule: 'Magnesium: (2.89..3.4]', 'Barium: (0.1..0.14]' => 'Silicon: (72.89..73.12]'
c1 rule: 'Magnesium: (2.89..3.4]', 'Potassium: (0.23..0.48]' => 'Silicon: (72.89..73.12]'
c1 rule: 'Magnesium: (3.4..3.53]', 'Aluminum: (0.82..1.13]' => 'Silicon: (72.89..73.12]'
c1 rule: 'Magnesium: (3.53..3.66]', 'Aluminum: (-inf..0.82]', not 'Potassium: (0.11..0.23]' => 'Silicon: (72.89..73.12]'
c1 rule: 'Magnesium: (3.66..3.8]', 'Calcium: (-inf..8.1]', not 'Aluminum: (1.63..+inf)' => 'Silicon: (72.89..73.12]'
c1 rule: 'Sodium: (12.93..13.22]', 'Magnesium: (3.66..3.8]', 'Iron: (0.09..0.14]' => 'Silicon: (72.89..73.12]'
c1 rule: 'Sodium: (12.93..13.22]', 'Iron: (0.09..0.14]', not 'Calcium: (8.99..9.75]' => 'Silicon: (72.89..73.12]'
c1 rule: 'Magnesium: (3.53..3.66]', 'Aluminum: (1.13..1.28]', not 'Potassium: (0.48..0.57]' => 'Silicon: (72.89..73.12]'
c1 rule: 'Sodium: (12.69..12.93]', 'Magnesium: (3.4..3.53]', 'Calcium: (8.64..8.99]' => 'Silicon: (72.89..73.12]'
c1 rule: 'Sodium: (12.69..12.93]', 'Magnesium: (3.4..3.53]', 'Potassium: (0.48..0.57]' => 'Silicon: (72.89..73.12]'
c1 rule: 'Magnesium: (3.53..3.66]', 'Potassium: (0.66..+inf)', 'Calcium: (-inf..8.1]' => 'Silicon: (72.89..73.12]'
c1 rule: 'Sodium: (12.69..12.93]', 'Aluminum: (1.28..1.44]', 'Calcium: (8.39..8.64]' => 'Silicon: (72.89..73.12]'
c1 rule: 'Potassium: (0.57..0.66]', 'Calcium: (8.1..8.39]', not 'Magnesium: (3.4..3.53]' => 'Silicon: (72.89..73.12]'
c1 rule: 'Magnesium: (3.53..3.66]', 'Iron: (0.19..0.25]', not 'Potassium: (0.11..0.23]' => 'Silicon: (72.89..73.12]'
c1 # of rules: 18
c1 rule time: 0.0218

c1 computing class: (73.12..+inf)
c1 discrimination constraints: 106h
c1 coverage constraints: 20v+881h
c1 formula: 118v, 1134c (1036h+98s)
c1 enumerating rules (maxsat-based)
c1 rule: 'Potassium: (0.66..+inf)', 'Calcium: (8.39..8.64]' => 'Silicon: (73.12..+inf)'
c1 rule: 'Refractive Index: (-inf..1.52]', 'Calcium: (9.75..+inf)' => 'Silicon: (73.12..+inf)'
c1 rule: 'Sodium: (-inf..12.69]', 'Calcium: (-inf..8.1]' => 'Silicon: (73.12..+inf)'
c1 rule: 'Sodium: (12.69..12.93]', 'Magnesium: (-inf..2.89]' => 'Silicon: (73.12..+inf)'
c1 rule: 'Magnesium: (3.4..3.53]', 'Potassium: (-inf..0.11]' => 'Silicon: (73.12..+inf)'
c1 rule: 'Sodium: (12.69..12.93]', 'Magnesium: (2.89..3.4]' => 'Silicon: (73.12..+inf)'
c1 rule: 'Potassium: (0.48..0.57]', 'Iron: (0.19..0.25]' => 'Silicon: (73.12..+inf)'
c1 rule: 'Potassium: (0.23..0.48]', 'Iron: (0.19..0.25]' => 'Silicon: (73.12..+inf)'
c1 rule: 'Sodium: (12.69..12.93]', 'Iron: (0.14..0.19]', not 'Calcium: (8.39..8.64]' => 'Silicon: (73.12..+inf)'
c1 rule: 'Sodium: (12.69..12.93]', 'Aluminum: (1.44..1.63]', not 'Magnesium: (3.53..3.66]' => 'Silicon: (73.12..+inf)'
c1 rule: 'Sodium: (-inf..12.69]', 'Magnesium: (3.53..3.66]', not 'Calcium: (8.64..8.99]' => 'Silicon: (73.12..+inf)'
c1 rule: 'Sodium: (-inf..12.69]', 'Magnesium: (3.4..3.53]', not 'Potassium: (0.48..0.57]' => 'Silicon: (73.12..+inf)'
c1 rule: 'Magnesium: (3.4..3.53]', 'Potassium: (0.23..0.48]', not 'Aluminum: (1.13..1.28]' => 'Silicon: (73.12..+inf)'
c1 rule: 'Sodium: (12.93..13.22]', 'Magnesium: (3.53..3.66]', 'Calcium: (8.1..8.39]' => 'Silicon: (73.12..+inf)'
c1 rule: 'Aluminum: (1.28..1.44]', 'Calcium: (-inf..8.1]', not 'Potassium: (0.23..0.48]' => 'Silicon: (73.12..+inf)'
c1 rule: 'Magnesium: (3.53..3.66]', 'Aluminum: (1.63..+inf)', not 'Calcium: (8.39..8.64]' => 'Silicon: (73.12..+inf)'
c1 rule: 'Sodium: (12.69..12.93]', 'Magnesium: (3.4..3.53]', 'Aluminum: (1.13..1.28]', 'Iron: (-inf..0.09]' => 'Silicon: (73.12..+inf)'
c1 # of rules: 17
c1 rule time: 0.0190

c2 total rules: 101

c0 computing feature 6
c1 computing class: (-inf..0.11]
c1 discrimination constraints: 110h
c1 coverage constraints: 16v+705h
c1 formula: 114v, 962c (864h+98s)
c1 enumerating rules (maxsat-based)
c1 rule: 'Magnesium: (3.8..+inf)', 'Calcium: (8.64..8.99]' => 'Potassium: (-inf..0.11]'
c1 rule: 'Magnesium: (3.8..+inf)', 'Aluminum: (-inf..0.82]' => 'Potassium: (-inf..0.11]'
c1 rule: 'Aluminum: (-inf..0.82]', 'Silicon: (-inf..71.95]' => 'Potassium: (-inf..0.11]'
c1 rule: 'Sodium: (-inf..12.69]', 'Aluminum: (-inf..0.82]' => 'Potassium: (-inf..0.11]'
c1 rule: 'Refractive Index: (-inf..1.52]', 'Calcium: (9.75..+inf)' => 'Potassium: (-inf..0.11]'
c1 rule: 'Sodium: (13.8..+inf)', 'Aluminum: (-inf..0.82]' => 'Potassium: (-inf..0.11]'
c1 rule: 'Aluminum: (-inf..0.82]', 'Silicon: (72.89..73.12]' => 'Potassium: (-inf..0.11]'
c1 rule: 'Magnesium: (2.89..3.4]', not 'Refractive Index: (-inf..1.52]' => 'Potassium: (-inf..0.11]'
c1 rule: 'Sodium: (13.47..13.8]', 'Calcium: (8.39..8.64]' => 'Potassium: (-inf..0.11]'
c1 rule: 'Magnesium: (3.53..3.66]', 'Calcium: (8.99..9.75]' => 'Potassium: (-inf..0.11]'
c1 rule: 'Sodium: (13.8..+inf)', 'Magnesium: (-inf..2.89]' => 'Potassium: (-inf..0.11]'
c1 rule: 'Sodium: (13.8..+inf)', not 'Silicon: (-inf..71.95]', not 'Calcium: (-inf..8.1]' => 'Potassium: (-inf..0.11]'
c1 rule: 'Magnesium: (3.4..3.53]', 'Iron: (0.14..0.19]', not 'Silicon: (72.35..72.66]' => 'Potassium: (-inf..0.11]'
c1 # of rules: 13
c1 rule time: 0.0124

c1 computing class: (0.11..0.23]
c1 discrimination constraints: 114h
c1 coverage constraints: 12v+529h
c1 formula: 110v, 790c (692h+98s)
c1 enumerating rules (maxsat-based)
c1 rule: 'Barium: (0.14..0.19]' => 'Potassium: (0.11..0.23]'
c1 rule: 'Aluminum: (1.63..+inf)', 'Iron: (0.09..0.14]' => 'Potassium: (0.11..0.23]'
c1 rule: 'Silicon: (-inf..71.95]', 'Iron: (0.3..+inf)' => 'Potassium: (0.11..0.23]'
c1 rule: 'Magnesium: (-inf..2.89]', 'Iron: (0.09..0.14]' => 'Potassium: (0.11..0.23]'
c1 rule: 'Magnesium: (3.53..3.66]', 'Silicon: (-inf..71.95]' => 'Potassium: (0.11..0.23]'
c1 rule: 'Magnesium: (3.53..3.66]', 'Calcium: (9.75..+inf)' => 'Potassium: (0.11..0.23]'
c1 rule: 'Sodium: (12.93..13.22]', 'Aluminum: (-inf..0.82]' => 'Potassium: (0.11..0.23]'
c1 rule: 'Sodium: (13.47..13.8]', 'Iron: (0.09..0.14]' => 'Potassium: (0.11..0.23]'
c1 rule: 'Silicon: (-inf..71.95]', 'Iron: (0.19..0.25]' => 'Potassium: (0.11..0.23]'
c1 rule: 'Magnesium: (3.66..3.8]', 'Calcium: (8.99..9.75]', not 'Aluminum: (-inf..0.82]' => 'Potassium: (0.11..0.23]'
c1 # of rules: 10
c1 rule time: 0.0115

c1 computing class: (0.23..0.48]
c1 discrimination constraints: 120h
c1 coverage constraints: 6v+265h
c1 formula: 104v, 532c (434h+98s)
c1 enumerating rules (maxsat-based)
c1 rule: 'Sodium: (13.22..13.47]', 'Silicon: (73.12..+inf)' => 'Potassium: (0.23..0.48]'
c1 rule: 'Sodium: (13.22..13.47]', 'Silicon: (72.89..73.12]', not 'Aluminum: (1.13..1.28]' => 'Potassium: (0.23..0.48]'
c1 rule: 'Silicon: (72.66..72.89]', 'Calcium: (-inf..8.1]', not 'Iron: (-inf..0.09]' => 'Potassium: (0.23..0.48]'
c1 rule: 'Aluminum: (0.82..1.13]', 'Silicon: (73.12..+inf)', not 'Iron: (-inf..0.09]' => 'Potassium: (0.23..0.48]'
c1 rule: 'Sodium: (13.8..+inf)', 'Aluminum: (1.28..1.44]', not 'Silicon: (-inf..71.95]' => 'Potassium: (0.23..0.48]'
c1 rule: 'Magnesium: (3.53..3.66]', 'Silicon: (72.66..72.89]', 'Calcium: (8.1..8.39]', not 'Aluminum: (1.13..1.28]' => 'Potassium: (0.23..0.48]'
c1 # of rules: 6
c1 rule time: 0.0085

c1 computing class: (0.48..0.57]
c1 discrimination constraints: 91h
c1 coverage constraints: 35v+1541h
c1 formula: 133v, 1779c (1681h+98s)
c1 enumerating rules (maxsat-based)
c1 rule: 'Barium: (0.19..0.55]' => 'Potassium: (0.48..0.57]'
c1 rule: 'Barium: (0.07..0.1]' => 'Potassium: (0.48..0.57]'
c1 rule: 'Magnesium: (3.4..3.53]', 'Calcium: (8.99..9.75]' => 'Potassium: (0.48..0.57]'
c1 rule: 'Silicon: (71.95..72.35]', 'Calcium: (8.39..8.64]' => 'Potassium: (0.48..0.57]'
c1 rule: 'Calcium: (8.39..8.64]', not 'Refractive Index: (-inf..1.52]' => 'Potassium: (0.48..0.57]'
c1 rule: 'Iron: (0.14..0.19]', not 'Sodium: (12.93..13.22]' => 'Potassium: (0.48..0.57]'
c1 rule: 'Silicon: (72.66..72.89]', 'Iron: (0.14..0.19]' => 'Potassium: (0.48..0.57]'
c1 rule: 'Sodium: (13.22..13.47]', 'Magnesium: (-inf..2.89]' => 'Potassium: (0.48..0.57]'
c1 rule: 'Magnesium: (-inf..2.89]', 'Calcium: (8.64..8.99]' => 'Potassium: (0.48..0.57]'
c1 rule: 'Sodium: (12.93..13.22]', 'Magnesium: (-inf..2.89]' => 'Potassium: (0.48..0.57]'
c1 rule: 'Aluminum: (1.28..1.44]', 'Calcium: (8.99..9.75]' => 'Potassium: (0.48..0.57]'
c1 rule: 'Aluminum: (1.28..1.44]', 'Silicon: (71.95..72.35]' => 'Potassium: (0.48..0.57]'
c1 rule: 'Barium: (0.1..0.14]', not 'Sodium: (12.93..13.22]' => 'Potassium: (0.48..0.57]'
c1 rule: 'Magnesium: (3.8..+inf)', 'Silicon: (72.66..72.89]' => 'Potassium: (0.48..0.57]'
c1 rule: 'Magnesium: (3.8..+inf)', 'Silicon: (71.95..72.35]' => 'Potassium: (0.48..0.57]'
c1 rule: 'Sodium: (13.22..13.47]', 'Calcium: (8.64..8.99]' => 'Potassium: (0.48..0.57]'
c1 rule: 'Sodium: (13.22..13.47]', 'Magnesium: (3.8..+inf)' => 'Potassium: (0.48..0.57]'
c1 rule: 'Sodium: (13.47..13.8]', 'Magnesium: (2.89..3.4]' => 'Potassium: (0.48..0.57]'
c1 rule: 'Magnesium: (3.66..3.8]', 'Calcium: (8.1..8.39]' => 'Potassium: (0.48..0.57]'
c1 rule: 'Calcium: (8.1..8.39]', 'Iron: (0.09..0.14]' => 'Potassium: (0.48..0.57]'
c1 rule: 'Silicon: (72.66..72.89]', 'Iron: (0.09..0.14]', not 'Calcium: (-inf..8.1]' => 'Potassium: (0.48..0.57]'
c1 rule: 'Magnesium: (3.53..3.66]', 'Aluminum: (1.13..1.28]', 'Silicon: (72.66..72.89]' => 'Potassium: (0.48..0.57]'
c1 rule: 'Sodium: (12.93..13.22]', 'Magnesium: (3.53..3.66]', 'Calcium: (8.1..8.39]' => 'Potassium: (0.48..0.57]'
c1 rule: 'Sodium: (12.93..13.22]', 'Magnesium: (3.53..3.66]', 'Iron: (0.09..0.14]' => 'Potassium: (0.48..0.57]'
c1 rule: 'Magnesium: (3.53..3.66]', 'Aluminum: (1.63..+inf)', not 'Sodium: (12.69..12.93]' => 'Potassium: (0.48..0.57]'
c1 rule: 'Sodium: (13.22..13.47]', 'Silicon: (72.66..72.89]', 'Calcium: (8.39..8.64]' => 'Potassium: (0.48..0.57]'
c1 rule: 'Magnesium: (3.4..3.53]', 'Silicon: (72.89..73.12]', 'Calcium: (8.39..8.64]' => 'Potassium: (0.48..0.57]'
c1 rule: 'Magnesium: (3.4..3.53]', 'Aluminum: (1.28..1.44]', 'Silicon: (72.66..72.89]' => 'Potassium: (0.48..0.57]'
c1 # of rules: 28
c1 rule time: 0.0269

c1 computing class: (0.57..0.66]
c1 discrimination constraints: 83h
c1 coverage constraints: 43v+1893h
c1 formula: 141v, 2123c (2025h+98s)
c1 enumerating rules (maxsat-based)
c1 rule: 'Sodium: (13.47..13.8]', 'Calcium: (-inf..8.1]' => 'Potassium: (0.57..0.66]'
c1 rule: 'Magnesium: (2.89..3.4]', 'Calcium: (8.39..8.64]' => 'Potassium: (0.57..0.66]'
c1 rule: 'Magnesium: (2.89..3.4]', 'Aluminum: (1.28..1.44]' => 'Potassium: (0.57..0.66]'
c1 rule: 'Magnesium: (2.89..3.4]', 'Silicon: (72.35..72.66]' => 'Potassium: (0.57..0.66]'
c1 rule: 'Sodium: (13.22..13.47]', 'Magnesium: (3.66..3.8]' => 'Potassium: (0.57..0.66]'
c1 rule: 'Aluminum: (1.13..1.28]', 'Silicon: (72.89..73.12]' => 'Potassium: (0.57..0.66]'
c1 rule: 'Sodium: (13.22..13.47]', 'Iron: (0.25..0.3]' => 'Potassium: (0.57..0.66]'
c1 rule: 'Magnesium: (3.4..3.53]', 'Iron: (0.3..+inf)' => 'Potassium: (0.57..0.66]'
c1 rule: 'Silicon: (72.35..72.66]', 'Iron: (0.3..+inf)' => 'Potassium: (0.57..0.66]'
c1 rule: 'Aluminum: (1.63..+inf)', 'Calcium: (8.1..8.39]' => 'Potassium: (0.57..0.66]'
c1 rule: 'Sodium: (-inf..12.69]', not 'Barium: (-inf..0.07]' => 'Potassium: (0.57..0.66]'
c1 rule: 'Sodium: (-inf..12.69]', 'Calcium: (8.64..8.99]' => 'Potassium: (0.57..0.66]'
c1 rule: 'Sodium: (-inf..12.69]', 'Magnesium: (3.53..3.66]' => 'Potassium: (0.57..0.66]'
c1 rule: 'Silicon: (71.95..72.35]', 'Iron: (0.19..0.25]' => 'Potassium: (0.57..0.66]'
c1 rule: 'Sodium: (-inf..12.69]', 'Calcium: (-inf..8.1]' => 'Potassium: (0.57..0.66]'
c1 rule: 'Silicon: (72.35..72.66]', 'Calcium: (8.39..8.64]' => 'Potassium: (0.57..0.66]'
c1 rule: 'Magnesium: (3.4..3.53]', 'Aluminum: (0.82..1.13]' => 'Potassium: (0.57..0.66]'
c1 rule: 'Iron: (0.25..0.3]', not 'Aluminum: (1.28..1.44]' => 'Potassium: (0.57..0.66]'
c1 rule: 'Magnesium: (3.4..3.53]', 'Silicon: (71.95..72.35]', not 'Sodium: (13.22..13.47]' => 'Potassium: (0.57..0.66]'
c1 rule: 'Silicon: (73.12..+inf)', 'Calcium: (8.39..8.64]', not 'Sodium: (-inf..12.69]' => 'Potassium: (0.57..0.66]'
c1 rule: 'Magnesium: (3.53..3.66]', 'Silicon: (73.12..+inf)', not 'Calcium: (8.1..8.39]' => 'Potassium: (0.57..0.66]'
c1 rule: 'Silicon: (72.66..72.89]', 'Calcium: (8.1..8.39]', not 'Sodium: (13.22..13.47]' => 'Potassium: (0.57..0.66]'
c1 rule: 'Magnesium: (3.53..3.66]', 'Aluminum: (1.44..1.63]', 'Iron: (0.19..0.25]' => 'Potassium: (0.57..0.66]'
c1 rule: 'Sodium: (12.69..12.93]', 'Silicon: (72.89..73.12]', not 'Aluminum: (1.28..1.44]' => 'Potassium: (0.57..0.66]'
c1 rule: 'Sodium: (12.69..12.93]', 'Magnesium: (3.53..3.66]', 'Aluminum: (1.28..1.44]' => 'Potassium: (0.57..0.66]'
c1 rule: 'Sodium: (12.69..12.93]', 'Calcium: (8.64..8.99]', 'Barium: (-inf..0.07]' => 'Potassium: (0.57..0.66]'
c1 rule: 'Sodium: (12.93..13.22]', 'Magnesium: (3.4..3.53]', not 'Aluminum: (1.44..1.63]' => 'Potassium: (0.57..0.66]'
c1 rule: 'Magnesium: (3.53..3.66]', 'Silicon: (72.35..72.66]', 'Calcium: (-inf..8.1]' => 'Potassium: (0.57..0.66]'
c1 rule: 'Sodium: (13.22..13.47]', 'Calcium: (-inf..8.1]', not 'Magnesium: (3.4..3.53]' => 'Potassium: (0.57..0.66]'
c1 rule: 'Sodium: (12.69..12.93]', 'Magnesium: (3.4..3.53]', 'Silicon: (73.12..+inf)', not 'Iron: (0.19..0.25]' => 'Potassium: (0.57..0.66]'
c1 rule: 'Sodium: (12.93..13.22]', 'Aluminum: (1.44..1.63]', not 'Magnesium: (3.4..3.53]', not 'Silicon: (72.89..73.12]' => 'Potassium: (0.57..0.66]'
c1 # of rules: 31
c1 rule time: 0.0364

c1 computing class: (0.66..+inf)
c1 discrimination constraints: 112h
c1 coverage constraints: 14v+617h
c1 formula: 112v, 876c (778h+98s)
c1 enumerating rules (maxsat-based)
c1 rule: 'Magnesium: (-inf..2.89]', 'Calcium: (8.39..8.64]' => 'Potassium: (0.66..+inf)'
c1 rule: 'Magnesium: (-inf..2.89]', 'Aluminum: (1.44..1.63]' => 'Potassium: (0.66..+inf)'
c1 rule: 'Magnesium: (2.89..3.4]', 'Silicon: (73.12..+inf)' => 'Potassium: (0.66..+inf)'
c1 rule: 'Magnesium: (2.89..3.4]', 'Calcium: (-inf..8.1]' => 'Potassium: (0.66..+inf)'
c1 rule: 'Magnesium: (3.4..3.53]', 'Iron: (0.19..0.25]' => 'Potassium: (0.66..+inf)'
c1 rule: 'Aluminum: (1.63..+inf)', 'Iron: (0.3..+inf)' => 'Potassium: (0.66..+inf)'
c1 rule: 'Sodium: (12.93..13.22]', 'Aluminum: (1.44..1.63]', 'Silicon: (72.89..73.12]' => 'Potassium: (0.66..+inf)'
c1 rule: 'Sodium: (12.69..12.93]', 'Silicon: (72.66..72.89]', not 'Iron: (0.14..0.19]' => 'Potassium: (0.66..+inf)'
c1 rule: 'Sodium: (12.93..13.22]', 'Calcium: (-inf..8.1]', not 'Magnesium: (3.53..3.66]' => 'Potassium: (0.66..+inf)'
c1 rule: 'Sodium: (12.69..12.93]', 'Aluminum: (1.63..+inf)', not 'Silicon: (73.12..+inf)' => 'Potassium: (0.66..+inf)'
c1 rule: 'Magnesium: (3.53..3.66]', 'Silicon: (72.35..72.66]', 'Calcium: (8.1..8.39]' => 'Potassium: (0.66..+inf)'
c1 rule: 'Sodium: (13.22..13.47]', 'Magnesium: (3.4..3.53]', 'Silicon: (72.35..72.66]' => 'Potassium: (0.66..+inf)'
c1 # of rules: 12
c1 rule time: 0.0118

c2 total rules: 100

c0 computing feature 7
c1 computing class: (-inf..8.1]
c1 discrimination constraints: 101h
c1 coverage constraints: 25v+1101h
c1 formula: 123v, 1349c (1251h+98s)
c1 enumerating rules (maxsat-based)
c1 rule: 'Aluminum: (1.63..+inf)', 'Iron: (0.09..0.14]' => 'Calcium: (-inf..8.1]'
c1 rule: 'Sodium: (13.8..+inf)', 'Aluminum: (1.63..+inf)' => 'Calcium: (-inf..8.1]'
c1 rule: 'Magnesium: (3.4..3.53]', 'Iron: (0.09..0.14]' => 'Calcium: (-inf..8.1]'
c1 rule: 'Aluminum: (1.28..1.44]', 'Potassium: (0.23..0.48]' => 'Calcium: (-inf..8.1]'
c1 rule: 'Sodium: (12.93..13.22]', 'Potassium: (0.66..+inf)' => 'Calcium: (-inf..8.1]'
c1 rule: 'Sodium: (12.69..12.93]', 'Aluminum: (1.63..+inf)' => 'Calcium: (-inf..8.1]'
c1 rule: 'Magnesium: (3.66..3.8]', 'Aluminum: (1.63..+inf)' => 'Calcium: (-inf..8.1]'
c1 rule: 'Sodium: (13.22..13.47]', 'Silicon: (73.12..+inf)' => 'Calcium: (-inf..8.1]'
c1 rule: 'Aluminum: (1.44..1.63]', 'Iron: (0.19..0.25]' => 'Calcium: (-inf..8.1]'
c1 rule: 'Silicon: (72.35..72.66]', 'Iron: (0.25..0.3]' => 'Calcium: (-inf..8.1]'
c1 rule: 'Aluminum: (1.44..1.63]', 'Iron: (0.25..0.3]' => 'Calcium: (-inf..8.1]'
c1 rule: 'Sodium: (13.47..13.8]', 'Silicon: (72.35..72.66]', not 'Magnesium: (3.53..3.66]' => 'Calcium: (-inf..8.1]'
c1 rule: 'Sodium: (13.47..13.8]', 'Potassium: (0.57..0.66]', not 'Aluminum: (1.44..1.63]' => 'Calcium: (-inf..8.1]'
c1 rule: 'Sodium: (13.47..13.8]', 'Potassium: (0.57..0.66]', not 'Silicon: (71.95..72.35]' => 'Calcium: (-inf..8.1]'
c1 rule: 'Aluminum: (1.44..1.63]', 'Silicon: (73.12..+inf)', 'Potassium: (0.57..0.66]' => 'Calcium: (-inf..8.1]'
c1 rule: 'Sodium: (-inf..12.69]', 'Magnesium: (3.4..3.53]', not 'Aluminum: (1.28..1.44]' => 'Calcium: (-inf..8.1]'
c1 rule: 'Silicon: (72.66..72.89]', 'Potassium: (0.57..0.66]', not 'Sodium: (12.93..13.22]' => 'Calcium: (-inf..8.1]'
c1 rule: 'Sodium: (13.22..13.47]', 'Aluminum: (1.44..1.63]', 'Potassium: (0.57..0.66]' => 'Calcium: (-inf..8.1]'
c1 rule: 'Aluminum: (1.28..1.44]', 'Silicon: (73.12..+inf)', 'Potassium: (0.66..+inf)' => 'Calcium: (-inf..8.1]'
c1 rule: 'Magnesium: (3.53..3.66]', 'Silicon: (72.66..72.89]', 'Potassium: (0.57..0.66]' => 'Calcium: (-inf..8.1]'
c1 # of rules: 20
c1 rule time: 0.0188

c1 computing class: (8.1..8.39]
c1 discrimination constraints: 103h
c1 coverage constraints: 23v+1013h
c1 formula: 121v, 1263c (1165h+98s)
c1 enumerating rules (maxsat-based)
c1 rule: 'Magnesium: (3.8..+inf)', 'Aluminum: (1.44..1.63]' => 'Calcium: (8.1..8.39]'
c1 rule: 'Aluminum: (1.44..1.63]', 'Potassium: (-inf..0.11]' => 'Calcium: (8.1..8.39]'
c1 rule: 'Silicon: (71.95..72.35]', 'Iron: (0.09..0.14]' => 'Calcium: (8.1..8.39]'
c1 rule: 'Magnesium: (2.89..3.4]', 'Silicon: (73.12..+inf)' => 'Calcium: (8.1..8.39]'
c1 rule: 'Sodium: (12.93..13.22]', 'Silicon: (73.12..+inf)' => 'Calcium: (8.1..8.39]'
c1 rule: 'Magnesium: (2.89..3.4]', 'Potassium: (0.23..0.48]' => 'Calcium: (8.1..8.39]'
c1 rule: 'Sodium: (13.22..13.47]', 'Silicon: (72.89..73.12]' => 'Calcium: (8.1..8.39]'
c1 rule: 'Silicon: (72.35..72.66]', 'Potassium: (0.48..0.57]' => 'Calcium: (8.1..8.39]'
c1 rule: 'Magnesium: (3.8..+inf)', 'Silicon: (72.66..72.89]' => 'Calcium: (8.1..8.39]'
c1 rule: 'Sodium: (12.93..13.22]', 'Iron: (0.3..+inf)' => 'Calcium: (8.1..8.39]'
c1 rule: 'Magnesium: (3.4..3.53]', 'Iron: (0.14..0.19]' => 'Calcium: (8.1..8.39]'
c1 rule: 'Potassium: (0.48..0.57]', 'Iron: (0.3..+inf)' => 'Calcium: (8.1..8.39]'
c1 rule: 'Silicon: (73.12..+inf)', 'Iron: (0.14..0.19]' => 'Calcium: (8.1..8.39]'
c1 rule: 'Aluminum: (1.63..+inf)', 'Silicon: (72.66..72.89]', 'Potassium: (0.57..0.66]' => 'Calcium: (8.1..8.39]'
c1 rule: 'Sodium: (13.22..13.47]', 'Magnesium: (3.53..3.66]', 'Aluminum: (1.13..1.28]' => 'Calcium: (8.1..8.39]'
c1 rule: 'Potassium: (0.48..0.57]', 'Iron: (0.09..0.14]', not 'Aluminum: (1.28..1.44]' => 'Calcium: (8.1..8.39]'
c1 rule: 'Magnesium: (3.53..3.66]', 'Potassium: (0.23..0.48]', not 'Sodium: (13.8..+inf)' => 'Calcium: (8.1..8.39]'
c1 rule: 'Aluminum: (1.28..1.44]', 'Iron: (0.19..0.25]', not 'Silicon: (73.12..+inf)' => 'Calcium: (8.1..8.39]'
c1 rule: 'Sodium: (13.22..13.47]', 'Potassium: (0.66..+inf)', not 'Iron: (0.09..0.14]' => 'Calcium: (8.1..8.39]'
c1 rule: 'Aluminum: (1.44..1.63]', 'Silicon: (72.66..72.89]', not 'Magnesium: (3.53..3.66]', not 'Potassium: (0.66..+inf)' => 'Calcium: (8.1..8.39]'
c1 rule: 'Aluminum: (1.44..1.63]', 'Silicon: (72.89..73.12]', 'Iron: (-inf..0.09]', not 'Potassium: (0.66..+inf)' => 'Calcium: (8.1..8.39]'
c1 rule: 'Sodium: (13.22..13.47]', 'Silicon: (72.66..72.89]', not 'Magnesium: (3.53..3.66]', not 'Aluminum: (1.13..1.28]' => 'Calcium: (8.1..8.39]'
c1 # of rules: 22
c1 rule time: 0.0223

c1 computing class: (8.39..8.64]
c1 discrimination constraints: 99h
c1 coverage constraints: 27v+1189h
c1 formula: 125v, 1435c (1337h+98s)
c1 enumerating rules (maxsat-based)
c1 rule: 'Barium: (0.07..0.1]' => 'Calcium: (8.39..8.64]'
c1 rule: 'Sodium: (13.47..13.8]', 'Silicon: (72.66..72.89]' => 'Calcium: (8.39..8.64]'
c1 rule: 'Magnesium: (3.66..3.8]', 'Silicon: (72.66..72.89]' => 'Calcium: (8.39..8.64]'
c1 rule: 'Sodium: (13.22..13.47]', 'Magnesium: (3.66..3.8]' => 'Calcium: (8.39..8.64]'
c1 rule: 'Magnesium: (3.8..+inf)', 'Iron: (0.25..0.3]' => 'Calcium: (8.39..8.64]'
c1 rule: 'Magnesium: (3.8..+inf)', 'Potassium: (0.57..0.66]' => 'Calcium: (8.39..8.64]'
c1 rule: 'Sodium: (12.69..12.93]', 'Iron: (0.09..0.14]' => 'Calcium: (8.39..8.64]'
c1 rule: 'Magnesium: (3.4..3.53]', 'Potassium: (0.48..0.57]', not 'Aluminum: (1.28..1.44]' => 'Calcium: (8.39..8.64]'
c1 rule: 'Magnesium: (3.4..3.53]', 'Silicon: (72.89..73.12]', 'Potassium: (0.48..0.57]' => 'Calcium: (8.39..8.64]'
c1 rule: 'Sodium: (12.69..12.93]', 'Potassium: (0.48..0.57]', not 'Silicon: (73.12..+inf)' => 'Calcium: (8.39..8.64]'
c1 rule: 'Aluminum: (1.28..1.44]', 'Silicon: (73.12..+inf)', not 'Iron: (0.19..0.25]' => 'Calcium: (8.39..8.64]'
c1 rule: 'Sodium: (-inf..12.69]', 'Magnesium: (3.4..3.53]', not 'Aluminum: (1.63..+inf)' => 'Calcium: (8.39..8.64]'
c1 rule: 'Magnesium: (3.53..3.66]', 'Silicon: (72.89..73.12]', 'Potassium: (0.48..0.57]' => 'Calcium: (8.39..8.64]'
c1 rule: 'Magnesium: (3.53..3.66]', 'Aluminum: (1.63..+inf)', not 'Silicon: (73.12..+inf)' => 'Calcium: (8.39..8.64]'
c1 rule: 'Refractive Index: (-inf..1.52]', 'Magnesium: (-inf..2.89]', 'Aluminum: (1.63..+inf)' => 'Calcium: (8.39..8.64]'
c1 rule: 'Aluminum: (1.28..1.44]', 'Silicon: (71.95..72.35]', 'Iron: (-inf..0.09]' => 'Calcium: (8.39..8.64]'
c1 rule: 'Magnesium: (2.89..3.4]', 'Aluminum: (1.28..1.44]', 'Barium: (-inf..0.07]' => 'Calcium: (8.39..8.64]'
c1 rule: 'Sodium: (12.93..13.22]', 'Magnesium: (3.4..3.53]', 'Aluminum: (1.28..1.44]' => 'Calcium: (8.39..8.64]'
c1 rule: 'Magnesium: (3.53..3.66]', 'Aluminum: (1.28..1.44]', 'Potassium: (0.48..0.57]' => 'Calcium: (8.39..8.64]'
c1 rule: 'Sodium: (12.93..13.22]', 'Magnesium: (3.4..3.53]', 'Aluminum: (1.13..1.28]' => 'Calcium: (8.39..8.64]'
c1 rule: 'Sodium: (12.93..13.22]', 'Aluminum: (1.13..1.28]', 'Iron: (-inf..0.09]' => 'Calcium: (8.39..8.64]'
c1 rule: 'Magnesium: (3.4..3.53]', 'Aluminum: (1.13..1.28]', 'Iron: (-inf..0.09]' => 'Calcium: (8.39..8.64]'
c1 rule: 'Sodium: (12.69..12.93]', 'Aluminum: (1.13..1.28]', 'Iron: (-inf..0.09]' => 'Calcium: (8.39..8.64]'
c1 rule: 'Sodium: (12.69..12.93]', 'Aluminum: (1.28..1.44]', 'Silicon: (72.89..73.12]', not 'Magnesium: (3.4..3.53]' => 'Calcium: (8.39..8.64]'
c1 # of rules: 24
c1 rule time: 0.0260

c1 computing class: (8.64..8.99]
c1 discrimination constraints: 106h
c1 coverage constraints: 20v+881h
c1 formula: 118v, 1134c (1036h+98s)
c1 enumerating rules (maxsat-based)
c1 rule: 'Barium: (0.14..0.19]' => 'Calcium: (8.64..8.99]'
c1 rule: 'Barium: (0.1..0.14]' => 'Calcium: (8.64..8.99]'
c1 rule: 'Magnesium: (3.53..3.66]', 'Silicon: (-inf..71.95]' => 'Calcium: (8.64..8.99]'
c1 rule: 'Magnesium: (2.89..3.4]', 'Iron: (0.14..0.19]' => 'Calcium: (8.64..8.99]'
c1 rule: 'Magnesium: (2.89..3.4]', 'Potassium: (0.48..0.57]' => 'Calcium: (8.64..8.99]'
c1 rule: 'Magnesium: (3.4..3.53]', 'Iron: (0.25..0.3]' => 'Calcium: (8.64..8.99]'
c1 rule: 'Sodium: (12.69..12.93]', 'Magnesium: (3.66..3.8]' => 'Calcium: (8.64..8.99]'
c1 rule: 'Sodium: (-inf..12.69]', 'Aluminum: (1.13..1.28]' => 'Calcium: (8.64..8.99]'
c1 rule: 'Sodium: (12.69..12.93]', 'Aluminum: (0.82..1.13]' => 'Calcium: (8.64..8.99]'
c1 rule: 'Aluminum: (1.44..1.63]', 'Silicon: (71.95..72.35]' => 'Calcium: (8.64..8.99]'
c1 rule: 'Sodium: (-inf..12.69]', 'Iron: (0.09..0.14]' => 'Calcium: (8.64..8.99]'
c1 rule: 'Silicon: (-inf..71.95]', 'Potassium: (-inf..0.11]', not 'Sodium: (13.8..+inf)' => 'Calcium: (8.64..8.99]'
c1 rule: 'Magnesium: (3.66..3.8]', 'Potassium: (-inf..0.11]', not 'Aluminum: (-inf..0.82]' => 'Calcium: (8.64..8.99]'
c1 rule: 'Silicon: (72.89..73.12]', 'Potassium: (-inf..0.11]', not 'Magnesium: (-inf..2.89]' => 'Calcium: (8.64..8.99]'
c1 rule: 'Sodium: (12.69..12.93]', 'Aluminum: (1.28..1.44]', 'Silicon: (72.35..72.66]' => 'Calcium: (8.64..8.99]'
c1 rule: 'Magnesium: (3.4..3.53]', 'Aluminum: (1.28..1.44]', 'Silicon: (72.89..73.12]', 'Potassium: (0.57..0.66]' => 'Calcium: (8.64..8.99]'
c1 # of rules: 16
c1 rule time: 0.0111

c1 computing class: (8.99..9.75]
c1 discrimination constraints: 110h
c1 coverage constraints: 16v+705h
c1 formula: 114v, 962c (864h+98s)
c1 enumerating rules (maxsat-based)
c1 rule: 'Barium: (0.19..0.55]' => 'Calcium: (8.99..9.75]'
c1 rule: 'Magnesium: (-inf..2.89]', 'Aluminum: (1.13..1.28]' => 'Calcium: (8.99..9.75]'
c1 rule: 'Sodium: (12.93..13.22]', 'Magnesium: (-inf..2.89]' => 'Calcium: (8.99..9.75]'
c1 rule: 'Magnesium: (2.89..3.4]', 'Silicon: (72.35..72.66]' => 'Calcium: (8.99..9.75]'
c1 rule: 'Magnesium: (-inf..2.89]', 'Aluminum: (1.44..1.63]' => 'Calcium: (8.99..9.75]'
c1 rule: 'Magnesium: (3.8..+inf)', 'Potassium: (0.11..0.23]' => 'Calcium: (8.99..9.75]'
c1 rule: 'Potassium: (0.23..0.48]', 'Iron: (0.19..0.25]' => 'Calcium: (8.99..9.75]'
c1 rule: 'Magnesium: (3.8..+inf)', 'Aluminum: (-inf..0.82]' => 'Calcium: (8.99..9.75]'
c1 rule: 'Sodium: (13.8..+inf)', 'Magnesium: (3.8..+inf)' => 'Calcium: (8.99..9.75]'
c1 rule: 'Silicon: (-inf..71.95]', 'Iron: (0.3..+inf)' => 'Calcium: (8.99..9.75]'
c1 rule: 'Sodium: (13.8..+inf)', 'Aluminum: (-inf..0.82]', not 'Iron: (0.09..0.14]' => 'Calcium: (8.99..9.75]'
c1 rule: 'Sodium: (13.47..13.8]', 'Magnesium: (3.66..3.8]', not 'Potassium: (0.57..0.66]' => 'Calcium: (8.99..9.75]'
c1 rule: 'Sodium: (13.47..13.8]', 'Silicon: (71.95..72.35]', 'Potassium: (-inf..0.11]' => 'Calcium: (8.99..9.75]'
c1 rule: 'Sodium: (13.47..13.8]', 'Aluminum: (1.28..1.44]', not 'Magnesium: (-inf..2.89]' => 'Calcium: (8.99..9.75]'
c1 rule: 'Aluminum: (1.28..1.44]', 'Iron: (0.19..0.25]', not 'Sodium: (12.69..12.93]' => 'Calcium: (8.99..9.75]'
c1 # of rules: 15
c1 rule time: 0.0159

c1 computing class: (9.75..+inf)
c1 discrimination constraints: 111h
c1 coverage constraints: 15v+661h
c1 formula: 113v, 919c (821h+98s)
c1 enumerating rules (maxsat-based)
c1 rule: 'Aluminum: (-inf..0.82]', 'Iron: (0.09..0.14]' => 'Calcium: (9.75..+inf)'
c1 rule: 'Magnesium: (-inf..2.89]', 'Iron: (0.09..0.14]' => 'Calcium: (9.75..+inf)'
c1 rule: 'Iron: (0.19..0.25]', not 'Refractive Index: (-inf..1.52]' => 'Calcium: (9.75..+inf)'
c1 rule: 'Magnesium: (2.89..3.4]', not 'Refractive Index: (-inf..1.52]' => 'Calcium: (9.75..+inf)'
c1 rule: 'Magnesium: (-inf..2.89]', 'Silicon: (-inf..71.95]' => 'Calcium: (9.75..+inf)'
c1 rule: 'Potassium: (0.66..+inf)', 'Iron: (0.3..+inf)' => 'Calcium: (9.75..+inf)'
c1 rule: 'Sodium: (-inf..12.69]', 'Silicon: (71.95..72.35]' => 'Calcium: (9.75..+inf)'
c1 rule: 'Potassium: (0.11..0.23]', 'Iron: (0.14..0.19]' => 'Calcium: (9.75..+inf)'
c1 rule: 'Aluminum: (1.28..1.44]', 'Iron: (0.14..0.19]' => 'Calcium: (9.75..+inf)'
c1 rule: 'Silicon: (72.89..73.12]', not 'Refractive Index: (-inf..1.52]' => 'Calcium: (9.75..+inf)'
c1 rule: 'Sodium: (-inf..12.69]', not 'Refractive Index: (-inf..1.52]' => 'Calcium: (9.75..+inf)'
c1 rule: 'Aluminum: (-inf..0.82]', 'Silicon: (73.12..+inf)' => 'Calcium: (9.75..+inf)'
c1 rule: 'Sodium: (13.22..13.47]', not 'Refractive Index: (-inf..1.52]' => 'Calcium: (9.75..+inf)'
c1 rule: 'Sodium: (12.93..13.22]', 'Potassium: (0.11..0.23]' => 'Calcium: (9.75..+inf)'
c1 rule: 'Sodium: (13.8..+inf)', 'Magnesium: (-inf..2.89]' => 'Calcium: (9.75..+inf)'
c1 # of rules: 15
c1 rule time: 0.0129

c2 total rules: 112

c0 computing feature 8
c1 computing class: (-inf..0.07]
c1 discrimination constraints: 8h
c1 coverage constraints: 118v+5193h
c1 formula: 216v, 5348c (5250h+98s)
c1 enumerating rules (maxsat-based)
c1 rule: 'Potassium: (0.66..+inf)' => 'Barium: (-inf..0.07]'
c1 rule: 'Iron: (0.3..+inf)' => 'Barium: (-inf..0.07]'
c1 rule: 'Iron: (0.09..0.14]' => 'Barium: (-inf..0.07]'
c1 rule: 'Magnesium: (3.8..+inf)' => 'Barium: (-inf..0.07]'
c1 rule: 'Calcium: (8.1..8.39]' => 'Barium: (-inf..0.07]'
c1 rule: 'Sodium: (13.22..13.47]' => 'Barium: (-inf..0.07]'
c1 rule: 'Magnesium: (3.66..3.8]' => 'Barium: (-inf..0.07]'
c1 rule: 'Aluminum: (1.44..1.63]' => 'Barium: (-inf..0.07]'
c1 rule: 'Calcium: (-inf..8.1]' => 'Barium: (-inf..0.07]'
c1 rule: 'Aluminum: (1.13..1.28]' => 'Barium: (-inf..0.07]'
c1 rule: 'Potassium: (0.23..0.48]' => 'Barium: (-inf..0.07]'
c1 rule: 'Potassium: (-inf..0.11]' => 'Barium: (-inf..0.07]'
c1 rule: 'Magnesium: (3.53..3.66]', 'Aluminum: (1.63..+inf)' => 'Barium: (-inf..0.07]'
c1 rule: 'Sodium: (13.47..13.8]', 'Silicon: (-inf..71.95]' => 'Barium: (-inf..0.07]'
c1 rule: 'Iron: (-inf..0.09]', not 'Aluminum: (1.28..1.44]' => 'Barium: (-inf..0.07]'
c1 rule: 'Iron: (-inf..0.09]', not 'Calcium: (8.64..8.99]' => 'Barium: (-inf..0.07]'
c1 rule: 'Potassium: (0.11..0.23]', not 'Magnesium: (3.53..3.66]' => 'Barium: (-inf..0.07]'
c1 rule: 'Potassium: (0.11..0.23]', not 'Calcium: (8.64..8.99]' => 'Barium: (-inf..0.07]'
c1 rule: 'Sodium: (13.47..13.8]', 'Calcium: (9.75..+inf)' => 'Barium: (-inf..0.07]'
c1 rule: 'Sodium: (-inf..12.69]', not 'Potassium: (0.57..0.66]' => 'Barium: (-inf..0.07]'
c1 rule: 'Magnesium: (3.53..3.66]', 'Potassium: (0.57..0.66]' => 'Barium: (-inf..0.07]'
c1 rule: 'Sodium: (12.69..12.93]', 'Potassium: (0.57..0.66]' => 'Barium: (-inf..0.07]'
c1 # of rules: 22
c1 rule time: 0.0269

c1 computing class: (0.07..0.1]
c1 discrimination constraints: 125h
c1 coverage constraints: 1v+45h
c1 formula: 99v, 317c (219h+98s)
c1 enumerating rules (maxsat-based)
c1 rule: 'Aluminum: (0.82..1.13]', 'Potassium: (0.48..0.57]', not 'Calcium: (8.1..8.39]' => 'Barium: (0.07..0.1]'
c1 # of rules: 1
c1 rule time: 0.0028

c1 computing class: (0.1..0.14]
c1 discrimination constraints: 123h
c1 coverage constraints: 3v+133h
c1 formula: 101v, 403c (305h+98s)
c1 enumerating rules (maxsat-based)
c1 rule: 'Sodium: (13.8..+inf)', 'Potassium: (0.48..0.57]' => 'Barium: (0.1..0.14]'
c1 rule: 'Sodium: (12.69..12.93]', 'Magnesium: (-inf..2.89]' => 'Barium: (0.1..0.14]'
c1 rule: 'Sodium: (12.93..13.22]', 'Calcium: (8.64..8.99]', not 'Aluminum: (1.13..1.28]' => 'Barium: (0.1..0.14]'
c1 # of rules: 3
c1 rule time: 0.0048

c1 computing class: (0.14..0.19]
c1 discrimination constraints: 125h
c1 coverage constraints: 1v+45h
c1 formula: 99v, 317c (219h+98s)
c1 enumerating rules (maxsat-based)
c1 rule: 'Sodium: (13.47..13.8]', 'Iron: (0.19..0.25]' => 'Barium: (0.14..0.19]'
c1 # of rules: 1
c1 rule time: 0.0020

c1 computing class: (0.19..0.55]
c1 discrimination constraints: 125h
c1 coverage constraints: 1v+45h
c1 formula: 99v, 317c (219h+98s)
c1 enumerating rules (maxsat-based)
c1 rule: 'Calcium: (8.99..9.75]', 'Iron: (0.14..0.19]' => 'Barium: (0.19..0.55]'
c1 # of rules: 1
c1 rule time: 0.0000

c1 computing class: (0.55..+inf)
c1 discrimination constraints: 124h
c1 coverage constraints: 2v+89h
c1 formula: 100v, 360c (262h+98s)
c1 enumerating rules (maxsat-based)
c1 rule: 'Magnesium: (3.53..3.66]', 'Silicon: (-inf..71.95]' => 'Barium: (0.55..+inf)'
c1 rule: 'Silicon: (-inf..71.95]', 'Iron: (0.25..0.3]' => 'Barium: (0.55..+inf)'
c1 # of rules: 2
c1 rule time: 0.0000

c2 total rules: 30

c0 computing feature 9
c1 computing class: (-inf..0.09]
c1 discrimination constraints: 45h
c1 coverage constraints: 81v+3565h
c1 formula: 179v, 3757c (3659h+98s)
c1 enumerating rules (maxsat-based)
c1 rule: 'Magnesium: (3.4..3.53]', 'Calcium: (8.39..8.64]' => 'Iron: (-inf..0.09]'
c1 rule: 'Silicon: (73.12..+inf)', 'Calcium: (8.39..8.64]' => 'Iron: (-inf..0.09]'
c1 rule: 'Silicon: (73.12..+inf)', 'Potassium: (0.57..0.66]' => 'Iron: (-inf..0.09]'
c1 rule: 'Silicon: (72.66..72.89]', 'Potassium: (0.57..0.66]' => 'Iron: (-inf..0.09]'
c1 rule: 'Magnesium: (-inf..2.89]', 'Silicon: (72.66..72.89]' => 'Iron: (-inf..0.09]'
c1 rule: 'Magnesium: (3.53..3.66]', 'Calcium: (8.99..9.75]' => 'Iron: (-inf..0.09]'
c1 rule: 'Magnesium: (3.53..3.66]', 'Silicon: (-inf..71.95]' => 'Iron: (-inf..0.09]'
c1 rule: 'Magnesium: (3.4..3.53]', 'Silicon: (-inf..71.95]' => 'Iron: (-inf..0.09]'
c1 rule: 'Magnesium: (3.4..3.53]', 'Potassium: (0.48..0.57]' => 'Iron: (-inf..0.09]'
c1 rule: 'Aluminum: (1.13..1.28]', not 'Refractive Index: (-inf..1.52]' => 'Iron: (-inf..0.09]'
c1 rule: 'Sodium: (-inf..12.69]', 'Aluminum: (1.13..1.28]' => 'Iron: (-inf..0.09]'
c1 rule: 'Aluminum: (1.44..1.63]', 'Calcium: (8.64..8.99]' => 'Iron: (-inf..0.09]'
c1 rule: 'Magnesium: (3.53..3.66]', 'Potassium: (0.66..+inf)' => 'Iron: (-inf..0.09]'
c1 rule: 'Magnesium: (2.89..3.4]', 'Aluminum: (1.63..+inf)' => 'Iron: (-inf..0.09]'
c1 rule: 'Magnesium: (2.89..3.4]', not 'Sodium: (12.93..13.22]' => 'Iron: (-inf..0.09]'
c1 rule: 'Aluminum: (1.63..+inf)', 'Silicon: (72.66..72.89]' => 'Iron: (-inf..0.09]'
c1 rule: 'Aluminum: (1.13..1.28]', 'Calcium: (8.39..8.64]' => 'Iron: (-inf..0.09]'
c1 rule: 'Aluminum: (1.13..1.28]', 'Potassium: (-inf..0.11]' => 'Iron: (-inf..0.09]'
c1 rule: 'Sodium: (12.69..12.93]', 'Aluminum: (1.63..+inf)' => 'Iron: (-inf..0.09]'
c1 rule: 'Sodium: (12.93..13.22]', 'Potassium: (0.66..+inf)' => 'Iron: (-inf..0.09]'
c1 rule: 'Aluminum: (1.28..1.44]', 'Silicon: (72.35..72.66]' => 'Iron: (-inf..0.09]'
c1 rule: 'Potassium: (-inf..0.11]', 'Calcium: (8.39..8.64]' => 'Iron: (-inf..0.09]'
c1 rule: 'Magnesium: (3.53..3.66]', 'Potassium: (-inf..0.11]' => 'Iron: (-inf..0.09]'
c1 rule: 'Sodium: (13.8..+inf)', 'Magnesium: (3.53..3.66]' => 'Iron: (-inf..0.09]'
c1 rule: 'Potassium: (-inf..0.11]', 'Calcium: (8.99..9.75]' => 'Iron: (-inf..0.09]'
c1 rule: 'Sodium: (12.93..13.22]', 'Magnesium: (-inf..2.89]' => 'Iron: (-inf..0.09]'
c1 rule: 'Sodium: (12.93..13.22]', 'Aluminum: (-inf..0.82]' => 'Iron: (-inf..0.09]'
c1 rule: 'Magnesium: (-inf..2.89]', 'Aluminum: (-inf..0.82]' => 'Iron: (-inf..0.09]'
c1 rule: 'Magnesium: (3.8..+inf)', 'Silicon: (72.66..72.89]' => 'Iron: (-inf..0.09]'
c1 rule: 'Aluminum: (-inf..0.82]', 'Silicon: (71.95..72.35]' => 'Iron: (-inf..0.09]'
c1 rule: 'Silicon: (71.95..72.35]', 'Calcium: (-inf..8.1]' => 'Iron: (-inf..0.09]'
c1 rule: 'Sodium: (13.47..13.8]', 'Calcium: (-inf..8.1]' => 'Iron: (-inf..0.09]'
c1 rule: 'Sodium: (13.47..13.8]', 'Magnesium: (3.66..3.8]' => 'Iron: (-inf..0.09]'
c1 rule: 'Sodium: (13.47..13.8]', 'Potassium: (-inf..0.11]' => 'Iron: (-inf..0.09]'
c1 rule: 'Sodium: (13.22..13.47]', 'Silicon: (73.12..+inf)' => 'Iron: (-inf..0.09]'
c1 rule: 'Potassium: (0.57..0.66]', 'Barium: (0.1..0.14]' => 'Iron: (-inf..0.09]'
c1 rule: 'Sodium: (13.8..+inf)', 'Magnesium: (3.8..+inf)' => 'Iron: (-inf..0.09]'
c1 rule: 'Sodium: (13.22..13.47]', 'Potassium: (0.23..0.48]' => 'Iron: (-inf..0.09]'
c1 rule: 'Sodium: (13.22..13.47]', 'Silicon: (72.89..73.12]' => 'Iron: (-inf..0.09]'
c1 rule: 'Magnesium: (3.53..3.66]', 'Calcium: (8.1..8.39]', not 'Aluminum: (1.13..1.28]' => 'Iron: (-inf..0.09]'
c1 rule: 'Aluminum: (0.82..1.13]', 'Calcium: (8.64..8.99]', not 'Silicon: (71.95..72.35]' => 'Iron: (-inf..0.09]'
c1 rule: 'Aluminum: (1.28..1.44]', 'Potassium: (0.57..0.66]', not 'Calcium: (8.64..8.99]' => 'Iron: (-inf..0.09]'
c1 rule: 'Aluminum: (1.28..1.44]', 'Potassium: (0.57..0.66]', not 'Sodium: (-inf..12.69]' => 'Iron: (-inf..0.09]'
c1 # of rules: 43
c1 rule time: 0.0496

c1 computing class: (0.09..0.14]
c1 discrimination constraints: 111h
c1 coverage constraints: 15v+661h
c1 formula: 113v, 919c (821h+98s)
c1 enumerating rules (maxsat-based)
c1 rule: 'Aluminum: (1.13..1.28]', 'Potassium: (0.23..0.48]' => 'Iron: (0.09..0.14]'
c1 rule: 'Magnesium: (2.89..3.4]', 'Silicon: (72.35..72.66]' => 'Iron: (0.09..0.14]'
c1 rule: 'Silicon: (-inf..71.95]', 'Calcium: (-inf..8.1]' => 'Iron: (0.09..0.14]'
c1 rule: 'Magnesium: (3.8..+inf)', 'Calcium: (8.99..9.75]', not 'Sodium: (13.8..+inf)' => 'Iron: (0.09..0.14]'
c1 rule: 'Aluminum: (1.44..1.63]', 'Calcium: (8.39..8.64]', not 'Silicon: (72.66..72.89]' => 'Iron: (0.09..0.14]'
c1 rule: 'Sodium: (13.22..13.47]', 'Magnesium: (3.53..3.66]', 'Calcium: (8.39..8.64]' => 'Iron: (0.09..0.14]'
c1 rule: 'Sodium: (13.22..13.47]', 'Magnesium: (3.53..3.66]', 'Potassium: (0.48..0.57]' => 'Iron: (0.09..0.14]'
c1 rule: 'Magnesium: (3.53..3.66]', 'Silicon: (72.89..73.12]', 'Potassium: (0.48..0.57]' => 'Iron: (0.09..0.14]'
c1 rule: 'Silicon: (72.89..73.12]', 'Potassium: (0.48..0.57]', not 'Aluminum: (1.28..1.44]' => 'Iron: (0.09..0.14]'
c1 rule: 'Sodium: (13.47..13.8]', 'Aluminum: (1.28..1.44]', not 'Potassium: (0.48..0.57]' => 'Iron: (0.09..0.14]'
c1 rule: 'Aluminum: (1.44..1.63]', 'Silicon: (72.35..72.66]', not 'Magnesium: (3.53..3.66]' => 'Iron: (0.09..0.14]'
c1 rule: 'Silicon: (72.35..72.66]', 'Potassium: (0.48..0.57]', not 'Magnesium: (3.66..3.8]' => 'Iron: (0.09..0.14]'
c1 rule: 'Sodium: (13.8..+inf)', 'Aluminum: (-inf..0.82]', not 'Calcium: (8.99..9.75]' => 'Iron: (0.09..0.14]'
c1 rule: 'Magnesium: (3.8..+inf)', 'Aluminum: (1.28..1.44]', not 'Sodium: (12.93..13.22]' => 'Iron: (0.09..0.14]'
c1 rule: 'Sodium: (-inf..12.69]', 'Aluminum: (1.28..1.44]', 'Calcium: (8.64..8.99]' => 'Iron: (0.09..0.14]'
c1 # of rules: 15
c1 rule time: 0.0242

c1 computing class: (0.14..0.19]
c1 discrimination constraints: 116h
c1 coverage constraints: 10v+441h
c1 formula: 108v, 704c (606h+98s)
c1 enumerating rules (maxsat-based)
c1 rule: 'Barium: (0.19..0.55]' => 'Iron: (0.14..0.19]'
c1 rule: 'Barium: (0.07..0.1]' => 'Iron: (0.14..0.19]'
c1 rule: 'Silicon: (72.66..72.89]', 'Calcium: (8.64..8.99]' => 'Iron: (0.14..0.19]'
c1 rule: 'Silicon: (-inf..71.95]', 'Calcium: (8.1..8.39]' => 'Iron: (0.14..0.19]'
c1 rule: 'Potassium: (-inf..0.11]', 'Calcium: (8.1..8.39]' => 'Iron: (0.14..0.19]'
c1 rule: 'Potassium: (0.48..0.57]', 'Calcium: (9.75..+inf)' => 'Iron: (0.14..0.19]'
c1 rule: 'Magnesium: (3.4..3.53]', 'Silicon: (72.35..72.66]', 'Calcium: (8.1..8.39]' => 'Iron: (0.14..0.19]'
c1 rule: 'Sodium: (12.69..12.93]', 'Aluminum: (1.13..1.28]', 'Calcium: (8.1..8.39]' => 'Iron: (0.14..0.19]'
c1 rule: 'Sodium: (12.69..12.93]', 'Magnesium: (3.53..3.66]', not 'Potassium: (0.57..0.66]' => 'Iron: (0.14..0.19]'
c1 rule: 'Magnesium: (3.53..3.66]', 'Calcium: (9.75..+inf)', not 'Sodium: (13.22..13.47]' => 'Iron: (0.14..0.19]'
c1 # of rules: 10
c1 rule time: 0.0100

c1 computing class: (0.19..0.25]
c1 discrimination constraints: 116h
c1 coverage constraints: 10v+441h
c1 formula: 108v, 704c (606h+98s)
c1 enumerating rules (maxsat-based)
c1 rule: 'Barium: (0.14..0.19]' => 'Iron: (0.19..0.25]'
c1 rule: 'Sodium: (12.69..12.93]', 'Silicon: (71.95..72.35]' => 'Iron: (0.19..0.25]'
c1 rule: 'Sodium: (-inf..12.69]', 'Potassium: (0.11..0.23]' => 'Iron: (0.19..0.25]'
c1 rule: 'Sodium: (12.69..12.93]', 'Magnesium: (-inf..2.89]' => 'Iron: (0.19..0.25]'
c1 rule: 'Aluminum: (1.28..1.44]', 'Potassium: (0.66..+inf)' => 'Iron: (0.19..0.25]'
c1 rule: 'Silicon: (73.12..+inf)', 'Calcium: (8.99..9.75]' => 'Iron: (0.19..0.25]'
c1 rule: 'Silicon: (73.12..+inf)', 'Potassium: (0.66..+inf)', 'Calcium: (-inf..8.1]' => 'Iron: (0.19..0.25]'
c1 # of rules: 7
c1 rule time: 0.0087

c1 computing class: (0.25..0.3]
c1 discrimination constraints: 121h
c1 coverage constraints: 5v+221h
c1 formula: 103v, 489c (391h+98s)
c1 enumerating rules (maxsat-based)
c1 rule: 'Magnesium: (-inf..2.89]', 'Potassium: (0.57..0.66]' => 'Iron: (0.25..0.3]'
c1 rule: 'Magnesium: (3.8..+inf)', 'Potassium: (0.48..0.57]', not 'Calcium: (8.1..8.39]' => 'Iron: (0.25..0.3]'
c1 rule: 'Magnesium: (3.4..3.53]', 'Aluminum: (1.13..1.28]', 'Silicon: (72.89..73.12]' => 'Iron: (0.25..0.3]'
c1 # of rules: 3
c1 rule time: 0.0053

c1 computing class: (0.3..+inf)
c1 discrimination constraints: 121h
c1 coverage constraints: 5v+221h
c1 formula: 103v, 489c (391h+98s)
c1 enumerating rules (maxsat-based)
c1 rule: 'Potassium: (0.66..+inf)', 'Calcium: (9.75..+inf)' => 'Iron: (0.3..+inf)'
c1 rule: 'Sodium: (13.47..13.8]', 'Calcium: (8.1..8.39]', not 'Silicon: (-inf..71.95]' => 'Iron: (0.3..+inf)'
c1 rule: 'Silicon: (72.35..72.66]', 'Calcium: (8.64..8.99]', not 'Magnesium: (3.53..3.66]' => 'Iron: (0.3..+inf)'
c1 rule: 'Aluminum: (0.82..1.13]', 'Potassium: (0.57..0.66]', not 'Calcium: (8.64..8.99]' => 'Iron: (0.3..+inf)'
c1 rule: 'Magnesium: (3.66..3.8]', 'Aluminum: (0.82..1.13]', 'Silicon: (-inf..71.95]' => 'Iron: (0.3..+inf)'
c1 # of rules: 5
c1 rule time: 0.0071

c2 total rules: 83
c3 total time: 1.1209

Rules are saved to ../rules/all/q6_glass2_train5.csv.json