c0 # of samps: 276 (205 weighted)
c0 # of feats: 6 (24 binary)
c0 # of labls: 2
c0 parse time: 0.2876


c0 computing feature 1
c1 computing class: (-inf..84.25]
c1 discrimination constraints: 156h
c1 coverage constraints: 19v+400h
c1 formula: 67v, 628c (580h+48s)
c1 enumerating rules (maxsat-based)
c1 rule: 'Sgpt: (40.0..60.0]', 'Sgot: (-inf..20.5]' => 'Mcv: (-inf..84.25]'
c1 rule: 'Sgpt: (-inf..23.5]', 'Gammagt: (28.25..52.5]', 'Drinks: (6.5..10.5]' => 'Mcv: (-inf..84.25]'
c1 rule: 'Alkphos: (73.5..92.75]', 'Sgot: (32.0..46.0]', 'Drinks: (-inf..2.75]' => 'Mcv: (-inf..84.25]'
c1 rule: 'Sgpt: (23.5..40.0]', 'Gammagt: (89.75..+inf)', 'Drinks: (-inf..2.75]' => 'Mcv: (-inf..84.25]'
c1 rule: 'Sgpt: (23.5..40.0]', 'Sgot: (32.0..46.0]', 'Gammagt: (52.5..89.75]', 'Drinks: (2.75..6.5]' => 'Mcv: (-inf..84.25]'
c1 rule: 'Alkphos: (54.25..73.5]', 'Sgpt: (-inf..23.5]', 'Drinks: (-inf..2.75]', not 'Gammagt: (-inf..28.25]' => 'Mcv: (-inf..84.25]'
c1 rule: 'Sgpt: (23.5..40.0]', 'Sgot: (-inf..20.5]', 'Drinks: (6.5..10.5]', not 'Alkphos: (54.25..73.5]' => 'Mcv: (-inf..84.25]'
c1 rule: 'Sgpt: (23.5..40.0]', 'Sgot: (-inf..20.5]', 'Gammagt: (52.5..89.75]', not 'Drinks: (-inf..2.75]' => 'Mcv: (-inf..84.25]'
c1 # of rules: 8
c1 rule time: 0.0087

c1 computing class: (84.25..90.5]
c1 discrimination constraints: 113h
c1 coverage constraints: 62v+1303h
c1 formula: 110v, 1488c (1440h+48s)
c1 enumerating rules (maxsat-based)
c1 rule: 'Sgpt: (23.5..40.0]', 'Sgot: (46.0..+inf)', not 'Drinks: (6.5..10.5]' => 'Mcv: (84.25..90.5]'
c1 rule: 'Sgpt: (60.0..+inf)', 'Gammagt: (-inf..28.25]', not 'Alkphos: (-inf..54.25]' => 'Mcv: (84.25..90.5]'
c1 rule: 'Alkphos: (54.25..73.5]', 'Sgot: (46.0..+inf)', not 'Gammagt: (89.75..+inf)' => 'Mcv: (84.25..90.5]'
c1 rule: 'Sgpt: (23.5..40.0]', 'Sgot: (32.0..46.0]', 'Gammagt: (-inf..28.25]' => 'Mcv: (84.25..90.5]'
c1 rule: 'Sgpt: (23.5..40.0]', 'Sgot: (32.0..46.0]', 'Drinks: (-inf..2.75]' => 'Mcv: (84.25..90.5]'
c1 rule: 'Sgpt: (40.0..60.0]', 'Gammagt: (-inf..28.25]', not 'Sgot: (32.0..46.0]' => 'Mcv: (84.25..90.5]'
c1 rule: 'Alkphos: (73.5..92.75]', 'Gammagt: (52.5..89.75]', 'Drinks: (-inf..2.75]' => 'Mcv: (84.25..90.5]'
c1 rule: 'Alkphos: (-inf..54.25]', 'Gammagt: (52.5..89.75]', 'Drinks: (-inf..2.75]' => 'Mcv: (84.25..90.5]'
c1 rule: 'Sgpt: (60.0..+inf)', 'Gammagt: (52.5..89.75]', 'Drinks: (-inf..2.75]' => 'Mcv: (84.25..90.5]'
c1 rule: 'Alkphos: (-inf..54.25]', 'Gammagt: (28.25..52.5]', 'Drinks: (2.75..6.5]' => 'Mcv: (84.25..90.5]'
c1 rule: 'Alkphos: (-inf..54.25]', 'Sgot: (-inf..20.5]', 'Gammagt: (28.25..52.5]' => 'Mcv: (84.25..90.5]'
c1 rule: 'Alkphos: (-inf..54.25]', 'Sgpt: (40.0..60.0]', not 'Gammagt: (52.5..89.75]' => 'Mcv: (84.25..90.5]'
c1 rule: 'Sgpt: (40.0..60.0]', 'Gammagt: (52.5..89.75]', 'Drinks: (-inf..2.75]' => 'Mcv: (84.25..90.5]'
c1 rule: 'Alkphos: (54.25..73.5]', 'Sgpt: (60.0..+inf)', 'Drinks: (6.5..10.5]' => 'Mcv: (84.25..90.5]'
c1 rule: 'Sgot: (-inf..20.5]', 'Gammagt: (89.75..+inf)', not 'Drinks: (-inf..2.75]' => 'Mcv: (84.25..90.5]'
c1 rule: 'Alkphos: (-inf..54.25]', 'Sgot: (-inf..20.5]', 'Drinks: (6.5..10.5]' => 'Mcv: (84.25..90.5]'
c1 rule: 'Alkphos: (73.5..92.75]', 'Sgot: (-inf..20.5]', 'Gammagt: (28.25..52.5]' => 'Mcv: (84.25..90.5]'
c1 rule: 'Alkphos: (92.75..+inf)', 'Gammagt: (28.25..52.5]', 'Drinks: (-inf..2.75]', not 'Sgot: (-inf..20.5]' => 'Mcv: (84.25..90.5]'
c1 rule: 'Alkphos: (92.75..+inf)', 'Sgpt: (23.5..40.0]', 'Drinks: (-inf..2.75]', not 'Gammagt: (52.5..89.75]' => 'Mcv: (84.25..90.5]'
c1 rule: 'Alkphos: (92.75..+inf)', 'Sgot: (20.5..32.0]', 'Drinks: (-inf..2.75]', not 'Gammagt: (52.5..89.75]' => 'Mcv: (84.25..90.5]'
c1 rule: 'Alkphos: (-inf..54.25]', 'Sgpt: (23.5..40.0]', 'Gammagt: (-inf..28.25]', not 'Sgot: (-inf..20.5]' => 'Mcv: (84.25..90.5]'
c1 rule: 'Sgpt: (23.5..40.0]', 'Sgot: (-inf..20.5]', 'Gammagt: (28.25..52.5]', 'Drinks: (2.75..6.5]' => 'Mcv: (84.25..90.5]'
c1 rule: 'Alkphos: (92.75..+inf)', 'Sgot: (20.5..32.0]', 'Gammagt: (-inf..28.25]', not 'Drinks: (2.75..6.5]' => 'Mcv: (84.25..90.5]'
c1 rule: 'Sgot: (-inf..20.5]', 'Drinks: (6.5..10.5]', not 'Alkphos: (92.75..+inf)', not 'Sgpt: (-inf..23.5]' => 'Mcv: (84.25..90.5]'
c1 rule: 'Sgpt: (-inf..23.5]', 'Gammagt: (-inf..28.25]', 'Drinks: (6.5..10.5]', not 'Sgot: (-inf..20.5]' => 'Mcv: (84.25..90.5]'
c1 rule: 'Alkphos: (54.25..73.5]', 'Sgpt: (-inf..23.5]', 'Sgot: (20.5..32.0]', not 'Gammagt: (-inf..28.25]', not 'Drinks: (6.5..10.5]' => 'Mcv: (84.25..90.5]'
c1 # of rules: 26
c1 rule time: 0.0342

c1 computing class: (90.5..96.75]
c1 discrimination constraints: 103h
c1 coverage constraints: 72v+1513h
c1 formula: 120v, 1688c (1640h+48s)
c1 enumerating rules (maxsat-based)
c1 rule: 'Sgot: (20.5..32.0]', 'Gammagt: (89.75..+inf)' => 'Mcv: (90.5..96.75]'
c1 rule: 'Sgot: (46.0..+inf)', 'Gammagt: (52.5..89.75]' => 'Mcv: (90.5..96.75]'
c1 rule: 'Sgpt: (60.0..+inf)', 'Drinks: (10.5..+inf)' => 'Mcv: (90.5..96.75]'
c1 rule: 'Alkphos: (92.75..+inf)', 'Sgpt: (60.0..+inf)' => 'Mcv: (90.5..96.75]'
c1 rule: 'Alkphos: (54.25..73.5]', 'Drinks: (10.5..+inf)' => 'Mcv: (90.5..96.75]'
c1 rule: 'Alkphos: (-inf..54.25]', 'Sgot: (46.0..+inf)' => 'Mcv: (90.5..96.75]'
c1 rule: 'Sgpt: (40.0..60.0]', 'Sgot: (46.0..+inf)' => 'Mcv: (90.5..96.75]'
c1 rule: 'Sgpt: (40.0..60.0]', 'Drinks: (6.5..10.5]' => 'Mcv: (90.5..96.75]'
c1 rule: 'Sgpt: (-inf..23.5]', 'Sgot: (32.0..46.0]' => 'Mcv: (90.5..96.75]'
c1 rule: 'Drinks: (10.5..+inf)', not 'Gammagt: (52.5..89.75]' => 'Mcv: (90.5..96.75]'
c1 rule: 'Alkphos: (92.75..+inf)', 'Sgpt: (23.5..40.0]', 'Gammagt: (52.5..89.75]' => 'Mcv: (90.5..96.75]'
c1 rule: 'Alkphos: (73.5..92.75]', 'Sgot: (32.0..46.0]', not 'Sgpt: (40.0..60.0]' => 'Mcv: (90.5..96.75]'
c1 rule: 'Alkphos: (54.25..73.5]', 'Sgpt: (40.0..60.0]', not 'Sgot: (20.5..32.0]' => 'Mcv: (90.5..96.75]'
c1 rule: 'Sgpt: (40.0..60.0]', 'Gammagt: (-inf..28.25]', not 'Sgot: (20.5..32.0]' => 'Mcv: (90.5..96.75]'
c1 rule: 'Alkphos: (92.75..+inf)', 'Sgpt: (40.0..60.0]', 'Sgot: (20.5..32.0]' => 'Mcv: (90.5..96.75]'
c1 rule: 'Sgot: (32.0..46.0]', 'Gammagt: (28.25..52.5]', not 'Drinks: (-inf..2.75]' => 'Mcv: (90.5..96.75]'
c1 rule: 'Alkphos: (-inf..54.25]', 'Gammagt: (52.5..89.75]', not 'Sgpt: (23.5..40.0]' => 'Mcv: (90.5..96.75]'
c1 rule: 'Alkphos: (92.75..+inf)', 'Gammagt: (52.5..89.75]', 'Drinks: (-inf..2.75]' => 'Mcv: (90.5..96.75]'
c1 rule: 'Gammagt: (89.75..+inf)', 'Drinks: (-inf..2.75]', not 'Alkphos: (73.5..92.75]' => 'Mcv: (90.5..96.75]'
c1 rule: 'Sgpt: (60.0..+inf)', not 'Alkphos: (54.25..73.5]', not 'Gammagt: (89.75..+inf)' => 'Mcv: (90.5..96.75]'
c1 rule: 'Sgpt: (60.0..+inf)', 'Sgot: (20.5..32.0]', not 'Drinks: (-inf..2.75]' => 'Mcv: (90.5..96.75]'
c1 rule: 'Sgpt: (60.0..+inf)', 'Gammagt: (52.5..89.75]', not 'Drinks: (-inf..2.75]' => 'Mcv: (90.5..96.75]'
c1 rule: 'Alkphos: (92.75..+inf)', 'Sgpt: (-inf..23.5]', 'Gammagt: (28.25..52.5]' => 'Mcv: (90.5..96.75]'
c1 rule: 'Alkphos: (-inf..54.25]', 'Drinks: (6.5..10.5]', not 'Sgot: (-inf..20.5]' => 'Mcv: (90.5..96.75]'
c1 rule: 'Sgot: (20.5..32.0]', 'Gammagt: (52.5..89.75]', 'Drinks: (6.5..10.5]' => 'Mcv: (90.5..96.75]'
c1 rule: 'Alkphos: (54.25..73.5]', 'Sgpt: (-inf..23.5]', 'Gammagt: (52.5..89.75]', not 'Drinks: (-inf..2.75]' => 'Mcv: (90.5..96.75]'
c1 rule: 'Alkphos: (54.25..73.5]', 'Gammagt: (28.25..52.5]', 'Drinks: (-inf..2.75]', not 'Sgpt: (23.5..40.0]' => 'Mcv: (90.5..96.75]'
c1 rule: 'Gammagt: (28.25..52.5]', not 'Alkphos: (54.25..73.5]', not 'Sgpt: (23.5..40.0]', not 'Drinks: (-inf..2.75]' => 'Mcv: (90.5..96.75]'
c1 rule: 'Alkphos: (54.25..73.5]', 'Sgpt: (-inf..23.5]', 'Gammagt: (28.25..52.5]', not 'Sgot: (20.5..32.0]' => 'Mcv: (90.5..96.75]'
c1 rule: 'Alkphos: (-inf..54.25]', 'Sgpt: (-inf..23.5]', 'Sgot: (20.5..32.0]', not 'Gammagt: (-inf..28.25]' => 'Mcv: (90.5..96.75]'
c1 rule: 'Alkphos: (73.5..92.75]', 'Sgot: (20.5..32.0]', not 'Gammagt: (-inf..28.25]', not 'Drinks: (-inf..2.75]' => 'Mcv: (90.5..96.75]'
c1 rule: 'Alkphos: (54.25..73.5]', 'Sgpt: (-inf..23.5]', 'Sgot: (-inf..20.5]', 'Drinks: (6.5..10.5]' => 'Mcv: (90.5..96.75]'
c1 rule: 'Alkphos: (92.75..+inf)', 'Sgpt: (-inf..23.5]', not 'Sgot: (20.5..32.0]', not 'Drinks: (2.75..6.5]' => 'Mcv: (90.5..96.75]'
c1 rule: 'Alkphos: (54.25..73.5]', 'Sgpt: (23.5..40.0]', 'Sgot: (20.5..32.0]', 'Drinks: (6.5..10.5]', not 'Gammagt: (28.25..52.5]' => 'Mcv: (90.5..96.75]'
c1 rule: 'Sgpt: (23.5..40.0]', 'Gammagt: (-inf..28.25]', 'Drinks: (2.75..6.5]', not 'Alkphos: (92.75..+inf)', not 'Sgot: (20.5..32.0]' => 'Mcv: (90.5..96.75]'
c1 rule: 'Alkphos: (-inf..54.25]', 'Drinks: (-inf..2.75]', not 'Sgpt: (23.5..40.0]', not 'Sgot: (20.5..32.0]', not 'Gammagt: (28.25..52.5]' => 'Mcv: (90.5..96.75]'
c1 # of rules: 36
c1 rule time: 0.0411

c1 computing class: (96.75..+inf)
c1 discrimination constraints: 153h
c1 coverage constraints: 22v+463h
c1 formula: 70v, 688c (640h+48s)
c1 enumerating rules (maxsat-based)
c1 rule: 'Sgot: (46.0..+inf)', 'Drinks: (-inf..2.75]' => 'Mcv: (96.75..+inf)'
c1 rule: 'Gammagt: (52.5..89.75]', 'Drinks: (10.5..+inf)' => 'Mcv: (96.75..+inf)'
c1 rule: 'Alkphos: (54.25..73.5]', 'Sgot: (46.0..+inf)', 'Gammagt: (89.75..+inf)' => 'Mcv: (96.75..+inf)'
c1 rule: 'Sgpt: (23.5..40.0]', 'Sgot: (46.0..+inf)', not 'Alkphos: (92.75..+inf)' => 'Mcv: (96.75..+inf)'
c1 rule: 'Sgot: (32.0..46.0]', 'Gammagt: (52.5..89.75]', not 'Alkphos: (54.25..73.5]' => 'Mcv: (96.75..+inf)'
c1 rule: 'Sgot: (32.0..46.0]', 'Gammagt: (52.5..89.75]', not 'Drinks: (2.75..6.5]' => 'Mcv: (96.75..+inf)'
c1 rule: 'Alkphos: (92.75..+inf)', 'Gammagt: (52.5..89.75]', 'Drinks: (2.75..6.5]' => 'Mcv: (96.75..+inf)'
c1 rule: 'Alkphos: (73.5..92.75]', 'Sgpt: (-inf..23.5]', 'Gammagt: (52.5..89.75]' => 'Mcv: (96.75..+inf)'
c1 rule: 'Alkphos: (73.5..92.75]', 'Sgpt: (23.5..40.0]', 'Drinks: (6.5..10.5]' => 'Mcv: (96.75..+inf)'
c1 rule: 'Alkphos: (-inf..54.25]', 'Gammagt: (89.75..+inf)', not 'Sgot: (46.0..+inf)' => 'Mcv: (96.75..+inf)'
c1 rule: 'Alkphos: (54.25..73.5]', 'Sgpt: (23.5..40.0]', 'Gammagt: (28.25..52.5]', 'Drinks: (6.5..10.5]' => 'Mcv: (96.75..+inf)'
c1 rule: 'Sgpt: (23.5..40.0]', 'Gammagt: (52.5..89.75]', not 'Alkphos: (54.25..73.5]', not 'Drinks: (-inf..2.75]' => 'Mcv: (96.75..+inf)'
c1 rule: 'Alkphos: (92.75..+inf)', 'Sgot: (20.5..32.0]', 'Drinks: (6.5..10.5]', not 'Sgpt: (-inf..23.5]' => 'Mcv: (96.75..+inf)'
c1 # of rules: 13
c1 rule time: 0.0110

c2 total rules: 83

c0 computing feature 2
c1 computing class: (-inf..54.25]
c1 discrimination constraints: 147h
c1 coverage constraints: 28v+589h
c1 formula: 76v, 808c (760h+48s)
c1 enumerating rules (maxsat-based)
c1 rule: 'Mcv: (96.75..+inf)', 'Sgpt: (60.0..+inf)', not 'Sgot: (46.0..+inf)' => 'Alkphos: (-inf..54.25]'
c1 rule: 'Sgpt: (60.0..+inf)', 'Gammagt: (-inf..28.25]', not 'Drinks: (-inf..2.75]' => 'Alkphos: (-inf..54.25]'
c1 rule: 'Mcv: (84.25..90.5]', 'Sgot: (-inf..20.5]', 'Gammagt: (52.5..89.75]' => 'Alkphos: (-inf..54.25]'
c1 rule: 'Sgpt: (40.0..60.0]', 'Sgot: (20.5..32.0]', 'Gammagt: (-inf..28.25]' => 'Alkphos: (-inf..54.25]'
c1 rule: 'Mcv: (-inf..84.25]', 'Gammagt: (-inf..28.25]', not 'Sgpt: (-inf..23.5]', not 'Drinks: (6.5..10.5]' => 'Alkphos: (-inf..54.25]'
c1 rule: 'Mcv: (90.5..96.75]', 'Gammagt: (89.75..+inf)', not 'Sgot: (32.0..46.0]', not 'Drinks: (6.5..10.5]' => 'Alkphos: (-inf..54.25]'
c1 rule: 'Mcv: (84.25..90.5]', 'Sgpt: (-inf..23.5]', 'Drinks: (6.5..10.5]', not 'Sgot: (20.5..32.0]' => 'Alkphos: (-inf..54.25]'
c1 rule: 'Sgpt: (40.0..60.0]', 'Sgot: (20.5..32.0]', not 'Gammagt: (28.25..52.5]', not 'Drinks: (-inf..2.75]' => 'Alkphos: (-inf..54.25]'
c1 rule: 'Mcv: (90.5..96.75]', 'Gammagt: (28.25..52.5]', 'Drinks: (6.5..10.5]', not 'Sgpt: (40.0..60.0]', not 'Sgot: (32.0..46.0]' => 'Alkphos: (-inf..54.25]'
c1 # of rules: 9
c1 rule time: 0.0123

c1 computing class: (54.25..73.5]
c1 discrimination constraints: 110h
c1 coverage constraints: 65v+1366h
c1 formula: 113v, 1548c (1500h+48s)
c1 enumerating rules (maxsat-based)
c1 rule: 'Mcv: (-inf..84.25]', 'Gammagt: (52.5..89.75]' => 'Alkphos: (54.25..73.5]'
c1 rule: 'Mcv: (84.25..90.5]', 'Sgpt: (60.0..+inf)' => 'Alkphos: (54.25..73.5]'
c1 rule: 'Gammagt: (-inf..28.25]', 'Drinks: (10.5..+inf)' => 'Alkphos: (54.25..73.5]'
c1 rule: 'Mcv: (90.5..96.75]', 'Gammagt: (89.75..+inf)', 'Drinks: (-inf..2.75]' => 'Alkphos: (54.25..73.5]'
c1 rule: 'Mcv: (96.75..+inf)', 'Sgot: (-inf..20.5]', 'Drinks: (-inf..2.75]' => 'Alkphos: (54.25..73.5]'
c1 rule: 'Mcv: (96.75..+inf)', 'Sgot: (-inf..20.5]', not 'Gammagt: (52.5..89.75]' => 'Alkphos: (54.25..73.5]'
c1 rule: 'Mcv: (-inf..84.25]', 'Sgpt: (-inf..23.5]', 'Sgot: (-inf..20.5]' => 'Alkphos: (54.25..73.5]'
c1 rule: 'Mcv: (-inf..84.25]', 'Sgpt: (-inf..23.5]', not 'Gammagt: (-inf..28.25]' => 'Alkphos: (54.25..73.5]'
c1 rule: 'Mcv: (-inf..84.25]', not 'Gammagt: (-inf..28.25]', not 'Drinks: (-inf..2.75]' => 'Alkphos: (54.25..73.5]'
c1 rule: 'Mcv: (96.75..+inf)', 'Sgpt: (23.5..40.0]', 'Sgot: (32.0..46.0]' => 'Alkphos: (54.25..73.5]'
c1 rule: 'Sgpt: (60.0..+inf)', 'Sgot: (20.5..32.0]', not 'Drinks: (6.5..10.5]' => 'Alkphos: (54.25..73.5]'
c1 rule: 'Mcv: (96.75..+inf)', 'Sgot: (46.0..+inf)', 'Drinks: (2.75..6.5]' => 'Alkphos: (54.25..73.5]'
c1 rule: 'Mcv: (96.75..+inf)', 'Gammagt: (28.25..52.5]', not 'Sgpt: (23.5..40.0]' => 'Alkphos: (54.25..73.5]'
c1 rule: 'Mcv: (90.5..96.75]', 'Sgot: (-inf..20.5]', 'Gammagt: (28.25..52.5]' => 'Alkphos: (54.25..73.5]'
c1 rule: 'Mcv: (84.25..90.5]', 'Gammagt: (52.5..89.75]', 'Drinks: (2.75..6.5]' => 'Alkphos: (54.25..73.5]'
c1 rule: 'Mcv: (84.25..90.5]', 'Sgot: (32.0..46.0]', 'Gammagt: (28.25..52.5]' => 'Alkphos: (54.25..73.5]'
c1 rule: 'Sgpt: (40.0..60.0]', 'Sgot: (32.0..46.0]', 'Gammagt: (28.25..52.5]' => 'Alkphos: (54.25..73.5]'
c1 rule: 'Sgot: (32.0..46.0]', 'Gammagt: (52.5..89.75]', not 'Sgpt: (40.0..60.0]' => 'Alkphos: (54.25..73.5]'
c1 rule: 'Sgpt: (40.0..60.0]', 'Gammagt: (28.25..52.5]', 'Drinks: (6.5..10.5]' => 'Alkphos: (54.25..73.5]'
c1 rule: 'Mcv: (84.25..90.5]', 'Sgpt: (23.5..40.0]', 'Drinks: (6.5..10.5]' => 'Alkphos: (54.25..73.5]'
c1 rule: 'Sgpt: (23.5..40.0]', 'Gammagt: (52.5..89.75]', 'Drinks: (6.5..10.5]' => 'Alkphos: (54.25..73.5]'
c1 rule: 'Mcv: (90.5..96.75]', 'Sgpt: (23.5..40.0]', 'Gammagt: (89.75..+inf)', not 'Drinks: (10.5..+inf)' => 'Alkphos: (54.25..73.5]'
c1 rule: 'Sgpt: (23.5..40.0]', 'Gammagt: (89.75..+inf)', 'Drinks: (2.75..6.5]', not 'Sgot: (46.0..+inf)' => 'Alkphos: (54.25..73.5]'
c1 rule: 'Gammagt: (28.25..52.5]', 'Drinks: (2.75..6.5]', not 'Mcv: (90.5..96.75]', not 'Sgpt: (23.5..40.0]' => 'Alkphos: (54.25..73.5]'
c1 rule: 'Sgpt: (23.5..40.0]', 'Sgot: (-inf..20.5]', 'Gammagt: (28.25..52.5]', not 'Mcv: (84.25..90.5]' => 'Alkphos: (54.25..73.5]'
c1 rule: 'Sgpt: (23.5..40.0]', 'Sgot: (-inf..20.5]', 'Gammagt: (28.25..52.5]', not 'Drinks: (2.75..6.5]' => 'Alkphos: (54.25..73.5]'
c1 rule: 'Sgpt: (23.5..40.0]', 'Gammagt: (52.5..89.75]', not 'Mcv: (96.75..+inf)', not 'Drinks: (-inf..2.75]' => 'Alkphos: (54.25..73.5]'
c1 rule: 'Mcv: (90.5..96.75]', 'Sgpt: (40.0..60.0]', 'Sgot: (20.5..32.0]', 'Drinks: (-inf..2.75]' => 'Alkphos: (54.25..73.5]'
c1 rule: 'Mcv: (90.5..96.75]', 'Sgpt: (23.5..40.0]', 'Drinks: (6.5..10.5]', not 'Gammagt: (28.25..52.5]' => 'Alkphos: (54.25..73.5]'
c1 # of rules: 29
c1 rule time: 0.0300

c1 computing class: (73.5..92.75]
c1 discrimination constraints: 128h
c1 coverage constraints: 47v+988h
c1 formula: 95v, 1188c (1140h+48s)
c1 enumerating rules (maxsat-based)
c1 rule: 'Mcv: (-inf..84.25]', 'Gammagt: (89.75..+inf)' => 'Alkphos: (73.5..92.75]'
c1 rule: 'Sgot: (-inf..20.5]', 'Gammagt: (89.75..+inf)' => 'Alkphos: (73.5..92.75]'
c1 rule: 'Sgpt: (60.0..+inf)', 'Drinks: (10.5..+inf)' => 'Alkphos: (73.5..92.75]'
c1 rule: 'Sgot: (46.0..+inf)', 'Drinks: (-inf..2.75]' => 'Alkphos: (73.5..92.75]'
c1 rule: 'Sgpt: (40.0..60.0]', 'Sgot: (46.0..+inf)' => 'Alkphos: (73.5..92.75]'
c1 rule: 'Sgot: (46.0..+inf)', 'Gammagt: (52.5..89.75]' => 'Alkphos: (73.5..92.75]'
c1 rule: 'Sgpt: (60.0..+inf)', 'Gammagt: (52.5..89.75]', 'Drinks: (6.5..10.5]' => 'Alkphos: (73.5..92.75]'
c1 rule: 'Sgpt: (60.0..+inf)', 'Gammagt: (28.25..52.5]', 'Drinks: (6.5..10.5]' => 'Alkphos: (73.5..92.75]'
c1 rule: 'Mcv: (96.75..+inf)', 'Sgpt: (40.0..60.0]', 'Gammagt: (89.75..+inf)' => 'Alkphos: (73.5..92.75]'
c1 rule: 'Sgpt: (40.0..60.0]', 'Gammagt: (89.75..+inf)', not 'Mcv: (90.5..96.75]' => 'Alkphos: (73.5..92.75]'
c1 rule: 'Mcv: (96.75..+inf)', 'Gammagt: (89.75..+inf)', not 'Sgpt: (60.0..+inf)' => 'Alkphos: (73.5..92.75]'
c1 rule: 'Sgpt: (23.5..40.0]', 'Gammagt: (89.75..+inf)', 'Drinks: (10.5..+inf)' => 'Alkphos: (73.5..92.75]'
c1 rule: 'Sgpt: (-inf..23.5]', 'Gammagt: (52.5..89.75]', 'Drinks: (6.5..10.5]' => 'Alkphos: (73.5..92.75]'
c1 rule: 'Mcv: (96.75..+inf)', 'Gammagt: (-inf..28.25]', 'Drinks: (6.5..10.5]' => 'Alkphos: (73.5..92.75]'
c1 rule: 'Mcv: (-inf..84.25]', 'Sgpt: (40.0..60.0]', 'Drinks: (-inf..2.75]', not 'Sgot: (-inf..20.5]' => 'Alkphos: (73.5..92.75]'
c1 rule: 'Mcv: (-inf..84.25]', 'Sgot: (20.5..32.0]', 'Gammagt: (-inf..28.25]', 'Drinks: (-inf..2.75]' => 'Alkphos: (73.5..92.75]'
c1 rule: 'Mcv: (84.25..90.5]', 'Sgpt: (-inf..23.5]', 'Gammagt: (28.25..52.5]', 'Drinks: (-inf..2.75]', not 'Sgot: (-inf..20.5]' => 'Alkphos: (73.5..92.75]'
c1 # of rules: 17
c1 rule time: 0.0166

c1 computing class: (92.75..+inf)
c1 discrimination constraints: 140h
c1 coverage constraints: 35v+736h
c1 formula: 83v, 948c (900h+48s)
c1 enumerating rules (maxsat-based)
c1 rule: 'Sgpt: (-inf..23.5]', 'Sgot: (32.0..46.0]' => 'Alkphos: (92.75..+inf)'
c1 rule: 'Sgpt: (40.0..60.0]', 'Sgot: (-inf..20.5]' => 'Alkphos: (92.75..+inf)'
c1 rule: 'Sgpt: (40.0..60.0]', 'Gammagt: (89.75..+inf)', 'Drinks: (6.5..10.5]' => 'Alkphos: (92.75..+inf)'
c1 rule: 'Sgpt: (60.0..+inf)', 'Sgot: (46.0..+inf)', 'Drinks: (6.5..10.5]' => 'Alkphos: (92.75..+inf)'
c1 rule: 'Sgpt: (23.5..40.0]', 'Sgot: (46.0..+inf)', not 'Mcv: (96.75..+inf)' => 'Alkphos: (92.75..+inf)'
c1 rule: 'Sgot: (32.0..46.0]', 'Gammagt: (-inf..28.25]', not 'Sgpt: (23.5..40.0]' => 'Alkphos: (92.75..+inf)'
c1 rule: 'Mcv: (-inf..84.25]', 'Sgot: (-inf..20.5]', 'Drinks: (6.5..10.5]' => 'Alkphos: (92.75..+inf)'
c1 rule: 'Mcv: (90.5..96.75]', 'Gammagt: (52.5..89.75]', 'Drinks: (-inf..2.75]' => 'Alkphos: (92.75..+inf)'
c1 rule: 'Sgpt: (40.0..60.0]', 'Gammagt: (52.5..89.75]', 'Drinks: (2.75..6.5]' => 'Alkphos: (92.75..+inf)'
c1 rule: 'Mcv: (96.75..+inf)', 'Sgpt: (23.5..40.0]', not 'Gammagt: (52.5..89.75]', not 'Drinks: (6.5..10.5]' => 'Alkphos: (92.75..+inf)'
c1 rule: 'Gammagt: (28.25..52.5]', 'Drinks: (6.5..10.5]', not 'Sgpt: (60.0..+inf)', not 'Sgot: (20.5..32.0]' => 'Alkphos: (92.75..+inf)'
c1 rule: 'Sgpt: (23.5..40.0]', 'Sgot: (32.0..46.0]', 'Gammagt: (28.25..52.5]', not 'Mcv: (84.25..90.5]' => 'Alkphos: (92.75..+inf)'
c1 rule: 'Mcv: (96.75..+inf)', 'Gammagt: (52.5..89.75]', 'Drinks: (2.75..6.5]', not 'Sgot: (20.5..32.0]' => 'Alkphos: (92.75..+inf)'
c1 rule: 'Sgpt: (60.0..+inf)', 'Sgot: (46.0..+inf)', 'Gammagt: (28.25..52.5]', not 'Mcv: (84.25..90.5]' => 'Alkphos: (92.75..+inf)'
c1 rule: 'Mcv: (84.25..90.5]', 'Sgot: (-inf..20.5]', 'Drinks: (2.75..6.5]', not 'Sgpt: (-inf..23.5]', not 'Gammagt: (28.25..52.5]' => 'Alkphos: (92.75..+inf)'
c1 rule: 'Mcv: (90.5..96.75]', 'Sgpt: (-inf..23.5]', 'Drinks: (2.75..6.5]', not 'Sgot: (-inf..20.5]', not 'Gammagt: (-inf..28.25]' => 'Alkphos: (92.75..+inf)'
c1 # of rules: 16
c1 rule time: 0.0204

c2 total rules: 71

c0 computing feature 3
c1 computing class: (-inf..23.5]
c1 discrimination constraints: 117h
c1 coverage constraints: 58v+1219h
c1 formula: 106v, 1408c (1360h+48s)
c1 enumerating rules (maxsat-based)
c1 rule: 'Mcv: (96.75..+inf)', 'Sgot: (-inf..20.5]' => 'Sgpt: (-inf..23.5]'
c1 rule: 'Sgot: (20.5..32.0]', 'Gammagt: (89.75..+inf)' => 'Sgpt: (-inf..23.5]'
c1 rule: 'Mcv: (-inf..84.25]', 'Alkphos: (73.5..92.75]', 'Gammagt: (-inf..28.25]' => 'Sgpt: (-inf..23.5]'
c1 rule: 'Mcv: (-inf..84.25]', 'Sgot: (20.5..32.0]', 'Gammagt: (-inf..28.25]' => 'Sgpt: (-inf..23.5]'
c1 rule: 'Mcv: (84.25..90.5]', 'Sgot: (20.5..32.0]', 'Drinks: (6.5..10.5]' => 'Sgpt: (-inf..23.5]'
c1 rule: 'Mcv: (84.25..90.5]', 'Drinks: (6.5..10.5]', not 'Alkphos: (54.25..73.5]' => 'Sgpt: (-inf..23.5]'
c1 rule: 'Alkphos: (-inf..54.25]', 'Gammagt: (28.25..52.5]', not 'Sgot: (20.5..32.0]' => 'Sgpt: (-inf..23.5]'
c1 rule: 'Alkphos: (-inf..54.25]', 'Sgot: (-inf..20.5]', not 'Drinks: (-inf..2.75]' => 'Sgpt: (-inf..23.5]'
c1 rule: 'Mcv: (-inf..84.25]', 'Gammagt: (-inf..28.25]', 'Drinks: (2.75..6.5]' => 'Sgpt: (-inf..23.5]'
c1 rule: 'Mcv: (-inf..84.25]', 'Alkphos: (54.25..73.5]', 'Gammagt: (-inf..28.25]' => 'Sgpt: (-inf..23.5]'
c1 rule: 'Sgot: (-inf..20.5]', 'Gammagt: (89.75..+inf)', 'Drinks: (2.75..6.5]' => 'Sgpt: (-inf..23.5]'
c1 rule: 'Mcv: (96.75..+inf)', 'Alkphos: (54.25..73.5]', 'Drinks: (-inf..2.75]' => 'Sgpt: (-inf..23.5]'
c1 rule: 'Mcv: (96.75..+inf)', 'Sgot: (20.5..32.0]', 'Drinks: (-inf..2.75]' => 'Sgpt: (-inf..23.5]'
c1 rule: 'Mcv: (90.5..96.75]', 'Sgot: (-inf..20.5]', 'Gammagt: (52.5..89.75]' => 'Sgpt: (-inf..23.5]'
c1 rule: 'Mcv: (-inf..84.25]', 'Gammagt: (52.5..89.75]', 'Drinks: (-inf..2.75]' => 'Sgpt: (-inf..23.5]'
c1 rule: 'Mcv: (-inf..84.25]', 'Drinks: (6.5..10.5]', not 'Sgot: (-inf..20.5]' => 'Sgpt: (-inf..23.5]'
c1 rule: 'Mcv: (90.5..96.75]', 'Sgot: (-inf..20.5]', 'Drinks: (6.5..10.5]' => 'Sgpt: (-inf..23.5]'
c1 rule: 'Alkphos: (92.75..+inf)', 'Sgot: (20.5..32.0]', 'Drinks: (2.75..6.5]', not 'Gammagt: (28.25..52.5]' => 'Sgpt: (-inf..23.5]'
c1 rule: 'Mcv: (90.5..96.75]', 'Alkphos: (92.75..+inf)', 'Sgot: (-inf..20.5]', 'Drinks: (-inf..2.75]' => 'Sgpt: (-inf..23.5]'
c1 rule: 'Alkphos: (73.5..92.75]', 'Gammagt: (28.25..52.5]', 'Drinks: (-inf..2.75]', not 'Sgot: (20.5..32.0]' => 'Sgpt: (-inf..23.5]'
c1 rule: 'Alkphos: (73.5..92.75]', 'Gammagt: (-inf..28.25]', 'Drinks: (2.75..6.5]', not 'Sgot: (20.5..32.0]' => 'Sgpt: (-inf..23.5]'
c1 rule: 'Mcv: (90.5..96.75]', 'Sgot: (-inf..20.5]', 'Drinks: (2.75..6.5]', not 'Gammagt: (-inf..28.25]' => 'Sgpt: (-inf..23.5]'
c1 rule: 'Sgot: (-inf..20.5]', 'Gammagt: (-inf..28.25]', 'Drinks: (2.75..6.5]', not 'Mcv: (90.5..96.75]', not 'Alkphos: (92.75..+inf)' => 'Sgpt: (-inf..23.5]'
c1 rule: 'Alkphos: (-inf..54.25]', 'Gammagt: (-inf..28.25]', not 'Mcv: (84.25..90.5]', not 'Sgot: (-inf..20.5]', not 'Drinks: (6.5..10.5]' => 'Sgpt: (-inf..23.5]'
c1 # of rules: 24
c1 rule time: 0.0293

c1 computing class: (23.5..40.0]
c1 discrimination constraints: 103h
c1 coverage constraints: 72v+1513h
c1 formula: 120v, 1688c (1640h+48s)
c1 enumerating rules (maxsat-based)
c1 rule: 'Drinks: (10.5..+inf)', not 'Sgot: (32.0..46.0]' => 'Sgpt: (23.5..40.0]'
c1 rule: 'Mcv: (-inf..84.25]', 'Alkphos: (-inf..54.25]' => 'Sgpt: (23.5..40.0]'
c1 rule: 'Sgot: (-inf..20.5]', 'Gammagt: (89.75..+inf)', not 'Mcv: (84.25..90.5]' => 'Sgpt: (23.5..40.0]'
c1 rule: 'Mcv: (-inf..84.25]', 'Gammagt: (52.5..89.75]', not 'Sgot: (-inf..20.5]' => 'Sgpt: (23.5..40.0]'
c1 rule: 'Sgot: (20.5..32.0]', 'Gammagt: (52.5..89.75]', 'Drinks: (2.75..6.5]' => 'Sgpt: (23.5..40.0]'
c1 rule: 'Mcv: (-inf..84.25]', 'Gammagt: (52.5..89.75]', 'Drinks: (2.75..6.5]' => 'Sgpt: (23.5..40.0]'
c1 rule: 'Alkphos: (-inf..54.25]', 'Gammagt: (52.5..89.75]', not 'Mcv: (90.5..96.75]' => 'Sgpt: (23.5..40.0]'
c1 rule: 'Alkphos: (92.75..+inf)', 'Sgot: (20.5..32.0]', 'Gammagt: (52.5..89.75]' => 'Sgpt: (23.5..40.0]'
c1 rule: 'Alkphos: (54.25..73.5]', 'Gammagt: (52.5..89.75]', 'Drinks: (6.5..10.5]' => 'Sgpt: (23.5..40.0]'
c1 rule: 'Alkphos: (92.75..+inf)', 'Gammagt: (89.75..+inf)', not 'Mcv: (90.5..96.75]' => 'Sgpt: (23.5..40.0]'
c1 rule: 'Mcv: (-inf..84.25]', 'Drinks: (6.5..10.5]', not 'Alkphos: (54.25..73.5]' => 'Sgpt: (23.5..40.0]'
c1 rule: 'Alkphos: (92.75..+inf)', 'Gammagt: (28.25..52.5]', 'Drinks: (6.5..10.5]' => 'Sgpt: (23.5..40.0]'
c1 rule: 'Alkphos: (92.75..+inf)', 'Sgot: (32.0..46.0]', 'Gammagt: (28.25..52.5]' => 'Sgpt: (23.5..40.0]'
c1 rule: 'Sgot: (32.0..46.0]', 'Gammagt: (28.25..52.5]', not 'Mcv: (90.5..96.75]' => 'Sgpt: (23.5..40.0]'
c1 rule: 'Sgot: (32.0..46.0]', 'Gammagt: (-inf..28.25]', not 'Alkphos: (92.75..+inf)' => 'Sgpt: (23.5..40.0]'
c1 rule: 'Sgot: (32.0..46.0]', 'Gammagt: (-inf..28.25]', not 'Mcv: (90.5..96.75]' => 'Sgpt: (23.5..40.0]'
c1 rule: 'Alkphos: (-inf..54.25]', 'Gammagt: (28.25..52.5]', 'Drinks: (2.75..6.5]' => 'Sgpt: (23.5..40.0]'
c1 rule: 'Alkphos: (-inf..54.25]', 'Gammagt: (28.25..52.5]', not 'Drinks: (-inf..2.75]' => 'Sgpt: (23.5..40.0]'
c1 rule: 'Alkphos: (73.5..92.75]', 'Gammagt: (89.75..+inf)', 'Drinks: (6.5..10.5]' => 'Sgpt: (23.5..40.0]'
c1 rule: 'Mcv: (84.25..90.5]', 'Alkphos: (92.75..+inf)', not 'Gammagt: (-inf..28.25]' => 'Sgpt: (23.5..40.0]'
c1 rule: 'Mcv: (84.25..90.5]', 'Alkphos: (92.75..+inf)', not 'Sgot: (20.5..32.0]' => 'Sgpt: (23.5..40.0]'
c1 rule: 'Mcv: (96.75..+inf)', 'Alkphos: (54.25..73.5]', 'Drinks: (6.5..10.5]' => 'Sgpt: (23.5..40.0]'
c1 rule: 'Mcv: (96.75..+inf)', 'Sgot: (20.5..32.0]', 'Drinks: (6.5..10.5]' => 'Sgpt: (23.5..40.0]'
c1 rule: 'Mcv: (96.75..+inf)', 'Alkphos: (92.75..+inf)', 'Sgot: (20.5..32.0]' => 'Sgpt: (23.5..40.0]'
c1 rule: 'Mcv: (84.25..90.5]', 'Gammagt: (28.25..52.5]', not 'Alkphos: (54.25..73.5]', not 'Drinks: (-inf..2.75]' => 'Sgpt: (23.5..40.0]'
c1 rule: 'Alkphos: (54.25..73.5]', 'Gammagt: (28.25..52.5]', not 'Sgot: (20.5..32.0]', not 'Drinks: (2.75..6.5]' => 'Sgpt: (23.5..40.0]'
c1 rule: 'Alkphos: (54.25..73.5]', 'Sgot: (-inf..20.5]', 'Gammagt: (28.25..52.5]', not 'Mcv: (90.5..96.75]' => 'Sgpt: (23.5..40.0]'
c1 rule: 'Alkphos: (54.25..73.5]', 'Gammagt: (28.25..52.5]', 'Drinks: (-inf..2.75]', not 'Mcv: (90.5..96.75]' => 'Sgpt: (23.5..40.0]'
c1 rule: 'Mcv: (84.25..90.5]', 'Alkphos: (54.25..73.5]', 'Gammagt: (89.75..+inf)', not 'Drinks: (6.5..10.5]' => 'Sgpt: (23.5..40.0]'
c1 rule: 'Alkphos: (54.25..73.5]', 'Gammagt: (89.75..+inf)', 'Drinks: (2.75..6.5]', not 'Mcv: (96.75..+inf)' => 'Sgpt: (23.5..40.0]'
c1 rule: 'Alkphos: (54.25..73.5]', 'Sgot: (-inf..20.5]', 'Drinks: (6.5..10.5]', not 'Mcv: (90.5..96.75]' => 'Sgpt: (23.5..40.0]'
c1 rule: 'Alkphos: (92.75..+inf)', 'Sgot: (-inf..20.5]', 'Gammagt: (-inf..28.25]', 'Drinks: (2.75..6.5]' => 'Sgpt: (23.5..40.0]'
c1 rule: 'Mcv: (90.5..96.75]', 'Sgot: (20.5..32.0]', 'Gammagt: (-inf..28.25]', 'Drinks: (6.5..10.5]', not 'Alkphos: (-inf..54.25]' => 'Sgpt: (23.5..40.0]'
c1 rule: 'Alkphos: (-inf..54.25]', 'Gammagt: (-inf..28.25]', 'Drinks: (-inf..2.75]', not 'Mcv: (90.5..96.75]', not 'Sgot: (20.5..32.0]' => 'Sgpt: (23.5..40.0]'
c1 # of rules: 34
c1 rule time: 0.0414

c1 computing class: (40.0..60.0]
c1 discrimination constraints: 148h
c1 coverage constraints: 27v+568h
c1 formula: 75v, 788c (740h+48s)
c1 enumerating rules (maxsat-based)
c1 rule: 'Drinks: (10.5..+inf)', not 'Mcv: (90.5..96.75]' => 'Sgpt: (40.0..60.0]'
c1 rule: 'Alkphos: (92.75..+inf)', 'Drinks: (10.5..+inf)' => 'Sgpt: (40.0..60.0]'
c1 rule: 'Alkphos: (73.5..92.75]', 'Gammagt: (52.5..89.75]', 'Drinks: (-inf..2.75]' => 'Sgpt: (40.0..60.0]'
c1 rule: 'Alkphos: (73.5..92.75]', 'Sgot: (32.0..46.0]', 'Drinks: (-inf..2.75]' => 'Sgpt: (40.0..60.0]'
c1 rule: 'Mcv: (-inf..84.25]', 'Alkphos: (92.75..+inf)', 'Drinks: (-inf..2.75]' => 'Sgpt: (40.0..60.0]'
c1 rule: 'Alkphos: (92.75..+inf)', 'Sgot: (32.0..46.0]', 'Gammagt: (52.5..89.75]' => 'Sgpt: (40.0..60.0]'
c1 rule: 'Sgot: (46.0..+inf)', 'Gammagt: (52.5..89.75]', not 'Drinks: (2.75..6.5]' => 'Sgpt: (40.0..60.0]'
c1 rule: 'Alkphos: (-inf..54.25]', 'Gammagt: (52.5..89.75]', 'Drinks: (6.5..10.5]' => 'Sgpt: (40.0..60.0]'
c1 rule: 'Gammagt: (89.75..+inf)', 'Drinks: (10.5..+inf)', not 'Alkphos: (73.5..92.75]' => 'Sgpt: (40.0..60.0]'
c1 rule: 'Alkphos: (92.75..+inf)', 'Sgot: (32.0..46.0]', 'Gammagt: (89.75..+inf)' => 'Sgpt: (40.0..60.0]'
c1 rule: 'Alkphos: (73.5..92.75]', 'Sgot: (32.0..46.0]', not 'Mcv: (90.5..96.75]' => 'Sgpt: (40.0..60.0]'
c1 rule: 'Mcv: (-inf..84.25]', 'Gammagt: (28.25..52.5]', 'Drinks: (2.75..6.5]' => 'Sgpt: (40.0..60.0]'
c1 rule: 'Alkphos: (73.5..92.75]', 'Sgot: (46.0..+inf)', 'Gammagt: (28.25..52.5]' => 'Sgpt: (40.0..60.0]'
c1 rule: 'Mcv: (90.5..96.75]', 'Alkphos: (54.25..73.5]', 'Gammagt: (28.25..52.5]', 'Drinks: (6.5..10.5]' => 'Sgpt: (40.0..60.0]'
c1 rule: 'Alkphos: (54.25..73.5]', 'Sgot: (32.0..46.0]', 'Gammagt: (28.25..52.5]', 'Drinks: (2.75..6.5]' => 'Sgpt: (40.0..60.0]'
c1 rule: 'Mcv: (96.75..+inf)', 'Alkphos: (54.25..73.5]', 'Gammagt: (28.25..52.5]', 'Drinks: (2.75..6.5]' => 'Sgpt: (40.0..60.0]'
c1 # of rules: 16
c1 rule time: 0.0125

c1 computing class: (60.0..+inf)
c1 discrimination constraints: 157h
c1 coverage constraints: 18v+379h
c1 formula: 66v, 608c (560h+48s)
c1 enumerating rules (maxsat-based)
c1 rule: 'Alkphos: (-inf..54.25]', 'Gammagt: (89.75..+inf)' => 'Sgpt: (60.0..+inf)'
c1 rule: 'Alkphos: (54.25..73.5]', 'Sgot: (46.0..+inf)' => 'Sgpt: (60.0..+inf)'
c1 rule: 'Sgot: (46.0..+inf)', 'Drinks: (-inf..2.75]' => 'Sgpt: (60.0..+inf)'
c1 rule: 'Mcv: (84.25..90.5]', 'Drinks: (6.5..10.5]', not 'Gammagt: (-inf..28.25]' => 'Sgpt: (60.0..+inf)'
c1 rule: 'Alkphos: (73.5..92.75]', 'Gammagt: (52.5..89.75]', 'Drinks: (2.75..6.5]' => 'Sgpt: (60.0..+inf)'
c1 rule: 'Alkphos: (73.5..92.75]', 'Sgot: (32.0..46.0]', 'Drinks: (6.5..10.5]' => 'Sgpt: (60.0..+inf)'
c1 rule: 'Mcv: (90.5..96.75]', 'Sgot: (46.0..+inf)', 'Gammagt: (89.75..+inf)' => 'Sgpt: (60.0..+inf)'
c1 rule: 'Mcv: (90.5..96.75]', 'Sgot: (46.0..+inf)', not 'Alkphos: (73.5..92.75]' => 'Sgpt: (60.0..+inf)'
c1 rule: 'Gammagt: (89.75..+inf)', 'Drinks: (-inf..2.75]', not 'Alkphos: (73.5..92.75]' => 'Sgpt: (60.0..+inf)'
c1 rule: 'Mcv: (90.5..96.75]', 'Sgot: (32.0..46.0]', 'Gammagt: (52.5..89.75]' => 'Sgpt: (60.0..+inf)'
c1 rule: 'Mcv: (90.5..96.75]', 'Alkphos: (73.5..92.75]', 'Drinks: (6.5..10.5]', not 'Sgot: (46.0..+inf)' => 'Sgpt: (60.0..+inf)'
c1 rule: 'Alkphos: (-inf..54.25]', 'Gammagt: (-inf..28.25]', 'Drinks: (6.5..10.5]', not 'Sgot: (-inf..20.5]' => 'Sgpt: (60.0..+inf)'
c1 # of rules: 12
c1 rule time: 0.0081

c2 total rules: 86

c0 computing feature 4
c1 computing class: (-inf..20.5]
c1 discrimination constraints: 123h
c1 coverage constraints: 52v+1093h
c1 formula: 100v, 1288c (1240h+48s)
c1 enumerating rules (maxsat-based)
c1 rule: 'Sgpt: (-inf..23.5]', 'Gammagt: (52.5..89.75]' => 'Sgot: (-inf..20.5]'
c1 rule: 'Mcv: (96.75..+inf)', 'Gammagt: (-inf..28.25]', 'Drinks: (2.75..6.5]' => 'Sgot: (-inf..20.5]'
c1 rule: 'Sgpt: (-inf..23.5]', 'Gammagt: (89.75..+inf)', 'Drinks: (2.75..6.5]' => 'Sgot: (-inf..20.5]'
c1 rule: 'Sgpt: (23.5..40.0]', 'Gammagt: (89.75..+inf)', 'Drinks: (-inf..2.75]' => 'Sgot: (-inf..20.5]'
c1 rule: 'Mcv: (-inf..84.25]', 'Alkphos: (54.25..73.5]', 'Drinks: (-inf..2.75]' => 'Sgot: (-inf..20.5]'
c1 rule: 'Mcv: (-inf..84.25]', 'Alkphos: (54.25..73.5]', 'Gammagt: (-inf..28.25]' => 'Sgot: (-inf..20.5]'
c1 rule: 'Mcv: (-inf..84.25]', 'Sgpt: (23.5..40.0]', 'Gammagt: (-inf..28.25]' => 'Sgot: (-inf..20.5]'
c1 rule: 'Mcv: (84.25..90.5]', 'Sgpt: (23.5..40.0]', 'Drinks: (6.5..10.5]' => 'Sgot: (-inf..20.5]'
c1 rule: 'Mcv: (-inf..84.25]', 'Alkphos: (92.75..+inf)', not 'Drinks: (2.75..6.5]' => 'Sgot: (-inf..20.5]'
c1 rule: 'Alkphos: (-inf..54.25]', 'Gammagt: (52.5..89.75]', 'Drinks: (-inf..2.75]' => 'Sgot: (-inf..20.5]'
c1 rule: 'Alkphos: (-inf..54.25]', 'Sgpt: (-inf..23.5]', not 'Drinks: (-inf..2.75]' => 'Sgot: (-inf..20.5]'
c1 rule: 'Mcv: (90.5..96.75]', 'Sgpt: (-inf..23.5]', 'Gammagt: (-inf..28.25]', 'Drinks: (6.5..10.5]' => 'Sgot: (-inf..20.5]'
c1 rule: 'Mcv: (90.5..96.75]', 'Alkphos: (54.25..73.5]', 'Sgpt: (-inf..23.5]', 'Gammagt: (28.25..52.5]' => 'Sgot: (-inf..20.5]'
c1 rule: 'Alkphos: (73.5..92.75]', 'Gammagt: (28.25..52.5]', not 'Mcv: (90.5..96.75]', not 'Drinks: (-inf..2.75]' => 'Sgot: (-inf..20.5]'
c1 rule: 'Alkphos: (-inf..54.25]', 'Sgpt: (-inf..23.5]', 'Gammagt: (28.25..52.5]', not 'Mcv: (90.5..96.75]' => 'Sgot: (-inf..20.5]'
c1 rule: 'Alkphos: (-inf..54.25]', 'Sgpt: (23.5..40.0]', 'Gammagt: (-inf..28.25]', not 'Mcv: (84.25..90.5]' => 'Sgot: (-inf..20.5]'
c1 rule: 'Mcv: (90.5..96.75]', 'Alkphos: (92.75..+inf)', 'Gammagt: (-inf..28.25]', not 'Drinks: (-inf..2.75]' => 'Sgot: (-inf..20.5]'
c1 rule: 'Alkphos: (92.75..+inf)', 'Gammagt: (-inf..28.25]', not 'Sgpt: (-inf..23.5]', not 'Drinks: (-inf..2.75]' => 'Sgot: (-inf..20.5]'
c1 # of rules: 18
c1 rule time: 0.0183

c1 computing class: (20.5..32.0]
c1 discrimination constraints: 91h
c1 coverage constraints: 84v+1765h
c1 formula: 132v, 1928c (1880h+48s)
c1 enumerating rules (maxsat-based)
c1 rule: 'Alkphos: (-inf..54.25]', 'Sgpt: (40.0..60.0]' => 'Sgot: (20.5..32.0]'
c1 rule: 'Mcv: (96.75..+inf)', 'Gammagt: (28.25..52.5]' => 'Sgot: (20.5..32.0]'
c1 rule: 'Sgpt: (60.0..+inf)', 'Gammagt: (-inf..28.25]' => 'Sgot: (20.5..32.0]'
c1 rule: 'Gammagt: (-inf..28.25]', 'Drinks: (10.5..+inf)' => 'Sgot: (20.5..32.0]'
c1 rule: 'Sgpt: (60.0..+inf)', 'Drinks: (-inf..2.75]', not 'Gammagt: (89.75..+inf)' => 'Sgot: (20.5..32.0]'
c1 rule: 'Alkphos: (73.5..92.75]', 'Gammagt: (52.5..89.75]', 'Drinks: (-inf..2.75]' => 'Sgot: (20.5..32.0]'
c1 rule: 'Mcv: (-inf..84.25]', 'Alkphos: (73.5..92.75]', not 'Drinks: (-inf..2.75]' => 'Sgot: (20.5..32.0]'
c1 rule: 'Mcv: (-inf..84.25]', 'Gammagt: (28.25..52.5]', not 'Drinks: (-inf..2.75]' => 'Sgot: (20.5..32.0]'
c1 rule: 'Mcv: (-inf..84.25]', 'Alkphos: (73.5..92.75]', 'Gammagt: (28.25..52.5]' => 'Sgot: (20.5..32.0]'
c1 rule: 'Mcv: (-inf..84.25]', 'Alkphos: (73.5..92.75]', not 'Gammagt: (89.75..+inf)' => 'Sgot: (20.5..32.0]'
c1 rule: 'Mcv: (-inf..84.25]', 'Alkphos: (-inf..54.25]', 'Gammagt: (28.25..52.5]' => 'Sgot: (20.5..32.0]'
c1 rule: 'Alkphos: (-inf..54.25]', 'Gammagt: (28.25..52.5]', not 'Mcv: (84.25..90.5]' => 'Sgot: (20.5..32.0]'
c1 rule: 'Alkphos: (-inf..54.25]', 'Gammagt: (28.25..52.5]', not 'Sgpt: (-inf..23.5]' => 'Sgot: (20.5..32.0]'
c1 rule: 'Alkphos: (-inf..54.25]', 'Sgpt: (23.5..40.0]', not 'Drinks: (-inf..2.75]' => 'Sgot: (20.5..32.0]'
c1 rule: 'Mcv: (84.25..90.5]', 'Sgpt: (40.0..60.0]', not 'Gammagt: (89.75..+inf)' => 'Sgot: (20.5..32.0]'
c1 rule: 'Alkphos: (54.25..73.5]', 'Sgpt: (40.0..60.0]', 'Drinks: (-inf..2.75]' => 'Sgot: (20.5..32.0]'
c1 rule: 'Alkphos: (54.25..73.5]', 'Sgpt: (-inf..23.5]', 'Gammagt: (89.75..+inf)' => 'Sgot: (20.5..32.0]'
c1 rule: 'Sgpt: (-inf..23.5]', 'Gammagt: (89.75..+inf)', not 'Mcv: (84.25..90.5]' => 'Sgot: (20.5..32.0]'
c1 rule: 'Mcv: (-inf..84.25]', 'Alkphos: (92.75..+inf)', 'Drinks: (2.75..6.5]' => 'Sgot: (20.5..32.0]'
c1 rule: 'Mcv: (84.25..90.5]', 'Alkphos: (92.75..+inf)', not 'Sgpt: (23.5..40.0]' => 'Sgot: (20.5..32.0]'
c1 rule: 'Mcv: (96.75..+inf)', 'Gammagt: (-inf..28.25]', not 'Sgpt: (-inf..23.5]' => 'Sgot: (20.5..32.0]'
c1 rule: 'Mcv: (96.75..+inf)', 'Gammagt: (-inf..28.25]', not 'Alkphos: (54.25..73.5]' => 'Sgot: (20.5..32.0]'
c1 rule: 'Mcv: (96.75..+inf)', 'Sgpt: (23.5..40.0]', not 'Drinks: (6.5..10.5]' => 'Sgot: (20.5..32.0]'
c1 rule: 'Mcv: (84.25..90.5]', 'Alkphos: (73.5..92.75]', 'Drinks: (6.5..10.5]' => 'Sgot: (20.5..32.0]'
c1 rule: 'Mcv: (84.25..90.5]', 'Gammagt: (52.5..89.75]', not 'Alkphos: (-inf..54.25]' => 'Sgot: (20.5..32.0]'
c1 rule: 'Alkphos: (54.25..73.5]', 'Sgpt: (40.0..60.0]', 'Drinks: (6.5..10.5]' => 'Sgot: (20.5..32.0]'
c1 rule: 'Alkphos: (92.75..+inf)', 'Sgpt: (-inf..23.5]', 'Gammagt: (28.25..52.5]' => 'Sgot: (20.5..32.0]'
c1 rule: 'Sgpt: (60.0..+inf)', 'Gammagt: (52.5..89.75]', not 'Drinks: (2.75..6.5]' => 'Sgot: (20.5..32.0]'
c1 rule: 'Mcv: (90.5..96.75]', 'Sgpt: (23.5..40.0]', 'Gammagt: (52.5..89.75]' => 'Sgot: (20.5..32.0]'
c1 rule: 'Alkphos: (73.5..92.75]', 'Sgpt: (-inf..23.5]', 'Gammagt: (28.25..52.5]', not 'Mcv: (84.25..90.5]' => 'Sgot: (20.5..32.0]'
c1 rule: 'Mcv: (90.5..96.75]', 'Alkphos: (73.5..92.75]', 'Drinks: (-inf..2.75]', not 'Gammagt: (-inf..28.25]' => 'Sgot: (20.5..32.0]'
c1 rule: 'Alkphos: (73.5..92.75]', 'Gammagt: (-inf..28.25]', not 'Sgpt: (-inf..23.5]', not 'Drinks: (-inf..2.75]' => 'Sgot: (20.5..32.0]'
c1 rule: 'Mcv: (84.25..90.5]', 'Sgpt: (-inf..23.5]', 'Drinks: (6.5..10.5]', not 'Alkphos: (-inf..54.25]' => 'Sgot: (20.5..32.0]'
c1 rule: 'Mcv: (90.5..96.75]', 'Gammagt: (-inf..28.25]', 'Drinks: (6.5..10.5]', not 'Sgpt: (-inf..23.5]' => 'Sgot: (20.5..32.0]'
c1 rule: 'Mcv: (84.25..90.5]', 'Alkphos: (92.75..+inf)', not 'Gammagt: (-inf..28.25]', not 'Drinks: (2.75..6.5]' => 'Sgot: (20.5..32.0]'
c1 rule: 'Mcv: (84.25..90.5]', 'Alkphos: (54.25..73.5]', 'Sgpt: (-inf..23.5]', not 'Gammagt: (-inf..28.25]' => 'Sgot: (20.5..32.0]'
c1 rule: 'Alkphos: (73.5..92.75]', 'Sgpt: (23.5..40.0]', 'Drinks: (2.75..6.5]', not 'Mcv: (84.25..90.5]' => 'Sgot: (20.5..32.0]'
c1 rule: 'Mcv: (90.5..96.75]', 'Alkphos: (92.75..+inf)', 'Sgpt: (40.0..60.0]', 'Drinks: (2.75..6.5]' => 'Sgot: (20.5..32.0]'
c1 rule: 'Alkphos: (54.25..73.5]', 'Sgpt: (60.0..+inf)', 'Gammagt: (28.25..52.5]', not 'Mcv: (84.25..90.5]' => 'Sgot: (20.5..32.0]'
c1 rule: 'Alkphos: (73.5..92.75]', 'Gammagt: (28.25..52.5]', 'Drinks: (-inf..2.75]', not 'Sgpt: (-inf..23.5]' => 'Sgot: (20.5..32.0]'
c1 rule: 'Alkphos: (-inf..54.25]', 'Gammagt: (-inf..28.25]', 'Drinks: (-inf..2.75]', not 'Mcv: (90.5..96.75]', not 'Sgpt: (23.5..40.0]' => 'Sgot: (20.5..32.0]'
c1 rule: 'Gammagt: (-inf..28.25]', 'Drinks: (2.75..6.5]', not 'Mcv: (90.5..96.75]', not 'Alkphos: (92.75..+inf)', not 'Sgpt: (-inf..23.5]' => 'Sgot: (20.5..32.0]'
c1 rule: 'Alkphos: (54.25..73.5]', 'Sgpt: (23.5..40.0]', 'Gammagt: (28.25..52.5]', 'Drinks: (2.75..6.5]', not 'Mcv: (84.25..90.5]' => 'Sgot: (20.5..32.0]'
c1 # of rules: 43
c1 rule time: 0.0466

c1 computing class: (32.0..46.0]
c1 discrimination constraints: 147h
c1 coverage constraints: 28v+589h
c1 formula: 76v, 808c (760h+48s)
c1 enumerating rules (maxsat-based)
c1 rule: 'Sgpt: (40.0..60.0]', 'Drinks: (10.5..+inf)' => 'Sgot: (32.0..46.0]'
c1 rule: 'Drinks: (10.5..+inf)', not 'Alkphos: (54.25..73.5]' => 'Sgot: (32.0..46.0]'
c1 rule: 'Sgpt: (40.0..60.0]', 'Gammagt: (89.75..+inf)' => 'Sgot: (32.0..46.0]'
c1 rule: 'Mcv: (90.5..96.75]', 'Sgpt: (40.0..60.0]', 'Gammagt: (-inf..28.25]' => 'Sgot: (32.0..46.0]'
c1 rule: 'Mcv: (90.5..96.75]', 'Sgpt: (60.0..+inf)', 'Drinks: (-inf..2.75]' => 'Sgot: (32.0..46.0]'
c1 rule: 'Sgpt: (60.0..+inf)', 'Gammagt: (28.25..52.5]', not 'Drinks: (2.75..6.5]' => 'Sgot: (32.0..46.0]'
c1 rule: 'Alkphos: (-inf..54.25]', 'Gammagt: (89.75..+inf)', not 'Mcv: (90.5..96.75]' => 'Sgot: (32.0..46.0]'
c1 rule: 'Alkphos: (54.25..73.5]', 'Sgpt: (23.5..40.0]', 'Gammagt: (89.75..+inf)' => 'Sgot: (32.0..46.0]'
c1 rule: 'Mcv: (84.25..90.5]', 'Alkphos: (54.25..73.5]', 'Gammagt: (89.75..+inf)' => 'Sgot: (32.0..46.0]'
c1 rule: 'Sgpt: (40.0..60.0]', 'Gammagt: (52.5..89.75]', 'Drinks: (2.75..6.5]' => 'Sgot: (32.0..46.0]'
c1 rule: 'Mcv: (90.5..96.75]', 'Alkphos: (54.25..73.5]', 'Sgpt: (40.0..60.0]', 'Drinks: (2.75..6.5]' => 'Sgot: (32.0..46.0]'
c1 rule: 'Mcv: (90.5..96.75]', 'Alkphos: (92.75..+inf)', 'Sgpt: (23.5..40.0]', 'Drinks: (6.5..10.5]' => 'Sgot: (32.0..46.0]'
c1 rule: 'Mcv: (96.75..+inf)', 'Drinks: (6.5..10.5]', not 'Alkphos: (73.5..92.75]', not 'Gammagt: (28.25..52.5]' => 'Sgot: (32.0..46.0]'
c1 rule: 'Mcv: (90.5..96.75]', 'Alkphos: (54.25..73.5]', 'Sgpt: (60.0..+inf)', not 'Gammagt: (28.25..52.5]' => 'Sgot: (32.0..46.0]'
c1 rule: 'Mcv: (90.5..96.75]', 'Alkphos: (92.75..+inf)', 'Sgpt: (23.5..40.0]', 'Gammagt: (28.25..52.5]' => 'Sgot: (32.0..46.0]'
c1 # of rules: 15
c1 rule time: 0.0123

c1 computing class: (46.0..+inf)
c1 discrimination constraints: 164h
c1 coverage constraints: 11v+232h
c1 formula: 59v, 468c (420h+48s)
c1 enumerating rules (maxsat-based)
c1 rule: 'Alkphos: (92.75..+inf)', 'Sgpt: (60.0..+inf)' => 'Sgot: (46.0..+inf)'
c1 rule: 'Alkphos: (92.75..+inf)', 'Gammagt: (89.75..+inf)', 'Drinks: (2.75..6.5]' => 'Sgot: (46.0..+inf)'
c1 rule: 'Mcv: (84.25..90.5]', 'Sgpt: (60.0..+inf)', 'Drinks: (2.75..6.5]' => 'Sgot: (46.0..+inf)'
c1 rule: 'Mcv: (96.75..+inf)', 'Sgpt: (60.0..+inf)', not 'Drinks: (2.75..6.5]' => 'Sgot: (46.0..+inf)'
c1 rule: 'Mcv: (96.75..+inf)', 'Sgpt: (60.0..+inf)', not 'Alkphos: (-inf..54.25]' => 'Sgot: (46.0..+inf)'
c1 rule: 'Mcv: (96.75..+inf)', 'Gammagt: (89.75..+inf)', not 'Drinks: (2.75..6.5]' => 'Sgot: (46.0..+inf)'
c1 rule: 'Alkphos: (73.5..92.75]', 'Sgpt: (60.0..+inf)', 'Drinks: (2.75..6.5]' => 'Sgot: (46.0..+inf)'
c1 rule: 'Alkphos: (-inf..54.25]', 'Gammagt: (89.75..+inf)', not 'Mcv: (96.75..+inf)' => 'Sgot: (46.0..+inf)'
c1 rule: 'Alkphos: (73.5..92.75]', 'Sgpt: (40.0..60.0]', 'Drinks: (6.5..10.5]' => 'Sgot: (46.0..+inf)'
c1 # of rules: 9
c1 rule time: 0.0066

c2 total rules: 85

c0 computing feature 5
c1 computing class: (-inf..28.25]
c1 discrimination constraints: 102h
c1 coverage constraints: 73v+1534h
c1 formula: 121v, 1708c (1660h+48s)
c1 enumerating rules (maxsat-based)
c1 rule: 'Sgpt: (-inf..23.5]', 'Sgot: (32.0..46.0]' => 'Gammagt: (-inf..28.25]'
c1 rule: 'Drinks: (10.5..+inf)', not 'Sgot: (32.0..46.0]' => 'Gammagt: (-inf..28.25]'
c1 rule: 'Mcv: (-inf..84.25]', 'Alkphos: (73.5..92.75]', 'Drinks: (2.75..6.5]' => 'Gammagt: (-inf..28.25]'
c1 rule: 'Sgot: (-inf..20.5]', 'Drinks: (6.5..10.5]', not 'Mcv: (96.75..+inf)' => 'Gammagt: (-inf..28.25]'
c1 rule: 'Mcv: (84.25..90.5]', 'Alkphos: (73.5..92.75]', 'Drinks: (6.5..10.5]' => 'Gammagt: (-inf..28.25]'
c1 rule: 'Mcv: (84.25..90.5]', 'Drinks: (6.5..10.5]', not 'Sgot: (32.0..46.0]' => 'Gammagt: (-inf..28.25]'
c1 rule: 'Mcv: (-inf..84.25]', 'Drinks: (2.75..6.5]', not 'Alkphos: (54.25..73.5]' => 'Gammagt: (-inf..28.25]'
c1 rule: 'Mcv: (84.25..90.5]', 'Alkphos: (92.75..+inf)', not 'Sgpt: (23.5..40.0]' => 'Gammagt: (-inf..28.25]'
c1 rule: 'Mcv: (-inf..84.25]', 'Alkphos: (-inf..54.25]', not 'Sgot: (20.5..32.0]' => 'Gammagt: (-inf..28.25]'
c1 rule: 'Mcv: (-inf..84.25]', 'Sgpt: (-inf..23.5]', 'Drinks: (2.75..6.5]' => 'Gammagt: (-inf..28.25]'
c1 rule: 'Mcv: (-inf..84.25]', 'Sgpt: (-inf..23.5]', not 'Alkphos: (54.25..73.5]' => 'Gammagt: (-inf..28.25]'
c1 rule: 'Alkphos: (92.75..+inf)', 'Sgot: (32.0..46.0]', 'Drinks: (-inf..2.75]' => 'Gammagt: (-inf..28.25]'
c1 rule: 'Mcv: (96.75..+inf)', 'Alkphos: (54.25..73.5]', 'Drinks: (-inf..2.75]' => 'Gammagt: (-inf..28.25]'
c1 rule: 'Mcv: (96.75..+inf)', 'Drinks: (-inf..2.75]', not 'Sgot: (46.0..+inf)' => 'Gammagt: (-inf..28.25]'
c1 rule: 'Mcv: (96.75..+inf)', 'Alkphos: (54.25..73.5]', 'Sgpt: (-inf..23.5]' => 'Gammagt: (-inf..28.25]'
c1 rule: 'Mcv: (96.75..+inf)', 'Alkphos: (73.5..92.75]', 'Sgot: (20.5..32.0]' => 'Gammagt: (-inf..28.25]'
c1 rule: 'Mcv: (90.5..96.75]', 'Alkphos: (73.5..92.75]', 'Sgot: (-inf..20.5]' => 'Gammagt: (-inf..28.25]'
c1 rule: 'Alkphos: (-inf..54.25]', 'Sgpt: (40.0..60.0]', 'Drinks: (2.75..6.5]' => 'Gammagt: (-inf..28.25]'
c1 rule: 'Alkphos: (-inf..54.25]', 'Sgpt: (60.0..+inf)', not 'Drinks: (2.75..6.5]' => 'Gammagt: (-inf..28.25]'
c1 rule: 'Alkphos: (-inf..54.25]', 'Sgpt: (23.5..40.0]', 'Sgot: (32.0..46.0]' => 'Gammagt: (-inf..28.25]'
c1 rule: 'Alkphos: (-inf..54.25]', 'Sgpt: (23.5..40.0]', not 'Mcv: (84.25..90.5]', not 'Sgot: (20.5..32.0]' => 'Gammagt: (-inf..28.25]'
c1 rule: 'Mcv: (90.5..96.75]', 'Sgpt: (23.5..40.0]', 'Sgot: (-inf..20.5]', 'Drinks: (2.75..6.5]' => 'Gammagt: (-inf..28.25]'
c1 rule: 'Mcv: (84.25..90.5]', 'Alkphos: (-inf..54.25]', not 'Sgot: (20.5..32.0]', not 'Drinks: (-inf..2.75]' => 'Gammagt: (-inf..28.25]'
c1 rule: 'Alkphos: (-inf..54.25]', 'Drinks: (-inf..2.75]', not 'Mcv: (84.25..90.5]', not 'Sgot: (20.5..32.0]' => 'Gammagt: (-inf..28.25]'
c1 rule: 'Alkphos: (73.5..92.75]', 'Sgot: (20.5..32.0]', not 'Mcv: (90.5..96.75]', not 'Drinks: (-inf..2.75]' => 'Gammagt: (-inf..28.25]'
c1 rule: 'Alkphos: (73.5..92.75]', 'Sgpt: (-inf..23.5]', not 'Sgot: (-inf..20.5]', not 'Drinks: (-inf..2.75]' => 'Gammagt: (-inf..28.25]'
c1 rule: 'Mcv: (84.25..90.5]', 'Alkphos: (54.25..73.5]', 'Sgpt: (-inf..23.5]', not 'Drinks: (2.75..6.5]' => 'Gammagt: (-inf..28.25]'
c1 rule: 'Alkphos: (54.25..73.5]', 'Sgpt: (-inf..23.5]', 'Drinks: (-inf..2.75]', not 'Sgot: (-inf..20.5]' => 'Gammagt: (-inf..28.25]'
c1 rule: 'Alkphos: (54.25..73.5]', 'Sgpt: (-inf..23.5]', 'Drinks: (-inf..2.75]', not 'Mcv: (-inf..84.25]' => 'Gammagt: (-inf..28.25]'
c1 rule: 'Mcv: (84.25..90.5]', 'Alkphos: (54.25..73.5]', 'Sgpt: (-inf..23.5]', not 'Sgot: (20.5..32.0]' => 'Gammagt: (-inf..28.25]'
c1 rule: 'Mcv: (84.25..90.5]', 'Alkphos: (92.75..+inf)', 'Sgot: (-inf..20.5]', not 'Drinks: (2.75..6.5]' => 'Gammagt: (-inf..28.25]'
c1 rule: 'Alkphos: (-inf..54.25]', 'Sgpt: (-inf..23.5]', 'Sgot: (20.5..32.0]', not 'Mcv: (90.5..96.75]' => 'Gammagt: (-inf..28.25]'
c1 rule: 'Sgpt: (-inf..23.5]', 'Drinks: (2.75..6.5]', not 'Mcv: (84.25..90.5]', not 'Alkphos: (92.75..+inf)', not 'Sgot: (-inf..20.5]' => 'Gammagt: (-inf..28.25]'
c1 rule: 'Alkphos: (73.5..92.75]', 'Sgpt: (23.5..40.0]', 'Sgot: (-inf..20.5]', 'Drinks: (-inf..2.75]', not 'Mcv: (-inf..84.25]' => 'Gammagt: (-inf..28.25]'
c1 # of rules: 34
c1 rule time: 0.0363

c1 computing class: (28.25..52.5]
c1 discrimination constraints: 123h
c1 coverage constraints: 52v+1093h
c1 formula: 100v, 1288c (1240h+48s)
c1 enumerating rules (maxsat-based)
c1 rule: 'Sgpt: (40.0..60.0]', 'Sgot: (-inf..20.5]' => 'Gammagt: (28.25..52.5]'
c1 rule: 'Alkphos: (-inf..54.25]', 'Sgpt: (23.5..40.0]', 'Drinks: (6.5..10.5]' => 'Gammagt: (28.25..52.5]'
c1 rule: 'Alkphos: (54.25..73.5]', 'Sgpt: (40.0..60.0]', 'Drinks: (6.5..10.5]' => 'Gammagt: (28.25..52.5]'
c1 rule: 'Mcv: (96.75..+inf)', 'Alkphos: (54.25..73.5]', 'Sgpt: (40.0..60.0]' => 'Gammagt: (28.25..52.5]'
c1 rule: 'Alkphos: (73.5..92.75]', 'Sgot: (32.0..46.0]', 'Drinks: (6.5..10.5]' => 'Gammagt: (28.25..52.5]'
c1 rule: 'Mcv: (-inf..84.25]', 'Drinks: (6.5..10.5]', not 'Alkphos: (92.75..+inf)' => 'Gammagt: (28.25..52.5]'
c1 rule: 'Mcv: (-inf..84.25]', 'Alkphos: (-inf..54.25]', not 'Sgot: (-inf..20.5]' => 'Gammagt: (28.25..52.5]'
c1 rule: 'Mcv: (-inf..84.25]', 'Sgpt: (23.5..40.0]', 'Sgot: (20.5..32.0]' => 'Gammagt: (28.25..52.5]'
c1 rule: 'Mcv: (-inf..84.25]', 'Alkphos: (54.25..73.5]', 'Sgot: (20.5..32.0]' => 'Gammagt: (28.25..52.5]'
c1 rule: 'Alkphos: (54.25..73.5]', 'Sgot: (46.0..+inf)', not 'Mcv: (96.75..+inf)' => 'Gammagt: (28.25..52.5]'
c1 rule: 'Sgpt: (40.0..60.0]', 'Sgot: (46.0..+inf)', not 'Drinks: (6.5..10.5]' => 'Gammagt: (28.25..52.5]'
c1 rule: 'Alkphos: (-inf..54.25]', 'Sgpt: (40.0..60.0]', 'Drinks: (-inf..2.75]' => 'Gammagt: (28.25..52.5]'
c1 rule: 'Mcv: (-inf..84.25]', 'Sgpt: (40.0..60.0]', 'Sgot: (20.5..32.0]' => 'Gammagt: (28.25..52.5]'
c1 rule: 'Alkphos: (54.25..73.5]', 'Sgpt: (40.0..60.0]', 'Drinks: (2.75..6.5]' => 'Gammagt: (28.25..52.5]'
c1 rule: 'Alkphos: (92.75..+inf)', 'Sgpt: (40.0..60.0]', 'Sgot: (20.5..32.0]' => 'Gammagt: (28.25..52.5]'
c1 rule: 'Mcv: (90.5..96.75]', 'Sgpt: (40.0..60.0]', 'Drinks: (2.75..6.5]' => 'Gammagt: (28.25..52.5]'
c1 rule: 'Mcv: (96.75..+inf)', 'Alkphos: (92.75..+inf)', 'Sgot: (20.5..32.0]' => 'Gammagt: (28.25..52.5]'
c1 rule: 'Sgpt: (60.0..+inf)', 'Sgot: (20.5..32.0]', 'Drinks: (2.75..6.5]' => 'Gammagt: (28.25..52.5]'
c1 rule: 'Alkphos: (92.75..+inf)', 'Sgpt: (60.0..+inf)', not 'Drinks: (6.5..10.5]' => 'Gammagt: (28.25..52.5]'
c1 rule: 'Alkphos: (92.75..+inf)', 'Sgpt: (23.5..40.0]', 'Sgot: (32.0..46.0]', not 'Mcv: (84.25..90.5]' => 'Gammagt: (28.25..52.5]'
c1 rule: 'Mcv: (90.5..96.75]', 'Alkphos: (92.75..+inf)', 'Sgot: (20.5..32.0]', 'Drinks: (2.75..6.5]' => 'Gammagt: (28.25..52.5]'
c1 rule: 'Alkphos: (92.75..+inf)', 'Sgpt: (23.5..40.0]', 'Sgot: (20.5..32.0]', 'Drinks: (2.75..6.5]' => 'Gammagt: (28.25..52.5]'
c1 rule: 'Mcv: (90.5..96.75]', 'Sgpt: (40.0..60.0]', 'Drinks: (-inf..2.75]', not 'Sgot: (32.0..46.0]' => 'Gammagt: (28.25..52.5]'
c1 rule: 'Mcv: (-inf..84.25]', 'Alkphos: (54.25..73.5]', 'Sgpt: (23.5..40.0]', not 'Drinks: (2.75..6.5]' => 'Gammagt: (28.25..52.5]'
c1 rule: 'Mcv: (90.5..96.75]', 'Alkphos: (-inf..54.25]', 'Sgpt: (23.5..40.0]', not 'Sgot: (-inf..20.5]' => 'Gammagt: (28.25..52.5]'
c1 rule: 'Alkphos: (54.25..73.5]', 'Sgot: (32.0..46.0]', 'Drinks: (-inf..2.75]', not 'Mcv: (90.5..96.75]' => 'Gammagt: (28.25..52.5]'
c1 rule: 'Alkphos: (73.5..92.75]', 'Sgpt: (23.5..40.0]', 'Drinks: (2.75..6.5]', not 'Sgot: (20.5..32.0]' => 'Gammagt: (28.25..52.5]'
c1 rule: 'Mcv: (96.75..+inf)', 'Alkphos: (54.25..73.5]', 'Sgot: (20.5..32.0]', 'Drinks: (6.5..10.5]' => 'Gammagt: (28.25..52.5]'
c1 rule: 'Mcv: (84.25..90.5]', 'Sgpt: (23.5..40.0]', 'Sgot: (-inf..20.5]', 'Drinks: (2.75..6.5]', not 'Alkphos: (92.75..+inf)' => 'Gammagt: (28.25..52.5]'
c1 rule: 'Alkphos: (-inf..54.25]', 'Drinks: (-inf..2.75]', not 'Mcv: (90.5..96.75]', not 'Sgpt: (23.5..40.0]', not 'Sgot: (20.5..32.0]' => 'Gammagt: (28.25..52.5]'
c1 # of rules: 30
c1 rule time: 0.0320

c1 computing class: (52.5..89.75]
c1 discrimination constraints: 148h
c1 coverage constraints: 27v+568h
c1 formula: 75v, 788c (740h+48s)
c1 enumerating rules (maxsat-based)
c1 rule: 'Drinks: (10.5..+inf)', not 'Mcv: (90.5..96.75]' => 'Gammagt: (52.5..89.75]'
c1 rule: 'Mcv: (96.75..+inf)', 'Sgot: (-inf..20.5]', not 'Alkphos: (54.25..73.5]' => 'Gammagt: (52.5..89.75]'
c1 rule: 'Alkphos: (73.5..92.75]', 'Sgpt: (60.0..+inf)', 'Drinks: (2.75..6.5]' => 'Gammagt: (52.5..89.75]'
c1 rule: 'Alkphos: (73.5..92.75]', 'Sgpt: (60.0..+inf)', 'Sgot: (20.5..32.0]' => 'Gammagt: (52.5..89.75]'
c1 rule: 'Alkphos: (73.5..92.75]', 'Sgpt: (40.0..60.0]', 'Drinks: (6.5..10.5]' => 'Gammagt: (52.5..89.75]'
c1 rule: 'Alkphos: (-inf..54.25]', 'Sgpt: (40.0..60.0]', 'Drinks: (6.5..10.5]' => 'Gammagt: (52.5..89.75]'
c1 rule: 'Mcv: (96.75..+inf)', 'Alkphos: (-inf..54.25]', not 'Sgpt: (60.0..+inf)' => 'Gammagt: (52.5..89.75]'
c1 rule: 'Mcv: (96.75..+inf)', 'Sgot: (32.0..46.0]', not 'Drinks: (2.75..6.5]' => 'Gammagt: (52.5..89.75]'
c1 rule: 'Mcv: (96.75..+inf)', 'Alkphos: (92.75..+inf)', not 'Sgpt: (23.5..40.0]' => 'Gammagt: (52.5..89.75]'
c1 rule: 'Mcv: (84.25..90.5]', 'Alkphos: (54.25..73.5]', 'Sgpt: (40.0..60.0]' => 'Gammagt: (52.5..89.75]'
c1 rule: 'Mcv: (-inf..84.25]', 'Sgpt: (23.5..40.0]', 'Sgot: (32.0..46.0]' => 'Gammagt: (52.5..89.75]'
c1 rule: 'Mcv: (-inf..84.25]', 'Sgpt: (23.5..40.0]', 'Drinks: (2.75..6.5]' => 'Gammagt: (52.5..89.75]'
c1 rule: 'Alkphos: (92.75..+inf)', 'Sgpt: (23.5..40.0]', 'Drinks: (-inf..2.75]', not 'Mcv: (84.25..90.5]' => 'Gammagt: (52.5..89.75]'
c1 rule: 'Mcv: (96.75..+inf)', 'Sgpt: (23.5..40.0]', not 'Alkphos: (92.75..+inf)', not 'Drinks: (6.5..10.5]' => 'Gammagt: (52.5..89.75]'
c1 rule: 'Sgpt: (60.0..+inf)', 'Sgot: (32.0..46.0]', 'Drinks: (2.75..6.5]', not 'Alkphos: (-inf..54.25]' => 'Gammagt: (52.5..89.75]'
c1 # of rules: 15
c1 rule time: 0.0137

c1 computing class: (89.75..+inf)
c1 discrimination constraints: 152h
c1 coverage constraints: 23v+484h
c1 formula: 71v, 708c (660h+48s)
c1 enumerating rules (maxsat-based)
c1 rule: 'Sgot: (46.0..+inf)', 'Drinks: (-inf..2.75]' => 'Gammagt: (89.75..+inf)'
c1 rule: 'Mcv: (96.75..+inf)', 'Sgot: (46.0..+inf)' => 'Gammagt: (89.75..+inf)'
c1 rule: 'Mcv: (96.75..+inf)', 'Sgpt: (60.0..+inf)' => 'Gammagt: (89.75..+inf)'
c1 rule: 'Sgpt: (23.5..40.0]', 'Sgot: (46.0..+inf)' => 'Gammagt: (89.75..+inf)'
c1 rule: 'Sgpt: (60.0..+inf)', 'Drinks: (10.5..+inf)' => 'Gammagt: (89.75..+inf)'
c1 rule: 'Alkphos: (-inf..54.25]', 'Sgot: (46.0..+inf)' => 'Gammagt: (89.75..+inf)'
c1 rule: 'Alkphos: (73.5..92.75]', 'Sgot: (32.0..46.0]', 'Drinks: (2.75..6.5]' => 'Gammagt: (89.75..+inf)'
c1 rule: 'Sgpt: (60.0..+inf)', 'Sgot: (32.0..46.0]', not 'Mcv: (90.5..96.75]' => 'Gammagt: (89.75..+inf)'
c1 rule: 'Sgpt: (60.0..+inf)', 'Sgot: (32.0..46.0]', 'Drinks: (-inf..2.75]' => 'Gammagt: (89.75..+inf)'
c1 rule: 'Sgpt: (60.0..+inf)', 'Sgot: (46.0..+inf)', not 'Drinks: (2.75..6.5]' => 'Gammagt: (89.75..+inf)'
c1 rule: 'Mcv: (84.25..90.5]', 'Sgot: (32.0..46.0]', not 'Drinks: (-inf..2.75]' => 'Gammagt: (89.75..+inf)'
c1 rule: 'Sgot: (32.0..46.0]', 'Drinks: (10.5..+inf)', not 'Sgpt: (40.0..60.0]' => 'Gammagt: (89.75..+inf)'
c1 rule: 'Mcv: (90.5..96.75]', 'Sgot: (32.0..46.0]', 'Drinks: (10.5..+inf)' => 'Gammagt: (89.75..+inf)'
c1 rule: 'Alkphos: (73.5..92.75]', 'Sgot: (32.0..46.0]', 'Drinks: (-inf..2.75]' => 'Gammagt: (89.75..+inf)'
c1 rule: 'Mcv: (-inf..84.25]', 'Alkphos: (73.5..92.75]', not 'Sgot: (20.5..32.0]' => 'Gammagt: (89.75..+inf)'
c1 rule: 'Alkphos: (92.75..+inf)', 'Sgpt: (40.0..60.0]', 'Drinks: (6.5..10.5]' => 'Gammagt: (89.75..+inf)'
c1 rule: 'Mcv: (90.5..96.75]', 'Sgpt: (23.5..40.0]', 'Sgot: (32.0..46.0]', not 'Alkphos: (92.75..+inf)' => 'Gammagt: (89.75..+inf)'
c1 rule: 'Mcv: (90.5..96.75]', 'Sgpt: (-inf..23.5]', 'Sgot: (20.5..32.0]', 'Drinks: (6.5..10.5]' => 'Gammagt: (89.75..+inf)'
c1 # of rules: 18
c1 rule time: 0.0117

c2 total rules: 97

c0 computing feature 6
c1 computing class: (-inf..2.75]
c1 discrimination constraints: 104h
c1 coverage constraints: 71v+1492h
c1 formula: 119v, 1668c (1620h+48s)
c1 enumerating rules (maxsat-based)
c1 rule: 'Sgpt: (40.0..60.0]', 'Sgot: (-inf..20.5]' => 'Drinks: (-inf..2.75]'
c1 rule: 'Mcv: (-inf..84.25]', 'Alkphos: (-inf..54.25]' => 'Drinks: (-inf..2.75]'
c1 rule: 'Mcv: (-inf..84.25]', 'Gammagt: (89.75..+inf)' => 'Drinks: (-inf..2.75]'
c1 rule: 'Sgpt: (-inf..23.5]', 'Sgot: (32.0..46.0]' => 'Drinks: (-inf..2.75]'
c1 rule: 'Sgot: (32.0..46.0]', 'Gammagt: (-inf..28.25]' => 'Drinks: (-inf..2.75]'
c1 rule: 'Alkphos: (73.5..92.75]', 'Sgpt: (60.0..+inf)', not 'Mcv: (90.5..96.75]' => 'Drinks: (-inf..2.75]'
c1 rule: 'Sgpt: (60.0..+inf)', 'Sgot: (20.5..32.0]', not 'Mcv: (90.5..96.75]' => 'Drinks: (-inf..2.75]'
c1 rule: 'Mcv: (84.25..90.5]', 'Sgot: (32.0..46.0]', not 'Gammagt: (89.75..+inf)' => 'Drinks: (-inf..2.75]'
c1 rule: 'Alkphos: (-inf..54.25]', 'Sgpt: (-inf..23.5]', not 'Sgot: (-inf..20.5]' => 'Drinks: (-inf..2.75]'
c1 rule: 'Alkphos: (-inf..54.25]', 'Sgot: (-inf..20.5]', not 'Sgpt: (-inf..23.5]' => 'Drinks: (-inf..2.75]'
c1 rule: 'Alkphos: (-inf..54.25]', 'Gammagt: (28.25..52.5]', not 'Sgpt: (23.5..40.0]' => 'Drinks: (-inf..2.75]'
c1 rule: 'Mcv: (84.25..90.5]', 'Gammagt: (52.5..89.75]', not 'Sgpt: (23.5..40.0]' => 'Drinks: (-inf..2.75]'
c1 rule: 'Mcv: (96.75..+inf)', 'Sgpt: (-inf..23.5]', not 'Sgot: (-inf..20.5]' => 'Drinks: (-inf..2.75]'
c1 rule: 'Mcv: (-inf..84.25]', 'Alkphos: (73.5..92.75]', not 'Gammagt: (-inf..28.25]' => 'Drinks: (-inf..2.75]'
c1 rule: 'Mcv: (-inf..84.25]', 'Sgpt: (23.5..40.0]', 'Gammagt: (28.25..52.5]' => 'Drinks: (-inf..2.75]'
c1 rule: 'Mcv: (-inf..84.25]', 'Gammagt: (52.5..89.75]', not 'Sgpt: (23.5..40.0]' => 'Drinks: (-inf..2.75]'
c1 rule: 'Alkphos: (73.5..92.75]', 'Sgpt: (-inf..23.5]', 'Gammagt: (28.25..52.5]' => 'Drinks: (-inf..2.75]'
c1 rule: 'Mcv: (84.25..90.5]', 'Sgpt: (40.0..60.0]', 'Gammagt: (28.25..52.5]' => 'Drinks: (-inf..2.75]'
c1 rule: 'Alkphos: (92.75..+inf)', 'Sgot: (20.5..32.0]', 'Gammagt: (52.5..89.75]' => 'Drinks: (-inf..2.75]'
c1 rule: 'Alkphos: (92.75..+inf)', 'Gammagt: (52.5..89.75]', not 'Mcv: (96.75..+inf)' => 'Drinks: (-inf..2.75]'
c1 rule: 'Alkphos: (92.75..+inf)', 'Sgot: (20.5..32.0]', not 'Sgpt: (-inf..23.5]', not 'Gammagt: (28.25..52.5]' => 'Drinks: (-inf..2.75]'
c1 rule: 'Alkphos: (73.5..92.75]', 'Sgot: (20.5..32.0]', not 'Mcv: (90.5..96.75]', not 'Gammagt: (-inf..28.25]' => 'Drinks: (-inf..2.75]'
c1 rule: 'Alkphos: (73.5..92.75]', 'Gammagt: (-inf..28.25]', not 'Sgpt: (-inf..23.5]', not 'Sgot: (20.5..32.0]' => 'Drinks: (-inf..2.75]'
c1 rule: 'Sgpt: (23.5..40.0]', 'Sgot: (-inf..20.5]', 'Gammagt: (28.25..52.5]', not 'Mcv: (84.25..90.5]' => 'Drinks: (-inf..2.75]'
c1 rule: 'Mcv: (90.5..96.75]', 'Alkphos: (54.25..73.5]', 'Sgpt: (60.0..+inf)', 'Gammagt: (89.75..+inf)' => 'Drinks: (-inf..2.75]'
c1 # of rules: 25
c1 rule time: 0.0332

c1 computing class: (10.5..+inf)
c1 discrimination constraints: 168h
c1 coverage constraints: 7v+148h
c1 formula: 55v, 388c (340h+48s)
c1 enumerating rules (maxsat-based)
c1 rule: 'Mcv: (90.5..96.75]', 'Alkphos: (73.5..92.75]', 'Gammagt: (89.75..+inf)' => 'Drinks: (10.5..+inf)'
c1 rule: 'Alkphos: (73.5..92.75]', 'Sgot: (32.0..46.0]', 'Gammagt: (52.5..89.75]' => 'Drinks: (10.5..+inf)'
c1 rule: 'Alkphos: (54.25..73.5]', 'Sgpt: (40.0..60.0]', 'Gammagt: (89.75..+inf)' => 'Drinks: (10.5..+inf)'
c1 # of rules: 3
c1 rule time: 0.0033

c1 computing class: (2.75..6.5]
c1 discrimination constraints: 108h
c1 coverage constraints: 67v+1408h
c1 formula: 115v, 1588c (1540h+48s)
c1 enumerating rules (maxsat-based)
c1 rule: 'Alkphos: (54.25..73.5]', 'Sgot: (46.0..+inf)' => 'Drinks: (2.75..6.5]'
c1 rule: 'Alkphos: (-inf..54.25]', 'Gammagt: (89.75..+inf)' => 'Drinks: (2.75..6.5]'
c1 rule: 'Mcv: (84.25..90.5]', 'Sgot: (46.0..+inf)' => 'Drinks: (2.75..6.5]'
c1 rule: 'Sgot: (46.0..+inf)', 'Gammagt: (28.25..52.5]' => 'Drinks: (2.75..6.5]'
c1 rule: 'Mcv: (96.75..+inf)', 'Alkphos: (-inf..54.25]' => 'Drinks: (2.75..6.5]'
c1 rule: 'Alkphos: (54.25..73.5]', 'Sgpt: (23.5..40.0]', 'Gammagt: (89.75..+inf)' => 'Drinks: (2.75..6.5]'
c1 rule: 'Mcv: (-inf..84.25]', 'Sgpt: (23.5..40.0]', 'Sgot: (32.0..46.0]' => 'Drinks: (2.75..6.5]'
c1 rule: 'Mcv: (84.25..90.5]', 'Sgpt: (40.0..60.0]', 'Sgot: (32.0..46.0]' => 'Drinks: (2.75..6.5]'
c1 rule: 'Mcv: (96.75..+inf)', 'Alkphos: (54.25..73.5]', 'Sgpt: (40.0..60.0]' => 'Drinks: (2.75..6.5]'
c1 rule: 'Mcv: (96.75..+inf)', 'Sgpt: (40.0..60.0]', not 'Gammagt: (52.5..89.75]' => 'Drinks: (2.75..6.5]'
c1 rule: 'Mcv: (96.75..+inf)', 'Sgot: (20.5..32.0]', 'Gammagt: (52.5..89.75]' => 'Drinks: (2.75..6.5]'
c1 rule: 'Sgpt: (40.0..60.0]', 'Gammagt: (-inf..28.25]', not 'Alkphos: (92.75..+inf)' => 'Drinks: (2.75..6.5]'
c1 rule: 'Mcv: (-inf..84.25]', 'Alkphos: (54.25..73.5]', 'Sgpt: (40.0..60.0]' => 'Drinks: (2.75..6.5]'
c1 rule: 'Sgpt: (40.0..60.0]', 'Sgot: (32.0..46.0]', 'Gammagt: (28.25..52.5]' => 'Drinks: (2.75..6.5]'
c1 rule: 'Alkphos: (92.75..+inf)', 'Sgpt: (-inf..23.5]', 'Gammagt: (28.25..52.5]' => 'Drinks: (2.75..6.5]'
c1 rule: 'Mcv: (-inf..84.25]', 'Alkphos: (92.75..+inf)', 'Sgpt: (-inf..23.5]' => 'Drinks: (2.75..6.5]'
c1 rule: 'Sgpt: (60.0..+inf)', 'Gammagt: (28.25..52.5]', not 'Sgot: (32.0..46.0]' => 'Drinks: (2.75..6.5]'
c1 rule: 'Alkphos: (92.75..+inf)', 'Sgpt: (40.0..60.0]', 'Sgot: (20.5..32.0]' => 'Drinks: (2.75..6.5]'
c1 rule: 'Mcv: (96.75..+inf)', 'Alkphos: (92.75..+inf)', 'Sgot: (-inf..20.5]' => 'Drinks: (2.75..6.5]'
c1 rule: 'Mcv: (90.5..96.75]', 'Sgot: (32.0..46.0]', 'Gammagt: (52.5..89.75]' => 'Drinks: (2.75..6.5]'
c1 rule: 'Mcv: (-inf..84.25]', 'Gammagt: (52.5..89.75]', not 'Sgpt: (-inf..23.5]' => 'Drinks: (2.75..6.5]'
c1 rule: 'Sgot: (-inf..20.5]', 'Gammagt: (89.75..+inf)', not 'Sgpt: (23.5..40.0]' => 'Drinks: (2.75..6.5]'
c1 rule: 'Sgpt: (60.0..+inf)', 'Gammagt: (52.5..89.75]', not 'Sgot: (20.5..32.0]' => 'Drinks: (2.75..6.5]'
c1 rule: 'Alkphos: (-inf..54.25]', 'Sgpt: (-inf..23.5]', 'Gammagt: (52.5..89.75]' => 'Drinks: (2.75..6.5]'
c1 rule: 'Sgpt: (23.5..40.0]', 'Sgot: (20.5..32.0]', 'Gammagt: (52.5..89.75]', not 'Mcv: (90.5..96.75]' => 'Drinks: (2.75..6.5]'
c1 rule: 'Alkphos: (54.25..73.5]', 'Sgot: (-inf..20.5]', 'Gammagt: (52.5..89.75]', not 'Mcv: (-inf..84.25]' => 'Drinks: (2.75..6.5]'
c1 rule: 'Sgpt: (-inf..23.5]', 'Gammagt: (28.25..52.5]', not 'Mcv: (84.25..90.5]', not 'Sgot: (20.5..32.0]' => 'Drinks: (2.75..6.5]'
c1 rule: 'Mcv: (84.25..90.5]', 'Alkphos: (54.25..73.5]', 'Gammagt: (28.25..52.5]', not 'Sgpt: (23.5..40.0]' => 'Drinks: (2.75..6.5]'
c1 rule: 'Sgpt: (23.5..40.0]', 'Sgot: (-inf..20.5]', 'Gammagt: (28.25..52.5]', not 'Alkphos: (54.25..73.5]' => 'Drinks: (2.75..6.5]'
c1 rule: 'Mcv: (90.5..96.75]', 'Alkphos: (92.75..+inf)', 'Sgpt: (23.5..40.0]', 'Gammagt: (-inf..28.25]' => 'Drinks: (2.75..6.5]'
c1 rule: 'Mcv: (90.5..96.75]', 'Alkphos: (73.5..92.75]', 'Sgpt: (40.0..60.0]', not 'Gammagt: (52.5..89.75]' => 'Drinks: (2.75..6.5]'
c1 # of rules: 31
c1 rule time: 0.0354

c1 computing class: (6.5..10.5]
c1 discrimination constraints: 145h
c1 coverage constraints: 30v+631h
c1 formula: 78v, 848c (800h+48s)
c1 enumerating rules (maxsat-based)
c1 rule: 'Sgot: (20.5..32.0]', 'Gammagt: (89.75..+inf)' => 'Drinks: (6.5..10.5]'
c1 rule: 'Sgpt: (60.0..+inf)', 'Sgot: (20.5..32.0]', not 'Alkphos: (54.25..73.5]' => 'Drinks: (6.5..10.5]'
c1 rule: 'Sgpt: (23.5..40.0]', 'Sgot: (46.0..+inf)', not 'Alkphos: (92.75..+inf)' => 'Drinks: (6.5..10.5]'
c1 rule: 'Sgot: (46.0..+inf)', 'Gammagt: (52.5..89.75]', not 'Sgpt: (60.0..+inf)' => 'Drinks: (6.5..10.5]'
c1 rule: 'Mcv: (90.5..96.75]', 'Sgpt: (40.0..60.0]', 'Gammagt: (52.5..89.75]' => 'Drinks: (6.5..10.5]'
c1 rule: 'Alkphos: (73.5..92.75]', 'Sgpt: (-inf..23.5]', 'Gammagt: (52.5..89.75]' => 'Drinks: (6.5..10.5]'
c1 rule: 'Alkphos: (92.75..+inf)', 'Sgpt: (60.0..+inf)', not 'Gammagt: (28.25..52.5]' => 'Drinks: (6.5..10.5]'
c1 rule: 'Sgpt: (60.0..+inf)', 'Sgot: (32.0..46.0]', 'Gammagt: (28.25..52.5]' => 'Drinks: (6.5..10.5]'
c1 rule: 'Mcv: (96.75..+inf)', 'Gammagt: (-inf..28.25]', not 'Sgpt: (-inf..23.5]' => 'Drinks: (6.5..10.5]'
c1 rule: 'Mcv: (-inf..84.25]', 'Sgpt: (-inf..23.5]', 'Gammagt: (28.25..52.5]' => 'Drinks: (6.5..10.5]'
c1 rule: 'Mcv: (96.75..+inf)', 'Sgpt: (23.5..40.0]', not 'Sgot: (20.5..32.0]' => 'Drinks: (6.5..10.5]'
c1 rule: 'Mcv: (84.25..90.5]', 'Sgpt: (60.0..+inf)', 'Sgot: (32.0..46.0]' => 'Drinks: (6.5..10.5]'
c1 rule: 'Mcv: (-inf..84.25]', 'Alkphos: (92.75..+inf)', 'Sgpt: (23.5..40.0]' => 'Drinks: (6.5..10.5]'
c1 rule: 'Mcv: (96.75..+inf)', 'Alkphos: (54.25..73.5]', 'Gammagt: (28.25..52.5]', not 'Sgpt: (40.0..60.0]' => 'Drinks: (6.5..10.5]'
c1 # of rules: 14
c1 rule time: 0.0150

c2 total rules: 73
c3 total time: 0.8413

Rules are saved to ../rules/size/q4_bupa_train3.csv_size5.json