c0 # of samps: 81 (48 weighted)
c0 # of feats: 16 (20 binary)
c0 # of labls: 7
c0 parse time: 0.3041


c0 computing feature 1
c1 computing class: 0
c1 discrimination constraints: 18h
c1 coverage constraints: 30v+601h
c1 formula: 72v, 682c (640h+42s)
c1 enumerating rules (maxsat-based)
c1 rule: 'legs: (4.0..5.0]' => 'hair: 0'
c1 rule: not 'feathers: 0' => 'hair: 0'
c1 rule: 'legs: (6.0..+inf)' => 'hair: 0'
c1 rule: 'breathes: 0' => 'hair: 0'
c1 rule: 'backbone: 0', not 'predator: 0' => 'hair: 0'
c1 rule: 'milk: 0', not 'predator: 0' => 'hair: 0'
c1 rule: 'milk: 0', not 'backbone: 0' => 'hair: 0'
c1 rule: 'milk: 0', 'airborne: 0' => 'hair: 0'
c1 # of rules: 8
c1 rule time: 0.0046

c1 computing class: 1
c1 discrimination constraints: 30h
c1 coverage constraints: 18v+361h
c1 formula: 60v, 454c (412h+42s)
c1 enumerating rules (maxsat-based)
c1 rule: 'legs: (5.0..6.0]', not 'venomous: 0' => 'hair: 1'
c1 rule: not 'airborne: 0', not 'toothed: 0' => 'hair: 1'
c1 rule: 'eggs: 0', 'predator: 0' => 'hair: 1'
c1 rule: 'eggs: 0', 'catsize: 0' => 'hair: 1'
c1 rule: not 'eggs: 0', not 'milk: 0' => 'hair: 1'
c1 rule: 'fins: 0', not 'milk: 0' => 'hair: 1'
c1 rule: 'eggs: 0', 'tail: 0' => 'hair: 1'
c1 rule: 'feathers: 0', 'predator: 0', not 'airborne: 0' => 'hair: 1'
c1 # of rules: 8
c1 rule time: 0.0038

c2 total rules: 16

c0 computing feature 2
c1 computing class: 0
c1 discrimination constraints: 10h
c1 coverage constraints: 38v+761h
c1 formula: 80v, 834c (792h+42s)
c1 enumerating rules (maxsat-based)
c1 rule: 'eggs: 0' => 'feathers: 0'
c1 rule: 'tail: 0' => 'feathers: 0'
c1 rule: not 'toothed: 0' => 'feathers: 0'
c1 rule: 'legs: (2.0..4.0]' => 'feathers: 0'
c1 # of rules: 4
c1 rule time: 0.0029

c1 computing class: 1
c1 discrimination constraints: 38h
c1 coverage constraints: 10v+201h
c1 formula: 52v, 302c (260h+42s)
c1 enumerating rules (maxsat-based)
c1 rule: not 'airborne: 0', not 'aquatic: 0' => 'feathers: 1'
c1 rule: 'toothed: 0', 'legs: (-inf..2.0]', not 'backbone: 0' => 'feathers: 1'
c1 # of rules: 2
c1 rule time: 0.0020

c2 total rules: 6

c0 computing feature 3
c1 computing class: 0
c1 discrimination constraints: 33h
c1 coverage constraints: 15v+301h
c1 formula: 57v, 397c (355h+42s)
c1 enumerating rules (maxsat-based)
c1 rule: 'legs: (2.0..4.0]', not 'domestic: 0' => 'eggs: 0'
c1 rule: 'catsize: 0', not 'milk: 0' => 'eggs: 0'
c1 rule: 'tail: 0', not 'milk: 0' => 'eggs: 0'
c1 rule: not 'milk: 0', not 'legs: (2.0..4.0]' => 'eggs: 0'
c1 rule: 'predator: 0', not 'milk: 0' => 'eggs: 0'
c1 rule: 'aquatic: 0', not 'milk: 0' => 'eggs: 0'
c1 rule: not 'hair: 0', not 'toothed: 0' => 'eggs: 0'
c1 # of rules: 7
c1 rule time: 0.0030

c1 computing class: 1
c1 discrimination constraints: 15h
c1 coverage constraints: 33v+661h
c1 formula: 75v, 739c (697h+42s)
c1 enumerating rules (maxsat-based)
c1 rule: 'breathes: 0' => 'eggs: 1'
c1 rule: not 'venomous: 0' => 'eggs: 1'
c1 rule: 'legs: (5.0..6.0]' => 'eggs: 1'
c1 rule: 'toothed: 0' => 'eggs: 1'
c1 # of rules: 4
c1 rule time: 0.0028

c2 total rules: 11

c0 computing feature 4
c1 computing class: 0
c1 discrimination constraints: 16h
c1 coverage constraints: 32v+641h
c1 formula: 74v, 720c (678h+42s)
c1 enumerating rules (maxsat-based)
c1 # of rules: 0
c1 rule time: 0.0016

c1 computing class: 1
c1 discrimination constraints: 32h
c1 coverage constraints: 16v+321h
c1 formula: 58v, 416c (374h+42s)
c1 enumerating rules (maxsat-based)
c1 rule: 'eggs: 0' => 'milk: 1'
c1 # of rules: 1
c1 rule time: 0.0012

c2 total rules: 1

c0 computing feature 5
c1 computing class: 0
c1 discrimination constraints: 12h
c1 coverage constraints: 36v+721h
c1 formula: 78v, 796c (754h+42s)
c1 enumerating rules (maxsat-based)
c1 rule: 'legs: (2.0..4.0]' => 'airborne: 0'
c1 rule: 'breathes: 0' => 'airborne: 0'
c1 rule: 'tail: 0', not 'backbone: 0' => 'airborne: 0'
c1 rule: 'feathers: 0', not 'catsize: 0' => 'airborne: 0'
c1 rule: not 'predator: 0', not 'catsize: 0' => 'airborne: 0'
c1 # of rules: 5
c1 rule time: 0.0000

c1 computing class: 1
c1 discrimination constraints: 36h
c1 coverage constraints: 12v+241h
c1 formula: 54v, 340c (298h+42s)
c1 enumerating rules (maxsat-based)
c1 rule: 'catsize: 0', not 'feathers: 0' => 'airborne: 1'
c1 rule: 'aquatic: 0', 'legs: (5.0..6.0]', not 'predator: 0' => 'airborne: 1'
c1 rule: 'predator: 0', 'fins: 0', not 'aquatic: 0' => 'airborne: 1'
c1 rule: 'catsize: 0', not 'hair: 0', not 'legs: (2.0..4.0]' => 'airborne: 1'
c1 # of rules: 4
c1 rule time: 0.0022

c2 total rules: 9

c0 computing feature 6
c1 computing class: 0
c1 discrimination constraints: 20h
c1 coverage constraints: 28v+561h
c1 formula: 70v, 644c (602h+42s)
c1 enumerating rules (maxsat-based)
c1 rule: 'catsize: 0', not 'milk: 0' => 'aquatic: 0'
c1 rule: 'backbone: 0', 'legs: (-inf..2.0]' => 'aquatic: 0'
c1 rule: not 'feathers: 0', not 'domestic: 0' => 'aquatic: 0'
c1 rule: 'eggs: 0', 'tail: 0', not 'legs: (-inf..2.0]' => 'aquatic: 0'
c1 rule: 'feathers: 0', 'fins: 0', 'legs: (-inf..2.0]' => 'aquatic: 0'
c1 # of rules: 5
c1 rule time: 0.0037

c1 computing class: 1
c1 discrimination constraints: 28h
c1 coverage constraints: 20v+401h
c1 formula: 62v, 492c (450h+42s)
c1 enumerating rules (maxsat-based)
c1 rule: 'legs: (4.0..5.0]' => 'aquatic: 1'
c1 rule: 'legs: (6.0..+inf)' => 'aquatic: 1'
c1 rule: not 'fins: 0' => 'aquatic: 1'
c1 rule: 'legs: (2.0..4.0]', not 'venomous: 0' => 'aquatic: 1'
c1 rule: 'tail: 0', not 'eggs: 0', not 'toothed: 0' => 'aquatic: 1'
c1 # of rules: 5
c1 rule time: 0.0032

c2 total rules: 10

c0 computing feature 7
c1 computing class: 0
c1 discrimination constraints: 26h
c1 coverage constraints: 22v+441h
c1 formula: 64v, 530c (488h+42s)
c1 enumerating rules (maxsat-based)
c1 rule: not 'domestic: 0' => 'predator: 0'
c1 rule: not 'hair: 0', not 'airborne: 0' => 'predator: 0'
c1 rule: 'aquatic: 0', 'toothed: 0', 'legs: (2.0..4.0]' => 'predator: 0'
c1 rule: 'fins: 0', not 'milk: 0', not 'legs: (2.0..4.0]' => 'predator: 0'
c1 rule: 'airborne: 0', 'backbone: 0', not 'breathes: 0' => 'predator: 0'
c1 # of rules: 5
c1 rule time: 0.0046

c1 computing class: 1
c1 discrimination constraints: 22h
c1 coverage constraints: 26v+521h
c1 formula: 68v, 606c (564h+42s)
c1 enumerating rules (maxsat-based)
c1 rule: not 'backbone: 0', not 'venomous: 0' => 'predator: 1'
c1 rule: 'breathes: 0', 'fins: 0' => 'predator: 1'
c1 rule: not 'hair: 0', not 'aquatic: 0' => 'predator: 1'
c1 rule: not 'fins: 0', not 'catsize: 0' => 'predator: 1'
c1 rule: 'legs: (2.0..4.0]', 'tail: 0', 'domestic: 0' => 'predator: 1'
c1 rule: 'aquatic: 0', not 'eggs: 0', not 'toothed: 0' => 'predator: 1'
c1 # of rules: 6
c1 rule time: 0.0040

c2 total rules: 11

c0 computing feature 8
c1 computing class: 0
c1 discrimination constraints: 26h
c1 coverage constraints: 22v+441h
c1 formula: 64v, 530c (488h+42s)
c1 enumerating rules (maxsat-based)
c1 rule: 'legs: (6.0..+inf)' => 'toothed: 0'
c1 rule: 'backbone: 0' => 'toothed: 0'
c1 # of rules: 2
c1 rule time: 0.0021

c1 computing class: 1
c1 discrimination constraints: 22h
c1 coverage constraints: 26v+521h
c1 formula: 68v, 606c (564h+42s)
c1 enumerating rules (maxsat-based)
c1 rule: not 'venomous: 0', not 'legs: (5.0..6.0]' => 'toothed: 1'
c1 rule: 'tail: 0', not 'backbone: 0' => 'toothed: 1'
c1 rule: 'legs: (2.0..4.0]', 'catsize: 0' => 'toothed: 1'
c1 # of rules: 3
c1 rule time: 0.0023

c2 total rules: 5

c0 computing feature 9
c1 computing class: 0
c1 discrimination constraints: 38h
c1 coverage constraints: 10v+201h
c1 formula: 52v, 302c (260h+42s)
c1 enumerating rules (maxsat-based)
c1 # of rules: 0
c1 rule time: 0.0008

c1 computing class: 1
c1 discrimination constraints: 10h
c1 coverage constraints: 38v+761h
c1 formula: 80v, 834c (792h+42s)
c1 enumerating rules (maxsat-based)
c1 rule: not 'tail: 0' => 'backbone: 1'
c1 # of rules: 1
c1 rule time: 0.0000

c2 total rules: 1

c0 computing feature 10
c1 computing class: 0
c1 discrimination constraints: 39h
c1 coverage constraints: 9v+181h
c1 formula: 51v, 283c (241h+42s)
c1 enumerating rules (maxsat-based)
c1 rule: not 'eggs: 0', not 'fins: 0' => 'breathes: 0'
c1 # of rules: 1
c1 rule time: 0.0011

c1 computing class: 1
c1 discrimination constraints: 9h
c1 coverage constraints: 39v+781h
c1 formula: 81v, 853c (811h+42s)
c1 enumerating rules (maxsat-based)
c1 rule: 'legs: (2.0..4.0]' => 'breathes: 1'
c1 rule: not 'feathers: 0' => 'breathes: 1'
c1 rule: 'fins: 0', not 'toothed: 0' => 'breathes: 1'
c1 # of rules: 3
c1 rule time: 0.0031

c2 total rules: 4

c0 computing feature 11
c1 computing class: 0
c1 discrimination constraints: 5h
c1 coverage constraints: 43v+861h
c1 formula: 85v, 929c (887h+42s)
c1 enumerating rules (maxsat-based)
c1 rule: not 'legs: (-inf..2.0]', not 'tail: 0' => 'venomous: 0'
c1 rule: 'breathes: 0', 'catsize: 0' => 'venomous: 0'
c1 # of rules: 2
c1 rule time: 0.0032

c1 computing class: 1
c1 discrimination constraints: 43h
c1 coverage constraints: 5v+101h
c1 formula: 47v, 207c (165h+42s)
c1 enumerating rules (maxsat-based)
c1 rule: 'backbone: 0', not 'domestic: 0' => 'venomous: 1'
c1 # of rules: 1
c1 rule time: 0.0013

c2 total rules: 3

c0 computing feature 12
c1 computing class: 0
c1 discrimination constraints: 8h
c1 coverage constraints: 40v+801h
c1 formula: 82v, 872c (830h+42s)
c1 enumerating rules (maxsat-based)
c1 rule: 'legs: (5.0..6.0]' => 'fins: 0'
c1 rule: 'legs: (2.0..4.0]' => 'fins: 0'
c1 rule: 'legs: (4.0..5.0]' => 'fins: 0'
c1 rule: not 'legs: (-inf..2.0]' => 'fins: 0'
c1 # of rules: 4
c1 rule time: 0.0028

c1 computing class: 1
c1 discrimination constraints: 40h
c1 coverage constraints: 8v+161h
c1 formula: 50v, 264c (222h+42s)
c1 enumerating rules (maxsat-based)
c1 # of rules: 0
c1 rule time: 0.0008

c2 total rules: 4

c0 computing feature 13
c1 computing class: (-inf..2.0]
c1 discrimination constraints: 23h
c1 coverage constraints: 25v+401h
c1 formula: 65v, 484c (444h+40s)
c1 enumerating rules (maxsat-based)
c1 rule: not 'feathers: 0' => 'legs: (-inf..2.0]'
c1 rule: not 'fins: 0' => 'legs: (-inf..2.0]'
c1 rule: not 'venomous: 0', not 'tail: 0' => 'legs: (-inf..2.0]'
c1 rule: not 'airborne: 0', not 'tail: 0' => 'legs: (-inf..2.0]'
c1 rule: 'aquatic: 0', 'breathes: 0' => 'legs: (-inf..2.0]'
c1 rule: 'predator: 0', 'tail: 0', not 'catsize: 0' => 'legs: (-inf..2.0]'
c1 # of rules: 6
c1 rule time: 0.0030

c1 computing class: (2.0..4.0]
c1 discrimination constraints: 33h
c1 coverage constraints: 15v+241h
c1 formula: 55v, 334c (294h+40s)
c1 enumerating rules (maxsat-based)
c1 rule: not 'eggs: 0', not 'milk: 0' => 'legs: (2.0..4.0]'
c1 rule: 'eggs: 0', not 'domestic: 0' => 'legs: (2.0..4.0]'
c1 rule: 'tail: 0', 'catsize: 0', not 'backbone: 0' => 'legs: (2.0..4.0]'
c1 rule: 'eggs: 0', 'aquatic: 0', not 'predator: 0' => 'legs: (2.0..4.0]'
c1 rule: 'eggs: 0', 'fins: 0', not 'predator: 0' => 'legs: (2.0..4.0]'
c1 rule: 'airborne: 0', 'catsize: 0', not 'hair: 0' => 'legs: (2.0..4.0]'
c1 rule: 'fins: 0', not 'aquatic: 0', not 'toothed: 0' => 'legs: (2.0..4.0]'
c1 rule: 'feathers: 0', 'toothed: 0', not 'tail: 0' => 'legs: (2.0..4.0]'
c1 # of rules: 8
c1 rule time: 0.0036

c1 computing class: (4.0..5.0]
c1 discrimination constraints: 47h
c1 coverage constraints: 1v+17h
c1 formula: 41v, 124c (84h+40s)
c1 enumerating rules (maxsat-based)
c1 # of rules: 0
c1 rule time: 0.0010

c1 computing class: (5.0..6.0]
c1 discrimination constraints: 42h
c1 coverage constraints: 6v+97h
c1 formula: 46v, 199c (159h+40s)
c1 enumerating rules (maxsat-based)
c1 rule: not 'airborne: 0', not 'venomous: 0' => 'legs: (5.0..6.0]'
c1 rule: 'backbone: 0', not 'hair: 0' => 'legs: (5.0..6.0]'
c1 rule: 'tail: 0', not 'airborne: 0' => 'legs: (5.0..6.0]'
c1 # of rules: 3
c1 rule time: 0.0017

c1 computing class: (6.0..+inf)
c1 discrimination constraints: 47h
c1 coverage constraints: 1v+17h
c1 formula: 41v, 124c (84h+40s)
c1 enumerating rules (maxsat-based)
c1 rule: 'backbone: 0', not 'catsize: 0' => 'legs: (6.0..+inf)'
c1 # of rules: 1
c1 rule time: 0.0009

c2 total rules: 18

c0 computing feature 14
c1 computing class: 0
c1 discrimination constraints: 32h
c1 coverage constraints: 16v+321h
c1 formula: 58v, 416c (374h+42s)
c1 enumerating rules (maxsat-based)
c1 # of rules: 0
c1 rule time: 0.0017

c1 computing class: 1
c1 discrimination constraints: 16h
c1 coverage constraints: 32v+641h
c1 formula: 74v, 720c (678h+42s)
c1 enumerating rules (maxsat-based)
c1 rule: not 'eggs: 0', not 'fins: 0' => 'tail: 1'
c1 rule: 'catsize: 0', not 'hair: 0', not 'predator: 0' => 'tail: 1'
c1 # of rules: 2
c1 rule time: 0.0034

c2 total rules: 2

c0 computing feature 15
c1 computing class: 0
c1 discrimination constraints: 6h
c1 coverage constraints: 42v+841h
c1 formula: 84v, 910c (868h+42s)
c1 enumerating rules (maxsat-based)
c1 rule: 'airborne: 0', 'toothed: 0' => 'domestic: 0'
c1 rule: 'toothed: 0', not 'catsize: 0' => 'domestic: 0'
c1 # of rules: 2
c1 rule time: 0.0031

c1 computing class: 1
c1 discrimination constraints: 42h
c1 coverage constraints: 6v+121h
c1 formula: 48v, 226c (184h+42s)
c1 enumerating rules (maxsat-based)
c1 # of rules: 0
c1 rule time: 0.0016

c2 total rules: 2

c0 computing feature 16
c1 computing class: 0
c1 discrimination constraints: 20h
c1 coverage constraints: 28v+561h
c1 formula: 70v, 644c (602h+42s)
c1 enumerating rules (maxsat-based)
c1 rule: not 'breathes: 0', not 'venomous: 0' => 'catsize: 0'
c1 rule: 'milk: 0', 'legs: (2.0..4.0]', not 'aquatic: 0' => 'catsize: 0'
c1 rule: 'milk: 0', 'legs: (2.0..4.0]', not 'predator: 0' => 'catsize: 0'
c1 rule: 'milk: 0', 'fins: 0', not 'toothed: 0' => 'catsize: 0'
c1 # of rules: 4
c1 rule time: 0.0035

c1 computing class: 1
c1 discrimination constraints: 28h
c1 coverage constraints: 20v+401h
c1 formula: 62v, 492c (450h+42s)
c1 enumerating rules (maxsat-based)
c1 rule: 'legs: (6.0..+inf)' => 'catsize: 1'
c1 # of rules: 1
c1 rule time: 0.0025

c2 total rules: 5
c3 total time: 0.4054

Rules are saved to ../rules/all/q5_zoo_train4.csv.json