c0 # of samps: 276 (235 weighted)
c0 # of feats: 6 (30 binary)
c0 # of labls: 2
c0 parse time: 0.3143


c0 computing feature 1
c1 computing class: (-inf..83.0]
c1 discrimination constraints: 200h
c1 coverage constraints: 14v+365h
c1 formula: 74v, 655c (595h+60s)
c1 enumerating rules (maxsat-based)
c1 rule: 'Sgot: (18.2..27.4]', 'Gammagt: (64.8..105.2]', 'Drinks: (2.0..5.0]' => 'Mcv: (-inf..83.0]'
c1 rule: 'Alkphos: (65.8..81.2]', 'Sgpt: (33.4..47.6]', 'Gammagt: (42.2..64.8]' => 'Mcv: (-inf..83.0]'
c1 rule: 'Alkphos: (65.8..81.2]', 'Gammagt: (105.2..+inf)', 'Drinks: (-inf..2.0]' => 'Mcv: (-inf..83.0]'
c1 rule: 'Sgpt: (20.2..33.4]', 'Sgot: (36.6..48.8]', 'Gammagt: (42.2..64.8]' => 'Mcv: (-inf..83.0]'
c1 rule: 'Alkphos: (50.4..65.8]', 'Sgot: (18.2..27.4]', 'Gammagt: (42.2..64.8]', not 'Sgpt: (33.4..47.6]' => 'Mcv: (-inf..83.0]'
c1 # of rules: 5
c1 rule time: 0.0076

c1 computing class: (83.0..88.0]
c1 discrimination constraints: 151h
c1 coverage constraints: 63v+1639h
c1 formula: 123v, 1880c (1820h+60s)
c1 enumerating rules (maxsat-based)
c1 rule: 'Sgpt: (67.8..+inf)', 'Gammagt: (42.2..64.8]' => 'Mcv: (83.0..88.0]'
c1 rule: 'Gammagt: (-inf..23.6]', 'Drinks: (8.0..12.0]' => 'Mcv: (83.0..88.0]'
c1 rule: 'Sgot: (48.8..+inf)', 'Gammagt: (-inf..23.6]' => 'Mcv: (83.0..88.0]'
c1 rule: 'Sgot: (36.6..48.8]', 'Drinks: (8.0..12.0]' => 'Mcv: (83.0..88.0]'
c1 rule: 'Alkphos: (50.4..65.8]', 'Gammagt: (105.2..+inf)', not 'Drinks: (-inf..2.0]' => 'Mcv: (83.0..88.0]'
c1 rule: 'Alkphos: (65.8..81.2]', 'Sgot: (36.6..48.8]', 'Drinks: (2.0..5.0]' => 'Mcv: (83.0..88.0]'
c1 rule: 'Sgpt: (47.6..67.8]', 'Gammagt: (105.2..+inf)', not 'Drinks: (5.0..8.0]' => 'Mcv: (83.0..88.0]'
c1 rule: 'Alkphos: (65.8..81.2]', 'Drinks: (8.0..12.0]', not 'Sgot: (48.8..+inf)' => 'Mcv: (83.0..88.0]'
c1 rule: 'Sgpt: (47.6..67.8]', 'Sgot: (27.4..36.6]', 'Gammagt: (42.2..64.8]' => 'Mcv: (83.0..88.0]'
c1 rule: 'Sgot: (27.4..36.6]', 'Gammagt: (42.2..64.8]', 'Drinks: (2.0..5.0]' => 'Mcv: (83.0..88.0]'
c1 rule: 'Alkphos: (65.8..81.2]', 'Sgpt: (33.4..47.6]', 'Drinks: (2.0..5.0]' => 'Mcv: (83.0..88.0]'
c1 rule: 'Sgpt: (33.4..47.6]', 'Sgot: (27.4..36.6]', 'Gammagt: (105.2..+inf)' => 'Mcv: (83.0..88.0]'
c1 rule: 'Sgot: (-inf..18.2]', 'Gammagt: (42.2..64.8]', 'Drinks: (-inf..2.0]' => 'Mcv: (83.0..88.0]'
c1 rule: 'Alkphos: (-inf..50.4]', 'Sgot: (-inf..18.2]', 'Drinks: (2.0..5.0]' => 'Mcv: (83.0..88.0]'
c1 rule: 'Alkphos: (50.4..65.8]', 'Sgot: (-inf..18.2]', 'Drinks: (5.0..8.0]' => 'Mcv: (83.0..88.0]'
c1 rule: 'Alkphos: (-inf..50.4]', 'Gammagt: (23.6..42.2]', 'Drinks: (2.0..5.0]' => 'Mcv: (83.0..88.0]'
c1 rule: 'Gammagt: (64.8..105.2]', 'Drinks: (-inf..2.0]', not 'Alkphos: (50.4..65.8]' => 'Mcv: (83.0..88.0]'
c1 rule: 'Alkphos: (96.6..+inf)', 'Gammagt: (42.2..64.8]', 'Drinks: (2.0..5.0]' => 'Mcv: (83.0..88.0]'
c1 rule: 'Alkphos: (96.6..+inf)', 'Gammagt: (23.6..42.2]', not 'Sgot: (18.2..27.4]' => 'Mcv: (83.0..88.0]'
c1 rule: 'Alkphos: (-inf..50.4]', 'Sgot: (-inf..18.2]', 'Drinks: (5.0..8.0]', not 'Gammagt: (42.2..64.8]' => 'Mcv: (83.0..88.0]'
c1 rule: 'Alkphos: (81.2..96.6]', 'Sgot: (-inf..18.2]', 'Gammagt: (-inf..23.6]', not 'Sgpt: (-inf..20.2]' => 'Mcv: (83.0..88.0]'
c1 rule: 'Alkphos: (50.4..65.8]', 'Sgot: (27.4..36.6]', 'Gammagt: (-inf..23.6]', not 'Drinks: (2.0..5.0]' => 'Mcv: (83.0..88.0]'
c1 rule: 'Alkphos: (50.4..65.8]', 'Sgot: (18.2..27.4]', 'Drinks: (2.0..5.0]', not 'Gammagt: (-inf..23.6]' => 'Mcv: (83.0..88.0]'
c1 rule: 'Alkphos: (50.4..65.8]', 'Gammagt: (23.6..42.2]', 'Drinks: (-inf..2.0]', not 'Sgpt: (20.2..33.4]' => 'Mcv: (83.0..88.0]'
c1 rule: 'Sgpt: (33.4..47.6]', 'Gammagt: (23.6..42.2]', 'Drinks: (-inf..2.0]', not 'Alkphos: (65.8..81.2]' => 'Mcv: (83.0..88.0]'
c1 rule: 'Alkphos: (81.2..96.6]', 'Sgot: (18.2..27.4]', 'Drinks: (2.0..5.0]', not 'Sgpt: (-inf..20.2]' => 'Mcv: (83.0..88.0]'
c1 rule: 'Alkphos: (96.6..+inf)', 'Sgpt: (20.2..33.4]', 'Sgot: (18.2..27.4]', not 'Gammagt: (23.6..42.2]' => 'Mcv: (83.0..88.0]'
c1 rule: 'Alkphos: (-inf..50.4]', 'Sgpt: (20.2..33.4]', 'Sgot: (18.2..27.4]', 'Gammagt: (-inf..23.6]' => 'Mcv: (83.0..88.0]'
c1 rule: 'Alkphos: (65.8..81.2]', 'Sgpt: (20.2..33.4]', 'Gammagt: (-inf..23.6]', 'Drinks: (2.0..5.0]', not 'Sgot: (18.2..27.4]' => 'Mcv: (83.0..88.0]'
c1 # of rules: 29
c1 rule time: 0.0364

c1 computing class: (88.0..93.0]
c1 discrimination constraints: 120h
c1 coverage constraints: 94v+2445h
c1 formula: 154v, 2655c (2595h+60s)
c1 enumerating rules (maxsat-based)
c1 rule: 'Gammagt: (-inf..23.6]', 'Drinks: (12.0..+inf)' => 'Mcv: (88.0..93.0]'
c1 rule: 'Sgpt: (33.4..47.6]', 'Drinks: (12.0..+inf)' => 'Mcv: (88.0..93.0]'
c1 rule: 'Sgpt: (47.6..67.8]', 'Sgot: (18.2..27.4]' => 'Mcv: (88.0..93.0]'
c1 rule: 'Sgpt: (33.4..47.6]', 'Sgot: (-inf..18.2]' => 'Mcv: (88.0..93.0]'
c1 rule: 'Sgot: (-inf..18.2]', 'Gammagt: (64.8..105.2]' => 'Mcv: (88.0..93.0]'
c1 rule: 'Alkphos: (96.6..+inf)', 'Sgot: (-inf..18.2]' => 'Mcv: (88.0..93.0]'
c1 rule: 'Sgot: (27.4..36.6]', 'Drinks: (5.0..8.0]' => 'Mcv: (88.0..93.0]'
c1 rule: 'Alkphos: (-inf..50.4]', 'Drinks: (8.0..12.0]' => 'Mcv: (88.0..93.0]'
c1 rule: 'Sgpt: (33.4..47.6]', 'Drinks: (8.0..12.0]' => 'Mcv: (88.0..93.0]'
c1 rule: 'Alkphos: (50.4..65.8]', 'Sgpt: (47.6..67.8]', not 'Sgot: (36.6..48.8]' => 'Mcv: (88.0..93.0]'
c1 rule: 'Alkphos: (65.8..81.2]', 'Sgpt: (20.2..33.4]', 'Sgot: (27.4..36.6]' => 'Mcv: (88.0..93.0]'
c1 rule: 'Sgot: (27.4..36.6]', 'Gammagt: (-inf..23.6]', not 'Drinks: (-inf..2.0]' => 'Mcv: (88.0..93.0]'
c1 rule: 'Alkphos: (81.2..96.6]', 'Sgot: (27.4..36.6]', 'Gammagt: (-inf..23.6]' => 'Mcv: (88.0..93.0]'
c1 rule: 'Alkphos: (81.2..96.6]', 'Sgpt: (20.2..33.4]', 'Gammagt: (105.2..+inf)' => 'Mcv: (88.0..93.0]'
c1 rule: 'Sgot: (18.2..27.4]', 'Gammagt: (105.2..+inf)', not 'Alkphos: (65.8..81.2]' => 'Mcv: (88.0..93.0]'
c1 rule: 'Sgpt: (20.2..33.4]', 'Drinks: (5.0..8.0]', not 'Sgot: (18.2..27.4]' => 'Mcv: (88.0..93.0]'
c1 rule: 'Gammagt: (42.2..64.8]', 'Drinks: (5.0..8.0]', not 'Sgot: (18.2..27.4]' => 'Mcv: (88.0..93.0]'
c1 rule: 'Alkphos: (65.8..81.2]', 'Gammagt: (64.8..105.2]', 'Drinks: (5.0..8.0]' => 'Mcv: (88.0..93.0]'
c1 rule: 'Sgpt: (20.2..33.4]', 'Sgot: (36.6..48.8]', not 'Drinks: (2.0..5.0]' => 'Mcv: (88.0..93.0]'
c1 rule: 'Alkphos: (81.2..96.6]', 'Drinks: (2.0..5.0]', not 'Sgot: (18.2..27.4]' => 'Mcv: (88.0..93.0]'
c1 rule: 'Alkphos: (81.2..96.6]', 'Sgpt: (-inf..20.2]', not 'Gammagt: (-inf..23.6]' => 'Mcv: (88.0..93.0]'
c1 rule: 'Sgot: (-inf..18.2]', not 'Alkphos: (50.4..65.8]', not 'Gammagt: (-inf..23.6]' => 'Mcv: (88.0..93.0]'
c1 rule: 'Alkphos: (65.8..81.2]', 'Sgpt: (33.4..47.6]', 'Gammagt: (-inf..23.6]' => 'Mcv: (88.0..93.0]'
c1 rule: 'Alkphos: (96.6..+inf)', 'Sgpt: (33.4..47.6]', 'Gammagt: (-inf..23.6]' => 'Mcv: (88.0..93.0]'
c1 rule: 'Alkphos: (96.6..+inf)', 'Sgpt: (20.2..33.4]', not 'Sgot: (18.2..27.4]' => 'Mcv: (88.0..93.0]'
c1 rule: 'Alkphos: (96.6..+inf)', 'Sgpt: (-inf..20.2]', not 'Gammagt: (-inf..23.6]' => 'Mcv: (88.0..93.0]'
c1 rule: 'Sgpt: (20.2..33.4]', 'Sgot: (27.4..36.6]', 'Gammagt: (23.6..42.2]' => 'Mcv: (88.0..93.0]'
c1 rule: 'Sgot: (-inf..18.2]', 'Gammagt: (23.6..42.2]', not 'Drinks: (-inf..2.0]' => 'Mcv: (88.0..93.0]'
c1 rule: 'Alkphos: (65.8..81.2]', 'Sgpt: (-inf..20.2]', 'Gammagt: (23.6..42.2]' => 'Mcv: (88.0..93.0]'
c1 rule: 'Sgpt: (-inf..20.2]', 'Gammagt: (23.6..42.2]', not 'Drinks: (2.0..5.0]' => 'Mcv: (88.0..93.0]'
c1 rule: 'Alkphos: (96.6..+inf)', 'Drinks: (8.0..12.0]', not 'Sgot: (18.2..27.4]' => 'Mcv: (88.0..93.0]'
c1 rule: 'Alkphos: (50.4..65.8]', 'Gammagt: (64.8..105.2]', 'Drinks: (2.0..5.0]' => 'Mcv: (88.0..93.0]'
c1 rule: 'Alkphos: (50.4..65.8]', 'Sgpt: (33.4..47.6]', 'Gammagt: (64.8..105.2]' => 'Mcv: (88.0..93.0]'
c1 rule: 'Sgot: (18.2..27.4]', 'Gammagt: (105.2..+inf)', 'Drinks: (2.0..5.0]' => 'Mcv: (88.0..93.0]'
c1 rule: 'Alkphos: (96.6..+inf)', 'Sgpt: (33.4..47.6]', not 'Drinks: (-inf..2.0]' => 'Mcv: (88.0..93.0]'
c1 rule: 'Alkphos: (96.6..+inf)', 'Sgot: (27.4..36.6]', 'Gammagt: (42.2..64.8]' => 'Mcv: (88.0..93.0]'
c1 rule: 'Alkphos: (65.8..81.2]', 'Gammagt: (-inf..23.6]', 'Drinks: (5.0..8.0]' => 'Mcv: (88.0..93.0]'
c1 rule: 'Sgpt: (20.2..33.4]', 'Gammagt: (-inf..23.6]', 'Drinks: (5.0..8.0]' => 'Mcv: (88.0..93.0]'
c1 rule: 'Sgot: (-inf..18.2]', not 'Gammagt: (-inf..23.6]', not 'Drinks: (-inf..2.0]' => 'Mcv: (88.0..93.0]'
c1 rule: 'Alkphos: (65.8..81.2]', 'Gammagt: (42.2..64.8]', 'Drinks: (2.0..5.0]' => 'Mcv: (88.0..93.0]'
c1 rule: 'Alkphos: (-inf..50.4]', 'Sgpt: (33.4..47.6]', 'Drinks: (-inf..2.0]' => 'Mcv: (88.0..93.0]'
c1 rule: 'Alkphos: (50.4..65.8]', 'Sgot: (-inf..18.2]', 'Drinks: (2.0..5.0]' => 'Mcv: (88.0..93.0]'
c1 rule: 'Alkphos: (50.4..65.8]', 'Sgot: (27.4..36.6]', 'Gammagt: (42.2..64.8]' => 'Mcv: (88.0..93.0]'
c1 rule: 'Alkphos: (-inf..50.4]', 'Sgpt: (20.2..33.4]', 'Drinks: (5.0..8.0]' => 'Mcv: (88.0..93.0]'
c1 rule: 'Alkphos: (-inf..50.4]', 'Drinks: (-inf..2.0]', not 'Sgpt: (20.2..33.4]', not 'Sgot: (18.2..27.4]' => 'Mcv: (88.0..93.0]'
c1 rule: 'Alkphos: (96.6..+inf)', 'Drinks: (-inf..2.0]', not 'Sgpt: (33.4..47.6]', not 'Gammagt: (-inf..23.6]' => 'Mcv: (88.0..93.0]'
c1 rule: 'Alkphos: (-inf..50.4]', 'Drinks: (5.0..8.0]', not 'Sgpt: (33.4..47.6]', not 'Sgot: (-inf..18.2]' => 'Mcv: (88.0..93.0]'
c1 rule: 'Sgpt: (-inf..20.2]', 'Sgot: (18.2..27.4]', 'Gammagt: (-inf..23.6]', 'Drinks: (5.0..8.0]' => 'Mcv: (88.0..93.0]'
c1 rule: 'Alkphos: (65.8..81.2]', 'Sgpt: (-inf..20.2]', not 'Sgot: (18.2..27.4]', not 'Drinks: (-inf..2.0]' => 'Mcv: (88.0..93.0]'
c1 rule: 'Alkphos: (81.2..96.6]', 'Sgpt: (-inf..20.2]', 'Sgot: (18.2..27.4]', 'Drinks: (-inf..2.0]' => 'Mcv: (88.0..93.0]'
c1 rule: 'Alkphos: (50.4..65.8]', 'Sgpt: (20.2..33.4]', 'Gammagt: (-inf..23.6]', not 'Drinks: (-inf..2.0]' => 'Mcv: (88.0..93.0]'
c1 rule: 'Alkphos: (96.6..+inf)', 'Sgpt: (-inf..20.2]', 'Sgot: (18.2..27.4]', 'Drinks: (-inf..2.0]' => 'Mcv: (88.0..93.0]'
c1 rule: 'Alkphos: (-inf..50.4]', 'Sgpt: (-inf..20.2]', not 'Sgot: (-inf..18.2]', not 'Gammagt: (42.2..64.8]', not 'Drinks: (-inf..2.0]' => 'Mcv: (88.0..93.0]'
c1 # of rules: 53
c1 rule time: 0.0632

c1 computing class: (93.0..98.0]
c1 discrimination constraints: 176h
c1 coverage constraints: 38v+989h
c1 formula: 98v, 1255c (1195h+60s)
c1 enumerating rules (maxsat-based)
c1 rule: 'Sgpt: (-inf..20.2]', 'Gammagt: (105.2..+inf)' => 'Mcv: (93.0..98.0]'
c1 rule: 'Alkphos: (-inf..50.4]', 'Gammagt: (105.2..+inf)' => 'Mcv: (93.0..98.0]'
c1 rule: 'Sgpt: (67.8..+inf)', 'Gammagt: (105.2..+inf)' => 'Mcv: (93.0..98.0]'
c1 rule: 'Alkphos: (-inf..50.4]', 'Gammagt: (64.8..105.2]' => 'Mcv: (93.0..98.0]'
c1 rule: 'Alkphos: (96.6..+inf)', 'Sgot: (36.6..48.8]' => 'Mcv: (93.0..98.0]'
c1 rule: 'Sgpt: (47.6..67.8]', 'Drinks: (12.0..+inf)' => 'Mcv: (93.0..98.0]'
c1 rule: 'Sgpt: (47.6..67.8]', 'Gammagt: (23.6..42.2]' => 'Mcv: (93.0..98.0]'
c1 rule: 'Sgpt: (47.6..67.8]', 'Sgot: (48.8..+inf)' => 'Mcv: (93.0..98.0]'
c1 rule: 'Alkphos: (-inf..50.4]', 'Sgpt: (33.4..47.6]', 'Drinks: (5.0..8.0]' => 'Mcv: (93.0..98.0]'
c1 rule: 'Alkphos: (81.2..96.6]', 'Gammagt: (64.8..105.2]', 'Drinks: (5.0..8.0]' => 'Mcv: (93.0..98.0]'
c1 rule: 'Gammagt: (64.8..105.2]', 'Drinks: (8.0..12.0]', not 'Alkphos: (96.6..+inf)' => 'Mcv: (93.0..98.0]'
c1 rule: 'Alkphos: (81.2..96.6]', 'Sgpt: (20.2..33.4]', 'Gammagt: (42.2..64.8]' => 'Mcv: (93.0..98.0]'
c1 rule: 'Alkphos: (65.8..81.2]', 'Sgpt: (-inf..20.2]', 'Gammagt: (42.2..64.8]' => 'Mcv: (93.0..98.0]'
c1 rule: 'Alkphos: (-inf..50.4]', 'Gammagt: (42.2..64.8]', 'Drinks: (-inf..2.0]' => 'Mcv: (93.0..98.0]'
c1 rule: 'Alkphos: (96.6..+inf)', 'Sgpt: (-inf..20.2]', 'Sgot: (27.4..36.6]' => 'Mcv: (93.0..98.0]'
c1 rule: 'Sgpt: (67.8..+inf)', not 'Sgot: (27.4..36.6]', not 'Gammagt: (42.2..64.8]' => 'Mcv: (93.0..98.0]'
c1 rule: 'Alkphos: (65.8..81.2]', 'Gammagt: (42.2..64.8]', 'Drinks: (5.0..8.0]' => 'Mcv: (93.0..98.0]'
c1 rule: 'Sgpt: (33.4..47.6]', 'Sgot: (18.2..27.4]', 'Drinks: (2.0..5.0]', not 'Gammagt: (23.6..42.2]' => 'Mcv: (93.0..98.0]'
c1 rule: 'Alkphos: (-inf..50.4]', 'Sgpt: (20.2..33.4]', 'Drinks: (2.0..5.0]', not 'Gammagt: (-inf..23.6]' => 'Mcv: (93.0..98.0]'
c1 rule: 'Alkphos: (50.4..65.8]', 'Sgot: (-inf..18.2]', 'Gammagt: (23.6..42.2]', 'Drinks: (-inf..2.0]' => 'Mcv: (93.0..98.0]'
c1 rule: 'Sgpt: (33.4..47.6]', 'Gammagt: (42.2..64.8]', not 'Alkphos: (50.4..65.8]', not 'Sgot: (27.4..36.6]', not 'Drinks: (8.0..12.0]' => 'Mcv: (93.0..98.0]'
c1 rule: 'Alkphos: (50.4..65.8]', 'Sgpt: (20.2..33.4]', 'Gammagt: (23.6..42.2]', 'Drinks: (5.0..8.0]', not 'Sgot: (27.4..36.6]' => 'Mcv: (93.0..98.0]'
c1 # of rules: 22
c1 rule time: 0.0242

c1 computing class: (98.0..+inf)
c1 discrimination constraints: 209h
c1 coverage constraints: 5v+131h
c1 formula: 65v, 430c (370h+60s)
c1 enumerating rules (maxsat-based)
c1 rule: 'Sgpt: (33.4..47.6]', 'Sgot: (48.8..+inf)' => 'Mcv: (98.0..+inf)'
c1 rule: 'Alkphos: (50.4..65.8]', 'Sgot: (18.2..27.4]', 'Gammagt: (64.8..105.2]', not 'Sgpt: (33.4..47.6]' => 'Mcv: (98.0..+inf)'
c1 rule: 'Sgpt: (-inf..20.2]', 'Sgot: (18.2..27.4]', 'Gammagt: (42.2..64.8]', 'Drinks: (2.0..5.0]' => 'Mcv: (98.0..+inf)'
c1 # of rules: 3
c1 rule time: 0.0039

c2 total rules: 112

c0 computing feature 2
c1 computing class: (-inf..50.4]
c1 discrimination constraints: 182h
c1 coverage constraints: 32v+833h
c1 formula: 92v, 1105c (1045h+60s)
c1 enumerating rules (maxsat-based)
c1 rule: 'Mcv: (-inf..83.0]', 'Gammagt: (23.6..42.2]' => 'Alkphos: (-inf..50.4]'
c1 rule: 'Mcv: (98.0..+inf)', 'Drinks: (2.0..5.0]' => 'Alkphos: (-inf..50.4]'
c1 rule: 'Mcv: (83.0..88.0]', 'Sgpt: (-inf..20.2]', 'Gammagt: (42.2..64.8]' => 'Alkphos: (-inf..50.4]'
c1 rule: 'Mcv: (93.0..98.0]', 'Gammagt: (42.2..64.8]', 'Drinks: (2.0..5.0]' => 'Alkphos: (-inf..50.4]'
c1 rule: 'Sgpt: (67.8..+inf)', 'Drinks: (2.0..5.0]', not 'Gammagt: (42.2..64.8]' => 'Alkphos: (-inf..50.4]'
c1 rule: 'Sgpt: (33.4..47.6]', 'Gammagt: (-inf..23.6]', 'Drinks: (5.0..8.0]' => 'Alkphos: (-inf..50.4]'
c1 rule: 'Mcv: (93.0..98.0]', 'Sgot: (18.2..27.4]', 'Gammagt: (64.8..105.2]' => 'Alkphos: (-inf..50.4]'
c1 rule: 'Sgot: (-inf..18.2]', 'Drinks: (5.0..8.0]', not 'Gammagt: (-inf..23.6]' => 'Alkphos: (-inf..50.4]'
c1 rule: 'Mcv: (88.0..93.0]', 'Sgpt: (20.2..33.4]', 'Gammagt: (42.2..64.8]', 'Drinks: (5.0..8.0]' => 'Alkphos: (-inf..50.4]'
c1 rule: 'Sgpt: (-inf..20.2]', 'Gammagt: (42.2..64.8]', not 'Mcv: (88.0..93.0]', not 'Drinks: (5.0..8.0]' => 'Alkphos: (-inf..50.4]'
c1 rule: 'Mcv: (93.0..98.0]', 'Sgpt: (20.2..33.4]', 'Gammagt: (42.2..64.8]', 'Drinks: (-inf..2.0]' => 'Alkphos: (-inf..50.4]'
c1 rule: 'Mcv: (88.0..93.0]', 'Drinks: (8.0..12.0]', not 'Sgot: (27.4..36.6]', not 'Gammagt: (42.2..64.8]' => 'Alkphos: (-inf..50.4]'
c1 rule: 'Mcv: (83.0..88.0]', 'Sgpt: (33.4..47.6]', 'Sgot: (18.2..27.4]', 'Drinks: (2.0..5.0]' => 'Alkphos: (-inf..50.4]'
c1 rule: 'Mcv: (83.0..88.0]', 'Sgot: (-inf..18.2]', 'Drinks: (2.0..5.0]', not 'Sgpt: (20.2..33.4]' => 'Alkphos: (-inf..50.4]'
c1 rule: 'Sgot: (27.4..36.6]', 'Gammagt: (-inf..23.6]', not 'Sgpt: (33.4..47.6]', not 'Drinks: (-inf..2.0]' => 'Alkphos: (-inf..50.4]'
c1 # of rules: 15
c1 rule time: 0.0153

c1 computing class: (50.4..65.8]
c1 discrimination constraints: 154h
c1 coverage constraints: 60v+1561h
c1 formula: 120v, 1805c (1745h+60s)
c1 enumerating rules (maxsat-based)
c1 rule: 'Mcv: (98.0..+inf)', 'Gammagt: (64.8..105.2]' => 'Alkphos: (50.4..65.8]'
c1 rule: 'Sgot: (36.6..48.8]', 'Drinks: (8.0..12.0]' => 'Alkphos: (50.4..65.8]'
c1 rule: 'Sgpt: (33.4..47.6]', 'Sgot: (-inf..18.2]' => 'Alkphos: (50.4..65.8]'
c1 rule: 'Mcv: (-inf..83.0]', 'Drinks: (5.0..8.0]' => 'Alkphos: (50.4..65.8]'
c1 rule: 'Mcv: (-inf..83.0]', 'Sgot: (36.6..48.8]' => 'Alkphos: (50.4..65.8]'
c1 rule: 'Sgpt: (47.6..67.8]', 'Gammagt: (23.6..42.2]' => 'Alkphos: (50.4..65.8]'
c1 rule: 'Gammagt: (64.8..105.2]', 'Drinks: (8.0..12.0]', not 'Mcv: (88.0..93.0]' => 'Alkphos: (50.4..65.8]'
c1 rule: 'Mcv: (93.0..98.0]', 'Sgpt: (47.6..67.8]', 'Drinks: (5.0..8.0]' => 'Alkphos: (50.4..65.8]'
c1 rule: 'Mcv: (88.0..93.0]', 'Sgpt: (47.6..67.8]', 'Drinks: (-inf..2.0]' => 'Alkphos: (50.4..65.8]'
c1 rule: 'Mcv: (83.0..88.0]', 'Sgpt: (33.4..47.6]', 'Gammagt: (42.2..64.8]' => 'Alkphos: (50.4..65.8]'
c1 rule: 'Mcv: (83.0..88.0]', 'Sgpt: (33.4..47.6]', 'Drinks: (5.0..8.0]' => 'Alkphos: (50.4..65.8]'
c1 rule: 'Mcv: (83.0..88.0]', 'Sgpt: (33.4..47.6]', 'Gammagt: (-inf..23.6]' => 'Alkphos: (50.4..65.8]'
c1 rule: 'Mcv: (83.0..88.0]', 'Sgot: (-inf..18.2]', not 'Gammagt: (-inf..23.6]' => 'Alkphos: (50.4..65.8]'
c1 rule: 'Sgot: (-inf..18.2]', not 'Mcv: (88.0..93.0]', not 'Gammagt: (-inf..23.6]' => 'Alkphos: (50.4..65.8]'
c1 rule: 'Sgot: (-inf..18.2]', 'Gammagt: (42.2..64.8]', not 'Drinks: (5.0..8.0]' => 'Alkphos: (50.4..65.8]'
c1 rule: 'Sgpt: (67.8..+inf)', 'Gammagt: (42.2..64.8]', 'Drinks: (2.0..5.0]' => 'Alkphos: (50.4..65.8]'
c1 rule: 'Sgot: (27.4..36.6]', 'Gammagt: (64.8..105.2]', 'Drinks: (2.0..5.0]' => 'Alkphos: (50.4..65.8]'
c1 rule: 'Mcv: (93.0..98.0]', 'Sgot: (-inf..18.2]', not 'Sgpt: (20.2..33.4]' => 'Alkphos: (50.4..65.8]'
c1 rule: 'Mcv: (-inf..83.0]', 'Sgpt: (-inf..20.2]', 'Sgot: (-inf..18.2]' => 'Alkphos: (50.4..65.8]'
c1 rule: 'Gammagt: (64.8..105.2]', 'Drinks: (-inf..2.0]', not 'Mcv: (83.0..88.0]' => 'Alkphos: (50.4..65.8]'
c1 rule: 'Mcv: (83.0..88.0]', 'Sgot: (27.4..36.6]', 'Gammagt: (-inf..23.6]' => 'Alkphos: (50.4..65.8]'
c1 rule: 'Sgpt: (-inf..20.2]', 'Gammagt: (23.6..42.2]', not 'Mcv: (88.0..93.0]' => 'Alkphos: (50.4..65.8]'
c1 rule: 'Sgpt: (33.4..47.6]', 'Gammagt: (-inf..23.6]', 'Drinks: (2.0..5.0]' => 'Alkphos: (50.4..65.8]'
c1 rule: 'Mcv: (83.0..88.0]', 'Sgpt: (20.2..33.4]', 'Sgot: (27.4..36.6]' => 'Alkphos: (50.4..65.8]'
c1 rule: 'Sgpt: (-inf..20.2]', 'Gammagt: (23.6..42.2]', 'Drinks: (5.0..8.0]' => 'Alkphos: (50.4..65.8]'
c1 rule: 'Sgpt: (33.4..47.6]', 'Gammagt: (23.6..42.2]', 'Drinks: (5.0..8.0]' => 'Alkphos: (50.4..65.8]'
c1 rule: 'Sgpt: (67.8..+inf)', 'Sgot: (27.4..36.6]', 'Gammagt: (23.6..42.2]' => 'Alkphos: (50.4..65.8]'
c1 rule: 'Sgpt: (20.2..33.4]', 'Sgot: (18.2..27.4]', 'Gammagt: (-inf..23.6]', 'Drinks: (5.0..8.0]' => 'Alkphos: (50.4..65.8]'
c1 rule: 'Gammagt: (105.2..+inf)', 'Drinks: (-inf..2.0]', not 'Mcv: (-inf..83.0]', not 'Sgpt: (33.4..47.6]' => 'Alkphos: (50.4..65.8]'
c1 rule: 'Mcv: (88.0..93.0]', 'Gammagt: (42.2..64.8]', 'Drinks: (-inf..2.0]', not 'Sgpt: (-inf..20.2]', not 'Sgot: (27.4..36.6]' => 'Alkphos: (50.4..65.8]'
c1 rule: 'Mcv: (88.0..93.0]', 'Sgot: (18.2..27.4]', 'Gammagt: (-inf..23.6]', 'Drinks: (2.0..5.0]', not 'Sgpt: (-inf..20.2]' => 'Alkphos: (50.4..65.8]'
c1 # of rules: 31
c1 rule time: 0.0365

c1 computing class: (65.8..81.2]
c1 discrimination constraints: 153h
c1 coverage constraints: 61v+1587h
c1 formula: 121v, 1830c (1770h+60s)
c1 enumerating rules (maxsat-based)
c1 rule: 'Sgpt: (67.8..+inf)', 'Sgot: (18.2..27.4]' => 'Alkphos: (65.8..81.2]'
c1 rule: 'Sgpt: (67.8..+inf)', 'Gammagt: (64.8..105.2]' => 'Alkphos: (65.8..81.2]'
c1 rule: 'Sgpt: (-inf..20.2]', 'Gammagt: (105.2..+inf)' => 'Alkphos: (65.8..81.2]'
c1 rule: 'Mcv: (-inf..83.0]', 'Gammagt: (105.2..+inf)' => 'Alkphos: (65.8..81.2]'
c1 rule: 'Sgpt: (47.6..67.8]', 'Sgot: (48.8..+inf)' => 'Alkphos: (65.8..81.2]'
c1 rule: 'Mcv: (83.0..88.0]', 'Gammagt: (64.8..105.2]' => 'Alkphos: (65.8..81.2]'
c1 rule: 'Sgot: (48.8..+inf)', 'Gammagt: (-inf..23.6]' => 'Alkphos: (65.8..81.2]'
c1 rule: 'Sgpt: (20.2..33.4]', 'Drinks: (12.0..+inf)' => 'Alkphos: (65.8..81.2]'
c1 rule: 'Drinks: (12.0..+inf)', not 'Mcv: (93.0..98.0]' => 'Alkphos: (65.8..81.2]'
c1 rule: 'Mcv: (98.0..+inf)', 'Gammagt: (-inf..23.6]' => 'Alkphos: (65.8..81.2]'
c1 rule: 'Mcv: (-inf..83.0]', 'Sgot: (27.4..36.6]' => 'Alkphos: (65.8..81.2]'
c1 rule: 'Mcv: (83.0..88.0]', 'Sgpt: (20.2..33.4]', 'Drinks: (8.0..12.0]' => 'Alkphos: (65.8..81.2]'
c1 rule: 'Mcv: (83.0..88.0]', 'Sgpt: (47.6..67.8]', 'Drinks: (-inf..2.0]' => 'Alkphos: (65.8..81.2]'
c1 rule: 'Mcv: (88.0..93.0]', 'Sgpt: (-inf..20.2]', 'Sgot: (27.4..36.6]' => 'Alkphos: (65.8..81.2]'
c1 rule: 'Mcv: (93.0..98.0]', 'Sgpt: (-inf..20.2]', not 'Drinks: (-inf..2.0]' => 'Alkphos: (65.8..81.2]'
c1 rule: 'Sgot: (18.2..27.4]', 'Gammagt: (105.2..+inf)', not 'Drinks: (-inf..2.0]' => 'Alkphos: (65.8..81.2]'
c1 rule: 'Sgot: (-inf..18.2]', 'Drinks: (5.0..8.0]', not 'Sgpt: (-inf..20.2]' => 'Alkphos: (65.8..81.2]'
c1 rule: 'Mcv: (88.0..93.0]', 'Gammagt: (64.8..105.2]', 'Drinks: (5.0..8.0]' => 'Alkphos: (65.8..81.2]'
c1 rule: 'Sgot: (18.2..27.4]', 'Gammagt: (64.8..105.2]', 'Drinks: (2.0..5.0]' => 'Alkphos: (65.8..81.2]'
c1 rule: 'Sgot: (27.4..36.6]', 'Gammagt: (23.6..42.2]', 'Drinks: (2.0..5.0]' => 'Alkphos: (65.8..81.2]'
c1 rule: 'Sgot: (48.8..+inf)', not 'Mcv: (98.0..+inf)', not 'Drinks: (2.0..5.0]' => 'Alkphos: (65.8..81.2]'
c1 rule: 'Sgot: (36.6..48.8]', 'Gammagt: (23.6..42.2]', not 'Mcv: (93.0..98.0]' => 'Alkphos: (65.8..81.2]'
c1 rule: 'Mcv: (93.0..98.0]', 'Sgpt: (47.6..67.8]', not 'Sgot: (36.6..48.8]' => 'Alkphos: (65.8..81.2]'
c1 rule: 'Sgpt: (33.4..47.6]', 'Sgot: (36.6..48.8]', not 'Gammagt: (64.8..105.2]' => 'Alkphos: (65.8..81.2]'
c1 rule: 'Mcv: (88.0..93.0]', 'Gammagt: (105.2..+inf)', 'Drinks: (2.0..5.0]' => 'Alkphos: (65.8..81.2]'
c1 rule: 'Mcv: (93.0..98.0]', 'Gammagt: (-inf..23.6]', not 'Sgpt: (33.4..47.6]', not 'Drinks: (-inf..2.0]' => 'Alkphos: (65.8..81.2]'
c1 rule: 'Mcv: (93.0..98.0]', 'Sgpt: (20.2..33.4]', 'Drinks: (2.0..5.0]', not 'Gammagt: (42.2..64.8]' => 'Alkphos: (65.8..81.2]'
c1 rule: 'Mcv: (88.0..93.0]', 'Sgpt: (20.2..33.4]', 'Gammagt: (42.2..64.8]', not 'Drinks: (5.0..8.0]' => 'Alkphos: (65.8..81.2]'
c1 rule: 'Sgpt: (33.4..47.6]', 'Gammagt: (23.6..42.2]', 'Drinks: (-inf..2.0]', not 'Mcv: (83.0..88.0]' => 'Alkphos: (65.8..81.2]'
c1 rule: 'Mcv: (88.0..93.0]', 'Gammagt: (-inf..23.6]', 'Drinks: (5.0..8.0]', not 'Sgot: (18.2..27.4]' => 'Alkphos: (65.8..81.2]'
c1 rule: 'Mcv: (93.0..98.0]', 'Sgpt: (-inf..20.2]', 'Sgot: (18.2..27.4]', not 'Gammagt: (42.2..64.8]' => 'Alkphos: (65.8..81.2]'
c1 rule: 'Sgpt: (20.2..33.4]', 'Gammagt: (23.6..42.2]', 'Drinks: (2.0..5.0]', not 'Mcv: (83.0..88.0]', not 'Sgot: (-inf..18.2]' => 'Alkphos: (65.8..81.2]'
c1 rule: 'Mcv: (88.0..93.0]', 'Sgpt: (-inf..20.2]', 'Sgot: (18.2..27.4]', 'Drinks: (2.0..5.0]', not 'Gammagt: (-inf..23.6]' => 'Alkphos: (65.8..81.2]'
c1 # of rules: 33
c1 rule time: 0.0375

c1 computing class: (81.2..96.6]
c1 discrimination constraints: 177h
c1 coverage constraints: 37v+963h
c1 formula: 97v, 1230c (1170h+60s)
c1 enumerating rules (maxsat-based)
c1 rule: 'Sgpt: (33.4..47.6]', 'Sgot: (48.8..+inf)' => 'Alkphos: (81.2..96.6]'
c1 rule: 'Sgpt: (47.6..67.8]', 'Sgot: (18.2..27.4]' => 'Alkphos: (81.2..96.6]'
c1 rule: 'Sgpt: (47.6..67.8]', 'Gammagt: (105.2..+inf)' => 'Alkphos: (81.2..96.6]'
c1 rule: 'Sgot: (-inf..18.2]', 'Gammagt: (64.8..105.2]' => 'Alkphos: (81.2..96.6]'
c1 rule: 'Mcv: (98.0..+inf)', 'Gammagt: (23.6..42.2]' => 'Alkphos: (81.2..96.6]'
c1 rule: 'Gammagt: (105.2..+inf)', 'Drinks: (8.0..12.0]' => 'Alkphos: (81.2..96.6]'
c1 rule: 'Sgpt: (67.8..+inf)', 'Drinks: (12.0..+inf)' => 'Alkphos: (81.2..96.6]'
c1 rule: 'Sgpt: (67.8..+inf)', 'Sgot: (36.6..48.8]', not 'Drinks: (2.0..5.0]' => 'Alkphos: (81.2..96.6]'
c1 rule: 'Sgpt: (33.4..47.6]', 'Sgot: (36.6..48.8]', not 'Gammagt: (105.2..+inf)' => 'Alkphos: (81.2..96.6]'
c1 rule: 'Sgpt: (20.2..33.4]', 'Sgot: (27.4..36.6]', 'Gammagt: (42.2..64.8]' => 'Alkphos: (81.2..96.6]'
c1 rule: 'Sgpt: (33.4..47.6]', 'Gammagt: (105.2..+inf)', 'Drinks: (-inf..2.0]' => 'Alkphos: (81.2..96.6]'
c1 rule: 'Sgpt: (33.4..47.6]', 'Drinks: (8.0..12.0]', not 'Sgot: (18.2..27.4]' => 'Alkphos: (81.2..96.6]'
c1 rule: 'Mcv: (88.0..93.0]', 'Sgot: (36.6..48.8]', 'Drinks: (2.0..5.0]' => 'Alkphos: (81.2..96.6]'
c1 rule: 'Sgot: (-inf..18.2]', 'Gammagt: (23.6..42.2]', not 'Sgpt: (20.2..33.4]', not 'Drinks: (-inf..2.0]' => 'Alkphos: (81.2..96.6]'
c1 # of rules: 14
c1 rule time: 0.0157

c1 computing class: (96.6..+inf)
c1 discrimination constraints: 190h
c1 coverage constraints: 24v+625h
c1 formula: 84v, 905c (845h+60s)
c1 enumerating rules (maxsat-based)
c1 rule: 'Gammagt: (64.8..105.2]', 'Drinks: (8.0..12.0]', not 'Sgpt: (20.2..33.4]' => 'Alkphos: (96.6..+inf)'
c1 rule: 'Sgpt: (33.4..47.6]', 'Drinks: (8.0..12.0]', not 'Gammagt: (23.6..42.2]' => 'Alkphos: (96.6..+inf)'
c1 rule: 'Mcv: (93.0..98.0]', 'Sgpt: (33.4..47.6]', 'Drinks: (-inf..2.0]' => 'Alkphos: (96.6..+inf)'
c1 rule: 'Mcv: (93.0..98.0]', 'Sgot: (27.4..36.6]', 'Drinks: (-inf..2.0]' => 'Alkphos: (96.6..+inf)'
c1 rule: 'Sgot: (36.6..48.8]', 'Gammagt: (64.8..105.2]', not 'Drinks: (5.0..8.0]' => 'Alkphos: (96.6..+inf)'
c1 rule: 'Sgpt: (33.4..47.6]', 'Gammagt: (42.2..64.8]', not 'Drinks: (-inf..2.0]' => 'Alkphos: (96.6..+inf)'
c1 rule: 'Mcv: (83.0..88.0]', 'Sgpt: (20.2..33.4]', 'Drinks: (5.0..8.0]' => 'Alkphos: (96.6..+inf)'
c1 rule: 'Mcv: (83.0..88.0]', 'Sgpt: (20.2..33.4]', 'Gammagt: (42.2..64.8]', not 'Drinks: (-inf..2.0]' => 'Alkphos: (96.6..+inf)'
c1 rule: 'Mcv: (88.0..93.0]', 'Sgpt: (-inf..20.2]', 'Gammagt: (42.2..64.8]', not 'Sgot: (-inf..18.2]' => 'Alkphos: (96.6..+inf)'
c1 rule: 'Mcv: (88.0..93.0]', 'Sgpt: (33.4..47.6]', 'Drinks: (2.0..5.0]', not 'Sgot: (27.4..36.6]' => 'Alkphos: (96.6..+inf)'
c1 rule: 'Mcv: (88.0..93.0]', 'Sgpt: (33.4..47.6]', 'Sgot: (27.4..36.6]', 'Gammagt: (-inf..23.6]', 'Drinks: (-inf..2.0]' => 'Alkphos: (96.6..+inf)'
c1 # of rules: 11
c1 rule time: 0.0088

c2 total rules: 104

c0 computing feature 3
c1 computing class: (-inf..20.2]
c1 discrimination constraints: 156h
c1 coverage constraints: 58v+1509h
c1 formula: 118v, 1755c (1695h+60s)
c1 enumerating rules (maxsat-based)
c1 rule: 'Mcv: (98.0..+inf)', 'Gammagt: (-inf..23.6]' => 'Sgpt: (-inf..20.2]'
c1 rule: 'Mcv: (98.0..+inf)', not 'Drinks: (5.0..8.0]' => 'Sgpt: (-inf..20.2]'
c1 rule: 'Gammagt: (-inf..23.6]', 'Drinks: (8.0..12.0]' => 'Sgpt: (-inf..20.2]'
c1 rule: 'Mcv: (-inf..83.0]', 'Alkphos: (96.6..+inf)' => 'Sgpt: (-inf..20.2]'
c1 rule: 'Mcv: (-inf..83.0]', 'Gammagt: (-inf..23.6]', not 'Drinks: (-inf..2.0]' => 'Sgpt: (-inf..20.2]'
c1 rule: 'Sgot: (-inf..18.2]', 'Drinks: (5.0..8.0]', not 'Gammagt: (-inf..23.6]' => 'Sgpt: (-inf..20.2]'
c1 rule: 'Sgot: (-inf..18.2]', 'Gammagt: (42.2..64.8]', not 'Mcv: (83.0..88.0]' => 'Sgpt: (-inf..20.2]'
c1 rule: 'Mcv: (83.0..88.0]', 'Alkphos: (-inf..50.4]', 'Gammagt: (42.2..64.8]' => 'Sgpt: (-inf..20.2]'
c1 rule: 'Sgot: (-inf..18.2]', 'Drinks: (5.0..8.0]', not 'Alkphos: (65.8..81.2]' => 'Sgpt: (-inf..20.2]'
c1 rule: 'Alkphos: (81.2..96.6]', 'Gammagt: (23.6..42.2]', 'Drinks: (2.0..5.0]' => 'Sgpt: (-inf..20.2]'
c1 rule: 'Alkphos: (96.6..+inf)', 'Sgot: (-inf..18.2]', not 'Drinks: (2.0..5.0]' => 'Sgpt: (-inf..20.2]'
c1 rule: 'Mcv: (-inf..83.0]', 'Alkphos: (50.4..65.8]', 'Sgot: (18.2..27.4]' => 'Sgpt: (-inf..20.2]'
c1 rule: 'Alkphos: (65.8..81.2]', 'Sgot: (27.4..36.6]', 'Gammagt: (-inf..23.6]' => 'Sgpt: (-inf..20.2]'
c1 rule: 'Mcv: (93.0..98.0]', 'Sgot: (27.4..36.6]', 'Gammagt: (-inf..23.6]' => 'Sgpt: (-inf..20.2]'
c1 rule: 'Mcv: (93.0..98.0]', 'Sgot: (18.2..27.4]', 'Gammagt: (105.2..+inf)' => 'Sgpt: (-inf..20.2]'
c1 rule: 'Mcv: (-inf..83.0]', 'Sgot: (18.2..27.4]', 'Gammagt: (-inf..23.6]' => 'Sgpt: (-inf..20.2]'
c1 rule: 'Alkphos: (96.6..+inf)', 'Sgot: (18.2..27.4]', 'Gammagt: (-inf..23.6]', not 'Mcv: (83.0..88.0]' => 'Sgpt: (-inf..20.2]'
c1 rule: 'Mcv: (88.0..93.0]', 'Alkphos: (65.8..81.2]', 'Gammagt: (-inf..23.6]', 'Drinks: (2.0..5.0]' => 'Sgpt: (-inf..20.2]'
c1 rule: 'Mcv: (88.0..93.0]', 'Alkphos: (81.2..96.6]', 'Gammagt: (-inf..23.6]', not 'Drinks: (-inf..2.0]' => 'Sgpt: (-inf..20.2]'
c1 rule: 'Alkphos: (65.8..81.2]', 'Sgot: (18.2..27.4]', 'Gammagt: (-inf..23.6]', 'Drinks: (5.0..8.0]' => 'Sgpt: (-inf..20.2]'
c1 rule: 'Mcv: (88.0..93.0]', 'Alkphos: (-inf..50.4]', 'Gammagt: (-inf..23.6]', 'Drinks: (5.0..8.0]' => 'Sgpt: (-inf..20.2]'
c1 rule: 'Mcv: (88.0..93.0]', 'Alkphos: (-inf..50.4]', 'Drinks: (2.0..5.0]', not 'Sgot: (27.4..36.6]' => 'Sgpt: (-inf..20.2]'
c1 rule: 'Alkphos: (81.2..96.6]', 'Sgot: (-inf..18.2]', 'Gammagt: (-inf..23.6]', not 'Mcv: (83.0..88.0]' => 'Sgpt: (-inf..20.2]'
c1 rule: 'Mcv: (83.0..88.0]', 'Alkphos: (50.4..65.8]', 'Gammagt: (-inf..23.6]', not 'Drinks: (-inf..2.0]' => 'Sgpt: (-inf..20.2]'
c1 rule: 'Mcv: (88.0..93.0]', 'Gammagt: (42.2..64.8]', 'Drinks: (-inf..2.0]', not 'Alkphos: (50.4..65.8]', not 'Sgot: (27.4..36.6]' => 'Sgpt: (-inf..20.2]'
c1 # of rules: 25
c1 rule time: 0.0268

c1 computing class: (20.2..33.4]
c1 discrimination constraints: 124h
c1 coverage constraints: 90v+2341h
c1 formula: 150v, 2555c (2495h+60s)
c1 enumerating rules (maxsat-based)
c1 rule: 'Sgot: (18.2..27.4]', 'Drinks: (12.0..+inf)' => 'Sgpt: (20.2..33.4]'
c1 rule: 'Mcv: (-inf..83.0]', 'Gammagt: (105.2..+inf)' => 'Sgpt: (20.2..33.4]'
c1 rule: 'Alkphos: (50.4..65.8]', 'Gammagt: (105.2..+inf)' => 'Sgpt: (20.2..33.4]'
c1 rule: 'Sgot: (48.8..+inf)', 'Gammagt: (-inf..23.6]' => 'Sgpt: (20.2..33.4]'
c1 rule: 'Gammagt: (64.8..105.2]', 'Drinks: (2.0..5.0]' => 'Sgpt: (20.2..33.4]'
c1 rule: 'Mcv: (98.0..+inf)', 'Alkphos: (50.4..65.8]' => 'Sgpt: (20.2..33.4]'
c1 rule: 'Mcv: (-inf..83.0]', 'Gammagt: (23.6..42.2]' => 'Sgpt: (20.2..33.4]'
c1 rule: 'Mcv: (98.0..+inf)', 'Gammagt: (23.6..42.2]' => 'Sgpt: (20.2..33.4]'
c1 rule: 'Gammagt: (64.8..105.2]', 'Drinks: (8.0..12.0]', not 'Alkphos: (96.6..+inf)' => 'Sgpt: (20.2..33.4]'
c1 rule: 'Alkphos: (65.8..81.2]', 'Drinks: (8.0..12.0]', not 'Sgot: (48.8..+inf)' => 'Sgpt: (20.2..33.4]'
c1 rule: 'Alkphos: (65.8..81.2]', 'Sgot: (27.4..36.6]', 'Gammagt: (105.2..+inf)' => 'Sgpt: (20.2..33.4]'
c1 rule: 'Mcv: (93.0..98.0]', 'Alkphos: (65.8..81.2]', 'Drinks: (2.0..5.0]' => 'Sgpt: (20.2..33.4]'
c1 rule: 'Alkphos: (65.8..81.2]', 'Sgot: (36.6..48.8]', not 'Gammagt: (105.2..+inf)' => 'Sgpt: (20.2..33.4]'
c1 rule: 'Sgot: (18.2..27.4]', 'Gammagt: (105.2..+inf)', 'Drinks: (2.0..5.0]' => 'Sgpt: (20.2..33.4]'
c1 rule: 'Mcv: (88.0..93.0]', 'Gammagt: (105.2..+inf)', 'Drinks: (8.0..12.0]' => 'Sgpt: (20.2..33.4]'
c1 rule: 'Alkphos: (96.6..+inf)', 'Drinks: (5.0..8.0]', not 'Sgot: (27.4..36.6]' => 'Sgpt: (20.2..33.4]'
c1 rule: 'Mcv: (83.0..88.0]', 'Alkphos: (96.6..+inf)', 'Gammagt: (42.2..64.8]' => 'Sgpt: (20.2..33.4]'
c1 rule: 'Sgot: (-inf..18.2]', 'Gammagt: (42.2..64.8]', 'Drinks: (-inf..2.0]' => 'Sgpt: (20.2..33.4]'
c1 rule: 'Sgot: (-inf..18.2]', 'Gammagt: (23.6..42.2]', not 'Mcv: (88.0..93.0]' => 'Sgpt: (20.2..33.4]'
c1 rule: 'Alkphos: (50.4..65.8]', 'Sgot: (-inf..18.2]', 'Gammagt: (23.6..42.2]' => 'Sgpt: (20.2..33.4]'
c1 rule: 'Mcv: (93.0..98.0]', 'Gammagt: (23.6..42.2]', 'Drinks: (-inf..2.0]' => 'Sgpt: (20.2..33.4]'
c1 rule: 'Alkphos: (-inf..50.4]', 'Gammagt: (23.6..42.2]', 'Drinks: (-inf..2.0]' => 'Sgpt: (20.2..33.4]'
c1 rule: 'Mcv: (93.0..98.0]', 'Sgot: (-inf..18.2]', not 'Alkphos: (50.4..65.8]' => 'Sgpt: (20.2..33.4]'
c1 rule: 'Mcv: (93.0..98.0]', 'Alkphos: (81.2..96.6]', 'Sgot: (18.2..27.4]' => 'Sgpt: (20.2..33.4]'
c1 rule: 'Alkphos: (81.2..96.6]', 'Gammagt: (23.6..42.2]', 'Drinks: (5.0..8.0]' => 'Sgpt: (20.2..33.4]'
c1 rule: 'Alkphos: (65.8..81.2]', 'Gammagt: (42.2..64.8]', 'Drinks: (2.0..5.0]' => 'Sgpt: (20.2..33.4]'
c1 rule: 'Mcv: (93.0..98.0]', 'Gammagt: (42.2..64.8]', 'Drinks: (2.0..5.0]' => 'Sgpt: (20.2..33.4]'
c1 rule: 'Alkphos: (-inf..50.4]', 'Sgot: (27.4..36.6]', 'Gammagt: (-inf..23.6]' => 'Sgpt: (20.2..33.4]'
c1 rule: 'Alkphos: (81.2..96.6]', 'Sgot: (27.4..36.6]', 'Gammagt: (-inf..23.6]' => 'Sgpt: (20.2..33.4]'
c1 rule: 'Alkphos: (96.6..+inf)', 'Sgot: (-inf..18.2]', not 'Drinks: (-inf..2.0]' => 'Sgpt: (20.2..33.4]'
c1 rule: 'Mcv: (93.0..98.0]', 'Sgot: (27.4..36.6]', 'Drinks: (8.0..12.0]' => 'Sgpt: (20.2..33.4]'
c1 rule: 'Mcv: (-inf..83.0]', 'Sgot: (-inf..18.2]', not 'Alkphos: (50.4..65.8]' => 'Sgpt: (20.2..33.4]'
c1 rule: 'Alkphos: (-inf..50.4]', 'Gammagt: (23.6..42.2]', 'Drinks: (5.0..8.0]' => 'Sgpt: (20.2..33.4]'
c1 rule: 'Mcv: (-inf..83.0]', 'Drinks: (2.0..5.0]', not 'Gammagt: (-inf..23.6]' => 'Sgpt: (20.2..33.4]'
c1 rule: 'Mcv: (83.0..88.0]', 'Alkphos: (-inf..50.4]', 'Drinks: (-inf..2.0]', not 'Sgot: (18.2..27.4]' => 'Sgpt: (20.2..33.4]'
c1 rule: 'Alkphos: (50.4..65.8]', 'Gammagt: (23.6..42.2]', 'Drinks: (-inf..2.0]', not 'Mcv: (83.0..88.0]' => 'Sgpt: (20.2..33.4]'
c1 rule: 'Gammagt: (23.6..42.2]', 'Drinks: (5.0..8.0]', not 'Mcv: (93.0..98.0]', not 'Alkphos: (50.4..65.8]' => 'Sgpt: (20.2..33.4]'
c1 rule: 'Mcv: (93.0..98.0]', 'Gammagt: (23.6..42.2]', not 'Alkphos: (65.8..81.2]', not 'Drinks: (2.0..5.0]' => 'Sgpt: (20.2..33.4]'
c1 rule: 'Sgot: (18.2..27.4]', 'Gammagt: (64.8..105.2]', not 'Alkphos: (-inf..50.4]', not 'Drinks: (-inf..2.0]' => 'Sgpt: (20.2..33.4]'
c1 rule: 'Sgot: (-inf..18.2]', 'Drinks: (2.0..5.0]', not 'Mcv: (88.0..93.0]', not 'Alkphos: (-inf..50.4]' => 'Sgpt: (20.2..33.4]'
c1 rule: 'Mcv: (83.0..88.0]', 'Alkphos: (65.8..81.2]', 'Sgot: (18.2..27.4]', not 'Drinks: (-inf..2.0]' => 'Sgpt: (20.2..33.4]'
c1 rule: 'Sgot: (-inf..18.2]', 'Gammagt: (23.6..42.2]', not 'Alkphos: (81.2..96.6]', not 'Drinks: (-inf..2.0]' => 'Sgpt: (20.2..33.4]'
c1 rule: 'Alkphos: (96.6..+inf)', 'Gammagt: (23.6..42.2]', 'Drinks: (-inf..2.0]', not 'Mcv: (83.0..88.0]' => 'Sgpt: (20.2..33.4]'
c1 rule: 'Mcv: (88.0..93.0]', 'Alkphos: (-inf..50.4]', 'Gammagt: (42.2..64.8]', not 'Sgot: (-inf..18.2]' => 'Sgpt: (20.2..33.4]'
c1 rule: 'Mcv: (83.0..88.0]', 'Alkphos: (96.6..+inf)', 'Gammagt: (-inf..23.6]', not 'Drinks: (8.0..12.0]' => 'Sgpt: (20.2..33.4]'
c1 rule: 'Mcv: (83.0..88.0]', 'Alkphos: (-inf..50.4]', 'Sgot: (18.2..27.4]', not 'Gammagt: (23.6..42.2]', not 'Drinks: (-inf..2.0]' => 'Sgpt: (20.2..33.4]'
c1 rule: 'Alkphos: (81.2..96.6]', 'Gammagt: (-inf..23.6]', 'Drinks: (-inf..2.0]', not 'Mcv: (88.0..93.0]', not 'Sgot: (-inf..18.2]' => 'Sgpt: (20.2..33.4]'
c1 # of rules: 47
c1 rule time: 0.0754

c1 computing class: (33.4..47.6]
c1 discrimination constraints: 174h
c1 coverage constraints: 40v+1041h
c1 formula: 100v, 1305c (1245h+60s)
c1 enumerating rules (maxsat-based)
c1 rule: 'Alkphos: (-inf..50.4]', 'Gammagt: (64.8..105.2]' => 'Sgpt: (33.4..47.6]'
c1 rule: 'Mcv: (83.0..88.0]', 'Gammagt: (64.8..105.2]' => 'Sgpt: (33.4..47.6]'
c1 rule: 'Alkphos: (-inf..50.4]', 'Drinks: (8.0..12.0]' => 'Sgpt: (33.4..47.6]'
c1 rule: 'Mcv: (-inf..83.0]', 'Sgot: (27.4..36.6]' => 'Sgpt: (33.4..47.6]'
c1 rule: 'Mcv: (98.0..+inf)', 'Gammagt: (105.2..+inf)' => 'Sgpt: (33.4..47.6]'
c1 rule: 'Mcv: (88.0..93.0]', 'Drinks: (12.0..+inf)', not 'Sgot: (18.2..27.4]' => 'Sgpt: (33.4..47.6]'
c1 rule: 'Sgot: (36.6..48.8]', 'Gammagt: (105.2..+inf)', not 'Alkphos: (-inf..50.4]' => 'Sgpt: (33.4..47.6]'
c1 rule: 'Sgot: (27.4..36.6]', 'Gammagt: (23.6..42.2]', not 'Mcv: (88.0..93.0]' => 'Sgpt: (33.4..47.6]'
c1 rule: 'Alkphos: (81.2..96.6]', 'Sgot: (27.4..36.6]', 'Gammagt: (23.6..42.2]' => 'Sgpt: (33.4..47.6]'
c1 rule: 'Mcv: (83.0..88.0]', 'Gammagt: (105.2..+inf)', 'Drinks: (-inf..2.0]' => 'Sgpt: (33.4..47.6]'
c1 rule: 'Sgot: (18.2..27.4]', 'Gammagt: (64.8..105.2]', 'Drinks: (-inf..2.0]' => 'Sgpt: (33.4..47.6]'
c1 rule: 'Alkphos: (-inf..50.4]', 'Gammagt: (23.6..42.2]', 'Drinks: (2.0..5.0]' => 'Sgpt: (33.4..47.6]'
c1 rule: 'Alkphos: (96.6..+inf)', 'Gammagt: (23.6..42.2]', 'Drinks: (2.0..5.0]' => 'Sgpt: (33.4..47.6]'
c1 rule: 'Mcv: (93.0..98.0]', 'Alkphos: (-inf..50.4]', 'Gammagt: (-inf..23.6]' => 'Sgpt: (33.4..47.6]'
c1 rule: 'Mcv: (88.0..93.0]', 'Sgot: (27.4..36.6]', 'Gammagt: (42.2..64.8]' => 'Sgpt: (33.4..47.6]'
c1 rule: 'Alkphos: (81.2..96.6]', 'Gammagt: (64.8..105.2]', 'Drinks: (5.0..8.0]' => 'Sgpt: (33.4..47.6]'
c1 rule: 'Mcv: (93.0..98.0]', 'Alkphos: (96.6..+inf)', 'Gammagt: (42.2..64.8]' => 'Sgpt: (33.4..47.6]'
c1 rule: 'Alkphos: (96.6..+inf)', 'Gammagt: (42.2..64.8]', 'Drinks: (8.0..12.0]' => 'Sgpt: (33.4..47.6]'
c1 rule: 'Alkphos: (81.2..96.6]', 'Gammagt: (105.2..+inf)', 'Drinks: (-inf..2.0]' => 'Sgpt: (33.4..47.6]'
c1 rule: 'Mcv: (93.0..98.0]', 'Alkphos: (50.4..65.8]', 'Sgot: (18.2..27.4]', not 'Drinks: (5.0..8.0]' => 'Sgpt: (33.4..47.6]'
c1 rule: 'Mcv: (88.0..93.0]', 'Alkphos: (50.4..65.8]', 'Sgot: (18.2..27.4]', 'Gammagt: (42.2..64.8]' => 'Sgpt: (33.4..47.6]'
c1 rule: 'Mcv: (83.0..88.0]', 'Alkphos: (50.4..65.8]', 'Sgot: (18.2..27.4]', 'Gammagt: (42.2..64.8]' => 'Sgpt: (33.4..47.6]'
c1 rule: 'Mcv: (88.0..93.0]', 'Alkphos: (50.4..65.8]', 'Sgot: (27.4..36.6]', 'Gammagt: (-inf..23.6]' => 'Sgpt: (33.4..47.6]'
c1 rule: 'Mcv: (83.0..88.0]', 'Drinks: (5.0..8.0]', not 'Alkphos: (96.6..+inf)', not 'Sgot: (-inf..18.2]' => 'Sgpt: (33.4..47.6]'
c1 rule: 'Alkphos: (96.6..+inf)', 'Gammagt: (23.6..42.2]', 'Drinks: (-inf..2.0]', not 'Mcv: (88.0..93.0]' => 'Sgpt: (33.4..47.6]'
c1 rule: 'Mcv: (88.0..93.0]', 'Alkphos: (-inf..50.4]', 'Sgot: (18.2..27.4]', 'Drinks: (-inf..2.0]' => 'Sgpt: (33.4..47.6]'
c1 rule: 'Mcv: (88.0..93.0]', 'Alkphos: (65.8..81.2]', 'Sgot: (18.2..27.4]', 'Gammagt: (23.6..42.2]', not 'Drinks: (2.0..5.0]' => 'Sgpt: (33.4..47.6]'
c1 # of rules: 27
c1 rule time: 0.0263

c1 computing class: (47.6..67.8]
c1 discrimination constraints: 198h
c1 coverage constraints: 16v+417h
c1 formula: 76v, 705c (645h+60s)
c1 enumerating rules (maxsat-based)
c1 rule: 'Sgot: (36.6..48.8]', 'Drinks: (8.0..12.0]' => 'Sgpt: (47.6..67.8]'
c1 rule: 'Alkphos: (96.6..+inf)', 'Sgot: (36.6..48.8]' => 'Sgpt: (47.6..67.8]'
c1 rule: 'Gammagt: (64.8..105.2]', 'Drinks: (12.0..+inf)' => 'Sgpt: (47.6..67.8]'
c1 rule: 'Alkphos: (96.6..+inf)', 'Gammagt: (64.8..105.2]' => 'Sgpt: (47.6..67.8]'
c1 rule: 'Sgot: (48.8..+inf)', 'Drinks: (8.0..12.0]' => 'Sgpt: (47.6..67.8]'
c1 rule: 'Alkphos: (81.2..96.6]', 'Sgot: (27.4..36.6]', 'Drinks: (5.0..8.0]' => 'Sgpt: (47.6..67.8]'
c1 rule: 'Mcv: (83.0..88.0]', 'Sgot: (27.4..36.6]', 'Drinks: (8.0..12.0]' => 'Sgpt: (47.6..67.8]'
c1 rule: 'Sgot: (36.6..48.8]', 'Drinks: (5.0..8.0]', not 'Gammagt: (64.8..105.2]' => 'Sgpt: (47.6..67.8]'
c1 rule: 'Sgot: (36.6..48.8]', 'Gammagt: (64.8..105.2]', not 'Mcv: (93.0..98.0]' => 'Sgpt: (47.6..67.8]'
c1 rule: 'Mcv: (88.0..93.0]', 'Sgot: (36.6..48.8]', not 'Alkphos: (65.8..81.2]' => 'Sgpt: (47.6..67.8]'
c1 rule: 'Alkphos: (50.4..65.8]', 'Sgot: (36.6..48.8]', not 'Drinks: (2.0..5.0]' => 'Sgpt: (47.6..67.8]'
c1 rule: 'Alkphos: (50.4..65.8]', 'Sgot: (36.6..48.8]', not 'Mcv: (-inf..83.0]' => 'Sgpt: (47.6..67.8]'
c1 rule: 'Mcv: (88.0..93.0]', 'Alkphos: (81.2..96.6]', 'Gammagt: (42.2..64.8]' => 'Sgpt: (47.6..67.8]'
c1 rule: 'Mcv: (88.0..93.0]', 'Gammagt: (64.8..105.2]', 'Drinks: (-inf..2.0]', not 'Sgot: (18.2..27.4]' => 'Sgpt: (47.6..67.8]'
c1 rule: 'Alkphos: (65.8..81.2]', 'Sgot: (27.4..36.6]', 'Gammagt: (42.2..64.8]', not 'Mcv: (-inf..83.0]' => 'Sgpt: (47.6..67.8]'
c1 # of rules: 15
c1 rule time: 0.0130

c1 computing class: (67.8..+inf)
c1 discrimination constraints: 204h
c1 coverage constraints: 10v+261h
c1 formula: 70v, 555c (495h+60s)
c1 enumerating rules (maxsat-based)
c1 rule: 'Alkphos: (50.4..65.8]', 'Sgot: (48.8..+inf)' => 'Sgpt: (67.8..+inf)'
c1 rule: 'Alkphos: (-inf..50.4]', 'Sgot: (36.6..48.8]' => 'Sgpt: (67.8..+inf)'
c1 rule: 'Alkphos: (-inf..50.4]', 'Gammagt: (105.2..+inf)' => 'Sgpt: (67.8..+inf)'
c1 rule: 'Alkphos: (81.2..96.6]', 'Drinks: (12.0..+inf)' => 'Sgpt: (67.8..+inf)'
c1 rule: 'Sgot: (36.6..48.8]', 'Drinks: (-inf..2.0]', not 'Gammagt: (23.6..42.2]' => 'Sgpt: (67.8..+inf)'
c1 rule: 'Mcv: (93.0..98.0]', 'Gammagt: (105.2..+inf)', not 'Sgot: (18.2..27.4]' => 'Sgpt: (67.8..+inf)'
c1 rule: 'Sgot: (27.4..36.6]', 'Gammagt: (64.8..105.2]', 'Drinks: (5.0..8.0]' => 'Sgpt: (67.8..+inf)'
c1 rule: 'Alkphos: (65.8..81.2]', 'Sgot: (18.2..27.4]', 'Gammagt: (42.2..64.8]', 'Drinks: (-inf..2.0]' => 'Sgpt: (67.8..+inf)'
c1 rule: 'Alkphos: (65.8..81.2]', 'Gammagt: (23.6..42.2]', 'Drinks: (5.0..8.0]', not 'Mcv: (88.0..93.0]' => 'Sgpt: (67.8..+inf)'
c1 # of rules: 9
c1 rule time: 0.0078

c2 total rules: 123

c0 computing feature 4
c1 computing class: (-inf..18.2]
c1 discrimination constraints: 169h
c1 coverage constraints: 45v+1171h
c1 formula: 105v, 1430c (1370h+60s)
c1 enumerating rules (maxsat-based)
c1 rule: 'Alkphos: (81.2..96.6]', 'Sgpt: (-inf..20.2]', not 'Gammagt: (-inf..23.6]' => 'Sgot: (-inf..18.2]'
c1 rule: 'Mcv: (93.0..98.0]', 'Alkphos: (50.4..65.8]', 'Drinks: (-inf..2.0]' => 'Sgot: (-inf..18.2]'
c1 rule: 'Sgpt: (-inf..20.2]', 'Gammagt: (23.6..42.2]', 'Drinks: (-inf..2.0]' => 'Sgot: (-inf..18.2]'
c1 rule: 'Mcv: (-inf..83.0]', 'Gammagt: (-inf..23.6]', not 'Sgpt: (-inf..20.2]' => 'Sgot: (-inf..18.2]'
c1 rule: 'Mcv: (83.0..88.0]', 'Sgpt: (-inf..20.2]', 'Drinks: (5.0..8.0]' => 'Sgot: (-inf..18.2]'
c1 rule: 'Alkphos: (81.2..96.6]', 'Gammagt: (64.8..105.2]', 'Drinks: (2.0..5.0]' => 'Sgot: (-inf..18.2]'
c1 rule: 'Sgpt: (20.2..33.4]', 'Gammagt: (-inf..23.6]', 'Drinks: (5.0..8.0]', not 'Alkphos: (50.4..65.8]' => 'Sgot: (-inf..18.2]'
c1 rule: 'Mcv: (88.0..93.0]', 'Alkphos: (-inf..50.4]', 'Sgpt: (-inf..20.2]', 'Drinks: (-inf..2.0]' => 'Sgot: (-inf..18.2]'
c1 rule: 'Alkphos: (81.2..96.6]', 'Sgpt: (-inf..20.2]', 'Drinks: (-inf..2.0]', not 'Mcv: (88.0..93.0]' => 'Sgot: (-inf..18.2]'
c1 rule: 'Alkphos: (50.4..65.8]', 'Sgpt: (-inf..20.2]', 'Gammagt: (42.2..64.8]', not 'Drinks: (5.0..8.0]' => 'Sgot: (-inf..18.2]'
c1 rule: 'Mcv: (88.0..93.0]', 'Sgpt: (-inf..20.2]', 'Gammagt: (42.2..64.8]', not 'Alkphos: (96.6..+inf)' => 'Sgot: (-inf..18.2]'
c1 rule: 'Alkphos: (50.4..65.8]', 'Gammagt: (42.2..64.8]', 'Drinks: (-inf..2.0]', not 'Sgpt: (33.4..47.6]' => 'Sgot: (-inf..18.2]'
c1 rule: 'Mcv: (88.0..93.0]', 'Alkphos: (50.4..65.8]', 'Gammagt: (23.6..42.2]', 'Drinks: (2.0..5.0]' => 'Sgot: (-inf..18.2]'
c1 rule: 'Mcv: (88.0..93.0]', 'Alkphos: (81.2..96.6]', 'Gammagt: (23.6..42.2]', 'Drinks: (-inf..2.0]' => 'Sgot: (-inf..18.2]'
c1 rule: 'Mcv: (88.0..93.0]', 'Alkphos: (96.6..+inf)', 'Sgpt: (20.2..33.4]', not 'Drinks: (-inf..2.0]' => 'Sgot: (-inf..18.2]'
c1 rule: 'Alkphos: (-inf..50.4]', 'Sgpt: (20.2..33.4]', 'Gammagt: (-inf..23.6]', not 'Mcv: (83.0..88.0]', not 'Drinks: (2.0..5.0]' => 'Sgot: (-inf..18.2]'
c1 rule: 'Alkphos: (-inf..50.4]', 'Sgpt: (-inf..20.2]', 'Gammagt: (-inf..23.6]', not 'Mcv: (88.0..93.0]', not 'Drinks: (-inf..2.0]' => 'Sgot: (-inf..18.2]'
c1 rule: 'Mcv: (88.0..93.0]', 'Alkphos: (50.4..65.8]', 'Sgpt: (33.4..47.6]', 'Gammagt: (-inf..23.6]', not 'Drinks: (2.0..5.0]' => 'Sgot: (-inf..18.2]'
c1 # of rules: 18
c1 rule time: 0.0264

c1 computing class: (18.2..27.4]
c1 discrimination constraints: 106h
c1 coverage constraints: 108v+2809h
c1 formula: 168v, 3005c (2945h+60s)
c1 enumerating rules (maxsat-based)
c1 rule: 'Mcv: (98.0..+inf)', 'Sgpt: (20.2..33.4]' => 'Sgot: (18.2..27.4]'
c1 rule: 'Mcv: (98.0..+inf)', 'Gammagt: (42.2..64.8]' => 'Sgot: (18.2..27.4]'
c1 rule: 'Gammagt: (-inf..23.6]', 'Drinks: (8.0..12.0]' => 'Sgot: (18.2..27.4]'
c1 rule: 'Alkphos: (-inf..50.4]', 'Drinks: (8.0..12.0]' => 'Sgot: (18.2..27.4]'
c1 rule: 'Sgpt: (-inf..20.2]', 'Gammagt: (105.2..+inf)' => 'Sgot: (18.2..27.4]'
c1 rule: 'Mcv: (-inf..83.0]', 'Gammagt: (23.6..42.2]' => 'Sgot: (18.2..27.4]'
c1 rule: 'Alkphos: (-inf..50.4]', 'Sgpt: (33.4..47.6]' => 'Sgot: (18.2..27.4]'
c1 rule: 'Gammagt: (-inf..23.6]', 'Drinks: (12.0..+inf)' => 'Sgot: (18.2..27.4]'
c1 rule: 'Mcv: (-inf..83.0]', 'Alkphos: (96.6..+inf)' => 'Sgot: (18.2..27.4]'
c1 rule: 'Mcv: (-inf..83.0]', 'Gammagt: (105.2..+inf)' => 'Sgot: (18.2..27.4]'
c1 rule: 'Alkphos: (50.4..65.8]', 'Gammagt: (105.2..+inf)', not 'Mcv: (83.0..88.0]' => 'Sgot: (18.2..27.4]'
c1 rule: 'Mcv: (83.0..88.0]', 'Drinks: (5.0..8.0]', not 'Sgpt: (-inf..20.2]' => 'Sgot: (18.2..27.4]'
c1 rule: 'Alkphos: (81.2..96.6]', 'Gammagt: (-inf..23.6]', not 'Drinks: (-inf..2.0]' => 'Sgot: (18.2..27.4]'
c1 rule: 'Mcv: (93.0..98.0]', 'Alkphos: (81.2..96.6]', 'Gammagt: (-inf..23.6]' => 'Sgot: (18.2..27.4]'
c1 rule: 'Alkphos: (81.2..96.6]', 'Gammagt: (23.6..42.2]', 'Drinks: (5.0..8.0]' => 'Sgot: (18.2..27.4]'
c1 rule: 'Gammagt: (23.6..42.2]', 'Drinks: (5.0..8.0]', not 'Mcv: (88.0..93.0]' => 'Sgot: (18.2..27.4]'
c1 rule: 'Sgpt: (33.4..47.6]', 'Gammagt: (23.6..42.2]', 'Drinks: (5.0..8.0]' => 'Sgot: (18.2..27.4]'
c1 rule: 'Alkphos: (-inf..50.4]', 'Gammagt: (23.6..42.2]', 'Drinks: (5.0..8.0]' => 'Sgot: (18.2..27.4]'
c1 rule: 'Alkphos: (-inf..50.4]', 'Sgpt: (20.2..33.4]', 'Drinks: (5.0..8.0]' => 'Sgot: (18.2..27.4]'
c1 rule: 'Alkphos: (-inf..50.4]', 'Sgpt: (20.2..33.4]', 'Gammagt: (42.2..64.8]' => 'Sgot: (18.2..27.4]'
c1 rule: 'Mcv: (88.0..93.0]', 'Sgpt: (20.2..33.4]', 'Gammagt: (42.2..64.8]' => 'Sgot: (18.2..27.4]'
c1 rule: 'Mcv: (93.0..98.0]', 'Sgpt: (20.2..33.4]', 'Drinks: (2.0..5.0]' => 'Sgot: (18.2..27.4]'
c1 rule: 'Mcv: (-inf..83.0]', 'Alkphos: (65.8..81.2]', 'Sgpt: (20.2..33.4]' => 'Sgot: (18.2..27.4]'
c1 rule: 'Mcv: (-inf..83.0]', 'Alkphos: (65.8..81.2]', not 'Gammagt: (42.2..64.8]' => 'Sgot: (18.2..27.4]'
c1 rule: 'Alkphos: (65.8..81.2]', 'Sgpt: (20.2..33.4]', 'Gammagt: (42.2..64.8]' => 'Sgot: (18.2..27.4]'
c1 rule: 'Mcv: (93.0..98.0]', 'Gammagt: (42.2..64.8]', not 'Drinks: (8.0..12.0]' => 'Sgot: (18.2..27.4]'
c1 rule: 'Mcv: (93.0..98.0]', 'Gammagt: (-inf..23.6]', not 'Drinks: (-inf..2.0]' => 'Sgot: (18.2..27.4]'
c1 rule: 'Alkphos: (96.6..+inf)', 'Sgpt: (20.2..33.4]', not 'Gammagt: (-inf..23.6]' => 'Sgot: (18.2..27.4]'
c1 rule: 'Alkphos: (96.6..+inf)', 'Sgpt: (20.2..33.4]', not 'Mcv: (88.0..93.0]' => 'Sgot: (18.2..27.4]'
c1 rule: 'Alkphos: (96.6..+inf)', 'Sgpt: (-inf..20.2]', not 'Gammagt: (-inf..23.6]' => 'Sgot: (18.2..27.4]'
c1 rule: 'Alkphos: (96.6..+inf)', 'Sgpt: (-inf..20.2]', not 'Drinks: (-inf..2.0]' => 'Sgot: (18.2..27.4]'
c1 rule: 'Alkphos: (96.6..+inf)', 'Drinks: (2.0..5.0]', not 'Gammagt: (-inf..23.6]' => 'Sgot: (18.2..27.4]'
c1 rule: 'Sgpt: (-inf..20.2]', 'Gammagt: (23.6..42.2]', not 'Mcv: (88.0..93.0]' => 'Sgot: (18.2..27.4]'
c1 rule: 'Alkphos: (50.4..65.8]', 'Sgpt: (-inf..20.2]', 'Gammagt: (23.6..42.2]' => 'Sgot: (18.2..27.4]'
c1 rule: 'Mcv: (-inf..83.0]', 'Sgpt: (-inf..20.2]', not 'Alkphos: (50.4..65.8]' => 'Sgot: (18.2..27.4]'
c1 rule: 'Mcv: (-inf..83.0]', 'Sgpt: (-inf..20.2]', not 'Drinks: (-inf..2.0]' => 'Sgot: (18.2..27.4]'
c1 rule: 'Mcv: (88.0..93.0]', 'Gammagt: (42.2..64.8]', 'Drinks: (8.0..12.0]' => 'Sgot: (18.2..27.4]'
c1 rule: 'Alkphos: (65.8..81.2]', 'Sgpt: (20.2..33.4]', 'Gammagt: (64.8..105.2]' => 'Sgot: (18.2..27.4]'
c1 rule: 'Mcv: (88.0..93.0]', 'Sgpt: (33.4..47.6]', 'Gammagt: (64.8..105.2]' => 'Sgot: (18.2..27.4]'
c1 rule: 'Mcv: (93.0..98.0]', 'Alkphos: (81.2..96.6]', 'Drinks: (-inf..2.0]' => 'Sgot: (18.2..27.4]'
c1 rule: 'Mcv: (88.0..93.0]', 'Gammagt: (105.2..+inf)', 'Drinks: (-inf..2.0]' => 'Sgot: (18.2..27.4]'
c1 rule: 'Gammagt: (23.6..42.2]', 'Drinks: (8.0..12.0]', not 'Sgpt: (33.4..47.6]' => 'Sgot: (18.2..27.4]'
c1 rule: 'Mcv: (83.0..88.0]', 'Sgpt: (20.2..33.4]', 'Gammagt: (23.6..42.2]' => 'Sgot: (18.2..27.4]'
c1 rule: 'Mcv: (83.0..88.0]', 'Alkphos: (50.4..65.8]', 'Gammagt: (23.6..42.2]' => 'Sgot: (18.2..27.4]'
c1 rule: 'Mcv: (83.0..88.0]', 'Alkphos: (65.8..81.2]', 'Sgpt: (67.8..+inf)' => 'Sgot: (18.2..27.4]'
c1 rule: 'Mcv: (93.0..98.0]', 'Alkphos: (65.8..81.2]', 'Sgpt: (-inf..20.2]' => 'Sgot: (18.2..27.4]'
c1 rule: 'Alkphos: (65.8..81.2]', 'Sgpt: (33.4..47.6]', 'Gammagt: (-inf..23.6]' => 'Sgot: (18.2..27.4]'
c1 rule: 'Mcv: (83.0..88.0]', 'Sgpt: (33.4..47.6]', 'Gammagt: (42.2..64.8]' => 'Sgot: (18.2..27.4]'
c1 rule: 'Mcv: (93.0..98.0]', 'Gammagt: (23.6..42.2]', not 'Alkphos: (50.4..65.8]' => 'Sgot: (18.2..27.4]'
c1 rule: 'Mcv: (88.0..93.0]', 'Alkphos: (65.8..81.2]', 'Sgpt: (33.4..47.6]', not 'Gammagt: (105.2..+inf)' => 'Sgot: (18.2..27.4]'
c1 rule: 'Alkphos: (50.4..65.8]', 'Gammagt: (-inf..23.6]', 'Drinks: (2.0..5.0]', not 'Mcv: (88.0..93.0]' => 'Sgot: (18.2..27.4]'
c1 rule: 'Mcv: (83.0..88.0]', 'Alkphos: (65.8..81.2]', 'Gammagt: (23.6..42.2]', not 'Drinks: (2.0..5.0]' => 'Sgot: (18.2..27.4]'
c1 rule: 'Mcv: (88.0..93.0]', 'Alkphos: (-inf..50.4]', 'Drinks: (2.0..5.0]', not 'Sgpt: (20.2..33.4]' => 'Sgot: (18.2..27.4]'
c1 rule: 'Alkphos: (65.8..81.2]', 'Sgpt: (-inf..20.2]', 'Drinks: (2.0..5.0]', not 'Gammagt: (-inf..23.6]' => 'Sgot: (18.2..27.4]'
c1 rule: 'Mcv: (88.0..93.0]', 'Alkphos: (50.4..65.8]', 'Sgpt: (-inf..20.2]', 'Drinks: (5.0..8.0]' => 'Sgot: (18.2..27.4]'
c1 rule: 'Mcv: (88.0..93.0]', 'Alkphos: (50.4..65.8]', 'Gammagt: (-inf..23.6]', 'Drinks: (5.0..8.0]' => 'Sgot: (18.2..27.4]'
c1 rule: 'Mcv: (88.0..93.0]', 'Gammagt: (-inf..23.6]', 'Drinks: (5.0..8.0]', not 'Alkphos: (65.8..81.2]' => 'Sgot: (18.2..27.4]'
c1 rule: 'Alkphos: (-inf..50.4]', 'Drinks: (-inf..2.0]', not 'Mcv: (88.0..93.0]', not 'Sgpt: (20.2..33.4]' => 'Sgot: (18.2..27.4]'
c1 # of rules: 58
c1 rule time: 0.0767

c1 computing class: (27.4..36.6]
c1 discrimination constraints: 174h
c1 coverage constraints: 40v+1041h
c1 formula: 100v, 1305c (1245h+60s)
c1 enumerating rules (maxsat-based)
c1 rule: 'Mcv: (88.0..93.0]', 'Sgpt: (67.8..+inf)' => 'Sgot: (27.4..36.6]'
c1 rule: 'Mcv: (-inf..83.0]', 'Sgpt: (33.4..47.6]' => 'Sgot: (27.4..36.6]'
c1 rule: 'Sgpt: (47.6..67.8]', 'Drinks: (-inf..2.0]' => 'Sgot: (27.4..36.6]'
c1 rule: 'Gammagt: (64.8..105.2]', 'Drinks: (8.0..12.0]' => 'Sgot: (27.4..36.6]'
c1 rule: 'Gammagt: (105.2..+inf)', 'Drinks: (8.0..12.0]' => 'Sgot: (27.4..36.6]'
c1 rule: 'Sgpt: (47.6..67.8]', 'Gammagt: (105.2..+inf)' => 'Sgot: (27.4..36.6]'
c1 rule: 'Alkphos: (81.2..96.6]', 'Drinks: (12.0..+inf)' => 'Sgot: (27.4..36.6]'
c1 rule: 'Mcv: (98.0..+inf)', 'Alkphos: (65.8..81.2]' => 'Sgot: (27.4..36.6]'
c1 rule: 'Alkphos: (81.2..96.6]', 'Gammagt: (23.6..42.2]', 'Drinks: (8.0..12.0]' => 'Sgot: (27.4..36.6]'
c1 rule: 'Alkphos: (81.2..96.6]', 'Drinks: (8.0..12.0]', not 'Mcv: (83.0..88.0]' => 'Sgot: (27.4..36.6]'
c1 rule: 'Mcv: (83.0..88.0]', 'Sgpt: (33.4..47.6]', 'Gammagt: (-inf..23.6]' => 'Sgot: (27.4..36.6]'
c1 rule: 'Mcv: (83.0..88.0]', 'Sgpt: (-inf..20.2]', 'Gammagt: (42.2..64.8]' => 'Sgot: (27.4..36.6]'
c1 rule: 'Alkphos: (96.6..+inf)', 'Gammagt: (42.2..64.8]', 'Drinks: (5.0..8.0]' => 'Sgot: (27.4..36.6]'
c1 rule: 'Mcv: (93.0..98.0]', 'Alkphos: (96.6..+inf)', 'Sgpt: (-inf..20.2]' => 'Sgot: (27.4..36.6]'
c1 rule: 'Alkphos: (50.4..65.8]', 'Gammagt: (64.8..105.2]', 'Drinks: (2.0..5.0]' => 'Sgot: (27.4..36.6]'
c1 rule: 'Mcv: (83.0..88.0]', 'Gammagt: (105.2..+inf)', 'Drinks: (-inf..2.0]' => 'Sgot: (27.4..36.6]'
c1 rule: 'Mcv: (83.0..88.0]', 'Gammagt: (105.2..+inf)', not 'Alkphos: (65.8..81.2]' => 'Sgot: (27.4..36.6]'
c1 rule: 'Alkphos: (65.8..81.2]', 'Sgpt: (47.6..67.8]', not 'Drinks: (8.0..12.0]' => 'Sgot: (27.4..36.6]'
c1 rule: 'Alkphos: (96.6..+inf)', 'Sgpt: (33.4..47.6]', 'Gammagt: (-inf..23.6]' => 'Sgot: (27.4..36.6]'
c1 rule: 'Mcv: (88.0..93.0]', 'Alkphos: (96.6..+inf)', 'Sgpt: (33.4..47.6]', 'Drinks: (-inf..2.0]' => 'Sgot: (27.4..36.6]'
c1 rule: 'Mcv: (88.0..93.0]', 'Sgpt: (33.4..47.6]', 'Drinks: (2.0..5.0]', not 'Alkphos: (96.6..+inf)' => 'Sgot: (27.4..36.6]'
c1 rule: 'Alkphos: (65.8..81.2]', 'Gammagt: (23.6..42.2]', 'Drinks: (5.0..8.0]', not 'Mcv: (93.0..98.0]' => 'Sgot: (27.4..36.6]'
c1 rule: 'Mcv: (88.0..93.0]', 'Alkphos: (-inf..50.4]', 'Drinks: (-inf..2.0]', not 'Gammagt: (-inf..23.6]' => 'Sgot: (27.4..36.6]'
c1 rule: 'Mcv: (88.0..93.0]', 'Alkphos: (-inf..50.4]', 'Drinks: (2.0..5.0]', not 'Sgpt: (-inf..20.2]' => 'Sgot: (27.4..36.6]'
c1 rule: 'Alkphos: (65.8..81.2]', 'Sgpt: (33.4..47.6]', 'Drinks: (2.0..5.0]', not 'Gammagt: (105.2..+inf)' => 'Sgot: (27.4..36.6]'
c1 rule: 'Mcv: (88.0..93.0]', 'Alkphos: (50.4..65.8]', 'Sgpt: (20.2..33.4]', 'Drinks: (5.0..8.0]', not 'Gammagt: (-inf..23.6]' => 'Sgot: (27.4..36.6]'
c1 rule: 'Mcv: (88.0..93.0]', 'Alkphos: (96.6..+inf)', 'Gammagt: (-inf..23.6]', 'Drinks: (-inf..2.0]', not 'Sgpt: (-inf..20.2]' => 'Sgot: (27.4..36.6]'
c1 # of rules: 27
c1 rule time: 0.0269

c1 computing class: (36.6..48.8]
c1 discrimination constraints: 199h
c1 coverage constraints: 15v+391h
c1 formula: 75v, 680c (620h+60s)
c1 enumerating rules (maxsat-based)
c1 rule: 'Sgpt: (47.6..67.8]', 'Gammagt: (23.6..42.2]' => 'Sgot: (36.6..48.8]'
c1 rule: 'Sgpt: (47.6..67.8]', 'Drinks: (2.0..5.0]' => 'Sgot: (36.6..48.8]'
c1 rule: 'Mcv: (-inf..83.0]', 'Sgpt: (47.6..67.8]' => 'Sgot: (36.6..48.8]'
c1 rule: 'Alkphos: (96.6..+inf)', 'Drinks: (12.0..+inf)' => 'Sgot: (36.6..48.8]'
c1 rule: 'Sgpt: (33.4..47.6]', 'Drinks: (12.0..+inf)' => 'Sgot: (36.6..48.8]'
c1 rule: 'Sgpt: (47.6..67.8]', 'Drinks: (5.0..8.0]', not 'Alkphos: (81.2..96.6]' => 'Sgot: (36.6..48.8]'
c1 rule: 'Alkphos: (50.4..65.8]', 'Sgpt: (47.6..67.8]', not 'Gammagt: (64.8..105.2]' => 'Sgot: (36.6..48.8]'
c1 rule: 'Alkphos: (81.2..96.6]', 'Gammagt: (42.2..64.8]', 'Drinks: (-inf..2.0]' => 'Sgot: (36.6..48.8]'
c1 rule: 'Mcv: (93.0..98.0]', 'Alkphos: (81.2..96.6]', 'Sgpt: (33.4..47.6]' => 'Sgot: (36.6..48.8]'
c1 rule: 'Sgpt: (33.4..47.6]', 'Gammagt: (105.2..+inf)', 'Drinks: (2.0..5.0]' => 'Sgot: (36.6..48.8]'
c1 rule: 'Mcv: (-inf..83.0]', 'Gammagt: (42.2..64.8]', 'Drinks: (2.0..5.0]' => 'Sgot: (36.6..48.8]'
c1 # of rules: 11
c1 rule time: 0.0097

c1 computing class: (48.8..+inf)
c1 discrimination constraints: 208h
c1 coverage constraints: 6v+157h
c1 formula: 66v, 455c (395h+60s)
c1 enumerating rules (maxsat-based)
c1 rule: 'Mcv: (98.0..+inf)', 'Gammagt: (105.2..+inf)' => 'Sgot: (48.8..+inf)'
c1 rule: 'Mcv: (93.0..98.0]', 'Sgpt: (47.6..67.8]', 'Gammagt: (42.2..64.8]' => 'Sgot: (48.8..+inf)'
c1 rule: 'Mcv: (83.0..88.0]', 'Sgpt: (67.8..+inf)', not 'Drinks: (-inf..2.0]' => 'Sgot: (48.8..+inf)'
c1 rule: 'Alkphos: (65.8..81.2]', 'Sgpt: (67.8..+inf)', 'Gammagt: (105.2..+inf)' => 'Sgot: (48.8..+inf)'
c1 # of rules: 4
c1 rule time: 0.0048

c2 total rules: 118

c0 computing feature 5
c1 computing class: (-inf..23.6]
c1 discrimination constraints: 125h
c1 coverage constraints: 89v+2315h
c1 formula: 149v, 2530c (2470h+60s)
c1 enumerating rules (maxsat-based)
c1 rule: 'Sgpt: (-inf..20.2]', 'Drinks: (8.0..12.0]' => 'Gammagt: (-inf..23.6]'
c1 rule: 'Sgot: (18.2..27.4]', 'Drinks: (12.0..+inf)' => 'Gammagt: (-inf..23.6]'
c1 rule: 'Alkphos: (96.6..+inf)', 'Sgot: (-inf..18.2]' => 'Gammagt: (-inf..23.6]'
c1 rule: 'Sgpt: (33.4..47.6]', 'Sgot: (-inf..18.2]' => 'Gammagt: (-inf..23.6]'
c1 rule: 'Mcv: (-inf..83.0]', 'Sgot: (-inf..18.2]' => 'Gammagt: (-inf..23.6]'
c1 rule: 'Mcv: (98.0..+inf)', 'Drinks: (-inf..2.0]' => 'Gammagt: (-inf..23.6]'
c1 rule: 'Sgpt: (20.2..33.4]', 'Sgot: (48.8..+inf)' => 'Gammagt: (-inf..23.6]'
c1 rule: 'Mcv: (-inf..83.0]', 'Alkphos: (96.6..+inf)' => 'Gammagt: (-inf..23.6]'
c1 rule: 'Alkphos: (96.6..+inf)', 'Sgpt: (-inf..20.2]', not 'Drinks: (-inf..2.0]' => 'Gammagt: (-inf..23.6]'
c1 rule: 'Alkphos: (96.6..+inf)', 'Sgpt: (-inf..20.2]', not 'Mcv: (88.0..93.0]' => 'Gammagt: (-inf..23.6]'
c1 rule: 'Sgpt: (-inf..20.2]', 'Sgot: (-inf..18.2]', not 'Mcv: (88.0..93.0]' => 'Gammagt: (-inf..23.6]'
c1 rule: 'Mcv: (-inf..83.0]', 'Sgpt: (-inf..20.2]', 'Drinks: (-inf..2.0]' => 'Gammagt: (-inf..23.6]'
c1 rule: 'Mcv: (83.0..88.0]', 'Sgpt: (-inf..20.2]', 'Drinks: (-inf..2.0]' => 'Gammagt: (-inf..23.6]'
c1 rule: 'Alkphos: (50.4..65.8]', 'Sgpt: (-inf..20.2]', 'Drinks: (-inf..2.0]' => 'Gammagt: (-inf..23.6]'
c1 rule: 'Alkphos: (50.4..65.8]', 'Sgpt: (33.4..47.6]', 'Drinks: (2.0..5.0]' => 'Gammagt: (-inf..23.6]'
c1 rule: 'Mcv: (83.0..88.0]', 'Sgot: (-inf..18.2]', 'Drinks: (2.0..5.0]' => 'Gammagt: (-inf..23.6]'
c1 rule: 'Mcv: (83.0..88.0]', 'Sgot: (-inf..18.2]', not 'Alkphos: (50.4..65.8]' => 'Gammagt: (-inf..23.6]'
c1 rule: 'Mcv: (93.0..98.0]', 'Sgot: (-inf..18.2]', not 'Alkphos: (50.4..65.8]' => 'Gammagt: (-inf..23.6]'
c1 rule: 'Alkphos: (-inf..50.4]', 'Sgot: (-inf..18.2]', not 'Drinks: (5.0..8.0]' => 'Gammagt: (-inf..23.6]'
c1 rule: 'Sgpt: (20.2..33.4]', 'Sgot: (-inf..18.2]', 'Drinks: (5.0..8.0]' => 'Gammagt: (-inf..23.6]'
c1 rule: 'Sgot: (-inf..18.2]', 'Drinks: (5.0..8.0]', not 'Alkphos: (-inf..50.4]' => 'Gammagt: (-inf..23.6]'
c1 rule: 'Mcv: (88.0..93.0]', 'Alkphos: (-inf..50.4]', 'Drinks: (2.0..5.0]' => 'Gammagt: (-inf..23.6]'
c1 rule: 'Alkphos: (-inf..50.4]', 'Sgpt: (33.4..47.6]', 'Drinks: (-inf..2.0]' => 'Gammagt: (-inf..23.6]'
c1 rule: 'Alkphos: (96.6..+inf)', 'Sgpt: (20.2..33.4]', not 'Sgot: (18.2..27.4]' => 'Gammagt: (-inf..23.6]'
c1 rule: 'Mcv: (88.0..93.0]', 'Sgpt: (-inf..20.2]', 'Sgot: (27.4..36.6]' => 'Gammagt: (-inf..23.6]'
c1 rule: 'Mcv: (-inf..83.0]', 'Drinks: (2.0..5.0]', not 'Sgpt: (20.2..33.4]' => 'Gammagt: (-inf..23.6]'
c1 rule: 'Alkphos: (81.2..96.6]', 'Drinks: (2.0..5.0]', not 'Mcv: (88.0..93.0]' => 'Gammagt: (-inf..23.6]'
c1 rule: 'Alkphos: (81.2..96.6]', 'Sgot: (18.2..27.4]', 'Drinks: (2.0..5.0]' => 'Gammagt: (-inf..23.6]'
c1 rule: 'Alkphos: (81.2..96.6]', 'Sgpt: (-inf..20.2]', 'Sgot: (18.2..27.4]' => 'Gammagt: (-inf..23.6]'
c1 rule: 'Sgpt: (-inf..20.2]', 'Drinks: (-inf..2.0]', not 'Mcv: (88.0..93.0]', not 'Alkphos: (-inf..50.4]' => 'Gammagt: (-inf..23.6]'
c1 rule: 'Mcv: (88.0..93.0]', 'Alkphos: (50.4..65.8]', 'Sgot: (-inf..18.2]', not 'Drinks: (2.0..5.0]' => 'Gammagt: (-inf..23.6]'
c1 rule: 'Alkphos: (50.4..65.8]', 'Sgot: (18.2..27.4]', 'Drinks: (2.0..5.0]', not 'Mcv: (83.0..88.0]' => 'Gammagt: (-inf..23.6]'
c1 rule: 'Alkphos: (-inf..50.4]', 'Sgpt: (20.2..33.4]', 'Drinks: (2.0..5.0]', not 'Mcv: (93.0..98.0]' => 'Gammagt: (-inf..23.6]'
c1 rule: 'Alkphos: (65.8..81.2]', 'Sgot: (-inf..18.2]', not 'Sgpt: (20.2..33.4]', not 'Drinks: (-inf..2.0]' => 'Gammagt: (-inf..23.6]'
c1 rule: 'Alkphos: (81.2..96.6]', 'Sgpt: (20.2..33.4]', 'Sgot: (27.4..36.6]', not 'Drinks: (8.0..12.0]' => 'Gammagt: (-inf..23.6]'
c1 rule: 'Alkphos: (50.4..65.8]', 'Sgot: (27.4..36.6]', not 'Mcv: (88.0..93.0]', not 'Sgpt: (20.2..33.4]' => 'Gammagt: (-inf..23.6]'
c1 rule: 'Alkphos: (96.6..+inf)', 'Drinks: (-inf..2.0]', not 'Mcv: (88.0..93.0]', not 'Sgpt: (33.4..47.6]' => 'Gammagt: (-inf..23.6]'
c1 rule: 'Alkphos: (-inf..50.4]', 'Sgpt: (-inf..20.2]', 'Sgot: (18.2..27.4]', 'Drinks: (5.0..8.0]' => 'Gammagt: (-inf..23.6]'
c1 rule: 'Alkphos: (65.8..81.2]', 'Sgpt: (-inf..20.2]', 'Drinks: (5.0..8.0]', not 'Mcv: (93.0..98.0]' => 'Gammagt: (-inf..23.6]'
c1 rule: 'Mcv: (83.0..88.0]', 'Sgpt: (20.2..33.4]', 'Sgot: (27.4..36.6]', 'Drinks: (-inf..2.0]' => 'Gammagt: (-inf..23.6]'
c1 rule: 'Alkphos: (65.8..81.2]', 'Sgpt: (-inf..20.2]', 'Sgot: (18.2..27.4]', 'Drinks: (-inf..2.0]' => 'Gammagt: (-inf..23.6]'
c1 rule: 'Mcv: (88.0..93.0]', 'Alkphos: (50.4..65.8]', 'Sgpt: (20.2..33.4]', 'Sgot: (18.2..27.4]', not 'Drinks: (-inf..2.0]' => 'Gammagt: (-inf..23.6]'
c1 rule: 'Mcv: (88.0..93.0]', 'Alkphos: (65.8..81.2]', 'Sgot: (18.2..27.4]', 'Drinks: (-inf..2.0]', not 'Sgpt: (33.4..47.6]' => 'Gammagt: (-inf..23.6]'
c1 rule: 'Mcv: (88.0..93.0]', 'Alkphos: (81.2..96.6]', 'Drinks: (-inf..2.0]', not 'Sgpt: (33.4..47.6]', not 'Sgot: (-inf..18.2]' => 'Gammagt: (-inf..23.6]'
c1 # of rules: 44
c1 rule time: 0.0533

c1 computing class: (105.2..+inf)
c1 discrimination constraints: 196h
c1 coverage constraints: 18v+469h
c1 formula: 78v, 755c (695h+60s)
c1 enumerating rules (maxsat-based)
c1 rule: 'Alkphos: (-inf..50.4]', 'Sgot: (36.6..48.8]' => 'Gammagt: (105.2..+inf)'
c1 rule: 'Alkphos: (-inf..50.4]', 'Sgpt: (67.8..+inf)' => 'Gammagt: (105.2..+inf)'
c1 rule: 'Mcv: (98.0..+inf)', 'Sgpt: (33.4..47.6]' => 'Gammagt: (105.2..+inf)'
c1 rule: 'Sgpt: (33.4..47.6]', 'Drinks: (12.0..+inf)' => 'Gammagt: (105.2..+inf)'
c1 rule: 'Alkphos: (81.2..96.6]', 'Drinks: (12.0..+inf)' => 'Gammagt: (105.2..+inf)'
c1 rule: 'Sgot: (48.8..+inf)', 'Drinks: (5.0..8.0]' => 'Gammagt: (105.2..+inf)'
c1 rule: 'Sgpt: (47.6..67.8]', 'Sgot: (27.4..36.6]', 'Drinks: (5.0..8.0]' => 'Gammagt: (105.2..+inf)'
c1 rule: 'Alkphos: (81.2..96.6]', 'Sgpt: (47.6..67.8]', 'Sgot: (27.4..36.6]' => 'Gammagt: (105.2..+inf)'
c1 rule: 'Mcv: (83.0..88.0]', 'Sgot: (36.6..48.8]', 'Drinks: (2.0..5.0]' => 'Gammagt: (105.2..+inf)'
c1 rule: 'Mcv: (88.0..93.0]', 'Sgpt: (20.2..33.4]', 'Drinks: (8.0..12.0]' => 'Gammagt: (105.2..+inf)'
c1 rule: 'Mcv: (83.0..88.0]', 'Alkphos: (50.4..65.8]', 'Sgot: (27.4..36.6]', not 'Drinks: (-inf..2.0]' => 'Gammagt: (105.2..+inf)'
c1 rule: 'Mcv: (88.0..93.0]', 'Alkphos: (81.2..96.6]', 'Sgpt: (33.4..47.6]', 'Drinks: (-inf..2.0]' => 'Gammagt: (105.2..+inf)'
c1 rule: 'Alkphos: (65.8..81.2]', 'Sgot: (27.4..36.6]', 'Drinks: (2.0..5.0]', not 'Mcv: (83.0..88.0]' => 'Gammagt: (105.2..+inf)'
c1 rule: 'Mcv: (-inf..83.0]', 'Alkphos: (65.8..81.2]', not 'Sgpt: (33.4..47.6]', not 'Drinks: (2.0..5.0]' => 'Gammagt: (105.2..+inf)'
c1 # of rules: 14
c1 rule time: 0.0112

c1 computing class: (23.6..42.2]
c1 discrimination constraints: 161h
c1 coverage constraints: 53v+1379h
c1 formula: 113v, 1630c (1570h+60s)
c1 enumerating rules (maxsat-based)
c1 rule: 'Alkphos: (-inf..50.4]', 'Drinks: (8.0..12.0]' => 'Gammagt: (23.6..42.2]'
c1 rule: 'Sgpt: (33.4..47.6]', 'Drinks: (8.0..12.0]', not 'Sgot: (18.2..27.4]' => 'Gammagt: (23.6..42.2]'
c1 rule: 'Mcv: (83.0..88.0]', 'Alkphos: (96.6..+inf)', not 'Sgot: (18.2..27.4]' => 'Gammagt: (23.6..42.2]'
c1 rule: 'Mcv: (83.0..88.0]', 'Alkphos: (96.6..+inf)', 'Sgpt: (33.4..47.6]' => 'Gammagt: (23.6..42.2]'
c1 rule: 'Sgpt: (20.2..33.4]', 'Drinks: (8.0..12.0]', not 'Sgot: (27.4..36.6]' => 'Gammagt: (23.6..42.2]'
c1 rule: 'Sgpt: (20.2..33.4]', 'Sgot: (27.4..36.6]', 'Drinks: (5.0..8.0]' => 'Gammagt: (23.6..42.2]'
c1 rule: 'Alkphos: (-inf..50.4]', 'Sgot: (27.4..36.6]', not 'Drinks: (2.0..5.0]' => 'Gammagt: (23.6..42.2]'
c1 rule: 'Sgot: (36.6..48.8]', 'Drinks: (-inf..2.0]', not 'Alkphos: (81.2..96.6]' => 'Gammagt: (23.6..42.2]'
c1 rule: 'Sgpt: (47.6..67.8]', 'Drinks: (2.0..5.0]', not 'Alkphos: (81.2..96.6]' => 'Gammagt: (23.6..42.2]'
c1 rule: 'Alkphos: (96.6..+inf)', 'Sgpt: (33.4..47.6]', 'Drinks: (2.0..5.0]' => 'Gammagt: (23.6..42.2]'
c1 rule: 'Mcv: (98.0..+inf)', 'Sgpt: (20.2..33.4]', not 'Alkphos: (50.4..65.8]' => 'Gammagt: (23.6..42.2]'
c1 rule: 'Alkphos: (50.4..65.8]', 'Sgot: (27.4..36.6]', 'Drinks: (5.0..8.0]' => 'Gammagt: (23.6..42.2]'
c1 rule: 'Alkphos: (-inf..50.4]', 'Sgpt: (33.4..47.6]', 'Drinks: (2.0..5.0]' => 'Gammagt: (23.6..42.2]'
c1 rule: 'Mcv: (83.0..88.0]', 'Sgot: (18.2..27.4]', 'Drinks: (5.0..8.0]' => 'Gammagt: (23.6..42.2]'
c1 rule: 'Alkphos: (96.6..+inf)', 'Drinks: (5.0..8.0]', not 'Mcv: (88.0..93.0]' => 'Gammagt: (23.6..42.2]'
c1 rule: 'Sgpt: (67.8..+inf)', 'Sgot: (18.2..27.4]', not 'Mcv: (83.0..88.0]' => 'Gammagt: (23.6..42.2]'
c1 rule: 'Alkphos: (50.4..65.8]', 'Sgpt: (33.4..47.6]', 'Drinks: (5.0..8.0]' => 'Gammagt: (23.6..42.2]'
c1 rule: 'Mcv: (93.0..98.0]', 'Alkphos: (50.4..65.8]', 'Sgot: (18.2..27.4]', not 'Drinks: (2.0..5.0]' => 'Gammagt: (23.6..42.2]'
c1 rule: 'Alkphos: (81.2..96.6]', 'Sgpt: (20.2..33.4]', 'Drinks: (5.0..8.0]', not 'Mcv: (93.0..98.0]' => 'Gammagt: (23.6..42.2]'
c1 rule: 'Alkphos: (81.2..96.6]', 'Sgpt: (-inf..20.2]', 'Drinks: (2.0..5.0]', not 'Sgot: (18.2..27.4]' => 'Gammagt: (23.6..42.2]'
c1 rule: 'Alkphos: (65.8..81.2]', 'Sgot: (27.4..36.6]', 'Drinks: (2.0..5.0]', not 'Sgpt: (20.2..33.4]' => 'Gammagt: (23.6..42.2]'
c1 rule: 'Alkphos: (96.6..+inf)', 'Sgpt: (20.2..33.4]', 'Sgot: (18.2..27.4]', not 'Mcv: (83.0..88.0]' => 'Gammagt: (23.6..42.2]'
c1 rule: 'Mcv: (-inf..83.0]', 'Sgpt: (20.2..33.4]', 'Sgot: (18.2..27.4]', not 'Alkphos: (65.8..81.2]' => 'Gammagt: (23.6..42.2]'
c1 rule: 'Mcv: (83.0..88.0]', 'Alkphos: (81.2..96.6]', 'Sgpt: (33.4..47.6]', not 'Sgot: (27.4..36.6]' => 'Gammagt: (23.6..42.2]'
c1 rule: 'Alkphos: (50.4..65.8]', 'Sgpt: (20.2..33.4]', 'Sgot: (18.2..27.4]', 'Drinks: (2.0..5.0]', not 'Mcv: (88.0..93.0]' => 'Gammagt: (23.6..42.2]'
c1 rule: 'Alkphos: (50.4..65.8]', 'Sgpt: (20.2..33.4]', 'Sgot: (27.4..36.6]', 'Drinks: (-inf..2.0]', not 'Mcv: (83.0..88.0]' => 'Gammagt: (23.6..42.2]'
c1 rule: 'Alkphos: (81.2..96.6]', 'Sgpt: (20.2..33.4]', 'Sgot: (-inf..18.2]', not 'Mcv: (83.0..88.0]', not 'Drinks: (2.0..5.0]' => 'Gammagt: (23.6..42.2]'
c1 rule: 'Mcv: (88.0..93.0]', 'Alkphos: (65.8..81.2]', 'Sgot: (-inf..18.2]', 'Drinks: (2.0..5.0]', not 'Sgpt: (-inf..20.2]' => 'Gammagt: (23.6..42.2]'
c1 # of rules: 28
c1 rule time: 0.0379

c1 computing class: (42.2..64.8]
c1 discrimination constraints: 178h
c1 coverage constraints: 36v+937h
c1 formula: 96v, 1205c (1145h+60s)
c1 enumerating rules (maxsat-based)
c1 rule: 'Sgpt: (47.6..67.8]', 'Sgot: (18.2..27.4]' => 'Gammagt: (42.2..64.8]'
c1 rule: 'Sgot: (36.6..48.8]', 'Drinks: (8.0..12.0]' => 'Gammagt: (42.2..64.8]'
c1 rule: 'Sgpt: (67.8..+inf)', 'Drinks: (-inf..2.0]' => 'Gammagt: (42.2..64.8]'
c1 rule: 'Alkphos: (50.4..65.8]', 'Sgot: (48.8..+inf)' => 'Gammagt: (42.2..64.8]'
c1 rule: 'Sgpt: (47.6..67.8]', 'Sgot: (48.8..+inf)' => 'Gammagt: (42.2..64.8]'
c1 rule: 'Mcv: (98.0..+inf)', 'Alkphos: (-inf..50.4]' => 'Gammagt: (42.2..64.8]'
c1 rule: 'Mcv: (-inf..83.0]', 'Sgot: (27.4..36.6]' => 'Gammagt: (42.2..64.8]'
c1 rule: 'Sgpt: (20.2..33.4]', 'Sgot: (36.6..48.8]', not 'Drinks: (-inf..2.0]' => 'Gammagt: (42.2..64.8]'
c1 rule: 'Alkphos: (81.2..96.6]', 'Sgpt: (47.6..67.8]', not 'Sgot: (27.4..36.6]' => 'Gammagt: (42.2..64.8]'
c1 rule: 'Sgpt: (47.6..67.8]', 'Drinks: (-inf..2.0]', not 'Alkphos: (50.4..65.8]' => 'Gammagt: (42.2..64.8]'
c1 rule: 'Mcv: (88.0..93.0]', 'Sgpt: (47.6..67.8]', not 'Sgot: (27.4..36.6]' => 'Gammagt: (42.2..64.8]'
c1 rule: 'Sgpt: (-inf..20.2]', 'Sgot: (27.4..36.6]', not 'Drinks: (-inf..2.0]' => 'Gammagt: (42.2..64.8]'
c1 rule: 'Mcv: (83.0..88.0]', 'Alkphos: (96.6..+inf)', 'Drinks: (2.0..5.0]' => 'Gammagt: (42.2..64.8]'
c1 rule: 'Mcv: (-inf..83.0]', 'Drinks: (5.0..8.0]', not 'Sgot: (36.6..48.8]' => 'Gammagt: (42.2..64.8]'
c1 rule: 'Mcv: (93.0..98.0]', 'Alkphos: (-inf..50.4]', 'Drinks: (-inf..2.0]' => 'Gammagt: (42.2..64.8]'
c1 rule: 'Mcv: (93.0..98.0]', 'Sgpt: (33.4..47.6]', 'Drinks: (-inf..2.0]' => 'Gammagt: (42.2..64.8]'
c1 rule: 'Mcv: (93.0..98.0]', 'Alkphos: (-inf..50.4]', 'Sgpt: (20.2..33.4]' => 'Gammagt: (42.2..64.8]'
c1 rule: 'Mcv: (93.0..98.0]', 'Drinks: (8.0..12.0]', not 'Alkphos: (50.4..65.8]' => 'Gammagt: (42.2..64.8]'
c1 rule: 'Sgpt: (33.4..47.6]', 'Sgot: (27.4..36.6]', 'Drinks: (5.0..8.0]' => 'Gammagt: (42.2..64.8]'
c1 rule: 'Alkphos: (96.6..+inf)', 'Sgpt: (33.4..47.6]', 'Drinks: (8.0..12.0]' => 'Gammagt: (42.2..64.8]'
c1 rule: 'Alkphos: (65.8..81.2]', 'Sgpt: (20.2..33.4]', 'Drinks: (5.0..8.0]', not 'Mcv: (88.0..93.0]' => 'Gammagt: (42.2..64.8]'
c1 rule: 'Sgot: (-inf..18.2]', 'Drinks: (5.0..8.0]', not 'Mcv: (83.0..88.0]', not 'Alkphos: (65.8..81.2]' => 'Gammagt: (42.2..64.8]'
c1 rule: 'Mcv: (93.0..98.0]', 'Alkphos: (81.2..96.6]', 'Drinks: (5.0..8.0]', not 'Sgpt: (33.4..47.6]' => 'Gammagt: (42.2..64.8]'
c1 rule: 'Sgpt: (33.4..47.6]', 'Sgot: (27.4..36.6]', 'Drinks: (-inf..2.0]', not 'Mcv: (83.0..88.0]', not 'Alkphos: (96.6..+inf)' => 'Gammagt: (42.2..64.8]'
c1 # of rules: 24
c1 rule time: 0.0244

c1 computing class: (64.8..105.2]
c1 discrimination constraints: 196h
c1 coverage constraints: 18v+469h
c1 formula: 78v, 755c (695h+60s)
c1 enumerating rules (maxsat-based)
c1 rule: 'Alkphos: (96.6..+inf)', 'Sgot: (36.6..48.8]' => 'Gammagt: (64.8..105.2]'
c1 rule: 'Alkphos: (96.6..+inf)', 'Sgpt: (47.6..67.8]' => 'Gammagt: (64.8..105.2]'
c1 rule: 'Sgpt: (47.6..67.8]', 'Drinks: (12.0..+inf)' => 'Gammagt: (64.8..105.2]'
c1 rule: 'Mcv: (98.0..+inf)', 'Alkphos: (50.4..65.8]' => 'Gammagt: (64.8..105.2]'
c1 rule: 'Mcv: (-inf..83.0]', 'Sgpt: (47.6..67.8]' => 'Gammagt: (64.8..105.2]'
c1 rule: 'Mcv: (93.0..98.0]', 'Sgot: (36.6..48.8]', not 'Drinks: (2.0..5.0]' => 'Gammagt: (64.8..105.2]'
c1 rule: 'Alkphos: (50.4..65.8]', 'Sgpt: (47.6..67.8]', not 'Sgot: (36.6..48.8]' => 'Gammagt: (64.8..105.2]'
c1 rule: 'Alkphos: (50.4..65.8]', 'Drinks: (8.0..12.0]', not 'Mcv: (83.0..88.0]' => 'Gammagt: (64.8..105.2]'
c1 rule: 'Mcv: (88.0..93.0]', 'Sgpt: (67.8..+inf)', not 'Alkphos: (50.4..65.8]' => 'Gammagt: (64.8..105.2]'
c1 rule: 'Mcv: (-inf..83.0]', not 'Sgpt: (-inf..20.2]', not 'Sgot: (36.6..48.8]', not 'Drinks: (-inf..2.0]' => 'Gammagt: (64.8..105.2]'
c1 rule: 'Alkphos: (81.2..96.6]', 'Sgpt: (20.2..33.4]', 'Sgot: (-inf..18.2]', not 'Drinks: (-inf..2.0]' => 'Gammagt: (64.8..105.2]'
c1 rule: 'Alkphos: (50.4..65.8]', 'Sgot: (27.4..36.6]', 'Drinks: (2.0..5.0]', not 'Mcv: (83.0..88.0]', not 'Sgpt: (33.4..47.6]' => 'Gammagt: (64.8..105.2]'
c1 rule: 'Alkphos: (65.8..81.2]', 'Sgot: (18.2..27.4]', 'Drinks: (5.0..8.0]', not 'Mcv: (93.0..98.0]', not 'Sgpt: (-inf..20.2]' => 'Gammagt: (64.8..105.2]'
c1 rule: 'Alkphos: (65.8..81.2]', 'Sgpt: (33.4..47.6]', 'Sgot: (27.4..36.6]', not 'Mcv: (-inf..83.0]', not 'Drinks: (2.0..5.0]' => 'Gammagt: (64.8..105.2]'
c1 # of rules: 14
c1 rule time: 0.0135

c2 total rules: 124

c0 computing feature 6
c1 computing class: (-inf..2.0]
c1 discrimination constraints: 117h
c1 coverage constraints: 97v+2523h
c1 formula: 157v, 2730c (2670h+60s)
c1 enumerating rules (maxsat-based)
c1 rule: 'Mcv: (-inf..83.0]', 'Gammagt: (23.6..42.2]' => 'Drinks: (-inf..2.0]'
c1 rule: 'Mcv: (-inf..83.0]', 'Sgot: (27.4..36.6]' => 'Drinks: (-inf..2.0]'
c1 rule: 'Mcv: (-inf..83.0]', 'Gammagt: (105.2..+inf)' => 'Drinks: (-inf..2.0]'
c1 rule: 'Sgpt: (33.4..47.6]', 'Sgot: (-inf..18.2]' => 'Drinks: (-inf..2.0]'
c1 rule: 'Mcv: (93.0..98.0]', 'Sgot: (-inf..18.2]' => 'Drinks: (-inf..2.0]'
c1 rule: 'Mcv: (-inf..83.0]', 'Alkphos: (-inf..50.4]' => 'Drinks: (-inf..2.0]'
c1 rule: 'Mcv: (-inf..83.0]', 'Sgot: (-inf..18.2]' => 'Drinks: (-inf..2.0]'
c1 rule: 'Mcv: (83.0..88.0]', 'Gammagt: (64.8..105.2]' => 'Drinks: (-inf..2.0]'
c1 rule: 'Mcv: (98.0..+inf)', 'Sgot: (27.4..36.6]' => 'Drinks: (-inf..2.0]'
c1 rule: 'Mcv: (83.0..88.0]', 'Alkphos: (81.2..96.6]', 'Gammagt: (23.6..42.2]' => 'Drinks: (-inf..2.0]'
c1 rule: 'Mcv: (83.0..88.0]', 'Alkphos: (81.2..96.6]', 'Sgpt: (33.4..47.6]' => 'Drinks: (-inf..2.0]'
c1 rule: 'Mcv: (83.0..88.0]', 'Alkphos: (81.2..96.6]', 'Sgot: (36.6..48.8]' => 'Drinks: (-inf..2.0]'
c1 rule: 'Alkphos: (50.4..65.8]', 'Sgpt: (47.6..67.8]', not 'Sgot: (36.6..48.8]' => 'Drinks: (-inf..2.0]'
c1 rule: 'Sgpt: (47.6..67.8]', 'Sgot: (27.4..36.6]', 'Gammagt: (42.2..64.8]' => 'Drinks: (-inf..2.0]'
c1 rule: 'Sgot: (27.4..36.6]', 'Gammagt: (-inf..23.6]', not 'Mcv: (88.0..93.0]' => 'Drinks: (-inf..2.0]'
c1 rule: 'Alkphos: (96.6..+inf)', 'Sgpt: (33.4..47.6]', not 'Mcv: (88.0..93.0]' => 'Drinks: (-inf..2.0]'
c1 rule: 'Mcv: (88.0..93.0]', 'Alkphos: (50.4..65.8]', 'Gammagt: (105.2..+inf)' => 'Drinks: (-inf..2.0]'
c1 rule: 'Mcv: (-inf..83.0]', 'Alkphos: (50.4..65.8]', 'Gammagt: (-inf..23.6]' => 'Drinks: (-inf..2.0]'
c1 rule: 'Alkphos: (50.4..65.8]', 'Sgot: (27.4..36.6]', 'Gammagt: (42.2..64.8]' => 'Drinks: (-inf..2.0]'
c1 rule: 'Mcv: (88.0..93.0]', 'Sgpt: (-inf..20.2]', 'Sgot: (27.4..36.6]' => 'Drinks: (-inf..2.0]'
c1 rule: 'Alkphos: (96.6..+inf)', 'Sgpt: (-inf..20.2]', 'Gammagt: (42.2..64.8]' => 'Drinks: (-inf..2.0]'
c1 rule: 'Mcv: (83.0..88.0]', 'Alkphos: (65.8..81.2]', 'Gammagt: (42.2..64.8]' => 'Drinks: (-inf..2.0]'
c1 rule: 'Alkphos: (96.6..+inf)', 'Sgpt: (20.2..33.4]', 'Sgot: (27.4..36.6]' => 'Drinks: (-inf..2.0]'
c1 rule: 'Sgpt: (20.2..33.4]', 'Sgot: (36.6..48.8]', not 'Mcv: (-inf..83.0]' => 'Drinks: (-inf..2.0]'
c1 rule: 'Sgot: (-inf..18.2]', 'Gammagt: (42.2..64.8]', not 'Mcv: (88.0..93.0]' => 'Drinks: (-inf..2.0]'
c1 rule: 'Alkphos: (81.2..96.6]', 'Gammagt: (-inf..23.6]', not 'Sgot: (18.2..27.4]' => 'Drinks: (-inf..2.0]'
c1 rule: 'Mcv: (83.0..88.0]', 'Alkphos: (65.8..81.2]', 'Sgpt: (-inf..20.2]' => 'Drinks: (-inf..2.0]'
c1 rule: 'Mcv: (83.0..88.0]', 'Sgpt: (33.4..47.6]', 'Gammagt: (42.2..64.8]' => 'Drinks: (-inf..2.0]'
c1 rule: 'Sgpt: (33.4..47.6]', 'Gammagt: (42.2..64.8]', not 'Alkphos: (96.6..+inf)' => 'Drinks: (-inf..2.0]'
c1 rule: 'Mcv: (93.0..98.0]', 'Sgpt: (-inf..20.2]', not 'Alkphos: (65.8..81.2]' => 'Drinks: (-inf..2.0]'
c1 rule: 'Mcv: (93.0..98.0]', 'Sgpt: (-inf..20.2]', 'Gammagt: (-inf..23.6]' => 'Drinks: (-inf..2.0]'
c1 rule: 'Sgot: (18.2..27.4]', 'Gammagt: (105.2..+inf)', not 'Alkphos: (65.8..81.2]' => 'Drinks: (-inf..2.0]'
c1 rule: 'Mcv: (93.0..98.0]', 'Alkphos: (81.2..96.6]', 'Gammagt: (-inf..23.6]' => 'Drinks: (-inf..2.0]'
c1 rule: 'Alkphos: (96.6..+inf)', 'Sgot: (27.4..36.6]', 'Gammagt: (-inf..23.6]' => 'Drinks: (-inf..2.0]'
c1 rule: 'Alkphos: (96.6..+inf)', 'Sgpt: (-inf..20.2]', not 'Sgot: (18.2..27.4]' => 'Drinks: (-inf..2.0]'
c1 rule: 'Alkphos: (65.8..81.2]', 'Sgpt: (33.4..47.6]', 'Gammagt: (-inf..23.6]' => 'Drinks: (-inf..2.0]'
c1 rule: 'Alkphos: (65.8..81.2]', 'Sgpt: (33.4..47.6]', 'Sgot: (18.2..27.4]' => 'Drinks: (-inf..2.0]'
c1 rule: 'Alkphos: (-inf..50.4]', 'Gammagt: (23.6..42.2]', not 'Sgot: (18.2..27.4]' => 'Drinks: (-inf..2.0]'
c1 rule: 'Mcv: (93.0..98.0]', 'Alkphos: (81.2..96.6]', 'Gammagt: (23.6..42.2]' => 'Drinks: (-inf..2.0]'
c1 rule: 'Mcv: (88.0..93.0]', 'Sgpt: (33.4..47.6]', 'Gammagt: (64.8..105.2]' => 'Drinks: (-inf..2.0]'
c1 rule: 'Mcv: (88.0..93.0]', 'Sgpt: (33.4..47.6]', 'Gammagt: (-inf..23.6]', not 'Alkphos: (50.4..65.8]' => 'Drinks: (-inf..2.0]'
c1 rule: 'Alkphos: (50.4..65.8]', 'Sgpt: (20.2..33.4]', 'Gammagt: (-inf..23.6]', not 'Mcv: (88.0..93.0]' => 'Drinks: (-inf..2.0]'
c1 rule: 'Mcv: (88.0..93.0]', 'Alkphos: (81.2..96.6]', 'Sgpt: (20.2..33.4]', 'Gammagt: (-inf..23.6]' => 'Drinks: (-inf..2.0]'
c1 rule: 'Sgpt: (-inf..20.2]', 'Gammagt: (23.6..42.2]', not 'Alkphos: (81.2..96.6]', not 'Sgot: (18.2..27.4]' => 'Drinks: (-inf..2.0]'
c1 rule: 'Mcv: (88.0..93.0]', 'Alkphos: (96.6..+inf)', 'Sgpt: (20.2..33.4]', 'Gammagt: (23.6..42.2]' => 'Drinks: (-inf..2.0]'
c1 rule: 'Alkphos: (-inf..50.4]', 'Sgpt: (20.2..33.4]', 'Gammagt: (23.6..42.2]', not 'Mcv: (88.0..93.0]' => 'Drinks: (-inf..2.0]'
c1 rule: 'Alkphos: (-inf..50.4]', 'Sgot: (-inf..18.2]', not 'Mcv: (83.0..88.0]', not 'Sgpt: (-inf..20.2]' => 'Drinks: (-inf..2.0]'
c1 rule: 'Mcv: (83.0..88.0]', 'Alkphos: (-inf..50.4]', 'Sgpt: (-inf..20.2]', 'Sgot: (18.2..27.4]' => 'Drinks: (-inf..2.0]'
c1 rule: 'Alkphos: (-inf..50.4]', 'Sgot: (-inf..18.2]', 'Gammagt: (-inf..23.6]', not 'Mcv: (83.0..88.0]' => 'Drinks: (-inf..2.0]'
c1 rule: 'Alkphos: (81.2..96.6]', 'Sgot: (-inf..18.2]', 'Gammagt: (23.6..42.2]', not 'Sgpt: (-inf..20.2]' => 'Drinks: (-inf..2.0]'
c1 rule: 'Alkphos: (96.6..+inf)', 'Gammagt: (-inf..23.6]', not 'Sgpt: (-inf..20.2]', not 'Sgot: (-inf..18.2]' => 'Drinks: (-inf..2.0]'
c1 rule: 'Mcv: (88.0..93.0]', 'Alkphos: (50.4..65.8]', 'Sgpt: (20.2..33.4]', 'Sgot: (18.2..27.4]', not 'Gammagt: (-inf..23.6]' => 'Drinks: (-inf..2.0]'
c1 # of rules: 52
c1 rule time: 0.0648

c1 computing class: (12.0..+inf)
c1 discrimination constraints: 209h
c1 coverage constraints: 5v+131h
c1 formula: 65v, 430c (370h+60s)
c1 enumerating rules (maxsat-based)
c1 rule: 'Alkphos: (96.6..+inf)', 'Sgot: (36.6..48.8]' => 'Drinks: (12.0..+inf)'
c1 rule: 'Mcv: (93.0..98.0]', 'Sgot: (27.4..36.6]', 'Gammagt: (105.2..+inf)' => 'Drinks: (12.0..+inf)'
c1 rule: 'Mcv: (93.0..98.0]', 'Sgpt: (47.6..67.8]', 'Sgot: (27.4..36.6]' => 'Drinks: (12.0..+inf)'
c1 rule: 'Mcv: (88.0..93.0]', 'Sgot: (36.6..48.8]', 'Gammagt: (105.2..+inf)' => 'Drinks: (12.0..+inf)'
c1 # of rules: 4
c1 rule time: 0.0051

c1 computing class: (2.0..5.0]
c1 discrimination constraints: 158h
c1 coverage constraints: 56v+1457h
c1 formula: 116v, 1705c (1645h+60s)
c1 enumerating rules (maxsat-based)
c1 rule: 'Alkphos: (-inf..50.4]', 'Sgot: (48.8..+inf)' => 'Drinks: (2.0..5.0]'
c1 rule: 'Alkphos: (50.4..65.8]', 'Sgot: (48.8..+inf)' => 'Drinks: (2.0..5.0]'
c1 rule: 'Sgot: (48.8..+inf)', 'Gammagt: (-inf..23.6]' => 'Drinks: (2.0..5.0]'
c1 rule: 'Alkphos: (-inf..50.4]', 'Gammagt: (105.2..+inf)' => 'Drinks: (2.0..5.0]'
c1 rule: 'Mcv: (98.0..+inf)', 'Gammagt: (42.2..64.8]' => 'Drinks: (2.0..5.0]'
c1 rule: 'Sgot: (-inf..18.2]', 'Gammagt: (64.8..105.2]' => 'Drinks: (2.0..5.0]'
c1 rule: 'Mcv: (-inf..83.0]', 'Alkphos: (96.6..+inf)' => 'Drinks: (2.0..5.0]'
c1 rule: 'Sgpt: (47.6..67.8]', 'Gammagt: (23.6..42.2]' => 'Drinks: (2.0..5.0]'
c1 rule: 'Mcv: (83.0..88.0]', 'Alkphos: (-inf..50.4]', 'Sgpt: (33.4..47.6]' => 'Drinks: (2.0..5.0]'
c1 rule: 'Mcv: (83.0..88.0]', 'Sgpt: (-inf..20.2]', not 'Gammagt: (-inf..23.6]' => 'Drinks: (2.0..5.0]'
c1 rule: 'Alkphos: (50.4..65.8]', 'Gammagt: (105.2..+inf)', not 'Sgot: (18.2..27.4]' => 'Drinks: (2.0..5.0]'
c1 rule: 'Mcv: (83.0..88.0]', 'Alkphos: (65.8..81.2]', 'Gammagt: (105.2..+inf)' => 'Drinks: (2.0..5.0]'
c1 rule: 'Mcv: (83.0..88.0]', 'Alkphos: (96.6..+inf)', 'Gammagt: (42.2..64.8]' => 'Drinks: (2.0..5.0]'
c1 rule: 'Sgpt: (20.2..33.4]', 'Sgot: (36.6..48.8]', 'Gammagt: (42.2..64.8]' => 'Drinks: (2.0..5.0]'
c1 rule: 'Mcv: (93.0..98.0]', 'Alkphos: (50.4..65.8]', 'Sgpt: (33.4..47.6]' => 'Drinks: (2.0..5.0]'
c1 rule: 'Mcv: (88.0..93.0]', 'Alkphos: (65.8..81.2]', 'Gammagt: (42.2..64.8]' => 'Drinks: (2.0..5.0]'
c1 rule: 'Mcv: (-inf..83.0]', 'Alkphos: (65.8..81.2]', 'Gammagt: (-inf..23.6]' => 'Drinks: (2.0..5.0]'
c1 rule: 'Alkphos: (-inf..50.4]', 'Sgot: (27.4..36.6]', 'Gammagt: (-inf..23.6]' => 'Drinks: (2.0..5.0]'
c1 rule: 'Alkphos: (96.6..+inf)', 'Sgpt: (20.2..33.4]', 'Sgot: (-inf..18.2]' => 'Drinks: (2.0..5.0]'
c1 rule: 'Mcv: (-inf..83.0]', 'Alkphos: (65.8..81.2]', 'Gammagt: (64.8..105.2]' => 'Drinks: (2.0..5.0]'
c1 rule: 'Sgot: (27.4..36.6]', 'Gammagt: (105.2..+inf)', not 'Alkphos: (81.2..96.6]' => 'Drinks: (2.0..5.0]'
c1 rule: 'Mcv: (83.0..88.0]', 'Alkphos: (65.8..81.2]', 'Gammagt: (23.6..42.2]', not 'Sgot: (18.2..27.4]' => 'Drinks: (2.0..5.0]'
c1 rule: 'Alkphos: (65.8..81.2]', 'Sgpt: (-inf..20.2]', 'Gammagt: (23.6..42.2]', not 'Sgot: (-inf..18.2]' => 'Drinks: (2.0..5.0]'
c1 rule: 'Alkphos: (50.4..65.8]', 'Sgot: (-inf..18.2]', 'Gammagt: (23.6..42.2]', not 'Mcv: (93.0..98.0]' => 'Drinks: (2.0..5.0]'
c1 rule: 'Mcv: (88.0..93.0]', 'Alkphos: (50.4..65.8]', 'Sgot: (-inf..18.2]', not 'Gammagt: (-inf..23.6]' => 'Drinks: (2.0..5.0]'
c1 rule: 'Mcv: (88.0..93.0]', 'Sgpt: (20.2..33.4]', 'Gammagt: (64.8..105.2]', not 'Sgot: (18.2..27.4]' => 'Drinks: (2.0..5.0]'
c1 rule: 'Mcv: (88.0..93.0]', 'Alkphos: (50.4..65.8]', 'Sgot: (27.4..36.6]', 'Gammagt: (-inf..23.6]' => 'Drinks: (2.0..5.0]'
c1 rule: 'Mcv: (88.0..93.0]', 'Alkphos: (65.8..81.2]', 'Sgpt: (20.2..33.4]', 'Gammagt: (105.2..+inf)' => 'Drinks: (2.0..5.0]'
c1 rule: 'Mcv: (88.0..93.0]', 'Alkphos: (96.6..+inf)', 'Gammagt: (23.6..42.2]', not 'Sgpt: (20.2..33.4]' => 'Drinks: (2.0..5.0]'
c1 rule: 'Mcv: (88.0..93.0]', 'Alkphos: (65.8..81.2]', 'Sgpt: (20.2..33.4]', 'Sgot: (18.2..27.4]', 'Gammagt: (23.6..42.2]' => 'Drinks: (2.0..5.0]'
c1 # of rules: 30
c1 rule time: 0.0390

c1 computing class: (5.0..8.0]
c1 discrimination constraints: 171h
c1 coverage constraints: 43v+1119h
c1 formula: 103v, 1380c (1320h+60s)
c1 enumerating rules (maxsat-based)
c1 rule: 'Sgpt: (-inf..20.2]', 'Gammagt: (105.2..+inf)' => 'Drinks: (5.0..8.0]'
c1 rule: 'Sgpt: (47.6..67.8]', 'Sgot: (18.2..27.4]' => 'Drinks: (5.0..8.0]'
c1 rule: 'Alkphos: (-inf..50.4]', 'Gammagt: (64.8..105.2]' => 'Drinks: (5.0..8.0]'
c1 rule: 'Sgpt: (67.8..+inf)', 'Gammagt: (64.8..105.2]' => 'Drinks: (5.0..8.0]'
c1 rule: 'Mcv: (88.0..93.0]', 'Sgpt: (67.8..+inf)' => 'Drinks: (5.0..8.0]'
c1 rule: 'Sgpt: (33.4..47.6]', 'Sgot: (48.8..+inf)' => 'Drinks: (5.0..8.0]'
c1 rule: 'Mcv: (-inf..83.0]', 'Sgpt: (47.6..67.8]' => 'Drinks: (5.0..8.0]'
c1 rule: 'Mcv: (98.0..+inf)', 'Alkphos: (81.2..96.6]' => 'Drinks: (5.0..8.0]'
c1 rule: 'Mcv: (98.0..+inf)', not 'Sgpt: (-inf..20.2]' => 'Drinks: (5.0..8.0]'
c1 rule: 'Sgpt: (67.8..+inf)', 'Gammagt: (23.6..42.2]' => 'Drinks: (5.0..8.0]'
c1 rule: 'Alkphos: (65.8..81.2]', 'Sgpt: (67.8..+inf)', not 'Sgot: (18.2..27.4]' => 'Drinks: (5.0..8.0]'
c1 rule: 'Sgpt: (47.6..67.8]', 'Gammagt: (105.2..+inf)', not 'Mcv: (83.0..88.0]' => 'Drinks: (5.0..8.0]'
c1 rule: 'Alkphos: (81.2..96.6]', 'Sgot: (18.2..27.4]', 'Gammagt: (42.2..64.8]' => 'Drinks: (5.0..8.0]'
c1 rule: 'Alkphos: (81.2..96.6]', 'Sgpt: (33.4..47.6]', 'Gammagt: (64.8..105.2]' => 'Drinks: (5.0..8.0]'
c1 rule: 'Mcv: (88.0..93.0]', 'Alkphos: (65.8..81.2]', 'Gammagt: (64.8..105.2]' => 'Drinks: (5.0..8.0]'
c1 rule: 'Sgot: (-inf..18.2]', 'Gammagt: (42.2..64.8]', not 'Alkphos: (50.4..65.8]' => 'Drinks: (5.0..8.0]'
c1 rule: 'Mcv: (88.0..93.0]', 'Alkphos: (50.4..65.8]', 'Sgot: (36.6..48.8]' => 'Drinks: (5.0..8.0]'
c1 rule: 'Mcv: (93.0..98.0]', 'Alkphos: (-inf..50.4]', 'Gammagt: (-inf..23.6]' => 'Drinks: (5.0..8.0]'
c1 rule: 'Mcv: (88.0..93.0]', 'Alkphos: (-inf..50.4]', 'Gammagt: (42.2..64.8]' => 'Drinks: (5.0..8.0]'
c1 rule: 'Mcv: (-inf..83.0]', 'Sgot: (18.2..27.4]', 'Gammagt: (42.2..64.8]' => 'Drinks: (5.0..8.0]'
c1 rule: 'Alkphos: (50.4..65.8]', 'Sgot: (36.6..48.8]', 'Gammagt: (64.8..105.2]' => 'Drinks: (5.0..8.0]'
c1 rule: 'Mcv: (93.0..98.0]', 'Alkphos: (96.6..+inf)', 'Gammagt: (23.6..42.2]' => 'Drinks: (5.0..8.0]'
c1 rule: 'Alkphos: (65.8..81.2]', 'Sgpt: (-inf..20.2]', 'Gammagt: (42.2..64.8]' => 'Drinks: (5.0..8.0]'
c1 rule: 'Mcv: (83.0..88.0]', 'Alkphos: (96.6..+inf)', 'Gammagt: (23.6..42.2]', not 'Sgpt: (33.4..47.6]' => 'Drinks: (5.0..8.0]'
c1 rule: 'Mcv: (88.0..93.0]', 'Alkphos: (50.4..65.8]', 'Gammagt: (23.6..42.2]', not 'Sgpt: (20.2..33.4]' => 'Drinks: (5.0..8.0]'
c1 rule: 'Mcv: (93.0..98.0]', 'Alkphos: (50.4..65.8]', 'Sgot: (18.2..27.4]', 'Gammagt: (23.6..42.2]' => 'Drinks: (5.0..8.0]'
c1 rule: 'Mcv: (88.0..93.0]', 'Alkphos: (-inf..50.4]', 'Sgpt: (20.2..33.4]', 'Sgot: (18.2..27.4]' => 'Drinks: (5.0..8.0]'
c1 rule: 'Mcv: (88.0..93.0]', 'Alkphos: (81.2..96.6]', 'Sgot: (18.2..27.4]', 'Gammagt: (23.6..42.2]' => 'Drinks: (5.0..8.0]'
c1 rule: 'Alkphos: (65.8..81.2]', 'Sgpt: (20.2..33.4]', 'Gammagt: (42.2..64.8]', not 'Mcv: (88.0..93.0]' => 'Drinks: (5.0..8.0]'
c1 rule: 'Alkphos: (65.8..81.2]', 'Sgpt: (20.2..33.4]', 'Sgot: (27.4..36.6]', not 'Gammagt: (105.2..+inf)' => 'Drinks: (5.0..8.0]'
c1 # of rules: 30
c1 rule time: 0.0308

c1 computing class: (8.0..12.0]
c1 discrimination constraints: 201h
c1 coverage constraints: 13v+339h
c1 formula: 73v, 630c (570h+60s)
c1 enumerating rules (maxsat-based)
c1 rule: 'Sgpt: (47.6..67.8]', 'Sgot: (48.8..+inf)' => 'Drinks: (8.0..12.0]'
c1 rule: 'Mcv: (88.0..93.0]', 'Alkphos: (96.6..+inf)', 'Sgpt: (47.6..67.8]' => 'Drinks: (8.0..12.0]'
c1 rule: 'Alkphos: (81.2..96.6]', 'Sgpt: (47.6..67.8]', not 'Mcv: (88.0..93.0]' => 'Drinks: (8.0..12.0]'
c1 rule: 'Alkphos: (81.2..96.6]', 'Sgot: (27.4..36.6]', 'Gammagt: (42.2..64.8]' => 'Drinks: (8.0..12.0]'
c1 rule: 'Mcv: (93.0..98.0]', 'Alkphos: (50.4..65.8]', 'Sgot: (27.4..36.6]' => 'Drinks: (8.0..12.0]'
c1 rule: 'Mcv: (83.0..88.0]', 'Sgpt: (47.6..67.8]', 'Sgot: (36.6..48.8]' => 'Drinks: (8.0..12.0]'
c1 rule: 'Alkphos: (81.2..96.6]', 'Sgpt: (20.2..33.4]', 'Gammagt: (105.2..+inf)' => 'Drinks: (8.0..12.0]'
c1 rule: 'Mcv: (83.0..88.0]', 'Alkphos: (96.6..+inf)', 'Sgpt: (-inf..20.2]' => 'Drinks: (8.0..12.0]'
c1 rule: 'Mcv: (88.0..93.0]', 'Sgpt: (33.4..47.6]', 'Sgot: (27.4..36.6]', 'Gammagt: (23.6..42.2]' => 'Drinks: (8.0..12.0]'
c1 rule: 'Mcv: (88.0..93.0]', 'Alkphos: (-inf..50.4]', 'Sgpt: (33.4..47.6]', 'Gammagt: (23.6..42.2]' => 'Drinks: (8.0..12.0]'
c1 rule: 'Mcv: (88.0..93.0]', 'Sgpt: (33.4..47.6]', 'Gammagt: (42.2..64.8]', not 'Alkphos: (50.4..65.8]', not 'Sgot: (27.4..36.6]' => 'Drinks: (8.0..12.0]'
c1 # of rules: 11
c1 rule time: 0.0089

c2 total rules: 127
c3 total time: 1.1760

Rules are saved to ../rules/size/q5_bupa_train3.csv_size5.json