c0 # of samps: 81 (50 weighted)
c0 # of feats: 16 (20 binary)
c0 # of labls: 7
c0 parse time: 0.2678


c0 computing feature 1
c1 computing class: 0
c1 discrimination constraints: 18h
c1 coverage constraints: 32v+641h
c1 formula: 74v, 722c (680h+42s)
c1 enumerating rules (maxsat-based)
c1 rule: 'legs: (4.0..5.0]' => 'hair: 0'
c1 rule: 'legs: (6.0..+inf)' => 'hair: 0'
c1 rule: 'breathes: 0' => 'hair: 0'
c1 rule: not 'feathers: 0' => 'hair: 0'
c1 rule: not 'eggs: 0', not 'toothed: 0' => 'hair: 0'
c1 rule: 'legs: (-inf..2.0]', not 'eggs: 0' => 'hair: 0'
c1 rule: 'milk: 0', not 'legs: (5.0..6.0]' => 'hair: 0'
c1 rule: 'milk: 0', 'airborne: 0' => 'hair: 0'
c1 rule: not 'fins: 0', not 'tail: 0' => 'hair: 0'
c1 # of rules: 9
c1 rule time: 0.0051

c1 computing class: 1
c1 discrimination constraints: 32h
c1 coverage constraints: 18v+361h
c1 formula: 60v, 456c (414h+42s)
c1 enumerating rules (maxsat-based)
c1 rule: 'legs: (2.0..4.0]', not 'milk: 0' => 'hair: 1'
c1 rule: 'tail: 0', not 'domestic: 0' => 'hair: 1'
c1 rule: not 'airborne: 0', not 'toothed: 0' => 'hair: 1'
c1 rule: 'predator: 0', not 'venomous: 0' => 'hair: 1'
c1 rule: 'catsize: 0', not 'milk: 0' => 'hair: 1'
c1 rule: 'fins: 0', not 'milk: 0' => 'hair: 1'
c1 rule: 'tail: 0', not 'milk: 0' => 'hair: 1'
c1 # of rules: 7
c1 rule time: 0.0033

c2 total rules: 16

c0 computing feature 2
c1 computing class: 0
c1 discrimination constraints: 9h
c1 coverage constraints: 41v+821h
c1 formula: 83v, 893c (851h+42s)
c1 enumerating rules (maxsat-based)
c1 rule: 'eggs: 0' => 'feathers: 0'
c1 rule: 'legs: (4.0..5.0]' => 'feathers: 0'
c1 rule: not 'toothed: 0' => 'feathers: 0'
c1 rule: 'legs: (5.0..6.0]' => 'feathers: 0'
c1 rule: 'backbone: 0' => 'feathers: 0'
c1 rule: 'legs: (2.0..4.0]' => 'feathers: 0'
c1 # of rules: 6
c1 rule time: 0.0036

c1 computing class: 1
c1 discrimination constraints: 41h
c1 coverage constraints: 9v+181h
c1 formula: 51v, 285c (243h+42s)
c1 enumerating rules (maxsat-based)
c1 rule: not 'airborne: 0', not 'aquatic: 0' => 'feathers: 1'
c1 rule: not 'airborne: 0', not 'domestic: 0' => 'feathers: 1'
c1 rule: not 'airborne: 0', not 'predator: 0' => 'feathers: 1'
c1 rule: not 'airborne: 0', not 'catsize: 0' => 'feathers: 1'
c1 rule: 'milk: 0', not 'airborne: 0', not 'backbone: 0' => 'feathers: 1'
c1 rule: 'toothed: 0', 'legs: (-inf..2.0]', not 'tail: 0' => 'feathers: 1'
c1 # of rules: 6
c1 rule time: 0.0031

c2 total rules: 12

c0 computing feature 3
c1 computing class: 0
c1 discrimination constraints: 32h
c1 coverage constraints: 18v+361h
c1 formula: 60v, 456c (414h+42s)
c1 enumerating rules (maxsat-based)
c1 rule: 'legs: (6.0..+inf)', 'catsize: 0' => 'eggs: 0'
c1 rule: 'hair: 0', not 'milk: 0' => 'eggs: 0'
c1 rule: 'breathes: 0', 'fins: 0', not 'tail: 0' => 'eggs: 0'
c1 # of rules: 3
c1 rule time: 0.0023

c1 computing class: 1
c1 discrimination constraints: 18h
c1 coverage constraints: 32v+641h
c1 formula: 74v, 722c (680h+42s)
c1 enumerating rules (maxsat-based)
c1 rule: 'legs: (5.0..6.0]' => 'eggs: 1'
c1 rule: 'legs: (4.0..5.0]' => 'eggs: 1'
c1 rule: 'legs: (6.0..+inf)', not 'aquatic: 0' => 'eggs: 1'
c1 rule: 'toothed: 0', not 'aquatic: 0' => 'eggs: 1'
c1 rule: 'milk: 0', 'tail: 0' => 'eggs: 1'
c1 rule: 'toothed: 0', not 'legs: (6.0..+inf)' => 'eggs: 1'
c1 rule: 'breathes: 0', not 'fins: 0' => 'eggs: 1'
c1 rule: 'milk: 0', 'venomous: 0' => 'eggs: 1'
c1 rule: 'milk: 0', not 'toothed: 0', not 'breathes: 0' => 'eggs: 1'
c1 # of rules: 9
c1 rule time: 0.0045

c2 total rules: 12

c0 computing feature 4
c1 computing class: 0
c1 discrimination constraints: 17h
c1 coverage constraints: 33v+661h
c1 formula: 75v, 741c (699h+42s)
c1 enumerating rules (maxsat-based)
c1 rule: 'legs: (5.0..6.0]' => 'milk: 0'
c1 # of rules: 1
c1 rule time: 0.0022

c1 computing class: 1
c1 discrimination constraints: 33h
c1 coverage constraints: 17v+341h
c1 formula: 59v, 437c (395h+42s)
c1 enumerating rules (maxsat-based)
c1 # of rules: 0
c1 rule time: 0.0010

c2 total rules: 1

c0 computing feature 5
c1 computing class: 0
c1 discrimination constraints: 10h
c1 coverage constraints: 40v+801h
c1 formula: 82v, 874c (832h+42s)
c1 enumerating rules (maxsat-based)
c1 rule: 'legs: (2.0..4.0]' => 'airborne: 0'
c1 rule: 'backbone: 0', 'legs: (-inf..2.0]' => 'airborne: 0'
c1 rule: not 'aquatic: 0', not 'catsize: 0' => 'airborne: 0'
c1 # of rules: 3
c1 rule time: 0.0033

c1 computing class: 1
c1 discrimination constraints: 40h
c1 coverage constraints: 10v+201h
c1 formula: 52v, 304c (262h+42s)
c1 enumerating rules (maxsat-based)
c1 rule: 'toothed: 0', not 'domestic: 0' => 'airborne: 1'
c1 rule: 'predator: 0', 'catsize: 0', not 'feathers: 0' => 'airborne: 1'
c1 rule: 'catsize: 0', not 'feathers: 0', not 'aquatic: 0' => 'airborne: 1'
c1 rule: 'aquatic: 0', not 'feathers: 0', not 'predator: 0', not 'catsize: 0' => 'airborne: 1'
c1 # of rules: 4
c1 rule time: 0.0018

c2 total rules: 7

c0 computing feature 6
c1 computing class: 0
c1 discrimination constraints: 18h
c1 coverage constraints: 32v+641h
c1 formula: 74v, 722c (680h+42s)
c1 enumerating rules (maxsat-based)
c1 rule: 'predator: 0', not 'hair: 0' => 'aquatic: 0'
c1 rule: 'eggs: 0', 'legs: (2.0..4.0]' => 'aquatic: 0'
c1 rule: 'backbone: 0', not 'breathes: 0' => 'aquatic: 0'
c1 rule: 'predator: 0', 'toothed: 0' => 'aquatic: 0'
c1 rule: not 'milk: 0', not 'domestic: 0' => 'aquatic: 0'
c1 rule: 'legs: (2.0..4.0]', not 'toothed: 0', not 'tail: 0' => 'aquatic: 0'
c1 rule: not 'breathes: 0', not 'venomous: 0', not 'legs: (2.0..4.0]' => 'aquatic: 0'
c1 rule: 'backbone: 0', 'venomous: 0', 'legs: (-inf..2.0]' => 'aquatic: 0'
c1 rule: 'feathers: 0', 'venomous: 0', 'fins: 0', 'legs: (-inf..2.0]' => 'aquatic: 0'
c1 # of rules: 9
c1 rule time: 0.0037

c1 computing class: 1
c1 discrimination constraints: 32h
c1 coverage constraints: 18v+361h
c1 formula: 60v, 456c (414h+42s)
c1 enumerating rules (maxsat-based)
c1 rule: 'legs: (4.0..5.0]' => 'aquatic: 1'
c1 rule: not 'fins: 0' => 'aquatic: 1'
c1 rule: 'breathes: 0', not 'backbone: 0' => 'aquatic: 1'
c1 rule: 'breathes: 0', not 'legs: (-inf..2.0]' => 'aquatic: 1'
c1 rule: 'breathes: 0', not 'venomous: 0' => 'aquatic: 1'
c1 rule: not 'eggs: 0', not 'milk: 0' => 'aquatic: 1'
c1 rule: 'legs: (2.0..4.0]', not 'venomous: 0' => 'aquatic: 1'
c1 rule: 'tail: 0', not 'eggs: 0', not 'toothed: 0' => 'aquatic: 1'
c1 # of rules: 8
c1 rule time: 0.0039

c2 total rules: 17

c0 computing feature 7
c1 computing class: 0
c1 discrimination constraints: 28h
c1 coverage constraints: 22v+441h
c1 formula: 64v, 532c (490h+42s)
c1 enumerating rules (maxsat-based)
c1 rule: 'hair: 0', not 'domestic: 0' => 'predator: 0'
c1 rule: 'catsize: 0', not 'domestic: 0' => 'predator: 0'
c1 rule: 'aquatic: 0', 'legs: (5.0..6.0]' => 'predator: 0'
c1 rule: 'legs: (-inf..2.0]', 'catsize: 0', not 'hair: 0' => 'predator: 0'
c1 rule: 'legs: (-inf..2.0]', not 'hair: 0', not 'tail: 0' => 'predator: 0'
c1 rule: 'hair: 0', 'legs: (2.0..4.0]', not 'catsize: 0' => 'predator: 0'
c1 rule: 'toothed: 0', 'tail: 0', not 'breathes: 0' => 'predator: 0'
c1 rule: 'aquatic: 0', 'legs: (-inf..2.0]', 'domestic: 0', not 'hair: 0' => 'predator: 0'
c1 rule: 'venomous: 0', 'tail: 0', not 'eggs: 0', not 'backbone: 0' => 'predator: 0'
c1 # of rules: 9
c1 rule time: 0.0063

c1 computing class: 1
c1 discrimination constraints: 22h
c1 coverage constraints: 28v+561h
c1 formula: 70v, 646c (604h+42s)
c1 enumerating rules (maxsat-based)
c1 rule: 'breathes: 0', 'fins: 0' => 'predator: 1'
c1 rule: not 'breathes: 0', not 'fins: 0' => 'predator: 1'
c1 rule: not 'fins: 0', not 'catsize: 0' => 'predator: 1'
c1 rule: 'legs: (-inf..2.0]', not 'domestic: 0', not 'catsize: 0' => 'predator: 1'
c1 rule: 'aquatic: 0', not 'eggs: 0', not 'toothed: 0' => 'predator: 1'
c1 rule: 'legs: (2.0..4.0]', 'tail: 0', not 'catsize: 0' => 'predator: 1'
c1 # of rules: 6
c1 rule time: 0.0043

c2 total rules: 15

c0 computing feature 8
c1 computing class: 0
c1 discrimination constraints: 27h
c1 coverage constraints: 23v+461h
c1 formula: 65v, 551c (509h+42s)
c1 enumerating rules (maxsat-based)
c1 rule: 'legs: (6.0..+inf)' => 'toothed: 0'
c1 rule: 'backbone: 0' => 'toothed: 0'
c1 # of rules: 2
c1 rule time: 0.0023

c1 computing class: 1
c1 discrimination constraints: 23h
c1 coverage constraints: 27v+541h
c1 formula: 69v, 627c (585h+42s)
c1 enumerating rules (maxsat-based)
c1 rule: 'legs: (2.0..4.0]', 'catsize: 0', not 'breathes: 0' => 'toothed: 1'
c1 # of rules: 1
c1 rule time: 0.0019

c2 total rules: 3

c0 computing feature 9
c1 computing class: 0
c1 discrimination constraints: 38h
c1 coverage constraints: 12v+241h
c1 formula: 54v, 342c (300h+42s)
c1 enumerating rules (maxsat-based)
c1 rule: 'legs: (6.0..+inf)' => 'backbone: 0'
c1 rule: 'legs: (5.0..6.0]' => 'backbone: 0'
c1 rule: 'toothed: 0', 'breathes: 0' => 'backbone: 0'
c1 rule: 'toothed: 0', 'tail: 0' => 'backbone: 0'
c1 # of rules: 4
c1 rule time: 0.0023

c1 computing class: 1
c1 discrimination constraints: 12h
c1 coverage constraints: 38v+761h
c1 formula: 80v, 836c (794h+42s)
c1 enumerating rules (maxsat-based)
c1 rule: not 'legs: (6.0..+inf)', not 'tail: 0' => 'backbone: 1'
c1 # of rules: 1
c1 rule time: 0.0023

c2 total rules: 5

c0 computing feature 10
c1 computing class: 0
c1 discrimination constraints: 38h
c1 coverage constraints: 12v+241h
c1 formula: 54v, 342c (300h+42s)
c1 enumerating rules (maxsat-based)
c1 rule: not 'eggs: 0', not 'fins: 0' => 'breathes: 0'
c1 # of rules: 1
c1 rule time: 0.0018

c1 computing class: 1
c1 discrimination constraints: 12h
c1 coverage constraints: 38v+761h
c1 formula: 80v, 836c (794h+42s)
c1 enumerating rules (maxsat-based)
c1 rule: 'legs: (2.0..4.0]', not 'toothed: 0' => 'breathes: 1'
c1 # of rules: 1
c1 rule time: 0.0024

c2 total rules: 2

c0 computing feature 11
c1 computing class: 0
c1 discrimination constraints: 7h
c1 coverage constraints: 43v+861h
c1 formula: 85v, 931c (889h+42s)
c1 enumerating rules (maxsat-based)
c1 rule: not 'domestic: 0' => 'venomous: 0'
c1 rule: not 'milk: 0' => 'venomous: 0'
c1 rule: 'legs: (4.0..5.0]' => 'venomous: 0'
c1 rule: not 'feathers: 0' => 'venomous: 0'
c1 rule: 'catsize: 0', not 'fins: 0' => 'venomous: 0'
c1 rule: 'breathes: 0', not 'legs: (-inf..2.0]' => 'venomous: 0'
c1 # of rules: 6
c1 rule time: 0.0043

c1 computing class: 1
c1 discrimination constraints: 43h
c1 coverage constraints: 7v+141h
c1 formula: 49v, 247c (205h+42s)
c1 enumerating rules (maxsat-based)
c1 # of rules: 0
c1 rule time: 0.0019

c2 total rules: 6

c0 computing feature 12
c1 computing class: 0
c1 discrimination constraints: 7h
c1 coverage constraints: 43v+861h
c1 formula: 85v, 931c (889h+42s)
c1 enumerating rules (maxsat-based)
c1 rule: 'legs: (5.0..6.0]' => 'fins: 0'
c1 rule: 'legs: (4.0..5.0]' => 'fins: 0'
c1 rule: 'legs: (2.0..4.0]' => 'fins: 0'
c1 rule: 'backbone: 0' => 'fins: 0'
c1 # of rules: 4
c1 rule time: 0.0034

c1 computing class: 1
c1 discrimination constraints: 43h
c1 coverage constraints: 7v+141h
c1 formula: 49v, 247c (205h+42s)
c1 enumerating rules (maxsat-based)
c1 # of rules: 0
c1 rule time: 0.0008

c2 total rules: 4

c0 computing feature 13
c1 computing class: (-inf..2.0]
c1 discrimination constraints: 23h
c1 coverage constraints: 27v+433h
c1 formula: 67v, 516c (476h+40s)
c1 enumerating rules (maxsat-based)
c1 rule: not 'fins: 0' => 'legs: (-inf..2.0]'
c1 rule: not 'feathers: 0' => 'legs: (-inf..2.0]'
c1 rule: not 'airborne: 0', not 'backbone: 0' => 'legs: (-inf..2.0]'
c1 rule: 'eggs: 0', not 'aquatic: 0' => 'legs: (-inf..2.0]'
c1 rule: 'aquatic: 0', 'breathes: 0' => 'legs: (-inf..2.0]'
c1 rule: 'breathes: 0', not 'venomous: 0' => 'legs: (-inf..2.0]'
c1 rule: 'tail: 0', not 'predator: 0', not 'domestic: 0' => 'legs: (-inf..2.0]'
c1 rule: 'predator: 0', 'tail: 0', not 'catsize: 0' => 'legs: (-inf..2.0]'
c1 rule: 'aquatic: 0', not 'toothed: 0', not 'venomous: 0' => 'legs: (-inf..2.0]'
c1 # of rules: 9
c1 rule time: 0.0044

c1 computing class: (2.0..4.0]
c1 discrimination constraints: 35h
c1 coverage constraints: 15v+241h
c1 formula: 55v, 336c (296h+40s)
c1 enumerating rules (maxsat-based)
c1 rule: not 'eggs: 0', not 'milk: 0' => 'legs: (2.0..4.0]'
c1 rule: 'feathers: 0', 'toothed: 0', not 'backbone: 0' => 'legs: (2.0..4.0]'
c1 rule: 'predator: 0', 'tail: 0', not 'domestic: 0' => 'legs: (2.0..4.0]'
c1 rule: not 'predator: 0', not 'tail: 0', not 'domestic: 0' => 'legs: (2.0..4.0]'
c1 rule: 'tail: 0', 'catsize: 0', not 'toothed: 0' => 'legs: (2.0..4.0]'
c1 rule: 'predator: 0', not 'domestic: 0', not 'catsize: 0' => 'legs: (2.0..4.0]'
c1 rule: 'catsize: 0', not 'hair: 0', not 'predator: 0' => 'legs: (2.0..4.0]'
c1 rule: not 'hair: 0', not 'predator: 0', not 'tail: 0' => 'legs: (2.0..4.0]'
c1 rule: not 'hair: 0', not 'tail: 0', not 'domestic: 0' => 'legs: (2.0..4.0]'
c1 rule: 'fins: 0', 'domestic: 0', not 'milk: 0', not 'predator: 0' => 'legs: (2.0..4.0]'
c1 # of rules: 10
c1 rule time: 0.0047

c1 computing class: (4.0..5.0]
c1 discrimination constraints: 49h
c1 coverage constraints: 1v+17h
c1 formula: 41v, 126c (86h+40s)
c1 enumerating rules (maxsat-based)
c1 # of rules: 0
c1 rule time: 0.0010

c1 computing class: (5.0..6.0]
c1 discrimination constraints: 45h
c1 coverage constraints: 5v+81h
c1 formula: 45v, 186c (146h+40s)
c1 enumerating rules (maxsat-based)
c1 rule: 'milk: 0', not 'hair: 0' => 'legs: (5.0..6.0]'
c1 rule: 'backbone: 0', not 'airborne: 0' => 'legs: (5.0..6.0]'
c1 # of rules: 2
c1 rule time: 0.0016

c1 computing class: (6.0..+inf)
c1 discrimination constraints: 48h
c1 coverage constraints: 2v+33h
c1 formula: 42v, 141c (101h+40s)
c1 enumerating rules (maxsat-based)
c1 rule: 'backbone: 0', not 'catsize: 0' => 'legs: (6.0..+inf)'
c1 rule: 'backbone: 0', not 'tail: 0' => 'legs: (6.0..+inf)'
c1 # of rules: 2
c1 rule time: 0.0013

c2 total rules: 23

c0 computing feature 14
c1 computing class: 0
c1 discrimination constraints: 32h
c1 coverage constraints: 18v+361h
c1 formula: 60v, 456c (414h+42s)
c1 enumerating rules (maxsat-based)
c1 # of rules: 0
c1 rule time: 0.0020

c1 computing class: 1
c1 discrimination constraints: 18h
c1 coverage constraints: 32v+641h
c1 formula: 74v, 722c (680h+42s)
c1 enumerating rules (maxsat-based)
c1 rule: 'breathes: 0', not 'backbone: 0' => 'tail: 1'
c1 rule: 'eggs: 0', 'domestic: 0', 'catsize: 0' => 'tail: 1'
c1 # of rules: 2
c1 rule time: 0.0036

c2 total rules: 2

c0 computing feature 15
c1 computing class: 0
c1 discrimination constraints: 7h
c1 coverage constraints: 43v+861h
c1 formula: 85v, 931c (889h+42s)
c1 enumerating rules (maxsat-based)
c1 # of rules: 0
c1 rule time: 0.0034

c1 computing class: 1
c1 discrimination constraints: 43h
c1 coverage constraints: 7v+141h
c1 formula: 49v, 247c (205h+42s)
c1 enumerating rules (maxsat-based)
c1 # of rules: 0
c1 rule time: 0.0016

c2 total rules: 0

c0 computing feature 16
c1 computing class: 0
c1 discrimination constraints: 19h
c1 coverage constraints: 31v+621h
c1 formula: 73v, 703c (661h+42s)
c1 enumerating rules (maxsat-based)
c1 rule: 'eggs: 0', 'breathes: 0' => 'catsize: 0'
c1 rule: 'eggs: 0', not 'venomous: 0' => 'catsize: 0'
c1 rule: 'fins: 0', not 'venomous: 0' => 'catsize: 0'
c1 rule: 'milk: 0', not 'toothed: 0', not 'breathes: 0' => 'catsize: 0'
c1 # of rules: 4
c1 rule time: 0.0044

c1 computing class: 1
c1 discrimination constraints: 31h
c1 coverage constraints: 19v+381h
c1 formula: 61v, 475c (433h+42s)
c1 enumerating rules (maxsat-based)
c1 # of rules: 0
c1 rule time: 0.0025

c2 total rules: 4
c3 total time: 0.3887

Rules are saved to ../rules/all/q5_zoo_train5.csv.json