c0 # of samps: 131 (114 weighted)
c0 # of feats: 9 (32 binary)
c0 # of labls: 2
c0 parse time: 0.2747


c0 computing feature 1
c1 computing class: (-inf..1.52]
c1 discrimination constraints: 22h
c1 coverage constraints: 91v+2913h
c1 formula: 157v, 3034c (2968h+66s)
c1 enumerating rules (maxsat-based)
c1 rule: 'Calcium: (-inf..8.24]' => 'Refractive Index: (-inf..1.52]'
c1 rule: 'Barium: (0.09..0.14]' => 'Refractive Index: (-inf..1.52]'
c1 rule: 'Magnesium: (3.33..3.53]' => 'Refractive Index: (-inf..1.52]'
c1 rule: 'Magnesium: (3.53..3.73]', 'Aluminum: (1.28..1.54]' => 'Refractive Index: (-inf..1.52]'
c1 rule: 'Aluminum: (1.28..1.54]', not 'Magnesium: (-inf..3.33]' => 'Refractive Index: (-inf..1.52]'
c1 rule: 'Aluminum: (1.28..1.54]', 'Silicon: (73.02..+inf)' => 'Refractive Index: (-inf..1.52]'
c1 rule: 'Silicon: (73.02..+inf)', not 'Potassium: (-inf..0.16]' => 'Refractive Index: (-inf..1.52]'
c1 rule: 'Calcium: (8.24..8.64]', not 'Sodium: (12.81..13.22]' => 'Refractive Index: (-inf..1.52]'
c1 rule: 'Calcium: (8.24..8.64]', not 'Magnesium: (3.53..3.73]' => 'Refractive Index: (-inf..1.52]'
c1 rule: 'Calcium: (8.24..8.64]', not 'Silicon: (72.66..73.02]' => 'Refractive Index: (-inf..1.52]'
c1 rule: 'Aluminum: (1.02..1.28]', 'Silicon: (72.15..72.66]' => 'Refractive Index: (-inf..1.52]'
c1 rule: 'Aluminum: (1.02..1.28]', not 'Iron: (-inf..0.11]' => 'Refractive Index: (-inf..1.52]'
c1 rule: 'Calcium: (8.24..8.64]', not 'Potassium: (0.48..0.61]' => 'Refractive Index: (-inf..1.52]'
c1 rule: 'Calcium: (8.24..8.64]', not 'Aluminum: (1.02..1.28]' => 'Refractive Index: (-inf..1.52]'
c1 rule: 'Aluminum: (1.28..1.54]', 'Silicon: (72.66..73.02]' => 'Refractive Index: (-inf..1.52]'
c1 rule: 'Magnesium: (3.53..3.73]', 'Calcium: (8.64..9.27]' => 'Refractive Index: (-inf..1.52]'
c1 rule: 'Potassium: (0.48..0.61]', 'Calcium: (8.64..9.27]' => 'Refractive Index: (-inf..1.52]'
c1 rule: 'Calcium: (8.64..9.27]', not 'Silicon: (-inf..72.15]' => 'Refractive Index: (-inf..1.52]'
c1 # of rules: 18
c1 rule time: 0.0169

c1 computing class: (1.52..+inf)
c1 discrimination constraints: 91h
c1 coverage constraints: 22v+705h
c1 formula: 88v, 895c (829h+66s)
c1 enumerating rules (maxsat-based)
c1 rule: 'Barium: (0.14..0.27]' => 'Refractive Index: (1.52..+inf)'
c1 rule: 'Aluminum: (-inf..1.02]', 'Iron: (0.11..0.19]' => 'Refractive Index: (1.52..+inf)'
c1 rule: 'Calcium: (9.27..+inf)', 'Iron: (0.11..0.19]' => 'Refractive Index: (1.52..+inf)'
c1 rule: 'Calcium: (9.27..+inf)', not 'Sodium: (-inf..12.81]' => 'Refractive Index: (1.52..+inf)'
c1 rule: 'Sodium: (-inf..12.81]', 'Potassium: (-inf..0.16]' => 'Refractive Index: (1.52..+inf)'
c1 rule: 'Aluminum: (1.54..+inf)', 'Calcium: (9.27..+inf)' => 'Refractive Index: (1.52..+inf)'
c1 rule: 'Potassium: (0.16..0.48]', 'Calcium: (8.64..9.27]' => 'Refractive Index: (1.52..+inf)'
c1 # of rules: 7
c1 rule time: 0.0030

c2 total rules: 25

c0 computing feature 2
c1 computing class: (-inf..12.81]
c1 discrimination constraints: 89h
c1 coverage constraints: 24v+697h
c1 formula: 88v, 882c (818h+64s)
c1 enumerating rules (maxsat-based)
c1 rule: 'Silicon: (73.02..+inf)', not 'Barium: (-inf..0.09]' => 'Sodium: (-inf..12.81]'
c1 rule: 'Refractive Index: (-inf..1.52]', 'Calcium: (9.27..+inf)' => 'Sodium: (-inf..12.81]'
c1 rule: 'Magnesium: (-inf..3.33]', 'Calcium: (8.24..8.64]' => 'Sodium: (-inf..12.81]'
c1 rule: 'Silicon: (-inf..72.15]', 'Iron: (0.19..0.28]' => 'Sodium: (-inf..12.81]'
c1 rule: 'Silicon: (73.02..+inf)', not 'Refractive Index: (-inf..1.52]' => 'Sodium: (-inf..12.81]'
c1 rule: 'Potassium: (0.61..+inf)', not 'Refractive Index: (-inf..1.52]' => 'Sodium: (-inf..12.81]'
c1 rule: 'Magnesium: (-inf..3.33]', 'Silicon: (73.02..+inf)' => 'Sodium: (-inf..12.81]'
c1 rule: 'Silicon: (72.66..73.02]', 'Iron: (0.28..+inf)' => 'Sodium: (-inf..12.81]'
c1 rule: 'Silicon: (73.02..+inf)', 'Calcium: (8.64..9.27]' => 'Sodium: (-inf..12.81]'
c1 rule: 'Aluminum: (1.54..+inf)', 'Potassium: (0.61..+inf)', not 'Calcium: (-inf..8.24]' => 'Sodium: (-inf..12.81]'
c1 rule: 'Potassium: (0.61..+inf)', not 'Aluminum: (1.02..1.28]', not 'Calcium: (-inf..8.24]' => 'Sodium: (-inf..12.81]'
c1 rule: 'Silicon: (73.02..+inf)', 'Iron: (0.19..0.28]', not 'Aluminum: (1.28..1.54]' => 'Sodium: (-inf..12.81]'
c1 rule: 'Magnesium: (3.53..3.73]', 'Silicon: (72.66..73.02]', 'Calcium: (8.64..9.27]', not 'Potassium: (-inf..0.16]' => 'Sodium: (-inf..12.81]'
c1 rule: 'Magnesium: (3.53..3.73]', 'Silicon: (73.02..+inf)', 'Iron: (-inf..0.11]', not 'Calcium: (-inf..8.24]' => 'Sodium: (-inf..12.81]'
c1 rule: 'Magnesium: (3.33..3.53]', 'Silicon: (73.02..+inf)', 'Potassium: (0.61..+inf)', 'Iron: (-inf..0.11]' => 'Sodium: (-inf..12.81]'
c1 # of rules: 15
c1 rule time: 0.0139

c1 computing class: (12.81..13.22]
c1 discrimination constraints: 73h
c1 coverage constraints: 40v+1161h
c1 formula: 104v, 1330c (1266h+64s)
c1 enumerating rules (maxsat-based)
c1 rule: 'Calcium: (8.24..8.64]', not 'Iron: (-inf..0.11]' => 'Sodium: (12.81..13.22]'
c1 rule: 'Silicon: (72.15..72.66]', 'Iron: (0.19..0.28]' => 'Sodium: (12.81..13.22]'
c1 rule: 'Aluminum: (-inf..1.02]', 'Silicon: (72.15..72.66]' => 'Sodium: (12.81..13.22]'
c1 rule: 'Calcium: (8.24..8.64]', not 'Refractive Index: (-inf..1.52]' => 'Sodium: (12.81..13.22]'
c1 rule: 'Silicon: (72.66..73.02]', not 'Barium: (-inf..0.09]' => 'Sodium: (12.81..13.22]'
c1 rule: 'Magnesium: (3.33..3.53]', 'Iron: (0.11..0.19]', not 'Calcium: (-inf..8.24]' => 'Sodium: (12.81..13.22]'
c1 rule: 'Aluminum: (1.02..1.28]', 'Iron: (0.19..0.28]', not 'Potassium: (0.61..+inf)' => 'Sodium: (12.81..13.22]'
c1 rule: 'Magnesium: (3.53..3.73]', 'Aluminum: (1.02..1.28]', not 'Iron: (-inf..0.11]' => 'Sodium: (12.81..13.22]'
c1 rule: 'Silicon: (72.66..73.02]', 'Iron: (0.19..0.28]', not 'Magnesium: (3.53..3.73]' => 'Sodium: (12.81..13.22]'
c1 rule: 'Magnesium: (-inf..3.33]', 'Aluminum: (1.28..1.54]', 'Silicon: (72.66..73.02]' => 'Sodium: (12.81..13.22]'
c1 rule: 'Aluminum: (1.02..1.28]', 'Potassium: (0.61..+inf)', 'Calcium: (8.24..8.64]' => 'Sodium: (12.81..13.22]'
c1 rule: 'Aluminum: (1.54..+inf)', 'Calcium: (8.24..8.64]', not 'Magnesium: (-inf..3.33]' => 'Sodium: (12.81..13.22]'
c1 rule: 'Silicon: (72.15..72.66]', 'Calcium: (8.24..8.64]', not 'Aluminum: (1.28..1.54]' => 'Sodium: (12.81..13.22]'
c1 rule: 'Magnesium: (3.53..3.73]', 'Silicon: (72.15..72.66]', 'Potassium: (0.48..0.61]' => 'Sodium: (12.81..13.22]'
c1 rule: 'Magnesium: (3.53..3.73]', 'Silicon: (73.02..+inf)', not 'Potassium: (0.48..0.61]' => 'Sodium: (12.81..13.22]'
c1 rule: 'Calcium: (-inf..8.24]', 'Iron: (0.19..0.28]', not 'Aluminum: (1.54..+inf)' => 'Sodium: (12.81..13.22]'
c1 rule: 'Magnesium: (3.33..3.53]', 'Aluminum: (1.54..+inf)', 'Silicon: (72.66..73.02]' => 'Sodium: (12.81..13.22]'
c1 rule: 'Magnesium: (-inf..3.33]', 'Aluminum: (1.02..1.28]', 'Silicon: (72.15..72.66]' => 'Sodium: (12.81..13.22]'
c1 rule: 'Silicon: (73.02..+inf)', 'Potassium: (0.48..0.61]', not 'Magnesium: (3.53..3.73]', not 'Aluminum: (1.28..1.54]' => 'Sodium: (12.81..13.22]'
c1 # of rules: 19
c1 rule time: 0.0192

c1 computing class: (13.22..13.63]
c1 discrimination constraints: 85h
c1 coverage constraints: 28v+813h
c1 formula: 92v, 994c (930h+64s)
c1 enumerating rules (maxsat-based)
c1 rule: 'Barium: (0.14..0.27]' => 'Sodium: (13.22..13.63]'
c1 rule: 'Magnesium: (3.33..3.53]', 'Silicon: (-inf..72.15]' => 'Sodium: (13.22..13.63]'
c1 rule: 'Aluminum: (1.28..1.54]', 'Iron: (0.28..+inf)' => 'Sodium: (13.22..13.63]'
c1 rule: 'Silicon: (72.15..72.66]', 'Potassium: (-inf..0.16]' => 'Sodium: (13.22..13.63]'
c1 rule: 'Magnesium: (3.73..+inf)', 'Silicon: (72.66..73.02]' => 'Sodium: (13.22..13.63]'
c1 rule: 'Silicon: (73.02..+inf)', 'Potassium: (0.16..0.48]', not 'Aluminum: (-inf..1.02]' => 'Sodium: (13.22..13.63]'
c1 rule: 'Magnesium: (3.33..3.53]', 'Potassium: (0.48..0.61]', 'Calcium: (-inf..8.24]' => 'Sodium: (13.22..13.63]'
c1 rule: 'Aluminum: (1.28..1.54]', 'Silicon: (72.15..72.66]', 'Potassium: (0.61..+inf)' => 'Sodium: (13.22..13.63]'
c1 rule: 'Silicon: (72.15..72.66]', 'Calcium: (-inf..8.24]', not 'Iron: (-inf..0.11]' => 'Sodium: (13.22..13.63]'
c1 rule: 'Magnesium: (3.73..+inf)', 'Aluminum: (1.28..1.54]', 'Iron: (-inf..0.11]' => 'Sodium: (13.22..13.63]'
c1 rule: 'Magnesium: (3.73..+inf)', 'Calcium: (-inf..8.24]', not 'Aluminum: (1.28..1.54]' => 'Sodium: (13.22..13.63]'
c1 rule: 'Magnesium: (3.33..3.53]', 'Silicon: (72.15..72.66]', 'Calcium: (8.64..9.27]' => 'Sodium: (13.22..13.63]'
c1 rule: 'Aluminum: (1.02..1.28]', 'Potassium: (0.61..+inf)', 'Calcium: (-inf..8.24]' => 'Sodium: (13.22..13.63]'
c1 rule: 'Magnesium: (3.53..3.73]', 'Aluminum: (-inf..1.02]', not 'Silicon: (72.66..73.02]', not 'Iron: (0.11..0.19]' => 'Sodium: (13.22..13.63]'
c1 rule: 'Magnesium: (3.53..3.73]', 'Silicon: (72.15..72.66]', 'Potassium: (0.61..+inf)', not 'Aluminum: (1.02..1.28]' => 'Sodium: (13.22..13.63]'
c1 # of rules: 15
c1 rule time: 0.0149

c1 computing class: (13.63..+inf)
c1 discrimination constraints: 92h
c1 coverage constraints: 21v+610h
c1 formula: 85v, 798c (734h+64s)
c1 enumerating rules (maxsat-based)
c1 rule: 'Iron: (0.28..+inf)', not 'Potassium: (0.61..+inf)' => 'Sodium: (13.63..+inf)'
c1 rule: 'Aluminum: (1.02..1.28]', 'Potassium: (0.16..0.48]' => 'Sodium: (13.63..+inf)'
c1 rule: 'Aluminum: (1.54..+inf)', 'Potassium: (0.16..0.48]' => 'Sodium: (13.63..+inf)'
c1 rule: 'Silicon: (-inf..72.15]', 'Potassium: (0.61..+inf)' => 'Sodium: (13.63..+inf)'
c1 rule: 'Silicon: (-inf..72.15]', 'Calcium: (-inf..8.24]' => 'Sodium: (13.63..+inf)'
c1 rule: 'Silicon: (-inf..72.15]', 'Iron: (0.11..0.19]' => 'Sodium: (13.63..+inf)'
c1 rule: 'Aluminum: (-inf..1.02]', not 'Calcium: (9.27..+inf)' => 'Sodium: (13.63..+inf)'
c1 rule: 'Aluminum: (1.02..1.28]', 'Silicon: (-inf..72.15]' => 'Sodium: (13.63..+inf)'
c1 rule: 'Silicon: (72.66..73.02]', 'Potassium: (-inf..0.16]' => 'Sodium: (13.63..+inf)'
c1 rule: 'Aluminum: (1.28..1.54]', not 'Refractive Index: (-inf..1.52]' => 'Sodium: (13.63..+inf)'
c1 rule: 'Magnesium: (-inf..3.33]', 'Calcium: (-inf..8.24]', not 'Aluminum: (1.28..1.54]' => 'Sodium: (13.63..+inf)'
c1 # of rules: 11
c1 rule time: 0.0094

c2 total rules: 60

c0 computing feature 3
c1 computing class: (-inf..3.33]
c1 discrimination constraints: 88h
c1 coverage constraints: 25v+726h
c1 formula: 89v, 910c (846h+64s)
c1 enumerating rules (maxsat-based)
c1 rule: 'Barium: (0.09..0.14]' => 'Magnesium: (-inf..3.33]'
c1 rule: not 'Barium: (-inf..0.09]' => 'Magnesium: (-inf..3.33]'
c1 rule: 'Refractive Index: (-inf..1.52]', 'Calcium: (9.27..+inf)' => 'Magnesium: (-inf..3.33]'
c1 rule: 'Silicon: (72.66..73.02]', 'Calcium: (9.27..+inf)' => 'Magnesium: (-inf..3.33]'
c1 rule: 'Potassium: (0.48..0.61]', 'Calcium: (9.27..+inf)' => 'Magnesium: (-inf..3.33]'
c1 rule: 'Sodium: (-inf..12.81]', 'Calcium: (9.27..+inf)' => 'Magnesium: (-inf..3.33]'
c1 rule: 'Aluminum: (1.28..1.54]', 'Calcium: (9.27..+inf)' => 'Magnesium: (-inf..3.33]'
c1 rule: 'Sodium: (13.63..+inf)', 'Silicon: (72.15..72.66]' => 'Magnesium: (-inf..3.33]'
c1 rule: 'Aluminum: (1.54..+inf)', 'Calcium: (9.27..+inf)' => 'Magnesium: (-inf..3.33]'
c1 rule: 'Aluminum: (1.54..+inf)', 'Calcium: (8.64..9.27]', not 'Sodium: (13.22..13.63]' => 'Magnesium: (-inf..3.33]'
c1 rule: 'Sodium: (-inf..12.81]', 'Aluminum: (1.54..+inf)', 'Iron: (-inf..0.11]' => 'Magnesium: (-inf..3.33]'
c1 rule: 'Calcium: (8.64..9.27]', 'Iron: (0.19..0.28]', not 'Sodium: (12.81..13.22]' => 'Magnesium: (-inf..3.33]'
c1 rule: 'Calcium: (8.64..9.27]', 'Iron: (0.19..0.28]', not 'Silicon: (72.15..72.66]' => 'Magnesium: (-inf..3.33]'
c1 rule: 'Sodium: (13.22..13.63]', 'Silicon: (72.66..73.02]', 'Calcium: (8.64..9.27]' => 'Magnesium: (-inf..3.33]'
c1 rule: 'Sodium: (12.81..13.22]', 'Aluminum: (1.02..1.28]', 'Calcium: (8.64..9.27]', 'Iron: (-inf..0.11]' => 'Magnesium: (-inf..3.33]'
c1 rule: 'Sodium: (12.81..13.22]', 'Calcium: (8.64..9.27]', 'Iron: (-inf..0.11]', not 'Silicon: (72.15..72.66]' => 'Magnesium: (-inf..3.33]'
c1 # of rules: 16
c1 rule time: 0.0136

c1 computing class: (3.33..3.53]
c1 discrimination constraints: 83h
c1 coverage constraints: 30v+871h
c1 formula: 94v, 1050c (986h+64s)
c1 enumerating rules (maxsat-based)
c1 rule: 'Aluminum: (1.02..1.28]', 'Potassium: (0.16..0.48]' => 'Magnesium: (3.33..3.53]'
c1 rule: 'Silicon: (72.66..73.02]', 'Iron: (0.28..+inf)' => 'Magnesium: (3.33..3.53]'
c1 rule: 'Aluminum: (1.54..+inf)', 'Potassium: (-inf..0.16]' => 'Magnesium: (3.33..3.53]'
c1 rule: 'Aluminum: (1.28..1.54]', 'Silicon: (73.02..+inf)', 'Calcium: (8.24..8.64]' => 'Magnesium: (3.33..3.53]'
c1 rule: 'Silicon: (73.02..+inf)', 'Calcium: (-inf..8.24]', not 'Iron: (-inf..0.11]' => 'Magnesium: (3.33..3.53]'
c1 rule: 'Calcium: (-inf..8.24]', 'Iron: (0.19..0.28]', not 'Aluminum: (1.54..+inf)' => 'Magnesium: (3.33..3.53]'
c1 rule: 'Aluminum: (1.28..1.54]', 'Calcium: (8.64..9.27]', not 'Potassium: (0.48..0.61]' => 'Magnesium: (3.33..3.53]'
c1 rule: 'Sodium: (12.81..13.22]', 'Calcium: (8.64..9.27]', 'Iron: (0.11..0.19]' => 'Magnesium: (3.33..3.53]'
c1 rule: 'Potassium: (0.16..0.48]', 'Calcium: (-inf..8.24]', not 'Silicon: (72.66..73.02]' => 'Magnesium: (3.33..3.53]'
c1 rule: 'Sodium: (13.22..13.63]', 'Silicon: (73.02..+inf)', not 'Aluminum: (1.02..1.28]' => 'Magnesium: (3.33..3.53]'
c1 rule: 'Sodium: (13.22..13.63]', 'Calcium: (8.64..9.27]', not 'Aluminum: (1.02..1.28]' => 'Magnesium: (3.33..3.53]'
c1 rule: 'Silicon: (73.02..+inf)', 'Calcium: (8.64..9.27]', 'Iron: (-inf..0.11]' => 'Magnesium: (3.33..3.53]'
c1 rule: 'Aluminum: (1.02..1.28]', 'Iron: (0.19..0.28]', not 'Calcium: (8.64..9.27]' => 'Magnesium: (3.33..3.53]'
c1 rule: 'Sodium: (12.81..13.22]', 'Silicon: (72.15..72.66]', 'Potassium: (0.61..+inf)', not 'Calcium: (8.64..9.27]' => 'Magnesium: (3.33..3.53]'
c1 rule: 'Sodium: (12.81..13.22]', 'Silicon: (73.02..+inf)', 'Iron: (-inf..0.11]', not 'Calcium: (-inf..8.24]' => 'Magnesium: (3.33..3.53]'
c1 rule: 'Sodium: (-inf..12.81]', 'Calcium: (8.24..8.64]', not 'Aluminum: (1.02..1.28]', not 'Potassium: (0.61..+inf)' => 'Magnesium: (3.33..3.53]'
c1 rule: 'Sodium: (13.22..13.63]', 'Calcium: (8.64..9.27]', not 'Silicon: (72.66..73.02]', not 'Potassium: (-inf..0.16]' => 'Magnesium: (3.33..3.53]'
c1 rule: 'Sodium: (12.81..13.22]', 'Potassium: (0.61..+inf)', 'Calcium: (-inf..8.24]', not 'Silicon: (73.02..+inf)', not 'Iron: (0.19..0.28]' => 'Magnesium: (3.33..3.53]'
c1 rule: 'Aluminum: (1.28..1.54]', 'Calcium: (8.24..8.64]', 'Iron: (-inf..0.11]', not 'Sodium: (13.22..13.63]', not 'Silicon: (72.66..73.02]' => 'Magnesium: (3.33..3.53]'
c1 # of rules: 19
c1 rule time: 0.0202

c1 computing class: (3.53..3.73]
c1 discrimination constraints: 70h
c1 coverage constraints: 43v+1248h
c1 formula: 107v, 1414c (1350h+64s)
c1 enumerating rules (maxsat-based)
c1 rule: 'Aluminum: (-inf..1.02]', 'Silicon: (72.15..72.66]' => 'Magnesium: (3.53..3.73]'
c1 rule: 'Silicon: (72.15..72.66]', 'Potassium: (-inf..0.16]' => 'Magnesium: (3.53..3.73]'
c1 rule: 'Sodium: (13.22..13.63]', 'Potassium: (-inf..0.16]' => 'Magnesium: (3.53..3.73]'
c1 rule: 'Sodium: (-inf..12.81]', 'Iron: (0.11..0.19]' => 'Magnesium: (3.53..3.73]'
c1 rule: 'Calcium: (8.24..8.64]', not 'Refractive Index: (-inf..1.52]' => 'Magnesium: (3.53..3.73]'
c1 rule: 'Aluminum: (-inf..1.02]', 'Iron: (0.11..0.19]' => 'Magnesium: (3.53..3.73]'
c1 rule: 'Sodium: (12.81..13.22]', 'Iron: (0.28..+inf)' => 'Magnesium: (3.53..3.73]'
c1 rule: 'Sodium: (13.22..13.63]', 'Iron: (0.28..+inf)' => 'Magnesium: (3.53..3.73]'
c1 rule: 'Sodium: (13.63..+inf)', 'Calcium: (8.24..8.64]' => 'Magnesium: (3.53..3.73]'
c1 rule: 'Silicon: (-inf..72.15]', 'Potassium: (0.61..+inf)' => 'Magnesium: (3.53..3.73]'
c1 rule: 'Silicon: (72.66..73.02]', 'Potassium: (0.16..0.48]', not 'Iron: (0.11..0.19]' => 'Magnesium: (3.53..3.73]'
c1 rule: 'Sodium: (13.22..13.63]', 'Silicon: (72.66..73.02]', not 'Potassium: (0.48..0.61]' => 'Magnesium: (3.53..3.73]'
c1 rule: 'Sodium: (13.22..13.63]', 'Silicon: (73.02..+inf)', not 'Aluminum: (1.28..1.54]' => 'Magnesium: (3.53..3.73]'
c1 rule: 'Silicon: (72.15..72.66]', 'Calcium: (8.64..9.27]', not 'Aluminum: (1.02..1.28]' => 'Magnesium: (3.53..3.73]'
c1 rule: 'Sodium: (13.63..+inf)', 'Calcium: (8.64..9.27]', not 'Silicon: (-inf..72.15]' => 'Magnesium: (3.53..3.73]'
c1 rule: 'Sodium: (13.63..+inf)', 'Calcium: (8.64..9.27]', not 'Aluminum: (-inf..1.02]' => 'Magnesium: (3.53..3.73]'
c1 rule: 'Aluminum: (1.28..1.54]', 'Calcium: (8.24..8.64]', not 'Potassium: (0.48..0.61]' => 'Magnesium: (3.53..3.73]'
c1 rule: 'Aluminum: (1.28..1.54]', 'Iron: (0.11..0.19]', not 'Sodium: (13.63..+inf)' => 'Magnesium: (3.53..3.73]'
c1 rule: 'Calcium: (8.24..8.64]', 'Iron: (0.11..0.19]', not 'Aluminum: (1.54..+inf)' => 'Magnesium: (3.53..3.73]'
c1 rule: 'Sodium: (-inf..12.81]', 'Potassium: (0.48..0.61]', not 'Aluminum: (1.28..1.54]' => 'Magnesium: (3.53..3.73]'
c1 rule: 'Sodium: (12.81..13.22]', 'Potassium: (0.61..+inf)', 'Calcium: (8.24..8.64]' => 'Magnesium: (3.53..3.73]'
c1 rule: 'Sodium: (12.81..13.22]', 'Aluminum: (1.54..+inf)', 'Iron: (0.19..0.28]' => 'Magnesium: (3.53..3.73]'
c1 rule: 'Aluminum: (1.54..+inf)', 'Iron: (0.19..0.28]', not 'Silicon: (73.02..+inf)' => 'Magnesium: (3.53..3.73]'
c1 rule: 'Sodium: (13.22..13.63]', 'Aluminum: (1.54..+inf)', 'Silicon: (72.66..73.02]' => 'Magnesium: (3.53..3.73]'
c1 rule: 'Aluminum: (1.54..+inf)', 'Silicon: (72.66..73.02]', not 'Potassium: (0.61..+inf)' => 'Magnesium: (3.53..3.73]'
c1 rule: 'Aluminum: (1.02..1.28]', 'Silicon: (73.02..+inf)', 'Calcium: (-inf..8.24]' => 'Magnesium: (3.53..3.73]'
c1 rule: 'Sodium: (12.81..13.22]', 'Calcium: (-inf..8.24]', not 'Potassium: (0.61..+inf)' => 'Magnesium: (3.53..3.73]'
c1 rule: 'Sodium: (13.22..13.63]', 'Potassium: (0.61..+inf)', not 'Aluminum: (1.54..+inf)' => 'Magnesium: (3.53..3.73]'
c1 rule: 'Potassium: (0.61..+inf)', 'Iron: (-inf..0.11]', not 'Sodium: (-inf..12.81]', not 'Aluminum: (1.54..+inf)' => 'Magnesium: (3.53..3.73]'
c1 rule: 'Sodium: (13.22..13.63]', 'Silicon: (72.66..73.02]', 'Calcium: (-inf..8.24]', not 'Aluminum: (1.02..1.28]' => 'Magnesium: (3.53..3.73]'
c1 rule: 'Silicon: (73.02..+inf)', 'Potassium: (0.61..+inf)', not 'Sodium: (-inf..12.81]', not 'Iron: (0.19..0.28]' => 'Magnesium: (3.53..3.73]'
c1 rule: 'Sodium: (-inf..12.81]', 'Calcium: (8.64..9.27]', not 'Silicon: (73.02..+inf)', not 'Potassium: (0.61..+inf)' => 'Magnesium: (3.53..3.73]'
c1 # of rules: 32
c1 rule time: 0.0313

c1 computing class: (3.73..+inf)
c1 discrimination constraints: 98h
c1 coverage constraints: 15v+436h
c1 formula: 79v, 630c (566h+64s)
c1 enumerating rules (maxsat-based)
c1 rule: 'Iron: (0.28..+inf)', not 'Potassium: (0.61..+inf)' => 'Magnesium: (3.73..+inf)'
c1 rule: 'Calcium: (8.64..9.27]', not 'Refractive Index: (-inf..1.52]' => 'Magnesium: (3.73..+inf)'
c1 rule: 'Silicon: (72.15..72.66]', 'Iron: (0.19..0.28]' => 'Magnesium: (3.73..+inf)'
c1 rule: 'Sodium: (12.81..13.22]', 'Silicon: (-inf..72.15]' => 'Magnesium: (3.73..+inf)'
c1 rule: 'Aluminum: (1.02..1.28]', 'Silicon: (72.15..72.66]', not 'Calcium: (8.64..9.27]' => 'Magnesium: (3.73..+inf)'
c1 rule: 'Refractive Index: (-inf..1.52]', 'Sodium: (13.63..+inf)', 'Potassium: (0.48..0.61]' => 'Magnesium: (3.73..+inf)'
c1 rule: 'Silicon: (-inf..72.15]', 'Potassium: (0.16..0.48]', not 'Sodium: (13.63..+inf)' => 'Magnesium: (3.73..+inf)'
c1 rule: 'Silicon: (-inf..72.15]', 'Potassium: (0.16..0.48]', not 'Aluminum: (1.54..+inf)' => 'Magnesium: (3.73..+inf)'
c1 rule: 'Refractive Index: (-inf..1.52]', 'Aluminum: (-inf..1.02]', 'Silicon: (-inf..72.15]' => 'Magnesium: (3.73..+inf)'
c1 rule: 'Aluminum: (1.02..1.28]', 'Potassium: (0.48..0.61]', 'Calcium: (-inf..8.24]', not 'Silicon: (73.02..+inf)' => 'Magnesium: (3.73..+inf)'
c1 # of rules: 10
c1 rule time: 0.0085

c2 total rules: 77

c0 computing feature 4
c1 computing class: (-inf..1.02]
c1 discrimination constraints: 96h
c1 coverage constraints: 17v+494h
c1 formula: 81v, 686c (622h+64s)
c1 enumerating rules (maxsat-based)
c1 rule: 'Sodium: (-inf..12.81]', 'Potassium: (0.16..0.48]' => 'Aluminum: (-inf..1.02]'
c1 rule: 'Silicon: (72.66..73.02]', 'Calcium: (9.27..+inf)' => 'Aluminum: (-inf..1.02]'
c1 rule: 'Calcium: (8.64..9.27]', not 'Refractive Index: (-inf..1.52]' => 'Aluminum: (-inf..1.02]'
c1 rule: 'Silicon: (73.02..+inf)', not 'Refractive Index: (-inf..1.52]' => 'Aluminum: (-inf..1.02]'
c1 rule: 'Silicon: (-inf..72.15]', 'Iron: (0.19..0.28]' => 'Aluminum: (-inf..1.02]'
c1 rule: 'Sodium: (-inf..12.81]', 'Silicon: (-inf..72.15]' => 'Aluminum: (-inf..1.02]'
c1 rule: 'Magnesium: (3.73..+inf)', 'Potassium: (0.16..0.48]' => 'Aluminum: (-inf..1.02]'
c1 rule: 'Sodium: (12.81..13.22]', 'Potassium: (0.16..0.48]' => 'Aluminum: (-inf..1.02]'
c1 rule: 'Sodium: (12.81..13.22]', 'Silicon: (-inf..72.15]' => 'Aluminum: (-inf..1.02]'
c1 rule: 'Magnesium: (3.73..+inf)', 'Calcium: (9.27..+inf)' => 'Aluminum: (-inf..1.02]'
c1 rule: 'Magnesium: (3.73..+inf)', 'Potassium: (-inf..0.16]' => 'Aluminum: (-inf..1.02]'
c1 rule: 'Potassium: (-inf..0.16]', not 'Calcium: (8.24..8.64]', not 'Iron: (-inf..0.11]' => 'Aluminum: (-inf..1.02]'
c1 rule: 'Sodium: (13.63..+inf)', 'Calcium: (8.64..9.27]', not 'Silicon: (-inf..72.15]' => 'Aluminum: (-inf..1.02]'
c1 rule: 'Potassium: (-inf..0.16]', not 'Refractive Index: (-inf..1.52]', not 'Sodium: (13.63..+inf)' => 'Aluminum: (-inf..1.02]'
c1 # of rules: 14
c1 rule time: 0.0091

c1 computing class: (1.02..1.28]
c1 discrimination constraints: 78h
c1 coverage constraints: 35v+1016h
c1 formula: 99v, 1190c (1126h+64s)
c1 enumerating rules (maxsat-based)
c1 rule: 'Sodium: (13.63..+inf)', 'Magnesium: (3.33..3.53]' => 'Aluminum: (1.02..1.28]'
c1 rule: 'Magnesium: (3.33..3.53]', 'Iron: (0.28..+inf)' => 'Aluminum: (1.02..1.28]'
c1 rule: 'Sodium: (12.81..13.22]', 'Iron: (0.28..+inf)' => 'Aluminum: (1.02..1.28]'
c1 rule: 'Silicon: (72.15..72.66]', 'Potassium: (-inf..0.16]' => 'Aluminum: (1.02..1.28]'
c1 rule: 'Magnesium: (3.73..+inf)', 'Potassium: (0.61..+inf)' => 'Aluminum: (1.02..1.28]'
c1 rule: 'Magnesium: (3.73..+inf)', 'Silicon: (72.66..73.02]' => 'Aluminum: (1.02..1.28]'
c1 rule: 'Calcium: (8.24..8.64]', not 'Refractive Index: (-inf..1.52]' => 'Aluminum: (1.02..1.28]'
c1 rule: 'Sodium: (13.63..+inf)', 'Calcium: (8.24..8.64]' => 'Aluminum: (1.02..1.28]'
c1 rule: 'Calcium: (8.24..8.64]', 'Iron: (0.19..0.28]', not 'Magnesium: (3.73..+inf)' => 'Aluminum: (1.02..1.28]'
c1 rule: 'Silicon: (72.66..73.02]', 'Iron: (0.19..0.28]', not 'Calcium: (-inf..8.24]' => 'Aluminum: (1.02..1.28]'
c1 rule: 'Calcium: (8.64..9.27]', 'Iron: (0.19..0.28]', not 'Potassium: (0.48..0.61]' => 'Aluminum: (1.02..1.28]'
c1 rule: 'Potassium: (0.61..+inf)', 'Calcium: (8.64..9.27]', not 'Silicon: (72.66..73.02]' => 'Aluminum: (1.02..1.28]'
c1 rule: 'Magnesium: (3.33..3.53]', 'Calcium: (8.64..9.27]', not 'Iron: (-inf..0.11]' => 'Aluminum: (1.02..1.28]'
c1 rule: 'Magnesium: (3.33..3.53]', 'Silicon: (72.15..72.66]', 'Calcium: (8.64..9.27]' => 'Aluminum: (1.02..1.28]'
c1 rule: 'Magnesium: (3.53..3.73]', 'Silicon: (-inf..72.15]', 'Calcium: (8.64..9.27]' => 'Aluminum: (1.02..1.28]'
c1 rule: 'Calcium: (-inf..8.24]', 'Iron: (0.11..0.19]', not 'Silicon: (-inf..72.15]' => 'Aluminum: (1.02..1.28]'
c1 rule: 'Sodium: (12.81..13.22]', 'Magnesium: (-inf..3.33]', 'Silicon: (72.15..72.66]' => 'Aluminum: (1.02..1.28]'
c1 rule: 'Sodium: (13.22..13.63]', 'Magnesium: (-inf..3.33]', not 'Barium: (0.14..0.27]' => 'Aluminum: (1.02..1.28]'
c1 rule: 'Potassium: (0.61..+inf)', 'Calcium: (8.24..8.64]', not 'Sodium: (-inf..12.81]' => 'Aluminum: (1.02..1.28]'
c1 rule: 'Magnesium: (3.53..3.73]', 'Silicon: (73.02..+inf)', 'Calcium: (8.24..8.64]' => 'Aluminum: (1.02..1.28]'
c1 rule: 'Sodium: (13.22..13.63]', 'Silicon: (73.02..+inf)', not 'Magnesium: (3.33..3.53]' => 'Aluminum: (1.02..1.28]'
c1 rule: 'Magnesium: (3.73..+inf)', 'Silicon: (72.15..72.66]', not 'Calcium: (8.24..8.64]' => 'Aluminum: (1.02..1.28]'
c1 rule: 'Sodium: (13.22..13.63]', 'Potassium: (0.61..+inf)', not 'Silicon: (72.15..72.66]' => 'Aluminum: (1.02..1.28]'
c1 rule: 'Magnesium: (3.53..3.73]', 'Iron: (-inf..0.11]', not 'Refractive Index: (-inf..1.52]', not 'Sodium: (13.22..13.63]' => 'Aluminum: (1.02..1.28]'
c1 rule: 'Silicon: (73.02..+inf)', 'Calcium: (-inf..8.24]', not 'Magnesium: (3.33..3.53]', not 'Potassium: (0.61..+inf)' => 'Aluminum: (1.02..1.28]'
c1 rule: 'Sodium: (-inf..12.81]', 'Potassium: (0.48..0.61]', not 'Magnesium: (3.33..3.53]', not 'Calcium: (8.64..9.27]' => 'Aluminum: (1.02..1.28]'
c1 rule: 'Magnesium: (3.73..+inf)', 'Potassium: (0.48..0.61]', 'Iron: (-inf..0.11]', not 'Sodium: (13.22..13.63]' => 'Aluminum: (1.02..1.28]'
c1 # of rules: 27
c1 rule time: 0.0200

c1 computing class: (1.28..1.54]
c1 discrimination constraints: 74h
c1 coverage constraints: 39v+1132h
c1 formula: 103v, 1302c (1238h+64s)
c1 enumerating rules (maxsat-based)
c1 rule: 'Barium: (0.09..0.14]' => 'Aluminum: (1.28..1.54]'
c1 rule: 'Sodium: (13.63..+inf)', 'Potassium: (0.48..0.61]' => 'Aluminum: (1.28..1.54]'
c1 rule: 'Sodium: (-inf..12.81]', 'Iron: (0.11..0.19]' => 'Aluminum: (1.28..1.54]'
c1 rule: 'Calcium: (-inf..8.24]', 'Iron: (0.28..+inf)' => 'Aluminum: (1.28..1.54]'
c1 rule: 'Sodium: (13.22..13.63]', 'Silicon: (73.02..+inf)', not 'Magnesium: (3.53..3.73]' => 'Aluminum: (1.28..1.54]'
c1 rule: 'Sodium: (-inf..12.81]', 'Magnesium: (3.33..3.53]', 'Calcium: (8.24..8.64]' => 'Aluminum: (1.28..1.54]'
c1 rule: 'Magnesium: (3.73..+inf)', 'Calcium: (8.24..8.64]', not 'Sodium: (12.81..13.22]' => 'Aluminum: (1.28..1.54]'
c1 rule: 'Magnesium: (3.53..3.73]', 'Potassium: (0.16..0.48]', not 'Sodium: (12.81..13.22]' => 'Aluminum: (1.28..1.54]'
c1 rule: 'Sodium: (13.63..+inf)', 'Silicon: (72.15..72.66]', not 'Potassium: (0.61..+inf)' => 'Aluminum: (1.28..1.54]'
c1 rule: 'Sodium: (13.22..13.63]', 'Calcium: (8.24..8.64]', not 'Silicon: (72.66..73.02]' => 'Aluminum: (1.28..1.54]'
c1 rule: 'Magnesium: (-inf..3.33]', 'Calcium: (-inf..8.24]', not 'Sodium: (13.63..+inf)' => 'Aluminum: (1.28..1.54]'
c1 rule: 'Silicon: (73.02..+inf)', 'Calcium: (8.64..9.27]', not 'Potassium: (0.61..+inf)' => 'Aluminum: (1.28..1.54]'
c1 rule: 'Silicon: (73.02..+inf)', 'Iron: (0.19..0.28]', not 'Sodium: (-inf..12.81]' => 'Aluminum: (1.28..1.54]'
c1 rule: 'Potassium: (0.48..0.61]', 'Iron: (0.19..0.28]', not 'Silicon: (72.66..73.02]' => 'Aluminum: (1.28..1.54]'
c1 rule: 'Sodium: (-inf..12.81]', 'Potassium: (0.48..0.61]', not 'Calcium: (8.24..8.64]' => 'Aluminum: (1.28..1.54]'
c1 rule: 'Magnesium: (3.53..3.73]', 'Potassium: (0.48..0.61]', 'Calcium: (8.64..9.27]' => 'Aluminum: (1.28..1.54]'
c1 rule: 'Sodium: (-inf..12.81]', 'Calcium: (-inf..8.24]', not 'Iron: (0.19..0.28]' => 'Aluminum: (1.28..1.54]'
c1 rule: 'Silicon: (72.66..73.02]', 'Iron: (0.11..0.19]', not 'Magnesium: (3.33..3.53]' => 'Aluminum: (1.28..1.54]'
c1 rule: 'Sodium: (-inf..12.81]', 'Magnesium: (3.33..3.53]', 'Silicon: (72.66..73.02]', 'Iron: (-inf..0.11]' => 'Aluminum: (1.28..1.54]'
c1 rule: 'Sodium: (12.81..13.22]', 'Silicon: (72.15..72.66]', 'Calcium: (-inf..8.24]', not 'Potassium: (0.61..+inf)' => 'Aluminum: (1.28..1.54]'
c1 rule: 'Sodium: (12.81..13.22]', 'Calcium: (-inf..8.24]', not 'Magnesium: (3.53..3.73]', not 'Iron: (-inf..0.11]' => 'Aluminum: (1.28..1.54]'
c1 rule: 'Sodium: (-inf..12.81]', 'Potassium: (0.61..+inf)', 'Calcium: (8.24..8.64]', not 'Magnesium: (-inf..3.33]' => 'Aluminum: (1.28..1.54]'
c1 rule: 'Magnesium: (3.33..3.53]', 'Silicon: (72.15..72.66]', 'Calcium: (8.24..8.64]', not 'Iron: (0.11..0.19]' => 'Aluminum: (1.28..1.54]'
c1 # of rules: 23
c1 rule time: 0.0236

c1 computing class: (1.54..+inf)
c1 discrimination constraints: 91h
c1 coverage constraints: 22v+639h
c1 formula: 86v, 826c (762h+64s)
c1 enumerating rules (maxsat-based)
c1 rule: 'Barium: (0.14..0.27]' => 'Aluminum: (1.54..+inf)'
c1 rule: 'Sodium: (13.63..+inf)', 'Potassium: (0.61..+inf)' => 'Aluminum: (1.54..+inf)'
c1 rule: 'Potassium: (0.61..+inf)', not 'Refractive Index: (-inf..1.52]' => 'Aluminum: (1.54..+inf)'
c1 rule: 'Magnesium: (3.33..3.53]', 'Potassium: (-inf..0.16]' => 'Aluminum: (1.54..+inf)'
c1 rule: 'Magnesium: (-inf..3.33]', 'Calcium: (8.24..8.64]' => 'Aluminum: (1.54..+inf)'
c1 rule: 'Magnesium: (3.53..3.73]', 'Iron: (0.19..0.28]' => 'Aluminum: (1.54..+inf)'
c1 rule: 'Silicon: (-inf..72.15]', 'Potassium: (0.16..0.48]', not 'Magnesium: (3.73..+inf)' => 'Aluminum: (1.54..+inf)'
c1 rule: 'Iron: (0.19..0.28]', not 'Sodium: (12.81..13.22]', not 'Magnesium: (-inf..3.33]' => 'Aluminum: (1.54..+inf)'
c1 rule: 'Magnesium: (3.33..3.53]', 'Iron: (0.11..0.19]', not 'Silicon: (72.66..73.02]' => 'Aluminum: (1.54..+inf)'
c1 rule: 'Sodium: (13.22..13.63]', 'Potassium: (0.61..+inf)', not 'Magnesium: (3.53..3.73]' => 'Aluminum: (1.54..+inf)'
c1 rule: 'Magnesium: (-inf..3.33]', 'Potassium: (0.61..+inf)', not 'Silicon: (73.02..+inf)' => 'Aluminum: (1.54..+inf)'
c1 rule: 'Magnesium: (3.33..3.53]', 'Silicon: (72.15..72.66]', 'Potassium: (0.61..+inf)' => 'Aluminum: (1.54..+inf)'
c1 rule: 'Silicon: (72.15..72.66]', 'Calcium: (8.24..8.64]', 'Iron: (0.11..0.19]' => 'Aluminum: (1.54..+inf)'
c1 rule: 'Magnesium: (3.33..3.53]', 'Calcium: (-inf..8.24]', 'Iron: (-inf..0.11]', not 'Silicon: (73.02..+inf)' => 'Aluminum: (1.54..+inf)'
c1 # of rules: 14
c1 rule time: 0.0141

c2 total rules: 78

c0 computing feature 5
c1 computing class: (-inf..72.15]
c1 discrimination constraints: 92h
c1 coverage constraints: 21v+610h
c1 formula: 85v, 798c (734h+64s)
c1 enumerating rules (maxsat-based)
c1 rule: 'Aluminum: (1.02..1.28]', 'Calcium: (9.27..+inf)' => 'Silicon: (-inf..72.15]'
c1 rule: 'Sodium: (13.63..+inf)', 'Iron: (0.28..+inf)' => 'Silicon: (-inf..72.15]'
c1 rule: 'Sodium: (13.63..+inf)', 'Potassium: (0.48..0.61]' => 'Silicon: (-inf..72.15]'
c1 rule: 'Magnesium: (3.73..+inf)', 'Calcium: (9.27..+inf)' => 'Silicon: (-inf..72.15]'
c1 rule: 'Calcium: (8.64..9.27]', not 'Refractive Index: (-inf..1.52]' => 'Silicon: (-inf..72.15]'
c1 rule: 'Sodium: (13.22..13.63]', 'Aluminum: (-inf..1.02]' => 'Silicon: (-inf..72.15]'
c1 rule: 'Aluminum: (1.54..+inf)', 'Potassium: (0.16..0.48]' => 'Silicon: (-inf..72.15]'
c1 rule: 'Potassium: (-inf..0.16]', 'Iron: (0.19..0.28]' => 'Silicon: (-inf..72.15]'
c1 rule: 'Magnesium: (3.73..+inf)', 'Potassium: (-inf..0.16]' => 'Silicon: (-inf..72.15]'
c1 rule: 'Sodium: (13.22..13.63]', 'Calcium: (8.64..9.27]', not 'Aluminum: (1.02..1.28]' => 'Silicon: (-inf..72.15]'
c1 rule: 'Sodium: (13.63..+inf)', 'Aluminum: (1.54..+inf)', not 'Magnesium: (-inf..3.33]' => 'Silicon: (-inf..72.15]'
c1 rule: 'Sodium: (13.63..+inf)', not 'Refractive Index: (-inf..1.52]', not 'Magnesium: (-inf..3.33]' => 'Silicon: (-inf..72.15]'
c1 rule: 'Sodium: (13.63..+inf)', 'Aluminum: (1.02..1.28]', 'Calcium: (8.64..9.27]' => 'Silicon: (-inf..72.15]'
c1 # of rules: 13
c1 rule time: 0.0049

c1 computing class: (72.15..72.66]
c1 discrimination constraints: 87h
c1 coverage constraints: 26v+755h
c1 formula: 90v, 938c (874h+64s)
c1 enumerating rules (maxsat-based)
c1 rule: 'Barium: (0.14..0.27]' => 'Silicon: (72.15..72.66]'
c1 rule: 'Magnesium: (3.73..+inf)', 'Potassium: (0.61..+inf)' => 'Silicon: (72.15..72.66]'
c1 rule: 'Magnesium: (3.73..+inf)', 'Iron: (0.19..0.28]' => 'Silicon: (72.15..72.66]'
c1 rule: 'Sodium: (13.22..13.63]', not 'Iron: (-inf..0.11]' => 'Silicon: (72.15..72.66]'
c1 rule: 'Magnesium: (3.73..+inf)', 'Calcium: (8.24..8.64]' => 'Silicon: (72.15..72.66]'
c1 rule: 'Sodium: (12.81..13.22]', 'Potassium: (0.16..0.48]' => 'Silicon: (72.15..72.66]'
c1 rule: 'Iron: (0.28..+inf)', not 'Calcium: (8.64..9.27]' => 'Silicon: (72.15..72.66]'
c1 rule: 'Sodium: (12.81..13.22]', 'Iron: (0.28..+inf)' => 'Silicon: (72.15..72.66]'
c1 rule: 'Sodium: (13.22..13.63]', 'Magnesium: (3.33..3.53]', 'Potassium: (0.61..+inf)' => 'Silicon: (72.15..72.66]'
c1 rule: 'Sodium: (13.22..13.63]', 'Potassium: (0.61..+inf)', not 'Aluminum: (1.02..1.28]' => 'Silicon: (72.15..72.66]'
c1 rule: 'Aluminum: (1.28..1.54]', 'Potassium: (0.16..0.48]', not 'Calcium: (-inf..8.24]' => 'Silicon: (72.15..72.66]'
c1 rule: 'Potassium: (-inf..0.16]', 'Calcium: (8.64..9.27]', not 'Sodium: (13.63..+inf)' => 'Silicon: (72.15..72.66]'
c1 rule: 'Magnesium: (-inf..3.33]', 'Potassium: (0.61..+inf)', not 'Sodium: (-inf..12.81]' => 'Silicon: (72.15..72.66]'
c1 rule: 'Sodium: (12.81..13.22]', 'Magnesium: (3.53..3.73]', 'Calcium: (8.64..9.27]' => 'Silicon: (72.15..72.66]'
c1 rule: 'Aluminum: (1.54..+inf)', 'Potassium: (0.48..0.61]', 'Iron: (0.11..0.19]' => 'Silicon: (72.15..72.66]'
c1 rule: 'Sodium: (13.22..13.63]', 'Aluminum: (1.02..1.28]', 'Calcium: (8.64..9.27]', not 'Magnesium: (-inf..3.33]' => 'Silicon: (72.15..72.66]'
c1 # of rules: 16
c1 rule time: 0.0146

c1 computing class: (72.66..73.02]
c1 discrimination constraints: 71h
c1 coverage constraints: 42v+1219h
c1 formula: 106v, 1386c (1322h+64s)
c1 enumerating rules (maxsat-based)
c1 rule: 'Aluminum: (1.02..1.28]', 'Potassium: (0.16..0.48]' => 'Silicon: (72.66..73.02]'
c1 rule: 'Calcium: (8.24..8.64]', not 'Refractive Index: (-inf..1.52]' => 'Silicon: (72.66..73.02]'
c1 rule: 'Sodium: (13.63..+inf)', 'Calcium: (8.24..8.64]' => 'Silicon: (72.66..73.02]'
c1 rule: 'Magnesium: (3.53..3.73]', 'Iron: (0.19..0.28]' => 'Silicon: (72.66..73.02]'
c1 rule: 'Iron: (-inf..0.11]', not 'Barium: (-inf..0.09]' => 'Silicon: (72.66..73.02]'
c1 rule: 'Magnesium: (3.33..3.53]', 'Iron: (0.28..+inf)' => 'Silicon: (72.66..73.02]'
c1 rule: 'Magnesium: (3.33..3.53]', 'Aluminum: (1.02..1.28]', not 'Iron: (-inf..0.11]' => 'Silicon: (72.66..73.02]'
c1 rule: 'Sodium: (12.81..13.22]', 'Magnesium: (-inf..3.33]', not 'Iron: (-inf..0.11]' => 'Silicon: (72.66..73.02]'
c1 rule: 'Sodium: (12.81..13.22]', 'Magnesium: (-inf..3.33]', not 'Aluminum: (1.02..1.28]' => 'Silicon: (72.66..73.02]'
c1 rule: 'Potassium: (0.61..+inf)', 'Calcium: (8.24..8.64]', not 'Aluminum: (1.54..+inf)' => 'Silicon: (72.66..73.02]'
c1 rule: 'Aluminum: (1.54..+inf)', 'Calcium: (8.64..9.27]', not 'Sodium: (13.22..13.63]' => 'Silicon: (72.66..73.02]'
c1 rule: 'Aluminum: (1.28..1.54]', 'Calcium: (8.64..9.27]', not 'Potassium: (0.48..0.61]' => 'Silicon: (72.66..73.02]'
c1 rule: 'Aluminum: (-inf..1.02]', 'Calcium: (8.64..9.27]', not 'Magnesium: (3.73..+inf)' => 'Silicon: (72.66..73.02]'
c1 rule: 'Aluminum: (1.02..1.28]', 'Calcium: (-inf..8.24]', not 'Potassium: (0.48..0.61]' => 'Silicon: (72.66..73.02]'
c1 rule: 'Sodium: (12.81..13.22]', 'Aluminum: (1.28..1.54]', 'Iron: (0.11..0.19]' => 'Silicon: (72.66..73.02]'
c1 rule: 'Sodium: (13.22..13.63]', 'Magnesium: (-inf..3.33]', not 'Barium: (0.14..0.27]' => 'Silicon: (72.66..73.02]'
c1 rule: 'Aluminum: (1.54..+inf)', 'Potassium: (0.48..0.61]', 'Calcium: (-inf..8.24]' => 'Silicon: (72.66..73.02]'
c1 rule: 'Sodium: (13.22..13.63]', 'Calcium: (8.24..8.64]', not 'Aluminum: (1.28..1.54]' => 'Silicon: (72.66..73.02]'
c1 rule: 'Potassium: (0.16..0.48]', 'Calcium: (-inf..8.24]', not 'Magnesium: (3.33..3.53]' => 'Silicon: (72.66..73.02]'
c1 rule: 'Magnesium: (3.53..3.73]', 'Aluminum: (1.28..1.54]', 'Calcium: (8.24..8.64]' => 'Silicon: (72.66..73.02]'
c1 rule: 'Magnesium: (3.53..3.73]', 'Calcium: (8.24..8.64]', 'Iron: (-inf..0.11]', not 'Aluminum: (1.02..1.28]' => 'Silicon: (72.66..73.02]'
c1 rule: 'Sodium: (-inf..12.81]', 'Magnesium: (3.53..3.73]', 'Iron: (-inf..0.11]', not 'Aluminum: (1.02..1.28]' => 'Silicon: (72.66..73.02]'
c1 rule: 'Magnesium: (3.53..3.73]', 'Calcium: (8.24..8.64]', 'Iron: (-inf..0.11]', not 'Sodium: (-inf..12.81]' => 'Silicon: (72.66..73.02]'
c1 rule: 'Sodium: (13.22..13.63]', 'Magnesium: (3.53..3.73]', 'Aluminum: (1.28..1.54]', 'Potassium: (0.48..0.61]' => 'Silicon: (72.66..73.02]'
c1 # of rules: 24
c1 rule time: 0.0256

c1 computing class: (73.02..+inf)
c1 discrimination constraints: 89h
c1 coverage constraints: 24v+697h
c1 formula: 88v, 882c (818h+64s)
c1 enumerating rules (maxsat-based)
c1 rule: 'Sodium: (-inf..12.81]', 'Potassium: (0.16..0.48]' => 'Silicon: (73.02..+inf)'
c1 rule: 'Sodium: (-inf..12.81]', not 'Barium: (-inf..0.09]' => 'Silicon: (73.02..+inf)'
c1 rule: 'Magnesium: (3.33..3.53]', 'Potassium: (-inf..0.16]' => 'Silicon: (73.02..+inf)'
c1 rule: 'Sodium: (-inf..12.81]', 'Iron: (0.11..0.19]' => 'Silicon: (73.02..+inf)'
c1 rule: 'Magnesium: (-inf..3.33]', 'Calcium: (8.24..8.64]' => 'Silicon: (73.02..+inf)'
c1 rule: 'Magnesium: (3.53..3.73]', 'Aluminum: (1.02..1.28]', 'Iron: (0.11..0.19]' => 'Silicon: (73.02..+inf)'
c1 rule: 'Magnesium: (-inf..3.33]', 'Aluminum: (1.28..1.54]', 'Calcium: (-inf..8.24]' => 'Silicon: (73.02..+inf)'
c1 rule: 'Magnesium: (3.33..3.53]', 'Potassium: (0.48..0.61]', 'Calcium: (-inf..8.24]' => 'Silicon: (73.02..+inf)'
c1 rule: 'Magnesium: (3.33..3.53]', 'Iron: (0.19..0.28]', not 'Sodium: (12.81..13.22]' => 'Silicon: (73.02..+inf)'
c1 rule: 'Sodium: (-inf..12.81]', 'Magnesium: (3.33..3.53]', 'Calcium: (-inf..8.24]' => 'Silicon: (73.02..+inf)'
c1 rule: 'Sodium: (-inf..12.81]', 'Aluminum: (1.28..1.54]', not 'Iron: (-inf..0.11]' => 'Silicon: (73.02..+inf)'
c1 rule: 'Calcium: (8.64..9.27]', 'Iron: (0.19..0.28]', not 'Sodium: (12.81..13.22]' => 'Silicon: (73.02..+inf)'
c1 rule: 'Sodium: (12.81..13.22]', 'Aluminum: (1.02..1.28]', 'Calcium: (-inf..8.24]' => 'Silicon: (73.02..+inf)'
c1 rule: 'Magnesium: (3.33..3.53]', 'Potassium: (0.16..0.48]', 'Iron: (-inf..0.11]' => 'Silicon: (73.02..+inf)'
c1 rule: 'Aluminum: (1.02..1.28]', 'Potassium: (0.48..0.61]', 'Calcium: (-inf..8.24]', not 'Magnesium: (3.73..+inf)' => 'Silicon: (73.02..+inf)'
c1 rule: 'Magnesium: (3.33..3.53]', 'Aluminum: (1.02..1.28]', 'Iron: (-inf..0.11]', not 'Potassium: (0.48..0.61]' => 'Silicon: (73.02..+inf)'
c1 rule: 'Sodium: (12.81..13.22]', 'Aluminum: (1.28..1.54]', not 'Magnesium: (3.33..3.53]', not 'Potassium: (0.48..0.61]' => 'Silicon: (73.02..+inf)'
c1 rule: 'Sodium: (12.81..13.22]', 'Aluminum: (1.54..+inf)', 'Potassium: (0.61..+inf)', not 'Magnesium: (3.33..3.53]', not 'Iron: (0.19..0.28]' => 'Silicon: (73.02..+inf)'
c1 # of rules: 18
c1 rule time: 0.0192

c2 total rules: 71

c0 computing feature 6
c1 computing class: (-inf..0.16]
c1 discrimination constraints: 95h
c1 coverage constraints: 18v+523h
c1 formula: 82v, 714c (650h+64s)
c1 enumerating rules (maxsat-based)
c1 rule: 'Silicon: (73.02..+inf)', not 'Refractive Index: (-inf..1.52]' => 'Potassium: (-inf..0.16]'
c1 rule: 'Aluminum: (-inf..1.02]', 'Silicon: (72.66..73.02]' => 'Potassium: (-inf..0.16]'
c1 rule: 'Iron: (0.19..0.28]', not 'Refractive Index: (-inf..1.52]' => 'Potassium: (-inf..0.16]'
c1 rule: 'Sodium: (12.81..13.22]', 'Silicon: (-inf..72.15]' => 'Potassium: (-inf..0.16]'
c1 rule: 'Aluminum: (1.02..1.28]', 'Silicon: (-inf..72.15]' => 'Potassium: (-inf..0.16]'
c1 rule: 'Sodium: (13.63..+inf)', 'Calcium: (8.24..8.64]' => 'Potassium: (-inf..0.16]'
c1 rule: 'Sodium: (-inf..12.81]', 'Silicon: (-inf..72.15]' => 'Potassium: (-inf..0.16]'
c1 rule: 'Silicon: (73.02..+inf)', 'Iron: (0.11..0.19]', not 'Magnesium: (3.53..3.73]' => 'Potassium: (-inf..0.16]'
c1 rule: 'Magnesium: (3.53..3.73]', not 'Refractive Index: (-inf..1.52]', not 'Sodium: (12.81..13.22]' => 'Potassium: (-inf..0.16]'
c1 rule: 'Refractive Index: (-inf..1.52]', 'Sodium: (13.63..+inf)', not 'Calcium: (-inf..8.24]' => 'Potassium: (-inf..0.16]'
c1 rule: 'Aluminum: (-inf..1.02]', 'Iron: (-inf..0.11]', not 'Magnesium: (3.73..+inf)' => 'Potassium: (-inf..0.16]'
c1 rule: 'Aluminum: (-inf..1.02]', not 'Calcium: (9.27..+inf)', not 'Iron: (0.28..+inf)' => 'Potassium: (-inf..0.16]'
c1 rule: 'Sodium: (13.22..13.63]', 'Magnesium: (3.53..3.73]', 'Calcium: (8.64..9.27]' => 'Potassium: (-inf..0.16]'
c1 # of rules: 13
c1 rule time: 0.0100

c1 computing class: (0.16..0.48]
c1 discrimination constraints: 102h
c1 coverage constraints: 11v+320h
c1 formula: 75v, 518c (454h+64s)
c1 enumerating rules (maxsat-based)
c1 rule: 'Magnesium: (3.73..+inf)', 'Iron: (0.28..+inf)' => 'Potassium: (0.16..0.48]'
c1 rule: 'Refractive Index: (-inf..1.52]', 'Calcium: (9.27..+inf)' => 'Potassium: (0.16..0.48]'
c1 rule: 'Aluminum: (-inf..1.02]', 'Silicon: (72.15..72.66]' => 'Potassium: (0.16..0.48]'
c1 rule: 'Sodium: (13.63..+inf)', 'Magnesium: (3.33..3.53]' => 'Potassium: (0.16..0.48]'
c1 rule: 'Aluminum: (1.54..+inf)', 'Silicon: (-inf..72.15]', not 'Refractive Index: (-inf..1.52]' => 'Potassium: (0.16..0.48]'
c1 rule: 'Aluminum: (1.28..1.54]', not 'Refractive Index: (-inf..1.52]', not 'Iron: (0.11..0.19]' => 'Potassium: (0.16..0.48]'
c1 rule: 'Sodium: (13.63..+inf)', 'Aluminum: (1.28..1.54]', 'Iron: (-inf..0.11]' => 'Potassium: (0.16..0.48]'
c1 rule: 'Sodium: (13.22..13.63]', 'Magnesium: (3.73..+inf)', not 'Refractive Index: (-inf..1.52]' => 'Potassium: (0.16..0.48]'
c1 # of rules: 8
c1 rule time: 0.0072

c1 computing class: (0.48..0.61]
c1 discrimination constraints: 58h
c1 coverage constraints: 55v+1596h
c1 formula: 119v, 1750c (1686h+64s)
c1 enumerating rules (maxsat-based)
c1 rule: 'Barium: (0.14..0.27]' => 'Potassium: (0.48..0.61]'
c1 rule: 'Barium: (0.09..0.14]' => 'Potassium: (0.48..0.61]'
c1 rule: 'Magnesium: (3.73..+inf)', 'Calcium: (-inf..8.24]' => 'Potassium: (0.48..0.61]'
c1 rule: 'Magnesium: (3.73..+inf)', 'Aluminum: (1.28..1.54]' => 'Potassium: (0.48..0.61]'
c1 rule: 'Magnesium: (3.73..+inf)', 'Calcium: (8.24..8.64]' => 'Potassium: (0.48..0.61]'
c1 rule: 'Sodium: (12.81..13.22]', 'Magnesium: (-inf..3.33]' => 'Potassium: (0.48..0.61]'
c1 rule: 'Calcium: (8.24..8.64]', 'Iron: (0.19..0.28]' => 'Potassium: (0.48..0.61]'
c1 rule: 'Silicon: (72.15..72.66]', 'Calcium: (8.24..8.64]' => 'Potassium: (0.48..0.61]'
c1 rule: 'Aluminum: (1.28..1.54]', 'Iron: (0.11..0.19]' => 'Potassium: (0.48..0.61]'
c1 rule: 'Calcium: (8.64..9.27]', 'Iron: (0.11..0.19]' => 'Potassium: (0.48..0.61]'
c1 rule: 'Calcium: (8.24..8.64]', not 'Refractive Index: (-inf..1.52]' => 'Potassium: (0.48..0.61]'
c1 rule: 'Aluminum: (1.28..1.54]', 'Silicon: (-inf..72.15]' => 'Potassium: (0.48..0.61]'
c1 rule: 'Sodium: (13.22..13.63]', 'Magnesium: (-inf..3.33]' => 'Potassium: (0.48..0.61]'
c1 rule: 'Sodium: (13.22..13.63]', 'Calcium: (8.24..8.64]' => 'Potassium: (0.48..0.61]'
c1 rule: 'Magnesium: (3.33..3.53]', 'Silicon: (-inf..72.15]' => 'Potassium: (0.48..0.61]'
c1 rule: 'Aluminum: (1.28..1.54]', 'Silicon: (73.02..+inf)', not 'Calcium: (-inf..8.24]' => 'Potassium: (0.48..0.61]'
c1 rule: 'Aluminum: (1.02..1.28]', 'Calcium: (-inf..8.24]', not 'Silicon: (72.66..73.02]' => 'Potassium: (0.48..0.61]'
c1 rule: 'Sodium: (13.22..13.63]', 'Aluminum: (1.54..+inf)', not 'Silicon: (72.15..72.66]' => 'Potassium: (0.48..0.61]'
c1 rule: 'Sodium: (-inf..12.81]', 'Magnesium: (3.53..3.73]', not 'Silicon: (72.66..73.02]' => 'Potassium: (0.48..0.61]'
c1 rule: 'Magnesium: (3.53..3.73]', 'Silicon: (73.02..+inf)', not 'Calcium: (-inf..8.24]' => 'Potassium: (0.48..0.61]'
c1 rule: 'Aluminum: (1.02..1.28]', 'Silicon: (73.02..+inf)', not 'Sodium: (-inf..12.81]' => 'Potassium: (0.48..0.61]'
c1 rule: 'Sodium: (-inf..12.81]', 'Aluminum: (1.02..1.28]', not 'Calcium: (8.64..9.27]' => 'Potassium: (0.48..0.61]'
c1 rule: 'Sodium: (13.22..13.63]', 'Aluminum: (1.02..1.28]', not 'Magnesium: (3.53..3.73]' => 'Potassium: (0.48..0.61]'
c1 rule: 'Sodium: (12.81..13.22]', 'Magnesium: (3.33..3.53]', 'Aluminum: (1.02..1.28]' => 'Potassium: (0.48..0.61]'
c1 rule: 'Sodium: (12.81..13.22]', 'Aluminum: (1.28..1.54]', not 'Calcium: (-inf..8.24]' => 'Potassium: (0.48..0.61]'
c1 rule: 'Magnesium: (3.33..3.53]', 'Aluminum: (1.28..1.54]', 'Calcium: (8.24..8.64]' => 'Potassium: (0.48..0.61]'
c1 rule: 'Magnesium: (3.53..3.73]', 'Aluminum: (1.28..1.54]', 'Calcium: (8.64..9.27]' => 'Potassium: (0.48..0.61]'
c1 rule: 'Sodium: (12.81..13.22]', 'Aluminum: (1.28..1.54]', 'Silicon: (72.15..72.66]' => 'Potassium: (0.48..0.61]'
c1 rule: 'Magnesium: (3.53..3.73]', 'Aluminum: (1.54..+inf)', not 'Calcium: (-inf..8.24]' => 'Potassium: (0.48..0.61]'
c1 rule: 'Sodium: (12.81..13.22]', 'Aluminum: (1.28..1.54]', 'Silicon: (72.66..73.02]', not 'Magnesium: (3.33..3.53]' => 'Potassium: (0.48..0.61]'
c1 rule: 'Magnesium: (3.53..3.73]', 'Aluminum: (1.54..+inf)', 'Silicon: (72.66..73.02]', not 'Iron: (0.19..0.28]' => 'Potassium: (0.48..0.61]'
c1 # of rules: 31
c1 rule time: 0.0270

c1 computing class: (0.61..+inf)
c1 discrimination constraints: 84h
c1 coverage constraints: 29v+842h
c1 formula: 93v, 1022c (958h+64s)
c1 enumerating rules (maxsat-based)
c1 rule: 'Magnesium: (-inf..3.33]', 'Calcium: (8.24..8.64]' => 'Potassium: (0.61..+inf)'
c1 rule: 'Magnesium: (3.53..3.73]', 'Iron: (0.19..0.28]' => 'Potassium: (0.61..+inf)'
c1 rule: 'Sodium: (-inf..12.81]', 'Silicon: (72.15..72.66]' => 'Potassium: (0.61..+inf)'
c1 rule: 'Sodium: (-inf..12.81]', 'Aluminum: (1.54..+inf)' => 'Potassium: (0.61..+inf)'
c1 rule: 'Iron: (0.28..+inf)', not 'Silicon: (-inf..72.15]' => 'Potassium: (0.61..+inf)'
c1 rule: 'Sodium: (-inf..12.81]', 'Calcium: (-inf..8.24]' => 'Potassium: (0.61..+inf)'
c1 rule: 'Magnesium: (-inf..3.33]', 'Calcium: (-inf..8.24]' => 'Potassium: (0.61..+inf)'
c1 rule: 'Calcium: (-inf..8.24]', 'Iron: (0.19..0.28]' => 'Potassium: (0.61..+inf)'
c1 rule: 'Sodium: (-inf..12.81]', 'Aluminum: (1.02..1.28]', 'Iron: (0.19..0.28]' => 'Potassium: (0.61..+inf)'
c1 rule: 'Sodium: (-inf..12.81]', 'Aluminum: (1.02..1.28]', not 'Magnesium: (3.53..3.73]' => 'Potassium: (0.61..+inf)'
c1 rule: 'Magnesium: (3.73..+inf)', 'Calcium: (8.64..9.27]', not 'Sodium: (13.63..+inf)' => 'Potassium: (0.61..+inf)'
c1 rule: 'Silicon: (-inf..72.15]', 'Calcium: (-inf..8.24]', not 'Iron: (0.11..0.19]' => 'Potassium: (0.61..+inf)'
c1 rule: 'Aluminum: (1.54..+inf)', 'Silicon: (72.66..73.02]', not 'Magnesium: (3.53..3.73]' => 'Potassium: (0.61..+inf)'
c1 rule: 'Sodium: (-inf..12.81]', 'Magnesium: (3.33..3.53]', not 'Calcium: (8.24..8.64]' => 'Potassium: (0.61..+inf)'
c1 rule: 'Aluminum: (1.54..+inf)', 'Silicon: (73.02..+inf)', 'Iron: (-inf..0.11]' => 'Potassium: (0.61..+inf)'
c1 rule: 'Sodium: (12.81..13.22]', 'Magnesium: (3.33..3.53]', 'Calcium: (-inf..8.24]' => 'Potassium: (0.61..+inf)'
c1 rule: 'Magnesium: (3.33..3.53]', 'Silicon: (72.15..72.66]', 'Calcium: (-inf..8.24]' => 'Potassium: (0.61..+inf)'
c1 rule: 'Aluminum: (1.54..+inf)', 'Calcium: (-inf..8.24]', not 'Silicon: (72.66..73.02]' => 'Potassium: (0.61..+inf)'
c1 rule: 'Magnesium: (3.53..3.73]', 'Aluminum: (1.02..1.28]', 'Silicon: (72.66..73.02]', not 'Calcium: (8.24..8.64]' => 'Potassium: (0.61..+inf)'
c1 rule: 'Magnesium: (3.53..3.73]', 'Silicon: (73.02..+inf)', not 'Aluminum: (1.02..1.28]', not 'Iron: (0.11..0.19]' => 'Potassium: (0.61..+inf)'
c1 rule: 'Sodium: (-inf..12.81]', 'Magnesium: (3.53..3.73]', 'Aluminum: (1.28..1.54]', not 'Calcium: (8.64..9.27]' => 'Potassium: (0.61..+inf)'
c1 rule: 'Sodium: (13.22..13.63]', 'Magnesium: (3.53..3.73]', 'Aluminum: (1.28..1.54]', not 'Silicon: (72.66..73.02]' => 'Potassium: (0.61..+inf)'
c1 # of rules: 22
c1 rule time: 0.0185

c2 total rules: 74

c0 computing feature 7
c1 computing class: (-inf..8.24]
c1 discrimination constraints: 79h
c1 coverage constraints: 34v+987h
c1 formula: 98v, 1162c (1098h+64s)
c1 enumerating rules (maxsat-based)
c1 rule: 'Silicon: (72.66..73.02]', 'Potassium: (0.16..0.48]' => 'Calcium: (-inf..8.24]'
c1 rule: 'Magnesium: (3.33..3.53]', 'Potassium: (0.16..0.48]' => 'Calcium: (-inf..8.24]'
c1 rule: 'Sodium: (13.63..+inf)', 'Potassium: (0.61..+inf)' => 'Calcium: (-inf..8.24]'
c1 rule: 'Magnesium: (3.73..+inf)', 'Silicon: (72.66..73.02]' => 'Calcium: (-inf..8.24]'
c1 rule: 'Magnesium: (3.73..+inf)', 'Iron: (0.11..0.19]' => 'Calcium: (-inf..8.24]'
c1 rule: 'Sodium: (13.22..13.63]', 'Potassium: (0.61..+inf)' => 'Calcium: (-inf..8.24]'
c1 rule: 'Sodium: (13.22..13.63]', 'Silicon: (73.02..+inf)' => 'Calcium: (-inf..8.24]'
c1 rule: 'Aluminum: (1.54..+inf)', 'Iron: (0.19..0.28]' => 'Calcium: (-inf..8.24]'
c1 rule: 'Silicon: (72.66..73.02]', 'Iron: (0.19..0.28]', not 'Aluminum: (1.02..1.28]' => 'Calcium: (-inf..8.24]'
c1 rule: 'Magnesium: (3.33..3.53]', 'Iron: (0.19..0.28]', not 'Aluminum: (1.02..1.28]' => 'Calcium: (-inf..8.24]'
c1 rule: 'Magnesium: (-inf..3.33]', 'Aluminum: (1.28..1.54]', 'Potassium: (0.61..+inf)' => 'Calcium: (-inf..8.24]'
c1 rule: 'Aluminum: (1.28..1.54]', 'Potassium: (0.61..+inf)', not 'Silicon: (72.66..73.02]' => 'Calcium: (-inf..8.24]'
c1 rule: 'Silicon: (72.15..72.66]', 'Potassium: (0.61..+inf)', 'Iron: (-inf..0.11]' => 'Calcium: (-inf..8.24]'
c1 rule: 'Potassium: (0.61..+inf)', not 'Sodium: (-inf..12.81]', not 'Aluminum: (1.02..1.28]' => 'Calcium: (-inf..8.24]'
c1 rule: 'Magnesium: (3.53..3.73]', 'Aluminum: (1.54..+inf)', not 'Sodium: (12.81..13.22]' => 'Calcium: (-inf..8.24]'
c1 rule: 'Sodium: (13.22..13.63]', 'Magnesium: (3.73..+inf)', 'Aluminum: (1.02..1.28]' => 'Calcium: (-inf..8.24]'
c1 rule: 'Magnesium: (3.53..3.73]', 'Silicon: (73.02..+inf)', 'Iron: (-inf..0.11]', not 'Sodium: (-inf..12.81]' => 'Calcium: (-inf..8.24]'
c1 # of rules: 17
c1 rule time: 0.0144

c1 computing class: (8.24..8.64]
c1 discrimination constraints: 82h
c1 coverage constraints: 31v+900h
c1 formula: 95v, 1078c (1014h+64s)
c1 enumerating rules (maxsat-based)
c1 rule: 'Aluminum: (1.54..+inf)', 'Potassium: (-inf..0.16]' => 'Calcium: (8.24..8.64]'
c1 rule: 'Magnesium: (-inf..3.33]', 'Aluminum: (1.54..+inf)', 'Silicon: (73.02..+inf)' => 'Calcium: (8.24..8.64]'
c1 rule: 'Magnesium: (3.33..3.53]', 'Aluminum: (1.54..+inf)', 'Iron: (0.11..0.19]' => 'Calcium: (8.24..8.64]'
c1 rule: 'Aluminum: (1.54..+inf)', 'Iron: (0.11..0.19]', not 'Magnesium: (-inf..3.33]' => 'Calcium: (8.24..8.64]'
c1 rule: 'Magnesium: (3.53..3.73]', 'Potassium: (0.48..0.61]', not 'Refractive Index: (-inf..1.52]' => 'Calcium: (8.24..8.64]'
c1 rule: 'Magnesium: (3.53..3.73]', 'Aluminum: (1.02..1.28]', 'Iron: (0.11..0.19]' => 'Calcium: (8.24..8.64]'
c1 rule: 'Silicon: (72.66..73.02]', 'Iron: (0.11..0.19]', not 'Magnesium: (3.33..3.53]' => 'Calcium: (8.24..8.64]'
c1 rule: 'Magnesium: (3.33..3.53]', 'Aluminum: (1.28..1.54]', 'Silicon: (72.15..72.66]' => 'Calcium: (8.24..8.64]'
c1 rule: 'Sodium: (13.22..13.63]', 'Magnesium: (3.33..3.53]', 'Silicon: (72.66..73.02]' => 'Calcium: (8.24..8.64]'
c1 rule: 'Sodium: (-inf..12.81]', 'Potassium: (0.48..0.61]', not 'Aluminum: (1.28..1.54]' => 'Calcium: (8.24..8.64]'
c1 rule: 'Sodium: (-inf..12.81]', 'Magnesium: (3.33..3.53]', not 'Potassium: (0.61..+inf)' => 'Calcium: (8.24..8.64]'
c1 rule: 'Silicon: (72.66..73.02]', 'Potassium: (-inf..0.16]', not 'Aluminum: (-inf..1.02]' => 'Calcium: (8.24..8.64]'
c1 rule: 'Magnesium: (3.33..3.53]', 'Iron: (0.19..0.28]', not 'Potassium: (0.61..+inf)' => 'Calcium: (8.24..8.64]'
c1 rule: 'Iron: (0.19..0.28]', not 'Magnesium: (-inf..3.33]', not 'Potassium: (0.61..+inf)' => 'Calcium: (8.24..8.64]'
c1 rule: 'Sodium: (12.81..13.22]', 'Magnesium: (3.73..+inf)', 'Potassium: (0.48..0.61]' => 'Calcium: (8.24..8.64]'
c1 rule: 'Magnesium: (3.73..+inf)', 'Silicon: (72.15..72.66]', not 'Aluminum: (1.02..1.28]' => 'Calcium: (8.24..8.64]'
c1 rule: 'Sodium: (-inf..12.81]', 'Magnesium: (3.53..3.73]', 'Potassium: (0.61..+inf)', not 'Iron: (0.19..0.28]' => 'Calcium: (8.24..8.64]'
c1 rule: 'Sodium: (12.81..13.22]', 'Aluminum: (1.02..1.28]', 'Iron: (-inf..0.11]', not 'Potassium: (0.48..0.61]' => 'Calcium: (8.24..8.64]'
c1 rule: 'Sodium: (12.81..13.22]', 'Magnesium: (3.33..3.53]', 'Aluminum: (1.28..1.54]', not 'Iron: (0.19..0.28]' => 'Calcium: (8.24..8.64]'
c1 rule: 'Magnesium: (3.33..3.53]', 'Iron: (-inf..0.11]', not 'Sodium: (13.22..13.63]', not 'Potassium: (0.61..+inf)' => 'Calcium: (8.24..8.64]'
c1 rule: 'Magnesium: (3.53..3.73]', 'Aluminum: (1.02..1.28]', 'Potassium: (0.48..0.61]', not 'Silicon: (73.02..+inf)' => 'Calcium: (8.24..8.64]'
c1 # of rules: 21
c1 rule time: 0.0221

c1 computing class: (8.64..9.27]
c1 discrimination constraints: 85h
c1 coverage constraints: 28v+813h
c1 formula: 92v, 994c (930h+64s)
c1 enumerating rules (maxsat-based)
c1 rule: 'Barium: (0.09..0.14]' => 'Calcium: (8.64..9.27]'
c1 rule: 'Silicon: (72.15..72.66]', 'Potassium: (-inf..0.16]' => 'Calcium: (8.64..9.27]'
c1 rule: 'Sodium: (12.81..13.22]', 'Magnesium: (-inf..3.33]' => 'Calcium: (8.64..9.27]'
c1 rule: 'Magnesium: (3.73..+inf)', 'Potassium: (0.61..+inf)' => 'Calcium: (8.64..9.27]'
c1 rule: 'Magnesium: (3.33..3.53]', 'Silicon: (-inf..72.15]' => 'Calcium: (8.64..9.27]'
c1 rule: 'Magnesium: (3.33..3.53]', 'Iron: (0.28..+inf)' => 'Calcium: (8.64..9.27]'
c1 rule: 'Aluminum: (-inf..1.02]', 'Iron: (0.28..+inf)' => 'Calcium: (8.64..9.27]'
c1 rule: 'Aluminum: (1.02..1.28]', 'Iron: (0.28..+inf)' => 'Calcium: (8.64..9.27]'
c1 rule: 'Sodium: (-inf..12.81]', 'Iron: (0.11..0.19]' => 'Calcium: (8.64..9.27]'
c1 rule: 'Magnesium: (-inf..3.33]', 'Aluminum: (1.54..+inf)', 'Silicon: (72.66..73.02]' => 'Calcium: (8.64..9.27]'
c1 rule: 'Magnesium: (-inf..3.33]', 'Aluminum: (1.02..1.28]', 'Silicon: (72.66..73.02]' => 'Calcium: (8.64..9.27]'
c1 rule: 'Sodium: (-inf..12.81]', 'Magnesium: (-inf..3.33]', 'Aluminum: (1.02..1.28]' => 'Calcium: (8.64..9.27]'
c1 rule: 'Sodium: (-inf..12.81]', 'Aluminum: (1.02..1.28]', not 'Magnesium: (3.53..3.73]' => 'Calcium: (8.64..9.27]'
c1 rule: 'Refractive Index: (-inf..1.52]', 'Sodium: (13.63..+inf)', 'Aluminum: (-inf..1.02]' => 'Calcium: (8.64..9.27]'
c1 rule: 'Refractive Index: (-inf..1.52]', 'Silicon: (-inf..72.15]', 'Potassium: (-inf..0.16]' => 'Calcium: (8.64..9.27]'
c1 rule: 'Sodium: (-inf..12.81]', 'Potassium: (0.48..0.61]', not 'Iron: (-inf..0.11]' => 'Calcium: (8.64..9.27]'
c1 rule: 'Aluminum: (1.02..1.28]', 'Silicon: (72.15..72.66]', not 'Magnesium: (3.73..+inf)' => 'Calcium: (8.64..9.27]'
c1 rule: 'Magnesium: (3.33..3.53]', 'Iron: (0.11..0.19]', not 'Aluminum: (1.54..+inf)', not 'Potassium: (0.16..0.48]' => 'Calcium: (8.64..9.27]'
c1 rule: 'Magnesium: (3.33..3.53]', 'Silicon: (72.66..73.02]', 'Potassium: (0.61..+inf)', not 'Sodium: (12.81..13.22]' => 'Calcium: (8.64..9.27]'
c1 rule: 'Sodium: (-inf..12.81]', 'Potassium: (0.48..0.61]', not 'Magnesium: (3.33..3.53]', not 'Aluminum: (1.02..1.28]' => 'Calcium: (8.64..9.27]'
c1 # of rules: 20
c1 rule time: 0.0150

c1 computing class: (9.27..+inf)
c1 discrimination constraints: 93h
c1 coverage constraints: 20v+581h
c1 formula: 84v, 770c (706h+64s)
c1 enumerating rules (maxsat-based)
c1 rule: 'Barium: (0.14..0.27]' => 'Calcium: (9.27..+inf)'
c1 rule: 'Aluminum: (-inf..1.02]', 'Iron: (0.11..0.19]' => 'Calcium: (9.27..+inf)'
c1 rule: 'Magnesium: (-inf..3.33]', 'Aluminum: (-inf..1.02]' => 'Calcium: (9.27..+inf)'
c1 rule: 'Magnesium: (-inf..3.33]', 'Potassium: (0.16..0.48]' => 'Calcium: (9.27..+inf)'
c1 rule: 'Aluminum: (-inf..1.02]', not 'Sodium: (13.63..+inf)' => 'Calcium: (9.27..+inf)'
c1 rule: 'Magnesium: (-inf..3.33]', 'Potassium: (-inf..0.16]' => 'Calcium: (9.27..+inf)'
c1 rule: 'Potassium: (0.61..+inf)', not 'Refractive Index: (-inf..1.52]' => 'Calcium: (9.27..+inf)'
c1 rule: 'Magnesium: (-inf..3.33]', 'Silicon: (-inf..72.15]' => 'Calcium: (9.27..+inf)'
c1 rule: 'Potassium: (0.16..0.48]', not 'Refractive Index: (-inf..1.52]', not 'Iron: (0.28..+inf)' => 'Calcium: (9.27..+inf)'
c1 rule: not 'Refractive Index: (-inf..1.52]', not 'Sodium: (12.81..13.22]', not 'Magnesium: (3.73..+inf)' => 'Calcium: (9.27..+inf)'
c1 # of rules: 10
c1 rule time: 0.0066

c2 total rules: 68

c0 computing feature 8
c1 computing class: (-inf..0.09]
c1 discrimination constraints: 3h
c1 coverage constraints: 110v+3301h
c1 formula: 174v, 3400c (3336h+64s)
c1 enumerating rules (maxsat-based)
c1 rule: 'Iron: (0.28..+inf)' => 'Barium: (-inf..0.09]'
c1 rule: not 'Potassium: (0.48..0.61]' => 'Barium: (-inf..0.09]'
c1 rule: 'Calcium: (-inf..8.24]' => 'Barium: (-inf..0.09]'
c1 rule: 'Calcium: (8.24..8.64]' => 'Barium: (-inf..0.09]'
c1 rule: 'Sodium: (13.63..+inf)' => 'Barium: (-inf..0.09]'
c1 rule: not 'Magnesium: (-inf..3.33]' => 'Barium: (-inf..0.09]'
c1 rule: 'Aluminum: (1.02..1.28]' => 'Barium: (-inf..0.09]'
c1 # of rules: 7
c1 rule time: 0.0055

c1 computing class: (0.09..0.14]
c1 discrimination constraints: 111h
c1 coverage constraints: 2v+61h
c1 formula: 66v, 268c (204h+64s)
c1 enumerating rules (maxsat-based)
c1 # of rules: 0
c1 rule time: 0.0029

c1 computing class: (0.14..0.27]
c1 discrimination constraints: 112h
c1 coverage constraints: 1v+31h
c1 formula: 65v, 239c (175h+64s)
c1 enumerating rules (maxsat-based)
c1 rule: 'Sodium: (13.22..13.63]', 'Magnesium: (-inf..3.33]', 'Silicon: (72.15..72.66]' => 'Barium: (0.14..0.27]'
c1 # of rules: 1
c1 rule time: 0.0019

c2 total rules: 8

c0 computing feature 9
c1 computing class: (-inf..0.11]
c1 discrimination constraints: 34h
c1 coverage constraints: 79v+2292h
c1 formula: 143v, 2422c (2358h+64s)
c1 enumerating rules (maxsat-based)
c1 rule: 'Aluminum: (1.02..1.28]', 'Silicon: (-inf..72.15]' => 'Iron: (-inf..0.11]'
c1 rule: 'Silicon: (-inf..72.15]', 'Potassium: (0.61..+inf)' => 'Iron: (-inf..0.11]'
c1 rule: 'Sodium: (13.63..+inf)', 'Potassium: (0.61..+inf)' => 'Iron: (-inf..0.11]'
c1 rule: 'Sodium: (13.63..+inf)', 'Silicon: (72.15..72.66]' => 'Iron: (-inf..0.11]'
c1 rule: 'Aluminum: (1.02..1.28]', not 'Refractive Index: (-inf..1.52]' => 'Iron: (-inf..0.11]'
c1 rule: 'Aluminum: (1.02..1.28]', 'Potassium: (-inf..0.16]' => 'Iron: (-inf..0.11]'
c1 rule: 'Silicon: (72.66..73.02]', 'Potassium: (-inf..0.16]' => 'Iron: (-inf..0.11]'
c1 rule: 'Sodium: (12.81..13.22]', 'Silicon: (-inf..72.15]' => 'Iron: (-inf..0.11]'
c1 rule: 'Sodium: (12.81..13.22]', not 'Barium: (-inf..0.09]' => 'Iron: (-inf..0.11]'
c1 rule: 'Potassium: (-inf..0.16]', 'Calcium: (8.64..9.27]' => 'Iron: (-inf..0.11]'
c1 rule: 'Aluminum: (1.54..+inf)', 'Calcium: (8.64..9.27]' => 'Iron: (-inf..0.11]'
c1 rule: 'Sodium: (13.22..13.63]', 'Calcium: (8.24..8.64]' => 'Iron: (-inf..0.11]'
c1 rule: 'Sodium: (13.22..13.63]', 'Silicon: (73.02..+inf)' => 'Iron: (-inf..0.11]'
c1 rule: 'Calcium: (8.24..8.64]', not 'Sodium: (12.81..13.22]' => 'Iron: (-inf..0.11]'
c1 rule: 'Magnesium: (3.33..3.53]', 'Silicon: (-inf..72.15]' => 'Iron: (-inf..0.11]'
c1 rule: 'Sodium: (13.22..13.63]', 'Magnesium: (3.33..3.53]' => 'Iron: (-inf..0.11]'
c1 rule: 'Sodium: (13.22..13.63]', not 'Silicon: (72.15..72.66]' => 'Iron: (-inf..0.11]'
c1 rule: 'Magnesium: (3.73..+inf)', 'Potassium: (-inf..0.16]' => 'Iron: (-inf..0.11]'
c1 rule: 'Magnesium: (3.73..+inf)', 'Calcium: (9.27..+inf)' => 'Iron: (-inf..0.11]'
c1 rule: 'Potassium: (0.61..+inf)', 'Calcium: (8.24..8.64]' => 'Iron: (-inf..0.11]'
c1 rule: 'Silicon: (73.02..+inf)', not 'Refractive Index: (-inf..1.52]' => 'Iron: (-inf..0.11]'
c1 rule: 'Aluminum: (1.28..1.54]', 'Potassium: (0.16..0.48]' => 'Iron: (-inf..0.11]'
c1 rule: 'Magnesium: (-inf..3.33]', 'Calcium: (-inf..8.24]' => 'Iron: (-inf..0.11]'
c1 rule: 'Silicon: (72.66..73.02]', 'Potassium: (0.48..0.61]', not 'Sodium: (12.81..13.22]' => 'Iron: (-inf..0.11]'
c1 rule: 'Sodium: (12.81..13.22]', 'Calcium: (8.64..9.27]', not 'Aluminum: (1.02..1.28]' => 'Iron: (-inf..0.11]'
c1 rule: 'Aluminum: (1.28..1.54]', 'Potassium: (0.61..+inf)', 'Calcium: (8.64..9.27]' => 'Iron: (-inf..0.11]'
c1 rule: 'Aluminum: (1.54..+inf)', 'Silicon: (73.02..+inf)', not 'Magnesium: (3.33..3.53]' => 'Iron: (-inf..0.11]'
c1 rule: 'Aluminum: (1.54..+inf)', 'Potassium: (0.48..0.61]', not 'Silicon: (72.15..72.66]' => 'Iron: (-inf..0.11]'
c1 rule: 'Magnesium: (3.33..3.53]', 'Silicon: (72.15..72.66]', not 'Calcium: (8.24..8.64]' => 'Iron: (-inf..0.11]'
c1 rule: 'Magnesium: (3.33..3.53]', 'Silicon: (72.15..72.66]', not 'Aluminum: (1.54..+inf)' => 'Iron: (-inf..0.11]'
c1 rule: 'Silicon: (72.15..72.66]', 'Calcium: (-inf..8.24]', not 'Sodium: (13.22..13.63]' => 'Iron: (-inf..0.11]'
c1 rule: 'Sodium: (12.81..13.22]', 'Calcium: (-inf..8.24]', not 'Potassium: (0.61..+inf)' => 'Iron: (-inf..0.11]'
c1 rule: 'Magnesium: (3.33..3.53]', 'Aluminum: (1.28..1.54]', not 'Calcium: (-inf..8.24]' => 'Iron: (-inf..0.11]'
c1 rule: 'Magnesium: (3.33..3.53]', 'Aluminum: (1.28..1.54]', not 'Sodium: (12.81..13.22]' => 'Iron: (-inf..0.11]'
c1 rule: 'Magnesium: (3.53..3.73]', 'Aluminum: (1.02..1.28]', 'Silicon: (72.66..73.02]' => 'Iron: (-inf..0.11]'
c1 rule: 'Silicon: (73.02..+inf)', 'Calcium: (-inf..8.24]', not 'Magnesium: (3.33..3.53]' => 'Iron: (-inf..0.11]'
c1 rule: 'Aluminum: (1.54..+inf)', 'Silicon: (72.15..72.66]', 'Calcium: (-inf..8.24]' => 'Iron: (-inf..0.11]'
c1 rule: 'Aluminum: (1.54..+inf)', 'Silicon: (72.66..73.02]', not 'Magnesium: (3.53..3.73]' => 'Iron: (-inf..0.11]'
c1 rule: 'Magnesium: (-inf..3.33]', 'Potassium: (-inf..0.16]', not 'Sodium: (-inf..12.81]' => 'Iron: (-inf..0.11]'
c1 rule: 'Magnesium: (3.73..+inf)', 'Aluminum: (1.02..1.28]', 'Calcium: (8.24..8.64]' => 'Iron: (-inf..0.11]'
c1 rule: 'Magnesium: (3.33..3.53]', 'Aluminum: (1.02..1.28]', not 'Silicon: (72.66..73.02]' => 'Iron: (-inf..0.11]'
c1 rule: 'Silicon: (72.15..72.66]', 'Potassium: (0.48..0.61]', 'Calcium: (8.64..9.27]' => 'Iron: (-inf..0.11]'
c1 # of rules: 42
c1 rule time: 0.0461

c1 computing class: (0.11..0.19]
c1 discrimination constraints: 98h
c1 coverage constraints: 15v+436h
c1 formula: 79v, 630c (566h+64s)
c1 enumerating rules (maxsat-based)
c1 rule: 'Barium: (0.14..0.27]' => 'Iron: (0.11..0.19]'
c1 rule: 'Aluminum: (-inf..1.02]', 'Silicon: (72.15..72.66]' => 'Iron: (0.11..0.19]'
c1 rule: 'Sodium: (13.63..+inf)', 'Magnesium: (3.33..3.53]' => 'Iron: (0.11..0.19]'
c1 rule: 'Potassium: (0.48..0.61]', 'Calcium: (9.27..+inf)' => 'Iron: (0.11..0.19]'
c1 rule: 'Aluminum: (1.54..+inf)', 'Potassium: (-inf..0.16]' => 'Iron: (0.11..0.19]'
c1 rule: 'Sodium: (13.63..+inf)', 'Potassium: (0.48..0.61]' => 'Iron: (0.11..0.19]'
c1 rule: 'Aluminum: (1.54..+inf)', 'Potassium: (0.16..0.48]' => 'Iron: (0.11..0.19]'
c1 rule: 'Sodium: (12.81..13.22]', 'Magnesium: (3.33..3.53]', 'Calcium: (8.64..9.27]' => 'Iron: (0.11..0.19]'
c1 rule: 'Magnesium: (3.53..3.73]', 'Silicon: (73.02..+inf)', 'Calcium: (8.64..9.27]' => 'Iron: (0.11..0.19]'
c1 rule: 'Aluminum: (1.54..+inf)', 'Silicon: (72.15..72.66]', 'Potassium: (0.48..0.61]' => 'Iron: (0.11..0.19]'
c1 rule: 'Sodium: (13.63..+inf)', 'Magnesium: (3.53..3.73]', 'Calcium: (9.27..+inf)', not 'Aluminum: (1.02..1.28]' => 'Iron: (0.11..0.19]'
c1 rule: 'Magnesium: (3.53..3.73]', 'Silicon: (73.02..+inf)', not 'Sodium: (-inf..12.81]', not 'Calcium: (-inf..8.24]' => 'Iron: (0.11..0.19]'
c1 # of rules: 12
c1 rule time: 0.0101

c1 computing class: (0.19..0.28]
c1 discrimination constraints: 99h
c1 coverage constraints: 14v+407h
c1 formula: 78v, 602c (538h+64s)
c1 enumerating rules (maxsat-based)
c1 rule: 'Magnesium: (3.73..+inf)', 'Potassium: (0.61..+inf)' => 'Iron: (0.19..0.28]'
c1 rule: 'Refractive Index: (-inf..1.52]', 'Calcium: (9.27..+inf)' => 'Iron: (0.19..0.28]'
c1 rule: 'Barium: (0.09..0.14]', not 'Sodium: (12.81..13.22]' => 'Iron: (0.19..0.28]'
c1 rule: 'Magnesium: (-inf..3.33]', 'Aluminum: (1.02..1.28]', 'Silicon: (73.02..+inf)' => 'Iron: (0.19..0.28]'
c1 rule: 'Sodium: (-inf..12.81]', 'Magnesium: (-inf..3.33]', 'Potassium: (0.48..0.61]' => 'Iron: (0.19..0.28]'
c1 rule: 'Sodium: (-inf..12.81]', 'Magnesium: (3.33..3.53]', 'Aluminum: (1.54..+inf)' => 'Iron: (0.19..0.28]'
c1 rule: 'Sodium: (-inf..12.81]', 'Magnesium: (3.53..3.73]', 'Aluminum: (1.54..+inf)' => 'Iron: (0.19..0.28]'
c1 rule: 'Sodium: (12.81..13.22]', 'Magnesium: (3.73..+inf)', 'Aluminum: (1.28..1.54]' => 'Iron: (0.19..0.28]'
c1 rule: 'Sodium: (12.81..13.22]', 'Aluminum: (1.28..1.54]', not 'Magnesium: (3.53..3.73]', not 'Potassium: (0.48..0.61]' => 'Iron: (0.19..0.28]'
c1 rule: 'Magnesium: (3.53..3.73]', 'Aluminum: (1.54..+inf)', 'Silicon: (72.66..73.02]', not 'Potassium: (0.48..0.61]' => 'Iron: (0.19..0.28]'
c1 # of rules: 10
c1 rule time: 0.0093

c1 computing class: (0.28..+inf)
c1 discrimination constraints: 108h
c1 coverage constraints: 5v+146h
c1 formula: 69v, 350c (286h+64s)
c1 enumerating rules (maxsat-based)
c1 rule: 'Sodium: (-inf..12.81]', 'Silicon: (72.15..72.66]' => 'Iron: (0.28..+inf)'
c1 rule: 'Potassium: (0.16..0.48]', 'Calcium: (8.64..9.27]' => 'Iron: (0.28..+inf)'
c1 rule: 'Magnesium: (3.53..3.73]', 'Potassium: (0.61..+inf)', 'Calcium: (8.64..9.27]' => 'Iron: (0.28..+inf)'
c1 rule: 'Sodium: (-inf..12.81]', 'Aluminum: (1.02..1.28]', 'Silicon: (72.66..73.02]', not 'Potassium: (0.48..0.61]' => 'Iron: (0.28..+inf)'
c1 # of rules: 4
c1 rule time: 0.0043

c2 total rules: 68
c3 total time: 0.7880

Rules are saved to ../rules/size/q4_glass2_train4.csv_size5.json