c0 # of samps: 81 (50 weighted)
c0 # of feats: 16 (21 binary)
c0 # of labls: 7
c0 parse time: 0.2803


c0 computing feature 1
c1 computing class: 0
c1 discrimination constraints: 18h
c1 coverage constraints: 32v+673h
c1 formula: 76v, 757c (713h+44s)
c1 enumerating rules (maxsat-based)
c1 rule: not 'feathers: 0' => 'hair: 0'
c1 rule: 'breathes: 0' => 'hair: 0'
c1 rule: 'legs: 8' => 'hair: 0'
c1 rule: not 'eggs: 0', not 'toothed: 0' => 'hair: 0'
c1 rule: 'milk: 0', not 'tail: 0' => 'hair: 0'
c1 rule: 'milk: 0', 'airborne: 0' => 'hair: 0'
c1 rule: 'legs: 0', not 'tail: 0' => 'hair: 0'
c1 # of rules: 7
c1 rule time: 0.0045

c1 computing class: 1
c1 discrimination constraints: 32h
c1 coverage constraints: 18v+379h
c1 formula: 62v, 477c (433h+44s)
c1 enumerating rules (maxsat-based)
c1 rule: 'predator: 0', not 'venomous: 0' => 'hair: 1'
c1 rule: 'eggs: 0', not 'airborne: 0' => 'hair: 1'
c1 rule: 'eggs: 0', 'legs: 2' => 'hair: 1'
c1 rule: 'eggs: 0', 'tail: 0' => 'hair: 1'
c1 rule: 'catsize: 0', not 'milk: 0' => 'hair: 1'
c1 rule: 'toothed: 0', not 'milk: 0' => 'hair: 1'
c1 rule: not 'predator: 0', not 'domestic: 0' => 'hair: 1'
c1 rule: 'eggs: 0', not 'domestic: 0' => 'hair: 1'
c1 rule: 'eggs: 0', 'predator: 0' => 'hair: 1'
c1 rule: 'eggs: 0', 'legs: 4' => 'hair: 1'
c1 # of rules: 10
c1 rule time: 0.0045

c2 total rules: 17

c0 computing feature 2
c1 computing class: 0
c1 discrimination constraints: 9h
c1 coverage constraints: 41v+862h
c1 formula: 85v, 937c (893h+44s)
c1 enumerating rules (maxsat-based)
c1 rule: 'legs: 4' => 'feathers: 0'
c1 rule: 'eggs: 0' => 'feathers: 0'
c1 rule: not 'legs: 2' => 'feathers: 0'
c1 # of rules: 3
c1 rule time: 0.0027

c1 computing class: 1
c1 discrimination constraints: 41h
c1 coverage constraints: 9v+190h
c1 formula: 53v, 297c (253h+44s)
c1 enumerating rules (maxsat-based)
c1 rule: 'toothed: 0', 'legs: 2' => 'feathers: 1'
c1 # of rules: 1
c1 rule time: 0.0016

c2 total rules: 4

c0 computing feature 3
c1 computing class: 0
c1 discrimination constraints: 32h
c1 coverage constraints: 18v+379h
c1 formula: 62v, 477c (433h+44s)
c1 enumerating rules (maxsat-based)
c1 rule: 'hair: 0', not 'milk: 0' => 'eggs: 0'
c1 rule: 'backbone: 0', not 'tail: 0' => 'eggs: 0'
c1 rule: 'breathes: 0', 'fins: 0', not 'toothed: 0' => 'eggs: 0'
c1 # of rules: 3
c1 rule time: 0.0021

c1 computing class: 1
c1 discrimination constraints: 18h
c1 coverage constraints: 32v+673h
c1 formula: 76v, 757c (713h+44s)
c1 enumerating rules (maxsat-based)
c1 rule: 'legs: 6' => 'eggs: 1'
c1 rule: 'catsize: 0', not 'fins: 0' => 'eggs: 1'
c1 rule: not 'aquatic: 0', not 'legs: 0' => 'eggs: 1'
c1 rule: not 'venomous: 0', not 'catsize: 0' => 'eggs: 1'
c1 rule: 'aquatic: 0', 'legs: 0' => 'eggs: 1'
c1 rule: 'milk: 0', not 'fins: 0' => 'eggs: 1'
c1 # of rules: 6
c1 rule time: 0.0037

c2 total rules: 9

c0 computing feature 4
c1 computing class: 0
c1 discrimination constraints: 17h
c1 coverage constraints: 33v+694h
c1 formula: 77v, 777c (733h+44s)
c1 enumerating rules (maxsat-based)
c1 rule: not 'venomous: 0' => 'milk: 0'
c1 rule: 'legs: 6' => 'milk: 0'
c1 # of rules: 2
c1 rule time: 0.0023

c1 computing class: 1
c1 discrimination constraints: 33h
c1 coverage constraints: 17v+358h
c1 formula: 61v, 457c (413h+44s)
c1 enumerating rules (maxsat-based)
c1 # of rules: 0
c1 rule time: 0.0009

c2 total rules: 2

c0 computing feature 5
c1 computing class: 0
c1 discrimination constraints: 10h
c1 coverage constraints: 40v+841h
c1 formula: 84v, 917c (873h+44s)
c1 enumerating rules (maxsat-based)
c1 rule: not 'fins: 0' => 'airborne: 0'
c1 rule: 'legs: 0' => 'airborne: 0'
c1 rule: 'breathes: 0' => 'airborne: 0'
c1 rule: 'legs: 4' => 'airborne: 0'
c1 rule: 'feathers: 0', not 'predator: 0' => 'airborne: 0'
c1 rule: 'eggs: 0', 'tail: 0' => 'airborne: 0'
c1 rule: not 'aquatic: 0', not 'catsize: 0' => 'airborne: 0'
c1 rule: 'feathers: 0', not 'catsize: 0' => 'airborne: 0'
c1 # of rules: 8
c1 rule time: 0.0046

c1 computing class: 1
c1 discrimination constraints: 40h
c1 coverage constraints: 10v+211h
c1 formula: 54v, 317c (273h+44s)
c1 enumerating rules (maxsat-based)
c1 rule: not 'feathers: 0', not 'domestic: 0' => 'airborne: 1'
c1 rule: 'predator: 0', 'catsize: 0', not 'feathers: 0' => 'airborne: 1'
c1 rule: 'legs: 2', 'catsize: 0', not 'aquatic: 0' => 'airborne: 1'
c1 rule: 'hair: 0', 'aquatic: 0', not 'predator: 0', not 'catsize: 0' => 'airborne: 1'
c1 # of rules: 4
c1 rule time: 0.0027

c2 total rules: 12

c0 computing feature 6
c1 computing class: 0
c1 discrimination constraints: 18h
c1 coverage constraints: 32v+673h
c1 formula: 76v, 757c (713h+44s)
c1 enumerating rules (maxsat-based)
c1 rule: 'backbone: 0', not 'breathes: 0' => 'aquatic: 0'
c1 rule: 'predator: 0', 'toothed: 0' => 'aquatic: 0'
c1 rule: 'hair: 0', 'legs: 4', not 'tail: 0' => 'aquatic: 0'
c1 rule: not 'breathes: 0', not 'venomous: 0', not 'tail: 0' => 'aquatic: 0'
c1 rule: 'legs: 0', 'catsize: 0', not 'breathes: 0' => 'aquatic: 0'
c1 rule: 'venomous: 0', 'fins: 0', 'legs: 0' => 'aquatic: 0'
c1 # of rules: 6
c1 rule time: 0.0046

c1 computing class: 1
c1 discrimination constraints: 32h
c1 coverage constraints: 18v+379h
c1 formula: 62v, 477c (433h+44s)
c1 enumerating rules (maxsat-based)
c1 rule: 'legs: 5' => 'aquatic: 1'
c1 rule: not 'fins: 0' => 'aquatic: 1'
c1 rule: 'breathes: 0', not 'venomous: 0' => 'aquatic: 1'
c1 rule: 'breathes: 0', 'legs: 4' => 'aquatic: 1'
c1 rule: 'breathes: 0', not 'legs: 0' => 'aquatic: 1'
c1 rule: not 'eggs: 0', not 'milk: 0' => 'aquatic: 1'
c1 rule: 'legs: 4', not 'venomous: 0' => 'aquatic: 1'
c1 rule: 'hair: 0', 'legs: 4', 'tail: 0' => 'aquatic: 1'
c1 # of rules: 8
c1 rule time: 0.0039

c2 total rules: 14

c0 computing feature 7
c1 computing class: 0
c1 discrimination constraints: 28h
c1 coverage constraints: 22v+463h
c1 formula: 66v, 557c (513h+44s)
c1 enumerating rules (maxsat-based)
c1 rule: 'legs: 6', not 'breathes: 0' => 'predator: 0'
c1 rule: 'catsize: 0', not 'domestic: 0' => 'predator: 0'
c1 rule: 'backbone: 0', 'legs: 0', not 'breathes: 0' => 'predator: 0'
c1 rule: 'legs: 2', 'tail: 0', 'domestic: 0' => 'predator: 0'
c1 rule: 'feathers: 0', 'legs: 2', 'domestic: 0' => 'predator: 0'
c1 rule: 'hair: 0', 'venomous: 0', 'tail: 0', not 'backbone: 0' => 'predator: 0'
c1 # of rules: 6
c1 rule time: 0.0051

c1 computing class: 1
c1 discrimination constraints: 22h
c1 coverage constraints: 28v+589h
c1 formula: 72v, 677c (633h+44s)
c1 enumerating rules (maxsat-based)
c1 rule: not 'breathes: 0', not 'fins: 0' => 'predator: 1'
c1 rule: not 'aquatic: 0', not 'catsize: 0' => 'predator: 1'
c1 rule: 'aquatic: 0', 'breathes: 0' => 'predator: 1'
c1 rule: 'aquatic: 0', 'legs: 0', not 'backbone: 0' => 'predator: 1'
c1 rule: not 'legs: 4', not 'domestic: 0', not 'catsize: 0' => 'predator: 1'
c1 rule: 'tail: 0', not 'legs: 2', not 'catsize: 0' => 'predator: 1'
c1 rule: 'milk: 0', 'aquatic: 0', not 'toothed: 0' => 'predator: 1'
c1 # of rules: 7
c1 rule time: 0.0046

c2 total rules: 13

c0 computing feature 8
c1 computing class: 0
c1 discrimination constraints: 27h
c1 coverage constraints: 23v+484h
c1 formula: 67v, 577c (533h+44s)
c1 enumerating rules (maxsat-based)
c1 rule: 'legs: 8' => 'toothed: 0'
c1 rule: not 'feathers: 0' => 'toothed: 0'
c1 # of rules: 2
c1 rule time: 0.0021

c1 computing class: 1
c1 discrimination constraints: 23h
c1 coverage constraints: 27v+568h
c1 formula: 71v, 657c (613h+44s)
c1 enumerating rules (maxsat-based)
c1 rule: not 'fins: 0' => 'toothed: 1'
c1 rule: 'eggs: 0', not 'milk: 0' => 'toothed: 1'
c1 rule: 'eggs: 0', not 'backbone: 0' => 'toothed: 1'
c1 rule: 'tail: 0', not 'backbone: 0' => 'toothed: 1'
c1 rule: 'legs: 0', not 'tail: 0' => 'toothed: 1'
c1 rule: 'feathers: 0', 'catsize: 0', not 'backbone: 0' => 'toothed: 1'
c1 # of rules: 6
c1 rule time: 0.0038

c2 total rules: 8

c0 computing feature 9
c1 computing class: 0
c1 discrimination constraints: 38h
c1 coverage constraints: 12v+253h
c1 formula: 56v, 357c (313h+44s)
c1 enumerating rules (maxsat-based)
c1 # of rules: 0
c1 rule time: 0.0009

c1 computing class: 1
c1 discrimination constraints: 12h
c1 coverage constraints: 38v+799h
c1 formula: 82v, 877c (833h+44s)
c1 enumerating rules (maxsat-based)
c1 rule: not 'domestic: 0' => 'backbone: 1'
c1 rule: 'legs: 2' => 'backbone: 1'
c1 rule: not 'milk: 0' => 'backbone: 1'
c1 rule: not 'toothed: 0' => 'backbone: 1'
c1 # of rules: 4
c1 rule time: 0.0030

c2 total rules: 4

c0 computing feature 10
c1 computing class: 0
c1 discrimination constraints: 38h
c1 coverage constraints: 12v+253h
c1 formula: 56v, 357c (313h+44s)
c1 enumerating rules (maxsat-based)
c1 rule: 'milk: 0', not 'fins: 0' => 'breathes: 0'
c1 # of rules: 1
c1 rule time: 0.0015

c1 computing class: 1
c1 discrimination constraints: 12h
c1 coverage constraints: 38v+799h
c1 formula: 82v, 877c (833h+44s)
c1 enumerating rules (maxsat-based)
c1 rule: 'legs: 2' => 'breathes: 1'
c1 rule: not 'milk: 0' => 'breathes: 1'
c1 # of rules: 2
c1 rule time: 0.0027

c2 total rules: 3

c0 computing feature 11
c1 computing class: 0
c1 discrimination constraints: 7h
c1 coverage constraints: 43v+904h
c1 formula: 87v, 977c (933h+44s)
c1 enumerating rules (maxsat-based)
c1 rule: not 'feathers: 0' => 'venomous: 0'
c1 rule: 'legs: 5' => 'venomous: 0'
c1 rule: 'toothed: 0', 'legs: 4' => 'venomous: 0'
c1 rule: not 'legs: 0', not 'catsize: 0' => 'venomous: 0'
c1 rule: 'breathes: 0', not 'legs: 0' => 'venomous: 0'
c1 rule: 'catsize: 0', not 'fins: 0' => 'venomous: 0'
c1 # of rules: 6
c1 rule time: 0.0044

c1 computing class: 1
c1 discrimination constraints: 43h
c1 coverage constraints: 7v+148h
c1 formula: 51v, 257c (213h+44s)
c1 enumerating rules (maxsat-based)
c1 rule: 'backbone: 0', not 'tail: 0' => 'venomous: 1'
c1 # of rules: 1
c1 rule time: 0.0017

c2 total rules: 7

c0 computing feature 12
c1 computing class: 0
c1 discrimination constraints: 7h
c1 coverage constraints: 43v+904h
c1 formula: 87v, 977c (933h+44s)
c1 enumerating rules (maxsat-based)
c1 # of rules: 0
c1 rule time: 0.0021

c1 computing class: 1
c1 discrimination constraints: 43h
c1 coverage constraints: 7v+148h
c1 formula: 51v, 257c (213h+44s)
c1 enumerating rules (maxsat-based)
c1 # of rules: 0
c1 rule time: 0.0007

c2 total rules: 0

c0 computing feature 13
c1 computing class: 0
c1 discrimination constraints: 37h
c1 coverage constraints: 13v+209h
c1 formula: 55v, 309c (267h+42s)
c1 enumerating rules (maxsat-based)
c1 rule: not 'fins: 0' => 'legs: 0'
c1 rule: 'eggs: 0', not 'aquatic: 0' => 'legs: 0'
c1 rule: 'breathes: 0', not 'venomous: 0' => 'legs: 0'
c1 rule: 'aquatic: 0', 'breathes: 0' => 'legs: 0'
c1 rule: 'aquatic: 0', not 'backbone: 0', not 'venomous: 0' => 'legs: 0'
c1 # of rules: 5
c1 rule time: 0.0027

c1 computing class: 2
c1 discrimination constraints: 36h
c1 coverage constraints: 14v+225h
c1 formula: 56v, 324c (282h+42s)
c1 enumerating rules (maxsat-based)
c1 rule: not 'feathers: 0' => 'legs: 2'
c1 rule: not 'airborne: 0', not 'backbone: 0' => 'legs: 2'
c1 rule: 'tail: 0', not 'predator: 0', not 'domestic: 0' => 'legs: 2'
c1 rule: 'predator: 0', 'tail: 0', not 'catsize: 0' => 'legs: 2'
c1 # of rules: 4
c1 rule time: 0.0023

c1 computing class: 4
c1 discrimination constraints: 35h
c1 coverage constraints: 15v+241h
c1 formula: 57v, 339c (297h+42s)
c1 enumerating rules (maxsat-based)
c1 rule: not 'eggs: 0', not 'milk: 0' => 'legs: 4'
c1 rule: 'feathers: 0', 'toothed: 0', not 'backbone: 0' => 'legs: 4'
c1 rule: 'hair: 0', 'tail: 0', not 'toothed: 0' => 'legs: 4'
c1 rule: 'tail: 0', 'catsize: 0', not 'backbone: 0' => 'legs: 4'
c1 rule: not 'hair: 0', not 'predator: 0', not 'tail: 0' => 'legs: 4'
c1 rule: 'predator: 0', not 'domestic: 0', not 'catsize: 0' => 'legs: 4'
c1 rule: 'predator: 0', not 'hair: 0', not 'domestic: 0' => 'legs: 4'
c1 rule: 'fins: 0', 'domestic: 0', not 'hair: 0', not 'predator: 0' => 'legs: 4'
c1 # of rules: 8
c1 rule time: 0.0004

c1 computing class: 5
c1 discrimination constraints: 49h
c1 coverage constraints: 1v+17h
c1 formula: 43v, 129c (87h+42s)
c1 enumerating rules (maxsat-based)
c1 # of rules: 0
c1 rule time: 0.0010

c1 computing class: 6
c1 discrimination constraints: 45h
c1 coverage constraints: 5v+81h
c1 formula: 47v, 189c (147h+42s)
c1 enumerating rules (maxsat-based)
c1 rule: 'backbone: 0', not 'airborne: 0' => 'legs: 6'
c1 # of rules: 1
c1 rule time: 0.0014

c1 computing class: 8
c1 discrimination constraints: 48h
c1 coverage constraints: 2v+33h
c1 formula: 44v, 144c (102h+42s)
c1 enumerating rules (maxsat-based)
c1 rule: 'backbone: 0', not 'catsize: 0' => 'legs: 8'
c1 rule: 'backbone: 0', not 'tail: 0' => 'legs: 8'
c1 # of rules: 2
c1 rule time: 0.0013

c2 total rules: 20

c0 computing feature 14
c1 computing class: 0
c1 discrimination constraints: 32h
c1 coverage constraints: 18v+379h
c1 formula: 62v, 477c (433h+44s)
c1 enumerating rules (maxsat-based)
c1 # of rules: 0
c1 rule time: 0.0019

c1 computing class: 1
c1 discrimination constraints: 18h
c1 coverage constraints: 32v+673h
c1 formula: 76v, 757c (713h+44s)
c1 enumerating rules (maxsat-based)
c1 rule: 'domestic: 0', 'catsize: 0', not 'milk: 0' => 'tail: 1'
c1 # of rules: 1
c1 rule time: 0.0031

c2 total rules: 1

c0 computing feature 15
c1 computing class: 0
c1 discrimination constraints: 7h
c1 coverage constraints: 43v+904h
c1 formula: 87v, 977c (933h+44s)
c1 enumerating rules (maxsat-based)
c1 rule: not 'eggs: 0', not 'predator: 0' => 'domestic: 0'
c1 rule: 'tail: 0', not 'eggs: 0' => 'domestic: 0'
c1 rule: 'legs: 4', not 'eggs: 0' => 'domestic: 0'
c1 # of rules: 3
c1 rule time: 0.0039

c1 computing class: 1
c1 discrimination constraints: 43h
c1 coverage constraints: 7v+148h
c1 formula: 51v, 257c (213h+44s)
c1 enumerating rules (maxsat-based)
c1 # of rules: 0
c1 rule time: 0.0016

c2 total rules: 3

c0 computing feature 16
c1 computing class: 0
c1 discrimination constraints: 19h
c1 coverage constraints: 31v+652h
c1 formula: 75v, 737c (693h+44s)
c1 enumerating rules (maxsat-based)
c1 # of rules: 0
c1 rule time: 0.0030

c1 computing class: 1
c1 discrimination constraints: 31h
c1 coverage constraints: 19v+400h
c1 formula: 63v, 497c (453h+44s)
c1 enumerating rules (maxsat-based)
c1 rule: 'legs: 8', not 'aquatic: 0' => 'catsize: 1'
c1 # of rules: 1
c1 rule time: 0.0027

c2 total rules: 1
c3 total time: 0.3961

Rules are saved to ../rules/size/q6_zoo_train5.csv_size5.json