c0 # of samps: 80 (52 weighted)
c0 # of feats: 16 (19 binary)
c0 # of labls: 7
c0 parse time: 0.3155


c0 computing feature 1
c1 computing class: 0
c1 discrimination constraints: 18h
c1 coverage constraints: 34v+647h
c1 formula: 74v, 725c (685h+40s)
c1 enumerating rules (maxsat-based)
c1 rule: 'breathes: 0' => 'hair: 0'
c1 rule: not 'feathers: 0' => 'hair: 0'
c1 rule: 'eggs: 0', not 'venomous: 0' => 'hair: 0'
c1 rule: 'legs: (-inf..2.5]', not 'venomous: 0' => 'hair: 0'
c1 rule: 'toothed: 0', 'legs: (-inf..2.5]' => 'hair: 0'
c1 rule: 'legs: (-inf..2.5]', not 'eggs: 0' => 'hair: 0'
c1 rule: 'airborne: 0', not 'venomous: 0' => 'hair: 0'
c1 rule: not 'airborne: 0', not 'predator: 0' => 'hair: 0'
c1 rule: 'airborne: 0', 'backbone: 0' => 'hair: 0'
c1 rule: 'milk: 0', not 'catsize: 0' => 'hair: 0'
c1 rule: 'milk: 0', not 'tail: 0' => 'hair: 0'
c1 rule: 'predator: 0', not 'aquatic: 0' => 'hair: 0'
c1 rule: 'catsize: 0', not 'aquatic: 0' => 'hair: 0'
c1 # of rules: 13
c1 rule time: 0.0060

c1 computing class: 1
c1 discrimination constraints: 34h
c1 coverage constraints: 18v+343h
c1 formula: 58v, 437c (397h+40s)
c1 enumerating rules (maxsat-based)
c1 rule: 'feathers: 0', not 'domestic: 0' => 'hair: 1'
c1 rule: not 'airborne: 0', not 'toothed: 0' => 'hair: 1'
c1 rule: 'eggs: 0', 'predator: 0' => 'hair: 1'
c1 rule: 'eggs: 0', 'tail: 0' => 'hair: 1'
c1 rule: 'catsize: 0', not 'milk: 0' => 'hair: 1'
c1 rule: 'aquatic: 0', not 'milk: 0' => 'hair: 1'
c1 rule: not 'eggs: 0', not 'milk: 0' => 'hair: 1'
c1 rule: 'fins: 0', not 'milk: 0' => 'hair: 1'
c1 # of rules: 8
c1 rule time: 0.0036

c2 total rules: 21

c0 computing feature 2
c1 computing class: 0
c1 discrimination constraints: 10h
c1 coverage constraints: 42v+799h
c1 formula: 82v, 869c (829h+40s)
c1 enumerating rules (maxsat-based)
c1 rule: not 'fins: 0' => 'feathers: 0'
c1 rule: 'legs: (4.5..5.75]' => 'feathers: 0'
c1 rule: 'tail: 0' => 'feathers: 0'
c1 rule: 'backbone: 0' => 'feathers: 0'
c1 rule: not 'legs: (-inf..2.5]' => 'feathers: 0'
c1 rule: 'eggs: 0' => 'feathers: 0'
c1 rule: not 'venomous: 0' => 'feathers: 0'
c1 rule: not 'toothed: 0' => 'feathers: 0'
c1 # of rules: 8
c1 rule time: 0.0042

c1 computing class: 1
c1 discrimination constraints: 42h
c1 coverage constraints: 10v+191h
c1 formula: 50v, 293c (253h+40s)
c1 enumerating rules (maxsat-based)
c1 rule: not 'airborne: 0', not 'catsize: 0' => 'feathers: 1'
c1 rule: not 'airborne: 0', not 'aquatic: 0' => 'feathers: 1'
c1 rule: 'toothed: 0', 'legs: (-inf..2.5]', not 'catsize: 0' => 'feathers: 1'
c1 rule: 'toothed: 0', 'legs: (-inf..2.5]', not 'tail: 0' => 'feathers: 1'
c1 # of rules: 4
c1 rule time: 0.0025

c2 total rules: 12

c0 computing feature 3
c1 computing class: 0
c1 discrimination constraints: 34h
c1 coverage constraints: 18v+343h
c1 formula: 58v, 437c (397h+40s)
c1 enumerating rules (maxsat-based)
c1 rule: 'aquatic: 0', not 'milk: 0' => 'eggs: 0'
c1 rule: 'backbone: 0', not 'tail: 0' => 'eggs: 0'
c1 rule: not 'milk: 0', not 'toothed: 0' => 'eggs: 0'
c1 rule: 'breathes: 0', 'fins: 0', not 'toothed: 0' => 'eggs: 0'
c1 # of rules: 4
c1 rule time: 0.0028

c1 computing class: 1
c1 discrimination constraints: 18h
c1 coverage constraints: 34v+647h
c1 formula: 74v, 725c (685h+40s)
c1 enumerating rules (maxsat-based)
c1 rule: 'toothed: 0', not 'aquatic: 0' => 'eggs: 1'
c1 rule: 'toothed: 0', 'tail: 0' => 'eggs: 1'
c1 rule: 'breathes: 0', 'venomous: 0' => 'eggs: 1'
c1 rule: 'milk: 0', 'venomous: 0' => 'eggs: 1'
c1 rule: 'milk: 0', 'legs: (-inf..2.5]', not 'breathes: 0' => 'eggs: 1'
c1 # of rules: 5
c1 rule time: 0.0027

c2 total rules: 9

c0 computing feature 4
c1 computing class: 0
c1 discrimination constraints: 17h
c1 coverage constraints: 35v+666h
c1 formula: 75v, 743c (703h+40s)
c1 enumerating rules (maxsat-based)
c1 # of rules: 0
c1 rule time: 0.0000

c1 computing class: 1
c1 discrimination constraints: 35h
c1 coverage constraints: 17v+324h
c1 formula: 57v, 419c (379h+40s)
c1 enumerating rules (maxsat-based)
c1 # of rules: 0
c1 rule time: 0.0009

c2 total rules: 0

c0 computing feature 5
c1 computing class: 0
c1 discrimination constraints: 13h
c1 coverage constraints: 39v+742h
c1 formula: 79v, 815c (775h+40s)
c1 enumerating rules (maxsat-based)
c1 rule: 'breathes: 0' => 'airborne: 0'
c1 rule: 'legs: (2.5..4.5]' => 'airborne: 0'
c1 rule: 'backbone: 0', not 'legs: (5.75..+inf)' => 'airborne: 0'
c1 rule: 'backbone: 0', not 'tail: 0' => 'airborne: 0'
c1 # of rules: 4
c1 rule time: 0.0031

c1 computing class: 1
c1 discrimination constraints: 39h
c1 coverage constraints: 13v+248h
c1 formula: 53v, 347c (307h+40s)
c1 enumerating rules (maxsat-based)
c1 rule: 'hair: 0', not 'domestic: 0' => 'airborne: 1'
c1 rule: 'predator: 0', not 'feathers: 0' => 'airborne: 1'
c1 rule: not 'feathers: 0', not 'aquatic: 0' => 'airborne: 1'
c1 rule: 'venomous: 0', 'legs: (5.75..+inf)', not 'predator: 0', not 'breathes: 0' => 'airborne: 1'
c1 # of rules: 4
c1 rule time: 0.0028

c2 total rules: 8

c0 computing feature 6
c1 computing class: 0
c1 discrimination constraints: 21h
c1 coverage constraints: 31v+590h
c1 formula: 71v, 671c (631h+40s)
c1 enumerating rules (maxsat-based)
c1 rule: not 'domestic: 0' => 'aquatic: 0'
c1 rule: 'legs: (5.75..+inf)', not 'breathes: 0' => 'aquatic: 0'
c1 rule: 'backbone: 0', not 'breathes: 0' => 'aquatic: 0'
c1 rule: 'backbone: 0', 'venomous: 0', 'legs: (-inf..2.5]' => 'aquatic: 0'
c1 rule: not 'eggs: 0', not 'venomous: 0', not 'tail: 0' => 'aquatic: 0'
c1 rule: not 'airborne: 0', not 'predator: 0', not 'catsize: 0' => 'aquatic: 0'
c1 rule: 'tail: 0', not 'hair: 0', not 'legs: (-inf..2.5]' => 'aquatic: 0'
c1 rule: 'predator: 0', not 'legs: (-inf..2.5]', not 'tail: 0' => 'aquatic: 0'
c1 rule: 'airborne: 0', 'catsize: 0', not 'breathes: 0', not 'legs: (2.5..4.5]' => 'aquatic: 0'
c1 # of rules: 9
c1 rule time: 0.0056

c1 computing class: 1
c1 discrimination constraints: 31h
c1 coverage constraints: 21v+400h
c1 formula: 61v, 491c (451h+40s)
c1 enumerating rules (maxsat-based)
c1 rule: not 'fins: 0' => 'aquatic: 1'
c1 rule: 'legs: (4.5..5.75]' => 'aquatic: 1'
c1 rule: 'breathes: 0', not 'backbone: 0' => 'aquatic: 1'
c1 rule: 'breathes: 0', 'legs: (2.5..4.5]' => 'aquatic: 1'
c1 rule: 'breathes: 0', not 'venomous: 0' => 'aquatic: 1'
c1 rule: 'legs: (2.5..4.5]', not 'venomous: 0' => 'aquatic: 1'
c1 rule: 'backbone: 0', not 'catsize: 0' => 'aquatic: 1'
c1 rule: 'breathes: 0', not 'legs: (-inf..2.5]' => 'aquatic: 1'
c1 rule: 'tail: 0', 'catsize: 0', not 'backbone: 0' => 'aquatic: 1'
c1 # of rules: 9
c1 rule time: 0.0043

c2 total rules: 18

c0 computing feature 7
c1 computing class: 0
c1 discrimination constraints: 32h
c1 coverage constraints: 20v+381h
c1 formula: 60v, 473c (433h+40s)
c1 enumerating rules (maxsat-based)
c1 rule: 'catsize: 0', not 'domestic: 0' => 'predator: 0'
c1 rule: 'catsize: 0', not 'hair: 0', not 'legs: (2.5..4.5]' => 'predator: 0'
c1 rule: 'hair: 0', 'legs: (2.5..4.5]', not 'catsize: 0' => 'predator: 0'
c1 rule: 'backbone: 0', not 'breathes: 0', not 'legs: (5.75..+inf)' => 'predator: 0'
c1 rule: 'aquatic: 0', not 'hair: 0', not 'legs: (2.5..4.5]', not 'tail: 0' => 'predator: 0'
c1 rule: 'aquatic: 0', 'domestic: 0', not 'hair: 0', not 'legs: (2.5..4.5]' => 'predator: 0'
c1 # of rules: 6
c1 rule time: 0.0048

c1 computing class: 1
c1 discrimination constraints: 20h
c1 coverage constraints: 32v+609h
c1 formula: 72v, 689c (649h+40s)
c1 enumerating rules (maxsat-based)
c1 rule: 'legs: (4.5..5.75]' => 'predator: 1'
c1 rule: 'backbone: 0', not 'aquatic: 0' => 'predator: 1'
c1 rule: not 'aquatic: 0', not 'venomous: 0' => 'predator: 1'
c1 rule: 'airborne: 0', not 'venomous: 0' => 'predator: 1'
c1 rule: 'toothed: 0', 'breathes: 0' => 'predator: 1'
c1 rule: not 'fins: 0', not 'catsize: 0' => 'predator: 1'
c1 rule: 'legs: (-inf..2.5]', not 'domestic: 0', not 'catsize: 0' => 'predator: 1'
c1 rule: 'milk: 0', 'aquatic: 0', not 'toothed: 0' => 'predator: 1'
c1 rule: 'aquatic: 0', 'legs: (2.5..4.5]', 'tail: 0' => 'predator: 1'
c1 # of rules: 9
c1 rule time: 0.0062

c2 total rules: 15

c0 computing feature 8
c1 computing class: 0
c1 discrimination constraints: 27h
c1 coverage constraints: 25v+476h
c1 formula: 65v, 563c (523h+40s)
c1 enumerating rules (maxsat-based)
c1 rule: 'backbone: 0' => 'toothed: 0'
c1 # of rules: 1
c1 rule time: 0.0019

c1 computing class: 1
c1 discrimination constraints: 25h
c1 coverage constraints: 27v+514h
c1 formula: 67v, 599c (559h+40s)
c1 enumerating rules (maxsat-based)
c1 rule: not 'backbone: 0', not 'venomous: 0' => 'toothed: 1'
c1 rule: 'eggs: 0', not 'domestic: 0' => 'toothed: 1'
c1 rule: 'tail: 0', not 'backbone: 0' => 'toothed: 1'
c1 rule: 'eggs: 0', not 'catsize: 0' => 'toothed: 1'
c1 rule: 'eggs: 0', 'predator: 0' => 'toothed: 1'
c1 rule: 'aquatic: 0', not 'milk: 0' => 'toothed: 1'
c1 rule: 'legs: (2.5..4.5]', 'catsize: 0', not 'tail: 0' => 'toothed: 1'
c1 # of rules: 7
c1 rule time: 0.0040

c2 total rules: 8

c0 computing feature 9
c1 computing class: 0
c1 discrimination constraints: 39h
c1 coverage constraints: 13v+248h
c1 formula: 53v, 347c (307h+40s)
c1 enumerating rules (maxsat-based)
c1 # of rules: 0
c1 rule time: 0.0009

c1 computing class: 1
c1 discrimination constraints: 13h
c1 coverage constraints: 39v+742h
c1 formula: 79v, 815c (775h+40s)
c1 enumerating rules (maxsat-based)
c1 # of rules: 0
c1 rule time: 0.0020

c2 total rules: 0

c0 computing feature 10
c1 computing class: 0
c1 discrimination constraints: 42h
c1 coverage constraints: 10v+191h
c1 formula: 50v, 293c (253h+40s)
c1 enumerating rules (maxsat-based)
c1 rule: not 'eggs: 0', not 'fins: 0' => 'breathes: 0'
c1 # of rules: 1
c1 rule time: 0.0014

c1 computing class: 1
c1 discrimination constraints: 10h
c1 coverage constraints: 42v+799h
c1 formula: 82v, 869c (829h+40s)
c1 enumerating rules (maxsat-based)
c1 # of rules: 0
c1 rule time: 0.0000

c2 total rules: 1

c0 computing feature 11
c1 computing class: 0
c1 discrimination constraints: 6h
c1 coverage constraints: 46v+875h
c1 formula: 86v, 941c (901h+40s)
c1 enumerating rules (maxsat-based)
c1 rule: not 'milk: 0' => 'venomous: 0'
c1 rule: not 'catsize: 0' => 'venomous: 0'
c1 rule: 'legs: (4.5..5.75]' => 'venomous: 0'
c1 rule: 'toothed: 0', 'legs: (2.5..4.5]' => 'venomous: 0'
c1 rule: 'legs: (5.75..+inf)', not 'aquatic: 0' => 'venomous: 0'
c1 rule: 'domestic: 0', not 'hair: 0' => 'venomous: 0'
c1 rule: not 'airborne: 0', not 'predator: 0' => 'venomous: 0'
c1 rule: 'hair: 0', not 'airborne: 0' => 'venomous: 0'
c1 # of rules: 8
c1 rule time: 0.0043

c1 computing class: 1
c1 discrimination constraints: 46h
c1 coverage constraints: 6v+115h
c1 formula: 46v, 221c (181h+40s)
c1 enumerating rules (maxsat-based)
c1 rule: 'backbone: 0', not 'domestic: 0' => 'venomous: 1'
c1 # of rules: 1
c1 rule time: 0.0015

c2 total rules: 9

c0 computing feature 12
c1 computing class: 0
c1 discrimination constraints: 6h
c1 coverage constraints: 46v+875h
c1 formula: 86v, 941c (901h+40s)
c1 enumerating rules (maxsat-based)
c1 rule: not 'venomous: 0' => 'fins: 0'
c1 rule: 'legs: (2.5..4.5]' => 'fins: 0'
c1 rule: 'legs: (4.5..5.75]' => 'fins: 0'
c1 rule: 'legs: (5.75..+inf)' => 'fins: 0'
c1 # of rules: 4
c1 rule time: 0.0028

c1 computing class: 1
c1 discrimination constraints: 46h
c1 coverage constraints: 6v+115h
c1 formula: 46v, 221c (181h+40s)
c1 enumerating rules (maxsat-based)
c1 rule: 'eggs: 0', 'tail: 0', not 'aquatic: 0' => 'fins: 1'
c1 rule: not 'milk: 0', not 'aquatic: 0', not 'legs: (2.5..4.5]' => 'fins: 1'
c1 # of rules: 2
c1 rule time: 0.0017

c2 total rules: 6

c0 computing feature 13
c1 computing class: (-inf..2.5]
c1 discrimination constraints: 25h
c1 coverage constraints: 27v+433h
c1 formula: 65v, 515c (477h+38s)
c1 enumerating rules (maxsat-based)
c1 rule: not 'feathers: 0' => 'legs: (-inf..2.5]'
c1 rule: not 'fins: 0' => 'legs: (-inf..2.5]'
c1 rule: 'breathes: 0', not 'toothed: 0' => 'legs: (-inf..2.5]'
c1 rule: 'breathes: 0', not 'venomous: 0' => 'legs: (-inf..2.5]'
c1 rule: 'aquatic: 0', 'breathes: 0' => 'legs: (-inf..2.5]'
c1 rule: 'eggs: 0', not 'airborne: 0' => 'legs: (-inf..2.5]'
c1 rule: 'venomous: 0', 'tail: 0', not 'domestic: 0' => 'legs: (-inf..2.5]'
c1 rule: 'eggs: 0', 'predator: 0', 'tail: 0' => 'legs: (-inf..2.5]'
c1 rule: 'aquatic: 0', not 'toothed: 0', not 'venomous: 0' => 'legs: (-inf..2.5]'
c1 # of rules: 9
c1 rule time: 0.0041

c1 computing class: (2.5..4.5]
c1 discrimination constraints: 36h
c1 coverage constraints: 16v+257h
c1 formula: 54v, 350c (312h+38s)
c1 enumerating rules (maxsat-based)
c1 rule: not 'eggs: 0', not 'milk: 0' => 'legs: (2.5..4.5]'
c1 rule: 'predator: 0', 'tail: 0', not 'aquatic: 0' => 'legs: (2.5..4.5]'
c1 rule: 'fins: 0', not 'hair: 0', not 'aquatic: 0' => 'legs: (2.5..4.5]'
c1 rule: 'catsize: 0', not 'hair: 0', not 'predator: 0' => 'legs: (2.5..4.5]'
c1 rule: 'feathers: 0', not 'tail: 0', not 'domestic: 0' => 'legs: (2.5..4.5]'
c1 rule: 'feathers: 0', 'toothed: 0', not 'backbone: 0' => 'legs: (2.5..4.5]'
c1 rule: 'tail: 0', 'catsize: 0', not 'backbone: 0' => 'legs: (2.5..4.5]'
c1 rule: 'milk: 0', 'airborne: 0', not 'aquatic: 0', not 'breathes: 0' => 'legs: (2.5..4.5]'
c1 rule: 'aquatic: 0', not 'milk: 0', not 'predator: 0', not 'tail: 0' => 'legs: (2.5..4.5]'
c1 rule: 'aquatic: 0', 'domestic: 0', not 'milk: 0', not 'predator: 0' => 'legs: (2.5..4.5]'
c1 # of rules: 10
c1 rule time: 0.0047

c1 computing class: (4.5..5.75]
c1 discrimination constraints: 51h
c1 coverage constraints: 1v+17h
c1 formula: 39v, 125c (87h+38s)
c1 enumerating rules (maxsat-based)
c1 # of rules: 0
c1 rule time: 0.0010

c1 computing class: (5.75..+inf)
c1 discrimination constraints: 44h
c1 coverage constraints: 8v+129h
c1 formula: 46v, 230c (192h+38s)
c1 enumerating rules (maxsat-based)
c1 rule: 'eggs: 0', 'toothed: 0' => 'legs: (5.75..+inf)'
c1 rule: not 'hair: 0', not 'venomous: 0' => 'legs: (5.75..+inf)'
c1 rule: 'backbone: 0', not 'catsize: 0' => 'legs: (5.75..+inf)'
c1 rule: 'backbone: 0', not 'hair: 0' => 'legs: (5.75..+inf)'
c1 rule: 'tail: 0', not 'airborne: 0' => 'legs: (5.75..+inf)'
c1 # of rules: 5
c1 rule time: 0.0022

c2 total rules: 24

c0 computing feature 14
c1 computing class: 0
c1 discrimination constraints: 33h
c1 coverage constraints: 19v+362h
c1 formula: 59v, 455c (415h+40s)
c1 enumerating rules (maxsat-based)
c1 # of rules: 0
c1 rule time: 0.0000

c1 computing class: 1
c1 discrimination constraints: 19h
c1 coverage constraints: 33v+628h
c1 formula: 73v, 707c (667h+40s)
c1 enumerating rules (maxsat-based)
c1 rule: 'breathes: 0', not 'backbone: 0' => 'tail: 1'
c1 # of rules: 1
c1 rule time: 0.0028

c2 total rules: 1

c0 computing feature 15
c1 computing class: 0
c1 discrimination constraints: 5h
c1 coverage constraints: 47v+894h
c1 formula: 87v, 959c (919h+40s)
c1 enumerating rules (maxsat-based)
c1 rule: not 'airborne: 0', not 'predator: 0' => 'domestic: 0'
c1 rule: 'eggs: 0', 'catsize: 0' => 'domestic: 0'
c1 # of rules: 2
c1 rule time: 0.0036

c1 computing class: 1
c1 discrimination constraints: 47h
c1 coverage constraints: 5v+96h
c1 formula: 45v, 203c (163h+40s)
c1 enumerating rules (maxsat-based)
c1 # of rules: 0
c1 rule time: 0.0014

c2 total rules: 2

c0 computing feature 16
c1 computing class: 0
c1 discrimination constraints: 20h
c1 coverage constraints: 32v+609h
c1 formula: 72v, 689c (649h+40s)
c1 enumerating rules (maxsat-based)
c1 rule: 'hair: 0', 'predator: 0', not 'toothed: 0' => 'catsize: 0'
c1 rule: 'milk: 0', not 'toothed: 0', not 'breathes: 0' => 'catsize: 0'
c1 # of rules: 2
c1 rule time: 0.0040

c1 computing class: 1
c1 discrimination constraints: 32h
c1 coverage constraints: 20v+381h
c1 formula: 60v, 473c (433h+40s)
c1 enumerating rules (maxsat-based)
c1 # of rules: 0
c1 rule time: 0.0029

c2 total rules: 2
c3 total time: 0.4293

Rules are saved to ../rules/all/q4_zoo_train1.csv.json