c0 # of samps: 80 (52 weighted)
c0 # of feats: 16 (21 binary)
c0 # of labls: 7
c0 parse time: 0.2874


c0 computing feature 1
c1 computing class: 0
c1 discrimination constraints: 18h
c1 coverage constraints: 34v+715h
c1 formula: 78v, 799c (755h+44s)
c1 enumerating rules (maxsat-based)
c1 rule: not 'feathers: 0' => 'hair: 0'
c1 rule: 'legs: 8' => 'hair: 0'
c1 rule: 'breathes: 0' => 'hair: 0'
c1 rule: 'predator: 0', not 'aquatic: 0' => 'hair: 0'
c1 rule: 'catsize: 0', not 'aquatic: 0' => 'hair: 0'
c1 rule: not 'eggs: 0', not 'toothed: 0' => 'hair: 0'
c1 rule: 'milk: 0', not 'backbone: 0' => 'hair: 0'
c1 rule: 'milk: 0', 'airborne: 0' => 'hair: 0'
c1 rule: not 'airborne: 0', not 'predator: 0' => 'hair: 0'
c1 rule: 'legs: 0', not 'tail: 0' => 'hair: 0'
c1 # of rules: 10
c1 rule time: 0.0050

c1 computing class: 1
c1 discrimination constraints: 34h
c1 coverage constraints: 18v+379h
c1 formula: 62v, 479c (435h+44s)
c1 enumerating rules (maxsat-based)
c1 rule: 'predator: 0', not 'venomous: 0' => 'hair: 1'
c1 rule: 'legs: 2', not 'toothed: 0' => 'hair: 1'
c1 rule: not 'domestic: 0', not 'catsize: 0' => 'hair: 1'
c1 rule: not 'eggs: 0', not 'milk: 0' => 'hair: 1'
c1 rule: 'tail: 0', not 'fins: 0' => 'hair: 1'
c1 rule: 'eggs: 0', 'predator: 0' => 'hair: 1'
c1 rule: 'catsize: 0', not 'milk: 0' => 'hair: 1'
c1 rule: 'legs: 4', not 'milk: 0' => 'hair: 1'
c1 # of rules: 8
c1 rule time: 0.0040

c2 total rules: 18

c0 computing feature 2
c1 computing class: 0
c1 discrimination constraints: 10h
c1 coverage constraints: 42v+883h
c1 formula: 86v, 959c (915h+44s)
c1 enumerating rules (maxsat-based)
c1 rule: not 'fins: 0' => 'feathers: 0'
c1 rule: 'eggs: 0' => 'feathers: 0'
c1 rule: 'legs: 5' => 'feathers: 0'
c1 rule: 'legs: 6' => 'feathers: 0'
c1 rule: 'tail: 0' => 'feathers: 0'
c1 rule: not 'legs: 2' => 'feathers: 0'
c1 # of rules: 6
c1 rule time: 0.0037

c1 computing class: 1
c1 discrimination constraints: 42h
c1 coverage constraints: 10v+211h
c1 formula: 54v, 319c (275h+44s)
c1 enumerating rules (maxsat-based)
c1 rule: 'hair: 0', 'legs: 2' => 'feathers: 1'
c1 # of rules: 1
c1 rule time: 0.0017

c2 total rules: 7

c0 computing feature 3
c1 computing class: 0
c1 discrimination constraints: 34h
c1 coverage constraints: 18v+379h
c1 formula: 62v, 479c (435h+44s)
c1 enumerating rules (maxsat-based)
c1 rule: 'backbone: 0', not 'tail: 0' => 'eggs: 0'
c1 rule: 'breathes: 0', 'fins: 0', not 'tail: 0' => 'eggs: 0'
c1 # of rules: 2
c1 rule time: 0.0021

c1 computing class: 1
c1 discrimination constraints: 18h
c1 coverage constraints: 34v+715h
c1 formula: 78v, 799c (755h+44s)
c1 enumerating rules (maxsat-based)
c1 rule: 'legs: 5' => 'eggs: 1'
c1 rule: 'legs: 6' => 'eggs: 1'
c1 rule: 'hair: 0', 'legs: 4' => 'eggs: 1'
c1 rule: 'catsize: 0', not 'fins: 0' => 'eggs: 1'
c1 rule: 'milk: 0', not 'fins: 0' => 'eggs: 1'
c1 rule: 'milk: 0', 'venomous: 0' => 'eggs: 1'
c1 rule: 'aquatic: 0', 'legs: 0' => 'eggs: 1'
c1 rule: 'toothed: 0', 'legs: 0' => 'eggs: 1'
c1 rule: 'toothed: 0', not 'aquatic: 0' => 'eggs: 1'
c1 # of rules: 9
c1 rule time: 0.0044

c2 total rules: 11

c0 computing feature 4
c1 computing class: 0
c1 discrimination constraints: 17h
c1 coverage constraints: 35v+736h
c1 formula: 79v, 819c (775h+44s)
c1 enumerating rules (maxsat-based)
c1 rule: 'backbone: 0' => 'milk: 0'
c1 # of rules: 1
c1 rule time: 0.0022

c1 computing class: 1
c1 discrimination constraints: 35h
c1 coverage constraints: 17v+358h
c1 formula: 61v, 459c (415h+44s)
c1 enumerating rules (maxsat-based)
c1 # of rules: 0
c1 rule time: 0.0010

c2 total rules: 1

c0 computing feature 5
c1 computing class: 0
c1 discrimination constraints: 13h
c1 coverage constraints: 39v+820h
c1 formula: 83v, 899c (855h+44s)
c1 enumerating rules (maxsat-based)
c1 rule: 'legs: 0' => 'airborne: 0'
c1 rule: 'breathes: 0' => 'airborne: 0'
c1 rule: 'legs: 8' => 'airborne: 0'
c1 rule: 'legs: 4' => 'airborne: 0'
c1 rule: 'legs: 2', 'tail: 0' => 'airborne: 0'
c1 rule: 'feathers: 0', not 'catsize: 0' => 'airborne: 0'
c1 # of rules: 6
c1 rule time: 0.0038

c1 computing class: 1
c1 discrimination constraints: 39h
c1 coverage constraints: 13v+274h
c1 formula: 57v, 379c (335h+44s)
c1 enumerating rules (maxsat-based)
c1 rule: 'hair: 0', not 'domestic: 0' => 'airborne: 1'
c1 rule: not 'feathers: 0', not 'aquatic: 0' => 'airborne: 1'
c1 rule: 'predator: 0', not 'feathers: 0' => 'airborne: 1'
c1 rule: 'aquatic: 0', 'legs: 6', not 'predator: 0' => 'airborne: 1'
c1 # of rules: 4
c1 rule time: 0.0028

c2 total rules: 10

c0 computing feature 6
c1 computing class: 0
c1 discrimination constraints: 21h
c1 coverage constraints: 31v+652h
c1 formula: 75v, 739c (695h+44s)
c1 enumerating rules (maxsat-based)
c1 rule: not 'domestic: 0' => 'aquatic: 0'
c1 rule: 'legs: 6', not 'airborne: 0' => 'aquatic: 0'
c1 rule: 'legs: 6', not 'breathes: 0' => 'aquatic: 0'
c1 rule: 'backbone: 0', not 'breathes: 0' => 'aquatic: 0'
c1 rule: 'legs: 4', 'tail: 0', not 'catsize: 0' => 'aquatic: 0'
c1 rule: 'venomous: 0', 'fins: 0', 'legs: 0' => 'aquatic: 0'
c1 rule: 'fins: 0', 'legs: 0', not 'breathes: 0' => 'aquatic: 0'
c1 rule: 'hair: 0', 'legs: 4', not 'catsize: 0' => 'aquatic: 0'
c1 rule: not 'feathers: 0', not 'predator: 0', not 'catsize: 0' => 'aquatic: 0'
c1 # of rules: 9
c1 rule time: 0.0061

c1 computing class: 1
c1 discrimination constraints: 31h
c1 coverage constraints: 21v+442h
c1 formula: 65v, 539c (495h+44s)
c1 enumerating rules (maxsat-based)
c1 rule: 'legs: 5' => 'aquatic: 1'
c1 rule: not 'fins: 0' => 'aquatic: 1'
c1 rule: 'backbone: 0', 'legs: 4' => 'aquatic: 1'
c1 rule: 'breathes: 0', not 'legs: 0' => 'aquatic: 1'
c1 rule: 'toothed: 0', not 'milk: 0' => 'aquatic: 1'
c1 rule: 'legs: 4', not 'venomous: 0' => 'aquatic: 1'
c1 rule: 'breathes: 0', not 'venomous: 0' => 'aquatic: 1'
c1 rule: 'tail: 0', 'catsize: 0', not 'backbone: 0' => 'aquatic: 1'
c1 # of rules: 8
c1 rule time: 0.0045

c2 total rules: 17

c0 computing feature 7
c1 computing class: 0
c1 discrimination constraints: 32h
c1 coverage constraints: 20v+421h
c1 formula: 64v, 519c (475h+44s)
c1 enumerating rules (maxsat-based)
c1 rule: 'milk: 0', not 'domestic: 0' => 'predator: 0'
c1 rule: 'aquatic: 0', 'toothed: 0', 'legs: 4' => 'predator: 0'
c1 rule: 'catsize: 0', not 'hair: 0', not 'legs: 4' => 'predator: 0'
c1 rule: 'toothed: 0', 'legs: 0', not 'breathes: 0' => 'predator: 0'
c1 rule: 'legs: 2', 'tail: 0', 'domestic: 0' => 'predator: 0'
c1 rule: 'fins: 0', 'legs: 2', not 'toothed: 0', not 'tail: 0' => 'predator: 0'
c1 # of rules: 6
c1 rule time: 0.0009

c1 computing class: 1
c1 discrimination constraints: 20h
c1 coverage constraints: 32v+673h
c1 formula: 76v, 759c (715h+44s)
c1 enumerating rules (maxsat-based)
c1 rule: 'legs: 5' => 'predator: 1'
c1 rule: 'legs: 8' => 'predator: 1'
c1 rule: 'backbone: 0', not 'aquatic: 0' => 'predator: 1'
c1 rule: 'toothed: 0', 'breathes: 0' => 'predator: 1'
c1 rule: not 'fins: 0', not 'catsize: 0' => 'predator: 1'
c1 rule: 'hair: 0', 'aquatic: 0', not 'toothed: 0' => 'predator: 1'
c1 rule: 'tail: 0', not 'legs: 2', not 'catsize: 0' => 'predator: 1'
c1 rule: not 'toothed: 0', not 'legs: 4', not 'domestic: 0' => 'predator: 1'
c1 rule: 'legs: 4', not 'aquatic: 0', not 'tail: 0' => 'predator: 1'
c1 # of rules: 9
c1 rule time: 0.0057

c2 total rules: 15

c0 computing feature 8
c1 computing class: 0
c1 discrimination constraints: 27h
c1 coverage constraints: 25v+526h
c1 formula: 69v, 619c (575h+44s)
c1 enumerating rules (maxsat-based)
c1 rule: 'backbone: 0' => 'toothed: 0'
c1 # of rules: 1
c1 rule time: 0.0020

c1 computing class: 1
c1 discrimination constraints: 25h
c1 coverage constraints: 27v+568h
c1 formula: 71v, 659c (615h+44s)
c1 enumerating rules (maxsat-based)
c1 rule: not 'fins: 0' => 'toothed: 1'
c1 rule: 'tail: 0', not 'backbone: 0' => 'toothed: 1'
c1 rule: 'feathers: 0', 'catsize: 0', not 'backbone: 0' => 'toothed: 1'
c1 # of rules: 3
c1 rule time: 0.0029

c2 total rules: 4

c0 computing feature 9
c1 computing class: 0
c1 discrimination constraints: 39h
c1 coverage constraints: 13v+274h
c1 formula: 57v, 379c (335h+44s)
c1 enumerating rules (maxsat-based)
c1 # of rules: 0
c1 rule time: 0.0010

c1 computing class: 1
c1 discrimination constraints: 13h
c1 coverage constraints: 39v+820h
c1 formula: 83v, 899c (855h+44s)
c1 enumerating rules (maxsat-based)
c1 # of rules: 0
c1 rule time: 0.0017

c2 total rules: 0

c0 computing feature 10
c1 computing class: 0
c1 discrimination constraints: 42h
c1 coverage constraints: 10v+211h
c1 formula: 54v, 319c (275h+44s)
c1 enumerating rules (maxsat-based)
c1 rule: not 'eggs: 0', not 'fins: 0' => 'breathes: 0'
c1 # of rules: 1
c1 rule time: 0.0018

c1 computing class: 1
c1 discrimination constraints: 10h
c1 coverage constraints: 42v+883h
c1 formula: 86v, 959c (915h+44s)
c1 enumerating rules (maxsat-based)
c1 rule: not 'milk: 0' => 'breathes: 1'
c1 rule: 'legs: 4', not 'venomous: 0' => 'breathes: 1'
c1 rule: not 'backbone: 0', not 'legs: 0' => 'breathes: 1'
c1 # of rules: 3
c1 rule time: 0.0032

c2 total rules: 4

c0 computing feature 11
c1 computing class: 0
c1 discrimination constraints: 6h
c1 coverage constraints: 46v+967h
c1 formula: 90v, 1039c (995h+44s)
c1 enumerating rules (maxsat-based)
c1 rule: not 'fins: 0' => 'venomous: 0'
c1 rule: not 'feathers: 0' => 'venomous: 0'
c1 rule: not 'milk: 0' => 'venomous: 0'
c1 rule: not 'catsize: 0' => 'venomous: 0'
c1 rule: 'legs: 5' => 'venomous: 0'
c1 rule: 'legs: 4', not 'tail: 0' => 'venomous: 0'
c1 rule: 'breathes: 0', not 'legs: 0' => 'venomous: 0'
c1 rule: 'predator: 0', 'domestic: 0' => 'venomous: 0'
c1 rule: 'domestic: 0', not 'airborne: 0' => 'venomous: 0'
c1 # of rules: 9
c1 rule time: 0.0051

c1 computing class: 1
c1 discrimination constraints: 46h
c1 coverage constraints: 6v+127h
c1 formula: 50v, 239c (195h+44s)
c1 enumerating rules (maxsat-based)
c1 rule: 'backbone: 0', not 'domestic: 0' => 'venomous: 1'
c1 # of rules: 1
c1 rule time: 0.0016

c2 total rules: 10

c0 computing feature 12
c1 computing class: 0
c1 discrimination constraints: 6h
c1 coverage constraints: 46v+967h
c1 formula: 90v, 1039c (995h+44s)
c1 enumerating rules (maxsat-based)
c1 rule: 'legs: 4' => 'fins: 0'
c1 # of rules: 1
c1 rule time: 0.0027

c1 computing class: 1
c1 discrimination constraints: 46h
c1 coverage constraints: 6v+127h
c1 formula: 50v, 239c (195h+44s)
c1 enumerating rules (maxsat-based)
c1 # of rules: 0
c1 rule time: 0.0007

c2 total rules: 1

c0 computing feature 13
c1 computing class: 0
c1 discrimination constraints: 41h
c1 coverage constraints: 11v+177h
c1 formula: 53v, 281c (239h+42s)
c1 enumerating rules (maxsat-based)
c1 rule: 'hair: 0', not 'milk: 0' => 'legs: 0'
c1 rule: 'breathes: 0', not 'tail: 0' => 'legs: 0'
c1 rule: 'breathes: 0', not 'venomous: 0' => 'legs: 0'
c1 rule: 'aquatic: 0', 'breathes: 0' => 'legs: 0'
c1 rule: 'tail: 0', not 'fins: 0' => 'legs: 0'
c1 rule: 'aquatic: 0', not 'backbone: 0', not 'venomous: 0' => 'legs: 0'
c1 # of rules: 6
c1 rule time: 0.0030

c1 computing class: 2
c1 discrimination constraints: 36h
c1 coverage constraints: 16v+257h
c1 formula: 58v, 356c (314h+42s)
c1 enumerating rules (maxsat-based)
c1 rule: not 'feathers: 0' => 'legs: 2'
c1 rule: not 'airborne: 0', not 'backbone: 0' => 'legs: 2'
c1 rule: 'tail: 0', not 'backbone: 0', not 'domestic: 0' => 'legs: 2'
c1 rule: 'predator: 0', 'tail: 0', not 'milk: 0' => 'legs: 2'
c1 rule: not 'hair: 0', not 'fins: 0', not 'tail: 0' => 'legs: 2'
c1 # of rules: 5
c1 rule time: 0.0027

c1 computing class: 4
c1 discrimination constraints: 36h
c1 coverage constraints: 16v+257h
c1 formula: 58v, 356c (314h+42s)
c1 enumerating rules (maxsat-based)
c1 rule: not 'eggs: 0', not 'milk: 0' => 'legs: 4'
c1 rule: 'feathers: 0', 'toothed: 0', not 'backbone: 0' => 'legs: 4'
c1 rule: 'hair: 0', 'tail: 0', not 'backbone: 0' => 'legs: 4'
c1 rule: 'catsize: 0', not 'hair: 0', not 'predator: 0' => 'legs: 4'
c1 rule: not 'predator: 0', not 'tail: 0', not 'domestic: 0' => 'legs: 4'
c1 rule: 'airborne: 0', not 'tail: 0', not 'domestic: 0' => 'legs: 4'
c1 rule: 'fins: 0', not 'hair: 0', not 'aquatic: 0' => 'legs: 4'
c1 rule: 'aquatic: 0', 'domestic: 0', not 'hair: 0', not 'predator: 0' => 'legs: 4'
c1 rule: 'feathers: 0', not 'eggs: 0', not 'aquatic: 0', not 'breathes: 0' => 'legs: 4'
c1 # of rules: 9
c1 rule time: 0.0048

c1 computing class: 5
c1 discrimination constraints: 51h
c1 coverage constraints: 1v+17h
c1 formula: 43v, 131c (89h+42s)
c1 enumerating rules (maxsat-based)
c1 # of rules: 0
c1 rule time: 0.0010

c1 computing class: 6
c1 discrimination constraints: 46h
c1 coverage constraints: 6v+97h
c1 formula: 48v, 206c (164h+42s)
c1 enumerating rules (maxsat-based)
c1 rule: not 'hair: 0', not 'venomous: 0' => 'legs: 6'
c1 rule: 'milk: 0', not 'hair: 0' => 'legs: 6'
c1 rule: 'tail: 0', not 'airborne: 0' => 'legs: 6'
c1 # of rules: 3
c1 rule time: 0.0018

c1 computing class: 8
c1 discrimination constraints: 50h
c1 coverage constraints: 2v+33h
c1 formula: 44v, 146c (104h+42s)
c1 enumerating rules (maxsat-based)
c1 rule: 'eggs: 0', 'toothed: 0' => 'legs: 8'
c1 rule: 'backbone: 0', not 'catsize: 0' => 'legs: 8'
c1 # of rules: 2
c1 rule time: 0.0014

c2 total rules: 25

c0 computing feature 14
c1 computing class: 0
c1 discrimination constraints: 33h
c1 coverage constraints: 19v+400h
c1 formula: 63v, 499c (455h+44s)
c1 enumerating rules (maxsat-based)
c1 # of rules: 0
c1 rule time: 0.0023

c1 computing class: 1
c1 discrimination constraints: 19h
c1 coverage constraints: 33v+694h
c1 formula: 77v, 779c (735h+44s)
c1 enumerating rules (maxsat-based)
c1 rule: 'hair: 0', 'eggs: 0' => 'tail: 1'
c1 # of rules: 1
c1 rule time: 0.0033

c2 total rules: 1

c0 computing feature 15
c1 computing class: 0
c1 discrimination constraints: 5h
c1 coverage constraints: 47v+988h
c1 formula: 91v, 1059c (1015h+44s)
c1 enumerating rules (maxsat-based)
c1 rule: 'catsize: 0', not 'toothed: 0' => 'domestic: 0'
c1 # of rules: 1
c1 rule time: 0.0036

c1 computing class: 1
c1 discrimination constraints: 47h
c1 coverage constraints: 5v+106h
c1 formula: 49v, 219c (175h+44s)
c1 enumerating rules (maxsat-based)
c1 # of rules: 0
c1 rule time: 0.0014

c2 total rules: 1

c0 computing feature 16
c1 computing class: 0
c1 discrimination constraints: 20h
c1 coverage constraints: 32v+673h
c1 formula: 76v, 759c (715h+44s)
c1 enumerating rules (maxsat-based)
c1 rule: 'fins: 0', 'legs: 0' => 'catsize: 0'
c1 rule: 'legs: 4', not 'eggs: 0', not 'toothed: 0' => 'catsize: 0'
c1 # of rules: 2
c1 rule time: 0.0040

c1 computing class: 1
c1 discrimination constraints: 32h
c1 coverage constraints: 20v+421h
c1 formula: 64v, 519c (475h+44s)
c1 enumerating rules (maxsat-based)
c1 rule: 'legs: 8', 'tail: 0' => 'catsize: 1'
c1 # of rules: 1
c1 rule time: 0.0029

c2 total rules: 3
c3 total time: 0.4111

Rules are saved to ../rules/size/q6_zoo_train1.csv_size5.json