c0 # of samps: 130 (111 weighted)
c0 # of feats: 9 (33 binary)
c0 # of labls: 2
c0 parse time: 0.2927


c0 computing feature 1
c1 computing class: (-inf..1.52]
c1 discrimination constraints: 23h
c1 coverage constraints: 86v+2839h
c1 formula: 154v, 2964c (2896h+68s)
c1 enumerating rules (maxsat-based)
c1 rule: 'Magnesium: (3.33..3.53]' => 'Refractive Index: (-inf..1.52]'
c1 rule: 'Silicon: (72.66..73.02]' => 'Refractive Index: (-inf..1.52]'
c1 rule: 'Calcium: (8.24..8.64]' => 'Refractive Index: (-inf..1.52]'
c1 rule: 'Calcium: (-inf..8.24]' => 'Refractive Index: (-inf..1.52]'
c1 rule: 'Barium: (0.09..0.14]' => 'Refractive Index: (-inf..1.52]'
c1 rule: not 'Potassium: (0.48..0.61]', not 'Barium: (-inf..0.09]' => 'Refractive Index: (-inf..1.52]'
c1 rule: 'Sodium: (-inf..12.81]', not 'Magnesium: (-inf..3.33]' => 'Refractive Index: (-inf..1.52]'
c1 rule: 'Iron: (0.19..0.28]', not 'Magnesium: (-inf..3.33]' => 'Refractive Index: (-inf..1.52]'
c1 rule: 'Iron: (0.19..0.28]', not 'Silicon: (-inf..72.15]' => 'Refractive Index: (-inf..1.52]'
c1 rule: 'Aluminum: (1.28..1.54]', not 'Magnesium: (-inf..3.33]' => 'Refractive Index: (-inf..1.52]'
c1 rule: 'Magnesium: (3.53..3.73]', not 'Aluminum: (-inf..1.02]' => 'Refractive Index: (-inf..1.52]'
c1 rule: 'Sodium: (12.81..13.22]', 'Magnesium: (-inf..3.33]' => 'Refractive Index: (-inf..1.52]'
c1 rule: 'Silicon: (73.02..+inf)', not 'Sodium: (-inf..12.81]' => 'Refractive Index: (-inf..1.52]'
c1 # of rules: 13
c1 rule time: 0.0136

c1 computing class: (1.52..+inf)
c1 discrimination constraints: 86h
c1 coverage constraints: 23v+760h
c1 formula: 91v, 948c (880h+68s)
c1 enumerating rules (maxsat-based)
c1 rule: 'Magnesium: (3.73..+inf)', 'Calcium: (9.27..+inf)' => 'Refractive Index: (1.52..+inf)'
c1 rule: 'Magnesium: (3.73..+inf)', 'Potassium: (0.16..0.48]' => 'Refractive Index: (1.52..+inf)'
c1 rule: 'Silicon: (-inf..72.15]', 'Potassium: (0.16..0.48]' => 'Refractive Index: (1.52..+inf)'
c1 rule: 'Silicon: (-inf..72.15]', 'Calcium: (9.27..+inf)' => 'Refractive Index: (1.52..+inf)'
c1 rule: 'Calcium: (9.27..+inf)', not 'Silicon: (73.02..+inf)' => 'Refractive Index: (1.52..+inf)'
c1 rule: 'Sodium: (-inf..12.81]', 'Potassium: (-inf..0.16]' => 'Refractive Index: (1.52..+inf)'
c1 rule: 'Magnesium: (3.73..+inf)', 'Potassium: (-inf..0.16]', not 'Aluminum: (-inf..1.02]' => 'Refractive Index: (1.52..+inf)'
c1 # of rules: 7
c1 rule time: 0.0065

c2 total rules: 20

c0 computing feature 2
c1 computing class: (-inf..12.81]
c1 discrimination constraints: 84h
c1 coverage constraints: 25v+751h
c1 formula: 91v, 934c (868h+66s)
c1 enumerating rules (maxsat-based)
c1 rule: 'Silicon: (73.02..+inf)', not 'Refractive Index: (-inf..1.52]' => 'Sodium: (-inf..12.81]'
c1 rule: 'Silicon: (73.02..+inf)', 'Calcium: (8.64..9.27]' => 'Sodium: (-inf..12.81]'
c1 rule: 'Aluminum: (1.54..+inf)', 'Calcium: (8.64..9.27]' => 'Sodium: (-inf..12.81]'
c1 rule: 'Potassium: (0.61..+inf)', not 'Refractive Index: (-inf..1.52]' => 'Sodium: (-inf..12.81]'
c1 rule: 'Barium: (0.27..+inf)', not 'Refractive Index: (-inf..1.52]' => 'Sodium: (-inf..12.81]'
c1 rule: 'Potassium: (0.16..0.48]', 'Iron: (0.19..0.28]' => 'Sodium: (-inf..12.81]'
c1 rule: 'Magnesium: (-inf..3.33]', 'Iron: (0.19..0.28]' => 'Sodium: (-inf..12.81]'
c1 rule: 'Magnesium: (-inf..3.33]', 'Silicon: (73.02..+inf)', not 'Calcium: (9.27..+inf)' => 'Sodium: (-inf..12.81]'
c1 rule: 'Aluminum: (1.28..1.54]', 'Potassium: (0.61..+inf)', 'Calcium: (8.24..8.64]' => 'Sodium: (-inf..12.81]'
c1 rule: 'Silicon: (73.02..+inf)', 'Iron: (0.19..0.28]', not 'Aluminum: (1.28..1.54]' => 'Sodium: (-inf..12.81]'
c1 rule: 'Magnesium: (3.33..3.53]', 'Iron: (0.28..+inf)', not 'Calcium: (8.24..8.64]' => 'Sodium: (-inf..12.81]'
c1 rule: 'Magnesium: (3.53..3.73]', 'Calcium: (8.64..9.27]', not 'Silicon: (72.15..72.66]', not 'Potassium: (-inf..0.16]' => 'Sodium: (-inf..12.81]'
c1 rule: 'Magnesium: (3.53..3.73]', 'Silicon: (73.02..+inf)', not 'Calcium: (-inf..8.24]', not 'Iron: (0.11..0.19]' => 'Sodium: (-inf..12.81]'
c1 rule: 'Aluminum: (1.54..+inf)', 'Silicon: (73.02..+inf)', not 'Magnesium: (3.53..3.73]', not 'Iron: (0.11..0.19]' => 'Sodium: (-inf..12.81]'
c1 rule: 'Silicon: (73.02..+inf)', 'Potassium: (0.48..0.61]', not 'Aluminum: (1.02..1.28]', not 'Calcium: (-inf..8.24]' => 'Sodium: (-inf..12.81]'
c1 rule: 'Magnesium: (3.33..3.53]', 'Silicon: (73.02..+inf)', 'Potassium: (0.61..+inf)', not 'Iron: (0.19..0.28]' => 'Sodium: (-inf..12.81]'
c1 rule: 'Magnesium: (3.53..3.73]', 'Aluminum: (1.02..1.28]', 'Potassium: (0.48..0.61]', not 'Silicon: (73.02..+inf)', not 'Iron: (0.11..0.19]' => 'Sodium: (-inf..12.81]'
c1 # of rules: 17
c1 rule time: 0.0188

c1 computing class: (12.81..13.22]
c1 discrimination constraints: 73h
c1 coverage constraints: 36v+1081h
c1 formula: 102v, 1253c (1187h+66s)
c1 enumerating rules (maxsat-based)
c1 rule: 'Magnesium: (3.73..+inf)', 'Silicon: (73.02..+inf)' => 'Sodium: (12.81..13.22]'
c1 rule: 'Magnesium: (3.73..+inf)', 'Iron: (0.19..0.28]' => 'Sodium: (12.81..13.22]'
c1 rule: 'Silicon: (73.02..+inf)', 'Iron: (0.11..0.19]' => 'Sodium: (12.81..13.22]'
c1 rule: 'Magnesium: (3.33..3.53]', 'Iron: (0.11..0.19]' => 'Sodium: (12.81..13.22]'
c1 rule: 'Calcium: (8.64..9.27]', 'Iron: (0.11..0.19]' => 'Sodium: (12.81..13.22]'
c1 rule: 'Silicon: (72.66..73.02]', 'Iron: (0.11..0.19]' => 'Sodium: (12.81..13.22]'
c1 rule: 'Calcium: (8.24..8.64]', 'Iron: (0.11..0.19]' => 'Sodium: (12.81..13.22]'
c1 rule: 'Aluminum: (1.54..+inf)', 'Calcium: (8.24..8.64]' => 'Sodium: (12.81..13.22]'
c1 rule: 'Potassium: (0.16..0.48]', 'Calcium: (8.24..8.64]' => 'Sodium: (12.81..13.22]'
c1 rule: 'Calcium: (8.24..8.64]', 'Iron: (0.19..0.28]' => 'Sodium: (12.81..13.22]'
c1 rule: 'Magnesium: (3.53..3.73]', 'Iron: (0.28..+inf)' => 'Sodium: (12.81..13.22]'
c1 rule: 'Potassium: (0.61..+inf)', 'Calcium: (8.24..8.64]', not 'Magnesium: (3.53..3.73]' => 'Sodium: (12.81..13.22]'
c1 rule: 'Silicon: (72.15..72.66]', 'Calcium: (8.24..8.64]', not 'Aluminum: (1.28..1.54]' => 'Sodium: (12.81..13.22]'
c1 rule: 'Magnesium: (3.53..3.73]', 'Silicon: (72.15..72.66]', 'Potassium: (0.48..0.61]' => 'Sodium: (12.81..13.22]'
c1 rule: 'Magnesium: (3.53..3.73]', 'Silicon: (73.02..+inf)', not 'Potassium: (0.48..0.61]' => 'Sodium: (12.81..13.22]'
c1 rule: 'Magnesium: (-inf..3.33]', 'Silicon: (72.15..72.66]', 'Calcium: (8.64..9.27]' => 'Sodium: (12.81..13.22]'
c1 rule: 'Magnesium: (3.53..3.73]', 'Potassium: (0.16..0.48]', not 'Aluminum: (1.28..1.54]' => 'Sodium: (12.81..13.22]'
c1 rule: 'Aluminum: (1.54..+inf)', 'Silicon: (72.15..72.66]', not 'Magnesium: (-inf..3.33]' => 'Sodium: (12.81..13.22]'
c1 rule: 'Magnesium: (3.33..3.53]', 'Aluminum: (1.54..+inf)', not 'Silicon: (73.02..+inf)' => 'Sodium: (12.81..13.22]'
c1 rule: 'Calcium: (-inf..8.24]', 'Iron: (0.19..0.28]', not 'Aluminum: (1.54..+inf)' => 'Sodium: (12.81..13.22]'
c1 rule: 'Magnesium: (-inf..3.33]', 'Aluminum: (1.28..1.54]', 'Silicon: (72.66..73.02]' => 'Sodium: (12.81..13.22]'
c1 rule: 'Magnesium: (3.33..3.53]', 'Silicon: (72.66..73.02]', 'Calcium: (-inf..8.24]' => 'Sodium: (12.81..13.22]'
c1 rule: 'Silicon: (72.66..73.02]', 'Calcium: (8.24..8.64]', not 'Magnesium: (3.33..3.53]', not 'Aluminum: (1.02..1.28]', not 'Potassium: (0.61..+inf)' => 'Sodium: (12.81..13.22]'
c1 # of rules: 23
c1 rule time: 0.0214

c1 computing class: (13.22..13.63]
c1 discrimination constraints: 87h
c1 coverage constraints: 22v+661h
c1 formula: 88v, 847c (781h+66s)
c1 enumerating rules (maxsat-based)
c1 rule: 'Potassium: (0.48..0.61]', 'Barium: (0.14..0.27]' => 'Sodium: (13.22..13.63]'
c1 rule: 'Magnesium: (3.73..+inf)', 'Silicon: (72.66..73.02]' => 'Sodium: (13.22..13.63]'
c1 rule: 'Magnesium: (3.73..+inf)', 'Aluminum: (1.28..1.54]' => 'Sodium: (13.22..13.63]'
c1 rule: 'Silicon: (72.66..73.02]', 'Potassium: (0.16..0.48]' => 'Sodium: (13.22..13.63]'
c1 rule: 'Aluminum: (1.02..1.28]', 'Calcium: (-inf..8.24]' => 'Sodium: (13.22..13.63]'
c1 rule: 'Aluminum: (1.28..1.54]', 'Silicon: (72.15..72.66]', 'Potassium: (0.61..+inf)' => 'Sodium: (13.22..13.63]'
c1 rule: 'Magnesium: (3.33..3.53]', 'Silicon: (72.15..72.66]', 'Calcium: (8.64..9.27]' => 'Sodium: (13.22..13.63]'
c1 rule: 'Magnesium: (3.33..3.53]', 'Silicon: (-inf..72.15]', not 'Barium: (0.09..0.14]' => 'Sodium: (13.22..13.63]'
c1 rule: 'Aluminum: (1.02..1.28]', 'Silicon: (72.15..72.66]', 'Potassium: (-inf..0.16]' => 'Sodium: (13.22..13.63]'
c1 rule: 'Aluminum: (1.54..+inf)', 'Potassium: (0.48..0.61]', 'Calcium: (-inf..8.24]' => 'Sodium: (13.22..13.63]'
c1 rule: 'Silicon: (73.02..+inf)', 'Calcium: (-inf..8.24]', not 'Potassium: (0.61..+inf)' => 'Sodium: (13.22..13.63]'
c1 # of rules: 11
c1 rule time: 0.0117

c1 computing class: (13.63..+inf)
c1 discrimination constraints: 83h
c1 coverage constraints: 26v+781h
c1 formula: 92v, 963c (897h+66s)
c1 enumerating rules (maxsat-based)
c1 rule: not 'Refractive Index: (-inf..1.52]', not 'Calcium: (9.27..+inf)' => 'Sodium: (13.63..+inf)'
c1 rule: 'Aluminum: (1.02..1.28]', not 'Refractive Index: (-inf..1.52]' => 'Sodium: (13.63..+inf)'
c1 rule: not 'Potassium: (0.48..0.61]', not 'Barium: (-inf..0.09]' => 'Sodium: (13.63..+inf)'
c1 rule: 'Iron: (-inf..0.11]', not 'Barium: (-inf..0.09]' => 'Sodium: (13.63..+inf)'
c1 rule: 'Aluminum: (1.28..1.54]', 'Calcium: (9.27..+inf)' => 'Sodium: (13.63..+inf)'
c1 rule: 'Potassium: (0.48..0.61]', 'Iron: (0.28..+inf)' => 'Sodium: (13.63..+inf)'
c1 rule: 'Silicon: (-inf..72.15]', 'Calcium: (8.24..8.64]' => 'Sodium: (13.63..+inf)'
c1 rule: 'Silicon: (-inf..72.15]', 'Calcium: (-inf..8.24]' => 'Sodium: (13.63..+inf)'
c1 rule: 'Aluminum: (1.54..+inf)', 'Potassium: (0.16..0.48]' => 'Sodium: (13.63..+inf)'
c1 rule: 'Aluminum: (-inf..1.02]', not 'Calcium: (9.27..+inf)' => 'Sodium: (13.63..+inf)'
c1 rule: 'Silicon: (72.66..73.02]', 'Potassium: (-inf..0.16]' => 'Sodium: (13.63..+inf)'
c1 rule: 'Silicon: (-inf..72.15]', 'Iron: (0.11..0.19]' => 'Sodium: (13.63..+inf)'
c1 rule: 'Silicon: (-inf..72.15]', 'Calcium: (8.64..9.27]', not 'Magnesium: (3.33..3.53]' => 'Sodium: (13.63..+inf)'
c1 rule: 'Refractive Index: (-inf..1.52]', 'Calcium: (9.27..+inf)', 'Iron: (-inf..0.11]' => 'Sodium: (13.63..+inf)'
c1 rule: 'Magnesium: (-inf..3.33]', 'Aluminum: (1.54..+inf)', 'Calcium: (-inf..8.24]' => 'Sodium: (13.63..+inf)'
c1 # of rules: 15
c1 rule time: 0.0107

c2 total rules: 66

c0 computing feature 3
c1 computing class: (-inf..3.33]
c1 discrimination constraints: 86h
c1 coverage constraints: 23v+691h
c1 formula: 89v, 876c (810h+66s)
c1 enumerating rules (maxsat-based)
c1 rule: 'Sodium: (-inf..12.81]', 'Silicon: (72.15..72.66]' => 'Magnesium: (-inf..3.33]'
c1 rule: 'Sodium: (-inf..12.81]', 'Silicon: (-inf..72.15]' => 'Magnesium: (-inf..3.33]'
c1 rule: 'Aluminum: (1.54..+inf)', 'Calcium: (8.64..9.27]' => 'Magnesium: (-inf..3.33]'
c1 rule: 'Sodium: (-inf..12.81]', 'Potassium: (-inf..0.16]' => 'Magnesium: (-inf..3.33]'
c1 rule: 'Sodium: (-inf..12.81]', 'Aluminum: (-inf..1.02]' => 'Magnesium: (-inf..3.33]'
c1 rule: 'Sodium: (-inf..12.81]', not 'Barium: (-inf..0.09]' => 'Magnesium: (-inf..3.33]'
c1 rule: 'Refractive Index: (-inf..1.52]', 'Calcium: (9.27..+inf)' => 'Magnesium: (-inf..3.33]'
c1 rule: 'Calcium: (9.27..+inf)', not 'Aluminum: (-inf..1.02]' => 'Magnesium: (-inf..3.33]'
c1 rule: 'Sodium: (13.22..13.63]', 'Silicon: (72.66..73.02]', 'Calcium: (8.64..9.27]' => 'Magnesium: (-inf..3.33]'
c1 rule: 'Sodium: (13.63..+inf)', not 'Silicon: (-inf..72.15]', not 'Potassium: (-inf..0.16]' => 'Magnesium: (-inf..3.33]'
c1 rule: 'Silicon: (73.02..+inf)', 'Calcium: (8.64..9.27]', not 'Iron: (-inf..0.11]' => 'Magnesium: (-inf..3.33]'
c1 rule: 'Sodium: (12.81..13.22]', 'Silicon: (72.66..73.02]', 'Calcium: (8.64..9.27]', not 'Iron: (0.11..0.19]' => 'Magnesium: (-inf..3.33]'
c1 rule: 'Sodium: (12.81..13.22]', 'Calcium: (8.64..9.27]', 'Iron: (-inf..0.11]', not 'Aluminum: (1.28..1.54]' => 'Magnesium: (-inf..3.33]'
c1 # of rules: 13
c1 rule time: 0.0098

c1 computing class: (3.33..3.53]
c1 discrimination constraints: 79h
c1 coverage constraints: 30v+901h
c1 formula: 96v, 1079c (1013h+66s)
c1 enumerating rules (maxsat-based)
c1 rule: 'Silicon: (72.66..73.02]', 'Iron: (0.28..+inf)' => 'Magnesium: (3.33..3.53]'
c1 rule: 'Calcium: (8.24..8.64]', 'Iron: (0.19..0.28]' => 'Magnesium: (3.33..3.53]'
c1 rule: 'Barium: (0.09..0.14]', not 'Sodium: (-inf..12.81]' => 'Magnesium: (3.33..3.53]'
c1 rule: 'Potassium: (0.16..0.48]', 'Calcium: (8.24..8.64]' => 'Magnesium: (3.33..3.53]'
c1 rule: 'Sodium: (13.22..13.63]', 'Calcium: (8.64..9.27]', not 'Aluminum: (1.02..1.28]' => 'Magnesium: (3.33..3.53]'
c1 rule: 'Aluminum: (1.28..1.54]', not 'Potassium: (0.48..0.61]', not 'Iron: (-inf..0.11]' => 'Magnesium: (3.33..3.53]'
c1 rule: 'Calcium: (8.24..8.64]', not 'Silicon: (72.66..73.02]', not 'Potassium: (0.48..0.61]' => 'Magnesium: (3.33..3.53]'
c1 rule: 'Silicon: (73.02..+inf)', 'Calcium: (-inf..8.24]', not 'Iron: (-inf..0.11]' => 'Magnesium: (3.33..3.53]'
c1 rule: 'Sodium: (-inf..12.81]', 'Aluminum: (1.54..+inf)', 'Silicon: (73.02..+inf)' => 'Magnesium: (3.33..3.53]'
c1 rule: 'Silicon: (72.66..73.02]', 'Iron: (0.11..0.19]', not 'Calcium: (8.24..8.64]' => 'Magnesium: (3.33..3.53]'
c1 rule: 'Sodium: (13.22..13.63]', 'Silicon: (72.66..73.02]', 'Calcium: (8.24..8.64]' => 'Magnesium: (3.33..3.53]'
c1 rule: 'Sodium: (13.22..13.63]', 'Silicon: (73.02..+inf)', not 'Aluminum: (1.02..1.28]' => 'Magnesium: (3.33..3.53]'
c1 rule: 'Silicon: (-inf..72.15]', not 'Sodium: (13.63..+inf)', not 'Calcium: (9.27..+inf)' => 'Magnesium: (3.33..3.53]'
c1 rule: 'Aluminum: (1.02..1.28]', 'Potassium: (0.61..+inf)', 'Iron: (-inf..0.11]', not 'Silicon: (72.66..73.02]' => 'Magnesium: (3.33..3.53]'
c1 rule: 'Sodium: (12.81..13.22]', 'Silicon: (73.02..+inf)', 'Iron: (-inf..0.11]', not 'Potassium: (0.61..+inf)' => 'Magnesium: (3.33..3.53]'
c1 rule: 'Sodium: (12.81..13.22]', 'Silicon: (72.66..73.02]', not 'Potassium: (0.48..0.61]', not 'Iron: (0.19..0.28]' => 'Magnesium: (3.33..3.53]'
c1 rule: 'Sodium: (12.81..13.22]', 'Aluminum: (1.28..1.54]', 'Calcium: (8.24..8.64]', not 'Silicon: (72.66..73.02]' => 'Magnesium: (3.33..3.53]'
c1 rule: 'Sodium: (12.81..13.22]', 'Silicon: (72.15..72.66]', 'Iron: (-inf..0.11]', not 'Potassium: (0.48..0.61]' => 'Magnesium: (3.33..3.53]'
c1 rule: 'Silicon: (72.15..72.66]', 'Calcium: (8.64..9.27]', not 'Sodium: (12.81..13.22]', not 'Potassium: (-inf..0.16]' => 'Magnesium: (3.33..3.53]'
c1 rule: 'Aluminum: (1.28..1.54]', 'Silicon: (72.66..73.02]', 'Potassium: (0.48..0.61]', 'Calcium: (8.24..8.64]', not 'Sodium: (12.81..13.22]' => 'Magnesium: (3.33..3.53]'
c1 rule: 'Sodium: (12.81..13.22]', 'Aluminum: (1.02..1.28]', 'Iron: (-inf..0.11]', not 'Silicon: (72.15..72.66]', not 'Calcium: (8.64..9.27]' => 'Magnesium: (3.33..3.53]'
c1 # of rules: 21
c1 rule time: 0.0214

c1 computing class: (3.53..3.73]
c1 discrimination constraints: 69h
c1 coverage constraints: 40v+1201h
c1 formula: 106v, 1369c (1303h+66s)
c1 enumerating rules (maxsat-based)
c1 rule: not 'Potassium: (0.48..0.61]', not 'Barium: (-inf..0.09]' => 'Magnesium: (3.53..3.73]'
c1 rule: 'Silicon: (-inf..72.15]', 'Potassium: (0.61..+inf)' => 'Magnesium: (3.53..3.73]'
c1 rule: 'Silicon: (-inf..72.15]', 'Calcium: (-inf..8.24]' => 'Magnesium: (3.53..3.73]'
c1 rule: 'Potassium: (0.16..0.48]', 'Calcium: (-inf..8.24]' => 'Magnesium: (3.53..3.73]'
c1 rule: 'Aluminum: (-inf..1.02]', 'Silicon: (72.66..73.02]' => 'Magnesium: (3.53..3.73]'
c1 rule: 'Aluminum: (-inf..1.02]', 'Silicon: (72.15..72.66]' => 'Magnesium: (3.53..3.73]'
c1 rule: 'Silicon: (72.15..72.66]', 'Potassium: (-inf..0.16]' => 'Magnesium: (3.53..3.73]'
c1 rule: 'Sodium: (13.63..+inf)', 'Silicon: (72.66..73.02]' => 'Magnesium: (3.53..3.73]'
c1 rule: 'Potassium: (0.61..+inf)', 'Iron: (0.11..0.19]' => 'Magnesium: (3.53..3.73]'
c1 rule: 'Sodium: (13.22..13.63]', 'Potassium: (-inf..0.16]' => 'Magnesium: (3.53..3.73]'
c1 rule: 'Aluminum: (-inf..1.02]', 'Iron: (0.11..0.19]' => 'Magnesium: (3.53..3.73]'
c1 rule: 'Silicon: (72.66..73.02]', not 'Aluminum: (1.02..1.28]', not 'Iron: (-inf..0.11]' => 'Magnesium: (3.53..3.73]'
c1 rule: 'Aluminum: (1.28..1.54]', 'Silicon: (72.15..72.66]', 'Calcium: (8.64..9.27]' => 'Magnesium: (3.53..3.73]'
c1 rule: 'Silicon: (72.15..72.66]', 'Calcium: (8.64..9.27]', 'Iron: (0.28..+inf)' => 'Magnesium: (3.53..3.73]'
c1 rule: 'Calcium: (8.24..8.64]', not 'Sodium: (12.81..13.22]', not 'Potassium: (0.48..0.61]' => 'Magnesium: (3.53..3.73]'
c1 rule: 'Aluminum: (1.02..1.28]', 'Calcium: (-inf..8.24]', not 'Potassium: (0.48..0.61]' => 'Magnesium: (3.53..3.73]'
c1 rule: 'Sodium: (13.22..13.63]', 'Silicon: (72.66..73.02]', not 'Aluminum: (1.02..1.28]' => 'Magnesium: (3.53..3.73]'
c1 rule: 'Refractive Index: (-inf..1.52]', 'Aluminum: (1.02..1.28]', 'Potassium: (-inf..0.16]' => 'Magnesium: (3.53..3.73]'
c1 rule: 'Aluminum: (1.02..1.28]', 'Silicon: (73.02..+inf)', 'Calcium: (-inf..8.24]' => 'Magnesium: (3.53..3.73]'
c1 rule: 'Silicon: (72.66..73.02]', 'Iron: (0.11..0.19]', not 'Calcium: (8.64..9.27]' => 'Magnesium: (3.53..3.73]'
c1 rule: 'Aluminum: (1.54..+inf)', 'Iron: (-inf..0.11]', not 'Potassium: (0.61..+inf)' => 'Magnesium: (3.53..3.73]'
c1 rule: 'Sodium: (13.63..+inf)', 'Calcium: (8.24..8.64]', 'Iron: (-inf..0.11]' => 'Magnesium: (3.53..3.73]'
c1 rule: 'Aluminum: (1.28..1.54]', 'Silicon: (72.66..73.02]', 'Calcium: (8.64..9.27]', not 'Sodium: (12.81..13.22]' => 'Magnesium: (3.53..3.73]'
c1 rule: 'Sodium: (-inf..12.81]', 'Silicon: (72.66..73.02]', not 'Aluminum: (1.28..1.54]', not 'Potassium: (0.61..+inf)' => 'Magnesium: (3.53..3.73]'
c1 rule: 'Sodium: (-inf..12.81]', 'Potassium: (0.48..0.61]', 'Barium: (-inf..0.09]', not 'Calcium: (8.24..8.64]' => 'Magnesium: (3.53..3.73]'
c1 rule: 'Sodium: (12.81..13.22]', 'Silicon: (73.02..+inf)', not 'Aluminum: (1.28..1.54]', not 'Calcium: (8.24..8.64]' => 'Magnesium: (3.53..3.73]'
c1 rule: 'Sodium: (12.81..13.22]', 'Silicon: (73.02..+inf)', not 'Calcium: (8.24..8.64]', not 'Iron: (0.19..0.28]' => 'Magnesium: (3.53..3.73]'
c1 rule: 'Calcium: (-inf..8.24]', not 'Sodium: (13.22..13.63]', not 'Silicon: (72.66..73.02]', not 'Potassium: (0.61..+inf)' => 'Magnesium: (3.53..3.73]'
c1 # of rules: 28
c1 rule time: 0.0285

c1 computing class: (3.73..+inf)
c1 discrimination constraints: 93h
c1 coverage constraints: 16v+481h
c1 formula: 82v, 673c (607h+66s)
c1 enumerating rules (maxsat-based)
c1 rule: 'Aluminum: (-inf..1.02]', 'Iron: (0.28..+inf)' => 'Magnesium: (3.73..+inf)'
c1 rule: 'Silicon: (-inf..72.15]', 'Iron: (0.28..+inf)' => 'Magnesium: (3.73..+inf)'
c1 rule: 'Sodium: (12.81..13.22]', 'Silicon: (-inf..72.15]' => 'Magnesium: (3.73..+inf)'
c1 rule: not 'Refractive Index: (-inf..1.52]', not 'Calcium: (9.27..+inf)' => 'Magnesium: (3.73..+inf)'
c1 rule: 'Potassium: (0.16..0.48]', 'Iron: (-inf..0.11]', not 'Aluminum: (1.28..1.54]' => 'Magnesium: (3.73..+inf)'
c1 rule: 'Sodium: (13.22..13.63]', 'Barium: (-inf..0.09]', not 'Iron: (-inf..0.11]' => 'Magnesium: (3.73..+inf)'
c1 rule: 'Aluminum: (1.02..1.28]', 'Silicon: (72.15..72.66]', not 'Calcium: (8.64..9.27]' => 'Magnesium: (3.73..+inf)'
c1 rule: 'Aluminum: (-inf..1.02]', 'Silicon: (-inf..72.15]', not 'Calcium: (9.27..+inf)' => 'Magnesium: (3.73..+inf)'
c1 rule: 'Silicon: (72.15..72.66]', 'Iron: (0.19..0.28]', not 'Potassium: (-inf..0.16]' => 'Magnesium: (3.73..+inf)'
c1 rule: 'Aluminum: (1.02..1.28]', 'Potassium: (0.48..0.61]', 'Calcium: (-inf..8.24]', not 'Silicon: (73.02..+inf)' => 'Magnesium: (3.73..+inf)'
c1 # of rules: 10
c1 rule time: 0.0094

c2 total rules: 72

c0 computing feature 4
c1 computing class: (-inf..1.02]
c1 discrimination constraints: 90h
c1 coverage constraints: 19v+571h
c1 formula: 85v, 760c (694h+66s)
c1 enumerating rules (maxsat-based)
c1 rule: 'Refractive Index: (-inf..1.52]', 'Barium: (0.14..0.27]' => 'Aluminum: (-inf..1.02]'
c1 rule: 'Silicon: (73.02..+inf)', not 'Refractive Index: (-inf..1.52]' => 'Aluminum: (-inf..1.02]'
c1 rule: 'Refractive Index: (-inf..1.52]', 'Calcium: (9.27..+inf)' => 'Aluminum: (-inf..1.02]'
c1 rule: 'Sodium: (12.81..13.22]', not 'Refractive Index: (-inf..1.52]' => 'Aluminum: (-inf..1.02]'
c1 rule: 'Calcium: (9.27..+inf)', not 'Magnesium: (-inf..3.33]' => 'Aluminum: (-inf..1.02]'
c1 rule: 'Potassium: (0.16..0.48]', 'Calcium: (8.64..9.27]' => 'Aluminum: (-inf..1.02]'
c1 rule: 'Sodium: (-inf..12.81]', 'Potassium: (-inf..0.16]' => 'Aluminum: (-inf..1.02]'
c1 rule: 'Silicon: (72.66..73.02]', 'Potassium: (-inf..0.16]', not 'Calcium: (8.24..8.64]' => 'Aluminum: (-inf..1.02]'
c1 rule: 'Refractive Index: (-inf..1.52]', 'Magnesium: (3.73..+inf)', 'Potassium: (-inf..0.16]' => 'Aluminum: (-inf..1.02]'
c1 # of rules: 9
c1 rule time: 0.0071

c1 computing class: (1.02..1.28]
c1 discrimination constraints: 73h
c1 coverage constraints: 36v+1081h
c1 formula: 102v, 1253c (1187h+66s)
c1 enumerating rules (maxsat-based)
c1 rule: 'Potassium: (0.61..+inf)', 'Iron: (0.11..0.19]' => 'Aluminum: (1.02..1.28]'
c1 rule: 'Calcium: (8.64..9.27]', 'Iron: (0.11..0.19]' => 'Aluminum: (1.02..1.28]'
c1 rule: 'Magnesium: (3.73..+inf)', 'Silicon: (72.66..73.02]' => 'Aluminum: (1.02..1.28]'
c1 rule: 'Magnesium: (3.33..3.53]', 'Iron: (0.28..+inf)' => 'Aluminum: (1.02..1.28]'
c1 rule: 'Magnesium: (3.53..3.73]', 'Iron: (0.28..+inf)' => 'Aluminum: (1.02..1.28]'
c1 rule: 'Potassium: (0.48..0.61]', 'Iron: (0.28..+inf)' => 'Aluminum: (1.02..1.28]'
c1 rule: 'Magnesium: (3.73..+inf)', 'Iron: (0.11..0.19]' => 'Aluminum: (1.02..1.28]'
c1 rule: 'Magnesium: (3.73..+inf)', 'Iron: (0.19..0.28]' => 'Aluminum: (1.02..1.28]'
c1 rule: 'Calcium: (8.24..8.64]', 'Iron: (0.19..0.28]' => 'Aluminum: (1.02..1.28]'
c1 rule: 'Magnesium: (3.73..+inf)', 'Calcium: (-inf..8.24]' => 'Aluminum: (1.02..1.28]'
c1 rule: 'Magnesium: (3.33..3.53]', 'Potassium: (0.61..+inf)', not 'Calcium: (-inf..8.24]' => 'Aluminum: (1.02..1.28]'
c1 rule: 'Silicon: (73.02..+inf)', 'Potassium: (0.61..+inf)', not 'Calcium: (-inf..8.24]' => 'Aluminum: (1.02..1.28]'
c1 rule: 'Sodium: (12.81..13.22]', 'Silicon: (73.02..+inf)', 'Potassium: (0.48..0.61]' => 'Aluminum: (1.02..1.28]'
c1 rule: 'Potassium: (-inf..0.16]', 'Calcium: (8.24..8.64]', not 'Iron: (0.11..0.19]' => 'Aluminum: (1.02..1.28]'
c1 rule: 'Sodium: (13.22..13.63]', 'Magnesium: (-inf..3.33]', 'Barium: (-inf..0.09]' => 'Aluminum: (1.02..1.28]'
c1 rule: 'Magnesium: (3.73..+inf)', 'Calcium: (8.24..8.64]', not 'Sodium: (13.22..13.63]' => 'Aluminum: (1.02..1.28]'
c1 rule: 'Silicon: (72.15..72.66]', 'Potassium: (-inf..0.16]', not 'Iron: (0.19..0.28]' => 'Aluminum: (1.02..1.28]'
c1 rule: 'Silicon: (72.15..72.66]', 'Calcium: (8.64..9.27]', not 'Magnesium: (3.53..3.73]' => 'Aluminum: (1.02..1.28]'
c1 rule: 'Silicon: (73.02..+inf)', 'Calcium: (8.64..9.27]', not 'Iron: (0.19..0.28]' => 'Aluminum: (1.02..1.28]'
c1 rule: 'Sodium: (13.22..13.63]', 'Silicon: (72.66..73.02]', not 'Calcium: (-inf..8.24]' => 'Aluminum: (1.02..1.28]'
c1 rule: 'Sodium: (13.22..13.63]', 'Potassium: (0.61..+inf)', not 'Silicon: (72.15..72.66]' => 'Aluminum: (1.02..1.28]'
c1 rule: 'Sodium: (13.22..13.63]', 'Silicon: (73.02..+inf)', not 'Magnesium: (3.33..3.53]' => 'Aluminum: (1.02..1.28]'
c1 rule: 'Magnesium: (3.53..3.73]', 'Silicon: (-inf..72.15]', 'Calcium: (8.64..9.27]', 'Barium: (-inf..0.09]' => 'Aluminum: (1.02..1.28]'
c1 rule: 'Magnesium: (3.53..3.73]', 'Silicon: (72.66..73.02]', 'Potassium: (0.48..0.61]', 'Calcium: (8.24..8.64]', not 'Sodium: (12.81..13.22]' => 'Aluminum: (1.02..1.28]'
c1 # of rules: 24
c1 rule time: 0.0204

c1 computing class: (1.28..1.54]
c1 discrimination constraints: 75h
c1 coverage constraints: 34v+1021h
c1 formula: 100v, 1195c (1129h+66s)
c1 enumerating rules (maxsat-based)
c1 rule: 'Barium: (0.09..0.14]' => 'Aluminum: (1.28..1.54]'
c1 rule: 'Magnesium: (3.33..3.53]', 'Potassium: (0.16..0.48]' => 'Aluminum: (1.28..1.54]'
c1 rule: 'Iron: (-inf..0.11]', not 'Barium: (-inf..0.09]' => 'Aluminum: (1.28..1.54]'
c1 rule: 'Potassium: (0.16..0.48]', 'Calcium: (-inf..8.24]' => 'Aluminum: (1.28..1.54]'
c1 rule: 'Silicon: (72.15..72.66]', 'Potassium: (0.16..0.48]', not 'Sodium: (12.81..13.22]' => 'Aluminum: (1.28..1.54]'
c1 rule: 'Sodium: (13.22..13.63]', 'Magnesium: (3.33..3.53]', not 'Potassium: (0.48..0.61]' => 'Aluminum: (1.28..1.54]'
c1 rule: 'Sodium: (12.81..13.22]', 'Calcium: (-inf..8.24]', not 'Potassium: (0.61..+inf)' => 'Aluminum: (1.28..1.54]'
c1 rule: 'Sodium: (12.81..13.22]', 'Silicon: (73.02..+inf)', 'Iron: (0.19..0.28]' => 'Aluminum: (1.28..1.54]'
c1 rule: 'Sodium: (13.22..13.63]', 'Magnesium: (3.33..3.53]', 'Silicon: (73.02..+inf)' => 'Aluminum: (1.28..1.54]'
c1 rule: 'Sodium: (13.22..13.63]', 'Calcium: (8.24..8.64]', not 'Magnesium: (3.33..3.53]' => 'Aluminum: (1.28..1.54]'
c1 rule: 'Sodium: (13.22..13.63]', 'Calcium: (8.24..8.64]', not 'Silicon: (72.66..73.02]' => 'Aluminum: (1.28..1.54]'
c1 rule: 'Sodium: (13.22..13.63]', 'Silicon: (72.15..72.66]', 'Potassium: (0.61..+inf)' => 'Aluminum: (1.28..1.54]'
c1 rule: 'Potassium: (0.61..+inf)', 'Calcium: (8.24..8.64]', not 'Sodium: (12.81..13.22]' => 'Aluminum: (1.28..1.54]'
c1 rule: 'Sodium: (13.63..+inf)', 'Potassium: (0.48..0.61]', not 'Iron: (0.28..+inf)' => 'Aluminum: (1.28..1.54]'
c1 rule: 'Magnesium: (-inf..3.33]', 'Calcium: (-inf..8.24]', not 'Silicon: (72.15..72.66]' => 'Aluminum: (1.28..1.54]'
c1 rule: 'Potassium: (0.16..0.48]', 'Iron: (-inf..0.11]', not 'Magnesium: (3.73..+inf)' => 'Aluminum: (1.28..1.54]'
c1 rule: 'Sodium: (12.81..13.22]', 'Magnesium: (3.53..3.73]', 'Potassium: (0.48..0.61]', not 'Calcium: (8.24..8.64]' => 'Aluminum: (1.28..1.54]'
c1 rule: 'Magnesium: (3.53..3.73]', 'Silicon: (72.66..73.02]', 'Calcium: (8.64..9.27]', not 'Sodium: (13.63..+inf)' => 'Aluminum: (1.28..1.54]'
c1 rule: 'Sodium: (-inf..12.81]', 'Silicon: (72.66..73.02]', not 'Magnesium: (3.53..3.73]', not 'Calcium: (8.64..9.27]' => 'Aluminum: (1.28..1.54]'
c1 rule: 'Silicon: (72.15..72.66]', 'Calcium: (8.24..8.64]', 'Iron: (-inf..0.11]', not 'Magnesium: (3.73..+inf)' => 'Aluminum: (1.28..1.54]'
c1 # of rules: 20
c1 rule time: 0.0196

c1 computing class: (1.54..+inf)
c1 discrimination constraints: 89h
c1 coverage constraints: 20v+601h
c1 formula: 86v, 789c (723h+66s)
c1 enumerating rules (maxsat-based)
c1 rule: 'Magnesium: (3.33..3.53]', 'Potassium: (-inf..0.16]' => 'Aluminum: (1.54..+inf)'
c1 rule: 'Sodium: (-inf..12.81]', 'Silicon: (72.15..72.66]' => 'Aluminum: (1.54..+inf)'
c1 rule: 'Sodium: (-inf..12.81]', 'Barium: (0.27..+inf)' => 'Aluminum: (1.54..+inf)'
c1 rule: not 'Calcium: (8.64..9.27]', not 'Barium: (-inf..0.09]' => 'Aluminum: (1.54..+inf)'
c1 rule: 'Sodium: (13.63..+inf)', 'Calcium: (-inf..8.24]' => 'Aluminum: (1.54..+inf)'
c1 rule: 'Magnesium: (-inf..3.33]', 'Iron: (0.11..0.19]', not 'Potassium: (0.48..0.61]' => 'Aluminum: (1.54..+inf)'
c1 rule: 'Silicon: (72.66..73.02]', 'Calcium: (-inf..8.24]', not 'Iron: (-inf..0.11]' => 'Aluminum: (1.54..+inf)'
c1 rule: 'Magnesium: (-inf..3.33]', 'Silicon: (72.66..73.02]', 'Potassium: (0.61..+inf)' => 'Aluminum: (1.54..+inf)'
c1 rule: 'Magnesium: (3.53..3.73]', 'Silicon: (72.15..72.66]', 'Calcium: (8.24..8.64]' => 'Aluminum: (1.54..+inf)'
c1 rule: 'Silicon: (72.15..72.66]', 'Calcium: (8.24..8.64]', not 'Iron: (-inf..0.11]' => 'Aluminum: (1.54..+inf)'
c1 rule: 'Sodium: (-inf..12.81]', 'Calcium: (-inf..8.24]', not 'Iron: (-inf..0.11]' => 'Aluminum: (1.54..+inf)'
c1 rule: 'Calcium: (-inf..8.24]', not 'Sodium: (13.22..13.63]', not 'Silicon: (73.02..+inf)', not 'Potassium: (0.48..0.61]' => 'Aluminum: (1.54..+inf)'
c1 # of rules: 12
c1 rule time: 0.0121

c2 total rules: 65

c0 computing feature 5
c1 computing class: (-inf..72.15]
c1 discrimination constraints: 81h
c1 coverage constraints: 28v+841h
c1 formula: 94v, 1021c (955h+66s)
c1 enumerating rules (maxsat-based)
c1 rule: 'Barium: (0.27..+inf)' => 'Silicon: (-inf..72.15]'
c1 rule: 'Aluminum: (1.02..1.28]', 'Calcium: (9.27..+inf)' => 'Silicon: (-inf..72.15]'
c1 rule: 'Aluminum: (1.02..1.28]', not 'Refractive Index: (-inf..1.52]' => 'Silicon: (-inf..72.15]'
c1 rule: not 'Refractive Index: (-inf..1.52]', not 'Calcium: (9.27..+inf)' => 'Silicon: (-inf..72.15]'
c1 rule: 'Magnesium: (3.73..+inf)', not 'Refractive Index: (-inf..1.52]' => 'Silicon: (-inf..72.15]'
c1 rule: 'Magnesium: (3.73..+inf)', 'Potassium: (-inf..0.16]' => 'Silicon: (-inf..72.15]'
c1 rule: 'Sodium: (13.63..+inf)', 'Magnesium: (3.73..+inf)' => 'Silicon: (-inf..72.15]'
c1 rule: 'Potassium: (-inf..0.16]', 'Calcium: (-inf..8.24]' => 'Silicon: (-inf..72.15]'
c1 rule: 'Aluminum: (1.54..+inf)', 'Potassium: (0.16..0.48]' => 'Silicon: (-inf..72.15]'
c1 rule: 'Sodium: (13.63..+inf)', 'Iron: (0.11..0.19]' => 'Silicon: (-inf..72.15]'
c1 rule: 'Sodium: (13.63..+inf)', 'Potassium: (0.48..0.61]' => 'Silicon: (-inf..72.15]'
c1 rule: 'Iron: (0.19..0.28]', not 'Refractive Index: (-inf..1.52]' => 'Silicon: (-inf..72.15]'
c1 rule: 'Sodium: (13.22..13.63]', 'Aluminum: (-inf..1.02]' => 'Silicon: (-inf..72.15]'
c1 rule: 'Magnesium: (3.33..3.53]', 'Calcium: (8.64..9.27]', not 'Aluminum: (1.02..1.28]' => 'Silicon: (-inf..72.15]'
c1 rule: 'Sodium: (13.63..+inf)', not 'Magnesium: (-inf..3.33]', not 'Potassium: (-inf..0.16]' => 'Silicon: (-inf..72.15]'
c1 rule: 'Sodium: (13.63..+inf)', 'Aluminum: (1.02..1.28]', not 'Calcium: (8.24..8.64]' => 'Silicon: (-inf..72.15]'
c1 rule: 'Sodium: (13.63..+inf)', 'Calcium: (9.27..+inf)', not 'Magnesium: (-inf..3.33]' => 'Silicon: (-inf..72.15]'
c1 rule: 'Potassium: (-inf..0.16]', not 'Refractive Index: (-inf..1.52]', not 'Sodium: (-inf..12.81]' => 'Silicon: (-inf..72.15]'
c1 # of rules: 18
c1 rule time: 0.0122

c1 computing class: (72.15..72.66]
c1 discrimination constraints: 84h
c1 coverage constraints: 25v+751h
c1 formula: 91v, 934c (868h+66s)
c1 enumerating rules (maxsat-based)
c1 rule: 'Barium: (0.14..0.27]' => 'Silicon: (72.15..72.66]'
c1 rule: 'Potassium: (0.61..+inf)', 'Iron: (0.11..0.19]' => 'Silicon: (72.15..72.66]'
c1 rule: 'Potassium: (0.61..+inf)', not 'Refractive Index: (-inf..1.52]' => 'Silicon: (72.15..72.66]'
c1 rule: 'Sodium: (13.22..13.63]', 'Iron: (0.11..0.19]' => 'Silicon: (72.15..72.66]'
c1 rule: 'Magnesium: (3.73..+inf)', 'Aluminum: (1.28..1.54]' => 'Silicon: (72.15..72.66]'
c1 rule: 'Magnesium: (3.73..+inf)', 'Potassium: (0.61..+inf)' => 'Silicon: (72.15..72.66]'
c1 rule: 'Magnesium: (3.53..3.73]', 'Iron: (0.28..+inf)' => 'Silicon: (72.15..72.66]'
c1 rule: 'Sodium: (13.22..13.63]', 'Magnesium: (3.33..3.53]', not 'Potassium: (0.48..0.61]' => 'Silicon: (72.15..72.66]'
c1 rule: 'Sodium: (13.22..13.63]', 'Potassium: (0.61..+inf)', not 'Aluminum: (1.02..1.28]' => 'Silicon: (72.15..72.66]'
c1 rule: 'Aluminum: (1.54..+inf)', 'Potassium: (0.48..0.61]', 'Iron: (0.11..0.19]' => 'Silicon: (72.15..72.66]'
c1 rule: 'Iron: (0.11..0.19]', not 'Refractive Index: (-inf..1.52]', not 'Sodium: (13.63..+inf)' => 'Silicon: (72.15..72.66]'
c1 rule: 'Sodium: (13.22..13.63]', 'Magnesium: (3.53..3.73]', 'Calcium: (8.64..9.27]' => 'Silicon: (72.15..72.66]'
c1 rule: 'Sodium: (12.81..13.22]', 'Magnesium: (3.53..3.73]', 'Calcium: (8.64..9.27]' => 'Silicon: (72.15..72.66]'
c1 rule: 'Sodium: (13.22..13.63]', 'Calcium: (8.24..8.64]', not 'Aluminum: (1.02..1.28]' => 'Silicon: (72.15..72.66]'
c1 rule: 'Magnesium: (-inf..3.33]', 'Aluminum: (1.54..+inf)', 'Calcium: (-inf..8.24]' => 'Silicon: (72.15..72.66]'
c1 rule: 'Magnesium: (3.73..+inf)', 'Calcium: (8.24..8.64]', 'Iron: (-inf..0.11]' => 'Silicon: (72.15..72.66]'
c1 # of rules: 16
c1 rule time: 0.0145

c1 computing class: (72.66..73.02]
c1 discrimination constraints: 78h
c1 coverage constraints: 31v+931h
c1 formula: 97v, 1108c (1042h+66s)
c1 enumerating rules (maxsat-based)
c1 rule: 'Potassium: (0.16..0.48]', 'Calcium: (-inf..8.24]' => 'Silicon: (72.66..73.02]'
c1 rule: 'Aluminum: (1.54..+inf)', 'Calcium: (8.64..9.27]' => 'Silicon: (72.66..73.02]'
c1 rule: 'Magnesium: (3.33..3.53]', 'Iron: (0.28..+inf)' => 'Silicon: (72.66..73.02]'
c1 rule: 'Potassium: (0.61..+inf)', 'Calcium: (8.24..8.64]' => 'Silicon: (72.66..73.02]'
c1 rule: 'Calcium: (8.24..8.64]', 'Iron: (0.19..0.28]' => 'Silicon: (72.66..73.02]'
c1 rule: 'Sodium: (13.22..13.63]', 'Magnesium: (-inf..3.33]', 'Barium: (-inf..0.09]' => 'Silicon: (72.66..73.02]'
c1 rule: 'Sodium: (13.22..13.63]', 'Aluminum: (1.54..+inf)', not 'Magnesium: (-inf..3.33]' => 'Silicon: (72.66..73.02]'
c1 rule: 'Aluminum: (1.54..+inf)', 'Potassium: (0.48..0.61]', 'Iron: (-inf..0.11]' => 'Silicon: (72.66..73.02]'
c1 rule: 'Aluminum: (1.54..+inf)', 'Iron: (0.19..0.28]', not 'Sodium: (-inf..12.81]' => 'Silicon: (72.66..73.02]'
c1 rule: 'Calcium: (-inf..8.24]', 'Iron: (0.19..0.28]', not 'Magnesium: (3.33..3.53]' => 'Silicon: (72.66..73.02]'
c1 rule: 'Magnesium: (3.33..3.53]', 'Aluminum: (1.02..1.28]', not 'Iron: (-inf..0.11]' => 'Silicon: (72.66..73.02]'
c1 rule: 'Magnesium: (3.53..3.73]', 'Aluminum: (1.28..1.54]', not 'Iron: (-inf..0.11]' => 'Silicon: (72.66..73.02]'
c1 rule: 'Aluminum: (1.02..1.28]', 'Calcium: (-inf..8.24]', not 'Potassium: (0.48..0.61]' => 'Silicon: (72.66..73.02]'
c1 rule: 'Sodium: (12.81..13.22]', 'Magnesium: (-inf..3.33]', not 'Aluminum: (1.02..1.28]' => 'Silicon: (72.66..73.02]'
c1 rule: 'Aluminum: (1.02..1.28]', 'Calcium: (8.24..8.64]', not 'Potassium: (0.48..0.61]' => 'Silicon: (72.66..73.02]'
c1 rule: 'Sodium: (13.22..13.63]', 'Aluminum: (1.02..1.28]', 'Calcium: (8.24..8.64]' => 'Silicon: (72.66..73.02]'
c1 rule: 'Sodium: (12.81..13.22]', 'Magnesium: (3.33..3.53]', not 'Potassium: (0.61..+inf)', not 'Calcium: (8.24..8.64]' => 'Silicon: (72.66..73.02]'
c1 rule: 'Sodium: (12.81..13.22]', 'Aluminum: (1.28..1.54]', 'Calcium: (8.24..8.64]', not 'Magnesium: (3.33..3.53]' => 'Silicon: (72.66..73.02]'
c1 rule: 'Sodium: (-inf..12.81]', 'Magnesium: (3.53..3.73]', not 'Aluminum: (1.02..1.28]', not 'Calcium: (8.24..8.64]' => 'Silicon: (72.66..73.02]'
c1 rule: 'Sodium: (13.22..13.63]', 'Magnesium: (3.53..3.73]', 'Potassium: (0.48..0.61]', not 'Aluminum: (1.02..1.28]' => 'Silicon: (72.66..73.02]'
c1 rule: 'Aluminum: (-inf..1.02]', 'Barium: (-inf..0.09]', not 'Magnesium: (3.73..+inf)', not 'Calcium: (9.27..+inf)' => 'Silicon: (72.66..73.02]'
c1 # of rules: 21
c1 rule time: 0.0205

c1 computing class: (73.02..+inf)
c1 discrimination constraints: 84h
c1 coverage constraints: 25v+751h
c1 formula: 91v, 934c (868h+66s)
c1 enumerating rules (maxsat-based)
c1 rule: 'Refractive Index: (-inf..1.52]', 'Calcium: (9.27..+inf)' => 'Silicon: (73.02..+inf)'
c1 rule: 'Barium: (0.09..0.14]', not 'Magnesium: (3.33..3.53]' => 'Silicon: (73.02..+inf)'
c1 rule: 'Magnesium: (3.33..3.53]', 'Potassium: (-inf..0.16]' => 'Silicon: (73.02..+inf)'
c1 rule: 'Aluminum: (1.28..1.54]', 'Iron: (0.19..0.28]' => 'Silicon: (73.02..+inf)'
c1 rule: 'Potassium: (0.16..0.48]', 'Calcium: (8.24..8.64]' => 'Silicon: (73.02..+inf)'
c1 rule: 'Sodium: (-inf..12.81]', 'Magnesium: (-inf..3.33]', 'Aluminum: (1.28..1.54]' => 'Silicon: (73.02..+inf)'
c1 rule: 'Sodium: (-inf..12.81]', 'Magnesium: (-inf..3.33]', 'Aluminum: (1.02..1.28]' => 'Silicon: (73.02..+inf)'
c1 rule: 'Sodium: (-inf..12.81]', 'Calcium: (-inf..8.24]', not 'Magnesium: (3.53..3.73]' => 'Silicon: (73.02..+inf)'
c1 rule: 'Sodium: (12.81..13.22]', 'Magnesium: (3.73..+inf)', 'Iron: (0.11..0.19]' => 'Silicon: (73.02..+inf)'
c1 rule: 'Sodium: (12.81..13.22]', 'Aluminum: (1.28..1.54]', 'Potassium: (0.61..+inf)' => 'Silicon: (73.02..+inf)'
c1 rule: 'Sodium: (12.81..13.22]', 'Potassium: (0.61..+inf)', 'Iron: (-inf..0.11]', not 'Magnesium: (3.33..3.53]' => 'Silicon: (73.02..+inf)'
c1 rule: 'Sodium: (-inf..12.81]', 'Magnesium: (3.33..3.53]', 'Iron: (-inf..0.11]', not 'Calcium: (8.24..8.64]' => 'Silicon: (73.02..+inf)'
c1 rule: 'Sodium: (-inf..12.81]', 'Magnesium: (3.33..3.53]', 'Potassium: (0.48..0.61]', not 'Aluminum: (1.28..1.54]' => 'Silicon: (73.02..+inf)'
c1 rule: 'Sodium: (13.22..13.63]', 'Magnesium: (3.53..3.73]', 'Aluminum: (1.02..1.28]', 'Potassium: (0.48..0.61]' => 'Silicon: (73.02..+inf)'
c1 rule: 'Magnesium: (3.53..3.73]', 'Aluminum: (1.02..1.28]', 'Potassium: (0.48..0.61]', not 'Calcium: (8.24..8.64]' => 'Silicon: (73.02..+inf)'
c1 rule: 'Magnesium: (3.33..3.53]', 'Calcium: (-inf..8.24]', not 'Sodium: (12.81..13.22]', not 'Potassium: (0.61..+inf)' => 'Silicon: (73.02..+inf)'
c1 rule: 'Sodium: (-inf..12.81]', 'Aluminum: (1.28..1.54]', 'Potassium: (0.48..0.61]', not 'Magnesium: (3.33..3.53]', not 'Calcium: (8.64..9.27]' => 'Silicon: (73.02..+inf)'
c1 # of rules: 17
c1 rule time: 0.0182

c2 total rules: 72

c0 computing feature 6
c1 computing class: (-inf..0.16]
c1 discrimination constraints: 87h
c1 coverage constraints: 22v+661h
c1 formula: 88v, 847c (781h+66s)
c1 enumerating rules (maxsat-based)
c1 rule: 'Barium: (0.27..+inf)', not 'Calcium: (9.27..+inf)' => 'Potassium: (-inf..0.16]'
c1 rule: 'Aluminum: (-inf..1.02]', not 'Barium: (-inf..0.09]' => 'Potassium: (-inf..0.16]'
c1 rule: 'Silicon: (73.02..+inf)', not 'Refractive Index: (-inf..1.52]' => 'Potassium: (-inf..0.16]'
c1 rule: 'Sodium: (12.81..13.22]', 'Silicon: (-inf..72.15]' => 'Potassium: (-inf..0.16]'
c1 rule: 'Aluminum: (-inf..1.02]', 'Silicon: (72.66..73.02]' => 'Potassium: (-inf..0.16]'
c1 rule: 'Sodium: (13.63..+inf)', 'Silicon: (72.66..73.02]' => 'Potassium: (-inf..0.16]'
c1 rule: 'Aluminum: (1.02..1.28]', not 'Refractive Index: (-inf..1.52]' => 'Potassium: (-inf..0.16]'
c1 rule: 'Sodium: (13.63..+inf)', 'Silicon: (73.02..+inf)' => 'Potassium: (-inf..0.16]'
c1 rule: 'Calcium: (-inf..8.24]', 'Iron: (0.11..0.19]', not 'Magnesium: (3.73..+inf)' => 'Potassium: (-inf..0.16]'
c1 rule: 'Magnesium: (3.53..3.73]', 'Iron: (0.11..0.19]', not 'Sodium: (12.81..13.22]' => 'Potassium: (-inf..0.16]'
c1 rule: 'Sodium: (13.22..13.63]', 'Magnesium: (3.53..3.73]', not 'Calcium: (-inf..8.24]' => 'Potassium: (-inf..0.16]'
c1 rule: 'Refractive Index: (-inf..1.52]', 'Aluminum: (-inf..1.02]', not 'Silicon: (73.02..+inf)' => 'Potassium: (-inf..0.16]'
c1 rule: 'Aluminum: (-inf..1.02]', not 'Calcium: (9.27..+inf)', not 'Iron: (0.28..+inf)' => 'Potassium: (-inf..0.16]'
c1 rule: 'Magnesium: (3.53..3.73]', 'Aluminum: (-inf..1.02]', not 'Sodium: (12.81..13.22]' => 'Potassium: (-inf..0.16]'
c1 rule: 'Sodium: (13.63..+inf)', 'Aluminum: (-inf..1.02]', not 'Magnesium: (3.73..+inf)' => 'Potassium: (-inf..0.16]'
c1 rule: 'Sodium: (13.63..+inf)', 'Magnesium: (3.53..3.73]', 'Calcium: (8.64..9.27]' => 'Potassium: (-inf..0.16]'
c1 rule: 'Aluminum: (-inf..1.02]', 'Iron: (-inf..0.11]', not 'Magnesium: (3.73..+inf)' => 'Potassium: (-inf..0.16]'
c1 rule: 'Magnesium: (-inf..3.33]', 'Aluminum: (-inf..1.02]', not 'Refractive Index: (-inf..1.52]' => 'Potassium: (-inf..0.16]'
c1 rule: 'Silicon: (73.02..+inf)', 'Iron: (0.11..0.19]', not 'Aluminum: (1.02..1.28]' => 'Potassium: (-inf..0.16]'
c1 # of rules: 19
c1 rule time: 0.0144

c1 computing class: (0.16..0.48]
c1 discrimination constraints: 99h
c1 coverage constraints: 10v+301h
c1 formula: 76v, 499c (433h+66s)
c1 enumerating rules (maxsat-based)
c1 rule: 'Aluminum: (-inf..1.02]', 'Iron: (0.28..+inf)' => 'Potassium: (0.16..0.48]'
c1 rule: 'Aluminum: (-inf..1.02]', 'Silicon: (72.15..72.66]', not 'Barium: (0.14..0.27]' => 'Potassium: (0.16..0.48]'
c1 rule: 'Refractive Index: (-inf..1.52]', 'Aluminum: (-inf..1.02]', not 'Sodium: (13.63..+inf)' => 'Potassium: (0.16..0.48]'
c1 rule: 'Sodium: (13.63..+inf)', not 'Refractive Index: (-inf..1.52]', not 'Silicon: (-inf..72.15]' => 'Potassium: (0.16..0.48]'
c1 rule: 'Aluminum: (1.28..1.54]', 'Calcium: (9.27..+inf)', not 'Iron: (0.11..0.19]' => 'Potassium: (0.16..0.48]'
c1 rule: 'Sodium: (13.63..+inf)', 'Aluminum: (1.54..+inf)', not 'Calcium: (-inf..8.24]' => 'Potassium: (0.16..0.48]'
c1 rule: 'Sodium: (13.22..13.63]', 'Aluminum: (-inf..1.02]', not 'Magnesium: (3.53..3.73]' => 'Potassium: (0.16..0.48]'
c1 rule: 'Aluminum: (1.28..1.54]', 'Silicon: (73.02..+inf)', 'Calcium: (8.24..8.64]', not 'Sodium: (-inf..12.81]' => 'Potassium: (0.16..0.48]'
c1 # of rules: 8
c1 rule time: 0.0073

c1 computing class: (0.48..0.61]
c1 discrimination constraints: 58h
c1 coverage constraints: 51v+1531h
c1 formula: 117v, 1688c (1622h+66s)
c1 enumerating rules (maxsat-based)
c1 rule: 'Barium: (0.09..0.14]' => 'Potassium: (0.48..0.61]'
c1 rule: 'Barium: (0.14..0.27]', not 'Magnesium: (3.53..3.73]' => 'Potassium: (0.48..0.61]'
c1 rule: not 'Magnesium: (3.53..3.73]', not 'Barium: (-inf..0.09]' => 'Potassium: (0.48..0.61]'
c1 rule: 'Magnesium: (3.73..+inf)', 'Silicon: (73.02..+inf)' => 'Potassium: (0.48..0.61]'
c1 rule: 'Sodium: (13.22..13.63]', 'Silicon: (73.02..+inf)' => 'Potassium: (0.48..0.61]'
c1 rule: 'Sodium: (13.22..13.63]', 'Aluminum: (1.54..+inf)' => 'Potassium: (0.48..0.61]'
c1 rule: 'Sodium: (13.22..13.63]', 'Calcium: (8.24..8.64]' => 'Potassium: (0.48..0.61]'
c1 rule: 'Sodium: (13.22..13.63]', not 'Iron: (-inf..0.11]' => 'Potassium: (0.48..0.61]'
c1 rule: 'Sodium: (13.22..13.63]', 'Magnesium: (-inf..3.33]' => 'Potassium: (0.48..0.61]'
c1 rule: 'Magnesium: (3.73..+inf)', 'Calcium: (-inf..8.24]' => 'Potassium: (0.48..0.61]'
c1 rule: 'Calcium: (8.24..8.64]', 'Iron: (0.19..0.28]' => 'Potassium: (0.48..0.61]'
c1 rule: 'Silicon: (72.66..73.02]', 'Iron: (0.11..0.19]' => 'Potassium: (0.48..0.61]'
c1 rule: 'Aluminum: (1.28..1.54]', 'Iron: (0.11..0.19]' => 'Potassium: (0.48..0.61]'
c1 rule: 'Magnesium: (3.33..3.53]', 'Silicon: (-inf..72.15]' => 'Potassium: (0.48..0.61]'
c1 rule: 'Sodium: (12.81..13.22]', 'Magnesium: (-inf..3.33]' => 'Potassium: (0.48..0.61]'
c1 rule: 'Silicon: (72.15..72.66]', 'Calcium: (8.24..8.64]' => 'Potassium: (0.48..0.61]'
c1 rule: 'Silicon: (-inf..72.15]', 'Calcium: (8.24..8.64]' => 'Potassium: (0.48..0.61]'
c1 rule: 'Sodium: (12.81..13.22]', 'Calcium: (8.24..8.64]', not 'Magnesium: (3.33..3.53]' => 'Potassium: (0.48..0.61]'
c1 rule: 'Sodium: (12.81..13.22]', 'Aluminum: (1.02..1.28]', 'Silicon: (73.02..+inf)' => 'Potassium: (0.48..0.61]'
c1 rule: 'Aluminum: (1.02..1.28]', 'Silicon: (73.02..+inf)', not 'Calcium: (8.64..9.27]' => 'Potassium: (0.48..0.61]'
c1 rule: 'Magnesium: (3.53..3.73]', 'Silicon: (73.02..+inf)', not 'Calcium: (-inf..8.24]' => 'Potassium: (0.48..0.61]'
c1 rule: 'Silicon: (73.02..+inf)', 'Calcium: (8.24..8.64]', not 'Sodium: (12.81..13.22]' => 'Potassium: (0.48..0.61]'
c1 rule: 'Calcium: (8.24..8.64]', not 'Sodium: (12.81..13.22]', not 'Magnesium: (3.53..3.73]' => 'Potassium: (0.48..0.61]'
c1 rule: 'Sodium: (12.81..13.22]', 'Aluminum: (1.28..1.54]', not 'Silicon: (73.02..+inf)' => 'Potassium: (0.48..0.61]'
c1 rule: 'Sodium: (12.81..13.22]', 'Aluminum: (1.02..1.28]', 'Iron: (-inf..0.11]' => 'Potassium: (0.48..0.61]'
c1 rule: 'Aluminum: (1.28..1.54]', 'Calcium: (8.64..9.27]', 'Barium: (-inf..0.09]' => 'Potassium: (0.48..0.61]'
c1 rule: 'Magnesium: (3.33..3.53]', 'Calcium: (8.64..9.27]', not 'Sodium: (-inf..12.81]' => 'Potassium: (0.48..0.61]'
c1 rule: 'Sodium: (-inf..12.81]', 'Magnesium: (3.53..3.73]', 'Aluminum: (1.02..1.28]' => 'Potassium: (0.48..0.61]'
c1 # of rules: 28
c1 rule time: 0.0250

c1 computing class: (0.61..+inf)
c1 discrimination constraints: 83h
c1 coverage constraints: 26v+781h
c1 formula: 92v, 963c (897h+66s)
c1 enumerating rules (maxsat-based)
c1 rule: 'Sodium: (-inf..12.81]', 'Calcium: (-inf..8.24]' => 'Potassium: (0.61..+inf)'
c1 rule: 'Sodium: (-inf..12.81]', 'Silicon: (72.15..72.66]' => 'Potassium: (0.61..+inf)'
c1 rule: 'Calcium: (-inf..8.24]', 'Iron: (0.19..0.28]' => 'Potassium: (0.61..+inf)'
c1 rule: 'Magnesium: (-inf..3.33]', 'Calcium: (-inf..8.24]' => 'Potassium: (0.61..+inf)'
c1 rule: 'Magnesium: (3.73..+inf)', 'Iron: (0.19..0.28]' => 'Potassium: (0.61..+inf)'
c1 rule: 'Aluminum: (1.54..+inf)', 'Calcium: (8.64..9.27]' => 'Potassium: (0.61..+inf)'
c1 rule: 'Sodium: (-inf..12.81]', 'Iron: (0.28..+inf)' => 'Potassium: (0.61..+inf)'
c1 rule: 'Magnesium: (3.33..3.53]', 'Iron: (0.28..+inf)' => 'Potassium: (0.61..+inf)'
c1 rule: 'Iron: (0.28..+inf)', not 'Sodium: (13.63..+inf)' => 'Potassium: (0.61..+inf)'
c1 rule: 'Sodium: (12.81..13.22]', 'Calcium: (-inf..8.24]', not 'Aluminum: (1.28..1.54]' => 'Potassium: (0.61..+inf)'
c1 rule: 'Magnesium: (3.33..3.53]', 'Silicon: (72.15..72.66]', 'Calcium: (-inf..8.24]' => 'Potassium: (0.61..+inf)'
c1 rule: 'Silicon: (72.15..72.66]', 'Calcium: (8.64..9.27]', 'Iron: (0.11..0.19]' => 'Potassium: (0.61..+inf)'
c1 rule: 'Sodium: (-inf..12.81]', 'Aluminum: (1.02..1.28]', not 'Iron: (-inf..0.11]' => 'Potassium: (0.61..+inf)'
c1 rule: 'Magnesium: (3.33..3.53]', 'Silicon: (73.02..+inf)', 'Calcium: (8.64..9.27]' => 'Potassium: (0.61..+inf)'
c1 rule: 'Aluminum: (1.54..+inf)', 'Iron: (-inf..0.11]', not 'Silicon: (72.66..73.02]' => 'Potassium: (0.61..+inf)'
c1 rule: 'Silicon: (73.02..+inf)', 'Calcium: (-inf..8.24]', not 'Sodium: (13.22..13.63]' => 'Potassium: (0.61..+inf)'
c1 rule: 'Aluminum: (1.02..1.28]', 'Calcium: (-inf..8.24]', not 'Magnesium: (3.73..+inf)', not 'Silicon: (73.02..+inf)' => 'Potassium: (0.61..+inf)'
c1 rule: 'Sodium: (13.22..13.63]', 'Magnesium: (3.53..3.73]', 'Aluminum: (1.28..1.54]', not 'Silicon: (72.66..73.02]' => 'Potassium: (0.61..+inf)'
c1 rule: 'Aluminum: (1.28..1.54]', 'Silicon: (72.66..73.02]', 'Calcium: (8.24..8.64]', not 'Sodium: (12.81..13.22]', not 'Magnesium: (3.33..3.53]' => 'Potassium: (0.61..+inf)'
c1 # of rules: 19
c1 rule time: 0.0155

c2 total rules: 74

c0 computing feature 7
c1 computing class: (-inf..8.24]
c1 discrimination constraints: 81h
c1 coverage constraints: 28v+841h
c1 formula: 94v, 1021c (955h+66s)
c1 enumerating rules (maxsat-based)
c1 rule: 'Magnesium: (3.73..+inf)', 'Silicon: (72.66..73.02]' => 'Calcium: (-inf..8.24]'
c1 rule: 'Silicon: (72.66..73.02]', 'Potassium: (0.16..0.48]' => 'Calcium: (-inf..8.24]'
c1 rule: 'Sodium: (13.63..+inf)', 'Potassium: (0.61..+inf)' => 'Calcium: (-inf..8.24]'
c1 rule: 'Sodium: (13.22..13.63]', 'Silicon: (73.02..+inf)' => 'Calcium: (-inf..8.24]'
c1 rule: 'Sodium: (13.22..13.63]', 'Potassium: (0.61..+inf)' => 'Calcium: (-inf..8.24]'
c1 rule: 'Magnesium: (3.33..3.53]', 'Iron: (0.19..0.28]', not 'Aluminum: (1.02..1.28]' => 'Calcium: (-inf..8.24]'
c1 rule: 'Magnesium: (3.33..3.53]', 'Aluminum: (1.28..1.54]', 'Potassium: (0.61..+inf)' => 'Calcium: (-inf..8.24]'
c1 rule: 'Aluminum: (1.28..1.54]', 'Potassium: (0.61..+inf)', not 'Silicon: (72.66..73.02]' => 'Calcium: (-inf..8.24]'
c1 rule: 'Potassium: (0.61..+inf)', 'Iron: (-inf..0.11]', not 'Sodium: (-inf..12.81]' => 'Calcium: (-inf..8.24]'
c1 rule: 'Potassium: (0.61..+inf)', not 'Sodium: (-inf..12.81]', not 'Aluminum: (1.02..1.28]' => 'Calcium: (-inf..8.24]'
c1 rule: 'Potassium: (0.61..+inf)', 'Iron: (0.19..0.28]', not 'Aluminum: (1.02..1.28]' => 'Calcium: (-inf..8.24]'
c1 rule: 'Sodium: (13.22..13.63]', not 'Aluminum: (1.54..+inf)', not 'Iron: (-inf..0.11]' => 'Calcium: (-inf..8.24]'
c1 rule: 'Sodium: (13.22..13.63]', 'Magnesium: (3.53..3.73]', 'Aluminum: (1.28..1.54]' => 'Calcium: (-inf..8.24]'
c1 rule: 'Sodium: (13.22..13.63]', 'Magnesium: (3.53..3.73]', not 'Potassium: (-inf..0.16]' => 'Calcium: (-inf..8.24]'
c1 rule: 'Sodium: (13.22..13.63]', 'Magnesium: (3.73..+inf)', 'Aluminum: (1.02..1.28]' => 'Calcium: (-inf..8.24]'
c1 rule: 'Magnesium: (3.33..3.53]', 'Potassium: (0.61..+inf)', not 'Aluminum: (1.02..1.28]' => 'Calcium: (-inf..8.24]'
c1 rule: 'Refractive Index: (-inf..1.52]', 'Iron: (0.11..0.19]', not 'Sodium: (12.81..13.22]' => 'Calcium: (-inf..8.24]'
c1 # of rules: 17
c1 rule time: 0.0179

c1 computing class: (8.24..8.64]
c1 discrimination constraints: 79h
c1 coverage constraints: 30v+901h
c1 formula: 96v, 1079c (1013h+66s)
c1 enumerating rules (maxsat-based)
c1 rule: 'Magnesium: (3.33..3.53]', 'Potassium: (0.16..0.48]' => 'Calcium: (8.24..8.64]'
c1 rule: 'Potassium: (0.48..0.61]', 'Iron: (0.28..+inf)' => 'Calcium: (8.24..8.64]'
c1 rule: 'Magnesium: (3.73..+inf)', 'Aluminum: (1.28..1.54]' => 'Calcium: (8.24..8.64]'
c1 rule: 'Magnesium: (3.33..3.53]', 'Potassium: (-inf..0.16]' => 'Calcium: (8.24..8.64]'
c1 rule: 'Magnesium: (3.73..+inf)', 'Silicon: (73.02..+inf)' => 'Calcium: (8.24..8.64]'
c1 rule: 'Silicon: (73.02..+inf)', 'Iron: (0.11..0.19]' => 'Calcium: (8.24..8.64]'
c1 rule: 'Silicon: (72.66..73.02]', 'Potassium: (-inf..0.16]', not 'Aluminum: (-inf..1.02]' => 'Calcium: (8.24..8.64]'
c1 rule: 'Magnesium: (3.73..+inf)', 'Potassium: (0.48..0.61]', not 'Sodium: (13.22..13.63]' => 'Calcium: (8.24..8.64]'
c1 rule: 'Aluminum: (1.02..1.28]', 'Iron: (0.19..0.28]', not 'Potassium: (0.61..+inf)' => 'Calcium: (8.24..8.64]'
c1 rule: 'Magnesium: (3.53..3.73]', 'Potassium: (0.48..0.61]', not 'Iron: (-inf..0.11]' => 'Calcium: (8.24..8.64]'
c1 rule: 'Sodium: (12.81..13.22]', 'Iron: (0.28..+inf)', not 'Silicon: (72.15..72.66]' => 'Calcium: (8.24..8.64]'
c1 rule: 'Aluminum: (1.28..1.54]', 'Silicon: (72.66..73.02]', 'Potassium: (0.61..+inf)' => 'Calcium: (8.24..8.64]'
c1 rule: 'Sodium: (13.22..13.63]', 'Magnesium: (3.33..3.53]', 'Silicon: (72.66..73.02]' => 'Calcium: (8.24..8.64]'
c1 rule: 'Sodium: (12.81..13.22]', 'Silicon: (73.02..+inf)', not 'Potassium: (0.61..+inf)' => 'Calcium: (8.24..8.64]'
c1 rule: 'Sodium: (12.81..13.22]', 'Aluminum: (1.54..+inf)', not 'Potassium: (0.61..+inf)' => 'Calcium: (8.24..8.64]'
c1 rule: 'Sodium: (-inf..12.81]', 'Magnesium: (3.33..3.53]', not 'Potassium: (0.61..+inf)' => 'Calcium: (8.24..8.64]'
c1 rule: 'Magnesium: (3.53..3.73]', 'Silicon: (-inf..72.15]', 'Potassium: (0.48..0.61]' => 'Calcium: (8.24..8.64]'
c1 rule: 'Aluminum: (1.28..1.54]', 'Silicon: (72.15..72.66]', 'Potassium: (0.48..0.61]', not 'Magnesium: (3.53..3.73]' => 'Calcium: (8.24..8.64]'
c1 rule: 'Magnesium: (3.53..3.73]', 'Silicon: (73.02..+inf)', not 'Sodium: (12.81..13.22]', not 'Aluminum: (1.02..1.28]' => 'Calcium: (8.24..8.64]'
c1 rule: 'Magnesium: (3.53..3.73]', 'Aluminum: (1.02..1.28]', 'Silicon: (72.66..73.02]', not 'Potassium: (0.61..+inf)' => 'Calcium: (8.24..8.64]'
c1 rule: 'Sodium: (12.81..13.22]', 'Aluminum: (1.02..1.28]', 'Iron: (-inf..0.11]', not 'Magnesium: (-inf..3.33]' => 'Calcium: (8.24..8.64]'
c1 # of rules: 21
c1 rule time: 0.0195

c1 computing class: (8.64..9.27]
c1 discrimination constraints: 80h
c1 coverage constraints: 29v+871h
c1 formula: 95v, 1050c (984h+66s)
c1 enumerating rules (maxsat-based)
c1 rule: 'Barium: (0.09..0.14]' => 'Calcium: (8.64..9.27]'
c1 rule: 'Barium: (0.27..+inf)', 'Iron: (-inf..0.11]' => 'Calcium: (8.64..9.27]'
c1 rule: 'Refractive Index: (-inf..1.52]', 'Barium: (0.14..0.27]' => 'Calcium: (8.64..9.27]'
c1 rule: 'Aluminum: (-inf..1.02]', 'Silicon: (72.66..73.02]' => 'Calcium: (8.64..9.27]'
c1 rule: 'Sodium: (12.81..13.22]', 'Magnesium: (-inf..3.33]' => 'Calcium: (8.64..9.27]'
c1 rule: 'Silicon: (72.15..72.66]', 'Potassium: (-inf..0.16]' => 'Calcium: (8.64..9.27]'
c1 rule: 'Silicon: (72.15..72.66]', 'Iron: (0.19..0.28]' => 'Calcium: (8.64..9.27]'
c1 rule: 'Potassium: (0.61..+inf)', 'Iron: (0.11..0.19]' => 'Calcium: (8.64..9.27]'
c1 rule: 'Magnesium: (-inf..3.33]', 'Silicon: (72.66..73.02]' => 'Calcium: (8.64..9.27]'
c1 rule: 'Aluminum: (-inf..1.02]', 'Iron: (0.28..+inf)' => 'Calcium: (8.64..9.27]'
c1 rule: 'Magnesium: (3.53..3.73]', 'Iron: (0.28..+inf)' => 'Calcium: (8.64..9.27]'
c1 rule: 'Magnesium: (3.33..3.53]', 'Silicon: (-inf..72.15]' => 'Calcium: (8.64..9.27]'
c1 rule: 'Magnesium: (-inf..3.33]', 'Aluminum: (1.02..1.28]', 'Silicon: (73.02..+inf)' => 'Calcium: (8.64..9.27]'
c1 rule: 'Aluminum: (1.02..1.28]', 'Silicon: (73.02..+inf)', not 'Potassium: (0.48..0.61]' => 'Calcium: (8.64..9.27]'
c1 rule: 'Magnesium: (3.73..+inf)', 'Aluminum: (1.02..1.28]', not 'Potassium: (0.48..0.61]' => 'Calcium: (8.64..9.27]'
c1 rule: 'Refractive Index: (-inf..1.52]', 'Magnesium: (3.73..+inf)', not 'Potassium: (0.48..0.61]' => 'Calcium: (8.64..9.27]'
c1 rule: 'Aluminum: (1.02..1.28]', 'Silicon: (72.15..72.66]', not 'Magnesium: (3.73..+inf)' => 'Calcium: (8.64..9.27]'
c1 rule: 'Magnesium: (3.33..3.53]', 'Aluminum: (1.02..1.28]', 'Iron: (0.11..0.19]' => 'Calcium: (8.64..9.27]'
c1 rule: 'Magnesium: (3.53..3.73]', 'Aluminum: (1.02..1.28]', 'Silicon: (-inf..72.15]' => 'Calcium: (8.64..9.27]'
c1 rule: 'Sodium: (-inf..12.81]', 'Aluminum: (1.02..1.28]', not 'Potassium: (0.48..0.61]' => 'Calcium: (8.64..9.27]'
c1 rule: 'Sodium: (-inf..12.81]', 'Aluminum: (1.28..1.54]', not 'Magnesium: (3.33..3.53]', not 'Silicon: (73.02..+inf)', not 'Potassium: (0.61..+inf)' => 'Calcium: (8.64..9.27]'
c1 # of rules: 21
c1 rule time: 0.0162

c1 computing class: (9.27..+inf)
c1 discrimination constraints: 87h
c1 coverage constraints: 22v+661h
c1 formula: 88v, 847c (781h+66s)
c1 enumerating rules (maxsat-based)
c1 rule: 'Sodium: (13.63..+inf)', 'Silicon: (73.02..+inf)' => 'Calcium: (9.27..+inf)'
c1 rule: 'Aluminum: (1.28..1.54]', not 'Refractive Index: (-inf..1.52]' => 'Calcium: (9.27..+inf)'
c1 rule: 'Magnesium: (3.53..3.73]', not 'Refractive Index: (-inf..1.52]' => 'Calcium: (9.27..+inf)'
c1 rule: not 'Refractive Index: (-inf..1.52]', not 'Magnesium: (3.73..+inf)' => 'Calcium: (9.27..+inf)'
c1 rule: 'Sodium: (13.22..13.63]', not 'Refractive Index: (-inf..1.52]' => 'Calcium: (9.27..+inf)'
c1 rule: 'Magnesium: (-inf..3.33]', 'Aluminum: (-inf..1.02]' => 'Calcium: (9.27..+inf)'
c1 rule: 'Aluminum: (-inf..1.02]', not 'Sodium: (13.63..+inf)' => 'Calcium: (9.27..+inf)'
c1 rule: 'Potassium: (0.16..0.48]', not 'Refractive Index: (-inf..1.52]', not 'Iron: (0.28..+inf)' => 'Calcium: (9.27..+inf)'
c1 # of rules: 8
c1 rule time: 0.0069

c2 total rules: 67

c0 computing feature 8
c1 computing class: (-inf..0.09]
c1 discrimination constraints: 6h
c1 coverage constraints: 103v+3091h
c1 formula: 169v, 3196c (3130h+66s)
c1 enumerating rules (maxsat-based)
c1 rule: 'Sodium: (12.81..13.22]' => 'Barium: (-inf..0.09]'
c1 rule: 'Iron: (0.28..+inf)' => 'Barium: (-inf..0.09]'
c1 rule: 'Potassium: (0.61..+inf)' => 'Barium: (-inf..0.09]'
c1 rule: 'Calcium: (-inf..8.24]' => 'Barium: (-inf..0.09]'
c1 rule: 'Calcium: (8.24..8.64]' => 'Barium: (-inf..0.09]'
c1 rule: 'Potassium: (0.16..0.48]' => 'Barium: (-inf..0.09]'
c1 rule: 'Magnesium: (3.73..+inf)' => 'Barium: (-inf..0.09]'
c1 rule: 'Silicon: (72.66..73.02]' => 'Barium: (-inf..0.09]'
c1 rule: 'Aluminum: (1.02..1.28]' => 'Barium: (-inf..0.09]'
c1 rule: 'Sodium: (-inf..12.81]', not 'Potassium: (0.48..0.61]' => 'Barium: (-inf..0.09]'
c1 rule: 'Iron: (-inf..0.11]', not 'Aluminum: (1.28..1.54]' => 'Barium: (-inf..0.09]'
c1 rule: 'Iron: (-inf..0.11]', not 'Sodium: (13.63..+inf)' => 'Barium: (-inf..0.09]'
c1 rule: 'Sodium: (13.63..+inf)', 'Magnesium: (-inf..3.33]' => 'Barium: (-inf..0.09]'
c1 rule: 'Potassium: (-inf..0.16]', not 'Refractive Index: (-inf..1.52]' => 'Barium: (-inf..0.09]'
c1 # of rules: 14
c1 rule time: 0.0128

c1 computing class: (0.09..0.14]
c1 discrimination constraints: 107h
c1 coverage constraints: 2v+61h
c1 formula: 68v, 267c (201h+66s)
c1 enumerating rules (maxsat-based)
c1 rule: 'Sodium: (13.63..+inf)', 'Magnesium: (3.33..3.53]' => 'Barium: (0.09..0.14]'
c1 rule: 'Magnesium: (-inf..3.33]', 'Silicon: (73.02..+inf)', 'Potassium: (0.48..0.61]' => 'Barium: (0.09..0.14]'
c1 # of rules: 2
c1 rule time: 0.0032

c1 computing class: (0.14..0.27]
c1 discrimination constraints: 107h
c1 coverage constraints: 2v+61h
c1 formula: 68v, 267c (201h+66s)
c1 enumerating rules (maxsat-based)
c1 rule: 'Sodium: (13.63..+inf)', 'Iron: (0.19..0.28]' => 'Barium: (0.14..0.27]'
c1 rule: 'Sodium: (13.22..13.63]', 'Potassium: (0.48..0.61]', 'Calcium: (9.27..+inf)' => 'Barium: (0.14..0.27]'
c1 # of rules: 2
c1 rule time: 0.0029

c1 computing class: (0.27..+inf)
c1 discrimination constraints: 107h
c1 coverage constraints: 2v+61h
c1 formula: 68v, 267c (201h+66s)
c1 enumerating rules (maxsat-based)
c1 rule: 'Aluminum: (1.28..1.54]', 'Potassium: (-inf..0.16]' => 'Barium: (0.27..+inf)'
c1 rule: 'Potassium: (0.48..0.61]', not 'Refractive Index: (-inf..1.52]', not 'Iron: (0.11..0.19]' => 'Barium: (0.27..+inf)'
c1 # of rules: 2
c1 rule time: 0.0028

c2 total rules: 20

c0 computing feature 9
c1 computing class: (-inf..0.11]
c1 discrimination constraints: 34h
c1 coverage constraints: 75v+2251h
c1 formula: 141v, 2384c (2318h+66s)
c1 enumerating rules (maxsat-based)
c1 rule: 'Sodium: (12.81..13.22]', 'Silicon: (-inf..72.15]' => 'Iron: (-inf..0.11]'
c1 rule: 'Sodium: (12.81..13.22]', 'Magnesium: (-inf..3.33]' => 'Iron: (-inf..0.11]'
c1 rule: 'Potassium: (0.16..0.48]', 'Calcium: (8.24..8.64]' => 'Iron: (-inf..0.11]'
c1 rule: 'Aluminum: (1.28..1.54]', 'Potassium: (-inf..0.16]' => 'Iron: (-inf..0.11]'
c1 rule: 'Sodium: (-inf..12.81]', 'Calcium: (8.24..8.64]' => 'Iron: (-inf..0.11]'
c1 rule: 'Magnesium: (-inf..3.33]', 'Silicon: (72.66..73.02]' => 'Iron: (-inf..0.11]'
c1 rule: 'Magnesium: (3.73..+inf)', 'Aluminum: (1.28..1.54]' => 'Iron: (-inf..0.11]'
c1 rule: 'Magnesium: (3.73..+inf)', 'Potassium: (-inf..0.16]' => 'Iron: (-inf..0.11]'
c1 rule: 'Aluminum: (1.02..1.28]', 'Potassium: (-inf..0.16]' => 'Iron: (-inf..0.11]'
c1 rule: 'Sodium: (13.22..13.63]', 'Potassium: (-inf..0.16]' => 'Iron: (-inf..0.11]'
c1 rule: 'Sodium: (13.22..13.63]', 'Potassium: (0.16..0.48]' => 'Iron: (-inf..0.11]'
c1 rule: 'Sodium: (13.22..13.63]', 'Silicon: (-inf..72.15]' => 'Iron: (-inf..0.11]'
c1 rule: 'Silicon: (-inf..72.15]', 'Potassium: (0.61..+inf)' => 'Iron: (-inf..0.11]'
c1 rule: 'Silicon: (-inf..72.15]', 'Barium: (0.09..0.14]' => 'Iron: (-inf..0.11]'
c1 rule: 'Aluminum: (-inf..1.02]', 'Silicon: (72.66..73.02]' => 'Iron: (-inf..0.11]'
c1 rule: 'Sodium: (13.63..+inf)', 'Potassium: (0.61..+inf)' => 'Iron: (-inf..0.11]'
c1 rule: 'Silicon: (73.02..+inf)', not 'Refractive Index: (-inf..1.52]' => 'Iron: (-inf..0.11]'
c1 rule: 'Sodium: (13.63..+inf)', 'Silicon: (73.02..+inf)' => 'Iron: (-inf..0.11]'
c1 rule: 'Magnesium: (-inf..3.33]', 'Calcium: (-inf..8.24]' => 'Iron: (-inf..0.11]'
c1 rule: 'Aluminum: (1.28..1.54]', 'Potassium: (0.16..0.48]' => 'Iron: (-inf..0.11]'
c1 rule: 'Magnesium: (3.73..+inf)', 'Calcium: (9.27..+inf)' => 'Iron: (-inf..0.11]'
c1 rule: 'Sodium: (13.22..13.63]', 'Calcium: (8.64..9.27]' => 'Iron: (-inf..0.11]'
c1 rule: 'Sodium: (13.22..13.63]', 'Aluminum: (1.28..1.54]' => 'Iron: (-inf..0.11]'
c1 rule: 'Sodium: (13.22..13.63]', not 'Potassium: (0.48..0.61]' => 'Iron: (-inf..0.11]'
c1 rule: 'Sodium: (13.22..13.63]', 'Calcium: (8.24..8.64]' => 'Iron: (-inf..0.11]'
c1 rule: 'Aluminum: (1.28..1.54]', 'Silicon: (72.15..72.66]' => 'Iron: (-inf..0.11]'
c1 rule: 'Sodium: (13.22..13.63]', 'Silicon: (72.66..73.02]' => 'Iron: (-inf..0.11]'
c1 rule: 'Sodium: (13.22..13.63]', not 'Silicon: (72.15..72.66]' => 'Iron: (-inf..0.11]'
c1 rule: 'Sodium: (-inf..12.81]', 'Aluminum: (1.28..1.54]', not 'Silicon: (73.02..+inf)' => 'Iron: (-inf..0.11]'
c1 rule: 'Sodium: (-inf..12.81]', 'Aluminum: (1.28..1.54]', not 'Barium: (0.09..0.14]' => 'Iron: (-inf..0.11]'
c1 rule: 'Aluminum: (1.28..1.54]', not 'Sodium: (12.81..13.22]', not 'Magnesium: (-inf..3.33]' => 'Iron: (-inf..0.11]'
c1 rule: 'Magnesium: (3.53..3.73]', 'Potassium: (0.48..0.61]', not 'Sodium: (12.81..13.22]' => 'Iron: (-inf..0.11]'
c1 rule: 'Magnesium: (3.53..3.73]', 'Potassium: (0.48..0.61]', not 'Calcium: (8.24..8.64]' => 'Iron: (-inf..0.11]'
c1 rule: 'Silicon: (72.66..73.02]', not 'Magnesium: (3.53..3.73]', not 'Aluminum: (1.02..1.28]' => 'Iron: (-inf..0.11]'
c1 rule: 'Aluminum: (1.54..+inf)', 'Silicon: (72.66..73.02]', not 'Calcium: (-inf..8.24]' => 'Iron: (-inf..0.11]'
c1 rule: 'Magnesium: (3.33..3.53]', 'Silicon: (72.15..72.66]', not 'Calcium: (8.24..8.64]' => 'Iron: (-inf..0.11]'
c1 rule: 'Magnesium: (3.33..3.53]', 'Calcium: (8.64..9.27]', not 'Silicon: (72.66..73.02]' => 'Iron: (-inf..0.11]'
c1 rule: 'Magnesium: (3.53..3.73]', 'Aluminum: (1.28..1.54]', not 'Silicon: (72.66..73.02]' => 'Iron: (-inf..0.11]'
c1 rule: 'Silicon: (73.02..+inf)', 'Calcium: (-inf..8.24]', not 'Magnesium: (3.33..3.53]' => 'Iron: (-inf..0.11]'
c1 rule: 'Magnesium: (3.33..3.53]', 'Silicon: (73.02..+inf)', 'Potassium: (0.48..0.61]' => 'Iron: (-inf..0.11]'
c1 rule: 'Sodium: (13.63..+inf)', 'Potassium: (-inf..0.16]', not 'Magnesium: (3.53..3.73]' => 'Iron: (-inf..0.11]'
c1 rule: 'Aluminum: (1.02..1.28]', 'Silicon: (72.15..72.66]', 'Calcium: (8.24..8.64]' => 'Iron: (-inf..0.11]'
c1 # of rules: 42
c1 rule time: 0.0379

c1 computing class: (0.11..0.19]
c1 discrimination constraints: 93h
c1 coverage constraints: 16v+481h
c1 formula: 82v, 673c (607h+66s)
c1 enumerating rules (maxsat-based)
c1 rule: 'Magnesium: (3.73..+inf)', 'Silicon: (73.02..+inf)' => 'Iron: (0.11..0.19]'
c1 rule: 'Magnesium: (3.33..3.53]', 'Potassium: (-inf..0.16]' => 'Iron: (0.11..0.19]'
c1 rule: 'Aluminum: (1.54..+inf)', 'Potassium: (-inf..0.16]' => 'Iron: (0.11..0.19]'
c1 rule: 'Aluminum: (1.54..+inf)', 'Barium: (0.14..0.27]' => 'Iron: (0.11..0.19]'
c1 rule: 'Aluminum: (1.54..+inf)', 'Potassium: (0.16..0.48]' => 'Iron: (0.11..0.19]'
c1 rule: 'Potassium: (0.48..0.61]', not 'Refractive Index: (-inf..1.52]', not 'Barium: (0.27..+inf)' => 'Iron: (0.11..0.19]'
c1 rule: 'Aluminum: (1.54..+inf)', 'Calcium: (8.24..8.64]', not 'Silicon: (72.66..73.02]' => 'Iron: (0.11..0.19]'
c1 rule: 'Sodium: (12.81..13.22]', 'Calcium: (9.27..+inf)', not 'Potassium: (-inf..0.16]' => 'Iron: (0.11..0.19]'
c1 rule: 'Sodium: (12.81..13.22]', 'Magnesium: (3.33..3.53]', 'Calcium: (8.64..9.27]' => 'Iron: (0.11..0.19]'
c1 rule: 'Sodium: (12.81..13.22]', 'Magnesium: (3.53..3.73]', 'Aluminum: (1.02..1.28]', not 'Silicon: (72.15..72.66]' => 'Iron: (0.11..0.19]'
c1 # of rules: 10
c1 rule time: 0.0068

c1 computing class: (0.19..0.28]
c1 discrimination constraints: 97h
c1 coverage constraints: 12v+361h
c1 formula: 78v, 557c (491h+66s)
c1 enumerating rules (maxsat-based)
c1 rule: 'Silicon: (73.02..+inf)', not 'Barium: (-inf..0.09]' => 'Iron: (0.19..0.28]'
c1 rule: 'Sodium: (-inf..12.81]', not 'Barium: (-inf..0.09]' => 'Iron: (0.19..0.28]'
c1 rule: 'Aluminum: (-inf..1.02]', not 'Barium: (-inf..0.09]' => 'Iron: (0.19..0.28]'
c1 rule: 'Magnesium: (3.73..+inf)', 'Potassium: (0.61..+inf)' => 'Iron: (0.19..0.28]'
c1 rule: 'Sodium: (-inf..12.81]', 'Potassium: (0.16..0.48]' => 'Iron: (0.19..0.28]'
c1 rule: 'Sodium: (-inf..12.81]', 'Calcium: (-inf..8.24]', not 'Silicon: (73.02..+inf)' => 'Iron: (0.19..0.28]'
c1 rule: 'Magnesium: (-inf..3.33]', 'Aluminum: (1.02..1.28]', 'Silicon: (73.02..+inf)' => 'Iron: (0.19..0.28]'
c1 rule: 'Sodium: (12.81..13.22]', 'Magnesium: (3.33..3.53]', 'Silicon: (73.02..+inf)', 'Potassium: (0.61..+inf)' => 'Iron: (0.19..0.28]'
c1 rule: 'Sodium: (12.81..13.22]', 'Silicon: (72.66..73.02]', 'Potassium: (0.61..+inf)', not 'Magnesium: (3.33..3.53]' => 'Iron: (0.19..0.28]'
c1 # of rules: 9
c1 rule time: 0.0090

c1 computing class: (0.28..+inf)
c1 discrimination constraints: 103h
c1 coverage constraints: 6v+181h
c1 formula: 72v, 383c (317h+66s)
c1 enumerating rules (maxsat-based)
c1 rule: 'Potassium: (0.61..+inf)', not 'Refractive Index: (-inf..1.52]' => 'Iron: (0.28..+inf)'
c1 rule: 'Potassium: (0.16..0.48]', 'Calcium: (8.64..9.27]' => 'Iron: (0.28..+inf)'
c1 rule: 'Sodium: (13.63..+inf)', 'Potassium: (0.48..0.61]', not 'Aluminum: (1.28..1.54]' => 'Iron: (0.28..+inf)'
c1 rule: 'Potassium: (0.61..+inf)', 'Calcium: (8.24..8.64]', not 'Sodium: (-inf..12.81]' => 'Iron: (0.28..+inf)'
c1 rule: 'Sodium: (-inf..12.81]', 'Aluminum: (1.02..1.28]', 'Silicon: (72.66..73.02]', not 'Calcium: (8.24..8.64]' => 'Iron: (0.28..+inf)'
c1 # of rules: 5
c1 rule time: 0.0050

c2 total rules: 66
c3 total time: 0.7994

Rules are saved to ../rules/all/q4_glass2_train3.csv.json