c0 # of samps: 4937 (354 weighted)
c0 # of feats: 11 (16 binary)
c0 # of labls: 2
c0 parse time: 0.2863


c0 computing feature 1
c1 computing class: (-inf..5.83]
c1 discrimination constraints: 115h
c1 coverage constraints: 100v+1101h
c1 formula: 132v, 1264c (1232h+32s)
c1 enumerating rules (maxsat-based)
c1 rule: 'score_factor: 0', not 'Native_American: 0' => 'Number_of_Priors: (-inf..5.83]'
c1 rule: 'Age_Above_FourtyFive: 0', not 'Native_American: 0' => 'Number_of_Priors: (-inf..5.83]'
c1 rule: 'Female: 0', not 'Asian: 0' => 'Number_of_Priors: (-inf..5.83]'
c1 rule: 'Age_Above_FourtyFive: 0', not 'Asian: 0' => 'Number_of_Priors: (-inf..5.83]'
c1 rule: not 'Age_Above_FourtyFive: 0', not 'Other: 0', not 'Misdemeanor: 0' => 'Number_of_Priors: (-inf..5.83]'
c1 rule: not 'Age_Above_FourtyFive: 0', not 'Other: 0', not 'Female: 0' => 'Number_of_Priors: (-inf..5.83]'
c1 rule: 'score_factor: 0', not 'Other: 0', not 'Female: 0' => 'Number_of_Priors: (-inf..5.83]'
c1 rule: not 'Other: 0', not 'Female: 0', not 'Misdemeanor: 0' => 'Number_of_Priors: (-inf..5.83]'
c1 rule: not 'Age_Below_TwentyFive: 0', not 'Hispanic: 0', not 'Female: 0' => 'Number_of_Priors: (-inf..5.83]'
c1 rule: 'score_factor: 0', not 'Age_Below_TwentyFive: 0', not 'Female: 0' => 'Number_of_Priors: (-inf..5.83]'
c1 rule: not 'Age_Above_FourtyFive: 0', not 'Hispanic: 0', not 'Female: 0' => 'Number_of_Priors: (-inf..5.83]'
c1 rule: not 'score_factor: 0', not 'Other: 0', not 'Misdemeanor: 0' => 'Number_of_Priors: (-inf..5.83]'
c1 rule: not 'Age_Below_TwentyFive: 0', not 'Other: 0', not 'Misdemeanor: 0' => 'Number_of_Priors: (-inf..5.83]'
c1 rule: 'score_factor: 0', not 'Age_Below_TwentyFive: 0', not 'Other: 0' => 'Number_of_Priors: (-inf..5.83]'
c1 rule: 'score_factor: 0', not 'Age_Below_TwentyFive: 0', not 'Misdemeanor: 0' => 'Number_of_Priors: (-inf..5.83]'
c1 rule: 'score_factor: 0', not 'Age_Below_TwentyFive: 0', not 'Hispanic: 0' => 'Number_of_Priors: (-inf..5.83]'
c1 rule: 'score_factor: 0', not 'Hispanic: 0', not 'Female: 0', not 'Misdemeanor: 0' => 'Number_of_Priors: (-inf..5.83]'
c1 # of rules: 17
c1 rule time: 0.0139

c1 computing class: (11.67..17.5]
c1 discrimination constraints: 193h
c1 coverage constraints: 22v+243h
c1 formula: 54v, 484c (452h+32s)
c1 enumerating rules (maxsat-based)
c1 # of rules: 0
c1 rule time: 0.0022

c1 computing class: (17.5..23.33]
c1 discrimination constraints: 198h
c1 coverage constraints: 17v+188h
c1 formula: 49v, 434c (402h+32s)
c1 enumerating rules (maxsat-based)
c1 rule: not 'Age_Above_FourtyFive: 0', not 'Native_American: 0' => 'Number_of_Priors: (17.5..23.33]'
c1 rule: 'Age_Below_TwentyFive: 0', 'Misdemeanor: 0', not 'score_factor: 0', not 'Hispanic: 0', not 'Female: 0' => 'Number_of_Priors: (17.5..23.33]'
c1 # of rules: 2
c1 rule time: 0.0025

c1 computing class: (23.33..29.17]
c1 discrimination constraints: 206h
c1 coverage constraints: 9v+100h
c1 formula: 41v, 354c (322h+32s)
c1 enumerating rules (maxsat-based)
c1 # of rules: 0
c1 rule time: 0.0016

c1 computing class: (29.17..+inf)
c1 discrimination constraints: 210h
c1 coverage constraints: 5v+56h
c1 formula: 37v, 314c (282h+32s)
c1 enumerating rules (maxsat-based)
c1 # of rules: 0
c1 rule time: 0.0015

c1 computing class: (5.83..11.67]
c1 discrimination constraints: 153h
c1 coverage constraints: 62v+683h
c1 formula: 94v, 884c (852h+32s)
c1 enumerating rules (maxsat-based)
c1 rule: not 'Age_Above_FourtyFive: 0', not 'Asian: 0', not 'Female: 0' => 'Number_of_Priors: (5.83..11.67]'
c1 rule: not 'score_factor: 0', not 'Hispanic: 0', not 'Female: 0', not 'Misdemeanor: 0' => 'Number_of_Priors: (5.83..11.67]'
c1 # of rules: 2
c1 rule time: 0.0040

c2 total rules: 21

c0 computing feature 2
c1 computing class: 0
c1 discrimination constraints: 119h
c1 coverage constraints: 96v+1537h
c1 formula: 130v, 1707c (1673h+34s)
c1 enumerating rules (maxsat-based)
c1 rule: 'Number_of_Priors: (17.5..23.33]', not 'Other: 0' => 'score_factor: 0'
c1 rule: not 'Number_of_Priors: (-inf..5.83]', not 'Asian: 0' => 'score_factor: 0'
c1 rule: not 'Asian: 0', not 'Female: 0' => 'score_factor: 0'
c1 rule: not 'Asian: 0', not 'Misdemeanor: 0' => 'score_factor: 0'
c1 rule: not 'Age_Above_FourtyFive: 0', not 'Other: 0', not 'Misdemeanor: 0' => 'score_factor: 0'
c1 rule: not 'Age_Above_FourtyFive: 0', not 'Other: 0', not 'Female: 0' => 'score_factor: 0'
c1 rule: 'Number_of_Priors: (-inf..5.83]', not 'Age_Above_FourtyFive: 0', not 'Other: 0' => 'score_factor: 0'
c1 rule: 'Number_of_Priors: (17.5..23.33]', not 'Age_Above_FourtyFive: 0', not 'Hispanic: 0' => 'score_factor: 0'
c1 rule: 'Number_of_Priors: (17.5..23.33]', 'African_American: 0', not 'Age_Above_FourtyFive: 0', not 'Misdemeanor: 0' => 'score_factor: 0'
c1 rule: 'Age_Above_FourtyFive: 0', 'Age_Below_TwentyFive: 0', 'Misdemeanor: 0', not 'Native_American: 0' => 'score_factor: 0'
c1 rule: 'Misdemeanor: 0', not 'Age_Below_TwentyFive: 0', not 'Other: 0', not 'Female: 0' => 'score_factor: 0'
c1 # of rules: 11
c1 rule time: 0.0161

c1 computing class: 1
c1 discrimination constraints: 96h
c1 coverage constraints: 119v+1905h
c1 formula: 153v, 2052c (2018h+34s)
c1 enumerating rules (maxsat-based)
c1 rule: 'Number_of_Priors: (23.33..29.17]' => 'score_factor: 1'
c1 rule: 'Number_of_Priors: (29.17..+inf)' => 'score_factor: 1'
c1 rule: 'Number_of_Priors: (11.67..17.5]', not 'Other: 0' => 'score_factor: 1'
c1 rule: 'Number_of_Priors: (11.67..17.5]', not 'Age_Below_TwentyFive: 0' => 'score_factor: 1'
c1 rule: not 'Age_Below_TwentyFive: 0', not 'Native_American: 0' => 'score_factor: 1'
c1 rule: 'Number_of_Priors: (11.67..17.5]', not 'Female: 0' => 'score_factor: 1'
c1 rule: 'Number_of_Priors: (11.67..17.5]', not 'Hispanic: 0' => 'score_factor: 1'
c1 rule: 'Number_of_Priors: (17.5..23.33]', not 'Female: 0' => 'score_factor: 1'
c1 rule: 'Number_of_Priors: (17.5..23.33]', 'Age_Above_FourtyFive: 0', 'African_American: 0' => 'score_factor: 1'
c1 rule: 'Number_of_Priors: (17.5..23.33]', 'Age_Above_FourtyFive: 0', not 'Misdemeanor: 0' => 'score_factor: 1'
c1 rule: 'Number_of_Priors: (11.67..17.5]', 'Age_Above_FourtyFive: 0', 'African_American: 0', not 'Misdemeanor: 0' => 'score_factor: 1'
c1 rule: 'Number_of_Priors: (11.67..17.5]', 'Age_Above_FourtyFive: 0', 'Misdemeanor: 0', not 'African_American: 0' => 'score_factor: 1'
c1 rule: 'Number_of_Priors: (17.5..23.33]', 'African_American: 0', 'Hispanic: 0', 'Other: 0', 'Misdemeanor: 0' => 'score_factor: 1'
c1 # of rules: 13
c1 rule time: 0.0125

c2 total rules: 24

c0 computing feature 3
c1 computing class: 0
c1 discrimination constraints: 81h
c1 coverage constraints: 134v+2145h
c1 formula: 168v, 2277c (2243h+34s)
c1 enumerating rules (maxsat-based)
c1 rule: not 'Age_Below_TwentyFive: 0' => 'Age_Above_FourtyFive: 0'
c1 rule: 'Number_of_Priors: (11.67..17.5]', not 'Hispanic: 0' => 'Age_Above_FourtyFive: 0'
c1 rule: 'Number_of_Priors: (17.5..23.33]', not 'Female: 0' => 'Age_Above_FourtyFive: 0'
c1 rule: 'Number_of_Priors: (23.33..29.17]', not 'Other: 0' => 'Age_Above_FourtyFive: 0'
c1 rule: 'Number_of_Priors: (29.17..+inf)', not 'Other: 0' => 'Age_Above_FourtyFive: 0'
c1 rule: 'Number_of_Priors: (29.17..+inf)', not 'African_American: 0', not 'Misdemeanor: 0' => 'Age_Above_FourtyFive: 0'
c1 rule: 'Number_of_Priors: (11.67..17.5]', 'Misdemeanor: 0', not 'African_American: 0', not 'Female: 0' => 'Age_Above_FourtyFive: 0'
c1 # of rules: 7
c1 rule time: 0.0162

c1 computing class: 1
c1 discrimination constraints: 134h
c1 coverage constraints: 81v+1297h
c1 formula: 115v, 1482c (1448h+34s)
c1 enumerating rules (maxsat-based)
c1 rule: 'Number_of_Priors: (29.17..+inf)', not 'Female: 0' => 'Age_Above_FourtyFive: 1'
c1 rule: 'Number_of_Priors: (23.33..29.17]', not 'Female: 0' => 'Age_Above_FourtyFive: 1'
c1 rule: 'Number_of_Priors: (11.67..17.5]', not 'Female: 0', not 'Misdemeanor: 0' => 'Age_Above_FourtyFive: 1'
c1 rule: 'Number_of_Priors: (29.17..+inf)', 'African_American: 0', 'Other: 0' => 'Age_Above_FourtyFive: 1'
c1 rule: 'Number_of_Priors: (29.17..+inf)', 'Other: 0', 'Misdemeanor: 0' => 'Age_Above_FourtyFive: 1'
c1 rule: 'Number_of_Priors: (23.33..29.17]', 'African_American: 0', not 'Misdemeanor: 0' => 'Age_Above_FourtyFive: 1'
c1 rule: 'Number_of_Priors: (23.33..29.17]', 'African_American: 0', 'Other: 0' => 'Age_Above_FourtyFive: 1'
c1 # of rules: 7
c1 rule time: 0.0132

c2 total rules: 14

c0 computing feature 4
c1 computing class: 0
c1 discrimination constraints: 48h
c1 coverage constraints: 167v+2673h
c1 formula: 201v, 2772c (2738h+34s)
c1 enumerating rules (maxsat-based)
c1 rule: 'Number_of_Priors: (29.17..+inf)' => 'Age_Below_TwentyFive: 0'
c1 rule: 'Number_of_Priors: (17.5..23.33]' => 'Age_Below_TwentyFive: 0'
c1 rule: 'Number_of_Priors: (23.33..29.17]' => 'Age_Below_TwentyFive: 0'
c1 rule: 'Number_of_Priors: (11.67..17.5]', not 'Other: 0' => 'Age_Below_TwentyFive: 0'
c1 rule: 'Number_of_Priors: (11.67..17.5]', 'African_American: 0' => 'Age_Below_TwentyFive: 0'
c1 rule: 'Number_of_Priors: (11.67..17.5]', not 'Misdemeanor: 0' => 'Age_Below_TwentyFive: 0'
c1 rule: not 'Asian: 0', not 'Female: 0' => 'Age_Below_TwentyFive: 0'
c1 rule: 'Number_of_Priors: (11.67..17.5]', not 'Female: 0' => 'Age_Below_TwentyFive: 0'
c1 rule: not 'Native_American: 0', not 'Misdemeanor: 0' => 'Age_Below_TwentyFive: 0'
c1 # of rules: 9
c1 rule time: 0.0158

c1 computing class: 1
c1 discrimination constraints: 167h
c1 coverage constraints: 48v+769h
c1 formula: 82v, 987c (953h+34s)
c1 enumerating rules (maxsat-based)
c1 # of rules: 0
c1 rule time: 0.0043

c2 total rules: 9

c0 computing feature 5
c1 computing class: 0
c1 discrimination constraints: 70h
c1 coverage constraints: 145v+2321h
c1 formula: 179v, 2442c (2408h+34s)
c1 enumerating rules (maxsat-based)
c1 rule: not 'Other: 0' => 'African_American: 0'
c1 rule: not 'Native_American: 0' => 'African_American: 0'
c1 rule: not 'Hispanic: 0' => 'African_American: 0'
c1 rule: not 'Asian: 0' => 'African_American: 0'
c1 rule: 'Number_of_Priors: (17.5..23.33]', not 'Female: 0', not 'Misdemeanor: 0' => 'African_American: 0'
c1 # of rules: 5
c1 rule time: 0.0124

c1 computing class: 1
c1 discrimination constraints: 145h
c1 coverage constraints: 70v+1121h
c1 formula: 104v, 1317c (1283h+34s)
c1 enumerating rules (maxsat-based)
c1 rule: 'Number_of_Priors: (11.67..17.5]', not 'Female: 0', not 'Misdemeanor: 0' => 'African_American: 1'
c1 rule: 'Number_of_Priors: (17.5..23.33]', 'Hispanic: 0', 'Misdemeanor: 0', not 'Female: 0' => 'African_American: 1'
c1 rule: 'Number_of_Priors: (17.5..23.33]', 'Female: 0', not 'score_factor: 0', not 'Misdemeanor: 0' => 'African_American: 1'
c1 # of rules: 3
c1 rule time: 0.0091

c2 total rules: 8

c0 computing feature 6
c1 computing class: 0
c1 discrimination constraints: 11h
c1 coverage constraints: 204v+3265h
c1 formula: 238v, 3327c (3293h+34s)
c1 enumerating rules (maxsat-based)
c1 rule: not 'Hispanic: 0' => 'Asian: 0'
c1 rule: not 'Other: 0' => 'Asian: 0'
c1 rule: not 'Native_American: 0' => 'Asian: 0'
c1 rule: 'Number_of_Priors: (5.83..11.67]', not 'Misdemeanor: 0' => 'Asian: 0'
c1 rule: not 'Female: 0', not 'Misdemeanor: 0' => 'Asian: 0'
c1 # of rules: 5
c1 rule time: 0.0117

c1 computing class: 1
c1 discrimination constraints: 204h
c1 coverage constraints: 11v+177h
c1 formula: 45v, 432c (398h+34s)
c1 enumerating rules (maxsat-based)
c1 # of rules: 0
c1 rule time: 0.0024

c2 total rules: 5

c0 computing feature 7
c1 computing class: 0
c1 discrimination constraints: 35h
c1 coverage constraints: 180v+2881h
c1 formula: 214v, 2967c (2933h+34s)
c1 enumerating rules (maxsat-based)
c1 rule: not 'Other: 0' => 'Hispanic: 0'
c1 rule: not 'Native_American: 0' => 'Hispanic: 0'
c1 rule: 'Number_of_Priors: (23.33..29.17]' => 'Hispanic: 0'
c1 rule: 'Number_of_Priors: (29.17..+inf)' => 'Hispanic: 0'
c1 rule: 'Number_of_Priors: (11.67..17.5]', not 'Misdemeanor: 0' => 'Hispanic: 0'
c1 rule: 'Number_of_Priors: (17.5..23.33]', not 'Misdemeanor: 0' => 'Hispanic: 0'
c1 # of rules: 6
c1 rule time: 0.0150

c1 computing class: 1
c1 discrimination constraints: 180h
c1 coverage constraints: 35v+561h
c1 formula: 69v, 792c (758h+34s)
c1 enumerating rules (maxsat-based)
c1 # of rules: 0
c1 rule time: 0.0034

c2 total rules: 6

c0 computing feature 8
c1 computing class: 0
c1 discrimination constraints: 5h
c1 coverage constraints: 210v+3361h
c1 formula: 244v, 3417c (3383h+34s)
c1 enumerating rules (maxsat-based)
c1 rule: not 'Female: 0' => 'Native_American: 0'
c1 rule: not 'Other: 0' => 'Native_American: 0'
c1 # of rules: 2
c1 rule time: 0.0095

c1 computing class: 1
c1 discrimination constraints: 210h
c1 coverage constraints: 5v+81h
c1 formula: 39v, 342c (308h+34s)
c1 enumerating rules (maxsat-based)
c1 # of rules: 0
c1 rule time: 0.0021

c2 total rules: 2

c0 computing feature 9
c1 computing class: 0
c1 discrimination constraints: 31h
c1 coverage constraints: 184v+2945h
c1 formula: 218v, 3027c (2993h+34s)
c1 enumerating rules (maxsat-based)
c1 rule: 'Number_of_Priors: (11.67..17.5]', not 'Female: 0' => 'Other: 0'
c1 # of rules: 1
c1 rule time: 0.0145

c1 computing class: 1
c1 discrimination constraints: 184h
c1 coverage constraints: 31v+497h
c1 formula: 65v, 732c (698h+34s)
c1 enumerating rules (maxsat-based)
c1 # of rules: 0
c1 rule time: 0.0039

c2 total rules: 1

c0 computing feature 10
c1 computing class: 0
c1 discrimination constraints: 75h
c1 coverage constraints: 140v+2241h
c1 formula: 174v, 2367c (2333h+34s)
c1 enumerating rules (maxsat-based)
c1 rule: 'Number_of_Priors: (29.17..+inf)', not 'African_American: 0' => 'Female: 0'
c1 rule: 'Number_of_Priors: (29.17..+inf)', 'Misdemeanor: 0' => 'Female: 0'
c1 rule: 'Number_of_Priors: (23.33..29.17]', not 'Misdemeanor: 0' => 'Female: 0'
c1 # of rules: 3
c1 rule time: 0.0190

c1 computing class: 1
c1 discrimination constraints: 140h
c1 coverage constraints: 75v+1201h
c1 formula: 109v, 1392c (1358h+34s)
c1 enumerating rules (maxsat-based)
c1 rule: 'Number_of_Priors: (29.17..+inf)', 'African_American: 0', not 'Misdemeanor: 0' => 'Female: 1'
c1 # of rules: 1
c1 rule time: 0.0075

c2 total rules: 4

c0 computing feature 11
c1 computing class: 0
c1 discrimination constraints: 93h
c1 coverage constraints: 122v+1953h
c1 formula: 156v, 2097c (2063h+34s)
c1 enumerating rules (maxsat-based)
c1 # of rules: 0
c1 rule time: 0.0154

c1 computing class: 1
c1 discrimination constraints: 122h
c1 coverage constraints: 93v+1489h
c1 formula: 127v, 1662c (1628h+34s)
c1 enumerating rules (maxsat-based)
c1 # of rules: 0
c1 rule time: 0.0096

c2 total rules: 0
c3 total time: 0.6033

Rules are saved to ../rules/all/q6_compas_train2.csv.json