c0 # of samps: 4937 (284 weighted)
c0 # of feats: 11 (14 binary)
c0 # of labls: 2
c0 parse time: 0.2692


c0 computing feature 1
c1 computing class: (-inf..8.75]
c1 discrimination constraints: 72h
c1 coverage constraints: 107v+1178h
c1 formula: 135v, 1292c (1264h+28s)
c1 enumerating rules (maxsat-based)
c1 rule: 'Age_Above_FourtyFive: 0', not 'Native_American: 0' => 'Number_of_Priors: (-inf..8.75]'
c1 rule: not 'Other: 0', not 'Misdemeanor: 0' => 'Number_of_Priors: (-inf..8.75]'
c1 rule: not 'Other: 0', not 'Female: 0' => 'Number_of_Priors: (-inf..8.75]'
c1 rule: not 'Age_Below_TwentyFive: 0', not 'Other: 0' => 'Number_of_Priors: (-inf..8.75]'
c1 rule: 'score_factor: 0', not 'Age_Below_TwentyFive: 0' => 'Number_of_Priors: (-inf..8.75]'
c1 rule: not 'Age_Above_FourtyFive: 0', not 'Asian: 0' => 'Number_of_Priors: (-inf..8.75]'
c1 rule: not 'Asian: 0', not 'Misdemeanor: 0' => 'Number_of_Priors: (-inf..8.75]'
c1 rule: not 'Asian: 0', not 'Female: 0' => 'Number_of_Priors: (-inf..8.75]'
c1 rule: 'score_factor: 0', not 'Asian: 0' => 'Number_of_Priors: (-inf..8.75]'
c1 rule: not 'Age_Below_TwentyFive: 0', not 'Asian: 0' => 'Number_of_Priors: (-inf..8.75]'
c1 rule: not 'Age_Above_FourtyFive: 0', not 'Hispanic: 0', not 'Female: 0' => 'Number_of_Priors: (-inf..8.75]'
c1 rule: 'score_factor: 0', not 'Age_Above_FourtyFive: 0', not 'Female: 0' => 'Number_of_Priors: (-inf..8.75]'
c1 rule: not 'Hispanic: 0', not 'Female: 0', not 'Misdemeanor: 0' => 'Number_of_Priors: (-inf..8.75]'
c1 rule: not 'Age_Below_TwentyFive: 0', not 'Hispanic: 0', not 'Female: 0' => 'Number_of_Priors: (-inf..8.75]'
c1 rule: 'score_factor: 0', not 'African_American: 0', not 'Female: 0' => 'Number_of_Priors: (-inf..8.75]'
c1 rule: 'Misdemeanor: 0', not 'Age_Below_TwentyFive: 0', not 'Female: 0' => 'Number_of_Priors: (-inf..8.75]'
c1 rule: not 'Age_Below_TwentyFive: 0', not 'Hispanic: 0', not 'Misdemeanor: 0' => 'Number_of_Priors: (-inf..8.75]'
c1 rule: 'score_factor: 0', 'Age_Above_FourtyFive: 0', not 'Hispanic: 0', not 'Misdemeanor: 0' => 'Number_of_Priors: (-inf..8.75]'
c1 rule: 'African_American: 0', not 'Age_Above_FourtyFive: 0', not 'Female: 0', not 'Misdemeanor: 0' => 'Number_of_Priors: (-inf..8.75]'
c1 rule: 'Age_Below_TwentyFive: 0', 'African_American: 0', not 'score_factor: 0', not 'Female: 0', not 'Misdemeanor: 0' => 'Number_of_Priors: (-inf..8.75]'
c1 # of rules: 20
c1 rule time: 0.0147

c1 computing class: (17.5..26.25]
c1 discrimination constraints: 159h
c1 coverage constraints: 20v+221h
c1 formula: 48v, 422c (394h+28s)
c1 enumerating rules (maxsat-based)
c1 rule: 'Female: 0', not 'Age_Above_FourtyFive: 0', not 'Native_American: 0' => 'Number_of_Priors: (17.5..26.25]'
c1 # of rules: 1
c1 rule time: 0.0024

c1 computing class: (26.25..+inf)
c1 discrimination constraints: 171h
c1 coverage constraints: 8v+89h
c1 formula: 36v, 302c (274h+28s)
c1 enumerating rules (maxsat-based)
c1 # of rules: 0
c1 rule time: 0.0013

c1 computing class: (8.75..17.5]
c1 discrimination constraints: 135h
c1 coverage constraints: 44v+485h
c1 formula: 72v, 662c (634h+28s)
c1 enumerating rules (maxsat-based)
c1 rule: not 'Age_Above_FourtyFive: 0', not 'Native_American: 0', not 'Female: 0' => 'Number_of_Priors: (8.75..17.5]'
c1 # of rules: 1
c1 rule time: 0.0025

c2 total rules: 22

c0 computing feature 2
c1 computing class: 0
c1 discrimination constraints: 100h
c1 coverage constraints: 79v+1107h
c1 formula: 109v, 1252c (1222h+30s)
c1 enumerating rules (maxsat-based)
c1 rule: not 'Asian: 0', not 'Misdemeanor: 0' => 'score_factor: 0'
c1 rule: not 'Asian: 0', not 'Female: 0' => 'score_factor: 0'
c1 rule: 'Number_of_Priors: (17.5..26.25]', 'African_American: 0', not 'Misdemeanor: 0' => 'score_factor: 0'
c1 rule: not 'Age_Above_FourtyFive: 0', not 'Hispanic: 0', not 'Female: 0' => 'score_factor: 0'
c1 rule: not 'Age_Above_FourtyFive: 0', not 'Other: 0', not 'Female: 0' => 'score_factor: 0'
c1 rule: not 'Age_Above_FourtyFive: 0', not 'Other: 0', not 'Misdemeanor: 0' => 'score_factor: 0'
c1 rule: 'Number_of_Priors: (17.5..26.25]', not 'Age_Above_FourtyFive: 0', not 'Hispanic: 0' => 'score_factor: 0'
c1 rule: 'Number_of_Priors: (17.5..26.25]', not 'Age_Above_FourtyFive: 0', not 'Other: 0' => 'score_factor: 0'
c1 rule: 'Number_of_Priors: (-inf..8.75]', 'Age_Below_TwentyFive: 0', 'Misdemeanor: 0', not 'Hispanic: 0', not 'Female: 0' => 'score_factor: 0'
c1 # of rules: 9
c1 rule time: 0.0101

c1 computing class: 1
c1 discrimination constraints: 79h
c1 coverage constraints: 100v+1401h
c1 formula: 130v, 1525c (1495h+30s)
c1 enumerating rules (maxsat-based)
c1 rule: 'Number_of_Priors: (26.25..+inf)' => 'score_factor: 1'
c1 rule: 'Number_of_Priors: (17.5..26.25]', not 'Female: 0' => 'score_factor: 1'
c1 rule: 'Number_of_Priors: (17.5..26.25]', not 'Native_American: 0' => 'score_factor: 1'
c1 rule: not 'Native_American: 0', not 'Female: 0' => 'score_factor: 1'
c1 rule: not 'Age_Below_TwentyFive: 0', not 'Native_American: 0' => 'score_factor: 1'
c1 rule: 'Number_of_Priors: (17.5..26.25]', 'Age_Above_FourtyFive: 0', 'African_American: 0' => 'score_factor: 1'
c1 rule: 'Number_of_Priors: (17.5..26.25]', 'Age_Above_FourtyFive: 0', not 'Misdemeanor: 0' => 'score_factor: 1'
c1 rule: 'Number_of_Priors: (8.75..17.5]', not 'Age_Above_FourtyFive: 0', not 'Other: 0' => 'score_factor: 1'
c1 rule: 'Number_of_Priors: (17.5..26.25]', 'African_American: 0', 'Hispanic: 0', 'Other: 0', 'Misdemeanor: 0' => 'score_factor: 1'
c1 # of rules: 9
c1 rule time: 0.0137

c2 total rules: 18

c0 computing feature 3
c1 computing class: 0
c1 discrimination constraints: 63h
c1 coverage constraints: 116v+1625h
c1 formula: 146v, 1733c (1703h+30s)
c1 enumerating rules (maxsat-based)
c1 rule: not 'Age_Below_TwentyFive: 0' => 'Age_Above_FourtyFive: 0'
c1 rule: 'Number_of_Priors: (26.25..+inf)', not 'Other: 0' => 'Age_Above_FourtyFive: 0'
c1 rule: 'Number_of_Priors: (17.5..26.25]', 'African_American: 0', not 'Female: 0' => 'Age_Above_FourtyFive: 0'
c1 rule: 'Number_of_Priors: (8.75..17.5]', 'Misdemeanor: 0', not 'African_American: 0', not 'Female: 0' => 'Age_Above_FourtyFive: 0'
c1 # of rules: 4
c1 rule time: 0.0113

c1 computing class: 1
c1 discrimination constraints: 116h
c1 coverage constraints: 63v+883h
c1 formula: 93v, 1044c (1014h+30s)
c1 enumerating rules (maxsat-based)
c1 rule: 'Number_of_Priors: (26.25..+inf)', not 'Female: 0' => 'Age_Above_FourtyFive: 1'
c1 rule: 'Number_of_Priors: (26.25..+inf)', 'African_American: 0', not 'Misdemeanor: 0' => 'Age_Above_FourtyFive: 1'
c1 rule: 'Number_of_Priors: (26.25..+inf)', 'African_American: 0', 'Other: 0' => 'Age_Above_FourtyFive: 1'
c1 rule: 'Number_of_Priors: (17.5..26.25]', 'African_American: 0', 'Hispanic: 0', 'Other: 0', 'Female: 0' => 'Age_Above_FourtyFive: 1'
c1 # of rules: 4
c1 rule time: 0.0069

c2 total rules: 8

c0 computing feature 4
c1 computing class: 0
c1 discrimination constraints: 43h
c1 coverage constraints: 136v+1905h
c1 formula: 166v, 1993c (1963h+30s)
c1 enumerating rules (maxsat-based)
c1 rule: 'Number_of_Priors: (17.5..26.25]' => 'Age_Below_TwentyFive: 0'
c1 rule: 'Number_of_Priors: (26.25..+inf)' => 'Age_Below_TwentyFive: 0'
c1 rule: 'Misdemeanor: 0', not 'Native_American: 0' => 'Age_Below_TwentyFive: 0'
c1 rule: not 'Asian: 0', not 'Female: 0' => 'Age_Below_TwentyFive: 0'
c1 # of rules: 4
c1 rule time: 0.0089

c1 computing class: 1
c1 discrimination constraints: 136h
c1 coverage constraints: 43v+603h
c1 formula: 73v, 784c (754h+30s)
c1 enumerating rules (maxsat-based)
c1 # of rules: 0
c1 rule time: 0.0032

c2 total rules: 4

c0 computing feature 5
c1 computing class: 0
c1 discrimination constraints: 53h
c1 coverage constraints: 126v+1765h
c1 formula: 156v, 1863c (1833h+30s)
c1 enumerating rules (maxsat-based)
c1 rule: not 'Other: 0' => 'African_American: 0'
c1 rule: not 'Native_American: 0' => 'African_American: 0'
c1 rule: not 'Asian: 0' => 'African_American: 0'
c1 rule: not 'Hispanic: 0' => 'African_American: 0'
c1 rule: 'Number_of_Priors: (26.25..+inf)', not 'Female: 0' => 'African_American: 0'
c1 # of rules: 5
c1 rule time: 0.0056

c1 computing class: 1
c1 discrimination constraints: 126h
c1 coverage constraints: 53v+743h
c1 formula: 83v, 914c (884h+30s)
c1 enumerating rules (maxsat-based)
c1 # of rules: 0
c1 rule time: 0.0038

c2 total rules: 5

c0 computing feature 6
c1 computing class: 0
c1 discrimination constraints: 12h
c1 coverage constraints: 167v+2339h
c1 formula: 197v, 2396c (2366h+30s)
c1 enumerating rules (maxsat-based)
c1 rule: 'Number_of_Priors: (17.5..26.25]' => 'Asian: 0'
c1 rule: not 'Hispanic: 0' => 'Asian: 0'
c1 rule: not 'Native_American: 0' => 'Asian: 0'
c1 rule: not 'Other: 0' => 'Asian: 0'
c1 rule: not 'Female: 0', not 'Misdemeanor: 0' => 'Asian: 0'
c1 # of rules: 5
c1 rule time: 0.0094

c1 computing class: 1
c1 discrimination constraints: 167h
c1 coverage constraints: 12v+169h
c1 formula: 42v, 381c (351h+30s)
c1 enumerating rules (maxsat-based)
c1 # of rules: 0
c1 rule time: 0.0018

c2 total rules: 5

c0 computing feature 7
c1 computing class: 0
c1 discrimination constraints: 34h
c1 coverage constraints: 145v+2031h
c1 formula: 175v, 2110c (2080h+30s)
c1 enumerating rules (maxsat-based)
c1 rule: not 'Other: 0' => 'Hispanic: 0'
c1 rule: 'Number_of_Priors: (26.25..+inf)' => 'Hispanic: 0'
c1 rule: not 'Native_American: 0' => 'Hispanic: 0'
c1 rule: 'Number_of_Priors: (17.5..26.25]', not 'Misdemeanor: 0' => 'Hispanic: 0'
c1 # of rules: 4
c1 rule time: 0.0097

c1 computing class: 1
c1 discrimination constraints: 145h
c1 coverage constraints: 34v+477h
c1 formula: 64v, 667c (637h+30s)
c1 enumerating rules (maxsat-based)
c1 # of rules: 0
c1 rule time: 0.0028

c2 total rules: 4

c0 computing feature 8
c1 computing class: 0
c1 discrimination constraints: 8h
c1 coverage constraints: 171v+2395h
c1 formula: 201v, 2448c (2418h+30s)
c1 enumerating rules (maxsat-based)
c1 rule: not 'Other: 0' => 'Native_American: 0'
c1 rule: not 'Female: 0', not 'Misdemeanor: 0' => 'Native_American: 0'
c1 # of rules: 2
c1 rule time: 0.0080

c1 computing class: 1
c1 discrimination constraints: 171h
c1 coverage constraints: 8v+113h
c1 formula: 38v, 329c (299h+30s)
c1 enumerating rules (maxsat-based)
c1 # of rules: 0
c1 rule time: 0.0016

c2 total rules: 2

c0 computing feature 9
c1 computing class: 0
c1 discrimination constraints: 27h
c1 coverage constraints: 152v+2129h
c1 formula: 182v, 2201c (2171h+30s)
c1 enumerating rules (maxsat-based)
c1 # of rules: 0
c1 rule time: 0.0073

c1 computing class: 1
c1 discrimination constraints: 152h
c1 coverage constraints: 27v+379h
c1 formula: 57v, 576c (546h+30s)
c1 enumerating rules (maxsat-based)
c1 # of rules: 0
c1 rule time: 0.0021

c2 total rules: 0

c0 computing feature 10
c1 computing class: 0
c1 discrimination constraints: 65h
c1 coverage constraints: 114v+1597h
c1 formula: 144v, 1707c (1677h+30s)
c1 enumerating rules (maxsat-based)
c1 # of rules: 0
c1 rule time: 0.0116

c1 computing class: 1
c1 discrimination constraints: 114h
c1 coverage constraints: 65v+911h
c1 formula: 95v, 1070c (1040h+30s)
c1 enumerating rules (maxsat-based)
c1 # of rules: 0
c1 rule time: 0.0049

c2 total rules: 0

c0 computing feature 11
c1 computing class: 0
c1 discrimination constraints: 78h
c1 coverage constraints: 101v+1415h
c1 formula: 131v, 1538c (1508h+30s)
c1 enumerating rules (maxsat-based)
c1 # of rules: 0
c1 rule time: 0.0086

c1 computing class: 1
c1 discrimination constraints: 101h
c1 coverage constraints: 78v+1093h
c1 formula: 108v, 1239c (1209h+30s)
c1 enumerating rules (maxsat-based)
c1 # of rules: 0
c1 rule time: 0.0059

c2 total rules: 0
c3 total time: 0.4929

Rules are saved to ../rules/size/q4_compas_train1.csv_size5.json