c0 # of samps: 4938 (321 weighted)
c0 # of feats: 11 (15 binary)
c0 # of labls: 2
c0 parse time: 0.2946


c0 computing feature 1
c1 computing class: (-inf..7.0]
c1 discrimination constraints: 92h
c1 coverage constraints: 106v+1167h
c1 formula: 136v, 1304c (1274h+30s)
c1 enumerating rules (maxsat-based)
c1 rule: not 'Native_American: 0' => 'Number_of_Priors: (-inf..7.0]'
c1 rule: not 'Age_Below_TwentyFive: 0', not 'Asian: 0' => 'Number_of_Priors: (-inf..7.0]'
c1 rule: not 'Asian: 0', not 'Female: 0' => 'Number_of_Priors: (-inf..7.0]'
c1 rule: not 'Asian: 0', not 'Misdemeanor: 0' => 'Number_of_Priors: (-inf..7.0]'
c1 rule: 'score_factor: 0', not 'Asian: 0' => 'Number_of_Priors: (-inf..7.0]'
c1 rule: not 'Other: 0', not 'Female: 0' => 'Number_of_Priors: (-inf..7.0]'
c1 rule: not 'Age_Above_FourtyFive: 0', not 'Asian: 0' => 'Number_of_Priors: (-inf..7.0]'
c1 rule: 'Misdemeanor: 0', not 'Age_Below_TwentyFive: 0', not 'Female: 0' => 'Number_of_Priors: (-inf..7.0]'
c1 rule: 'score_factor: 0', not 'Age_Below_TwentyFive: 0', not 'Misdemeanor: 0' => 'Number_of_Priors: (-inf..7.0]'
c1 rule: 'score_factor: 0', not 'Age_Below_TwentyFive: 0', not 'Hispanic: 0' => 'Number_of_Priors: (-inf..7.0]'
c1 rule: not 'Age_Below_TwentyFive: 0', not 'Hispanic: 0', not 'Female: 0' => 'Number_of_Priors: (-inf..7.0]'
c1 rule: not 'Age_Below_TwentyFive: 0', not 'Hispanic: 0', not 'Misdemeanor: 0' => 'Number_of_Priors: (-inf..7.0]'
c1 rule: not 'Age_Above_FourtyFive: 0', not 'Hispanic: 0', not 'Female: 0' => 'Number_of_Priors: (-inf..7.0]'
c1 rule: 'score_factor: 0', not 'Age_Below_TwentyFive: 0', not 'Other: 0' => 'Number_of_Priors: (-inf..7.0]'
c1 rule: not 'Age_Below_TwentyFive: 0', not 'Other: 0', not 'Misdemeanor: 0' => 'Number_of_Priors: (-inf..7.0]'
c1 rule: not 'score_factor: 0', not 'Other: 0', not 'Misdemeanor: 0' => 'Number_of_Priors: (-inf..7.0]'
c1 rule: not 'Age_Above_FourtyFive: 0', not 'Other: 0', not 'Misdemeanor: 0' => 'Number_of_Priors: (-inf..7.0]'
c1 rule: 'score_factor: 0', 'Age_Above_FourtyFive: 0', not 'Hispanic: 0', not 'Misdemeanor: 0' => 'Number_of_Priors: (-inf..7.0]'
c1 rule: 'score_factor: 0', not 'African_American: 0', not 'Female: 0', not 'Misdemeanor: 0' => 'Number_of_Priors: (-inf..7.0]'
c1 rule: 'score_factor: 0', 'Age_Above_FourtyFive: 0', not 'African_American: 0', not 'Female: 0' => 'Number_of_Priors: (-inf..7.0]'
c1 rule: 'Age_Above_FourtyFive: 0', 'Age_Below_TwentyFive: 0', 'African_American: 0', 'Hispanic: 0', not 'score_factor: 0', not 'Female: 0', not 'Misdemeanor: 0' => 'Number_of_Priors: (-inf..7.0]'
c1 # of rules: 21
c1 rule time: 0.0124

c1 computing class: (14.0..21.0]
c1 discrimination constraints: 176h
c1 coverage constraints: 22v+243h
c1 formula: 52v, 464c (434h+30s)
c1 enumerating rules (maxsat-based)
c1 # of rules: 0
c1 rule time: 0.0017

c1 computing class: (21.0..28.0]
c1 discrimination constraints: 185h
c1 coverage constraints: 13v+144h
c1 formula: 43v, 374c (344h+30s)
c1 enumerating rules (maxsat-based)
c1 # of rules: 0
c1 rule time: 0.0014

c1 computing class: (28.0..+inf)
c1 discrimination constraints: 193h
c1 coverage constraints: 5v+56h
c1 formula: 35v, 294c (264h+30s)
c1 enumerating rules (maxsat-based)
c1 # of rules: 0
c1 rule time: 0.0000

c1 computing class: (7.0..14.0]
c1 discrimination constraints: 146h
c1 coverage constraints: 52v+573h
c1 formula: 82v, 764c (734h+30s)
c1 enumerating rules (maxsat-based)
c1 rule: 'Age_Below_TwentyFive: 0', not 'score_factor: 0', not 'Hispanic: 0', not 'Female: 0' => 'Number_of_Priors: (7.0..14.0]'
c1 # of rules: 1
c1 rule time: 0.0009

c2 total rules: 22

c0 computing feature 2
c1 computing class: 0
c1 discrimination constraints: 110h
c1 coverage constraints: 88v+1321h
c1 formula: 120v, 1479c (1447h+32s)
c1 enumerating rules (maxsat-based)
c1 rule: not 'Asian: 0', not 'Misdemeanor: 0' => 'score_factor: 0'
c1 rule: not 'Asian: 0', not 'Female: 0' => 'score_factor: 0'
c1 rule: 'Number_of_Priors: (14.0..21.0]', not 'Other: 0' => 'score_factor: 0'
c1 rule: not 'Age_Above_FourtyFive: 0', not 'Other: 0', not 'Female: 0' => 'score_factor: 0'
c1 rule: not 'Age_Above_FourtyFive: 0', not 'Other: 0', not 'Misdemeanor: 0' => 'score_factor: 0'
c1 rule: 'Number_of_Priors: (14.0..21.0]', not 'Age_Above_FourtyFive: 0', not 'Hispanic: 0' => 'score_factor: 0'
c1 rule: 'Number_of_Priors: (21.0..28.0]', not 'Age_Above_FourtyFive: 0', not 'Other: 0' => 'score_factor: 0'
c1 rule: 'Number_of_Priors: (14.0..21.0]', 'African_American: 0', not 'Age_Above_FourtyFive: 0', not 'Misdemeanor: 0' => 'score_factor: 0'
c1 rule: 'Number_of_Priors: (7.0..14.0]', 'African_American: 0', not 'Age_Above_FourtyFive: 0', not 'Female: 0', not 'Misdemeanor: 0' => 'score_factor: 0'
c1 # of rules: 9
c1 rule time: 0.0133

c1 computing class: 1
c1 discrimination constraints: 88h
c1 coverage constraints: 110v+1651h
c1 formula: 142v, 1787c (1755h+32s)
c1 enumerating rules (maxsat-based)
c1 rule: 'Number_of_Priors: (28.0..+inf)' => 'score_factor: 1'
c1 rule: 'Number_of_Priors: (14.0..21.0]', not 'Age_Below_TwentyFive: 0' => 'score_factor: 1'
c1 rule: 'Number_of_Priors: (14.0..21.0]', not 'Female: 0' => 'score_factor: 1'
c1 rule: not 'Age_Below_TwentyFive: 0', not 'Native_American: 0' => 'score_factor: 1'
c1 rule: 'Number_of_Priors: (21.0..28.0]', not 'Hispanic: 0' => 'score_factor: 1'
c1 rule: 'Number_of_Priors: (21.0..28.0]', not 'Female: 0' => 'score_factor: 1'
c1 rule: 'Number_of_Priors: (21.0..28.0]', not 'African_American: 0' => 'score_factor: 1'
c1 rule: 'Number_of_Priors: (21.0..28.0]', 'Other: 0' => 'score_factor: 1'
c1 rule: 'Number_of_Priors: (21.0..28.0]', 'Age_Above_FourtyFive: 0' => 'score_factor: 1'
c1 rule: 'Number_of_Priors: (14.0..21.0]', 'Age_Above_FourtyFive: 0', not 'Hispanic: 0' => 'score_factor: 1'
c1 rule: 'Number_of_Priors: (7.0..14.0]', not 'Age_Above_FourtyFive: 0', not 'Other: 0' => 'score_factor: 1'
c1 rule: 'Number_of_Priors: (14.0..21.0]', 'Age_Above_FourtyFive: 0', 'African_American: 0', not 'Misdemeanor: 0' => 'score_factor: 1'
c1 rule: 'Number_of_Priors: (14.0..21.0]', 'African_American: 0', 'Hispanic: 0', 'Other: 0', 'Misdemeanor: 0', not 'Age_Above_FourtyFive: 0' => 'score_factor: 1'
c1 # of rules: 13
c1 rule time: 0.0181

c2 total rules: 22

c0 computing feature 3
c1 computing class: 0
c1 discrimination constraints: 70h
c1 coverage constraints: 128v+1921h
c1 formula: 160v, 2039c (2007h+32s)
c1 enumerating rules (maxsat-based)
c1 rule: not 'Native_American: 0' => 'Age_Above_FourtyFive: 0'
c1 rule: not 'Age_Below_TwentyFive: 0' => 'Age_Above_FourtyFive: 0'
c1 rule: 'Number_of_Priors: (21.0..28.0]', not 'Hispanic: 0' => 'Age_Above_FourtyFive: 0'
c1 rule: 'Number_of_Priors: (21.0..28.0]', not 'Female: 0', not 'Misdemeanor: 0' => 'Age_Above_FourtyFive: 0'
c1 rule: 'Number_of_Priors: (28.0..+inf)', not 'African_American: 0', not 'Misdemeanor: 0' => 'Age_Above_FourtyFive: 0'
c1 # of rules: 5
c1 rule time: 0.0139

c1 computing class: 1
c1 discrimination constraints: 128h
c1 coverage constraints: 70v+1051h
c1 formula: 102v, 1227c (1195h+32s)
c1 enumerating rules (maxsat-based)
c1 rule: 'Number_of_Priors: (14.0..21.0]', not 'Other: 0' => 'Age_Above_FourtyFive: 1'
c1 rule: 'Number_of_Priors: (28.0..+inf)', 'African_American: 0' => 'Age_Above_FourtyFive: 1'
c1 rule: 'Number_of_Priors: (14.0..21.0]', 'African_American: 0', not 'Female: 0' => 'Age_Above_FourtyFive: 1'
c1 rule: 'Number_of_Priors: (21.0..28.0]', 'African_American: 0', not 'Female: 0' => 'Age_Above_FourtyFive: 1'
c1 # of rules: 4
c1 rule time: 0.0085

c2 total rules: 9

c0 computing feature 4
c1 computing class: 0
c1 discrimination constraints: 48h
c1 coverage constraints: 150v+2251h
c1 formula: 182v, 2347c (2315h+32s)
c1 enumerating rules (maxsat-based)
c1 rule: 'Number_of_Priors: (21.0..28.0]' => 'Age_Below_TwentyFive: 0'
c1 rule: 'Number_of_Priors: (28.0..+inf)' => 'Age_Below_TwentyFive: 0'
c1 rule: 'Number_of_Priors: (14.0..21.0]', not 'Hispanic: 0' => 'Age_Below_TwentyFive: 0'
c1 rule: 'Number_of_Priors: (14.0..21.0]', 'African_American: 0' => 'Age_Below_TwentyFive: 0'
c1 rule: 'Number_of_Priors: (14.0..21.0]', not 'Misdemeanor: 0' => 'Age_Below_TwentyFive: 0'
c1 rule: not 'Asian: 0', not 'Female: 0' => 'Age_Below_TwentyFive: 0'
c1 # of rules: 6
c1 rule time: 0.0118

c1 computing class: 1
c1 discrimination constraints: 150h
c1 coverage constraints: 48v+721h
c1 formula: 80v, 919c (887h+32s)
c1 enumerating rules (maxsat-based)
c1 # of rules: 0
c1 rule time: 0.0036

c2 total rules: 6

c0 computing feature 5
c1 computing class: 0
c1 discrimination constraints: 64h
c1 coverage constraints: 134v+2011h
c1 formula: 166v, 2123c (2091h+32s)
c1 enumerating rules (maxsat-based)
c1 rule: not 'Other: 0' => 'African_American: 0'
c1 rule: not 'Native_American: 0' => 'African_American: 0'
c1 rule: not 'Asian: 0' => 'African_American: 0'
c1 rule: not 'Hispanic: 0' => 'African_American: 0'
c1 # of rules: 4
c1 rule time: 0.0096

c1 computing class: 1
c1 discrimination constraints: 134h
c1 coverage constraints: 64v+961h
c1 formula: 96v, 1143c (1111h+32s)
c1 enumerating rules (maxsat-based)
c1 rule: 'Number_of_Priors: (21.0..28.0]', not 'Misdemeanor: 0' => 'African_American: 1'
c1 # of rules: 1
c1 rule time: 0.0069

c2 total rules: 5

c0 computing feature 6
c1 computing class: 0
c1 discrimination constraints: 12h
c1 coverage constraints: 186v+2791h
c1 formula: 218v, 2851c (2819h+32s)
c1 enumerating rules (maxsat-based)
c1 rule: 'Number_of_Priors: (14.0..21.0]' => 'Asian: 0'
c1 rule: not 'Other: 0' => 'Asian: 0'
c1 rule: 'Number_of_Priors: (21.0..28.0]' => 'Asian: 0'
c1 rule: not 'Native_American: 0' => 'Asian: 0'
c1 rule: not 'Hispanic: 0' => 'Asian: 0'
c1 rule: not 'Female: 0', not 'Misdemeanor: 0' => 'Asian: 0'
c1 # of rules: 6
c1 rule time: 0.0082

c1 computing class: 1
c1 discrimination constraints: 186h
c1 coverage constraints: 12v+181h
c1 formula: 44v, 415c (383h+32s)
c1 enumerating rules (maxsat-based)
c1 # of rules: 0
c1 rule time: 0.0020

c2 total rules: 6

c0 computing feature 7
c1 computing class: 0
c1 discrimination constraints: 34h
c1 coverage constraints: 164v+2461h
c1 formula: 196v, 2543c (2511h+32s)
c1 enumerating rules (maxsat-based)
c1 rule: not 'Other: 0' => 'Hispanic: 0'
c1 rule: not 'Native_American: 0' => 'Hispanic: 0'
c1 rule: 'Number_of_Priors: (28.0..+inf)' => 'Hispanic: 0'
c1 rule: 'Number_of_Priors: (14.0..21.0]', not 'Misdemeanor: 0' => 'Hispanic: 0'
c1 # of rules: 4
c1 rule time: 0.0118

c1 computing class: 1
c1 discrimination constraints: 164h
c1 coverage constraints: 34v+511h
c1 formula: 66v, 723c (691h+32s)
c1 enumerating rules (maxsat-based)
c1 # of rules: 0
c1 rule time: 0.0029

c2 total rules: 4

c0 computing feature 8
c1 computing class: 0
c1 discrimination constraints: 6h
c1 coverage constraints: 192v+2881h
c1 formula: 224v, 2935c (2903h+32s)
c1 enumerating rules (maxsat-based)
c1 rule: not 'Female: 0' => 'Native_American: 0'
c1 rule: not 'Other: 0' => 'Native_American: 0'
c1 # of rules: 2
c1 rule time: 0.0075

c1 computing class: 1
c1 discrimination constraints: 192h
c1 coverage constraints: 6v+91h
c1 formula: 38v, 331c (299h+32s)
c1 enumerating rules (maxsat-based)
c1 # of rules: 0
c1 rule time: 0.0019

c2 total rules: 2

c0 computing feature 9
c1 computing class: 0
c1 discrimination constraints: 29h
c1 coverage constraints: 169v+2536h
c1 formula: 201v, 2613c (2581h+32s)
c1 enumerating rules (maxsat-based)
c1 rule: 'Number_of_Priors: (28.0..+inf)' => 'Other: 0'
c1 # of rules: 1
c1 rule time: 0.0105

c1 computing class: 1
c1 discrimination constraints: 169h
c1 coverage constraints: 29v+436h
c1 formula: 61v, 653c (621h+32s)
c1 enumerating rules (maxsat-based)
c1 # of rules: 0
c1 rule time: 0.0027

c2 total rules: 1

c0 computing feature 10
c1 computing class: 0
c1 discrimination constraints: 70h
c1 coverage constraints: 128v+1921h
c1 formula: 160v, 2039c (2007h+32s)
c1 enumerating rules (maxsat-based)
c1 rule: 'Number_of_Priors: (28.0..+inf)', 'Misdemeanor: 0' => 'Female: 0'
c1 rule: 'Number_of_Priors: (28.0..+inf)', not 'African_American: 0' => 'Female: 0'
c1 # of rules: 2
c1 rule time: 0.0151

c1 computing class: 1
c1 discrimination constraints: 128h
c1 coverage constraints: 70v+1051h
c1 formula: 102v, 1227c (1195h+32s)
c1 enumerating rules (maxsat-based)
c1 rule: 'Number_of_Priors: (28.0..+inf)', 'African_American: 0', not 'Misdemeanor: 0' => 'Female: 1'
c1 # of rules: 1
c1 rule time: 0.0059

c2 total rules: 3

c0 computing feature 11
c1 computing class: 0
c1 discrimination constraints: 84h
c1 coverage constraints: 114v+1711h
c1 formula: 146v, 1843c (1811h+32s)
c1 enumerating rules (maxsat-based)
c1 # of rules: 0
c1 rule time: 0.0142

c1 computing class: 1
c1 discrimination constraints: 114h
c1 coverage constraints: 84v+1261h
c1 formula: 116v, 1423c (1391h+32s)
c1 enumerating rules (maxsat-based)
c1 # of rules: 0
c1 rule time: 0.0070

c2 total rules: 0
c3 total time: 0.5573

Rules are saved to ../rules/all/q5_compas_train3.csv.json