c0 # of samps: 4938 (353 weighted)
c0 # of feats: 11 (16 binary)
c0 # of labls: 2
c0 parse time: 0.3562


c0 computing feature 1
c1 computing class: (-inf..5.83]
c1 discrimination constraints: 119h
c1 coverage constraints: 103v+1134h
c1 formula: 135v, 1301c (1269h+32s)
c1 enumerating rules (maxsat-based)
c1 rule: not 'Age_Below_TwentyFive: 0', not 'Native_American: 0' => 'Number_of_Priors: (-inf..5.83]'
c1 rule: 'score_factor: 0', not 'Native_American: 0' => 'Number_of_Priors: (-inf..5.83]'
c1 rule: not 'Native_American: 0', not 'Misdemeanor: 0' => 'Number_of_Priors: (-inf..5.83]'
c1 rule: not 'Age_Below_TwentyFive: 0', not 'Asian: 0' => 'Number_of_Priors: (-inf..5.83]'
c1 rule: not 'Age_Below_TwentyFive: 0', not 'Other: 0', not 'Female: 0' => 'Number_of_Priors: (-inf..5.83]'
c1 rule: not 'Age_Above_FourtyFive: 0', not 'Other: 0', not 'Female: 0' => 'Number_of_Priors: (-inf..5.83]'
c1 rule: not 'Age_Above_FourtyFive: 0', not 'Other: 0', not 'Misdemeanor: 0' => 'Number_of_Priors: (-inf..5.83]'
c1 rule: not 'score_factor: 0', not 'Other: 0', not 'Misdemeanor: 0' => 'Number_of_Priors: (-inf..5.83]'
c1 rule: not 'Other: 0', not 'Female: 0', not 'Misdemeanor: 0' => 'Number_of_Priors: (-inf..5.83]'
c1 rule: 'score_factor: 0', not 'Other: 0', not 'Female: 0' => 'Number_of_Priors: (-inf..5.83]'
c1 rule: 'Female: 0', not 'Age_Above_FourtyFive: 0', not 'Asian: 0' => 'Number_of_Priors: (-inf..5.83]'
c1 rule: 'score_factor: 0', not 'Age_Below_TwentyFive: 0', not 'African_American: 0' => 'Number_of_Priors: (-inf..5.83]'
c1 rule: 'score_factor: 0', not 'Age_Below_TwentyFive: 0', not 'Misdemeanor: 0' => 'Number_of_Priors: (-inf..5.83]'
c1 rule: 'score_factor: 0', not 'Age_Below_TwentyFive: 0', not 'Female: 0' => 'Number_of_Priors: (-inf..5.83]'
c1 rule: 'score_factor: 0', not 'Age_Below_TwentyFive: 0', not 'Hispanic: 0' => 'Number_of_Priors: (-inf..5.83]'
c1 rule: 'score_factor: 0', not 'Age_Below_TwentyFive: 0', not 'Other: 0' => 'Number_of_Priors: (-inf..5.83]'
c1 rule: not 'Age_Below_TwentyFive: 0', not 'Hispanic: 0', not 'Female: 0' => 'Number_of_Priors: (-inf..5.83]'
c1 rule: not 'Age_Above_FourtyFive: 0', not 'Hispanic: 0', not 'Female: 0' => 'Number_of_Priors: (-inf..5.83]'
c1 rule: 'Age_Above_FourtyFive: 0', not 'Asian: 0', not 'Female: 0' => 'Number_of_Priors: (-inf..5.83]'
c1 rule: 'Age_Above_FourtyFive: 0', not 'Native_American: 0', not 'Female: 0' => 'Number_of_Priors: (-inf..5.83]'
c1 rule: 'score_factor: 0', 'Age_Above_FourtyFive: 0', 'Misdemeanor: 0', not 'Asian: 0' => 'Number_of_Priors: (-inf..5.83]'
c1 rule: 'score_factor: 0', not 'Hispanic: 0', not 'Female: 0', not 'Misdemeanor: 0' => 'Number_of_Priors: (-inf..5.83]'
c1 rule: 'African_American: 0', 'Misdemeanor: 0', not 'Age_Below_TwentyFive: 0', not 'Female: 0' => 'Number_of_Priors: (-inf..5.83]'
c1 rule: 'score_factor: 0', not 'Age_Above_FourtyFive: 0', not 'African_American: 0', not 'Female: 0', not 'Misdemeanor: 0' => 'Number_of_Priors: (-inf..5.83]'
c1 rule: 'score_factor: 0', 'Age_Above_FourtyFive: 0', 'African_American: 0', not 'Female: 0', not 'Misdemeanor: 0' => 'Number_of_Priors: (-inf..5.83]'
c1 rule: 'African_American: 0', 'Hispanic: 0', 'Female: 0', not 'Age_Below_TwentyFive: 0', not 'Misdemeanor: 0' => 'Number_of_Priors: (-inf..5.83]'
c1 # of rules: 26
c1 rule time: 0.0202

c1 computing class: (11.67..17.5]
c1 discrimination constraints: 195h
c1 coverage constraints: 27v+298h
c1 formula: 59v, 541c (509h+32s)
c1 enumerating rules (maxsat-based)
c1 rule: not 'Age_Above_FourtyFive: 0', not 'Native_American: 0', not 'Female: 0' => 'Number_of_Priors: (11.67..17.5]'
c1 # of rules: 1
c1 rule time: 0.0028

c1 computing class: (17.5..23.33]
c1 discrimination constraints: 204h
c1 coverage constraints: 18v+199h
c1 formula: 50v, 451c (419h+32s)
c1 enumerating rules (maxsat-based)
c1 rule: 'Female: 0', not 'Age_Above_FourtyFive: 0', not 'Native_American: 0' => 'Number_of_Priors: (17.5..23.33]'
c1 # of rules: 1
c1 rule time: 0.0023

c1 computing class: (23.33..29.17]
c1 discrimination constraints: 212h
c1 coverage constraints: 10v+111h
c1 formula: 42v, 371c (339h+32s)
c1 enumerating rules (maxsat-based)
c1 # of rules: 0
c1 rule time: 0.0017

c1 computing class: (29.17..+inf)
c1 discrimination constraints: 218h
c1 coverage constraints: 4v+45h
c1 formula: 36v, 311c (279h+32s)
c1 enumerating rules (maxsat-based)
c1 # of rules: 0
c1 rule time: 0.0015

c1 computing class: (5.83..11.67]
c1 discrimination constraints: 162h
c1 coverage constraints: 60v+661h
c1 formula: 92v, 871c (839h+32s)
c1 enumerating rules (maxsat-based)
c1 rule: not 'Age_Above_FourtyFive: 0', not 'Asian: 0', not 'Female: 0' => 'Number_of_Priors: (5.83..11.67]'
c1 rule: 'Age_Below_TwentyFive: 0', not 'score_factor: 0', not 'Hispanic: 0', not 'Female: 0', not 'Misdemeanor: 0' => 'Number_of_Priors: (5.83..11.67]'
c1 rule: 'Age_Above_FourtyFive: 0', 'Age_Below_TwentyFive: 0', 'Female: 0', 'Misdemeanor: 0', not 'Native_American: 0' => 'Number_of_Priors: (5.83..11.67]'
c1 # of rules: 3
c1 rule time: 0.0021

c2 total rules: 31

c0 computing feature 2
c1 computing class: 0
c1 discrimination constraints: 130h
c1 coverage constraints: 92v+1473h
c1 formula: 126v, 1654c (1620h+34s)
c1 enumerating rules (maxsat-based)
c1 rule: 'Number_of_Priors: (17.5..23.33]', not 'Other: 0' => 'score_factor: 0'
c1 rule: not 'Asian: 0', not 'Female: 0' => 'score_factor: 0'
c1 rule: not 'Asian: 0', not 'Misdemeanor: 0' => 'score_factor: 0'
c1 rule: 'Number_of_Priors: (17.5..23.33]', 'African_American: 0', not 'Misdemeanor: 0' => 'score_factor: 0'
c1 rule: 'Number_of_Priors: (17.5..23.33]', not 'Age_Above_FourtyFive: 0', not 'Hispanic: 0' => 'score_factor: 0'
c1 rule: 'Number_of_Priors: (11.67..17.5]', not 'Age_Above_FourtyFive: 0', not 'Hispanic: 0' => 'score_factor: 0'
c1 rule: not 'Age_Above_FourtyFive: 0', not 'Other: 0', not 'Misdemeanor: 0' => 'score_factor: 0'
c1 rule: not 'Age_Above_FourtyFive: 0', not 'Hispanic: 0', not 'Female: 0' => 'score_factor: 0'
c1 rule: not 'Age_Above_FourtyFive: 0', not 'Other: 0', not 'Female: 0' => 'score_factor: 0'
c1 rule: 'Number_of_Priors: (5.83..11.67]', 'Misdemeanor: 0', not 'Hispanic: 0', not 'Female: 0' => 'score_factor: 0'
c1 rule: 'Number_of_Priors: (-inf..5.83]', 'Age_Below_TwentyFive: 0', not 'Hispanic: 0', not 'Female: 0' => 'score_factor: 0'
c1 rule: 'Number_of_Priors: (-inf..5.83]', 'African_American: 0', not 'Age_Above_FourtyFive: 0', not 'Female: 0', not 'Misdemeanor: 0' => 'score_factor: 0'
c1 # of rules: 12
c1 rule time: 0.0163

c1 computing class: 1
c1 discrimination constraints: 92h
c1 coverage constraints: 130v+2081h
c1 formula: 164v, 2224c (2190h+34s)
c1 enumerating rules (maxsat-based)
c1 rule: 'Number_of_Priors: (29.17..+inf)' => 'score_factor: 1'
c1 rule: 'Number_of_Priors: (23.33..29.17]' => 'score_factor: 1'
c1 rule: not 'Age_Below_TwentyFive: 0', not 'Native_American: 0' => 'score_factor: 1'
c1 rule: 'Misdemeanor: 0', not 'Native_American: 0' => 'score_factor: 1'
c1 rule: 'Number_of_Priors: (17.5..23.33]', 'Age_Above_FourtyFive: 0' => 'score_factor: 1'
c1 rule: 'Number_of_Priors: (17.5..23.33]', not 'Female: 0' => 'score_factor: 1'
c1 rule: 'Number_of_Priors: (11.67..17.5]', not 'Female: 0' => 'score_factor: 1'
c1 rule: 'Number_of_Priors: (11.67..17.5]', not 'Other: 0' => 'score_factor: 1'
c1 rule: 'Number_of_Priors: (11.67..17.5]', 'Age_Above_FourtyFive: 0', not 'Misdemeanor: 0' => 'score_factor: 1'
c1 rule: 'Number_of_Priors: (11.67..17.5]', 'Age_Above_FourtyFive: 0', not 'Hispanic: 0' => 'score_factor: 1'
c1 rule: 'Number_of_Priors: (17.5..23.33]', not 'African_American: 0', not 'Misdemeanor: 0' => 'score_factor: 1'
c1 rule: 'Number_of_Priors: (17.5..23.33]', 'African_American: 0', 'Hispanic: 0', 'Other: 0', 'Misdemeanor: 0' => 'score_factor: 1'
c1 # of rules: 12
c1 rule time: 0.0235

c2 total rules: 24

c0 computing feature 3
c1 computing class: 0
c1 discrimination constraints: 83h
c1 coverage constraints: 139v+2225h
c1 formula: 173v, 2359c (2325h+34s)
c1 enumerating rules (maxsat-based)
c1 rule: not 'Age_Below_TwentyFive: 0' => 'Age_Above_FourtyFive: 0'
c1 rule: 'Number_of_Priors: (23.33..29.17]', not 'Hispanic: 0' => 'Age_Above_FourtyFive: 0'
c1 rule: 'Number_of_Priors: (23.33..29.17]', not 'Other: 0' => 'Age_Above_FourtyFive: 0'
c1 rule: 'Number_of_Priors: (29.17..+inf)', not 'African_American: 0', not 'Misdemeanor: 0' => 'Age_Above_FourtyFive: 0'
c1 rule: 'Number_of_Priors: (17.5..23.33]', 'African_American: 0', not 'Female: 0' => 'Age_Above_FourtyFive: 0'
c1 rule: 'Number_of_Priors: (11.67..17.5]', 'Misdemeanor: 0', not 'African_American: 0', not 'Female: 0' => 'Age_Above_FourtyFive: 0'
c1 # of rules: 6
c1 rule time: 0.0188

c1 computing class: 1
c1 discrimination constraints: 139h
c1 coverage constraints: 83v+1329h
c1 formula: 117v, 1519c (1485h+34s)
c1 enumerating rules (maxsat-based)
c1 rule: 'Number_of_Priors: (29.17..+inf)', 'Misdemeanor: 0' => 'Age_Above_FourtyFive: 1'
c1 rule: 'Number_of_Priors: (29.17..+inf)', 'African_American: 0' => 'Age_Above_FourtyFive: 1'
c1 rule: 'Number_of_Priors: (23.33..29.17]', not 'Female: 0' => 'Age_Above_FourtyFive: 1'
c1 rule: 'Number_of_Priors: (23.33..29.17]', 'African_American: 0', not 'Misdemeanor: 0' => 'Age_Above_FourtyFive: 1'
c1 rule: 'Number_of_Priors: (23.33..29.17]', 'African_American: 0', 'Hispanic: 0', 'Other: 0' => 'Age_Above_FourtyFive: 1'
c1 # of rules: 5
c1 rule time: 0.0118

c2 total rules: 11

c0 computing feature 4
c1 computing class: 0
c1 discrimination constraints: 49h
c1 coverage constraints: 173v+2769h
c1 formula: 207v, 2869c (2835h+34s)
c1 enumerating rules (maxsat-based)
c1 rule: 'Number_of_Priors: (29.17..+inf)' => 'Age_Below_TwentyFive: 0'
c1 rule: 'Number_of_Priors: (23.33..29.17]' => 'Age_Below_TwentyFive: 0'
c1 rule: 'Number_of_Priors: (17.5..23.33]' => 'Age_Below_TwentyFive: 0'
c1 rule: 'Number_of_Priors: (11.67..17.5]', not 'Hispanic: 0' => 'Age_Below_TwentyFive: 0'
c1 rule: 'Number_of_Priors: (11.67..17.5]', 'African_American: 0' => 'Age_Below_TwentyFive: 0'
c1 rule: 'Number_of_Priors: (11.67..17.5]', not 'Female: 0' => 'Age_Below_TwentyFive: 0'
c1 rule: not 'Asian: 0', not 'Female: 0' => 'Age_Below_TwentyFive: 0'
c1 rule: not 'Native_American: 0', not 'Female: 0' => 'Age_Below_TwentyFive: 0'
c1 # of rules: 8
c1 rule time: 0.0174

c1 computing class: 1
c1 discrimination constraints: 173h
c1 coverage constraints: 49v+785h
c1 formula: 83v, 1009c (975h+34s)
c1 enumerating rules (maxsat-based)
c1 # of rules: 0
c1 rule time: 0.0053

c2 total rules: 8

c0 computing feature 5
c1 computing class: 0
c1 discrimination constraints: 71h
c1 coverage constraints: 151v+2417h
c1 formula: 185v, 2539c (2505h+34s)
c1 enumerating rules (maxsat-based)
c1 rule: not 'Other: 0' => 'African_American: 0'
c1 rule: not 'Native_American: 0' => 'African_American: 0'
c1 rule: not 'Hispanic: 0' => 'African_American: 0'
c1 rule: not 'Asian: 0' => 'African_American: 0'
c1 # of rules: 4
c1 rule time: 0.0124

c1 computing class: 1
c1 discrimination constraints: 151h
c1 coverage constraints: 71v+1137h
c1 formula: 105v, 1339c (1305h+34s)
c1 enumerating rules (maxsat-based)
c1 rule: 'Number_of_Priors: (11.67..17.5]', not 'Female: 0', not 'Misdemeanor: 0' => 'African_American: 1'
c1 # of rules: 1
c1 rule time: 0.0080

c2 total rules: 5

c0 computing feature 6
c1 computing class: 0
c1 discrimination constraints: 13h
c1 coverage constraints: 209v+3345h
c1 formula: 243v, 3409c (3375h+34s)
c1 enumerating rules (maxsat-based)
c1 rule: 'Number_of_Priors: (23.33..29.17]' => 'Asian: 0'
c1 rule: not 'Native_American: 0' => 'Asian: 0'
c1 rule: not 'Hispanic: 0' => 'Asian: 0'
c1 rule: not 'Other: 0' => 'Asian: 0'
c1 rule: 'Number_of_Priors: (11.67..17.5]' => 'Asian: 0'
c1 rule: 'Number_of_Priors: (17.5..23.33]' => 'Asian: 0'
c1 rule: not 'Female: 0', not 'Misdemeanor: 0' => 'Asian: 0'
c1 # of rules: 7
c1 rule time: 0.0146

c1 computing class: 1
c1 discrimination constraints: 209h
c1 coverage constraints: 13v+209h
c1 formula: 47v, 469c (435h+34s)
c1 enumerating rules (maxsat-based)
c1 # of rules: 0
c1 rule time: 0.0025

c2 total rules: 7

c0 computing feature 7
c1 computing class: 0
c1 discrimination constraints: 39h
c1 coverage constraints: 183v+2929h
c1 formula: 217v, 3019c (2985h+34s)
c1 enumerating rules (maxsat-based)
c1 rule: not 'Other: 0' => 'Hispanic: 0'
c1 rule: not 'Native_American: 0' => 'Hispanic: 0'
c1 rule: 'Number_of_Priors: (29.17..+inf)' => 'Hispanic: 0'
c1 rule: 'Number_of_Priors: (17.5..23.33]', not 'Misdemeanor: 0' => 'Hispanic: 0'
c1 rule: 'Number_of_Priors: (11.67..17.5]', not 'Misdemeanor: 0' => 'Hispanic: 0'
c1 # of rules: 5
c1 rule time: 0.0173

c1 computing class: 1
c1 discrimination constraints: 183h
c1 coverage constraints: 39v+625h
c1 formula: 73v, 859c (825h+34s)
c1 enumerating rules (maxsat-based)
c1 # of rules: 0
c1 rule time: 0.0039

c2 total rules: 5

c0 computing feature 8
c1 computing class: 0
c1 discrimination constraints: 8h
c1 coverage constraints: 214v+3425h
c1 formula: 248v, 3484c (3450h+34s)
c1 enumerating rules (maxsat-based)
c1 rule: not 'Other: 0' => 'Native_American: 0'
c1 rule: not 'Female: 0', not 'Misdemeanor: 0' => 'Native_American: 0'
c1 # of rules: 2
c1 rule time: 0.0125

c1 computing class: 1
c1 discrimination constraints: 214h
c1 coverage constraints: 8v+129h
c1 formula: 42v, 394c (360h+34s)
c1 enumerating rules (maxsat-based)
c1 # of rules: 0
c1 rule time: 0.0023

c2 total rules: 2

c0 computing feature 9
c1 computing class: 0
c1 discrimination constraints: 32h
c1 coverage constraints: 190v+3041h
c1 formula: 224v, 3124c (3090h+34s)
c1 enumerating rules (maxsat-based)
c1 rule: 'Number_of_Priors: (29.17..+inf)' => 'Other: 0'
c1 rule: 'Number_of_Priors: (11.67..17.5]', not 'Female: 0' => 'Other: 0'
c1 # of rules: 2
c1 rule time: 0.0141

c1 computing class: 1
c1 discrimination constraints: 190h
c1 coverage constraints: 32v+513h
c1 formula: 66v, 754c (720h+34s)
c1 enumerating rules (maxsat-based)
c1 # of rules: 0
c1 rule time: 0.0034

c2 total rules: 2

c0 computing feature 10
c1 computing class: 0
c1 discrimination constraints: 80h
c1 coverage constraints: 142v+2273h
c1 formula: 176v, 2404c (2370h+34s)
c1 enumerating rules (maxsat-based)
c1 rule: 'Number_of_Priors: (29.17..+inf)', 'Age_Above_FourtyFive: 0' => 'Female: 0'
c1 rule: 'Number_of_Priors: (29.17..+inf)', 'Misdemeanor: 0' => 'Female: 0'
c1 rule: 'Number_of_Priors: (23.33..29.17]', not 'Misdemeanor: 0' => 'Female: 0'
c1 # of rules: 3
c1 rule time: 0.0252

c1 computing class: 1
c1 discrimination constraints: 142h
c1 coverage constraints: 80v+1281h
c1 formula: 114v, 1474c (1440h+34s)
c1 enumerating rules (maxsat-based)
c1 rule: 'Number_of_Priors: (29.17..+inf)', not 'Age_Above_FourtyFive: 0', not 'Misdemeanor: 0' => 'Female: 1'
c1 # of rules: 1
c1 rule time: 0.0088

c2 total rules: 4

c0 computing feature 11
c1 computing class: 0
c1 discrimination constraints: 93h
c1 coverage constraints: 129v+2065h
c1 formula: 163v, 2209c (2175h+34s)
c1 enumerating rules (maxsat-based)
c1 # of rules: 0
c1 rule time: 0.0173

c1 computing class: 1
c1 discrimination constraints: 129h
c1 coverage constraints: 93v+1489h
c1 formula: 127v, 1669c (1635h+34s)
c1 enumerating rules (maxsat-based)
c1 # of rules: 0
c1 rule time: 0.0104

c2 total rules: 0
c3 total time: 0.7114

Rules are saved to ../rules/all/q6_compas_train4.csv.json