c0 # of samps: 348 (251 weighted)
c0 # of feats: 16 (16 binary)
c0 # of labls: 2
c0 parse time: 0.2996


c0 computing feature 1
c1 computing class: 0
c1 discrimination constraints: 160h
c1 coverage constraints: 91v+1457h
c1 formula: 125v, 1668c (1634h+34s)
c1 enumerating rules (maxsat-based)
c1 rule: 'v14: 0', not 'v4: 0' => 'v16: 0'
c1 rule: 'v3: 0', 'v14: 0', not 'v12: 0' => 'v16: 0'
c1 rule: not 'v5: 0', not 'v9: 0', not 'v15: 0' => 'v16: 0'
c1 rule: 'v5: 0', 'v9: 0', not 'v4: 0' => 'v16: 0'
c1 rule: 'v1: 0', not 'v9: 0', not 'v12: 0', not 'v15: 0' => 'v16: 0'
c1 rule: 'v1: 0', 'v5: 0', 'v7: 0', not 'v12: 0' => 'v16: 0'
c1 rule: 'v7: 0', not 'v10: 0', not 'v12: 0', not 'v15: 0' => 'v16: 0'
c1 rule: 'v7: 0', 'v8: 0', not 'v9: 0', not 'v11: 0' => 'v16: 0'
c1 rule: 'v7: 0', 'v8: 0', 'v10: 0', not 'v9: 0' => 'v16: 0'
c1 rule: 'v2: 0', 'v7: 0', 'v10: 0', not 'v9: 0' => 'v16: 0'
c1 rule: 'v7: 0', 'v10: 0', 'v15: 0', not 'v9: 0' => 'v16: 0'
c1 rule: 'v2: 0', 'v5: 0', 'v7: 0', 'v10: 0' => 'v16: 0'
c1 rule: 'v8: 0', 'v13: 0', not 'v2: 0', not 'v3: 0' => 'v16: 0'
c1 rule: 'v4: 0', 'v8: 0', not 'v3: 0', not 'v12: 0' => 'v16: 0'
c1 rule: 'v3: 0', 'v13: 0', not 'v2: 0', not 'v12: 0' => 'v16: 0'
c1 rule: 'v3: 0', 'v7: 0', 'v13: 0', not 'v8: 0' => 'v16: 0'
c1 rule: 'v3: 0', 'v9: 0', 'v13: 0', not 'v8: 0' => 'v16: 0'
c1 rule: 'v2: 0', 'v10: 0', 'v12: 0', not 'v4: 0' => 'v16: 0'
c1 rule: 'v2: 0', 'v3: 0', 'v7: 0', 'v12: 0' => 'v16: 0'
c1 rule: 'v3: 0', 'v6: 0', 'v11: 0', not 'v2: 0' => 'v16: 0'
c1 rule: 'v1: 0', 'v6: 0', 'v10: 0', not 'v2: 0' => 'v16: 0'
c1 rule: 'v14: 0', not 'v1: 0', not 'v5: 0', not 'v7: 0' => 'v16: 0'
c1 rule: 'v3: 0', 'v4: 0', not 'v2: 0', not 'v10: 0' => 'v16: 0'
c1 rule: 'v13: 0', not 'v1: 0', not 'v2: 0', not 'v12: 0' => 'v16: 0'
c1 rule: 'v8: 0', 'v13: 0', 'v15: 0', not 'v2: 0' => 'v16: 0'
c1 rule: 'v2: 0', 'v5: 0', 'v9: 0', 'v11: 0' => 'v16: 0'
c1 rule: 'v2: 0', 'v7: 0', not 'v12: 0', not 'v15: 0' => 'v16: 0'
c1 rule: 'v6: 0', 'v9: 0', 'v14: 0', 'v15: 0' => 'v16: 0'
c1 rule: 'v2: 0', not 'v5: 0', not 'v13: 0', not 'v15: 0' => 'v16: 0'
c1 rule: 'v8: 0', not 'v1: 0', not 'v13: 0', not 'v15: 0' => 'v16: 0'
c1 rule: 'v1: 0', 'v12: 0', not 'v4: 0', not 'v11: 0' => 'v16: 0'
c1 rule: 'v1: 0', 'v3: 0', 'v5: 0', not 'v6: 0', not 'v10: 0' => 'v16: 0'
c1 rule: 'v7: 0', 'v10: 0', 'v11: 0', not 'v3: 0', not 'v4: 0' => 'v16: 0'
c1 rule: 'v2: 0', 'v7: 0', 'v10: 0', 'v12: 0', not 'v14: 0' => 'v16: 0'
c1 rule: 'v1: 0', 'v5: 0', 'v9: 0', not 'v10: 0', not 'v14: 0' => 'v16: 0'
c1 rule: 'v2: 0', 'v10: 0', 'v12: 0', not 'v1: 0', not 'v14: 0' => 'v16: 0'
c1 rule: 'v9: 0', 'v10: 0', not 'v1: 0', not 'v6: 0', not 'v7: 0' => 'v16: 0'
c1 rule: 'v1: 0', 'v5: 0', 'v6: 0', 'v10: 0', 'v15: 0' => 'v16: 0'
c1 rule: 'v1: 0', 'v7: 0', 'v12: 0', not 'v5: 0', not 'v11: 0' => 'v16: 0'
c1 rule: 'v1: 0', 'v2: 0', 'v9: 0', 'v14: 0', not 'v7: 0' => 'v16: 0'
c1 rule: 'v2: 0', not 'v1: 0', not 'v4: 0', not 'v11: 0', not 'v13: 0' => 'v16: 0'
c1 rule: 'v4: 0', 'v9: 0', 'v11: 0', not 'v1: 0', not 'v13: 0' => 'v16: 0'
c1 rule: 'v4: 0', 'v11: 0', 'v15: 0', not 'v1: 0', not 'v12: 0' => 'v16: 0'
c1 rule: 'v6: 0', 'v9: 0', 'v11: 0', 'v13: 0', 'v14: 0' => 'v16: 0'
c1 rule: 'v5: 0', 'v9: 0', not 'v2: 0', not 'v10: 0', not 'v11: 0' => 'v16: 0'
c1 rule: 'v14: 0', not 'v6: 0', not 'v10: 0', not 'v13: 0', not 'v15: 0' => 'v16: 0'
c1 # of rules: 46
c1 rule time: 0.1008

c1 computing class: 1
c1 discrimination constraints: 91h
c1 coverage constraints: 160v+2561h
c1 formula: 194v, 2703c (2669h+34s)
c1 enumerating rules (maxsat-based)
c1 rule: 'v14: 0', not 'v5: 0', not 'v9: 0' => 'v16: 1'
c1 rule: 'v6: 0', not 'v5: 0', not 'v9: 0' => 'v16: 1'
c1 rule: 'v6: 0', 'v14: 0', not 'v5: 0' => 'v16: 1'
c1 rule: 'v4: 0', 'v6: 0', not 'v5: 0' => 'v16: 1'
c1 rule: 'v6: 0', not 'v5: 0', not 'v15: 0' => 'v16: 1'
c1 rule: 'v6: 0', 'v8: 0', not 'v15: 0' => 'v16: 1'
c1 rule: 'v6: 0', 'v8: 0', not 'v3: 0' => 'v16: 1'
c1 rule: 'v5: 0', 'v8: 0', not 'v15: 0' => 'v16: 1'
c1 rule: 'v5: 0', 'v8: 0', not 'v3: 0' => 'v16: 1'
c1 rule: 'v5: 0', not 'v3: 0', not 'v4: 0' => 'v16: 1'
c1 rule: 'v5: 0', 'v12: 0', not 'v4: 0' => 'v16: 1'
c1 rule: 'v5: 0', 'v10: 0', not 'v4: 0' => 'v16: 1'
c1 rule: 'v6: 0', 'v7: 0', not 'v10: 0' => 'v16: 1'
c1 rule: 'v6: 0', not 'v11: 0', not 'v12: 0' => 'v16: 1'
c1 rule: not 'v2: 0', not 'v9: 0', not 'v12: 0' => 'v16: 1'
c1 rule: 'v8: 0', not 'v9: 0', not 'v12: 0' => 'v16: 1'
c1 rule: not 'v5: 0', not 'v9: 0', not 'v12: 0' => 'v16: 1'
c1 rule: not 'v4: 0', not 'v11: 0', not 'v15: 0' => 'v16: 1'
c1 rule: 'v6: 0', not 'v12: 0', not 'v13: 0' => 'v16: 1'
c1 rule: 'v6: 0', not 'v11: 0', not 'v13: 0' => 'v16: 1'
c1 rule: 'v6: 0', not 'v8: 0', not 'v14: 0' => 'v16: 1'
c1 rule: 'v3: 0', 'v6: 0', not 'v10: 0' => 'v16: 1'
c1 rule: 'v6: 0', not 'v10: 0', not 'v13: 0' => 'v16: 1'
c1 rule: 'v7: 0', not 'v9: 0', not 'v10: 0' => 'v16: 1'
c1 rule: 'v8: 0', not 'v7: 0', not 'v10: 0' => 'v16: 1'
c1 rule: 'v5: 0', 'v8: 0', not 'v1: 0' => 'v16: 1'
c1 rule: 'v13: 0', not 'v4: 0', not 'v10: 0' => 'v16: 1'
c1 rule: not 'v4: 0', not 'v8: 0', not 'v13: 0' => 'v16: 1'
c1 rule: not 'v3: 0', not 'v4: 0', not 'v10: 0' => 'v16: 1'
c1 rule: 'v1: 0', not 'v5: 0', not 'v8: 0' => 'v16: 1'
c1 rule: 'v14: 0', not 'v11: 0', not 'v12: 0' => 'v16: 1'
c1 rule: not 'v4: 0', not 'v7: 0', not 'v11: 0' => 'v16: 1'
c1 rule: 'v2: 0', 'v14: 0', not 'v5: 0' => 'v16: 1'
c1 rule: 'v6: 0', 'v15: 0', not 'v9: 0', not 'v10: 0' => 'v16: 1'
c1 rule: 'v4: 0', 'v9: 0', not 'v7: 0', not 'v12: 0' => 'v16: 1'
c1 rule: 'v9: 0', not 'v3: 0', not 'v7: 0', not 'v12: 0' => 'v16: 1'
c1 rule: 'v4: 0', 'v9: 0', 'v11: 0', not 'v12: 0' => 'v16: 1'
c1 rule: 'v2: 0', 'v4: 0', not 'v5: 0', not 'v12: 0' => 'v16: 1'
c1 rule: 'v3: 0', 'v13: 0', not 'v5: 0', not 'v15: 0' => 'v16: 1'
c1 rule: 'v3: 0', 'v13: 0', not 'v6: 0', not 'v15: 0' => 'v16: 1'
c1 rule: 'v5: 0', not 'v1: 0', not 'v14: 0', not 'v15: 0' => 'v16: 1'
c1 rule: 'v5: 0', not 'v2: 0', not 'v14: 0', not 'v15: 0' => 'v16: 1'
c1 rule: not 'v2: 0', not 'v8: 0', not 'v14: 0', not 'v15: 0' => 'v16: 1'
c1 rule: 'v5: 0', 'v12: 0', not 'v14: 0', not 'v15: 0' => 'v16: 1'
c1 rule: not 'v1: 0', not 'v9: 0', not 'v10: 0', not 'v11: 0' => 'v16: 1'
c1 rule: 'v2: 0', 'v14: 0', not 'v6: 0', not 'v11: 0' => 'v16: 1'
c1 rule: not 'v3: 0', not 'v4: 0', not 'v11: 0', not 'v13: 0' => 'v16: 1'
c1 rule: 'v5: 0', 'v7: 0', 'v12: 0', not 'v13: 0' => 'v16: 1'
c1 rule: not 'v1: 0', not 'v8: 0', not 'v11: 0', not 'v13: 0' => 'v16: 1'
c1 rule: 'v7: 0', 'v9: 0', 'v14: 0', not 'v8: 0' => 'v16: 1'
c1 rule: 'v8: 0', 'v15: 0', not 'v1: 0', not 'v3: 0' => 'v16: 1'
c1 rule: 'v13: 0', 'v15: 0', not 'v2: 0', not 'v10: 0' => 'v16: 1'
c1 rule: 'v11: 0', not 'v2: 0', not 'v13: 0', not 'v15: 0' => 'v16: 1'
c1 rule: not 'v1: 0', not 'v7: 0', not 'v10: 0', not 'v13: 0' => 'v16: 1'
c1 rule: 'v2: 0', not 'v3: 0', not 'v10: 0', not 'v13: 0' => 'v16: 1'
c1 rule: 'v14: 0', 'v15: 0', not 'v6: 0', not 'v7: 0' => 'v16: 1'
c1 rule: 'v10: 0', 'v14: 0', not 'v1: 0', not 'v6: 0' => 'v16: 1'
c1 rule: 'v1: 0', 'v3: 0', not 'v2: 0', not 'v7: 0' => 'v16: 1'
c1 rule: 'v1: 0', 'v13: 0', not 'v2: 0', not 'v10: 0' => 'v16: 1'
c1 rule: 'v15: 0', not 'v7: 0', not 'v9: 0', not 'v11: 0' => 'v16: 1'
c1 rule: 'v1: 0', 'v6: 0', 'v11: 0', not 'v10: 0' => 'v16: 1'
c1 rule: 'v10: 0', 'v15: 0', not 'v7: 0', not 'v11: 0' => 'v16: 1'
c1 rule: 'v6: 0', 'v7: 0', not 'v2: 0', not 'v3: 0' => 'v16: 1'
c1 rule: 'v12: 0', 'v15: 0', not 'v1: 0', not 'v9: 0', not 'v10: 0' => 'v16: 1'
c1 rule: 'v12: 0', 'v15: 0', not 'v3: 0', not 'v9: 0', not 'v10: 0' => 'v16: 1'
c1 rule: 'v3: 0', 'v11: 0', 'v12: 0', not 'v1: 0', not 'v10: 0' => 'v16: 1'
c1 rule: 'v2: 0', 'v10: 0', 'v12: 0', 'v14: 0', not 'v6: 0' => 'v16: 1'
c1 rule: 'v9: 0', 'v11: 0', 'v14: 0', not 'v1: 0', not 'v6: 0' => 'v16: 1'
c1 rule: 'v2: 0', 'v9: 0', 'v14: 0', not 'v1: 0', not 'v15: 0' => 'v16: 1'
c1 rule: 'v1: 0', 'v2: 0', 'v10: 0', 'v14: 0', not 'v11: 0' => 'v16: 1'
c1 # of rules: 70
c1 rule time: 0.1201

c2 total rules: 116

c0 computing feature 2
c1 computing class: 0
c1 discrimination constraints: 113h
c1 coverage constraints: 138v+2209h
c1 formula: 172v, 2373c (2339h+34s)
c1 enumerating rules (maxsat-based)
c1 rule: 'v5: 0', not 'v4: 0', not 'v13: 0' => 'v1: 0'
c1 rule: 'v5: 0', not 'v4: 0', not 'v6: 0' => 'v1: 0'
c1 rule: 'v10: 0', not 'v4: 0', not 'v15: 0' => 'v1: 0'
c1 rule: 'v6: 0', not 'v5: 0', not 'v8: 0' => 'v1: 0'
c1 rule: 'v6: 0', 'v7: 0', not 'v12: 0' => 'v1: 0'
c1 rule: 'v16: 0', 'v6: 0', not 'v4: 0' => 'v1: 0'
c1 rule: not 'v4: 0', not 'v13: 0', not 'v15: 0' => 'v1: 0'
c1 rule: not 'v5: 0', not 'v9: 0', not 'v12: 0' => 'v1: 0'
c1 rule: not 'v2: 0', not 'v7: 0', not 'v14: 0', not 'v15: 0' => 'v1: 0'
c1 rule: 'v8: 0', not 'v2: 0', not 'v7: 0', not 'v15: 0' => 'v1: 0'
c1 rule: 'v5: 0', 'v8: 0', not 'v6: 0', not 'v15: 0' => 'v1: 0'
c1 rule: 'v3: 0', 'v5: 0', not 'v13: 0', not 'v15: 0' => 'v1: 0'
c1 rule: 'v11: 0', not 'v10: 0', not 'v13: 0', not 'v15: 0' => 'v1: 0'
c1 rule: 'v6: 0', 'v7: 0', not 'v10: 0', not 'v11: 0' => 'v1: 0'
c1 rule: 'v6: 0', 'v13: 0', 'v15: 0', not 'v5: 0' => 'v1: 0'
c1 rule: 'v3: 0', 'v14: 0', not 'v6: 0', not 'v15: 0' => 'v1: 0'
c1 rule: 'v7: 0', 'v11: 0', not 'v3: 0', not 'v12: 0' => 'v1: 0'
c1 rule: 'v8: 0', not 'v2: 0', not 'v9: 0', not 'v10: 0' => 'v1: 0'
c1 rule: 'v8: 0', 'v13: 0', not 'v2: 0', not 'v11: 0' => 'v1: 0'
c1 rule: 'v8: 0', 'v13: 0', 'v15: 0', not 'v2: 0' => 'v1: 0'
c1 rule: 'v5: 0', 'v8: 0', not 'v2: 0', not 'v3: 0' => 'v1: 0'
c1 rule: 'v10: 0', 'v14: 0', not 'v2: 0', not 'v5: 0' => 'v1: 0'
c1 rule: 'v7: 0', 'v10: 0', 'v11: 0', not 'v2: 0' => 'v1: 0'
c1 rule: 'v11: 0', not 'v2: 0', not 'v9: 0', not 'v14: 0' => 'v1: 0'
c1 rule: 'v3: 0', not 'v8: 0', not 'v10: 0', not 'v13: 0' => 'v1: 0'
c1 rule: 'v16: 0', 'v5: 0', not 'v2: 0', not 'v13: 0' => 'v1: 0'
c1 rule: 'v8: 0', 'v13: 0', not 'v3: 0', not 'v4: 0' => 'v1: 0'
c1 rule: 'v8: 0', 'v13: 0', not 'v7: 0', not 'v12: 0' => 'v1: 0'
c1 rule: 'v5: 0', 'v11: 0', not 'v4: 0', not 'v7: 0' => 'v1: 0'
c1 rule: 'v2: 0', 'v4: 0', not 'v12: 0', not 'v13: 0' => 'v1: 0'
c1 rule: 'v12: 0', not 'v4: 0', not 'v6: 0', not 'v15: 0' => 'v1: 0'
c1 rule: 'v8: 0', 'v13: 0', not 'v4: 0', not 'v11: 0' => 'v1: 0'
c1 rule: 'v2: 0', 'v7: 0', 'v13: 0', 'v15: 0', not 'v9: 0' => 'v1: 0'
c1 rule: 'v2: 0', 'v15: 0', not 'v5: 0', not 'v8: 0', not 'v10: 0' => 'v1: 0'
c1 rule: 'v2: 0', 'v7: 0', 'v9: 0', 'v12: 0', not 'v8: 0' => 'v1: 0'
c1 rule: 'v5: 0', 'v9: 0', 'v11: 0', 'v15: 0', not 'v6: 0' => 'v1: 0'
c1 rule: 'v2: 0', 'v15: 0', not 'v4: 0', not 'v10: 0', not 'v11: 0' => 'v1: 0'
c1 rule: 'v8: 0', not 'v4: 0', not 'v10: 0', not 'v11: 0', not 'v14: 0' => 'v1: 0'
c1 rule: 'v3: 0', 'v8: 0', 'v10: 0', 'v11: 0', not 'v16: 0' => 'v1: 0'
c1 rule: 'v2: 0', 'v8: 0', 'v10: 0', 'v11: 0', not 'v12: 0' => 'v1: 0'
c1 rule: not 'v2: 0', not 'v9: 0', not 'v10: 0', not 'v11: 0', not 'v15: 0' => 'v1: 0'
c1 # of rules: 41
c1 rule time: 0.0934

c1 computing class: 1
c1 discrimination constraints: 138h
c1 coverage constraints: 113v+1809h
c1 formula: 147v, 1998c (1964h+34s)
c1 enumerating rules (maxsat-based)
c1 rule: 'v14: 0', not 'v4: 0', not 'v11: 0' => 'v1: 1'
c1 rule: 'v6: 0', 'v15: 0', not 'v11: 0' => 'v1: 1'
c1 rule: 'v2: 0', 'v14: 0', not 'v5: 0' => 'v1: 1'
c1 rule: 'v3: 0', 'v6: 0', not 'v11: 0' => 'v1: 1'
c1 rule: 'v6: 0', 'v8: 0', 'v15: 0', not 'v3: 0' => 'v1: 1'
c1 rule: 'v6: 0', 'v7: 0', not 'v10: 0', not 'v14: 0' => 'v1: 1'
c1 rule: 'v6: 0', 'v7: 0', 'v11: 0', not 'v10: 0' => 'v1: 1'
c1 rule: 'v6: 0', 'v7: 0', 'v11: 0', not 'v3: 0' => 'v1: 1'
c1 rule: 'v5: 0', not 'v3: 0', not 'v12: 0', not 'v13: 0' => 'v1: 1'
c1 rule: 'v4: 0', 'v8: 0', 'v11: 0', not 'v10: 0' => 'v1: 1'
c1 rule: 'v3: 0', 'v4: 0', not 'v2: 0', not 'v10: 0' => 'v1: 1'
c1 rule: 'v2: 0', 'v10: 0', not 'v4: 0', not 'v8: 0' => 'v1: 1'
c1 rule: 'v16: 0', 'v15: 0', not 'v7: 0', not 'v12: 0' => 'v1: 1'
c1 rule: 'v16: 0', not 'v5: 0', not 'v7: 0', not 'v14: 0' => 'v1: 1'
c1 rule: 'v16: 0', 'v15: 0', not 'v5: 0', not 'v9: 0' => 'v1: 1'
c1 rule: 'v16: 0', 'v3: 0', 'v4: 0', not 'v2: 0' => 'v1: 1'
c1 rule: 'v4: 0', 'v13: 0', not 'v5: 0', not 'v10: 0' => 'v1: 1'
c1 rule: 'v16: 0', 'v3: 0', 'v4: 0', not 'v5: 0' => 'v1: 1'
c1 rule: 'v12: 0', not 'v2: 0', not 'v4: 0', not 'v10: 0' => 'v1: 1'
c1 rule: 'v2: 0', 'v12: 0', not 'v11: 0', not 'v13: 0' => 'v1: 1'
c1 rule: 'v13: 0', not 'v5: 0', not 'v8: 0', not 'v12: 0' => 'v1: 1'
c1 rule: 'v3: 0', 'v5: 0', 'v9: 0', not 'v16: 0' => 'v1: 1'
c1 rule: 'v6: 0', 'v15: 0', not 'v2: 0', not 'v10: 0' => 'v1: 1'
c1 rule: 'v6: 0', 'v13: 0', 'v15: 0', not 'v2: 0' => 'v1: 1'
c1 rule: 'v5: 0', 'v6: 0', 'v8: 0', not 'v7: 0' => 'v1: 1'
c1 rule: 'v4: 0', 'v13: 0', not 'v5: 0', not 'v12: 0' => 'v1: 1'
c1 rule: 'v16: 0', not 'v2: 0', not 'v8: 0', not 'v12: 0' => 'v1: 1'
c1 rule: 'v3: 0', 'v13: 0', 'v14: 0', not 'v10: 0' => 'v1: 1'
c1 rule: 'v3: 0', 'v6: 0', 'v13: 0', not 'v8: 0' => 'v1: 1'
c1 rule: 'v16: 0', 'v2: 0', 'v6: 0', not 'v13: 0' => 'v1: 1'
c1 rule: 'v6: 0', 'v9: 0', not 'v14: 0', not 'v15: 0' => 'v1: 1'
c1 rule: 'v6: 0', 'v10: 0', not 'v13: 0', not 'v15: 0' => 'v1: 1'
c1 rule: 'v16: 0', 'v13: 0', not 'v2: 0', not 'v7: 0', not 'v9: 0' => 'v1: 1'
c1 rule: 'v5: 0', 'v10: 0', not 'v7: 0', not 'v11: 0', not 'v13: 0' => 'v1: 1'
c1 rule: 'v4: 0', 'v6: 0', 'v11: 0', not 'v10: 0', not 'v14: 0' => 'v1: 1'
c1 rule: 'v2: 0', not 'v3: 0', not 'v8: 0', not 'v13: 0', not 'v14: 0' => 'v1: 1'
c1 rule: 'v13: 0', 'v15: 0', not 'v2: 0', not 'v9: 0', not 'v10: 0' => 'v1: 1'
c1 rule: 'v16: 0', 'v12: 0', 'v13: 0', not 'v3: 0', not 'v14: 0' => 'v1: 1'
c1 rule: 'v10: 0', 'v11: 0', not 'v2: 0', not 'v8: 0', not 'v15: 0' => 'v1: 1'
c1 rule: 'v16: 0', 'v11: 0', 'v14: 0', not 'v9: 0', not 'v10: 0' => 'v1: 1'
c1 rule: 'v7: 0', 'v10: 0', not 'v16: 0', not 'v3: 0', not 'v12: 0' => 'v1: 1'
c1 # of rules: 41
c1 rule time: 0.0935

c2 total rules: 82

c0 computing feature 3
c1 computing class: 0
c1 discrimination constraints: 115h
c1 coverage constraints: 136v+2177h
c1 formula: 170v, 2343c (2309h+34s)
c1 enumerating rules (maxsat-based)
c1 rule: 'v16: 0', not 'v4: 0', not 'v8: 0' => 'v2: 0'
c1 rule: 'v3: 0', 'v11: 0', not 'v8: 0' => 'v2: 0'
c1 rule: 'v3: 0', not 'v7: 0', not 'v10: 0' => 'v2: 0'
c1 rule: 'v9: 0', not 'v7: 0', not 'v10: 0', not 'v12: 0' => 'v2: 0'
c1 rule: 'v7: 0', 'v11: 0', not 'v8: 0', not 'v15: 0' => 'v2: 0'
c1 rule: 'v7: 0', 'v8: 0', not 'v3: 0', not 'v9: 0' => 'v2: 0'
c1 rule: 'v3: 0', 'v4: 0', 'v5: 0', not 'v14: 0' => 'v2: 0'
c1 rule: 'v3: 0', 'v4: 0', 'v15: 0', not 'v7: 0' => 'v2: 0'
c1 rule: 'v5: 0', not 'v16: 0', not 'v12: 0', not 'v14: 0' => 'v2: 0'
c1 rule: 'v4: 0', 'v8: 0', 'v11: 0', not 'v7: 0' => 'v2: 0'
c1 rule: 'v11: 0', 'v13: 0', not 'v9: 0', not 'v14: 0' => 'v2: 0'
c1 rule: 'v6: 0', 'v10: 0', not 'v13: 0', not 'v15: 0' => 'v2: 0'
c1 rule: 'v6: 0', not 'v9: 0', not 'v13: 0', not 'v15: 0' => 'v2: 0'
c1 rule: 'v6: 0', 'v9: 0', 'v14: 0', 'v15: 0' => 'v2: 0'
c1 rule: 'v6: 0', 'v11: 0', 'v13: 0', 'v15: 0', not 'v10: 0' => 'v2: 0'
c1 rule: 'v4: 0', 'v6: 0', 'v13: 0', 'v15: 0', not 'v10: 0' => 'v2: 0'
c1 rule: 'v1: 0', 'v14: 0', 'v15: 0', not 'v9: 0', not 'v10: 0' => 'v2: 0'
c1 rule: 'v1: 0', 'v13: 0', 'v15: 0', not 'v16: 0', not 'v14: 0' => 'v2: 0'
c1 rule: 'v11: 0', 'v14: 0', not 'v3: 0', not 'v6: 0', not 'v13: 0' => 'v2: 0'
c1 rule: 'v16: 0', 'v4: 0', 'v10: 0', 'v11: 0', not 'v6: 0' => 'v2: 0'
c1 rule: 'v13: 0', 'v15: 0', not 'v6: 0', not 'v7: 0', not 'v11: 0' => 'v2: 0'
c1 rule: 'v4: 0', not 'v16: 0', not 'v11: 0', not 'v12: 0', not 'v14: 0' => 'v2: 0'
c1 rule: 'v1: 0', 'v13: 0', not 'v6: 0', not 'v10: 0', not 'v11: 0' => 'v2: 0'
c1 # of rules: 23
c1 rule time: 0.0601

c1 computing class: 1
c1 discrimination constraints: 136h
c1 coverage constraints: 115v+1841h
c1 formula: 149v, 2028c (1994h+34s)
c1 enumerating rules (maxsat-based)
c1 rule: 'v3: 0', 'v6: 0', not 'v11: 0' => 'v2: 1'
c1 rule: 'v3: 0', 'v14: 0', not 'v11: 0' => 'v2: 1'
c1 rule: 'v5: 0', 'v9: 0', not 'v4: 0' => 'v2: 1'
c1 rule: 'v6: 0', 'v7: 0', not 'v11: 0' => 'v2: 1'
c1 rule: not 'v5: 0', not 'v9: 0', not 'v11: 0' => 'v2: 1'
c1 rule: 'v12: 0', not 'v4: 0', not 'v11: 0' => 'v2: 1'
c1 rule: 'v10: 0', 'v13: 0', not 'v4: 0', not 'v11: 0' => 'v2: 1'
c1 rule: 'v10: 0', 'v15: 0', not 'v9: 0', not 'v11: 0' => 'v2: 1'
c1 rule: 'v3: 0', not 'v7: 0', not 'v11: 0', not 'v12: 0' => 'v2: 1'
c1 rule: 'v16: 0', 'v8: 0', 'v13: 0', not 'v3: 0' => 'v2: 1'
c1 rule: 'v3: 0', 'v10: 0', 'v12: 0', not 'v13: 0' => 'v2: 1'
c1 rule: 'v3: 0', 'v10: 0', 'v12: 0', not 'v4: 0' => 'v2: 1'
c1 rule: 'v12: 0', 'v15: 0', not 'v11: 0', not 'v13: 0' => 'v2: 1'
c1 rule: 'v7: 0', 'v10: 0', not 'v3: 0', not 'v12: 0' => 'v2: 1'
c1 rule: 'v3: 0', 'v7: 0', not 'v4: 0', not 'v9: 0' => 'v2: 1'
c1 rule: 'v4: 0', 'v6: 0', 'v15: 0', not 'v13: 0' => 'v2: 1'
c1 rule: 'v8: 0', not 'v7: 0', not 'v9: 0', not 'v10: 0', not 'v12: 0' => 'v2: 1'
c1 rule: 'v9: 0', 'v11: 0', not 'v3: 0', not 'v10: 0', not 'v12: 0' => 'v2: 1'
c1 rule: 'v10: 0', 'v14: 0', 'v15: 0', not 'v6: 0', not 'v7: 0' => 'v2: 1'
c1 rule: 'v4: 0', 'v7: 0', 'v11: 0', not 'v16: 0', not 'v12: 0' => 'v2: 1'
c1 # of rules: 20
c1 rule time: 0.0575

c2 total rules: 43

c0 computing feature 4
c1 computing class: 0
c1 discrimination constraints: 157h
c1 coverage constraints: 94v+1505h
c1 formula: 128v, 1713c (1679h+34s)
c1 enumerating rules (maxsat-based)
c1 rule: 'v14: 0', 'v15: 0', not 'v4: 0' => 'v3: 0'
c1 rule: 'v6: 0', 'v7: 0', 'v15: 0' => 'v3: 0'
c1 rule: 'v5: 0', 'v10: 0', not 'v4: 0' => 'v3: 0'
c1 rule: 'v8: 0', not 'v12: 0', not 'v15: 0' => 'v3: 0'
c1 rule: not 'v12: 0', not 'v13: 0', not 'v15: 0' => 'v3: 0'
c1 rule: 'v4: 0', 'v8: 0', 'v11: 0', not 'v7: 0' => 'v3: 0'
c1 rule: 'v8: 0', 'v13: 0', not 'v7: 0', not 'v14: 0' => 'v3: 0'
c1 rule: 'v7: 0', 'v12: 0', not 'v2: 0', not 'v4: 0' => 'v3: 0'
c1 rule: 'v8: 0', 'v13: 0', not 'v16: 0', not 'v12: 0' => 'v3: 0'
c1 rule: 'v10: 0', not 'v4: 0', not 'v7: 0', not 'v11: 0' => 'v3: 0'
c1 rule: 'v8: 0', not 'v2: 0', not 'v4: 0', not 'v10: 0', not 'v11: 0' => 'v3: 0'
c1 # of rules: 11
c1 rule time: 0.0303

c1 computing class: 1
c1 discrimination constraints: 94h
c1 coverage constraints: 157v+2513h
c1 formula: 191v, 2658c (2624h+34s)
c1 enumerating rules (maxsat-based)
c1 rule: 'v13: 0', not 'v9: 0', not 'v12: 0' => 'v3: 1'
c1 rule: 'v14: 0', 'v15: 0', not 'v7: 0' => 'v3: 1'
c1 rule: 'v14: 0', not 'v5: 0', not 'v7: 0' => 'v3: 1'
c1 rule: 'v4: 0', not 'v5: 0', not 'v9: 0' => 'v3: 1'
c1 rule: not 'v9: 0', not 'v10: 0', not 'v11: 0' => 'v3: 1'
c1 rule: 'v16: 0', 'v2: 0', 'v6: 0', not 'v7: 0' => 'v3: 1'
c1 rule: 'v16: 0', 'v6: 0', not 'v7: 0', not 'v9: 0' => 'v3: 1'
c1 rule: 'v16: 0', 'v6: 0', 'v11: 0', not 'v8: 0' => 'v3: 1'
c1 rule: 'v16: 0', 'v5: 0', 'v11: 0', not 'v1: 0' => 'v3: 1'
c1 rule: 'v5: 0', 'v10: 0', 'v11: 0', not 'v1: 0' => 'v3: 1'
c1 rule: 'v10: 0', not 'v16: 0', not 'v1: 0', not 'v15: 0' => 'v3: 1'
c1 rule: 'v7: 0', not 'v16: 0', not 'v8: 0', not 'v15: 0' => 'v3: 1'
c1 rule: 'v8: 0', not 'v16: 0', not 'v1: 0', not 'v9: 0' => 'v3: 1'
c1 rule: 'v6: 0', not 'v9: 0', not 'v14: 0', not 'v15: 0' => 'v3: 1'
c1 rule: 'v4: 0', 'v11: 0', 'v12: 0', not 'v2: 0' => 'v3: 1'
c1 rule: 'v13: 0', 'v15: 0', not 'v16: 0', not 'v6: 0', not 'v8: 0' => 'v3: 1'
c1 # of rules: 16
c1 rule time: 0.0381

c2 total rules: 27

c0 computing feature 5
c1 computing class: 0
c1 discrimination constraints: 88h
c1 coverage constraints: 163v+2609h
c1 formula: 197v, 2748c (2714h+34s)
c1 enumerating rules (maxsat-based)
c1 rule: 'v5: 0', not 'v6: 0', not 'v15: 0' => 'v4: 0'
c1 rule: 'v5: 0', 'v12: 0', not 'v6: 0' => 'v4: 0'
c1 rule: 'v6: 0', 'v7: 0', not 'v11: 0' => 'v4: 0'
c1 rule: 'v11: 0', not 'v1: 0', not 'v6: 0', not 'v9: 0' => 'v4: 0'
c1 rule: 'v11: 0', not 'v2: 0', not 'v12: 0', not 'v15: 0' => 'v4: 0'
c1 rule: 'v2: 0', 'v9: 0', 'v10: 0', 'v12: 0', not 'v13: 0' => 'v4: 0'
c1 # of rules: 6
c1 rule time: 0.0244

c1 computing class: 1
c1 discrimination constraints: 163h
c1 coverage constraints: 88v+1409h
c1 formula: 122v, 1623c (1589h+34s)
c1 enumerating rules (maxsat-based)
c1 rule: 'v3: 0', 'v14: 0', not 'v5: 0' => 'v4: 1'
c1 rule: not 'v5: 0', not 'v9: 0', not 'v12: 0' => 'v4: 1'
c1 rule: not 'v5: 0', not 'v8: 0', not 'v12: 0' => 'v4: 1'
c1 rule: 'v8: 0', not 'v9: 0', not 'v12: 0' => 'v4: 1'
c1 rule: not 'v5: 0', not 'v9: 0', not 'v15: 0' => 'v4: 1'
c1 rule: 'v6: 0', 'v7: 0', not 'v10: 0', not 'v14: 0' => 'v4: 1'
c1 rule: 'v11: 0', not 'v2: 0', not 'v5: 0', not 'v7: 0' => 'v4: 1'
c1 rule: 'v11: 0', not 'v1: 0', not 'v5: 0', not 'v7: 0' => 'v4: 1'
c1 rule: 'v16: 0', 'v10: 0', 'v15: 0', not 'v1: 0', not 'v13: 0' => 'v4: 1'
c1 rule: 'v3: 0', 'v12: 0', not 'v2: 0', not 'v6: 0', not 'v14: 0' => 'v4: 1'
c1 rule: 'v1: 0', 'v15: 0', not 'v9: 0', not 'v12: 0', not 'v14: 0' => 'v4: 1'
c1 # of rules: 11
c1 rule time: 0.0271

c2 total rules: 17

c0 computing feature 6
c1 computing class: 0
c1 discrimination constraints: 114h
c1 coverage constraints: 137v+2193h
c1 formula: 171v, 2358c (2324h+34s)
c1 enumerating rules (maxsat-based)
c1 rule: 'v3: 0', 'v12: 0', not 'v8: 0' => 'v5: 0'
c1 rule: 'v10: 0', 'v13: 0', not 'v7: 0', not 'v11: 0' => 'v5: 0'
c1 rule: 'v3: 0', 'v10: 0', not 'v7: 0', not 'v9: 0' => 'v5: 0'
c1 rule: 'v1: 0', 'v4: 0', 'v7: 0', not 'v9: 0' => 'v5: 0'
c1 # of rules: 4
c1 rule time: 0.0173

c1 computing class: 1
c1 discrimination constraints: 137h
c1 coverage constraints: 114v+1825h
c1 formula: 148v, 2013c (1979h+34s)
c1 enumerating rules (maxsat-based)
c1 rule: 'v14: 0', not 'v4: 0' => 'v5: 1'
c1 rule: not 'v4: 0', not 'v11: 0', not 'v12: 0' => 'v5: 1'
c1 rule: 'v3: 0', not 'v10: 0', not 'v11: 0' => 'v5: 1'
c1 rule: 'v8: 0', 'v9: 0', not 'v15: 0' => 'v5: 1'
c1 rule: 'v8: 0', not 'v3: 0', not 'v14: 0' => 'v5: 1'
c1 rule: 'v7: 0', not 'v1: 0', not 'v2: 0', not 'v10: 0' => 'v5: 1'
c1 rule: 'v7: 0', 'v11: 0', 'v14: 0', not 'v2: 0' => 'v5: 1'
c1 rule: 'v16: 0', not 'v2: 0', not 'v9: 0', not 'v14: 0' => 'v5: 1'
c1 # of rules: 8
c1 rule time: 0.0200

c2 total rules: 12

c0 computing feature 7
c1 computing class: 0
c1 discrimination constraints: 165h
c1 coverage constraints: 86v+1377h
c1 formula: 120v, 1593c (1559h+34s)
c1 enumerating rules (maxsat-based)
c1 rule: 'v7: 0', 'v11: 0', not 'v8: 0', not 'v15: 0' => 'v6: 0'
c1 rule: 'v2: 0', 'v4: 0', not 'v5: 0', not 'v8: 0' => 'v6: 0'
c1 rule: 'v11: 0', not 'v1: 0', not 'v13: 0', not 'v15: 0' => 'v6: 0'
c1 rule: 'v5: 0', 'v9: 0', 'v10: 0', 'v11: 0' => 'v6: 0'
c1 rule: 'v2: 0', 'v13: 0', not 'v5: 0', not 'v9: 0' => 'v6: 0'
c1 rule: 'v7: 0', 'v13: 0', not 'v9: 0', not 'v15: 0' => 'v6: 0'
c1 rule: 'v11: 0', 'v14: 0', not 'v12: 0', not 'v15: 0' => 'v6: 0'
c1 rule: 'v2: 0', 'v8: 0', 'v10: 0', 'v13: 0', not 'v4: 0' => 'v6: 0'
c1 rule: 'v10: 0', 'v13: 0', not 'v1: 0', not 'v7: 0', not 'v11: 0' => 'v6: 0'
c1 rule: 'v2: 0', 'v10: 0', 'v14: 0', not 'v8: 0', not 'v11: 0' => 'v6: 0'
c1 rule: 'v5: 0', 'v9: 0', 'v10: 0', not 'v1: 0', not 'v15: 0' => 'v6: 0'
c1 rule: 'v5: 0', 'v9: 0', 'v10: 0', 'v12: 0', not 'v15: 0' => 'v6: 0'
c1 rule: 'v5: 0', 'v9: 0', 'v15: 0', not 'v1: 0', not 'v7: 0' => 'v6: 0'
c1 rule: 'v5: 0', 'v15: 0', not 'v9: 0', not 'v11: 0', not 'v14: 0' => 'v6: 0'
c1 # of rules: 14
c1 rule time: 0.0358

c1 computing class: 1
c1 discrimination constraints: 86h
c1 coverage constraints: 165v+2641h
c1 formula: 199v, 2778c (2744h+34s)
c1 enumerating rules (maxsat-based)
c1 rule: 'v4: 0', not 'v12: 0', not 'v13: 0' => 'v6: 1'
c1 rule: 'v5: 0', not 'v4: 0', not 'v12: 0' => 'v6: 1'
c1 rule: 'v1: 0', 'v5: 0', not 'v12: 0' => 'v6: 1'
c1 rule: 'v15: 0', not 'v9: 0', not 'v12: 0' => 'v6: 1'
c1 rule: not 'v9: 0', not 'v12: 0', not 'v14: 0' => 'v6: 1'
c1 rule: not 'v13: 0', not 'v14: 0', not 'v15: 0' => 'v6: 1'
c1 rule: 'v3: 0', not 'v1: 0', not 'v12: 0' => 'v6: 1'
c1 rule: 'v8: 0', not 'v10: 0', not 'v12: 0' => 'v6: 1'
c1 rule: 'v16: 0', not 'v2: 0', not 'v10: 0', not 'v11: 0' => 'v6: 1'
c1 rule: 'v1: 0', 'v9: 0', not 'v3: 0', not 'v14: 0' => 'v6: 1'
c1 rule: 'v10: 0', 'v14: 0', not 'v11: 0', not 'v13: 0' => 'v6: 1'
c1 rule: 'v2: 0', 'v14: 0', 'v15: 0', not 'v9: 0', not 'v11: 0' => 'v6: 1'
c1 # of rules: 12
c1 rule time: 0.0392

c2 total rules: 26

c0 computing feature 8
c1 computing class: 0
c1 discrimination constraints: 146h
c1 coverage constraints: 105v+1681h
c1 formula: 139v, 1878c (1844h+34s)
c1 enumerating rules (maxsat-based)
c1 rule: 'v6: 0', 'v10: 0', 'v13: 0', not 'v12: 0' => 'v7: 0'
c1 rule: 'v2: 0', 'v6: 0', 'v10: 0', not 'v12: 0' => 'v7: 0'
c1 rule: 'v8: 0', 'v13: 0', not 'v2: 0', not 'v14: 0' => 'v7: 0'
c1 rule: 'v3: 0', 'v11: 0', 'v12: 0', not 'v2: 0' => 'v7: 0'
c1 rule: 'v8: 0', 'v13: 0', 'v15: 0', not 'v12: 0' => 'v7: 0'
c1 rule: 'v15: 0', not 'v5: 0', not 'v8: 0', not 'v11: 0' => 'v7: 0'
c1 rule: 'v8: 0', not 'v1: 0', not 'v2: 0', not 'v11: 0' => 'v7: 0'
c1 rule: not 'v1: 0', not 'v2: 0', not 'v13: 0', not 'v15: 0' => 'v7: 0'
c1 rule: not 'v1: 0', not 'v8: 0', not 'v9: 0', not 'v13: 0', not 'v14: 0' => 'v7: 0'
c1 # of rules: 9
c1 rule time: 0.0302

c1 computing class: 1
c1 discrimination constraints: 105h
c1 coverage constraints: 146v+2337h
c1 formula: 180v, 2493c (2459h+34s)
c1 enumerating rules (maxsat-based)
c1 rule: 'v3: 0', not 'v8: 0', not 'v10: 0' => 'v7: 1'
c1 rule: 'v16: 0', not 'v4: 0', not 'v8: 0' => 'v7: 1'
c1 rule: 'v2: 0', 'v14: 0', not 'v1: 0', not 'v13: 0' => 'v7: 1'
c1 rule: 'v2: 0', 'v14: 0', not 'v16: 0', not 'v13: 0' => 'v7: 1'
c1 rule: 'v2: 0', not 'v3: 0', not 'v11: 0', not 'v13: 0' => 'v7: 1'
c1 rule: 'v2: 0', 'v12: 0', 'v15: 0', not 'v11: 0' => 'v7: 1'
c1 rule: 'v2: 0', not 'v5: 0', not 'v8: 0', not 'v10: 0' => 'v7: 1'
c1 # of rules: 7
c1 rule time: 0.0264

c2 total rules: 16

c0 computing feature 9
c1 computing class: 0
c1 discrimination constraints: 148h
c1 coverage constraints: 103v+1649h
c1 formula: 137v, 1848c (1814h+34s)
c1 enumerating rules (maxsat-based)
c1 rule: 'v6: 0', not 'v5: 0', not 'v11: 0' => 'v8: 0'
c1 rule: 'v1: 0', 'v3: 0', 'v14: 0', not 'v2: 0' => 'v8: 0'
c1 rule: 'v3: 0', 'v14: 0', not 'v2: 0', not 'v6: 0' => 'v8: 0'
c1 rule: 'v3: 0', 'v7: 0', not 'v16: 0', not 'v11: 0' => 'v8: 0'
c1 rule: 'v7: 0', 'v10: 0', not 'v2: 0', not 'v4: 0' => 'v8: 0'
c1 rule: 'v7: 0', 'v9: 0', not 'v2: 0', not 'v4: 0' => 'v8: 0'
c1 rule: 'v2: 0', 'v3: 0', 'v9: 0', not 'v11: 0' => 'v8: 0'
c1 rule: 'v11: 0', not 'v2: 0', not 'v10: 0', not 'v12: 0' => 'v8: 0'
c1 rule: 'v9: 0', 'v15: 0', not 'v5: 0', not 'v11: 0' => 'v8: 0'
c1 rule: 'v9: 0', 'v14: 0', 'v15: 0', not 'v13: 0' => 'v8: 0'
c1 # of rules: 10
c1 rule time: 0.0243

c1 computing class: 1
c1 discrimination constraints: 103h
c1 coverage constraints: 148v+2369h
c1 formula: 182v, 2523c (2489h+34s)
c1 enumerating rules (maxsat-based)
c1 rule: 'v14: 0', 'v15: 0', not 'v7: 0' => 'v8: 1'
c1 rule: 'v6: 0', 'v10: 0', not 'v15: 0' => 'v8: 1'
c1 rule: not 'v4: 0', not 'v11: 0', not 'v15: 0' => 'v8: 1'
c1 rule: 'v6: 0', 'v7: 0', not 'v3: 0' => 'v8: 1'
c1 rule: 'v5: 0', 'v11: 0', not 'v15: 0' => 'v8: 1'
c1 rule: 'v5: 0', not 'v14: 0', not 'v15: 0' => 'v8: 1'
c1 rule: 'v10: 0', 'v15: 0', not 'v3: 0', not 'v9: 0' => 'v8: 1'
c1 rule: 'v14: 0', not 'v6: 0', not 'v7: 0', not 'v13: 0' => 'v8: 1'
c1 rule: 'v12: 0', not 'v1: 0', not 'v2: 0', not 'v7: 0' => 'v8: 1'
c1 # of rules: 9
c1 rule time: 0.0327

c2 total rules: 19

c0 computing feature 10
c1 computing class: 0
c1 discrimination constraints: 120h
c1 coverage constraints: 131v+2097h
c1 formula: 165v, 2268c (2234h+34s)
c1 enumerating rules (maxsat-based)
c1 rule: 'v16: 0', 'v6: 0', not 'v14: 0' => 'v9: 0'
c1 # of rules: 1
c1 rule time: 0.0227

c1 computing class: 1
c1 discrimination constraints: 131h
c1 coverage constraints: 120v+1921h
c1 formula: 154v, 2103c (2069h+34s)
c1 enumerating rules (maxsat-based)
c1 rule: 'v2: 0', 'v14: 0', not 'v13: 0' => 'v9: 1'
c1 rule: 'v6: 0', not 'v3: 0', not 'v14: 0', not 'v15: 0' => 'v9: 1'
c1 rule: 'v10: 0', 'v11: 0', not 'v8: 0', not 'v15: 0' => 'v9: 1'
c1 rule: not 'v3: 0', not 'v8: 0', not 'v12: 0', not 'v13: 0' => 'v9: 1'
c1 rule: 'v2: 0', 'v3: 0', 'v12: 0', not 'v8: 0' => 'v9: 1'
c1 rule: 'v2: 0', 'v6: 0', not 'v3: 0', not 'v5: 0' => 'v9: 1'
c1 rule: 'v6: 0', 'v8: 0', 'v15: 0', not 'v10: 0' => 'v9: 1'
c1 rule: 'v16: 0', not 'v8: 0', not 'v13: 0', not 'v15: 0' => 'v9: 1'
c1 rule: 'v4: 0', 'v15: 0', not 'v3: 0', not 'v5: 0', not 'v7: 0' => 'v9: 1'
c1 rule: 'v6: 0', 'v14: 0', not 'v16: 0', not 'v1: 0', not 'v10: 0' => 'v9: 1'
c1 rule: 'v2: 0', 'v14: 0', not 'v1: 0', not 'v6: 0', not 'v7: 0' => 'v9: 1'
c1 rule: 'v5: 0', 'v13: 0', not 'v16: 0', not 'v14: 0', not 'v15: 0' => 'v9: 1'
c1 rule: 'v5: 0', 'v12: 0', 'v13: 0', not 'v10: 0', not 'v14: 0' => 'v9: 1'
c1 # of rules: 13
c1 rule time: 0.0363

c2 total rules: 14

c0 computing feature 11
c1 computing class: 0
c1 discrimination constraints: 130h
c1 coverage constraints: 121v+1937h
c1 formula: 155v, 2118c (2084h+34s)
c1 enumerating rules (maxsat-based)
c1 rule: 'v2: 0', 'v14: 0', not 'v5: 0' => 'v10: 0'
c1 rule: 'v3: 0', not 'v11: 0', not 'v15: 0' => 'v10: 0'
c1 rule: 'v16: 0', 'v6: 0', 'v11: 0', 'v15: 0' => 'v10: 0'
c1 rule: 'v3: 0', 'v4: 0', 'v13: 0', not 'v12: 0' => 'v10: 0'
c1 rule: 'v13: 0', not 'v9: 0', not 'v11: 0', not 'v12: 0' => 'v10: 0'
c1 rule: 'v4: 0', 'v11: 0', not 'v16: 0', not 'v12: 0', not 'v14: 0' => 'v10: 0'
c1 rule: 'v1: 0', 'v7: 0', 'v12: 0', not 'v11: 0', not 'v13: 0' => 'v10: 0'
c1 # of rules: 7
c1 rule time: 0.0370

c1 computing class: 1
c1 discrimination constraints: 121h
c1 coverage constraints: 130v+2081h
c1 formula: 164v, 2253c (2219h+34s)
c1 enumerating rules (maxsat-based)
c1 rule: 'v14: 0', not 'v1: 0', not 'v12: 0' => 'v10: 1'
c1 rule: 'v12: 0', not 'v8: 0', not 'v13: 0', not 'v14: 0' => 'v10: 1'
c1 rule: 'v2: 0', 'v8: 0', 'v14: 0', not 'v7: 0' => 'v10: 1'
c1 rule: 'v16: 0', 'v3: 0', not 'v7: 0', not 'v9: 0' => 'v10: 1'
c1 rule: 'v4: 0', 'v8: 0', not 'v3: 0', not 'v12: 0' => 'v10: 1'
c1 rule: 'v14: 0', not 'v2: 0', not 'v12: 0', not 'v13: 0' => 'v10: 1'
c1 rule: 'v6: 0', not 'v3: 0', not 'v11: 0', not 'v14: 0' => 'v10: 1'
c1 rule: 'v13: 0', 'v15: 0', not 'v9: 0', not 'v12: 0' => 'v10: 1'
c1 rule: 'v1: 0', 'v5: 0', 'v11: 0', not 'v3: 0', not 'v12: 0' => 'v10: 1'
c1 rule: 'v5: 0', 'v11: 0', not 'v16: 0', not 'v2: 0', not 'v13: 0' => 'v10: 1'
c1 rule: 'v8: 0', 'v12: 0', not 'v1: 0', not 'v2: 0', not 'v3: 0' => 'v10: 1'
c1 # of rules: 11
c1 rule time: 0.0520

c2 total rules: 18

c0 computing feature 12
c1 computing class: 0
c1 discrimination constraints: 102h
c1 coverage constraints: 149v+2385h
c1 formula: 183v, 2538c (2504h+34s)
c1 enumerating rules (maxsat-based)
c1 rule: 'v1: 0', 'v12: 0', 'v13: 0', not 'v4: 0' => 'v11: 0'
c1 rule: 'v1: 0', 'v5: 0', not 'v16: 0', not 'v7: 0', not 'v13: 0' => 'v11: 0'
c1 # of rules: 2
c1 rule time: 0.0385

c1 computing class: 1
c1 discrimination constraints: 149h
c1 coverage constraints: 102v+1633h
c1 formula: 136v, 1833c (1799h+34s)
c1 enumerating rules (maxsat-based)
c1 rule: 'v14: 0', not 'v5: 0', not 'v9: 0' => 'v11: 1'
c1 rule: 'v14: 0', not 'v1: 0', not 'v5: 0', not 'v15: 0' => 'v11: 1'
c1 rule: 'v13: 0', not 'v3: 0', not 'v5: 0', not 'v12: 0' => 'v11: 1'
c1 rule: 'v13: 0', not 'v2: 0', not 'v12: 0', not 'v14: 0' => 'v11: 1'
c1 rule: 'v16: 0', 'v1: 0', 'v4: 0', not 'v2: 0', not 'v14: 0' => 'v11: 1'
c1 rule: 'v3: 0', 'v5: 0', 'v10: 0', not 'v8: 0', not 'v14: 0' => 'v11: 1'
c1 # of rules: 6
c1 rule time: 0.0307

c2 total rules: 8

c0 computing feature 13
c1 computing class: 0
c1 discrimination constraints: 84h
c1 coverage constraints: 167v+2673h
c1 formula: 201v, 2808c (2774h+34s)
c1 enumerating rules (maxsat-based)
c1 rule: 'v2: 0', 'v5: 0', 'v9: 0', 'v10: 0', not 'v16: 0' => 'v12: 0'
c1 # of rules: 1
c1 rule time: 0.0324

c1 computing class: 1
c1 discrimination constraints: 167h
c1 coverage constraints: 84v+1345h
c1 formula: 118v, 1563c (1529h+34s)
c1 enumerating rules (maxsat-based)
c1 rule: 'v3: 0', 'v8: 0', not 'v7: 0', not 'v13: 0' => 'v12: 1'
c1 rule: not 'v4: 0', not 'v6: 0', not 'v9: 0', not 'v10: 0' => 'v12: 1'
c1 rule: not 'v4: 0', not 'v10: 0', not 'v13: 0', not 'v15: 0' => 'v12: 1'
c1 rule: 'v5: 0', 'v7: 0', not 'v11: 0', not 'v14: 0' => 'v12: 1'
c1 rule: 'v3: 0', 'v13: 0', 'v14: 0', not 'v5: 0' => 'v12: 1'
c1 # of rules: 5
c1 rule time: 0.0242

c2 total rules: 6

c0 computing feature 14
c1 computing class: 0
c1 discrimination constraints: 109h
c1 coverage constraints: 142v+2273h
c1 formula: 176v, 2433c (2399h+34s)
c1 enumerating rules (maxsat-based)
c1 rule: 'v14: 0', not 'v5: 0', not 'v9: 0' => 'v13: 0'
c1 rule: 'v12: 0', not 'v16: 0', not 'v4: 0', not 'v15: 0' => 'v13: 0'
c1 rule: 'v11: 0', 'v14: 0', not 'v6: 0', not 'v15: 0' => 'v13: 0'
c1 rule: 'v1: 0', 'v2: 0', 'v5: 0', 'v9: 0' => 'v13: 0'
c1 rule: 'v16: 0', 'v4: 0', 'v8: 0', 'v14: 0' => 'v13: 0'
c1 rule: 'v1: 0', 'v2: 0', 'v8: 0', 'v12: 0', not 'v16: 0' => 'v13: 0'
c1 # of rules: 6
c1 rule time: 0.0361

c1 computing class: 1
c1 discrimination constraints: 142h
c1 coverage constraints: 109v+1745h
c1 formula: 143v, 1938c (1904h+34s)
c1 enumerating rules (maxsat-based)
c1 rule: 'v7: 0', not 'v5: 0', not 'v8: 0', not 'v15: 0' => 'v13: 1'
c1 # of rules: 1
c1 rule time: 0.0214

c2 total rules: 7

c0 computing feature 15
c1 computing class: 0
c1 discrimination constraints: 144h
c1 coverage constraints: 107v+1713h
c1 formula: 141v, 1908c (1874h+34s)
c1 enumerating rules (maxsat-based)
c1 rule: 'v5: 0', 'v7: 0', not 'v16: 0', not 'v11: 0' => 'v14: 0'
c1 rule: 'v7: 0', 'v13: 0', 'v15: 0', not 'v16: 0', not 'v2: 0' => 'v14: 0'
c1 # of rules: 2
c1 rule time: 0.0196

c1 computing class: 1
c1 discrimination constraints: 107h
c1 coverage constraints: 144v+2305h
c1 formula: 178v, 2463c (2429h+34s)
c1 enumerating rules (maxsat-based)
c1 rule: 'v4: 0', 'v7: 0', not 'v10: 0', not 'v13: 0' => 'v14: 1'
c1 rule: 'v5: 0', 'v7: 0', 'v15: 0', not 'v16: 0', not 'v9: 0' => 'v14: 1'
c1 # of rules: 2
c1 rule time: 0.0222

c2 total rules: 4

c0 computing feature 16
c1 computing class: 0
c1 discrimination constraints: 104h
c1 coverage constraints: 147v+2353h
c1 formula: 181v, 2508c (2474h+34s)
c1 enumerating rules (maxsat-based)
c1 rule: 'v11: 0', not 'v5: 0', not 'v8: 0' => 'v15: 0'
c1 rule: 'v1: 0', 'v8: 0', not 'v11: 0', not 'v14: 0' => 'v15: 0'
c1 rule: 'v7: 0', 'v8: 0', not 'v16: 0', not 'v10: 0' => 'v15: 0'
c1 rule: 'v2: 0', 'v4: 0', 'v11: 0', not 'v6: 0', not 'v13: 0' => 'v15: 0'
c1 # of rules: 4
c1 rule time: 0.0354

c1 computing class: 1
c1 discrimination constraints: 147h
c1 coverage constraints: 104v+1665h
c1 formula: 138v, 1863c (1829h+34s)
c1 enumerating rules (maxsat-based)
c1 rule: 'v6: 0', 'v7: 0', not 'v8: 0' => 'v15: 1'
c1 rule: 'v4: 0', 'v8: 0', 'v13: 0', not 'v2: 0' => 'v15: 1'
c1 rule: 'v16: 0', 'v7: 0', 'v13: 0', not 'v10: 0' => 'v15: 1'
c1 rule: 'v8: 0', 'v10: 0', 'v12: 0', not 'v7: 0' => 'v15: 1'
c1 rule: 'v1: 0', 'v6: 0', not 'v3: 0', not 'v4: 0' => 'v15: 1'
c1 rule: 'v8: 0', 'v9: 0', 'v11: 0', 'v12: 0', not 'v7: 0' => 'v15: 1'
c1 rule: 'v4: 0', 'v8: 0', 'v11: 0', 'v12: 0', not 'v2: 0' => 'v15: 1'
c1 # of rules: 7
c1 rule time: 0.0388

c2 total rules: 11
c3 total time: 1.6873

Rules are saved to ../rules/size/q6_house-votes-84_train3.csv_size5.json