c0 # of samps: 276 (209 weighted)
c0 # of feats: 6 (24 binary)
c0 # of labls: 2
c0 parse time: 0.2649


c0 computing feature 1
c1 computing class: (-inf..84.25]
c1 discrimination constraints: 163h
c1 coverage constraints: 18v+379h
c1 formula: 66v, 614c (566h+48s)
c1 enumerating rules (maxsat-based)
c1 rule: 'Alkphos: (73.5..92.75]', 'Sgot: (32.0..46.0]', 'Drinks: (-inf..2.75]' => 'Mcv: (-inf..84.25]'
c1 rule: 'Sgpt: (40.0..60.0]', 'Sgot: (-inf..20.5]', not 'Gammagt: (52.5..89.75]' => 'Mcv: (-inf..84.25]'
c1 rule: 'Sgot: (-inf..20.5]', 'Gammagt: (89.75..+inf)', 'Drinks: (-inf..2.75]' => 'Mcv: (-inf..84.25]'
c1 rule: 'Sgpt: (-inf..23.5]', 'Gammagt: (28.25..52.5]', 'Drinks: (6.5..10.5]' => 'Mcv: (-inf..84.25]'
c1 rule: 'Alkphos: (54.25..73.5]', 'Sgpt: (60.0..+inf)', 'Gammagt: (89.75..+inf)', 'Drinks: (2.75..6.5]' => 'Mcv: (-inf..84.25]'
c1 rule: 'Sgot: (-inf..20.5]', 'Gammagt: (52.5..89.75]', 'Drinks: (2.75..6.5]', not 'Sgpt: (-inf..23.5]' => 'Mcv: (-inf..84.25]'
c1 # of rules: 6
c1 rule time: 0.0065

c1 computing class: (84.25..90.5]
c1 discrimination constraints: 114h
c1 coverage constraints: 67v+1408h
c1 formula: 115v, 1594c (1546h+48s)
c1 enumerating rules (maxsat-based)
c1 rule: 'Sgpt: (-inf..23.5]', 'Sgot: (46.0..+inf)' => 'Mcv: (84.25..90.5]'
c1 rule: 'Alkphos: (54.25..73.5]', 'Sgot: (32.0..46.0]', 'Drinks: (-inf..2.75]' => 'Mcv: (84.25..90.5]'
c1 rule: 'Alkphos: (92.75..+inf)', 'Gammagt: (89.75..+inf)', 'Drinks: (2.75..6.5]' => 'Mcv: (84.25..90.5]'
c1 rule: 'Sgot: (-inf..20.5]', 'Gammagt: (89.75..+inf)', not 'Sgpt: (23.5..40.0]' => 'Mcv: (84.25..90.5]'
c1 rule: 'Sgot: (-inf..20.5]', 'Drinks: (6.5..10.5]', not 'Sgpt: (-inf..23.5]' => 'Mcv: (84.25..90.5]'
c1 rule: 'Alkphos: (54.25..73.5]', 'Gammagt: (-inf..28.25]', 'Drinks: (6.5..10.5]' => 'Mcv: (84.25..90.5]'
c1 rule: 'Alkphos: (54.25..73.5]', 'Gammagt: (89.75..+inf)', 'Drinks: (6.5..10.5]' => 'Mcv: (84.25..90.5]'
c1 rule: 'Alkphos: (54.25..73.5]', 'Sgot: (46.0..+inf)', not 'Gammagt: (52.5..89.75]' => 'Mcv: (84.25..90.5]'
c1 rule: 'Sgot: (32.0..46.0]', 'Gammagt: (-inf..28.25]', not 'Alkphos: (92.75..+inf)' => 'Mcv: (84.25..90.5]'
c1 rule: 'Alkphos: (-inf..54.25]', 'Sgot: (32.0..46.0]', not 'Gammagt: (89.75..+inf)' => 'Mcv: (84.25..90.5]'
c1 rule: 'Alkphos: (-inf..54.25]', 'Gammagt: (28.25..52.5]', not 'Sgot: (20.5..32.0]' => 'Mcv: (84.25..90.5]'
c1 rule: 'Alkphos: (-inf..54.25]', 'Sgpt: (40.0..60.0]', 'Gammagt: (28.25..52.5]' => 'Mcv: (84.25..90.5]'
c1 rule: 'Sgpt: (40.0..60.0]', 'Sgot: (20.5..32.0]', 'Gammagt: (-inf..28.25]' => 'Mcv: (84.25..90.5]'
c1 rule: 'Sgpt: (-inf..23.5]', 'Gammagt: (-inf..28.25]', 'Drinks: (6.5..10.5]' => 'Mcv: (84.25..90.5]'
c1 rule: 'Sgpt: (23.5..40.0]', 'Sgot: (32.0..46.0]', 'Gammagt: (-inf..28.25]' => 'Mcv: (84.25..90.5]'
c1 rule: 'Alkphos: (73.5..92.75]', 'Sgpt: (23.5..40.0]', 'Gammagt: (52.5..89.75]' => 'Mcv: (84.25..90.5]'
c1 rule: 'Alkphos: (73.5..92.75]', 'Gammagt: (52.5..89.75]', 'Drinks: (-inf..2.75]' => 'Mcv: (84.25..90.5]'
c1 rule: 'Alkphos: (73.5..92.75]', 'Sgot: (20.5..32.0]', 'Gammagt: (89.75..+inf)' => 'Mcv: (84.25..90.5]'
c1 rule: 'Sgot: (20.5..32.0]', 'Gammagt: (89.75..+inf)', 'Drinks: (2.75..6.5]' => 'Mcv: (84.25..90.5]'
c1 rule: 'Sgpt: (60.0..+inf)', 'Sgot: (20.5..32.0]', 'Drinks: (-inf..2.75]' => 'Mcv: (84.25..90.5]'
c1 rule: 'Sgpt: (-inf..23.5]', 'Drinks: (-inf..2.75]', not 'Sgot: (20.5..32.0]', not 'Gammagt: (-inf..28.25]' => 'Mcv: (84.25..90.5]'
c1 rule: 'Alkphos: (92.75..+inf)', 'Gammagt: (28.25..52.5]', 'Drinks: (-inf..2.75]', not 'Sgpt: (40.0..60.0]' => 'Mcv: (84.25..90.5]'
c1 rule: 'Alkphos: (92.75..+inf)', 'Sgot: (20.5..32.0]', 'Drinks: (-inf..2.75]', not 'Sgpt: (23.5..40.0]' => 'Mcv: (84.25..90.5]'
c1 rule: 'Alkphos: (92.75..+inf)', 'Sgpt: (23.5..40.0]', 'Drinks: (-inf..2.75]', not 'Sgot: (20.5..32.0]' => 'Mcv: (84.25..90.5]'
c1 rule: 'Alkphos: (73.5..92.75]', 'Sgpt: (23.5..40.0]', 'Drinks: (2.75..6.5]', not 'Sgot: (20.5..32.0]' => 'Mcv: (84.25..90.5]'
c1 rule: 'Alkphos: (-inf..54.25]', 'Sgpt: (23.5..40.0]', 'Gammagt: (-inf..28.25]', not 'Sgot: (-inf..20.5]' => 'Mcv: (84.25..90.5]'
c1 rule: 'Sgpt: (40.0..60.0]', 'Sgot: (20.5..32.0]', 'Drinks: (-inf..2.75]', not 'Alkphos: (54.25..73.5]' => 'Mcv: (84.25..90.5]'
c1 rule: 'Alkphos: (92.75..+inf)', 'Sgot: (20.5..32.0]', 'Gammagt: (-inf..28.25]', 'Drinks: (-inf..2.75]' => 'Mcv: (84.25..90.5]'
c1 rule: 'Alkphos: (54.25..73.5]', 'Sgot: (20.5..32.0]', 'Gammagt: (52.5..89.75]', not 'Drinks: (6.5..10.5]' => 'Mcv: (84.25..90.5]'
c1 rule: 'Alkphos: (54.25..73.5]', 'Sgpt: (40.0..60.0]', 'Sgot: (32.0..46.0]', 'Gammagt: (52.5..89.75]' => 'Mcv: (84.25..90.5]'
c1 rule: 'Sgpt: (40.0..60.0]', 'Sgot: (32.0..46.0]', 'Drinks: (6.5..10.5]', not 'Alkphos: (92.75..+inf)' => 'Mcv: (84.25..90.5]'
c1 rule: 'Sgpt: (23.5..40.0]', 'Gammagt: (52.5..89.75]', 'Drinks: (6.5..10.5]', not 'Alkphos: (54.25..73.5]' => 'Mcv: (84.25..90.5]'
c1 rule: 'Sgpt: (23.5..40.0]', 'Sgot: (-inf..20.5]', 'Gammagt: (28.25..52.5]', not 'Drinks: (-inf..2.75]' => 'Mcv: (84.25..90.5]'
c1 rule: 'Alkphos: (92.75..+inf)', 'Gammagt: (-inf..28.25]', not 'Sgpt: (23.5..40.0]', not 'Sgot: (20.5..32.0]', not 'Drinks: (-inf..2.75]' => 'Mcv: (84.25..90.5]'
c1 # of rules: 34
c1 rule time: 0.0466

c1 computing class: (90.5..96.75]
c1 discrimination constraints: 107h
c1 coverage constraints: 74v+1555h
c1 formula: 122v, 1734c (1686h+48s)
c1 enumerating rules (maxsat-based)
c1 rule: 'Sgpt: (60.0..+inf)', 'Gammagt: (-inf..28.25]' => 'Mcv: (90.5..96.75]'
c1 rule: 'Sgpt: (60.0..+inf)', 'Drinks: (10.5..+inf)' => 'Mcv: (90.5..96.75]'
c1 rule: 'Drinks: (10.5..+inf)', not 'Alkphos: (73.5..92.75]' => 'Mcv: (90.5..96.75]'
c1 rule: 'Alkphos: (-inf..54.25]', 'Sgot: (46.0..+inf)' => 'Mcv: (90.5..96.75]'
c1 rule: 'Sgpt: (40.0..60.0]', 'Sgot: (46.0..+inf)' => 'Mcv: (90.5..96.75]'
c1 rule: 'Sgot: (46.0..+inf)', 'Gammagt: (52.5..89.75]' => 'Mcv: (90.5..96.75]'
c1 rule: 'Alkphos: (92.75..+inf)', 'Sgpt: (60.0..+inf)' => 'Mcv: (90.5..96.75]'
c1 rule: 'Sgpt: (40.0..60.0]', 'Drinks: (6.5..10.5]', not 'Sgot: (32.0..46.0]' => 'Mcv: (90.5..96.75]'
c1 rule: 'Alkphos: (54.25..73.5]', 'Sgpt: (-inf..23.5]', 'Gammagt: (52.5..89.75]' => 'Mcv: (90.5..96.75]'
c1 rule: 'Sgpt: (-inf..23.5]', 'Sgot: (32.0..46.0]', not 'Drinks: (2.75..6.5]' => 'Mcv: (90.5..96.75]'
c1 rule: 'Alkphos: (92.75..+inf)', 'Sgot: (32.0..46.0]', 'Drinks: (6.5..10.5]' => 'Mcv: (90.5..96.75]'
c1 rule: 'Alkphos: (92.75..+inf)', 'Gammagt: (89.75..+inf)', not 'Sgot: (46.0..+inf)' => 'Mcv: (90.5..96.75]'
c1 rule: 'Gammagt: (89.75..+inf)', 'Drinks: (-inf..2.75]', not 'Alkphos: (73.5..92.75]' => 'Mcv: (90.5..96.75]'
c1 rule: 'Alkphos: (92.75..+inf)', 'Sgpt: (40.0..60.0]', 'Sgot: (20.5..32.0]' => 'Mcv: (90.5..96.75]'
c1 rule: 'Sgpt: (40.0..60.0]', 'Sgot: (32.0..46.0]', 'Gammagt: (28.25..52.5]' => 'Mcv: (90.5..96.75]'
c1 rule: 'Sgot: (32.0..46.0]', 'Gammagt: (28.25..52.5]', not 'Drinks: (-inf..2.75]' => 'Mcv: (90.5..96.75]'
c1 rule: 'Sgpt: (40.0..60.0]', 'Gammagt: (89.75..+inf)', not 'Alkphos: (73.5..92.75]' => 'Mcv: (90.5..96.75]'
c1 rule: 'Sgpt: (40.0..60.0]', 'Sgot: (-inf..20.5]', not 'Gammagt: (28.25..52.5]' => 'Mcv: (90.5..96.75]'
c1 rule: 'Alkphos: (92.75..+inf)', 'Sgpt: (-inf..23.5]', 'Gammagt: (28.25..52.5]' => 'Mcv: (90.5..96.75]'
c1 rule: 'Alkphos: (92.75..+inf)', 'Sgot: (20.5..32.0]', 'Gammagt: (52.5..89.75]' => 'Mcv: (90.5..96.75]'
c1 rule: 'Alkphos: (73.5..92.75]', 'Sgpt: (60.0..+inf)', 'Sgot: (20.5..32.0]' => 'Mcv: (90.5..96.75]'
c1 rule: 'Alkphos: (-inf..54.25]', 'Sgot: (-inf..20.5]', 'Gammagt: (52.5..89.75]' => 'Mcv: (90.5..96.75]'
c1 rule: 'Alkphos: (-inf..54.25]', 'Drinks: (6.5..10.5]', not 'Gammagt: (52.5..89.75]' => 'Mcv: (90.5..96.75]'
c1 rule: 'Sgpt: (60.0..+inf)', 'Sgot: (20.5..32.0]', not 'Drinks: (-inf..2.75]' => 'Mcv: (90.5..96.75]'
c1 rule: 'Sgpt: (60.0..+inf)', 'Gammagt: (52.5..89.75]', not 'Drinks: (-inf..2.75]' => 'Mcv: (90.5..96.75]'
c1 rule: 'Alkphos: (92.75..+inf)', 'Sgpt: (40.0..60.0]', 'Gammagt: (-inf..28.25]' => 'Mcv: (90.5..96.75]'
c1 rule: 'Sgpt: (40.0..60.0]', 'Sgot: (20.5..32.0]', 'Drinks: (2.75..6.5]', not 'Alkphos: (54.25..73.5]' => 'Mcv: (90.5..96.75]'
c1 rule: 'Alkphos: (54.25..73.5]', 'Sgpt: (40.0..60.0]', 'Gammagt: (28.25..52.5]', not 'Drinks: (2.75..6.5]' => 'Mcv: (90.5..96.75]'
c1 rule: 'Alkphos: (54.25..73.5]', 'Sgpt: (-inf..23.5]', not 'Sgot: (20.5..32.0]', not 'Gammagt: (-inf..28.25]' => 'Mcv: (90.5..96.75]'
c1 rule: 'Alkphos: (73.5..92.75]', 'Gammagt: (28.25..52.5]', 'Drinks: (2.75..6.5]', not 'Sgot: (-inf..20.5]' => 'Mcv: (90.5..96.75]'
c1 rule: 'Alkphos: (92.75..+inf)', 'Gammagt: (-inf..28.25]', 'Drinks: (2.75..6.5]', not 'Sgpt: (-inf..23.5]' => 'Mcv: (90.5..96.75]'
c1 rule: 'Alkphos: (-inf..54.25]', 'Sgot: (-inf..20.5]', not 'Sgpt: (-inf..23.5]', not 'Drinks: (-inf..2.75]' => 'Mcv: (90.5..96.75]'
c1 rule: 'Alkphos: (92.75..+inf)', 'Sgpt: (-inf..23.5]', 'Drinks: (-inf..2.75]', not 'Sgot: (20.5..32.0]' => 'Mcv: (90.5..96.75]'
c1 rule: 'Sgot: (20.5..32.0]', 'Gammagt: (52.5..89.75]', 'Drinks: (6.5..10.5]', not 'Alkphos: (-inf..54.25]' => 'Mcv: (90.5..96.75]'
c1 rule: 'Alkphos: (-inf..54.25]', 'Sgpt: (-inf..23.5]', 'Sgot: (20.5..32.0]', 'Gammagt: (28.25..52.5]', 'Drinks: (-inf..2.75]' => 'Mcv: (90.5..96.75]'
c1 rule: 'Alkphos: (54.25..73.5]', 'Sgot: (20.5..32.0]', 'Gammagt: (28.25..52.5]', 'Drinks: (2.75..6.5]', not 'Sgpt: (40.0..60.0]' => 'Mcv: (90.5..96.75]'
c1 rule: 'Sgpt: (23.5..40.0]', 'Gammagt: (28.25..52.5]', not 'Alkphos: (54.25..73.5]', not 'Sgot: (20.5..32.0]', not 'Drinks: (2.75..6.5]' => 'Mcv: (90.5..96.75]'
c1 # of rules: 37
c1 rule time: 0.0450

c1 computing class: (96.75..+inf)
c1 discrimination constraints: 159h
c1 coverage constraints: 22v+463h
c1 formula: 70v, 694c (646h+48s)
c1 enumerating rules (maxsat-based)
c1 rule: 'Gammagt: (28.25..52.5]', 'Drinks: (10.5..+inf)' => 'Mcv: (96.75..+inf)'
c1 rule: 'Gammagt: (52.5..89.75]', 'Drinks: (10.5..+inf)' => 'Mcv: (96.75..+inf)'
c1 rule: 'Alkphos: (-inf..54.25]', 'Sgpt: (60.0..+inf)', 'Sgot: (32.0..46.0]' => 'Mcv: (96.75..+inf)'
c1 rule: 'Sgot: (46.0..+inf)', 'Drinks: (-inf..2.75]', not 'Alkphos: (54.25..73.5]' => 'Mcv: (96.75..+inf)'
c1 rule: 'Alkphos: (73.5..92.75]', 'Sgot: (46.0..+inf)', 'Gammagt: (89.75..+inf)' => 'Mcv: (96.75..+inf)'
c1 rule: 'Alkphos: (73.5..92.75]', 'Sgpt: (23.5..40.0]', 'Drinks: (6.5..10.5]' => 'Mcv: (96.75..+inf)'
c1 rule: 'Sgot: (-inf..20.5]', 'Gammagt: (52.5..89.75]', 'Drinks: (6.5..10.5]' => 'Mcv: (96.75..+inf)'
c1 rule: 'Alkphos: (92.75..+inf)', 'Gammagt: (52.5..89.75]', not 'Drinks: (-inf..2.75]' => 'Mcv: (96.75..+inf)'
c1 rule: 'Sgpt: (23.5..40.0]', 'Sgot: (32.0..46.0]', 'Gammagt: (52.5..89.75]' => 'Mcv: (96.75..+inf)'
c1 rule: 'Alkphos: (54.25..73.5]', 'Sgpt: (23.5..40.0]', 'Gammagt: (28.25..52.5]', 'Drinks: (6.5..10.5]' => 'Mcv: (96.75..+inf)'
c1 rule: 'Sgpt: (23.5..40.0]', 'Gammagt: (52.5..89.75]', 'Drinks: (2.75..6.5]', not 'Alkphos: (54.25..73.5]' => 'Mcv: (96.75..+inf)'
c1 rule: 'Alkphos: (92.75..+inf)', 'Sgpt: (23.5..40.0]', 'Sgot: (20.5..32.0]', 'Drinks: (2.75..6.5]' => 'Mcv: (96.75..+inf)'
c1 rule: 'Alkphos: (92.75..+inf)', 'Sgpt: (23.5..40.0]', 'Sgot: (20.5..32.0]', not 'Drinks: (-inf..2.75]' => 'Mcv: (96.75..+inf)'
c1 rule: 'Alkphos: (54.25..73.5]', 'Sgpt: (40.0..60.0]', 'Sgot: (20.5..32.0]', 'Drinks: (2.75..6.5]', not 'Gammagt: (-inf..28.25]' => 'Mcv: (96.75..+inf)'
c1 # of rules: 14
c1 rule time: 0.0124

c2 total rules: 91

c0 computing feature 2
c1 computing class: (-inf..54.25]
c1 discrimination constraints: 145h
c1 coverage constraints: 36v+757h
c1 formula: 84v, 974c (926h+48s)
c1 enumerating rules (maxsat-based)
c1 rule: 'Sgpt: (60.0..+inf)', 'Gammagt: (-inf..28.25]' => 'Alkphos: (-inf..54.25]'
c1 rule: 'Mcv: (96.75..+inf)', 'Sgot: (20.5..32.0]', 'Gammagt: (52.5..89.75]' => 'Alkphos: (-inf..54.25]'
c1 rule: 'Mcv: (96.75..+inf)', 'Sgpt: (60.0..+inf)', not 'Drinks: (-inf..2.75]' => 'Alkphos: (-inf..54.25]'
c1 rule: 'Sgpt: (-inf..23.5]', 'Sgot: (32.0..46.0]', 'Drinks: (2.75..6.5]' => 'Alkphos: (-inf..54.25]'
c1 rule: 'Mcv: (-inf..84.25]', 'Gammagt: (-inf..28.25]', not 'Sgpt: (-inf..23.5]' => 'Alkphos: (-inf..54.25]'
c1 rule: 'Mcv: (90.5..96.75]', 'Sgpt: (40.0..60.0]', 'Drinks: (2.75..6.5]', not 'Gammagt: (28.25..52.5]' => 'Alkphos: (-inf..54.25]'
c1 rule: 'Mcv: (90.5..96.75]', 'Sgpt: (40.0..60.0]', 'Sgot: (20.5..32.0]', not 'Gammagt: (28.25..52.5]' => 'Alkphos: (-inf..54.25]'
c1 rule: 'Sgpt: (-inf..23.5]', 'Gammagt: (28.25..52.5]', 'Drinks: (2.75..6.5]', not 'Mcv: (90.5..96.75]' => 'Alkphos: (-inf..54.25]'
c1 rule: 'Sgpt: (40.0..60.0]', 'Gammagt: (-inf..28.25]', not 'Mcv: (90.5..96.75]', not 'Sgot: (20.5..32.0]' => 'Alkphos: (-inf..54.25]'
c1 rule: 'Mcv: (84.25..90.5]', 'Sgot: (20.5..32.0]', 'Gammagt: (28.25..52.5]', not 'Drinks: (-inf..2.75]' => 'Alkphos: (-inf..54.25]'
c1 rule: 'Sgpt: (60.0..+inf)', 'Sgot: (46.0..+inf)', 'Gammagt: (89.75..+inf)', 'Drinks: (2.75..6.5]' => 'Alkphos: (-inf..54.25]'
c1 rule: 'Mcv: (84.25..90.5]', 'Sgpt: (23.5..40.0]', 'Sgot: (20.5..32.0]', 'Drinks: (6.5..10.5]' => 'Alkphos: (-inf..54.25]'
c1 rule: 'Mcv: (90.5..96.75]', 'Sgpt: (23.5..40.0]', 'Sgot: (20.5..32.0]', 'Drinks: (6.5..10.5]', not 'Gammagt: (52.5..89.75]' => 'Alkphos: (-inf..54.25]'
c1 # of rules: 13
c1 rule time: 0.0182

c1 computing class: (54.25..73.5]
c1 discrimination constraints: 119h
c1 coverage constraints: 62v+1303h
c1 formula: 110v, 1494c (1446h+48s)
c1 enumerating rules (maxsat-based)
c1 rule: 'Mcv: (-inf..84.25]', 'Gammagt: (52.5..89.75]' => 'Alkphos: (54.25..73.5]'
c1 rule: 'Mcv: (-inf..84.25]', 'Drinks: (6.5..10.5]' => 'Alkphos: (54.25..73.5]'
c1 rule: 'Gammagt: (-inf..28.25]', 'Drinks: (10.5..+inf)' => 'Alkphos: (54.25..73.5]'
c1 rule: 'Mcv: (84.25..90.5]', 'Sgpt: (60.0..+inf)' => 'Alkphos: (54.25..73.5]'
c1 rule: 'Mcv: (96.75..+inf)', 'Gammagt: (-inf..28.25]', not 'Sgot: (20.5..32.0]' => 'Alkphos: (54.25..73.5]'
c1 rule: 'Sgot: (20.5..32.0]', 'Gammagt: (89.75..+inf)', 'Drinks: (2.75..6.5]' => 'Alkphos: (54.25..73.5]'
c1 rule: 'Mcv: (96.75..+inf)', 'Sgpt: (40.0..60.0]', not 'Sgot: (32.0..46.0]' => 'Alkphos: (54.25..73.5]'
c1 rule: 'Mcv: (90.5..96.75]', 'Sgot: (32.0..46.0]', 'Gammagt: (52.5..89.75]' => 'Alkphos: (54.25..73.5]'
c1 rule: 'Sgot: (32.0..46.0]', 'Gammagt: (52.5..89.75]', 'Drinks: (6.5..10.5]' => 'Alkphos: (54.25..73.5]'
c1 rule: 'Sgot: (-inf..20.5]', 'Drinks: (6.5..10.5]', not 'Gammagt: (52.5..89.75]' => 'Alkphos: (54.25..73.5]'
c1 rule: 'Mcv: (84.25..90.5]', 'Sgot: (32.0..46.0]', 'Gammagt: (28.25..52.5]' => 'Alkphos: (54.25..73.5]'
c1 rule: 'Mcv: (90.5..96.75]', 'Sgpt: (60.0..+inf)', 'Drinks: (-inf..2.75]' => 'Alkphos: (54.25..73.5]'
c1 rule: 'Sgpt: (60.0..+inf)', 'Sgot: (20.5..32.0]', not 'Drinks: (6.5..10.5]' => 'Alkphos: (54.25..73.5]'
c1 rule: 'Mcv: (96.75..+inf)', 'Sgpt: (23.5..40.0]', 'Drinks: (-inf..2.75]' => 'Alkphos: (54.25..73.5]'
c1 rule: 'Sgpt: (40.0..60.0]', 'Gammagt: (-inf..28.25]', not 'Sgot: (32.0..46.0]' => 'Alkphos: (54.25..73.5]'
c1 rule: 'Sgpt: (40.0..60.0]', 'Sgot: (32.0..46.0]', 'Gammagt: (28.25..52.5]' => 'Alkphos: (54.25..73.5]'
c1 rule: 'Sgpt: (40.0..60.0]', 'Drinks: (10.5..+inf)', not 'Mcv: (96.75..+inf)' => 'Alkphos: (54.25..73.5]'
c1 rule: 'Mcv: (-inf..84.25]', 'Sgot: (-inf..20.5]', not 'Drinks: (-inf..2.75]' => 'Alkphos: (54.25..73.5]'
c1 rule: 'Mcv: (-inf..84.25]', not 'Sgpt: (-inf..23.5]', not 'Drinks: (-inf..2.75]' => 'Alkphos: (54.25..73.5]'
c1 rule: 'Sgpt: (23.5..40.0]', 'Sgot: (32.0..46.0]', 'Gammagt: (89.75..+inf)' => 'Alkphos: (54.25..73.5]'
c1 rule: 'Mcv: (-inf..84.25]', 'Sgot: (-inf..20.5]', 'Gammagt: (28.25..52.5]', not 'Sgpt: (40.0..60.0]' => 'Alkphos: (54.25..73.5]'
c1 rule: 'Mcv: (90.5..96.75]', 'Sgpt: (23.5..40.0]', 'Drinks: (6.5..10.5]', not 'Gammagt: (28.25..52.5]' => 'Alkphos: (54.25..73.5]'
c1 rule: 'Sgpt: (40.0..60.0]', 'Sgot: (20.5..32.0]', 'Drinks: (-inf..2.75]', not 'Mcv: (84.25..90.5]' => 'Alkphos: (54.25..73.5]'
c1 rule: 'Sgot: (-inf..20.5]', 'Gammagt: (28.25..52.5]', not 'Mcv: (84.25..90.5]', not 'Drinks: (-inf..2.75]' => 'Alkphos: (54.25..73.5]'
c1 rule: 'Sgpt: (23.5..40.0]', 'Gammagt: (52.5..89.75]', 'Drinks: (2.75..6.5]', not 'Mcv: (96.75..+inf)' => 'Alkphos: (54.25..73.5]'
c1 rule: 'Mcv: (84.25..90.5]', 'Sgot: (20.5..32.0]', 'Gammagt: (52.5..89.75]', not 'Sgpt: (40.0..60.0]', not 'Drinks: (6.5..10.5]' => 'Alkphos: (54.25..73.5]'
c1 rule: 'Mcv: (84.25..90.5]', 'Sgpt: (23.5..40.0]', 'Gammagt: (28.25..52.5]', not 'Sgot: (20.5..32.0]', not 'Drinks: (2.75..6.5]' => 'Alkphos: (54.25..73.5]'
c1 rule: 'Sgpt: (23.5..40.0]', 'Sgot: (-inf..20.5]', 'Drinks: (2.75..6.5]', not 'Mcv: (90.5..96.75]', not 'Gammagt: (28.25..52.5]' => 'Alkphos: (54.25..73.5]'
c1 # of rules: 28
c1 rule time: 0.0331

c1 computing class: (73.5..92.75]
c1 discrimination constraints: 129h
c1 coverage constraints: 52v+1093h
c1 formula: 100v, 1294c (1246h+48s)
c1 enumerating rules (maxsat-based)
c1 rule: 'Drinks: (10.5..+inf)', not 'Mcv: (90.5..96.75]' => 'Alkphos: (73.5..92.75]'
c1 rule: 'Sgpt: (60.0..+inf)', 'Drinks: (10.5..+inf)' => 'Alkphos: (73.5..92.75]'
c1 rule: 'Mcv: (96.75..+inf)', 'Sgot: (46.0..+inf)' => 'Alkphos: (73.5..92.75]'
c1 rule: 'Sgpt: (-inf..23.5]', 'Sgot: (46.0..+inf)' => 'Alkphos: (73.5..92.75]'
c1 rule: 'Sgot: (-inf..20.5]', 'Gammagt: (89.75..+inf)' => 'Alkphos: (73.5..92.75]'
c1 rule: 'Sgpt: (60.0..+inf)', 'Gammagt: (28.25..52.5]', not 'Drinks: (2.75..6.5]' => 'Alkphos: (73.5..92.75]'
c1 rule: 'Sgot: (46.0..+inf)', 'Gammagt: (28.25..52.5]', not 'Sgpt: (60.0..+inf)' => 'Alkphos: (73.5..92.75]'
c1 rule: 'Sgpt: (60.0..+inf)', 'Gammagt: (52.5..89.75]', 'Drinks: (6.5..10.5]' => 'Alkphos: (73.5..92.75]'
c1 rule: 'Sgot: (-inf..20.5]', 'Drinks: (6.5..10.5]', not 'Sgpt: (23.5..40.0]' => 'Alkphos: (73.5..92.75]'
c1 rule: 'Mcv: (-inf..84.25]', 'Gammagt: (89.75..+inf)', not 'Sgpt: (60.0..+inf)' => 'Alkphos: (73.5..92.75]'
c1 rule: 'Gammagt: (89.75..+inf)', 'Drinks: (-inf..2.75]', not 'Mcv: (90.5..96.75]' => 'Alkphos: (73.5..92.75]'
c1 rule: 'Sgpt: (40.0..60.0]', 'Gammagt: (89.75..+inf)', not 'Mcv: (90.5..96.75]' => 'Alkphos: (73.5..92.75]'
c1 rule: 'Sgot: (46.0..+inf)', 'Gammagt: (52.5..89.75]', 'Drinks: (2.75..6.5]' => 'Alkphos: (73.5..92.75]'
c1 rule: 'Mcv: (96.75..+inf)', 'Gammagt: (-inf..28.25]', not 'Drinks: (-inf..2.75]' => 'Alkphos: (73.5..92.75]'
c1 rule: 'Mcv: (84.25..90.5]', 'Sgot: (-inf..20.5]', 'Gammagt: (52.5..89.75]' => 'Alkphos: (73.5..92.75]'
c1 rule: 'Mcv: (84.25..90.5]', 'Sgpt: (40.0..60.0]', 'Gammagt: (52.5..89.75]', not 'Sgot: (32.0..46.0]' => 'Alkphos: (73.5..92.75]'
c1 rule: 'Mcv: (-inf..84.25]', not 'Sgot: (-inf..20.5]', not 'Gammagt: (28.25..52.5]', not 'Drinks: (2.75..6.5]' => 'Alkphos: (73.5..92.75]'
c1 rule: 'Mcv: (84.25..90.5]', 'Sgpt: (-inf..23.5]', 'Sgot: (20.5..32.0]', 'Drinks: (-inf..2.75]', not 'Gammagt: (-inf..28.25]' => 'Alkphos: (73.5..92.75]'
c1 # of rules: 18
c1 rule time: 0.0224

c1 computing class: (92.75..+inf)
c1 discrimination constraints: 150h
c1 coverage constraints: 31v+652h
c1 formula: 79v, 874c (826h+48s)
c1 enumerating rules (maxsat-based)
c1 rule: 'Sgpt: (40.0..60.0]', 'Sgot: (-inf..20.5]' => 'Alkphos: (92.75..+inf)'
c1 rule: 'Sgpt: (60.0..+inf)', 'Sgot: (46.0..+inf)', 'Drinks: (6.5..10.5]' => 'Alkphos: (92.75..+inf)'
c1 rule: 'Mcv: (90.5..96.75]', 'Sgot: (32.0..46.0]', 'Drinks: (-inf..2.75]' => 'Alkphos: (92.75..+inf)'
c1 rule: 'Sgpt: (40.0..60.0]', 'Gammagt: (52.5..89.75]', 'Drinks: (2.75..6.5]' => 'Alkphos: (92.75..+inf)'
c1 rule: 'Sgpt: (23.5..40.0]', 'Sgot: (46.0..+inf)', not 'Mcv: (96.75..+inf)' => 'Alkphos: (92.75..+inf)'
c1 rule: 'Sgpt: (-inf..23.5]', 'Gammagt: (89.75..+inf)', not 'Sgot: (-inf..20.5]' => 'Alkphos: (92.75..+inf)'
c1 rule: 'Mcv: (90.5..96.75]', 'Gammagt: (89.75..+inf)', 'Drinks: (6.5..10.5]' => 'Alkphos: (92.75..+inf)'
c1 rule: 'Mcv: (96.75..+inf)', 'Sgot: (-inf..20.5]', 'Drinks: (2.75..6.5]' => 'Alkphos: (92.75..+inf)'
c1 rule: 'Sgpt: (60.0..+inf)', 'Sgot: (46.0..+inf)', 'Gammagt: (28.25..52.5]', not 'Mcv: (84.25..90.5]' => 'Alkphos: (92.75..+inf)'
c1 rule: 'Mcv: (96.75..+inf)', 'Sgpt: (23.5..40.0]', 'Drinks: (2.75..6.5]', not 'Gammagt: (52.5..89.75]' => 'Alkphos: (92.75..+inf)'
c1 rule: 'Mcv: (90.5..96.75]', 'Sgpt: (23.5..40.0]', 'Gammagt: (52.5..89.75]', not 'Drinks: (6.5..10.5]' => 'Alkphos: (92.75..+inf)'
c1 rule: 'Mcv: (90.5..96.75]', 'Sgpt: (23.5..40.0]', 'Sgot: (32.0..46.0]', not 'Drinks: (2.75..6.5]' => 'Alkphos: (92.75..+inf)'
c1 rule: 'Mcv: (90.5..96.75]', 'Sgpt: (23.5..40.0]', 'Sgot: (32.0..46.0]', not 'Gammagt: (89.75..+inf)' => 'Alkphos: (92.75..+inf)'
c1 rule: 'Mcv: (90.5..96.75]', 'Sgpt: (-inf..23.5]', not 'Sgot: (-inf..20.5]', not 'Gammagt: (-inf..28.25]', not 'Drinks: (-inf..2.75]' => 'Alkphos: (92.75..+inf)'
c1 # of rules: 14
c1 rule time: 0.0161

c2 total rules: 73

c0 computing feature 3
c1 computing class: (-inf..23.5]
c1 discrimination constraints: 123h
c1 coverage constraints: 58v+1219h
c1 formula: 106v, 1414c (1366h+48s)
c1 enumerating rules (maxsat-based)
c1 rule: 'Sgot: (46.0..+inf)', 'Gammagt: (-inf..28.25]' => 'Sgpt: (-inf..23.5]'
c1 rule: 'Mcv: (96.75..+inf)', 'Sgot: (-inf..20.5]' => 'Sgpt: (-inf..23.5]'
c1 rule: 'Mcv: (-inf..84.25]', 'Drinks: (6.5..10.5]' => 'Sgpt: (-inf..23.5]'
c1 rule: 'Alkphos: (-inf..54.25]', 'Gammagt: (52.5..89.75]', not 'Sgot: (20.5..32.0]' => 'Sgpt: (-inf..23.5]'
c1 rule: 'Alkphos: (-inf..54.25]', 'Sgot: (-inf..20.5]', not 'Gammagt: (-inf..28.25]' => 'Sgpt: (-inf..23.5]'
c1 rule: 'Mcv: (-inf..84.25]', 'Alkphos: (54.25..73.5]', 'Gammagt: (-inf..28.25]' => 'Sgpt: (-inf..23.5]'
c1 rule: 'Mcv: (-inf..84.25]', 'Gammagt: (-inf..28.25]', not 'Alkphos: (-inf..54.25]' => 'Sgpt: (-inf..23.5]'
c1 rule: 'Mcv: (-inf..84.25]', 'Gammagt: (-inf..28.25]', not 'Drinks: (-inf..2.75]' => 'Sgpt: (-inf..23.5]'
c1 rule: 'Sgot: (-inf..20.5]', 'Gammagt: (89.75..+inf)', not 'Drinks: (-inf..2.75]' => 'Sgpt: (-inf..23.5]'
c1 rule: 'Sgot: (20.5..32.0]', 'Gammagt: (89.75..+inf)', 'Drinks: (6.5..10.5]' => 'Sgpt: (-inf..23.5]'
c1 rule: 'Mcv: (96.75..+inf)', 'Alkphos: (-inf..54.25]', 'Gammagt: (28.25..52.5]' => 'Sgpt: (-inf..23.5]'
c1 rule: 'Mcv: (96.75..+inf)', 'Gammagt: (-inf..28.25]', not 'Alkphos: (54.25..73.5]', not 'Drinks: (6.5..10.5]' => 'Sgpt: (-inf..23.5]'
c1 rule: 'Alkphos: (73.5..92.75]', 'Sgot: (-inf..20.5]', not 'Mcv: (84.25..90.5]', not 'Drinks: (-inf..2.75]' => 'Sgpt: (-inf..23.5]'
c1 rule: 'Alkphos: (73.5..92.75]', 'Gammagt: (-inf..28.25]', not 'Sgot: (20.5..32.0]', not 'Drinks: (-inf..2.75]' => 'Sgpt: (-inf..23.5]'
c1 rule: 'Alkphos: (73.5..92.75]', 'Gammagt: (-inf..28.25]', 'Drinks: (6.5..10.5]', not 'Mcv: (96.75..+inf)' => 'Sgpt: (-inf..23.5]'
c1 rule: 'Alkphos: (92.75..+inf)', 'Sgot: (20.5..32.0]', not 'Gammagt: (28.25..52.5]', not 'Drinks: (-inf..2.75]' => 'Sgpt: (-inf..23.5]'
c1 rule: 'Mcv: (90.5..96.75]', 'Sgot: (-inf..20.5]', not 'Gammagt: (-inf..28.25]', not 'Drinks: (-inf..2.75]' => 'Sgpt: (-inf..23.5]'
c1 rule: 'Mcv: (84.25..90.5]', 'Alkphos: (-inf..54.25]', 'Sgot: (-inf..20.5]', not 'Drinks: (-inf..2.75]' => 'Sgpt: (-inf..23.5]'
c1 rule: 'Mcv: (84.25..90.5]', 'Alkphos: (92.75..+inf)', 'Gammagt: (-inf..28.25]', not 'Drinks: (-inf..2.75]' => 'Sgpt: (-inf..23.5]'
c1 rule: 'Mcv: (84.25..90.5]', 'Sgot: (20.5..32.0]', 'Drinks: (6.5..10.5]', not 'Gammagt: (52.5..89.75]' => 'Sgpt: (-inf..23.5]'
c1 rule: 'Mcv: (90.5..96.75]', 'Alkphos: (-inf..54.25]', 'Gammagt: (-inf..28.25]', not 'Sgot: (-inf..20.5]', not 'Drinks: (6.5..10.5]' => 'Sgpt: (-inf..23.5]'
c1 rule: 'Mcv: (90.5..96.75]', 'Alkphos: (92.75..+inf)', 'Gammagt: (-inf..28.25]', not 'Sgot: (32.0..46.0]', not 'Drinks: (2.75..6.5]' => 'Sgpt: (-inf..23.5]'
c1 rule: 'Mcv: (84.25..90.5]', 'Alkphos: (73.5..92.75]', 'Gammagt: (28.25..52.5]', 'Drinks: (-inf..2.75]', not 'Sgot: (20.5..32.0]' => 'Sgpt: (-inf..23.5]'
c1 # of rules: 23
c1 rule time: 0.0340

c1 computing class: (23.5..40.0]
c1 discrimination constraints: 107h
c1 coverage constraints: 74v+1555h
c1 formula: 122v, 1734c (1686h+48s)
c1 enumerating rules (maxsat-based)
c1 rule: 'Gammagt: (-inf..28.25]', 'Drinks: (10.5..+inf)' => 'Sgpt: (23.5..40.0]'
c1 rule: 'Mcv: (-inf..84.25]', 'Gammagt: (52.5..89.75]' => 'Sgpt: (23.5..40.0]'
c1 rule: 'Mcv: (84.25..90.5]', 'Alkphos: (92.75..+inf)', not 'Gammagt: (-inf..28.25]' => 'Sgpt: (23.5..40.0]'
c1 rule: 'Gammagt: (-inf..28.25]', 'Drinks: (6.5..10.5]', not 'Sgot: (20.5..32.0]' => 'Sgpt: (23.5..40.0]'
c1 rule: 'Mcv: (96.75..+inf)', 'Gammagt: (-inf..28.25]', not 'Drinks: (-inf..2.75]' => 'Sgpt: (23.5..40.0]'
c1 rule: 'Mcv: (96.75..+inf)', 'Drinks: (6.5..10.5]', not 'Sgot: (-inf..20.5]' => 'Sgpt: (23.5..40.0]'
c1 rule: 'Mcv: (96.75..+inf)', 'Sgot: (20.5..32.0]', 'Gammagt: (52.5..89.75]' => 'Sgpt: (23.5..40.0]'
c1 rule: 'Mcv: (96.75..+inf)', 'Alkphos: (92.75..+inf)', not 'Gammagt: (52.5..89.75]' => 'Sgpt: (23.5..40.0]'
c1 rule: 'Alkphos: (92.75..+inf)', 'Sgot: (20.5..32.0]', 'Gammagt: (52.5..89.75]' => 'Sgpt: (23.5..40.0]'
c1 rule: 'Sgot: (20.5..32.0]', 'Gammagt: (52.5..89.75]', 'Drinks: (2.75..6.5]' => 'Sgpt: (23.5..40.0]'
c1 rule: 'Mcv: (84.25..90.5]', 'Sgot: (-inf..20.5]', 'Gammagt: (52.5..89.75]' => 'Sgpt: (23.5..40.0]'
c1 rule: 'Mcv: (-inf..84.25]', 'Alkphos: (73.5..92.75]', 'Sgot: (-inf..20.5]' => 'Sgpt: (23.5..40.0]'
c1 rule: 'Alkphos: (-inf..54.25]', 'Drinks: (6.5..10.5]', not 'Mcv: (90.5..96.75]' => 'Sgpt: (23.5..40.0]'
c1 rule: 'Alkphos: (54.25..73.5]', 'Gammagt: (89.75..+inf)', not 'Sgot: (32.0..46.0]' => 'Sgpt: (23.5..40.0]'
c1 rule: 'Alkphos: (54.25..73.5]', 'Sgot: (32.0..46.0]', 'Drinks: (-inf..2.75]' => 'Sgpt: (23.5..40.0]'
c1 rule: 'Gammagt: (89.75..+inf)', 'Drinks: (-inf..2.75]', not 'Alkphos: (73.5..92.75]' => 'Sgpt: (23.5..40.0]'
c1 rule: 'Mcv: (-inf..84.25]', 'Alkphos: (-inf..54.25]', 'Gammagt: (28.25..52.5]' => 'Sgpt: (23.5..40.0]'
c1 rule: 'Alkphos: (-inf..54.25]', 'Gammagt: (28.25..52.5]', 'Drinks: (6.5..10.5]' => 'Sgpt: (23.5..40.0]'
c1 rule: 'Mcv: (84.25..90.5]', 'Alkphos: (92.75..+inf)', 'Sgot: (32.0..46.0]' => 'Sgpt: (23.5..40.0]'
c1 rule: 'Alkphos: (92.75..+inf)', 'Sgot: (32.0..46.0]', 'Gammagt: (28.25..52.5]' => 'Sgpt: (23.5..40.0]'
c1 rule: 'Alkphos: (54.25..73.5]', 'Sgot: (20.5..32.0]', 'Gammagt: (52.5..89.75]', not 'Mcv: (84.25..90.5]' => 'Sgpt: (23.5..40.0]'
c1 rule: 'Alkphos: (54.25..73.5]', 'Gammagt: (28.25..52.5]', 'Drinks: (-inf..2.75]', not 'Mcv: (90.5..96.75]' => 'Sgpt: (23.5..40.0]'
c1 rule: 'Mcv: (84.25..90.5]', 'Alkphos: (54.25..73.5]', 'Gammagt: (28.25..52.5]', not 'Sgot: (46.0..+inf)' => 'Sgpt: (23.5..40.0]'
c1 rule: 'Alkphos: (73.5..92.75]', 'Gammagt: (28.25..52.5]', 'Drinks: (2.75..6.5]', not 'Mcv: (90.5..96.75]' => 'Sgpt: (23.5..40.0]'
c1 rule: 'Mcv: (90.5..96.75]', 'Alkphos: (92.75..+inf)', 'Drinks: (2.75..6.5]', not 'Gammagt: (28.25..52.5]' => 'Sgpt: (23.5..40.0]'
c1 rule: 'Mcv: (90.5..96.75]', 'Sgot: (-inf..20.5]', 'Gammagt: (28.25..52.5]', not 'Alkphos: (54.25..73.5]' => 'Sgpt: (23.5..40.0]'
c1 rule: 'Mcv: (90.5..96.75]', 'Gammagt: (28.25..52.5]', 'Drinks: (-inf..2.75]', not 'Sgot: (20.5..32.0]' => 'Sgpt: (23.5..40.0]'
c1 rule: 'Mcv: (84.25..90.5]', 'Alkphos: (92.75..+inf)', 'Sgot: (-inf..20.5]', 'Drinks: (-inf..2.75]' => 'Sgpt: (23.5..40.0]'
c1 rule: 'Mcv: (90.5..96.75]', 'Alkphos: (-inf..54.25]', 'Gammagt: (28.25..52.5]', not 'Drinks: (-inf..2.75]' => 'Sgpt: (23.5..40.0]'
c1 rule: 'Mcv: (84.25..90.5]', 'Alkphos: (54.25..73.5]', 'Sgot: (32.0..46.0]', 'Drinks: (2.75..6.5]' => 'Sgpt: (23.5..40.0]'
c1 rule: 'Mcv: (90.5..96.75]', 'Alkphos: (54.25..73.5]', 'Gammagt: (89.75..+inf)', 'Drinks: (2.75..6.5]' => 'Sgpt: (23.5..40.0]'
c1 rule: 'Mcv: (-inf..84.25]', 'Sgot: (20.5..32.0]', not 'Gammagt: (-inf..28.25]', not 'Drinks: (6.5..10.5]' => 'Sgpt: (23.5..40.0]'
c1 rule: 'Mcv: (84.25..90.5]', 'Alkphos: (-inf..54.25]', 'Sgot: (20.5..32.0]', not 'Gammagt: (28.25..52.5]', not 'Drinks: (-inf..2.75]' => 'Sgpt: (23.5..40.0]'
c1 rule: 'Mcv: (84.25..90.5]', 'Alkphos: (-inf..54.25]', 'Sgot: (-inf..20.5]', 'Gammagt: (-inf..28.25]', not 'Drinks: (2.75..6.5]' => 'Sgpt: (23.5..40.0]'
c1 # of rules: 34
c1 rule time: 0.0435

c1 computing class: (40.0..60.0]
c1 discrimination constraints: 150h
c1 coverage constraints: 31v+652h
c1 formula: 79v, 874c (826h+48s)
c1 enumerating rules (maxsat-based)
c1 rule: 'Gammagt: (52.5..89.75]', 'Drinks: (10.5..+inf)' => 'Sgpt: (40.0..60.0]'
c1 rule: 'Mcv: (90.5..96.75]', 'Alkphos: (-inf..54.25]', 'Sgot: (32.0..46.0]' => 'Sgpt: (40.0..60.0]'
c1 rule: 'Sgot: (32.0..46.0]', 'Gammagt: (89.75..+inf)', 'Drinks: (-inf..2.75]' => 'Sgpt: (40.0..60.0]'
c1 rule: 'Mcv: (84.25..90.5]', 'Gammagt: (89.75..+inf)', 'Drinks: (-inf..2.75]' => 'Sgpt: (40.0..60.0]'
c1 rule: 'Alkphos: (73.5..92.75]', 'Sgot: (46.0..+inf)', 'Gammagt: (28.25..52.5]' => 'Sgpt: (40.0..60.0]'
c1 rule: 'Mcv: (96.75..+inf)', 'Alkphos: (73.5..92.75]', 'Sgot: (32.0..46.0]' => 'Sgpt: (40.0..60.0]'
c1 rule: 'Alkphos: (73.5..92.75]', 'Sgot: (32.0..46.0]', 'Drinks: (2.75..6.5]' => 'Sgpt: (40.0..60.0]'
c1 rule: 'Mcv: (96.75..+inf)', 'Alkphos: (54.25..73.5]', 'Drinks: (2.75..6.5]' => 'Sgpt: (40.0..60.0]'
c1 rule: 'Alkphos: (54.25..73.5]', 'Sgot: (46.0..+inf)', 'Drinks: (6.5..10.5]' => 'Sgpt: (40.0..60.0]'
c1 rule: 'Sgot: (46.0..+inf)', 'Drinks: (6.5..10.5]', not 'Gammagt: (89.75..+inf)' => 'Sgpt: (40.0..60.0]'
c1 rule: 'Drinks: (10.5..+inf)', not 'Alkphos: (73.5..92.75]', not 'Gammagt: (-inf..28.25]' => 'Sgpt: (40.0..60.0]'
c1 rule: 'Mcv: (-inf..84.25]', 'Alkphos: (92.75..+inf)', not 'Drinks: (2.75..6.5]' => 'Sgpt: (40.0..60.0]'
c1 rule: 'Alkphos: (92.75..+inf)', 'Sgot: (32.0..46.0]', 'Gammagt: (52.5..89.75]' => 'Sgpt: (40.0..60.0]'
c1 rule: 'Alkphos: (92.75..+inf)', 'Sgot: (32.0..46.0]', 'Gammagt: (89.75..+inf)' => 'Sgpt: (40.0..60.0]'
c1 rule: 'Mcv: (84.25..90.5]', 'Alkphos: (73.5..92.75]', 'Sgot: (32.0..46.0]' => 'Sgpt: (40.0..60.0]'
c1 rule: 'Mcv: (90.5..96.75]', 'Alkphos: (54.25..73.5]', 'Gammagt: (28.25..52.5]', 'Drinks: (6.5..10.5]' => 'Sgpt: (40.0..60.0]'
c1 rule: 'Mcv: (90.5..96.75]', 'Alkphos: (54.25..73.5]', 'Sgot: (32.0..46.0]', 'Gammagt: (28.25..52.5]' => 'Sgpt: (40.0..60.0]'
c1 rule: 'Alkphos: (92.75..+inf)', 'Drinks: (-inf..2.75]', not 'Sgot: (20.5..32.0]', not 'Gammagt: (-inf..28.25]' => 'Sgpt: (40.0..60.0]'
c1 rule: 'Mcv: (90.5..96.75]', 'Alkphos: (-inf..54.25]', 'Gammagt: (52.5..89.75]', not 'Sgot: (-inf..20.5]' => 'Sgpt: (40.0..60.0]'
c1 rule: 'Sgot: (32.0..46.0]', 'Gammagt: (52.5..89.75]', not 'Mcv: (96.75..+inf)', not 'Drinks: (2.75..6.5]' => 'Sgpt: (40.0..60.0]'
c1 rule: 'Alkphos: (73.5..92.75]', 'Gammagt: (52.5..89.75]', not 'Mcv: (90.5..96.75]', not 'Sgot: (-inf..20.5]' => 'Sgpt: (40.0..60.0]'
c1 rule: 'Mcv: (90.5..96.75]', 'Sgot: (20.5..32.0]', 'Gammagt: (28.25..52.5]', 'Drinks: (6.5..10.5]', not 'Alkphos: (-inf..54.25]' => 'Sgpt: (40.0..60.0]'
c1 # of rules: 22
c1 rule time: 0.0196

c1 computing class: (60.0..+inf)
c1 discrimination constraints: 163h
c1 coverage constraints: 18v+379h
c1 formula: 66v, 614c (566h+48s)
c1 enumerating rules (maxsat-based)
c1 rule: 'Alkphos: (-inf..54.25]', 'Sgot: (46.0..+inf)' => 'Sgpt: (60.0..+inf)'
c1 rule: 'Sgot: (46.0..+inf)', 'Drinks: (-inf..2.75]' => 'Sgpt: (60.0..+inf)'
c1 rule: 'Alkphos: (92.75..+inf)', 'Sgot: (46.0..+inf)', 'Drinks: (6.5..10.5]' => 'Sgpt: (60.0..+inf)'
c1 rule: 'Alkphos: (54.25..73.5]', 'Gammagt: (89.75..+inf)', 'Drinks: (6.5..10.5]' => 'Sgpt: (60.0..+inf)'
c1 rule: 'Mcv: (90.5..96.75]', 'Alkphos: (73.5..92.75]', 'Gammagt: (89.75..+inf)' => 'Sgpt: (60.0..+inf)'
c1 rule: 'Mcv: (90.5..96.75]', 'Alkphos: (73.5..92.75]', 'Sgot: (32.0..46.0]' => 'Sgpt: (60.0..+inf)'
c1 rule: 'Alkphos: (73.5..92.75]', 'Sgot: (32.0..46.0]', 'Gammagt: (28.25..52.5]' => 'Sgpt: (60.0..+inf)'
c1 rule: 'Mcv: (96.75..+inf)', 'Alkphos: (-inf..54.25]', 'Sgot: (32.0..46.0]' => 'Sgpt: (60.0..+inf)'
c1 rule: 'Mcv: (90.5..96.75]', 'Sgot: (32.0..46.0]', 'Gammagt: (52.5..89.75]' => 'Sgpt: (60.0..+inf)'
c1 rule: 'Alkphos: (73.5..92.75]', 'Gammagt: (52.5..89.75]', 'Drinks: (2.75..6.5]' => 'Sgpt: (60.0..+inf)'
c1 rule: 'Alkphos: (54.25..73.5]', 'Sgot: (46.0..+inf)', not 'Mcv: (90.5..96.75]' => 'Sgpt: (60.0..+inf)'
c1 rule: 'Mcv: (90.5..96.75]', 'Alkphos: (92.75..+inf)', 'Sgot: (46.0..+inf)' => 'Sgpt: (60.0..+inf)'
c1 rule: 'Alkphos: (-inf..54.25]', 'Gammagt: (-inf..28.25]', 'Drinks: (6.5..10.5]' => 'Sgpt: (60.0..+inf)'
c1 rule: 'Mcv: (-inf..84.25]', 'Sgot: (32.0..46.0]', not 'Drinks: (-inf..2.75]' => 'Sgpt: (60.0..+inf)'
c1 rule: 'Alkphos: (73.5..92.75]', 'Sgot: (20.5..32.0]', 'Drinks: (6.5..10.5]', not 'Gammagt: (-inf..28.25]' => 'Sgpt: (60.0..+inf)'
c1 # of rules: 15
c1 rule time: 0.0100

c2 total rules: 94

c0 computing feature 4
c1 computing class: (-inf..20.5]
c1 discrimination constraints: 131h
c1 coverage constraints: 50v+1051h
c1 formula: 98v, 1254c (1206h+48s)
c1 enumerating rules (maxsat-based)
c1 rule: 'Mcv: (-inf..84.25]', 'Gammagt: (52.5..89.75]' => 'Sgot: (-inf..20.5]'
c1 rule: 'Mcv: (90.5..96.75]', 'Sgpt: (-inf..23.5]', 'Gammagt: (52.5..89.75]' => 'Sgot: (-inf..20.5]'
c1 rule: 'Sgpt: (-inf..23.5]', 'Gammagt: (52.5..89.75]', not 'Mcv: (84.25..90.5]' => 'Sgot: (-inf..20.5]'
c1 rule: 'Alkphos: (73.5..92.75]', 'Sgpt: (23.5..40.0]', 'Gammagt: (52.5..89.75]' => 'Sgot: (-inf..20.5]'
c1 rule: 'Mcv: (-inf..84.25]', 'Gammagt: (-inf..28.25]', not 'Sgpt: (-inf..23.5]' => 'Sgot: (-inf..20.5]'
c1 rule: 'Mcv: (-inf..84.25]', 'Sgpt: (23.5..40.0]', not 'Gammagt: (28.25..52.5]' => 'Sgot: (-inf..20.5]'
c1 rule: 'Mcv: (-inf..84.25]', 'Alkphos: (92.75..+inf)', not 'Drinks: (2.75..6.5]' => 'Sgot: (-inf..20.5]'
c1 rule: 'Mcv: (-inf..84.25]', 'Alkphos: (54.25..73.5]', 'Sgpt: (23.5..40.0]' => 'Sgot: (-inf..20.5]'
c1 rule: 'Sgpt: (-inf..23.5]', 'Gammagt: (89.75..+inf)', not 'Drinks: (6.5..10.5]' => 'Sgot: (-inf..20.5]'
c1 rule: 'Mcv: (-inf..84.25]', 'Alkphos: (54.25..73.5]', 'Drinks: (-inf..2.75]' => 'Sgot: (-inf..20.5]'
c1 rule: 'Mcv: (-inf..84.25]', 'Alkphos: (-inf..54.25]', 'Drinks: (-inf..2.75]', not 'Gammagt: (28.25..52.5]' => 'Sgot: (-inf..20.5]'
c1 rule: 'Alkphos: (-inf..54.25]', 'Sgpt: (23.5..40.0]', 'Gammagt: (-inf..28.25]', not 'Mcv: (84.25..90.5]' => 'Sgot: (-inf..20.5]'
c1 rule: 'Alkphos: (54.25..73.5]', 'Sgpt: (-inf..23.5]', not 'Gammagt: (-inf..28.25]', not 'Drinks: (6.5..10.5]' => 'Sgot: (-inf..20.5]'
c1 rule: 'Alkphos: (92.75..+inf)', 'Gammagt: (-inf..28.25]', not 'Sgpt: (-inf..23.5]', not 'Drinks: (-inf..2.75]' => 'Sgot: (-inf..20.5]'
c1 rule: 'Alkphos: (92.75..+inf)', 'Drinks: (-inf..2.75]', not 'Sgpt: (23.5..40.0]', not 'Gammagt: (-inf..28.25]' => 'Sgot: (-inf..20.5]'
c1 rule: 'Mcv: (84.25..90.5]', 'Alkphos: (92.75..+inf)', 'Gammagt: (28.25..52.5]', not 'Drinks: (-inf..2.75]' => 'Sgot: (-inf..20.5]'
c1 rule: 'Alkphos: (73.5..92.75]', 'Gammagt: (28.25..52.5]', 'Drinks: (2.75..6.5]', not 'Mcv: (90.5..96.75]' => 'Sgot: (-inf..20.5]'
c1 rule: 'Mcv: (84.25..90.5]', 'Sgpt: (23.5..40.0]', 'Drinks: (6.5..10.5]', not 'Gammagt: (52.5..89.75]' => 'Sgot: (-inf..20.5]'
c1 rule: 'Alkphos: (-inf..54.25]', 'Sgpt: (-inf..23.5]', 'Gammagt: (28.25..52.5]', 'Drinks: (-inf..2.75]', not 'Mcv: (90.5..96.75]' => 'Sgot: (-inf..20.5]'
c1 rule: 'Mcv: (84.25..90.5]', 'Gammagt: (28.25..52.5]', not 'Alkphos: (-inf..54.25]', not 'Sgpt: (60.0..+inf)', not 'Drinks: (-inf..2.75]' => 'Sgot: (-inf..20.5]'
c1 rule: 'Mcv: (84.25..90.5]', 'Alkphos: (-inf..54.25]', 'Gammagt: (-inf..28.25]', not 'Sgpt: (23.5..40.0]', not 'Drinks: (-inf..2.75]' => 'Sgot: (-inf..20.5]'
c1 # of rules: 21
c1 rule time: 0.0263

c1 computing class: (20.5..32.0]
c1 discrimination constraints: 93h
c1 coverage constraints: 88v+1849h
c1 formula: 136v, 2014c (1966h+48s)
c1 enumerating rules (maxsat-based)
c1 rule: 'Sgpt: (-inf..23.5]', 'Drinks: (10.5..+inf)' => 'Sgot: (20.5..32.0]'
c1 rule: 'Sgpt: (60.0..+inf)', 'Gammagt: (-inf..28.25]' => 'Sgot: (20.5..32.0]'
c1 rule: 'Alkphos: (-inf..54.25]', 'Drinks: (6.5..10.5]' => 'Sgot: (20.5..32.0]'
c1 rule: 'Sgpt: (23.5..40.0]', 'Drinks: (10.5..+inf)' => 'Sgot: (20.5..32.0]'
c1 rule: 'Mcv: (96.75..+inf)', 'Gammagt: (28.25..52.5]' => 'Sgot: (20.5..32.0]'
c1 rule: 'Mcv: (-inf..84.25]', 'Drinks: (6.5..10.5]' => 'Sgot: (20.5..32.0]'
c1 rule: 'Sgpt: (60.0..+inf)', 'Gammagt: (52.5..89.75]', not 'Mcv: (90.5..96.75]' => 'Sgot: (20.5..32.0]'
c1 rule: 'Alkphos: (54.25..73.5]', 'Sgpt: (40.0..60.0]', 'Drinks: (-inf..2.75]' => 'Sgot: (20.5..32.0]'
c1 rule: 'Alkphos: (54.25..73.5]', 'Sgpt: (40.0..60.0]', 'Gammagt: (-inf..28.25]' => 'Sgot: (20.5..32.0]'
c1 rule: 'Mcv: (84.25..90.5]', 'Sgpt: (40.0..60.0]', 'Gammagt: (28.25..52.5]' => 'Sgot: (20.5..32.0]'
c1 rule: 'Mcv: (84.25..90.5]', 'Gammagt: (89.75..+inf)', 'Drinks: (-inf..2.75]' => 'Sgot: (20.5..32.0]'
c1 rule: 'Gammagt: (89.75..+inf)', 'Drinks: (-inf..2.75]', not 'Alkphos: (73.5..92.75]' => 'Sgot: (20.5..32.0]'
c1 rule: 'Mcv: (96.75..+inf)', 'Sgpt: (23.5..40.0]', 'Drinks: (-inf..2.75]' => 'Sgot: (20.5..32.0]'
c1 rule: 'Mcv: (96.75..+inf)', 'Sgpt: (23.5..40.0]', not 'Drinks: (6.5..10.5]' => 'Sgot: (20.5..32.0]'
c1 rule: 'Sgpt: (-inf..23.5]', 'Gammagt: (89.75..+inf)', not 'Alkphos: (73.5..92.75]' => 'Sgot: (20.5..32.0]'
c1 rule: 'Gammagt: (-inf..28.25]', 'Drinks: (6.5..10.5]', not 'Mcv: (84.25..90.5]' => 'Sgot: (20.5..32.0]'
c1 rule: 'Gammagt: (-inf..28.25]', 'Drinks: (6.5..10.5]', not 'Sgpt: (23.5..40.0]' => 'Sgot: (20.5..32.0]'
c1 rule: 'Alkphos: (92.75..+inf)', 'Sgpt: (23.5..40.0]', 'Gammagt: (52.5..89.75]' => 'Sgot: (20.5..32.0]'
c1 rule: 'Mcv: (90.5..96.75]', 'Sgpt: (23.5..40.0]', 'Gammagt: (52.5..89.75]' => 'Sgot: (20.5..32.0]'
c1 rule: 'Alkphos: (-inf..54.25]', 'Sgpt: (23.5..40.0]', 'Gammagt: (28.25..52.5]' => 'Sgot: (20.5..32.0]'
c1 rule: 'Alkphos: (-inf..54.25]', 'Gammagt: (28.25..52.5]', not 'Drinks: (-inf..2.75]' => 'Sgot: (20.5..32.0]'
c1 rule: 'Alkphos: (-inf..54.25]', 'Gammagt: (28.25..52.5]', not 'Mcv: (84.25..90.5]' => 'Sgot: (20.5..32.0]'
c1 rule: 'Alkphos: (54.25..73.5]', 'Gammagt: (28.25..52.5]', 'Drinks: (6.5..10.5]' => 'Sgot: (20.5..32.0]'
c1 rule: 'Alkphos: (92.75..+inf)', 'Sgpt: (-inf..23.5]', 'Gammagt: (28.25..52.5]' => 'Sgot: (20.5..32.0]'
c1 rule: 'Mcv: (-inf..84.25]', 'Alkphos: (73.5..92.75]', 'Sgpt: (-inf..23.5]' => 'Sgot: (20.5..32.0]'
c1 rule: 'Mcv: (-inf..84.25]', not 'Alkphos: (54.25..73.5]', not 'Drinks: (-inf..2.75]' => 'Sgot: (20.5..32.0]'
c1 rule: 'Sgpt: (60.0..+inf)', 'Gammagt: (52.5..89.75]', 'Drinks: (6.5..10.5]' => 'Sgot: (20.5..32.0]'
c1 rule: 'Sgpt: (40.0..60.0]', 'Gammagt: (28.25..52.5]', 'Drinks: (6.5..10.5]' => 'Sgot: (20.5..32.0]'
c1 rule: 'Mcv: (96.75..+inf)', 'Gammagt: (-inf..28.25]', not 'Alkphos: (54.25..73.5]' => 'Sgot: (20.5..32.0]'
c1 rule: 'Alkphos: (92.75..+inf)', 'Sgpt: (40.0..60.0]', 'Drinks: (2.75..6.5]', not 'Mcv: (96.75..+inf)' => 'Sgot: (20.5..32.0]'
c1 rule: 'Mcv: (90.5..96.75]', 'Gammagt: (28.25..52.5]', 'Drinks: (-inf..2.75]', not 'Sgpt: (23.5..40.0]' => 'Sgot: (20.5..32.0]'
c1 rule: 'Alkphos: (92.75..+inf)', 'Gammagt: (28.25..52.5]', 'Drinks: (-inf..2.75]', not 'Mcv: (-inf..84.25]' => 'Sgot: (20.5..32.0]'
c1 rule: 'Mcv: (-inf..84.25]', 'Sgpt: (23.5..40.0]', 'Gammagt: (28.25..52.5]', not 'Alkphos: (54.25..73.5]' => 'Sgot: (20.5..32.0]'
c1 rule: 'Mcv: (90.5..96.75]', 'Alkphos: (73.5..92.75]', 'Sgpt: (23.5..40.0]', 'Drinks: (2.75..6.5]' => 'Sgot: (20.5..32.0]'
c1 rule: 'Alkphos: (73.5..92.75]', 'Sgpt: (23.5..40.0]', 'Drinks: (2.75..6.5]', not 'Gammagt: (28.25..52.5]' => 'Sgot: (20.5..32.0]'
c1 rule: 'Alkphos: (73.5..92.75]', 'Sgpt: (40.0..60.0]', 'Drinks: (-inf..2.75]', not 'Gammagt: (89.75..+inf)' => 'Sgot: (20.5..32.0]'
c1 rule: 'Gammagt: (52.5..89.75]', 'Drinks: (-inf..2.75]', not 'Mcv: (90.5..96.75]', not 'Alkphos: (73.5..92.75]' => 'Sgot: (20.5..32.0]'
c1 rule: 'Mcv: (84.25..90.5]', 'Alkphos: (92.75..+inf)', not 'Sgpt: (23.5..40.0]', not 'Drinks: (2.75..6.5]' => 'Sgot: (20.5..32.0]'
c1 rule: 'Mcv: (84.25..90.5]', 'Gammagt: (52.5..89.75]', 'Drinks: (2.75..6.5]', not 'Alkphos: (-inf..54.25]' => 'Sgot: (20.5..32.0]'
c1 rule: 'Mcv: (84.25..90.5]', 'Alkphos: (-inf..54.25]', 'Drinks: (2.75..6.5]', not 'Sgpt: (-inf..23.5]' => 'Sgot: (20.5..32.0]'
c1 rule: 'Mcv: (90.5..96.75]', 'Alkphos: (54.25..73.5]', 'Sgpt: (60.0..+inf)', 'Gammagt: (28.25..52.5]' => 'Sgot: (20.5..32.0]'
c1 rule: 'Sgpt: (23.5..40.0]', 'Gammagt: (28.25..52.5]', 'Drinks: (-inf..2.75]', not 'Mcv: (90.5..96.75]', not 'Alkphos: (54.25..73.5]' => 'Sgot: (20.5..32.0]'
c1 rule: 'Sgpt: (23.5..40.0]', 'Gammagt: (28.25..52.5]', not 'Mcv: (84.25..90.5]', not 'Alkphos: (92.75..+inf)', not 'Drinks: (-inf..2.75]' => 'Sgot: (20.5..32.0]'
c1 rule: 'Mcv: (84.25..90.5]', 'Alkphos: (-inf..54.25]', 'Sgpt: (-inf..23.5]', 'Gammagt: (-inf..28.25]', not 'Drinks: (2.75..6.5]' => 'Sgot: (20.5..32.0]'
c1 # of rules: 44
c1 rule time: 0.0580

c1 computing class: (32.0..46.0]
c1 discrimination constraints: 151h
c1 coverage constraints: 30v+631h
c1 formula: 78v, 854c (806h+48s)
c1 enumerating rules (maxsat-based)
c1 rule: 'Gammagt: (89.75..+inf)', 'Drinks: (10.5..+inf)' => 'Sgot: (32.0..46.0]'
c1 rule: 'Gammagt: (52.5..89.75]', 'Drinks: (10.5..+inf)' => 'Sgot: (32.0..46.0]'
c1 rule: 'Mcv: (-inf..84.25]', 'Sgpt: (60.0..+inf)' => 'Sgot: (32.0..46.0]'
c1 rule: 'Alkphos: (-inf..54.25]', 'Sgpt: (60.0..+inf)', not 'Mcv: (90.5..96.75]' => 'Sgot: (32.0..46.0]'
c1 rule: 'Mcv: (84.25..90.5]', 'Sgpt: (60.0..+inf)', 'Drinks: (6.5..10.5]' => 'Sgot: (32.0..46.0]'
c1 rule: 'Sgpt: (60.0..+inf)', 'Gammagt: (28.25..52.5]', not 'Drinks: (2.75..6.5]' => 'Sgot: (32.0..46.0]'
c1 rule: 'Mcv: (96.75..+inf)', 'Sgpt: (40.0..60.0]', not 'Alkphos: (54.25..73.5]' => 'Sgot: (32.0..46.0]'
c1 rule: 'Sgpt: (40.0..60.0]', 'Gammagt: (-inf..28.25]', not 'Mcv: (84.25..90.5]' => 'Sgot: (32.0..46.0]'
c1 rule: 'Sgpt: (40.0..60.0]', 'Gammagt: (-inf..28.25]', not 'Alkphos: (54.25..73.5]' => 'Sgot: (32.0..46.0]'
c1 rule: 'Mcv: (-inf..84.25]', 'Sgpt: (40.0..60.0]', not 'Alkphos: (92.75..+inf)' => 'Sgot: (32.0..46.0]'
c1 rule: 'Sgpt: (40.0..60.0]', 'Gammagt: (89.75..+inf)', not 'Alkphos: (73.5..92.75]' => 'Sgot: (32.0..46.0]'
c1 rule: 'Sgpt: (40.0..60.0]', 'Gammagt: (89.75..+inf)', not 'Drinks: (-inf..2.75]' => 'Sgot: (32.0..46.0]'
c1 rule: 'Sgpt: (40.0..60.0]', 'Drinks: (6.5..10.5]', not 'Mcv: (90.5..96.75]' => 'Sgot: (32.0..46.0]'
c1 rule: 'Mcv: (96.75..+inf)', 'Alkphos: (54.25..73.5]', 'Gammagt: (52.5..89.75]' => 'Sgot: (32.0..46.0]'
c1 rule: 'Mcv: (84.25..90.5]', 'Sgpt: (-inf..23.5]', 'Gammagt: (52.5..89.75]' => 'Sgot: (32.0..46.0]'
c1 rule: 'Alkphos: (54.25..73.5]', 'Sgpt: (60.0..+inf)', 'Gammagt: (52.5..89.75]', not 'Drinks: (-inf..2.75]' => 'Sgot: (32.0..46.0]'
c1 rule: 'Mcv: (90.5..96.75]', 'Alkphos: (54.25..73.5]', 'Sgpt: (40.0..60.0]', 'Drinks: (2.75..6.5]' => 'Sgot: (32.0..46.0]'
c1 rule: 'Mcv: (90.5..96.75]', 'Sgpt: (23.5..40.0]', 'Gammagt: (89.75..+inf)', not 'Drinks: (-inf..2.75]' => 'Sgot: (32.0..46.0]'
c1 rule: 'Mcv: (90.5..96.75]', 'Alkphos: (92.75..+inf)', 'Sgpt: (23.5..40.0]', 'Gammagt: (28.25..52.5]' => 'Sgot: (32.0..46.0]'
c1 # of rules: 19
c1 rule time: 0.0164

c1 computing class: (46.0..+inf)
c1 discrimination constraints: 168h
c1 coverage constraints: 13v+274h
c1 formula: 61v, 514c (466h+48s)
c1 enumerating rules (maxsat-based)
c1 rule: 'Alkphos: (92.75..+inf)', 'Sgpt: (60.0..+inf)' => 'Sgot: (46.0..+inf)'
c1 rule: 'Mcv: (96.75..+inf)', 'Sgpt: (23.5..40.0]', 'Gammagt: (89.75..+inf)' => 'Sgot: (46.0..+inf)'
c1 rule: 'Mcv: (96.75..+inf)', 'Gammagt: (89.75..+inf)', 'Drinks: (-inf..2.75]' => 'Sgot: (46.0..+inf)'
c1 rule: 'Alkphos: (73.5..92.75]', 'Sgpt: (60.0..+inf)', 'Drinks: (2.75..6.5]' => 'Sgot: (46.0..+inf)'
c1 rule: 'Mcv: (84.25..90.5]', 'Sgpt: (60.0..+inf)', 'Drinks: (2.75..6.5]' => 'Sgot: (46.0..+inf)'
c1 rule: 'Mcv: (90.5..96.75]', 'Sgpt: (60.0..+inf)', 'Drinks: (-inf..2.75]' => 'Sgot: (46.0..+inf)'
c1 rule: 'Alkphos: (92.75..+inf)', 'Gammagt: (89.75..+inf)', 'Drinks: (2.75..6.5]' => 'Sgot: (46.0..+inf)'
c1 rule: 'Mcv: (90.5..96.75]', 'Sgpt: (60.0..+inf)', 'Gammagt: (89.75..+inf)', 'Drinks: (2.75..6.5]' => 'Sgot: (46.0..+inf)'
c1 rule: 'Mcv: (90.5..96.75]', 'Alkphos: (73.5..92.75]', 'Sgpt: (40.0..60.0]', not 'Gammagt: (28.25..52.5]' => 'Sgot: (46.0..+inf)'
c1 rule: 'Mcv: (90.5..96.75]', 'Alkphos: (54.25..73.5]', 'Sgpt: (40.0..60.0]', 'Gammagt: (52.5..89.75]' => 'Sgot: (46.0..+inf)'
c1 # of rules: 10
c1 rule time: 0.0073

c2 total rules: 94

c0 computing feature 5
c1 computing class: (-inf..28.25]
c1 discrimination constraints: 107h
c1 coverage constraints: 74v+1555h
c1 formula: 122v, 1734c (1686h+48s)
c1 enumerating rules (maxsat-based)
c1 rule: 'Sgpt: (-inf..23.5]', 'Sgot: (46.0..+inf)' => 'Gammagt: (-inf..28.25]'
c1 rule: 'Mcv: (84.25..90.5]', 'Sgot: (-inf..20.5]', 'Drinks: (6.5..10.5]' => 'Gammagt: (-inf..28.25]'
c1 rule: 'Mcv: (84.25..90.5]', 'Alkphos: (92.75..+inf)', 'Sgot: (32.0..46.0]' => 'Gammagt: (-inf..28.25]'
c1 rule: 'Alkphos: (92.75..+inf)', 'Sgot: (32.0..46.0]', 'Drinks: (-inf..2.75]' => 'Gammagt: (-inf..28.25]'
c1 rule: 'Mcv: (84.25..90.5]', 'Sgpt: (-inf..23.5]', 'Drinks: (6.5..10.5]' => 'Gammagt: (-inf..28.25]'
c1 rule: 'Alkphos: (-inf..54.25]', 'Sgpt: (60.0..+inf)', 'Drinks: (6.5..10.5]' => 'Gammagt: (-inf..28.25]'
c1 rule: 'Mcv: (84.25..90.5]', 'Alkphos: (92.75..+inf)', not 'Sgpt: (23.5..40.0]' => 'Gammagt: (-inf..28.25]'
c1 rule: 'Mcv: (-inf..84.25]', 'Alkphos: (92.75..+inf)', 'Sgpt: (-inf..23.5]' => 'Gammagt: (-inf..28.25]'
c1 rule: 'Mcv: (-inf..84.25]', 'Sgpt: (-inf..23.5]', not 'Alkphos: (54.25..73.5]' => 'Gammagt: (-inf..28.25]'
c1 rule: 'Mcv: (-inf..84.25]', 'Sgpt: (-inf..23.5]', not 'Drinks: (6.5..10.5]' => 'Gammagt: (-inf..28.25]'
c1 rule: 'Alkphos: (54.25..73.5]', 'Sgpt: (-inf..23.5]', 'Drinks: (-inf..2.75]' => 'Gammagt: (-inf..28.25]'
c1 rule: 'Alkphos: (-inf..54.25]', 'Sgot: (-inf..20.5]', not 'Sgpt: (-inf..23.5]' => 'Gammagt: (-inf..28.25]'
c1 rule: 'Alkphos: (-inf..54.25]', 'Sgpt: (23.5..40.0]', not 'Sgot: (20.5..32.0]' => 'Gammagt: (-inf..28.25]'
c1 rule: 'Drinks: (10.5..+inf)', not 'Mcv: (96.75..+inf)', not 'Sgot: (32.0..46.0]' => 'Gammagt: (-inf..28.25]'
c1 rule: 'Alkphos: (-inf..54.25]', 'Sgot: (32.0..46.0]', not 'Drinks: (2.75..6.5]' => 'Gammagt: (-inf..28.25]'
c1 rule: 'Mcv: (84.25..90.5]', 'Alkphos: (54.25..73.5]', 'Sgpt: (-inf..23.5]' => 'Gammagt: (-inf..28.25]'
c1 rule: 'Alkphos: (92.75..+inf)', 'Sgpt: (-inf..23.5]', 'Drinks: (-inf..2.75]' => 'Gammagt: (-inf..28.25]'
c1 rule: 'Mcv: (96.75..+inf)', 'Drinks: (-inf..2.75]', not 'Alkphos: (73.5..92.75]' => 'Gammagt: (-inf..28.25]'
c1 rule: 'Mcv: (96.75..+inf)', 'Drinks: (-inf..2.75]', not 'Sgpt: (60.0..+inf)' => 'Gammagt: (-inf..28.25]'
c1 rule: 'Alkphos: (92.75..+inf)', 'Sgpt: (23.5..40.0]', 'Sgot: (-inf..20.5]', not 'Mcv: (84.25..90.5]' => 'Gammagt: (-inf..28.25]'
c1 rule: 'Alkphos: (92.75..+inf)', 'Drinks: (-inf..2.75]', not 'Sgpt: (40.0..60.0]', not 'Sgot: (20.5..32.0]' => 'Gammagt: (-inf..28.25]'
c1 rule: 'Mcv: (90.5..96.75]', 'Alkphos: (-inf..54.25]', not 'Sgot: (20.5..32.0]', not 'Drinks: (2.75..6.5]' => 'Gammagt: (-inf..28.25]'
c1 rule: 'Mcv: (90.5..96.75]', 'Sgot: (-inf..20.5]', not 'Sgpt: (-inf..23.5]', not 'Drinks: (-inf..2.75]' => 'Gammagt: (-inf..28.25]'
c1 rule: 'Alkphos: (54.25..73.5]', 'Sgpt: (-inf..23.5]', 'Sgot: (20.5..32.0]', not 'Mcv: (-inf..84.25]' => 'Gammagt: (-inf..28.25]'
c1 rule: 'Mcv: (90.5..96.75]', 'Sgpt: (-inf..23.5]', 'Drinks: (-inf..2.75]', not 'Sgot: (20.5..32.0]' => 'Gammagt: (-inf..28.25]'
c1 rule: 'Mcv: (90.5..96.75]', 'Alkphos: (73.5..92.75]', 'Sgot: (-inf..20.5]', not 'Sgpt: (23.5..40.0]' => 'Gammagt: (-inf..28.25]'
c1 rule: 'Mcv: (90.5..96.75]', 'Alkphos: (73.5..92.75]', 'Sgpt: (-inf..23.5]', not 'Drinks: (-inf..2.75]' => 'Gammagt: (-inf..28.25]'
c1 rule: 'Alkphos: (73.5..92.75]', 'Sgpt: (-inf..23.5]', 'Sgot: (20.5..32.0]', 'Drinks: (2.75..6.5]' => 'Gammagt: (-inf..28.25]'
c1 rule: 'Alkphos: (73.5..92.75]', 'Sgot: (20.5..32.0]', 'Drinks: (2.75..6.5]', not 'Mcv: (90.5..96.75]' => 'Gammagt: (-inf..28.25]'
c1 rule: 'Mcv: (96.75..+inf)', 'Alkphos: (73.5..92.75]', 'Sgot: (20.5..32.0]', not 'Drinks: (10.5..+inf)' => 'Gammagt: (-inf..28.25]'
c1 rule: 'Mcv: (84.25..90.5]', 'Alkphos: (54.25..73.5]', 'Sgpt: (40.0..60.0]', 'Sgot: (20.5..32.0]' => 'Gammagt: (-inf..28.25]'
c1 rule: 'Mcv: (84.25..90.5]', 'Alkphos: (-inf..54.25]', 'Sgot: (-inf..20.5]', not 'Drinks: (-inf..2.75]' => 'Gammagt: (-inf..28.25]'
c1 rule: 'Mcv: (90.5..96.75]', 'Sgpt: (-inf..23.5]', not 'Alkphos: (92.75..+inf)', not 'Sgot: (-inf..20.5]', not 'Drinks: (-inf..2.75]' => 'Gammagt: (-inf..28.25]'
c1 rule: 'Mcv: (84.25..90.5]', 'Alkphos: (-inf..54.25]', 'Sgpt: (-inf..23.5]', not 'Sgot: (-inf..20.5]', not 'Drinks: (2.75..6.5]' => 'Gammagt: (-inf..28.25]'
c1 # of rules: 34
c1 rule time: 0.0419

c1 computing class: (28.25..52.5]
c1 discrimination constraints: 126h
c1 coverage constraints: 55v+1156h
c1 formula: 103v, 1354c (1306h+48s)
c1 enumerating rules (maxsat-based)
c1 rule: 'Mcv: (-inf..84.25]', 'Drinks: (6.5..10.5]' => 'Gammagt: (28.25..52.5]'
c1 rule: 'Sgpt: (-inf..23.5]', 'Drinks: (10.5..+inf)' => 'Gammagt: (28.25..52.5]'
c1 rule: 'Alkphos: (54.25..73.5]', 'Sgot: (46.0..+inf)', 'Drinks: (2.75..6.5]' => 'Gammagt: (28.25..52.5]'
c1 rule: 'Alkphos: (92.75..+inf)', 'Sgpt: (60.0..+inf)', not 'Drinks: (6.5..10.5]' => 'Gammagt: (28.25..52.5]'
c1 rule: 'Sgpt: (60.0..+inf)', 'Sgot: (20.5..32.0]', 'Drinks: (2.75..6.5]' => 'Gammagt: (28.25..52.5]'
c1 rule: 'Alkphos: (54.25..73.5]', 'Sgot: (32.0..46.0]', 'Drinks: (-inf..2.75]' => 'Gammagt: (28.25..52.5]'
c1 rule: 'Mcv: (96.75..+inf)', 'Alkphos: (54.25..73.5]', 'Drinks: (2.75..6.5]' => 'Gammagt: (28.25..52.5]'
c1 rule: 'Mcv: (96.75..+inf)', 'Alkphos: (-inf..54.25]', 'Sgpt: (-inf..23.5]' => 'Gammagt: (28.25..52.5]'
c1 rule: 'Sgot: (20.5..32.0]', 'Drinks: (10.5..+inf)', not 'Alkphos: (54.25..73.5]' => 'Gammagt: (28.25..52.5]'
c1 rule: 'Mcv: (96.75..+inf)', 'Alkphos: (92.75..+inf)', 'Sgot: (20.5..32.0]' => 'Gammagt: (28.25..52.5]'
c1 rule: 'Mcv: (-inf..84.25]', 'Sgpt: (23.5..40.0]', not 'Sgot: (-inf..20.5]' => 'Gammagt: (28.25..52.5]'
c1 rule: 'Mcv: (-inf..84.25]', 'Alkphos: (92.75..+inf)', not 'Sgpt: (-inf..23.5]' => 'Gammagt: (28.25..52.5]'
c1 rule: 'Mcv: (-inf..84.25]', 'Sgpt: (60.0..+inf)', 'Drinks: (-inf..2.75]' => 'Gammagt: (28.25..52.5]'
c1 rule: 'Alkphos: (92.75..+inf)', 'Sgpt: (40.0..60.0]', 'Sgot: (20.5..32.0]' => 'Gammagt: (28.25..52.5]'
c1 rule: 'Alkphos: (92.75..+inf)', 'Sgpt: (23.5..40.0]', 'Drinks: (6.5..10.5]' => 'Gammagt: (28.25..52.5]'
c1 rule: 'Sgpt: (40.0..60.0]', 'Sgot: (46.0..+inf)', not 'Drinks: (6.5..10.5]' => 'Gammagt: (28.25..52.5]'
c1 rule: 'Alkphos: (54.25..73.5]', 'Sgpt: (40.0..60.0]', 'Sgot: (20.5..32.0]', 'Drinks: (6.5..10.5]' => 'Gammagt: (28.25..52.5]'
c1 rule: 'Mcv: (90.5..96.75]', 'Sgpt: (23.5..40.0]', 'Drinks: (6.5..10.5]', not 'Alkphos: (54.25..73.5]' => 'Gammagt: (28.25..52.5]'
c1 rule: 'Sgpt: (23.5..40.0]', 'Sgot: (32.0..46.0]', not 'Mcv: (84.25..90.5]', not 'Alkphos: (54.25..73.5]' => 'Gammagt: (28.25..52.5]'
c1 rule: 'Mcv: (90.5..96.75]', 'Alkphos: (73.5..92.75]', 'Sgot: (32.0..46.0]', not 'Drinks: (10.5..+inf)' => 'Gammagt: (28.25..52.5]'
c1 rule: 'Alkphos: (54.25..73.5]', 'Sgpt: (40.0..60.0]', 'Drinks: (2.75..6.5]', not 'Sgot: (20.5..32.0]' => 'Gammagt: (28.25..52.5]'
c1 rule: 'Mcv: (90.5..96.75]', 'Sgpt: (40.0..60.0]', 'Drinks: (2.75..6.5]', not 'Sgot: (32.0..46.0]' => 'Gammagt: (28.25..52.5]'
c1 rule: 'Mcv: (90.5..96.75]', 'Alkphos: (54.25..73.5]', 'Sgpt: (40.0..60.0]', 'Sgot: (20.5..32.0]' => 'Gammagt: (28.25..52.5]'
c1 rule: 'Alkphos: (-inf..54.25]', 'Sgpt: (40.0..60.0]', 'Sgot: (20.5..32.0]', not 'Drinks: (6.5..10.5]' => 'Gammagt: (28.25..52.5]'
c1 rule: 'Mcv: (90.5..96.75]', 'Alkphos: (-inf..54.25]', 'Sgpt: (23.5..40.0]', not 'Sgot: (-inf..20.5]' => 'Gammagt: (28.25..52.5]'
c1 rule: 'Mcv: (96.75..+inf)', 'Alkphos: (54.25..73.5]', 'Sgot: (20.5..32.0]', not 'Drinks: (-inf..2.75]' => 'Gammagt: (28.25..52.5]'
c1 rule: 'Alkphos: (73.5..92.75]', 'Sgot: (-inf..20.5]', 'Drinks: (2.75..6.5]', not 'Sgpt: (-inf..23.5]' => 'Gammagt: (28.25..52.5]'
c1 rule: 'Mcv: (90.5..96.75]', 'Alkphos: (92.75..+inf)', 'Drinks: (2.75..6.5]', not 'Sgot: (-inf..20.5]' => 'Gammagt: (28.25..52.5]'
c1 rule: 'Mcv: (-inf..84.25]', 'Alkphos: (54.25..73.5]', 'Drinks: (-inf..2.75]', not 'Sgpt: (-inf..23.5]' => 'Gammagt: (28.25..52.5]'
c1 rule: 'Mcv: (84.25..90.5]', 'Alkphos: (-inf..54.25]', 'Sgpt: (-inf..23.5]', 'Sgot: (-inf..20.5]', not 'Drinks: (2.75..6.5]' => 'Gammagt: (28.25..52.5]'
c1 rule: 'Mcv: (84.25..90.5]', 'Alkphos: (-inf..54.25]', 'Sgpt: (-inf..23.5]', 'Sgot: (20.5..32.0]', 'Drinks: (2.75..6.5]' => 'Gammagt: (28.25..52.5]'
c1 rule: 'Alkphos: (92.75..+inf)', 'Sgpt: (23.5..40.0]', not 'Mcv: (90.5..96.75]', not 'Sgot: (46.0..+inf)', not 'Drinks: (-inf..2.75]' => 'Gammagt: (28.25..52.5]'
c1 # of rules: 32
c1 rule time: 0.0313

c1 computing class: (52.5..89.75]
c1 discrimination constraints: 154h
c1 coverage constraints: 27v+568h
c1 formula: 75v, 794c (746h+48s)
c1 enumerating rules (maxsat-based)
c1 rule: 'Sgpt: (-inf..23.5]', 'Sgot: (32.0..46.0]', not 'Alkphos: (92.75..+inf)' => 'Gammagt: (52.5..89.75]'
c1 rule: 'Mcv: (96.75..+inf)', 'Alkphos: (92.75..+inf)', 'Sgpt: (-inf..23.5]' => 'Gammagt: (52.5..89.75]'
c1 rule: 'Mcv: (96.75..+inf)', 'Alkphos: (92.75..+inf)', not 'Sgot: (20.5..32.0]' => 'Gammagt: (52.5..89.75]'
c1 rule: 'Mcv: (-inf..84.25]', 'Sgpt: (23.5..40.0]', not 'Drinks: (-inf..2.75]' => 'Gammagt: (52.5..89.75]'
c1 rule: 'Mcv: (96.75..+inf)', 'Alkphos: (-inf..54.25]', 'Sgpt: (23.5..40.0]' => 'Gammagt: (52.5..89.75]'
c1 rule: 'Mcv: (96.75..+inf)', 'Sgot: (-inf..20.5]', not 'Drinks: (-inf..2.75]' => 'Gammagt: (52.5..89.75]'
c1 rule: 'Sgot: (46.0..+inf)', 'Drinks: (-inf..2.75]', not 'Alkphos: (73.5..92.75]' => 'Gammagt: (52.5..89.75]'
c1 rule: 'Sgpt: (60.0..+inf)', 'Drinks: (-inf..2.75]', not 'Alkphos: (73.5..92.75]' => 'Gammagt: (52.5..89.75]'
c1 rule: 'Sgpt: (40.0..60.0]', 'Sgot: (-inf..20.5]', not 'Mcv: (-inf..84.25]' => 'Gammagt: (52.5..89.75]'
c1 rule: 'Mcv: (84.25..90.5]', 'Alkphos: (-inf..54.25]', 'Drinks: (6.5..10.5]' => 'Gammagt: (52.5..89.75]'
c1 rule: 'Drinks: (10.5..+inf)', not 'Mcv: (90.5..96.75]', not 'Sgot: (20.5..32.0]' => 'Gammagt: (52.5..89.75]'
c1 rule: 'Alkphos: (73.5..92.75]', 'Sgpt: (60.0..+inf)', 'Drinks: (2.75..6.5]' => 'Gammagt: (52.5..89.75]'
c1 rule: 'Alkphos: (73.5..92.75]', 'Sgpt: (60.0..+inf)', 'Sgot: (20.5..32.0]' => 'Gammagt: (52.5..89.75]'
c1 rule: 'Mcv: (90.5..96.75]', 'Alkphos: (54.25..73.5]', 'Sgot: (46.0..+inf)' => 'Gammagt: (52.5..89.75]'
c1 rule: 'Mcv: (96.75..+inf)', 'Alkphos: (54.25..73.5]', 'Sgot: (32.0..46.0]' => 'Gammagt: (52.5..89.75]'
c1 rule: 'Alkphos: (-inf..54.25]', 'Sgpt: (40.0..60.0]', 'Drinks: (6.5..10.5]' => 'Gammagt: (52.5..89.75]'
c1 rule: 'Sgpt: (40.0..60.0]', 'Sgot: (46.0..+inf)', not 'Drinks: (2.75..6.5]' => 'Gammagt: (52.5..89.75]'
c1 rule: 'Alkphos: (54.25..73.5]', 'Sgpt: (40.0..60.0]', 'Sgot: (32.0..46.0]', 'Drinks: (6.5..10.5]' => 'Gammagt: (52.5..89.75]'
c1 rule: 'Mcv: (90.5..96.75]', 'Alkphos: (54.25..73.5]', 'Drinks: (6.5..10.5]', not 'Sgpt: (40.0..60.0]' => 'Gammagt: (52.5..89.75]'
c1 rule: 'Mcv: (90.5..96.75]', 'Alkphos: (54.25..73.5]', 'Sgpt: (60.0..+inf)', not 'Sgot: (20.5..32.0]' => 'Gammagt: (52.5..89.75]'
c1 # of rules: 20
c1 rule time: 0.0159

c1 computing class: (89.75..+inf)
c1 discrimination constraints: 156h
c1 coverage constraints: 25v+526h
c1 formula: 73v, 754c (706h+48s)
c1 enumerating rules (maxsat-based)
c1 rule: 'Sgpt: (23.5..40.0]', 'Sgot: (46.0..+inf)' => 'Gammagt: (89.75..+inf)'
c1 rule: 'Mcv: (96.75..+inf)', 'Sgot: (46.0..+inf)' => 'Gammagt: (89.75..+inf)'
c1 rule: 'Mcv: (96.75..+inf)', 'Sgpt: (60.0..+inf)' => 'Gammagt: (89.75..+inf)'
c1 rule: 'Sgpt: (60.0..+inf)', 'Drinks: (10.5..+inf)' => 'Gammagt: (89.75..+inf)'
c1 rule: 'Alkphos: (-inf..54.25]', 'Sgot: (46.0..+inf)' => 'Gammagt: (89.75..+inf)'
c1 rule: 'Alkphos: (-inf..54.25]', 'Sgot: (32.0..46.0]', not 'Mcv: (84.25..90.5]' => 'Gammagt: (89.75..+inf)'
c1 rule: 'Alkphos: (73.5..92.75]', 'Sgot: (32.0..46.0]', 'Drinks: (2.75..6.5]' => 'Gammagt: (89.75..+inf)'
c1 rule: 'Mcv: (84.25..90.5]', 'Alkphos: (73.5..92.75]', 'Sgot: (32.0..46.0]' => 'Gammagt: (89.75..+inf)'
c1 rule: 'Mcv: (90.5..96.75]', 'Sgot: (32.0..46.0]', 'Drinks: (10.5..+inf)' => 'Gammagt: (89.75..+inf)'
c1 rule: 'Mcv: (-inf..84.25]', 'Sgot: (32.0..46.0]', not 'Sgpt: (60.0..+inf)' => 'Gammagt: (89.75..+inf)'
c1 rule: 'Mcv: (-inf..84.25]', 'Sgot: (32.0..46.0]', not 'Drinks: (-inf..2.75]' => 'Gammagt: (89.75..+inf)'
c1 rule: 'Alkphos: (92.75..+inf)', 'Sgpt: (60.0..+inf)', not 'Drinks: (2.75..6.5]' => 'Gammagt: (89.75..+inf)'
c1 rule: 'Sgpt: (60.0..+inf)', 'Drinks: (6.5..10.5]', not 'Mcv: (90.5..96.75]' => 'Gammagt: (89.75..+inf)'
c1 rule: 'Alkphos: (92.75..+inf)', 'Sgpt: (-inf..23.5]', 'Drinks: (6.5..10.5]' => 'Gammagt: (89.75..+inf)'
c1 rule: 'Mcv: (-inf..84.25]', 'Alkphos: (73.5..92.75]', 'Sgot: (-inf..20.5]' => 'Gammagt: (89.75..+inf)'
c1 rule: 'Alkphos: (92.75..+inf)', 'Sgpt: (40.0..60.0]', 'Sgot: (32.0..46.0]', 'Drinks: (6.5..10.5]' => 'Gammagt: (89.75..+inf)'
c1 rule: 'Mcv: (90.5..96.75]', 'Sgpt: (23.5..40.0]', 'Sgot: (32.0..46.0]', not 'Alkphos: (92.75..+inf)' => 'Gammagt: (89.75..+inf)'
c1 rule: 'Alkphos: (54.25..73.5]', 'Sgpt: (23.5..40.0]', 'Sgot: (32.0..46.0]', 'Drinks: (2.75..6.5]' => 'Gammagt: (89.75..+inf)'
c1 # of rules: 18
c1 rule time: 0.0134

c2 total rules: 104

c0 computing feature 6
c1 computing class: (-inf..2.75]
c1 discrimination constraints: 104h
c1 coverage constraints: 77v+1618h
c1 formula: 125v, 1794c (1746h+48s)
c1 enumerating rules (maxsat-based)
c1 rule: 'Sgpt: (40.0..60.0]', 'Sgot: (-inf..20.5]' => 'Drinks: (-inf..2.75]'
c1 rule: 'Mcv: (-inf..84.25]', 'Alkphos: (73.5..92.75]' => 'Drinks: (-inf..2.75]'
c1 rule: 'Sgot: (32.0..46.0]', 'Gammagt: (-inf..28.25]' => 'Drinks: (-inf..2.75]'
c1 rule: 'Mcv: (96.75..+inf)', 'Sgpt: (60.0..+inf)', not 'Alkphos: (-inf..54.25]' => 'Drinks: (-inf..2.75]'
c1 rule: 'Sgpt: (60.0..+inf)', 'Sgot: (20.5..32.0]', not 'Mcv: (90.5..96.75]' => 'Drinks: (-inf..2.75]'
c1 rule: 'Mcv: (-inf..84.25]', 'Sgot: (20.5..32.0]', not 'Sgpt: (-inf..23.5]' => 'Drinks: (-inf..2.75]'
c1 rule: 'Mcv: (-inf..84.25]', 'Sgpt: (23.5..40.0]', not 'Alkphos: (54.25..73.5]' => 'Drinks: (-inf..2.75]'
c1 rule: 'Alkphos: (-inf..54.25]', 'Sgot: (-inf..20.5]', 'Gammagt: (28.25..52.5]' => 'Drinks: (-inf..2.75]'
c1 rule: 'Mcv: (96.75..+inf)', 'Sgot: (-inf..20.5]', not 'Gammagt: (52.5..89.75]' => 'Drinks: (-inf..2.75]'
c1 rule: 'Mcv: (-inf..84.25]', 'Sgot: (-inf..20.5]', not 'Alkphos: (54.25..73.5]' => 'Drinks: (-inf..2.75]'
c1 rule: 'Mcv: (-inf..84.25]', 'Sgpt: (23.5..40.0]', not 'Gammagt: (52.5..89.75]' => 'Drinks: (-inf..2.75]'
c1 rule: 'Mcv: (96.75..+inf)', 'Gammagt: (-inf..28.25]', not 'Sgpt: (23.5..40.0]' => 'Drinks: (-inf..2.75]'
c1 rule: 'Mcv: (96.75..+inf)', 'Gammagt: (-inf..28.25]', not 'Alkphos: (73.5..92.75]' => 'Drinks: (-inf..2.75]'
c1 rule: 'Mcv: (84.25..90.5]', 'Sgpt: (40.0..60.0]', 'Gammagt: (28.25..52.5]' => 'Drinks: (-inf..2.75]'
c1 rule: 'Sgpt: (40.0..60.0]', 'Gammagt: (89.75..+inf)', not 'Sgot: (32.0..46.0]' => 'Drinks: (-inf..2.75]'
c1 rule: 'Sgot: (32.0..46.0]', 'Gammagt: (28.25..52.5]', not 'Mcv: (90.5..96.75]' => 'Drinks: (-inf..2.75]'
c1 rule: 'Mcv: (84.25..90.5]', 'Alkphos: (73.5..92.75]', 'Gammagt: (52.5..89.75]' => 'Drinks: (-inf..2.75]'
c1 rule: 'Alkphos: (92.75..+inf)', 'Sgot: (20.5..32.0]', 'Gammagt: (52.5..89.75]' => 'Drinks: (-inf..2.75]'
c1 rule: 'Mcv: (90.5..96.75]', 'Alkphos: (92.75..+inf)', 'Sgpt: (-inf..23.5]', not 'Sgot: (20.5..32.0]' => 'Drinks: (-inf..2.75]'
c1 rule: 'Alkphos: (54.25..73.5]', 'Sgot: (20.5..32.0]', 'Gammagt: (89.75..+inf)', not 'Mcv: (84.25..90.5]' => 'Drinks: (-inf..2.75]'
c1 rule: 'Sgot: (20.5..32.0]', 'Gammagt: (89.75..+inf)', not 'Mcv: (84.25..90.5]', not 'Sgpt: (-inf..23.5]' => 'Drinks: (-inf..2.75]'
c1 rule: 'Mcv: (84.25..90.5]', 'Alkphos: (92.75..+inf)', 'Sgot: (20.5..32.0]', not 'Gammagt: (-inf..28.25]' => 'Drinks: (-inf..2.75]'
c1 rule: 'Mcv: (84.25..90.5]', 'Sgot: (20.5..32.0]', 'Gammagt: (28.25..52.5]', not 'Alkphos: (-inf..54.25]' => 'Drinks: (-inf..2.75]'
c1 rule: 'Mcv: (84.25..90.5]', 'Sgpt: (-inf..23.5]', 'Gammagt: (28.25..52.5]', not 'Alkphos: (-inf..54.25]' => 'Drinks: (-inf..2.75]'
c1 rule: 'Alkphos: (92.75..+inf)', 'Sgpt: (23.5..40.0]', 'Sgot: (20.5..32.0]', not 'Mcv: (96.75..+inf)' => 'Drinks: (-inf..2.75]'
c1 rule: 'Sgot: (-inf..20.5]', 'Gammagt: (28.25..52.5]', not 'Mcv: (84.25..90.5]', not 'Sgpt: (-inf..23.5]' => 'Drinks: (-inf..2.75]'
c1 rule: 'Mcv: (90.5..96.75]', 'Alkphos: (73.5..92.75]', 'Sgpt: (23.5..40.0]', not 'Sgot: (20.5..32.0]' => 'Drinks: (-inf..2.75]'
c1 rule: 'Alkphos: (73.5..92.75]', 'Sgot: (-inf..20.5]', not 'Sgpt: (-inf..23.5]', not 'Gammagt: (28.25..52.5]' => 'Drinks: (-inf..2.75]'
c1 rule: 'Alkphos: (92.75..+inf)', 'Gammagt: (-inf..28.25]', not 'Mcv: (90.5..96.75]', not 'Sgpt: (-inf..23.5]' => 'Drinks: (-inf..2.75]'
c1 rule: 'Alkphos: (73.5..92.75]', 'Sgpt: (-inf..23.5]', 'Gammagt: (28.25..52.5]', not 'Mcv: (96.75..+inf)' => 'Drinks: (-inf..2.75]'
c1 rule: 'Sgot: (46.0..+inf)', 'Gammagt: (52.5..89.75]', not 'Alkphos: (73.5..92.75]', not 'Sgpt: (40.0..60.0]' => 'Drinks: (-inf..2.75]'
c1 rule: 'Alkphos: (-inf..54.25]', 'Sgpt: (23.5..40.0]', not 'Mcv: (90.5..96.75]', not 'Sgot: (20.5..32.0]' => 'Drinks: (-inf..2.75]'
c1 rule: 'Mcv: (90.5..96.75]', 'Alkphos: (-inf..54.25]', 'Gammagt: (28.25..52.5]', not 'Sgpt: (23.5..40.0]' => 'Drinks: (-inf..2.75]'
c1 rule: 'Mcv: (84.25..90.5]', 'Alkphos: (-inf..54.25]', 'Gammagt: (-inf..28.25]', not 'Sgpt: (23.5..40.0]', not 'Sgot: (-inf..20.5]' => 'Drinks: (-inf..2.75]'
c1 # of rules: 34
c1 rule time: 0.0413

c1 computing class: (10.5..+inf)
c1 discrimination constraints: 175h
c1 coverage constraints: 6v+127h
c1 formula: 54v, 374c (326h+48s)
c1 enumerating rules (maxsat-based)
c1 rule: 'Alkphos: (73.5..92.75]', 'Sgot: (32.0..46.0]', 'Gammagt: (52.5..89.75]' => 'Drinks: (10.5..+inf)'
c1 rule: 'Mcv: (90.5..96.75]', 'Alkphos: (73.5..92.75]', 'Gammagt: (89.75..+inf)' => 'Drinks: (10.5..+inf)'
c1 rule: 'Alkphos: (54.25..73.5]', 'Sgpt: (40.0..60.0]', 'Gammagt: (89.75..+inf)' => 'Drinks: (10.5..+inf)'
c1 rule: 'Mcv: (96.75..+inf)', 'Alkphos: (73.5..92.75]', 'Gammagt: (28.25..52.5]' => 'Drinks: (10.5..+inf)'
c1 # of rules: 4
c1 rule time: 0.0039

c1 computing class: (2.75..6.5]
c1 discrimination constraints: 111h
c1 coverage constraints: 70v+1471h
c1 formula: 118v, 1654c (1606h+48s)
c1 enumerating rules (maxsat-based)
c1 rule: 'Alkphos: (-inf..54.25]', 'Gammagt: (89.75..+inf)' => 'Drinks: (2.75..6.5]'
c1 rule: 'Sgot: (46.0..+inf)', 'Gammagt: (-inf..28.25]' => 'Drinks: (2.75..6.5]'
c1 rule: 'Mcv: (84.25..90.5]', 'Sgot: (46.0..+inf)' => 'Drinks: (2.75..6.5]'
c1 rule: 'Mcv: (96.75..+inf)', 'Alkphos: (-inf..54.25]' => 'Drinks: (2.75..6.5]'
c1 rule: 'Sgot: (46.0..+inf)', 'Gammagt: (28.25..52.5]' => 'Drinks: (2.75..6.5]'
c1 rule: 'Mcv: (-inf..84.25]', 'Gammagt: (52.5..89.75]' => 'Drinks: (2.75..6.5]'
c1 rule: 'Mcv: (96.75..+inf)', 'Sgot: (32.0..46.0]', 'Gammagt: (89.75..+inf)' => 'Drinks: (2.75..6.5]'
c1 rule: 'Sgpt: (60.0..+inf)', 'Sgot: (20.5..32.0]', 'Gammagt: (28.25..52.5]' => 'Drinks: (2.75..6.5]'
c1 rule: 'Alkphos: (-inf..54.25]', 'Sgot: (32.0..46.0]', not 'Gammagt: (-inf..28.25]' => 'Drinks: (2.75..6.5]'
c1 rule: 'Sgpt: (23.5..40.0]', 'Sgot: (32.0..46.0]', 'Gammagt: (89.75..+inf)' => 'Drinks: (2.75..6.5]'
c1 rule: 'Mcv: (84.25..90.5]', 'Sgpt: (23.5..40.0]', 'Gammagt: (89.75..+inf)' => 'Drinks: (2.75..6.5]'
c1 rule: 'Mcv: (-inf..84.25]', 'Gammagt: (89.75..+inf)', not 'Alkphos: (73.5..92.75]' => 'Drinks: (2.75..6.5]'
c1 rule: 'Sgpt: (40.0..60.0]', 'Sgot: (32.0..46.0]', 'Gammagt: (28.25..52.5]' => 'Drinks: (2.75..6.5]'
c1 rule: 'Mcv: (96.75..+inf)', 'Alkphos: (92.75..+inf)', 'Sgot: (32.0..46.0]' => 'Drinks: (2.75..6.5]'
c1 rule: 'Mcv: (96.75..+inf)', 'Sgpt: (40.0..60.0]', not 'Alkphos: (73.5..92.75]' => 'Drinks: (2.75..6.5]'
c1 rule: 'Mcv: (84.25..90.5]', 'Sgot: (-inf..20.5]', 'Gammagt: (89.75..+inf)' => 'Drinks: (2.75..6.5]'
c1 rule: 'Sgpt: (60.0..+inf)', 'Sgot: (32.0..46.0]', 'Gammagt: (52.5..89.75]' => 'Drinks: (2.75..6.5]'
c1 rule: 'Alkphos: (-inf..54.25]', 'Gammagt: (52.5..89.75]', not 'Sgot: (20.5..32.0]' => 'Drinks: (2.75..6.5]'
c1 rule: 'Mcv: (96.75..+inf)', 'Alkphos: (92.75..+inf)', not 'Sgot: (20.5..32.0]' => 'Drinks: (2.75..6.5]'
c1 rule: 'Alkphos: (92.75..+inf)', 'Sgpt: (-inf..23.5]', 'Gammagt: (28.25..52.5]' => 'Drinks: (2.75..6.5]'
c1 rule: 'Mcv: (-inf..84.25]', 'Alkphos: (92.75..+inf)', 'Sgpt: (-inf..23.5]' => 'Drinks: (2.75..6.5]'
c1 rule: 'Sgpt: (-inf..23.5]', 'Gammagt: (52.5..89.75]', not 'Mcv: (96.75..+inf)' => 'Drinks: (2.75..6.5]'
c1 rule: 'Sgot: (46.0..+inf)', 'Gammagt: (52.5..89.75]', not 'Alkphos: (54.25..73.5]', not 'Sgpt: (40.0..60.0]' => 'Drinks: (2.75..6.5]'
c1 rule: 'Alkphos: (92.75..+inf)', 'Sgpt: (-inf..23.5]', not 'Mcv: (90.5..96.75]', not 'Sgot: (20.5..32.0]' => 'Drinks: (2.75..6.5]'
c1 rule: 'Alkphos: (54.25..73.5]', 'Sgpt: (-inf..23.5]', not 'Mcv: (-inf..84.25]', not 'Gammagt: (-inf..28.25]' => 'Drinks: (2.75..6.5]'
c1 rule: 'Alkphos: (73.5..92.75]', 'Sgpt: (40.0..60.0]', 'Sgot: (20.5..32.0]', not 'Mcv: (84.25..90.5]' => 'Drinks: (2.75..6.5]'
c1 rule: 'Alkphos: (92.75..+inf)', 'Sgpt: (23.5..40.0]', 'Gammagt: (-inf..28.25]', not 'Mcv: (84.25..90.5]' => 'Drinks: (2.75..6.5]'
c1 rule: 'Alkphos: (92.75..+inf)', 'Sgot: (-inf..20.5]', not 'Sgpt: (40.0..60.0]', not 'Gammagt: (-inf..28.25]' => 'Drinks: (2.75..6.5]'
c1 rule: 'Mcv: (-inf..84.25]', 'Alkphos: (54.25..73.5]', 'Sgot: (20.5..32.0]', not 'Gammagt: (28.25..52.5]' => 'Drinks: (2.75..6.5]'
c1 rule: 'Mcv: (-inf..84.25]', 'Sgot: (20.5..32.0]', not 'Alkphos: (73.5..92.75]', not 'Gammagt: (28.25..52.5]' => 'Drinks: (2.75..6.5]'
c1 rule: 'Mcv: (84.25..90.5]', 'Sgpt: (-inf..23.5]', 'Sgot: (20.5..32.0]', not 'Alkphos: (73.5..92.75]', not 'Gammagt: (-inf..28.25]' => 'Drinks: (2.75..6.5]'
c1 rule: 'Mcv: (84.25..90.5]', 'Alkphos: (-inf..54.25]', 'Sgpt: (-inf..23.5]', 'Sgot: (-inf..20.5]', 'Gammagt: (-inf..28.25]' => 'Drinks: (2.75..6.5]'
c1 rule: 'Sgpt: (23.5..40.0]', 'Sgot: (-inf..20.5]', 'Gammagt: (28.25..52.5]', not 'Mcv: (90.5..96.75]', not 'Alkphos: (54.25..73.5]' => 'Drinks: (2.75..6.5]'
c1 # of rules: 33
c1 rule time: 0.0441

c1 computing class: (6.5..10.5]
c1 discrimination constraints: 153h
c1 coverage constraints: 28v+589h
c1 formula: 76v, 814c (766h+48s)
c1 enumerating rules (maxsat-based)
c1 rule: 'Sgpt: (60.0..+inf)', 'Gammagt: (-inf..28.25]' => 'Drinks: (6.5..10.5]'
c1 rule: 'Mcv: (-inf..84.25]', 'Sgpt: (-inf..23.5]', not 'Gammagt: (-inf..28.25]' => 'Drinks: (6.5..10.5]'
c1 rule: 'Sgpt: (-inf..23.5]', 'Gammagt: (89.75..+inf)', not 'Sgot: (-inf..20.5]' => 'Drinks: (6.5..10.5]'
c1 rule: 'Alkphos: (73.5..92.75]', 'Sgpt: (-inf..23.5]', 'Gammagt: (52.5..89.75]' => 'Drinks: (6.5..10.5]'
c1 rule: 'Alkphos: (73.5..92.75]', 'Sgpt: (23.5..40.0]', 'Sgot: (46.0..+inf)' => 'Drinks: (6.5..10.5]'
c1 rule: 'Alkphos: (54.25..73.5]', 'Sgot: (46.0..+inf)', not 'Sgpt: (60.0..+inf)' => 'Drinks: (6.5..10.5]'
c1 rule: 'Mcv: (96.75..+inf)', 'Alkphos: (54.25..73.5]', 'Sgot: (32.0..46.0]' => 'Drinks: (6.5..10.5]'
c1 rule: 'Sgot: (46.0..+inf)', 'Gammagt: (52.5..89.75]', not 'Sgpt: (60.0..+inf)' => 'Drinks: (6.5..10.5]'
c1 rule: 'Alkphos: (92.75..+inf)', 'Sgpt: (60.0..+inf)', not 'Gammagt: (28.25..52.5]' => 'Drinks: (6.5..10.5]'
c1 rule: 'Mcv: (84.25..90.5]', 'Sgpt: (60.0..+inf)', 'Gammagt: (89.75..+inf)' => 'Drinks: (6.5..10.5]'
c1 rule: 'Sgpt: (60.0..+inf)', 'Sgot: (20.5..32.0]', not 'Alkphos: (54.25..73.5]' => 'Drinks: (6.5..10.5]'
c1 rule: 'Alkphos: (-inf..54.25]', 'Sgpt: (40.0..60.0]', 'Gammagt: (52.5..89.75]' => 'Drinks: (6.5..10.5]'
c1 rule: 'Alkphos: (54.25..73.5]', 'Sgpt: (40.0..60.0]', 'Gammagt: (52.5..89.75]' => 'Drinks: (6.5..10.5]'
c1 rule: 'Alkphos: (92.75..+inf)', 'Sgpt: (40.0..60.0]', 'Gammagt: (89.75..+inf)' => 'Drinks: (6.5..10.5]'
c1 rule: 'Alkphos: (54.25..73.5]', 'Sgot: (20.5..32.0]', 'Gammagt: (52.5..89.75]', not 'Mcv: (84.25..90.5]' => 'Drinks: (6.5..10.5]'
c1 rule: 'Mcv: (84.25..90.5]', 'Alkphos: (-inf..54.25]', 'Sgpt: (23.5..40.0]', 'Gammagt: (52.5..89.75]' => 'Drinks: (6.5..10.5]'
c1 rule: 'Mcv: (96.75..+inf)', 'Alkphos: (54.25..73.5]', 'Gammagt: (28.25..52.5]', not 'Sgpt: (40.0..60.0]' => 'Drinks: (6.5..10.5]'
c1 rule: 'Mcv: (96.75..+inf)', 'Alkphos: (73.5..92.75]', 'Sgpt: (23.5..40.0]', not 'Gammagt: (28.25..52.5]' => 'Drinks: (6.5..10.5]'
c1 rule: 'Mcv: (90.5..96.75]', 'Alkphos: (73.5..92.75]', 'Sgpt: (60.0..+inf)', 'Gammagt: (28.25..52.5]' => 'Drinks: (6.5..10.5]'
c1 # of rules: 19
c1 rule time: 0.0173

c2 total rules: 90
c3 total time: 0.9131

Rules are saved to ../rules/all/q4_bupa_train2.csv.json