c0 # of samps: 81 (48 weighted)
c0 # of feats: 16 (19 binary)
c0 # of labls: 7
c0 parse time: 0.2939


c0 computing feature 1
c1 computing class: 0
c1 discrimination constraints: 18h
c1 coverage constraints: 30v+571h
c1 formula: 70v, 649c (609h+40s)
c1 enumerating rules (maxsat-based)
c1 rule: 'legs: (4.5..5.75]' => 'hair: 0'
c1 rule: 'breathes: 0' => 'hair: 0'
c1 rule: not 'feathers: 0' => 'hair: 0'
c1 rule: 'legs: (-inf..2.5]', not 'eggs: 0' => 'hair: 0'
c1 rule: not 'eggs: 0', not 'toothed: 0' => 'hair: 0'
c1 rule: 'milk: 0', not 'backbone: 0' => 'hair: 0'
c1 rule: 'milk: 0', 'airborne: 0' => 'hair: 0'
c1 rule: not 'airborne: 0', not 'predator: 0' => 'hair: 0'
c1 # of rules: 8
c1 rule time: 0.0033

c1 computing class: 1
c1 discrimination constraints: 30h
c1 coverage constraints: 18v+343h
c1 formula: 58v, 433c (393h+40s)
c1 enumerating rules (maxsat-based)
c1 rule: 'tail: 0', not 'fins: 0' => 'hair: 1'
c1 rule: 'eggs: 0', 'tail: 0' => 'hair: 1'
c1 rule: 'eggs: 0', 'aquatic: 0' => 'hair: 1'
c1 rule: 'eggs: 0', 'fins: 0' => 'hair: 1'
c1 rule: not 'eggs: 0', not 'milk: 0' => 'hair: 1'
c1 rule: 'backbone: 0', not 'domestic: 0' => 'hair: 1'
c1 rule: 'toothed: 0', not 'venomous: 0' => 'hair: 1'
c1 rule: 'feathers: 0', 'predator: 0', not 'airborne: 0' => 'hair: 1'
c1 # of rules: 8
c1 rule time: 0.0008

c2 total rules: 16

c0 computing feature 2
c1 computing class: 0
c1 discrimination constraints: 10h
c1 coverage constraints: 38v+723h
c1 formula: 78v, 793c (753h+40s)
c1 enumerating rules (maxsat-based)
c1 rule: 'eggs: 0' => 'feathers: 0'
c1 rule: not 'venomous: 0' => 'feathers: 0'
c1 rule: 'legs: (2.5..4.5]' => 'feathers: 0'
c1 rule: 'legs: (5.75..+inf)' => 'feathers: 0'
c1 rule: 'breathes: 0' => 'feathers: 0'
c1 rule: 'tail: 0' => 'feathers: 0'
c1 rule: not 'toothed: 0' => 'feathers: 0'
c1 # of rules: 7
c1 rule time: 0.0034

c1 computing class: 1
c1 discrimination constraints: 38h
c1 coverage constraints: 10v+191h
c1 formula: 50v, 289c (249h+40s)
c1 enumerating rules (maxsat-based)
c1 rule: not 'airborne: 0', not 'aquatic: 0' => 'feathers: 1'
c1 rule: not 'airborne: 0', not 'predator: 0', not 'backbone: 0' => 'feathers: 1'
c1 rule: 'toothed: 0', not 'backbone: 0', not 'legs: (2.5..4.5]' => 'feathers: 1'
c1 # of rules: 3
c1 rule time: 0.0021

c2 total rules: 10

c0 computing feature 3
c1 computing class: 0
c1 discrimination constraints: 33h
c1 coverage constraints: 15v+286h
c1 formula: 55v, 379c (339h+40s)
c1 enumerating rules (maxsat-based)
c1 # of rules: 0
c1 rule time: 0.0008

c1 computing class: 1
c1 discrimination constraints: 15h
c1 coverage constraints: 33v+628h
c1 formula: 73v, 703c (663h+40s)
c1 enumerating rules (maxsat-based)
c1 rule: not 'venomous: 0' => 'eggs: 1'
c1 rule: 'legs: (5.75..+inf)' => 'eggs: 1'
c1 rule: 'breathes: 0' => 'eggs: 1'
c1 rule: 'toothed: 0' => 'eggs: 1'
c1 # of rules: 4
c1 rule time: 0.0027

c2 total rules: 4

c0 computing feature 4
c1 computing class: 0
c1 discrimination constraints: 16h
c1 coverage constraints: 32v+609h
c1 formula: 72v, 685c (645h+40s)
c1 enumerating rules (maxsat-based)
c1 rule: 'backbone: 0' => 'milk: 0'
c1 # of rules: 1
c1 rule time: 0.0018

c1 computing class: 1
c1 discrimination constraints: 32h
c1 coverage constraints: 16v+305h
c1 formula: 56v, 397c (357h+40s)
c1 enumerating rules (maxsat-based)
c1 rule: 'eggs: 0' => 'milk: 1'
c1 # of rules: 1
c1 rule time: 0.0012

c2 total rules: 2

c0 computing feature 5
c1 computing class: 0
c1 discrimination constraints: 12h
c1 coverage constraints: 36v+685h
c1 formula: 76v, 757c (717h+40s)
c1 enumerating rules (maxsat-based)
c1 rule: 'legs: (2.5..4.5]' => 'airborne: 0'
c1 rule: 'breathes: 0' => 'airborne: 0'
c1 rule: not 'predator: 0', not 'catsize: 0' => 'airborne: 0'
c1 rule: 'feathers: 0', not 'catsize: 0' => 'airborne: 0'
c1 # of rules: 4
c1 rule time: 0.0023

c1 computing class: 1
c1 discrimination constraints: 36h
c1 coverage constraints: 12v+229h
c1 formula: 52v, 325c (285h+40s)
c1 enumerating rules (maxsat-based)
c1 rule: 'catsize: 0', not 'feathers: 0' => 'airborne: 1'
c1 rule: 'predator: 0', not 'aquatic: 0', not 'catsize: 0' => 'airborne: 1'
c1 rule: 'legs: (-inf..2.5]', 'catsize: 0', not 'milk: 0' => 'airborne: 1'
c1 rule: 'backbone: 0', not 'predator: 0', not 'breathes: 0' => 'airborne: 1'
c1 # of rules: 4
c1 rule time: 0.0000

c2 total rules: 8

c0 computing feature 6
c1 computing class: 0
c1 discrimination constraints: 20h
c1 coverage constraints: 28v+533h
c1 formula: 68v, 613c (573h+40s)
c1 enumerating rules (maxsat-based)
c1 rule: 'backbone: 0', 'legs: (-inf..2.5]' => 'aquatic: 0'
c1 rule: 'predator: 0', not 'legs: (-inf..2.5]' => 'aquatic: 0'
c1 rule: 'catsize: 0', not 'milk: 0' => 'aquatic: 0'
c1 rule: not 'airborne: 0', not 'domestic: 0' => 'aquatic: 0'
c1 rule: 'legs: (2.5..4.5]', 'tail: 0', not 'catsize: 0' => 'aquatic: 0'
c1 rule: 'catsize: 0', not 'venomous: 0', not 'tail: 0' => 'aquatic: 0'
c1 rule: 'fins: 0', not 'toothed: 0', not 'legs: (2.5..4.5]' => 'aquatic: 0'
c1 # of rules: 7
c1 rule time: 0.0040

c1 computing class: 1
c1 discrimination constraints: 28h
c1 coverage constraints: 20v+381h
c1 formula: 60v, 469c (429h+40s)
c1 enumerating rules (maxsat-based)
c1 rule: 'legs: (4.5..5.75]' => 'aquatic: 1'
c1 rule: not 'fins: 0' => 'aquatic: 1'
c1 rule: 'legs: (2.5..4.5]', not 'venomous: 0' => 'aquatic: 1'
c1 rule: not 'eggs: 0', not 'milk: 0' => 'aquatic: 1'
c1 rule: 'breathes: 0', not 'catsize: 0' => 'aquatic: 1'
c1 rule: 'breathes: 0', not 'legs: (-inf..2.5]' => 'aquatic: 1'
c1 rule: 'hair: 0', 'tail: 0', not 'backbone: 0' => 'aquatic: 1'
c1 # of rules: 7
c1 rule time: 0.0038

c2 total rules: 14

c0 computing feature 7
c1 computing class: 0
c1 discrimination constraints: 26h
c1 coverage constraints: 22v+419h
c1 formula: 62v, 505c (465h+40s)
c1 enumerating rules (maxsat-based)
c1 rule: not 'domestic: 0' => 'predator: 0'
c1 rule: 'milk: 0', 'toothed: 0', 'legs: (2.5..4.5]' => 'predator: 0'
c1 rule: 'fins: 0', not 'hair: 0', not 'legs: (2.5..4.5]' => 'predator: 0'
c1 # of rules: 3
c1 rule time: 0.0039

c1 computing class: 1
c1 discrimination constraints: 22h
c1 coverage constraints: 26v+495h
c1 formula: 66v, 577c (537h+40s)
c1 enumerating rules (maxsat-based)
c1 rule: 'toothed: 0', 'breathes: 0' => 'predator: 1'
c1 rule: not 'venomous: 0', not 'legs: (5.75..+inf)' => 'predator: 1'
c1 rule: 'legs: (2.5..4.5]', 'catsize: 0', not 'eggs: 0' => 'predator: 1'
c1 rule: 'hair: 0', 'fins: 0', not 'toothed: 0' => 'predator: 1'
c1 rule: 'legs: (2.5..4.5]', 'tail: 0', 'domestic: 0' => 'predator: 1'
c1 # of rules: 5
c1 rule time: 0.0035

c2 total rules: 8

c0 computing feature 8
c1 computing class: 0
c1 discrimination constraints: 26h
c1 coverage constraints: 22v+419h
c1 formula: 62v, 505c (465h+40s)
c1 enumerating rules (maxsat-based)
c1 rule: 'legs: (5.75..+inf)' => 'toothed: 0'
c1 rule: 'backbone: 0' => 'toothed: 0'
c1 # of rules: 2
c1 rule time: 0.0000

c1 computing class: 1
c1 discrimination constraints: 22h
c1 coverage constraints: 26v+495h
c1 formula: 66v, 577c (537h+40s)
c1 enumerating rules (maxsat-based)
c1 # of rules: 0
c1 rule time: 0.0000

c2 total rules: 2

c0 computing feature 9
c1 computing class: 0
c1 discrimination constraints: 38h
c1 coverage constraints: 10v+191h
c1 formula: 50v, 289c (249h+40s)
c1 enumerating rules (maxsat-based)
c1 # of rules: 0
c1 rule time: 0.0006

c1 computing class: 1
c1 discrimination constraints: 10h
c1 coverage constraints: 38v+723h
c1 formula: 78v, 793c (753h+40s)
c1 enumerating rules (maxsat-based)
c1 rule: not 'feathers: 0' => 'backbone: 1'
c1 rule: not 'tail: 0' => 'backbone: 1'
c1 # of rules: 2
c1 rule time: 0.0025

c2 total rules: 2

c0 computing feature 10
c1 computing class: 0
c1 discrimination constraints: 39h
c1 coverage constraints: 9v+172h
c1 formula: 49v, 271c (231h+40s)
c1 enumerating rules (maxsat-based)
c1 rule: not 'aquatic: 0', not 'domestic: 0' => 'breathes: 0'
c1 rule: 'predator: 0', not 'fins: 0' => 'breathes: 0'
c1 rule: 'catsize: 0', not 'fins: 0' => 'breathes: 0'
c1 rule: not 'eggs: 0', not 'fins: 0' => 'breathes: 0'
c1 # of rules: 4
c1 rule time: 0.0020

c1 computing class: 1
c1 discrimination constraints: 9h
c1 coverage constraints: 39v+742h
c1 formula: 79v, 811c (771h+40s)
c1 enumerating rules (maxsat-based)
c1 rule: 'legs: (2.5..4.5]' => 'breathes: 1'
c1 rule: 'fins: 0', not 'venomous: 0' => 'breathes: 1'
c1 rule: 'fins: 0', not 'backbone: 0' => 'breathes: 1'
c1 # of rules: 3
c1 rule time: 0.0022

c2 total rules: 7

c0 computing feature 11
c1 computing class: 0
c1 discrimination constraints: 5h
c1 coverage constraints: 43v+818h
c1 formula: 83v, 883c (843h+40s)
c1 enumerating rules (maxsat-based)
c1 rule: not 'milk: 0' => 'venomous: 0'
c1 # of rules: 1
c1 rule time: 0.0007

c1 computing class: 1
c1 discrimination constraints: 43h
c1 coverage constraints: 5v+96h
c1 formula: 45v, 199c (159h+40s)
c1 enumerating rules (maxsat-based)
c1 rule: 'legs: (5.75..+inf)', not 'domestic: 0' => 'venomous: 1'
c1 # of rules: 1
c1 rule time: 0.0014

c2 total rules: 2

c0 computing feature 12
c1 computing class: 0
c1 discrimination constraints: 8h
c1 coverage constraints: 40v+761h
c1 formula: 80v, 829c (789h+40s)
c1 enumerating rules (maxsat-based)
c1 rule: 'legs: (2.5..4.5]' => 'fins: 0'
c1 # of rules: 1
c1 rule time: 0.0021

c1 computing class: 1
c1 discrimination constraints: 40h
c1 coverage constraints: 8v+153h
c1 formula: 48v, 253c (213h+40s)
c1 enumerating rules (maxsat-based)
c1 # of rules: 0
c1 rule time: 0.0008

c2 total rules: 1

c0 computing feature 13
c1 computing class: (-inf..2.5]
c1 discrimination constraints: 23h
c1 coverage constraints: 25v+401h
c1 formula: 63v, 481c (443h+38s)
c1 enumerating rules (maxsat-based)
c1 rule: not 'feathers: 0' => 'legs: (-inf..2.5]'
c1 rule: not 'fins: 0' => 'legs: (-inf..2.5]'
c1 rule: not 'airborne: 0', not 'backbone: 0' => 'legs: (-inf..2.5]'
c1 rule: not 'venomous: 0', not 'tail: 0' => 'legs: (-inf..2.5]'
c1 rule: 'aquatic: 0', 'breathes: 0' => 'legs: (-inf..2.5]'
c1 rule: 'predator: 0', 'tail: 0', not 'catsize: 0' => 'legs: (-inf..2.5]'
c1 # of rules: 6
c1 rule time: 0.0031

c1 computing class: (2.5..4.5]
c1 discrimination constraints: 33h
c1 coverage constraints: 15v+241h
c1 formula: 53v, 331c (293h+38s)
c1 enumerating rules (maxsat-based)
c1 rule: not 'domestic: 0', not 'catsize: 0' => 'legs: (2.5..4.5]'
c1 rule: not 'eggs: 0', not 'milk: 0' => 'legs: (2.5..4.5]'
c1 rule: not 'milk: 0', not 'domestic: 0' => 'legs: (2.5..4.5]'
c1 rule: 'fins: 0', not 'aquatic: 0', not 'toothed: 0' => 'legs: (2.5..4.5]'
c1 rule: 'feathers: 0', 'toothed: 0', not 'tail: 0' => 'legs: (2.5..4.5]'
c1 rule: 'aquatic: 0', not 'hair: 0', not 'predator: 0' => 'legs: (2.5..4.5]'
c1 rule: 'airborne: 0', 'catsize: 0', not 'hair: 0' => 'legs: (2.5..4.5]'
c1 # of rules: 7
c1 rule time: 0.0033

c1 computing class: (4.5..5.75]
c1 discrimination constraints: 47h
c1 coverage constraints: 1v+17h
c1 formula: 39v, 121c (83h+38s)
c1 enumerating rules (maxsat-based)
c1 # of rules: 0
c1 rule time: 0.0010

c1 computing class: (5.75..+inf)
c1 discrimination constraints: 41h
c1 coverage constraints: 7v+113h
c1 formula: 45v, 211c (173h+38s)
c1 enumerating rules (maxsat-based)
c1 rule: 'backbone: 0', not 'airborne: 0' => 'legs: (5.75..+inf)'
c1 rule: 'backbone: 0', not 'catsize: 0' => 'legs: (5.75..+inf)'
c1 # of rules: 2
c1 rule time: 0.0015

c2 total rules: 15

c0 computing feature 14
c1 computing class: 0
c1 discrimination constraints: 32h
c1 coverage constraints: 16v+305h
c1 formula: 56v, 397c (357h+40s)
c1 enumerating rules (maxsat-based)
c1 # of rules: 0
c1 rule time: 0.0018

c1 computing class: 1
c1 discrimination constraints: 16h
c1 coverage constraints: 32v+609h
c1 formula: 72v, 685c (645h+40s)
c1 enumerating rules (maxsat-based)
c1 rule: not 'airborne: 0', not 'toothed: 0' => 'tail: 1'
c1 rule: 'catsize: 0', not 'hair: 0', not 'predator: 0' => 'tail: 1'
c1 # of rules: 2
c1 rule time: 0.0030

c2 total rules: 2

c0 computing feature 15
c1 computing class: 0
c1 discrimination constraints: 6h
c1 coverage constraints: 42v+799h
c1 formula: 82v, 865c (825h+40s)
c1 enumerating rules (maxsat-based)
c1 rule: 'legs: (2.5..4.5]', not 'eggs: 0' => 'domestic: 0'
c1 # of rules: 1
c1 rule time: 0.0031

c1 computing class: 1
c1 discrimination constraints: 42h
c1 coverage constraints: 6v+115h
c1 formula: 46v, 217c (177h+40s)
c1 enumerating rules (maxsat-based)
c1 # of rules: 0
c1 rule time: 0.0016

c2 total rules: 1

c0 computing feature 16
c1 computing class: 0
c1 discrimination constraints: 20h
c1 coverage constraints: 28v+533h
c1 formula: 68v, 613c (573h+40s)
c1 enumerating rules (maxsat-based)
c1 rule: not 'breathes: 0', not 'venomous: 0' => 'catsize: 0'
c1 rule: 'aquatic: 0', not 'eggs: 0', not 'toothed: 0' => 'catsize: 0'
c1 rule: not 'eggs: 0', not 'toothed: 0', not 'breathes: 0' => 'catsize: 0'
c1 # of rules: 3
c1 rule time: 0.0037

c1 computing class: 1
c1 discrimination constraints: 28h
c1 coverage constraints: 20v+381h
c1 formula: 60v, 469c (429h+40s)
c1 enumerating rules (maxsat-based)
c1 # of rules: 0
c1 rule time: 0.0024

c2 total rules: 3
c3 total time: 0.3813

Rules are saved to ../rules/size/q4_zoo_train4.csv_size5.json