c0 # of samps: 130 (126 weighted)
c0 # of feats: 9 (49 binary)
c0 # of labls: 2
c0 parse time: 0.2745


c0 computing feature 1
c1 computing class: (-inf..1.52]
c1 discrimination constraints: 22h
c1 coverage constraints: 104v+5097h
c1 formula: 204v, 5269c (5169h+100s)
c1 enumerating rules (maxsat-based)
c1 rule: 'Iron: (0.19..0.25]' => 'Refractive Index: (-inf..1.52]'
c1 rule: 'Iron: (0.3..+inf)' => 'Refractive Index: (-inf..1.52]'
c1 rule: 'Calcium: (-inf..8.1]' => 'Refractive Index: (-inf..1.52]'
c1 rule: 'Calcium: (8.39..8.64]' => 'Refractive Index: (-inf..1.52]'
c1 rule: 'Calcium: (8.1..8.39]' => 'Refractive Index: (-inf..1.52]'
c1 rule: 'Potassium: (0.66..+inf)' => 'Refractive Index: (-inf..1.52]'
c1 rule: 'Silicon: (72.35..72.66]' => 'Refractive Index: (-inf..1.52]'
c1 rule: 'Silicon: (73.12..+inf)' => 'Refractive Index: (-inf..1.52]'
c1 rule: 'Sodium: (13.22..13.47]' => 'Refractive Index: (-inf..1.52]'
c1 rule: 'Silicon: (72.89..73.12]' => 'Refractive Index: (-inf..1.52]'
c1 rule: 'Sodium: (12.69..12.93]' => 'Refractive Index: (-inf..1.52]'
c1 rule: 'Magnesium: (3.4..3.53]' => 'Refractive Index: (-inf..1.52]'
c1 rule: 'Aluminum: (1.13..1.28]', 'Calcium: (8.64..8.99]' => 'Refractive Index: (-inf..1.52]'
c1 rule: 'Sodium: (12.93..13.22]', 'Aluminum: (1.13..1.28]' => 'Refractive Index: (-inf..1.52]'
c1 rule: 'Sodium: (12.93..13.22]', 'Potassium: (0.57..0.66]' => 'Refractive Index: (-inf..1.52]'
c1 rule: 'Magnesium: (2.89..3.4]', not 'Calcium: (9.75..+inf)' => 'Refractive Index: (-inf..1.52]'
c1 rule: 'Calcium: (8.64..8.99]', not 'Potassium: (-inf..0.11]' => 'Refractive Index: (-inf..1.52]'
c1 rule: 'Sodium: (13.8..+inf)', 'Silicon: (71.95..72.35]' => 'Refractive Index: (-inf..1.52]'
c1 # of rules: 18
c1 rule time: 0.0182

c1 computing class: (1.52..+inf)
c1 discrimination constraints: 104h
c1 coverage constraints: 22v+1079h
c1 formula: 122v, 1333c (1233h+100s)
c1 enumerating rules (maxsat-based)
c1 rule: 'Barium: (0.19..0.55]' => 'Refractive Index: (1.52..+inf)'
c1 rule: 'Calcium: (9.75..+inf)', not 'Magnesium: (-inf..2.89]' => 'Refractive Index: (1.52..+inf)'
c1 rule: 'Calcium: (9.75..+inf)', not 'Silicon: (73.12..+inf)' => 'Refractive Index: (1.52..+inf)'
c1 rule: 'Sodium: (13.8..+inf)', 'Aluminum: (0.82..1.13]' => 'Refractive Index: (1.52..+inf)'
c1 rule: 'Aluminum: (0.82..1.13]', 'Silicon: (-inf..71.95]' => 'Refractive Index: (1.52..+inf)'
c1 rule: 'Sodium: (13.8..+inf)', 'Magnesium: (3.8..+inf)' => 'Refractive Index: (1.52..+inf)'
c1 rule: 'Aluminum: (0.82..1.13]', 'Potassium: (-inf..0.11]' => 'Refractive Index: (1.52..+inf)'
c1 rule: 'Silicon: (71.95..72.35]', 'Potassium: (0.11..0.23]' => 'Refractive Index: (1.52..+inf)'
c1 rule: 'Sodium: (13.47..13.8]', 'Calcium: (8.99..9.75]' => 'Refractive Index: (1.52..+inf)'
c1 rule: 'Silicon: (-inf..71.95]', 'Potassium: (-inf..0.11]' => 'Refractive Index: (1.52..+inf)'
c1 # of rules: 10
c1 rule time: 0.0116

c2 total rules: 28

c0 computing feature 2
c1 computing class: (-inf..12.69]
c1 discrimination constraints: 113h
c1 coverage constraints: 13v+573h
c1 formula: 111v, 833c (735h+98s)
c1 enumerating rules (maxsat-based)
c1 rule: 'Aluminum: (1.63..+inf)', 'Calcium: (9.75..+inf)' => 'Sodium: (-inf..12.69]'
c1 rule: 'Potassium: (0.66..+inf)', 'Calcium: (8.99..9.75]' => 'Sodium: (-inf..12.69]'
c1 rule: 'Magnesium: (-inf..2.89]', 'Potassium: (0.66..+inf)' => 'Sodium: (-inf..12.69]'
c1 rule: 'Aluminum: (0.82..1.13]', 'Potassium: (0.23..0.48]' => 'Sodium: (-inf..12.69]'
c1 rule: 'Magnesium: (2.89..3.4]', 'Silicon: (73.12..+inf)' => 'Sodium: (-inf..12.69]'
c1 rule: 'Silicon: (73.12..+inf)', 'Calcium: (8.99..9.75]' => 'Sodium: (-inf..12.69]'
c1 rule: 'Silicon: (73.12..+inf)', 'Calcium: (8.39..8.64]', not 'Magnesium: (3.4..3.53]' => 'Sodium: (-inf..12.69]'
c1 rule: 'Silicon: (73.12..+inf)', 'Calcium: (8.39..8.64]', not 'Aluminum: (1.13..1.28]' => 'Sodium: (-inf..12.69]'
c1 rule: 'Aluminum: (1.63..+inf)', 'Silicon: (73.12..+inf)', not 'Magnesium: (3.53..3.66]' => 'Sodium: (-inf..12.69]'
c1 rule: 'Magnesium: (3.66..3.8]', 'Calcium: (8.64..8.99]', not 'Potassium: (-inf..0.11]' => 'Sodium: (-inf..12.69]'
c1 rule: 'Silicon: (72.89..73.12]', 'Potassium: (0.48..0.57]', 'Calcium: (8.64..8.99]' => 'Sodium: (-inf..12.69]'
c1 rule: 'Magnesium: (-inf..2.89]', 'Aluminum: (-inf..0.82]', not 'Refractive Index: (-inf..1.52]' => 'Sodium: (-inf..12.69]'
c1 # of rules: 12
c1 rule time: 0.0114

c1 computing class: (12.69..12.93]
c1 discrimination constraints: 102h
c1 coverage constraints: 24v+1057h
c1 formula: 122v, 1306c (1208h+98s)
c1 enumerating rules (maxsat-based)
c1 rule: 'Barium: (0.07..0.1]' => 'Sodium: (12.69..12.93]'
c1 rule: 'Silicon: (73.12..+inf)', not 'Barium: (-inf..0.07]' => 'Sodium: (12.69..12.93]'
c1 rule: 'Calcium: (-inf..8.1]', 'Iron: (0.19..0.25]' => 'Sodium: (12.69..12.93]'
c1 rule: 'Aluminum: (1.44..1.63]', 'Calcium: (8.39..8.64]' => 'Sodium: (12.69..12.93]'
c1 rule: 'Magnesium: (3.4..3.53]', 'Iron: (0.25..0.3]' => 'Sodium: (12.69..12.93]'
c1 rule: 'Silicon: (72.89..73.12]', 'Iron: (0.25..0.3]' => 'Sodium: (12.69..12.93]'
c1 rule: 'Magnesium: (3.53..3.66]', 'Iron: (0.14..0.19]', not 'Aluminum: (0.82..1.13]' => 'Sodium: (12.69..12.93]'
c1 rule: 'Aluminum: (0.82..1.13]', 'Potassium: (0.57..0.66]', 'Iron: (-inf..0.09]' => 'Sodium: (12.69..12.93]'
c1 rule: 'Magnesium: (3.53..3.66]', 'Potassium: (0.57..0.66]', 'Calcium: (8.64..8.99]' => 'Sodium: (12.69..12.93]'
c1 rule: 'Magnesium: (3.4..3.53]', 'Aluminum: (1.13..1.28]', not 'Potassium: (0.48..0.57]' => 'Sodium: (12.69..12.93]'
c1 rule: 'Magnesium: (3.4..3.53]', 'Aluminum: (1.13..1.28]', not 'Silicon: (72.66..72.89]' => 'Sodium: (12.69..12.93]'
c1 rule: 'Aluminum: (1.28..1.44]', 'Silicon: (72.89..73.12]', not 'Potassium: (0.48..0.57]' => 'Sodium: (12.69..12.93]'
c1 rule: 'Magnesium: (3.53..3.66]', 'Aluminum: (1.13..1.28]', 'Silicon: (73.12..+inf)' => 'Sodium: (12.69..12.93]'
c1 rule: 'Magnesium: (3.53..3.66]', 'Silicon: (73.12..+inf)', not 'Aluminum: (1.28..1.44]' => 'Sodium: (12.69..12.93]'
c1 rule: 'Aluminum: (1.44..1.63]', 'Silicon: (72.89..73.12]', 'Potassium: (0.57..0.66]' => 'Sodium: (12.69..12.93]'
c1 rule: 'Aluminum: (1.63..+inf)', 'Potassium: (0.66..+inf)', not 'Silicon: (73.12..+inf)' => 'Sodium: (12.69..12.93]'
c1 rule: 'Magnesium: (3.4..3.53]', 'Aluminum: (1.44..1.63]', 'Silicon: (72.89..73.12]' => 'Sodium: (12.69..12.93]'
c1 rule: 'Aluminum: (1.44..1.63]', 'Silicon: (73.12..+inf)', 'Potassium: (0.57..0.66]' => 'Sodium: (12.69..12.93]'
c1 rule: 'Magnesium: (3.4..3.53]', 'Silicon: (72.89..73.12]', not 'Aluminum: (0.82..1.13]' => 'Sodium: (12.69..12.93]'
c1 # of rules: 19
c1 rule time: 0.0165

c1 computing class: (12.93..13.22]
c1 discrimination constraints: 101h
c1 coverage constraints: 25v+1101h
c1 formula: 123v, 1349c (1251h+98s)
c1 enumerating rules (maxsat-based)
c1 rule: 'Iron: (0.3..+inf)' => 'Sodium: (12.93..13.22]'
c1 rule: 'Aluminum: (1.44..1.63]', 'Potassium: (-inf..0.11]' => 'Sodium: (12.93..13.22]'
c1 rule: 'Potassium: (0.57..0.66]', 'Calcium: (8.99..9.75]' => 'Sodium: (12.93..13.22]'
c1 rule: 'Silicon: (72.89..73.12]', 'Calcium: (8.99..9.75]' => 'Sodium: (12.93..13.22]'
c1 rule: 'Aluminum: (0.82..1.13]', 'Potassium: (0.48..0.57]' => 'Sodium: (12.93..13.22]'
c1 rule: 'Magnesium: (3.66..3.8]', 'Potassium: (0.48..0.57]' => 'Sodium: (12.93..13.22]'
c1 rule: 'Magnesium: (2.89..3.4]', 'Aluminum: (1.28..1.44]' => 'Sodium: (12.93..13.22]'
c1 rule: 'Magnesium: (2.89..3.4]', 'Calcium: (8.39..8.64]' => 'Sodium: (12.93..13.22]'
c1 rule: 'Magnesium: (3.53..3.66]', 'Calcium: (9.75..+inf)' => 'Sodium: (12.93..13.22]'
c1 rule: 'Silicon: (72.89..73.12]', 'Potassium: (0.66..+inf)' => 'Sodium: (12.93..13.22]'
c1 rule: 'Silicon: (72.89..73.12]', 'Iron: (0.09..0.14]' => 'Sodium: (12.93..13.22]'
c1 rule: 'Magnesium: (3.8..+inf)', 'Calcium: (8.39..8.64]' => 'Sodium: (12.93..13.22]'
c1 rule: 'Aluminum: (1.63..+inf)', 'Calcium: (8.1..8.39]' => 'Sodium: (12.93..13.22]'
c1 rule: 'Calcium: (8.64..8.99]', 'Iron: (0.14..0.19]' => 'Sodium: (12.93..13.22]'
c1 rule: 'Aluminum: (1.63..+inf)', 'Silicon: (72.66..72.89]' => 'Sodium: (12.93..13.22]'
c1 rule: 'Magnesium: (2.89..3.4]', 'Iron: (0.19..0.25]', not 'Silicon: (73.12..+inf)' => 'Sodium: (12.93..13.22]'
c1 rule: 'Silicon: (72.66..72.89]', 'Calcium: (-inf..8.1]', not 'Magnesium: (3.53..3.66]' => 'Sodium: (12.93..13.22]'
c1 rule: 'Magnesium: (3.4..3.53]', 'Silicon: (72.66..72.89]', not 'Potassium: (0.48..0.57]' => 'Sodium: (12.93..13.22]'
c1 rule: 'Magnesium: (3.66..3.8]', 'Calcium: (9.75..+inf)', 'Iron: (-inf..0.09]' => 'Sodium: (12.93..13.22]'
c1 rule: 'Silicon: (72.35..72.66]', 'Calcium: (8.39..8.64]', not 'Magnesium: (3.66..3.8]' => 'Sodium: (12.93..13.22]'
c1 # of rules: 20
c1 rule time: 0.0165

c1 computing class: (13.22..13.47]
c1 discrimination constraints: 99h
c1 coverage constraints: 27v+1189h
c1 formula: 125v, 1435c (1337h+98s)
c1 enumerating rules (maxsat-based)
c1 rule: 'Magnesium: (3.66..3.8]', 'Calcium: (8.39..8.64]' => 'Sodium: (13.22..13.47]'
c1 rule: 'Magnesium: (3.8..+inf)', 'Silicon: (72.66..72.89]' => 'Sodium: (13.22..13.47]'
c1 rule: 'Potassium: (0.48..0.57]', 'Calcium: (-inf..8.1]' => 'Sodium: (13.22..13.47]'
c1 rule: 'Aluminum: (1.13..1.28]', 'Potassium: (0.66..+inf)' => 'Sodium: (13.22..13.47]'
c1 rule: 'Potassium: (0.66..+inf)', 'Calcium: (8.1..8.39]' => 'Sodium: (13.22..13.47]'
c1 rule: 'Silicon: (72.66..72.89]', 'Iron: (0.09..0.14]' => 'Sodium: (13.22..13.47]'
c1 rule: 'Magnesium: (2.89..3.4]', 'Calcium: (8.1..8.39]' => 'Sodium: (13.22..13.47]'
c1 rule: 'Magnesium: (3.8..+inf)', 'Aluminum: (1.28..1.44]' => 'Sodium: (13.22..13.47]'
c1 rule: 'Silicon: (71.95..72.35]', 'Calcium: (8.39..8.64]' => 'Sodium: (13.22..13.47]'
c1 rule: 'Silicon: (72.35..72.66]', 'Iron: (0.25..0.3]' => 'Sodium: (13.22..13.47]'
c1 rule: 'Silicon: (72.66..72.89]', 'Potassium: (0.23..0.48]', not 'Aluminum: (1.28..1.44]' => 'Sodium: (13.22..13.47]'
c1 rule: 'Potassium: (0.23..0.48]', 'Calcium: (-inf..8.1]', not 'Magnesium: (3.53..3.66]' => 'Sodium: (13.22..13.47]'
c1 rule: 'Aluminum: (1.13..1.28]', 'Silicon: (72.89..73.12]', 'Calcium: (8.1..8.39]' => 'Sodium: (13.22..13.47]'
c1 rule: 'Aluminum: (1.13..1.28]', 'Calcium: (8.1..8.39]', not 'Magnesium: (3.53..3.66]' => 'Sodium: (13.22..13.47]'
c1 rule: 'Aluminum: (1.13..1.28]', 'Silicon: (72.35..72.66]', not 'Potassium: (0.57..0.66]' => 'Sodium: (13.22..13.47]'
c1 rule: 'Aluminum: (1.28..1.44]', 'Potassium: (0.57..0.66]', 'Calcium: (-inf..8.1]' => 'Sodium: (13.22..13.47]'
c1 rule: 'Magnesium: (3.4..3.53]', 'Aluminum: (1.13..1.28]', 'Silicon: (72.66..72.89]' => 'Sodium: (13.22..13.47]'
c1 rule: 'Silicon: (72.66..72.89]', 'Calcium: (8.1..8.39]', not 'Potassium: (0.57..0.66]' => 'Sodium: (13.22..13.47]'
c1 rule: 'Magnesium: (2.89..3.4]', 'Aluminum: (1.44..1.63]', not 'Silicon: (-inf..71.95]' => 'Sodium: (13.22..13.47]'
c1 # of rules: 19
c1 rule time: 0.0177

c1 computing class: (13.47..13.8]
c1 discrimination constraints: 103h
c1 coverage constraints: 23v+1013h
c1 formula: 121v, 1263c (1165h+98s)
c1 enumerating rules (maxsat-based)
c1 rule: 'Barium: (0.19..0.55]' => 'Sodium: (13.47..13.8]'
c1 rule: 'Barium: (0.14..0.19]' => 'Sodium: (13.47..13.8]'
c1 rule: 'Magnesium: (3.53..3.66]', 'Potassium: (-inf..0.11]' => 'Sodium: (13.47..13.8]'
c1 rule: 'Magnesium: (3.66..3.8]', 'Iron: (0.14..0.19]' => 'Sodium: (13.47..13.8]'
c1 rule: 'Refractive Index: (-inf..1.52]', 'Calcium: (9.75..+inf)' => 'Sodium: (13.47..13.8]'
c1 rule: 'Silicon: (-inf..71.95]', 'Calcium: (8.1..8.39]' => 'Sodium: (13.47..13.8]'
c1 rule: 'Magnesium: (2.89..3.4]', 'Aluminum: (-inf..0.82]' => 'Sodium: (13.47..13.8]'
c1 rule: 'Silicon: (71.95..72.35]', 'Potassium: (0.23..0.48]' => 'Sodium: (13.47..13.8]'
c1 rule: 'Silicon: (71.95..72.35]', 'Calcium: (-inf..8.1]' => 'Sodium: (13.47..13.8]'
c1 rule: 'Potassium: (0.48..0.57]', not 'Refractive Index: (-inf..1.52]' => 'Sodium: (13.47..13.8]'
c1 rule: 'Calcium: (8.64..8.99]', not 'Refractive Index: (-inf..1.52]' => 'Sodium: (13.47..13.8]'
c1 rule: 'Aluminum: (1.28..1.44]', 'Calcium: (9.75..+inf)' => 'Sodium: (13.47..13.8]'
c1 rule: 'Silicon: (72.35..72.66]', 'Potassium: (0.11..0.23]' => 'Sodium: (13.47..13.8]'
c1 rule: 'Silicon: (72.89..73.12]', 'Calcium: (-inf..8.1]', not 'Magnesium: (3.53..3.66]' => 'Sodium: (13.47..13.8]'
c1 rule: not 'Refractive Index: (-inf..1.52]', not 'Calcium: (9.75..+inf)', not 'Iron: (-inf..0.09]' => 'Sodium: (13.47..13.8]'
c1 rule: 'Silicon: (-inf..71.95]', 'Calcium: (8.64..8.99]', 'Barium: (-inf..0.07]' => 'Sodium: (13.47..13.8]'
c1 rule: 'Magnesium: (3.4..3.53]', 'Aluminum: (1.44..1.63]', 'Calcium: (8.64..8.99]' => 'Sodium: (13.47..13.8]'
c1 rule: 'Potassium: (0.11..0.23]', 'Calcium: (8.99..9.75]', not 'Aluminum: (0.82..1.13]' => 'Sodium: (13.47..13.8]'
c1 rule: 'Potassium: (0.11..0.23]', 'Calcium: (8.99..9.75]', not 'Silicon: (-inf..71.95]' => 'Sodium: (13.47..13.8]'
c1 rule: 'Silicon: (71.95..72.35]', 'Potassium: (0.57..0.66]', not 'Magnesium: (3.53..3.66]' => 'Sodium: (13.47..13.8]'
c1 rule: 'Magnesium: (3.53..3.66]', 'Potassium: (0.23..0.48]', not 'Silicon: (72.66..72.89]' => 'Sodium: (13.47..13.8]'
c1 # of rules: 21
c1 rule time: 0.0168

c1 computing class: (13.8..+inf)
c1 discrimination constraints: 112h
c1 coverage constraints: 14v+617h
c1 formula: 112v, 876c (778h+98s)
c1 enumerating rules (maxsat-based)
c1 rule: 'Magnesium: (3.53..3.66]', 'Silicon: (-inf..71.95]' => 'Sodium: (13.8..+inf)'
c1 rule: 'Aluminum: (-inf..0.82]', 'Iron: (0.09..0.14]' => 'Sodium: (13.8..+inf)'
c1 rule: 'Aluminum: (1.63..+inf)', 'Potassium: (0.11..0.23]' => 'Sodium: (13.8..+inf)'
c1 rule: 'Iron: (-inf..0.09]', not 'Barium: (-inf..0.07]' => 'Sodium: (13.8..+inf)'
c1 rule: 'Silicon: (72.66..72.89]', not 'Refractive Index: (-inf..1.52]' => 'Sodium: (13.8..+inf)'
c1 rule: 'Aluminum: (1.44..1.63]', not 'Refractive Index: (-inf..1.52]' => 'Sodium: (13.8..+inf)'
c1 rule: 'Aluminum: (1.13..1.28]', not 'Refractive Index: (-inf..1.52]' => 'Sodium: (13.8..+inf)'
c1 rule: 'Aluminum: (1.13..1.28]', 'Potassium: (-inf..0.11]' => 'Sodium: (13.8..+inf)'
c1 rule: 'Magnesium: (3.66..3.8]', 'Calcium: (8.99..9.75]', not 'Potassium: (0.11..0.23]' => 'Sodium: (13.8..+inf)'
c1 rule: 'Magnesium: (3.8..+inf)', 'Potassium: (-inf..0.11]', not 'Calcium: (8.64..8.99]' => 'Sodium: (13.8..+inf)'
c1 rule: 'Potassium: (0.23..0.48]', not 'Magnesium: (-inf..2.89]', not 'Aluminum: (1.44..1.63]' => 'Sodium: (13.8..+inf)'
c1 rule: 'Silicon: (71.95..72.35]', 'Calcium: (8.1..8.39]', not 'Iron: (0.09..0.14]' => 'Sodium: (13.8..+inf)'
c1 rule: 'Magnesium: (3.8..+inf)', 'Aluminum: (0.82..1.13]', not 'Calcium: (8.64..8.99]', not 'Iron: (0.09..0.14]' => 'Sodium: (13.8..+inf)'
c1 # of rules: 13
c1 rule time: 0.0136

c2 total rules: 104

c0 computing feature 3
c1 computing class: (-inf..2.89]
c1 discrimination constraints: 109h
c1 coverage constraints: 17v+749h
c1 formula: 115v, 1005c (907h+98s)
c1 enumerating rules (maxsat-based)
c1 rule: 'Barium: (0.19..0.55]' => 'Magnesium: (-inf..2.89]'
c1 rule: 'Sodium: (13.22..13.47]', 'Calcium: (8.99..9.75]' => 'Magnesium: (-inf..2.89]'
c1 rule: 'Aluminum: (-inf..0.82]', 'Silicon: (73.12..+inf)' => 'Magnesium: (-inf..2.89]'
c1 rule: 'Aluminum: (1.44..1.63]', not 'Refractive Index: (-inf..1.52]' => 'Magnesium: (-inf..2.89]'
c1 rule: 'Aluminum: (1.28..1.44]', not 'Refractive Index: (-inf..1.52]' => 'Magnesium: (-inf..2.89]'
c1 rule: not 'Refractive Index: (-inf..1.52]', not 'Barium: (-inf..0.07]' => 'Magnesium: (-inf..2.89]'
c1 rule: 'Barium: (0.1..0.14]', not 'Iron: (-inf..0.09]' => 'Magnesium: (-inf..2.89]'
c1 rule: 'Sodium: (-inf..12.69]', 'Potassium: (0.66..+inf)' => 'Magnesium: (-inf..2.89]'
c1 rule: 'Sodium: (-inf..12.69]', 'Calcium: (8.99..9.75]' => 'Magnesium: (-inf..2.89]'
c1 rule: 'Sodium: (-inf..12.69]', not 'Refractive Index: (-inf..1.52]' => 'Magnesium: (-inf..2.89]'
c1 rule: 'Aluminum: (1.28..1.44]', 'Calcium: (8.99..9.75]' => 'Magnesium: (-inf..2.89]'
c1 rule: 'Silicon: (72.66..72.89]', 'Calcium: (8.99..9.75]' => 'Magnesium: (-inf..2.89]'
c1 rule: 'Silicon: (72.66..72.89]', not 'Refractive Index: (-inf..1.52]' => 'Magnesium: (-inf..2.89]'
c1 # of rules: 13
c1 rule time: 0.0115

c1 computing class: (2.89..3.4]
c1 discrimination constraints: 112h
c1 coverage constraints: 14v+617h
c1 formula: 112v, 876c (778h+98s)
c1 enumerating rules (maxsat-based)
c1 rule: 'Aluminum: (1.13..1.28]', 'Silicon: (-inf..71.95]' => 'Magnesium: (2.89..3.4]'
c1 rule: 'Sodium: (13.22..13.47]', 'Calcium: (8.64..8.99]' => 'Magnesium: (2.89..3.4]'
c1 rule: 'Calcium: (8.64..8.99]', 'Iron: (0.14..0.19]' => 'Magnesium: (2.89..3.4]'
c1 rule: 'Sodium: (12.93..13.22]', 'Iron: (0.19..0.25]' => 'Magnesium: (2.89..3.4]'
c1 rule: 'Potassium: (0.57..0.66]', 'Iron: (0.09..0.14]' => 'Magnesium: (2.89..3.4]'
c1 rule: 'Sodium: (13.22..13.47]', 'Silicon: (72.89..73.12]', not 'Aluminum: (1.13..1.28]' => 'Magnesium: (2.89..3.4]'
c1 rule: 'Aluminum: (1.13..1.28]', 'Silicon: (72.66..72.89]', 'Potassium: (0.57..0.66]' => 'Magnesium: (2.89..3.4]'
c1 rule: 'Potassium: (0.48..0.57]', 'Calcium: (8.64..8.99]', not 'Aluminum: (1.28..1.44]' => 'Magnesium: (2.89..3.4]'
c1 rule: 'Sodium: (-inf..12.69]', 'Calcium: (8.64..8.99]', not 'Silicon: (72.89..73.12]' => 'Magnesium: (2.89..3.4]'
c1 rule: 'Sodium: (13.47..13.8]', 'Aluminum: (1.13..1.28]', 'Calcium: (8.64..8.99]' => 'Magnesium: (2.89..3.4]'
c1 rule: 'Sodium: (12.93..13.22]', 'Aluminum: (1.28..1.44]', 'Silicon: (72.66..72.89]' => 'Magnesium: (2.89..3.4]'
c1 rule: 'Silicon: (-inf..71.95]', 'Calcium: (9.75..+inf)', 'Iron: (-inf..0.09]' => 'Magnesium: (2.89..3.4]'
c1 rule: 'Sodium: (12.93..13.22]', 'Aluminum: (1.13..1.28]', 'Potassium: (0.48..0.57]', 'Calcium: (8.39..8.64]' => 'Magnesium: (2.89..3.4]'
c1 # of rules: 13
c1 rule time: 0.0148

c1 computing class: (3.4..3.53]
c1 discrimination constraints: 96h
c1 coverage constraints: 30v+1321h
c1 formula: 128v, 1564c (1466h+98s)
c1 enumerating rules (maxsat-based)
c1 rule: 'Iron: (0.3..+inf)' => 'Magnesium: (3.4..3.53]'
c1 rule: 'Barium: (0.07..0.1]' => 'Magnesium: (3.4..3.53]'
c1 rule: 'Sodium: (12.69..12.93]', 'Aluminum: (0.82..1.13]' => 'Magnesium: (3.4..3.53]'
c1 rule: 'Aluminum: (1.44..1.63]', 'Iron: (0.19..0.25]' => 'Magnesium: (3.4..3.53]'
c1 rule: 'Potassium: (-inf..0.11]', 'Calcium: (8.1..8.39]' => 'Magnesium: (3.4..3.53]'
c1 rule: 'Sodium: (13.22..13.47]', 'Silicon: (73.12..+inf)' => 'Magnesium: (3.4..3.53]'
c1 rule: 'Aluminum: (1.44..1.63]', 'Silicon: (73.12..+inf)' => 'Magnesium: (3.4..3.53]'
c1 rule: 'Silicon: (71.95..72.35]', 'Calcium: (8.39..8.64]' => 'Magnesium: (3.4..3.53]'
c1 rule: 'Sodium: (-inf..12.69]', 'Calcium: (-inf..8.1]' => 'Magnesium: (3.4..3.53]'
c1 rule: 'Calcium: (-inf..8.1]', 'Iron: (0.19..0.25]' => 'Magnesium: (3.4..3.53]'
c1 rule: 'Sodium: (12.69..12.93]', 'Potassium: (0.66..+inf)' => 'Magnesium: (3.4..3.53]'
c1 rule: 'Aluminum: (1.13..1.28]', 'Iron: (0.25..0.3]' => 'Magnesium: (3.4..3.53]'
c1 rule: 'Sodium: (12.69..12.93]', 'Potassium: (0.23..0.48]' => 'Magnesium: (3.4..3.53]'
c1 rule: 'Barium: (0.1..0.14]', not 'Silicon: (73.12..+inf)' => 'Magnesium: (3.4..3.53]'
c1 rule: 'Silicon: (72.35..72.66]', 'Iron: (0.14..0.19]' => 'Magnesium: (3.4..3.53]'
c1 rule: 'Aluminum: (1.63..+inf)', 'Calcium: (8.1..8.39]' => 'Magnesium: (3.4..3.53]'
c1 rule: 'Sodium: (12.69..12.93]', 'Potassium: (0.48..0.57]', 'Iron: (-inf..0.09]' => 'Magnesium: (3.4..3.53]'
c1 rule: 'Silicon: (73.12..+inf)', 'Calcium: (8.39..8.64]', not 'Sodium: (-inf..12.69]' => 'Magnesium: (3.4..3.53]'
c1 rule: 'Sodium: (-inf..12.69]', 'Potassium: (0.48..0.57]', 'Calcium: (8.39..8.64]' => 'Magnesium: (3.4..3.53]'
c1 rule: 'Sodium: (12.93..13.22]', 'Potassium: (0.66..+inf)', not 'Silicon: (72.89..73.12]' => 'Magnesium: (3.4..3.53]'
c1 rule: 'Sodium: (12.93..13.22]', 'Aluminum: (1.44..1.63]', not 'Calcium: (-inf..8.1]' => 'Magnesium: (3.4..3.53]'
c1 rule: 'Sodium: (12.69..12.93]', 'Silicon: (72.89..73.12]', 'Calcium: (8.64..8.99]' => 'Magnesium: (3.4..3.53]'
c1 rule: 'Aluminum: (1.13..1.28]', 'Silicon: (72.66..72.89]', 'Calcium: (8.39..8.64]' => 'Magnesium: (3.4..3.53]'
c1 rule: 'Aluminum: (1.28..1.44]', 'Silicon: (72.66..72.89]', 'Calcium: (8.1..8.39]' => 'Magnesium: (3.4..3.53]'
c1 rule: 'Aluminum: (1.44..1.63]', 'Potassium: (0.57..0.66]', 'Calcium: (8.64..8.99]' => 'Magnesium: (3.4..3.53]'
c1 rule: 'Silicon: (72.35..72.66]', 'Calcium: (8.39..8.64]', not 'Sodium: (13.22..13.47]', not 'Aluminum: (1.13..1.28]' => 'Magnesium: (3.4..3.53]'
c1 # of rules: 26
c1 rule time: 0.0238

c1 computing class: (3.53..3.66]
c1 discrimination constraints: 87h
c1 coverage constraints: 39v+1717h
c1 formula: 137v, 1951c (1853h+98s)
c1 enumerating rules (maxsat-based)
c1 rule: 'Barium: (0.14..0.19]' => 'Magnesium: (3.53..3.66]'
c1 rule: 'Aluminum: (0.82..1.13]', 'Silicon: (72.35..72.66]' => 'Magnesium: (3.53..3.66]'
c1 rule: 'Sodium: (13.47..13.8]', 'Silicon: (72.35..72.66]' => 'Magnesium: (3.53..3.66]'
c1 rule: 'Silicon: (72.89..73.12]', 'Potassium: (0.66..+inf)' => 'Magnesium: (3.53..3.66]'
c1 rule: 'Aluminum: (1.13..1.28]', 'Potassium: (0.66..+inf)' => 'Magnesium: (3.53..3.66]'
c1 rule: 'Sodium: (13.22..13.47]', 'Potassium: (0.66..+inf)' => 'Magnesium: (3.53..3.66]'
c1 rule: 'Potassium: (0.48..0.57]', 'Calcium: (-inf..8.1]' => 'Magnesium: (3.53..3.66]'
c1 rule: 'Calcium: (-inf..8.1]', 'Iron: (0.25..0.3]' => 'Magnesium: (3.53..3.66]'
c1 rule: 'Silicon: (72.89..73.12]', 'Potassium: (-inf..0.11]' => 'Magnesium: (3.53..3.66]'
c1 rule: 'Silicon: (72.66..72.89]', 'Iron: (0.09..0.14]' => 'Magnesium: (3.53..3.66]'
c1 rule: 'Barium: (0.55..+inf)', not 'Aluminum: (1.63..+inf)' => 'Magnesium: (3.53..3.66]'
c1 rule: 'Potassium: (0.11..0.23]', 'Iron: (0.14..0.19]' => 'Magnesium: (3.53..3.66]'
c1 rule: 'Sodium: (12.69..12.93]', 'Silicon: (72.66..72.89]' => 'Magnesium: (3.53..3.66]'
c1 rule: 'Sodium: (13.8..+inf)', 'Calcium: (8.1..8.39]' => 'Magnesium: (3.53..3.66]'
c1 rule: 'Aluminum: (0.82..1.13]', 'Iron: (0.14..0.19]' => 'Magnesium: (3.53..3.66]'
c1 rule: 'Sodium: (12.69..12.93]', 'Iron: (0.14..0.19]' => 'Magnesium: (3.53..3.66]'
c1 rule: 'Silicon: (72.66..72.89]', 'Potassium: (0.23..0.48]' => 'Magnesium: (3.53..3.66]'
c1 rule: 'Calcium: (8.39..8.64]', 'Iron: (0.09..0.14]' => 'Magnesium: (3.53..3.66]'
c1 rule: 'Aluminum: (1.44..1.63]', 'Silicon: (72.35..72.66]' => 'Magnesium: (3.53..3.66]'
c1 rule: 'Potassium: (-inf..0.11]', 'Calcium: (8.99..9.75]', not 'Aluminum: (-inf..0.82]' => 'Magnesium: (3.53..3.66]'
c1 rule: 'Sodium: (13.22..13.47]', 'Aluminum: (1.44..1.63]', 'Silicon: (72.66..72.89]' => 'Magnesium: (3.53..3.66]'
c1 rule: 'Silicon: (72.66..72.89]', 'Calcium: (-inf..8.1]', not 'Potassium: (0.66..+inf)' => 'Magnesium: (3.53..3.66]'
c1 rule: 'Aluminum: (1.63..+inf)', 'Silicon: (72.66..72.89]', 'Potassium: (0.48..0.57]' => 'Magnesium: (3.53..3.66]'
c1 rule: 'Sodium: (12.69..12.93]', 'Aluminum: (1.63..+inf)', not 'Potassium: (0.66..+inf)' => 'Magnesium: (3.53..3.66]'
c1 rule: 'Sodium: (12.69..12.93]', 'Silicon: (72.35..72.66]', 'Potassium: (0.57..0.66]' => 'Magnesium: (3.53..3.66]'
c1 rule: 'Silicon: (72.89..73.12]', 'Calcium: (-inf..8.1]', not 'Potassium: (0.57..0.66]' => 'Magnesium: (3.53..3.66]'
c1 rule: 'Sodium: (12.69..12.93]', 'Calcium: (8.1..8.39]', not 'Silicon: (72.89..73.12]' => 'Magnesium: (3.53..3.66]'
c1 rule: 'Sodium: (12.69..12.93]', 'Calcium: (8.1..8.39]', not 'Potassium: (0.23..0.48]' => 'Magnesium: (3.53..3.66]'
c1 rule: 'Sodium: (13.22..13.47]', 'Aluminum: (1.13..1.28]', 'Silicon: (72.89..73.12]' => 'Magnesium: (3.53..3.66]'
c1 rule: 'Sodium: (-inf..12.69]', 'Aluminum: (1.28..1.44]', not 'Silicon: (73.12..+inf)' => 'Magnesium: (3.53..3.66]'
c1 rule: 'Silicon: (72.89..73.12]', 'Calcium: (8.39..8.64]', not 'Sodium: (12.69..12.93]', not 'Potassium: (0.48..0.57]' => 'Magnesium: (3.53..3.66]'
c1 rule: 'Sodium: (12.69..12.93]', 'Aluminum: (1.13..1.28]', 'Iron: (-inf..0.09]', not 'Silicon: (73.12..+inf)' => 'Magnesium: (3.53..3.66]'
c1 # of rules: 32
c1 rule time: 0.0333

c1 computing class: (3.66..3.8]
c1 discrimination constraints: 112h
c1 coverage constraints: 14v+617h
c1 formula: 112v, 876c (778h+98s)
c1 enumerating rules (maxsat-based)
c1 rule: 'Silicon: (71.95..72.35]', 'Calcium: (-inf..8.1]' => 'Magnesium: (3.66..3.8]'
c1 rule: 'Silicon: (-inf..71.95]', 'Calcium: (-inf..8.1]' => 'Magnesium: (3.66..3.8]'
c1 rule: 'Aluminum: (-inf..0.82]', 'Iron: (0.09..0.14]' => 'Magnesium: (3.66..3.8]'
c1 rule: 'Aluminum: (-inf..0.82]', 'Iron: (0.14..0.19]' => 'Magnesium: (3.66..3.8]'
c1 rule: 'Sodium: (12.93..13.22]', 'Aluminum: (-inf..0.82]' => 'Magnesium: (3.66..3.8]'
c1 rule: 'Aluminum: (0.82..1.13]', 'Potassium: (0.48..0.57]' => 'Magnesium: (3.66..3.8]'
c1 rule: 'Sodium: (13.47..13.8]', 'Aluminum: (1.13..1.28]', 'Silicon: (72.89..73.12]' => 'Magnesium: (3.66..3.8]'
c1 rule: 'Aluminum: (1.13..1.28]', 'Silicon: (71.95..72.35]', not 'Sodium: (13.47..13.8]' => 'Magnesium: (3.66..3.8]'
c1 rule: 'Sodium: (-inf..12.69]', 'Aluminum: (1.13..1.28]', not 'Iron: (0.19..0.25]' => 'Magnesium: (3.66..3.8]'
c1 rule: 'Silicon: (71.95..72.35]', 'Potassium: (0.11..0.23]', 'Calcium: (8.99..9.75]' => 'Magnesium: (3.66..3.8]'
c1 rule: 'Sodium: (12.93..13.22]', 'Potassium: (0.48..0.57]', 'Calcium: (8.1..8.39]' => 'Magnesium: (3.66..3.8]'
c1 rule: 'Refractive Index: (-inf..1.52]', 'Sodium: (13.8..+inf)', not 'Aluminum: (1.28..1.44]' => 'Magnesium: (3.66..3.8]'
c1 rule: 'Sodium: (13.22..13.47]', 'Silicon: (72.35..72.66]', 'Calcium: (8.39..8.64]' => 'Magnesium: (3.66..3.8]'
c1 # of rules: 13
c1 rule time: 0.0139

c1 computing class: (3.8..+inf)
c1 discrimination constraints: 114h
c1 coverage constraints: 12v+529h
c1 formula: 110v, 790c (692h+98s)
c1 enumerating rules (maxsat-based)
c1 rule: 'Aluminum: (0.82..1.13]', 'Silicon: (-inf..71.95]' => 'Magnesium: (3.8..+inf)'
c1 rule: 'Silicon: (-inf..71.95]', 'Calcium: (8.1..8.39]' => 'Magnesium: (3.8..+inf)'
c1 rule: 'Silicon: (71.95..72.35]', 'Iron: (0.09..0.14]' => 'Magnesium: (3.8..+inf)'
c1 rule: 'Aluminum: (1.13..1.28]', 'Silicon: (72.35..72.66]', 'Calcium: (8.1..8.39]' => 'Magnesium: (3.8..+inf)'
c1 rule: 'Aluminum: (1.13..1.28]', 'Silicon: (72.35..72.66]', 'Calcium: (8.39..8.64]' => 'Magnesium: (3.8..+inf)'
c1 rule: 'Aluminum: (-inf..0.82]', 'Silicon: (-inf..71.95]', not 'Potassium: (-inf..0.11]' => 'Magnesium: (3.8..+inf)'
c1 rule: 'Sodium: (13.22..13.47]', 'Potassium: (0.48..0.57]', 'Calcium: (8.1..8.39]', not 'Silicon: (72.66..72.89]' => 'Magnesium: (3.8..+inf)'
c1 rule: 'Potassium: (0.48..0.57]', 'Calcium: (8.1..8.39]', 'Iron: (-inf..0.09]', not 'Aluminum: (1.28..1.44]' => 'Magnesium: (3.8..+inf)'
c1 # of rules: 8
c1 rule time: 0.0104

c2 total rules: 105

c0 computing feature 4
c1 computing class: (-inf..0.82]
c1 discrimination constraints: 114h
c1 coverage constraints: 12v+529h
c1 formula: 110v, 790c (692h+98s)
c1 enumerating rules (maxsat-based)
c1 rule: 'Barium: (0.14..0.19]' => 'Aluminum: (-inf..0.82]'
c1 rule: 'Silicon: (72.89..73.12]', 'Potassium: (-inf..0.11]' => 'Aluminum: (-inf..0.82]'
c1 rule: 'Sodium: (-inf..12.69]', 'Silicon: (71.95..72.35]' => 'Aluminum: (-inf..0.82]'
c1 rule: 'Magnesium: (3.66..3.8]', 'Calcium: (9.75..+inf)' => 'Aluminum: (-inf..0.82]'
c1 rule: 'Refractive Index: (-inf..1.52]', 'Calcium: (9.75..+inf)' => 'Aluminum: (-inf..0.82]'
c1 rule: 'Sodium: (13.8..+inf)', 'Calcium: (8.99..9.75]', not 'Magnesium: (3.8..+inf)' => 'Aluminum: (-inf..0.82]'
c1 rule: 'Sodium: (13.8..+inf)', 'Calcium: (8.99..9.75]', not 'Potassium: (0.11..0.23]' => 'Aluminum: (-inf..0.82]'
c1 rule: 'Sodium: (13.47..13.8]', 'Potassium: (-inf..0.11]', 'Calcium: (9.75..+inf)' => 'Aluminum: (-inf..0.82]'
c1 rule: 'Sodium: (13.47..13.8]', 'Magnesium: (3.8..+inf)', 'Potassium: (0.11..0.23]', not 'Iron: (0.09..0.14]' => 'Aluminum: (-inf..0.82]'
c1 # of rules: 9
c1 rule time: 0.0097

c1 computing class: (0.82..1.13]
c1 discrimination constraints: 113h
c1 coverage constraints: 13v+573h
c1 formula: 111v, 833c (735h+98s)
c1 enumerating rules (maxsat-based)
c1 rule: 'Iron: (0.3..+inf)' => 'Aluminum: (0.82..1.13]'
c1 rule: 'Magnesium: (3.53..3.66]', 'Calcium: (8.99..9.75]' => 'Aluminum: (0.82..1.13]'
c1 rule: 'Magnesium: (3.53..3.66]', 'Calcium: (9.75..+inf)' => 'Aluminum: (0.82..1.13]'
c1 rule: 'Silicon: (72.66..72.89]', 'Calcium: (9.75..+inf)' => 'Aluminum: (0.82..1.13]'
c1 rule: 'Potassium: (0.23..0.48]', 'Iron: (0.19..0.25]' => 'Aluminum: (0.82..1.13]'
c1 rule: 'Calcium: (8.64..8.99]', not 'Refractive Index: (-inf..1.52]' => 'Aluminum: (0.82..1.13]'
c1 rule: 'Magnesium: (3.66..3.8]', 'Calcium: (8.99..9.75]', not 'Sodium: (13.8..+inf)' => 'Aluminum: (0.82..1.13]'
c1 rule: 'Silicon: (-inf..71.95]', 'Calcium: (8.99..9.75]', not 'Iron: (-inf..0.09]' => 'Aluminum: (0.82..1.13]'
c1 rule: 'Sodium: (13.8..+inf)', 'Calcium: (8.99..9.75]', not 'Potassium: (-inf..0.11]' => 'Aluminum: (0.82..1.13]'
c1 rule: 'Calcium: (8.1..8.39]', 'Iron: (0.09..0.14]', not 'Sodium: (13.22..13.47]' => 'Aluminum: (0.82..1.13]'
c1 rule: 'Potassium: (0.11..0.23]', 'Calcium: (8.64..8.99]', 'Barium: (-inf..0.07]' => 'Aluminum: (0.82..1.13]'
c1 # of rules: 11
c1 rule time: 0.0106

c1 computing class: (1.13..1.28]
c1 discrimination constraints: 95h
c1 coverage constraints: 31v+1365h
c1 formula: 129v, 1607c (1509h+98s)
c1 enumerating rules (maxsat-based)
c1 rule: 'Barium: (0.07..0.1]' => 'Aluminum: (1.13..1.28]'
c1 rule: 'Magnesium: (3.8..+inf)', 'Silicon: (72.66..72.89]' => 'Aluminum: (1.13..1.28]'
c1 rule: 'Sodium: (13.8..+inf)', 'Magnesium: (2.89..3.4]' => 'Aluminum: (1.13..1.28]'
c1 rule: 'Magnesium: (2.89..3.4]', 'Silicon: (72.35..72.66]' => 'Aluminum: (1.13..1.28]'
c1 rule: 'Magnesium: (3.8..+inf)', 'Potassium: (0.57..0.66]' => 'Aluminum: (1.13..1.28]'
c1 rule: 'Sodium: (13.22..13.47]', 'Calcium: (8.99..9.75]' => 'Aluminum: (1.13..1.28]'
c1 rule: 'Calcium: (8.64..8.99]', 'Iron: (0.25..0.3]' => 'Aluminum: (1.13..1.28]'
c1 rule: 'Sodium: (-inf..12.69]', 'Magnesium: (2.89..3.4]' => 'Aluminum: (1.13..1.28]'
c1 rule: 'Magnesium: (2.89..3.4]', not 'Iron: (-inf..0.09]' => 'Aluminum: (1.13..1.28]'
c1 rule: 'Silicon: (72.35..72.66]', 'Iron: (0.09..0.14]' => 'Aluminum: (1.13..1.28]'
c1 rule: 'Magnesium: (3.66..3.8]', 'Calcium: (8.64..8.99]' => 'Aluminum: (1.13..1.28]'
c1 rule: 'Potassium: (0.48..0.57]', 'Calcium: (-inf..8.1]', not 'Silicon: (72.66..72.89]' => 'Aluminum: (1.13..1.28]'
c1 rule: 'Silicon: (72.89..73.12]', 'Calcium: (-inf..8.1]', not 'Magnesium: (3.53..3.66]' => 'Aluminum: (1.13..1.28]'
c1 rule: 'Sodium: (13.22..13.47]', 'Magnesium: (3.53..3.66]', 'Silicon: (72.89..73.12]' => 'Aluminum: (1.13..1.28]'
c1 rule: 'Sodium: (12.93..13.22]', 'Magnesium: (2.89..3.4]', 'Silicon: (72.89..73.12]' => 'Aluminum: (1.13..1.28]'
c1 rule: 'Sodium: (12.93..13.22]', 'Silicon: (72.66..72.89]', 'Calcium: (8.99..9.75]' => 'Aluminum: (1.13..1.28]'
c1 rule: 'Sodium: (13.22..13.47]', 'Potassium: (0.66..+inf)', not 'Silicon: (72.35..72.66]' => 'Aluminum: (1.13..1.28]'
c1 rule: 'Sodium: (13.22..13.47]', 'Potassium: (0.57..0.66]', 'Calcium: (8.1..8.39]' => 'Aluminum: (1.13..1.28]'
c1 rule: 'Sodium: (12.69..12.93]', 'Potassium: (0.48..0.57]', 'Calcium: (8.1..8.39]' => 'Aluminum: (1.13..1.28]'
c1 rule: 'Sodium: (12.69..12.93]', 'Calcium: (8.1..8.39]', not 'Silicon: (72.89..73.12]' => 'Aluminum: (1.13..1.28]'
c1 rule: 'Silicon: (73.12..+inf)', 'Calcium: (8.39..8.64]', not 'Sodium: (-inf..12.69]' => 'Aluminum: (1.13..1.28]'
c1 rule: 'Silicon: (72.66..72.89]', 'Calcium: (8.1..8.39]', not 'Iron: (-inf..0.09]' => 'Aluminum: (1.13..1.28]'
c1 rule: 'Magnesium: (3.4..3.53]', 'Silicon: (72.66..72.89]', 'Calcium: (8.39..8.64]' => 'Aluminum: (1.13..1.28]'
c1 rule: 'Magnesium: (2.89..3.4]', 'Calcium: (8.64..8.99]', not 'Potassium: (0.48..0.57]' => 'Aluminum: (1.13..1.28]'
c1 rule: 'Sodium: (12.93..13.22]', 'Magnesium: (3.53..3.66]', 'Potassium: (0.57..0.66]', 'Calcium: (8.39..8.64]' => 'Aluminum: (1.13..1.28]'
c1 # of rules: 25
c1 rule time: 0.0224

c1 computing class: (1.28..1.44]
c1 discrimination constraints: 94h
c1 coverage constraints: 32v+1409h
c1 formula: 130v, 1650c (1552h+98s)
c1 enumerating rules (maxsat-based)
c1 rule: 'Barium: (0.1..0.14]' => 'Aluminum: (1.28..1.44]'
c1 rule: 'Barium: (0.55..+inf)', 'Iron: (-inf..0.09]' => 'Aluminum: (1.28..1.44]'
c1 rule: 'Sodium: (-inf..12.69]', 'Potassium: (0.48..0.57]' => 'Aluminum: (1.28..1.44]'
c1 rule: 'Silicon: (72.89..73.12]', 'Calcium: (8.99..9.75]' => 'Aluminum: (1.28..1.44]'
c1 rule: 'Silicon: (71.95..72.35]', 'Iron: (0.09..0.14]' => 'Aluminum: (1.28..1.44]'
c1 rule: 'Magnesium: (-inf..2.89]', 'Iron: (0.09..0.14]' => 'Aluminum: (1.28..1.44]'
c1 rule: 'Sodium: (13.8..+inf)', 'Potassium: (0.48..0.57]' => 'Aluminum: (1.28..1.44]'
c1 rule: 'Sodium: (13.8..+inf)', 'Magnesium: (3.53..3.66]' => 'Aluminum: (1.28..1.44]'
c1 rule: 'Sodium: (-inf..12.69]', 'Magnesium: (3.53..3.66]' => 'Aluminum: (1.28..1.44]'
c1 rule: 'Magnesium: (3.66..3.8]', 'Silicon: (72.35..72.66]' => 'Aluminum: (1.28..1.44]'
c1 rule: 'Silicon: (71.95..72.35]', 'Calcium: (8.39..8.64]' => 'Aluminum: (1.28..1.44]'
c1 rule: 'Potassium: (0.48..0.57]', 'Calcium: (9.75..+inf)' => 'Aluminum: (1.28..1.44]'
c1 rule: 'Silicon: (71.95..72.35]', 'Potassium: (0.23..0.48]' => 'Aluminum: (1.28..1.44]'
c1 rule: 'Calcium: (8.39..8.64]', 'Iron: (0.09..0.14]' => 'Aluminum: (1.28..1.44]'
c1 rule: 'Sodium: (-inf..12.69]', 'Calcium: (8.39..8.64]', not 'Potassium: (0.66..+inf)' => 'Aluminum: (1.28..1.44]'
c1 rule: 'Sodium: (12.93..13.22]', 'Magnesium: (3.4..3.53]', 'Calcium: (8.39..8.64]' => 'Aluminum: (1.28..1.44]'
c1 rule: 'Sodium: (12.69..12.93]', 'Silicon: (72.66..72.89]', not 'Potassium: (0.48..0.57]' => 'Aluminum: (1.28..1.44]'
c1 rule: 'Silicon: (72.66..72.89]', 'Potassium: (0.57..0.66]', 'Calcium: (8.39..8.64]' => 'Aluminum: (1.28..1.44]'
c1 rule: 'Sodium: (13.22..13.47]', 'Magnesium: (3.4..3.53]', 'Potassium: (0.57..0.66]' => 'Aluminum: (1.28..1.44]'
c1 rule: 'Magnesium: (3.4..3.53]', 'Potassium: (0.48..0.57]', not 'Calcium: (8.39..8.64]' => 'Aluminum: (1.28..1.44]'
c1 rule: 'Sodium: (12.69..12.93]', 'Silicon: (72.89..73.12]', 'Potassium: (0.48..0.57]' => 'Aluminum: (1.28..1.44]'
c1 rule: 'Sodium: (12.69..12.93]', 'Silicon: (72.35..72.66]', not 'Magnesium: (3.4..3.53]' => 'Aluminum: (1.28..1.44]'
c1 rule: 'Silicon: (72.35..72.66]', 'Potassium: (0.48..0.57]', 'Iron: (-inf..0.09]', not 'Magnesium: (2.89..3.4]' => 'Aluminum: (1.28..1.44]'
c1 rule: 'Magnesium: (3.4..3.53]', 'Silicon: (72.89..73.12]', 'Calcium: (8.39..8.64]', not 'Iron: (0.19..0.25]' => 'Aluminum: (1.28..1.44]'
c1 # of rules: 24
c1 rule time: 0.0255

c1 computing class: (1.44..1.63]
c1 discrimination constraints: 99h
c1 coverage constraints: 27v+1189h
c1 formula: 125v, 1435c (1337h+98s)
c1 enumerating rules (maxsat-based)
c1 rule: 'Silicon: (72.89..73.12]', 'Potassium: (0.66..+inf)' => 'Aluminum: (1.44..1.63]'
c1 rule: 'Potassium: (0.66..+inf)', 'Calcium: (8.1..8.39]' => 'Aluminum: (1.44..1.63]'
c1 rule: 'Sodium: (12.93..13.22]', 'Calcium: (-inf..8.1]' => 'Aluminum: (1.44..1.63]'
c1 rule: 'Calcium: (-inf..8.1]', 'Iron: (0.25..0.3]' => 'Aluminum: (1.44..1.63]'
c1 rule: 'Magnesium: (3.4..3.53]', 'Potassium: (-inf..0.11]' => 'Aluminum: (1.44..1.63]'
c1 rule: 'Sodium: (13.47..13.8]', 'Magnesium: (3.4..3.53]' => 'Aluminum: (1.44..1.63]'
c1 rule: 'Calcium: (8.39..8.64]', 'Iron: (0.14..0.19]' => 'Aluminum: (1.44..1.63]'
c1 rule: 'Potassium: (0.66..+inf)', 'Calcium: (8.99..9.75]' => 'Aluminum: (1.44..1.63]'
c1 rule: 'Sodium: (13.47..13.8]', 'Calcium: (8.1..8.39]' => 'Aluminum: (1.44..1.63]'
c1 rule: 'Sodium: (13.22..13.47]', 'Potassium: (0.23..0.48]' => 'Aluminum: (1.44..1.63]'
c1 rule: 'Potassium: (0.23..0.48]', 'Iron: (0.14..0.19]' => 'Aluminum: (1.44..1.63]'
c1 rule: 'Potassium: (0.23..0.48]', 'Calcium: (8.1..8.39]' => 'Aluminum: (1.44..1.63]'
c1 rule: 'Silicon: (72.89..73.12]', 'Potassium: (0.23..0.48]' => 'Aluminum: (1.44..1.63]'
c1 rule: 'Silicon: (71.95..72.35]', 'Potassium: (0.48..0.57]', 'Calcium: (8.64..8.99]' => 'Aluminum: (1.44..1.63]'
c1 rule: 'Sodium: (13.47..13.8]', 'Potassium: (0.48..0.57]', not 'Silicon: (71.95..72.35]' => 'Aluminum: (1.44..1.63]'
c1 rule: 'Sodium: (12.69..12.93]', 'Silicon: (72.89..73.12]', 'Calcium: (8.1..8.39]' => 'Aluminum: (1.44..1.63]'
c1 rule: 'Sodium: (13.47..13.8]', 'Magnesium: (3.53..3.66]', 'Potassium: (0.57..0.66]' => 'Aluminum: (1.44..1.63]'
c1 rule: 'Silicon: (72.66..72.89]', 'Potassium: (0.57..0.66]', 'Calcium: (-inf..8.1]' => 'Aluminum: (1.44..1.63]'
c1 rule: 'Potassium: (0.48..0.57]', 'Calcium: (-inf..8.1]', not 'Silicon: (72.89..73.12]' => 'Aluminum: (1.44..1.63]'
c1 rule: 'Magnesium: (3.53..3.66]', 'Silicon: (72.35..72.66]', not 'Calcium: (8.64..8.99]' => 'Aluminum: (1.44..1.63]'
c1 rule: 'Sodium: (12.69..12.93]', 'Calcium: (-inf..8.1]', not 'Magnesium: (3.53..3.66]', not 'Potassium: (0.66..+inf)' => 'Aluminum: (1.44..1.63]'
c1 # of rules: 21
c1 rule time: 0.0170

c1 computing class: (1.63..+inf)
c1 discrimination constraints: 115h
c1 coverage constraints: 11v+485h
c1 formula: 109v, 747c (649h+98s)
c1 enumerating rules (maxsat-based)
c1 rule: 'Barium: (0.19..0.55]' => 'Aluminum: (1.63..+inf)'
c1 rule: 'Silicon: (72.35..72.66]', 'Iron: (0.14..0.19]' => 'Aluminum: (1.63..+inf)'
c1 rule: 'Barium: (0.55..+inf)', not 'Magnesium: (3.53..3.66]' => 'Aluminum: (1.63..+inf)'
c1 rule: 'Silicon: (71.95..72.35]', 'Calcium: (-inf..8.1]' => 'Aluminum: (1.63..+inf)'
c1 rule: 'Potassium: (0.66..+inf)', 'Calcium: (8.39..8.64]' => 'Aluminum: (1.63..+inf)'
c1 rule: 'Sodium: (-inf..12.69]', 'Calcium: (-inf..8.1]' => 'Aluminum: (1.63..+inf)'
c1 rule: 'Calcium: (-inf..8.1]', 'Iron: (0.09..0.14]' => 'Aluminum: (1.63..+inf)'
c1 rule: 'Silicon: (73.12..+inf)', 'Calcium: (-inf..8.1]', not 'Magnesium: (3.4..3.53]' => 'Aluminum: (1.63..+inf)'
c1 rule: 'Magnesium: (3.4..3.53]', 'Silicon: (72.35..72.66]', 'Calcium: (-inf..8.1]' => 'Aluminum: (1.63..+inf)'
c1 rule: 'Sodium: (12.93..13.22]', 'Magnesium: (3.53..3.66]', 'Silicon: (72.66..72.89]', not 'Calcium: (-inf..8.1]' => 'Aluminum: (1.63..+inf)'
c1 # of rules: 10
c1 rule time: 0.0102

c2 total rules: 100

c0 computing feature 5
c1 computing class: (-inf..71.95]
c1 discrimination constraints: 108h
c1 coverage constraints: 18v+793h
c1 formula: 116v, 1048c (950h+98s)
c1 enumerating rules (maxsat-based)
c1 rule: 'Barium: (0.55..+inf)' => 'Silicon: (-inf..71.95]'
c1 rule: 'Iron: (-inf..0.09]', not 'Barium: (-inf..0.07]' => 'Silicon: (-inf..71.95]'
c1 rule: 'Sodium: (13.47..13.8]', 'Calcium: (8.1..8.39]' => 'Silicon: (-inf..71.95]'
c1 rule: 'Aluminum: (1.44..1.63]', not 'Refractive Index: (-inf..1.52]' => 'Silicon: (-inf..71.95]'
c1 rule: 'Calcium: (8.64..8.99]', not 'Refractive Index: (-inf..1.52]' => 'Silicon: (-inf..71.95]'
c1 rule: 'Aluminum: (-inf..0.82]', 'Iron: (0.14..0.19]' => 'Silicon: (-inf..71.95]'
c1 rule: 'Aluminum: (1.63..+inf)', 'Potassium: (0.11..0.23]' => 'Silicon: (-inf..71.95]'
c1 rule: 'Magnesium: (-inf..2.89]', 'Potassium: (0.11..0.23]' => 'Silicon: (-inf..71.95]'
c1 rule: 'Sodium: (13.8..+inf)', 'Potassium: (0.11..0.23]' => 'Silicon: (-inf..71.95]'
c1 rule: 'Sodium: (13.47..13.8]', 'Iron: (0.09..0.14]' => 'Silicon: (-inf..71.95]'
c1 rule: 'Sodium: (13.47..13.8]', 'Magnesium: (3.8..+inf)' => 'Silicon: (-inf..71.95]'
c1 rule: 'Sodium: (13.8..+inf)', not 'Iron: (-inf..0.09]' => 'Silicon: (-inf..71.95]'
c1 rule: 'Magnesium: (2.89..3.4]', not 'Refractive Index: (-inf..1.52]' => 'Silicon: (-inf..71.95]'
c1 rule: 'Magnesium: (3.8..+inf)', 'Calcium: (8.99..9.75]' => 'Silicon: (-inf..71.95]'
c1 rule: 'Sodium: (13.47..13.8]', 'Magnesium: (2.89..3.4]', not 'Aluminum: (1.13..1.28]' => 'Silicon: (-inf..71.95]'
c1 rule: 'Aluminum: (-inf..0.82]', not 'Refractive Index: (-inf..1.52]', not 'Calcium: (9.75..+inf)' => 'Silicon: (-inf..71.95]'
c1 # of rules: 16
c1 rule time: 0.0119

c1 computing class: (71.95..72.35]
c1 discrimination constraints: 108h
c1 coverage constraints: 18v+793h
c1 formula: 116v, 1048c (950h+98s)
c1 enumerating rules (maxsat-based)
c1 rule: 'Barium: (0.19..0.55]' => 'Silicon: (71.95..72.35]'
c1 rule: 'Magnesium: (3.53..3.66]', 'Calcium: (8.99..9.75]' => 'Silicon: (71.95..72.35]'
c1 rule: 'Magnesium: (3.53..3.66]', not 'Refractive Index: (-inf..1.52]' => 'Silicon: (71.95..72.35]'
c1 rule: 'Potassium: (0.48..0.57]', not 'Refractive Index: (-inf..1.52]' => 'Silicon: (71.95..72.35]'
c1 rule: 'Sodium: (12.93..13.22]', not 'Refractive Index: (-inf..1.52]' => 'Silicon: (71.95..72.35]'
c1 rule: 'Sodium: (13.47..13.8]', 'Magnesium: (3.4..3.53]' => 'Silicon: (71.95..72.35]'
c1 rule: 'Sodium: (-inf..12.69]', 'Aluminum: (-inf..0.82]' => 'Silicon: (71.95..72.35]'
c1 rule: 'Sodium: (13.47..13.8]', 'Aluminum: (1.63..+inf)' => 'Silicon: (71.95..72.35]'
c1 rule: 'Sodium: (13.8..+inf)', 'Calcium: (8.1..8.39]' => 'Silicon: (71.95..72.35]'
c1 rule: 'Aluminum: (1.28..1.44]', 'Calcium: (8.1..8.39]', not 'Iron: (-inf..0.09]' => 'Silicon: (71.95..72.35]'
c1 rule: 'Calcium: (9.75..+inf)', 'Iron: (-inf..0.09]', not 'Potassium: (-inf..0.11]' => 'Silicon: (71.95..72.35]'
c1 rule: 'Sodium: (13.47..13.8]', 'Potassium: (0.57..0.66]', not 'Calcium: (-inf..8.1]' => 'Silicon: (71.95..72.35]'
c1 rule: 'Aluminum: (1.44..1.63]', 'Calcium: (8.64..8.99]', not 'Sodium: (13.47..13.8]' => 'Silicon: (71.95..72.35]'
c1 rule: 'Magnesium: (3.66..3.8]', 'Aluminum: (0.82..1.13]', not 'Calcium: (8.1..8.39]' => 'Silicon: (71.95..72.35]'
c1 rule: 'Refractive Index: (-inf..1.52]', 'Sodium: (13.8..+inf)', 'Calcium: (8.99..9.75]' => 'Silicon: (71.95..72.35]'
c1 rule: 'Magnesium: (3.66..3.8]', 'Calcium: (8.64..8.99]', not 'Sodium: (-inf..12.69]' => 'Silicon: (71.95..72.35]'
c1 rule: 'Sodium: (13.22..13.47]', 'Magnesium: (3.4..3.53]', 'Aluminum: (1.28..1.44]', 'Calcium: (8.39..8.64]' => 'Silicon: (71.95..72.35]'
c1 # of rules: 17
c1 rule time: 0.0175

c1 computing class: (72.35..72.66]
c1 discrimination constraints: 108h
c1 coverage constraints: 18v+793h
c1 formula: 116v, 1048c (950h+98s)
c1 enumerating rules (maxsat-based)
c1 rule: 'Barium: (0.14..0.19]' => 'Silicon: (72.35..72.66]'
c1 rule: 'Potassium: (0.57..0.66]', 'Iron: (0.09..0.14]' => 'Silicon: (72.35..72.66]'
c1 rule: 'Magnesium: (3.8..+inf)', 'Potassium: (0.57..0.66]' => 'Silicon: (72.35..72.66]'
c1 rule: 'Sodium: (13.22..13.47]', 'Iron: (0.25..0.3]' => 'Silicon: (72.35..72.66]'
c1 rule: 'Potassium: (0.66..+inf)', 'Calcium: (8.1..8.39]' => 'Silicon: (72.35..72.66]'
c1 rule: 'Sodium: (13.22..13.47]', 'Magnesium: (3.66..3.8]' => 'Silicon: (72.35..72.66]'
c1 rule: 'Magnesium: (3.66..3.8]', 'Aluminum: (1.28..1.44]' => 'Silicon: (72.35..72.66]'
c1 rule: 'Sodium: (13.47..13.8]', 'Magnesium: (3.53..3.66]', 'Potassium: (0.57..0.66]' => 'Silicon: (72.35..72.66]'
c1 rule: 'Refractive Index: (-inf..1.52]', 'Sodium: (13.47..13.8]', 'Aluminum: (0.82..1.13]' => 'Silicon: (72.35..72.66]'
c1 rule: 'Sodium: (12.93..13.22]', 'Magnesium: (3.4..3.53]', 'Aluminum: (1.28..1.44]' => 'Silicon: (72.35..72.66]'
c1 rule: 'Magnesium: (3.8..+inf)', 'Aluminum: (1.28..1.44]', 'Iron: (-inf..0.09]' => 'Silicon: (72.35..72.66]'
c1 rule: 'Sodium: (13.22..13.47]', 'Aluminum: (1.13..1.28]', 'Calcium: (8.64..8.99]' => 'Silicon: (72.35..72.66]'
c1 rule: 'Magnesium: (3.4..3.53]', 'Aluminum: (1.63..+inf)', not 'Potassium: (0.57..0.66]' => 'Silicon: (72.35..72.66]'
c1 rule: 'Aluminum: (1.13..1.28]', 'Iron: (0.09..0.14]', not 'Magnesium: (3.53..3.66]' => 'Silicon: (72.35..72.66]'
c1 rule: 'Aluminum: (1.63..+inf)', 'Calcium: (8.1..8.39]', 'Iron: (0.14..0.19]' => 'Silicon: (72.35..72.66]'
c1 # of rules: 15
c1 rule time: 0.0154

c1 computing class: (72.66..72.89]
c1 discrimination constraints: 102h
c1 coverage constraints: 24v+1057h
c1 formula: 122v, 1306c (1208h+98s)
c1 enumerating rules (maxsat-based)
c1 rule: 'Sodium: (13.22..13.47]', 'Magnesium: (-inf..2.89]' => 'Silicon: (72.66..72.89]'
c1 rule: 'Magnesium: (2.89..3.4]', 'Aluminum: (1.28..1.44]' => 'Silicon: (72.66..72.89]'
c1 rule: 'Magnesium: (-inf..2.89]', 'Aluminum: (1.13..1.28]' => 'Silicon: (72.66..72.89]'
c1 rule: 'Aluminum: (1.13..1.28]', 'Potassium: (0.66..+inf)' => 'Silicon: (72.66..72.89]'
c1 rule: 'Potassium: (0.66..+inf)', 'Calcium: (8.99..9.75]' => 'Silicon: (72.66..72.89]'
c1 rule: 'Aluminum: (1.44..1.63]', 'Calcium: (8.39..8.64]' => 'Silicon: (72.66..72.89]'
c1 rule: 'Magnesium: (2.89..3.4]', 'Iron: (0.14..0.19]' => 'Silicon: (72.66..72.89]'
c1 rule: 'Sodium: (13.8..+inf)', 'Aluminum: (0.82..1.13]', not 'Magnesium: (3.8..+inf)' => 'Silicon: (72.66..72.89]'
c1 rule: 'Sodium: (13.8..+inf)', 'Potassium: (0.23..0.48]', not 'Aluminum: (1.44..1.63]' => 'Silicon: (72.66..72.89]'
c1 rule: 'Sodium: (12.93..13.22]', 'Potassium: (0.66..+inf)', not 'Magnesium: (3.53..3.66]' => 'Silicon: (72.66..72.89]'
c1 rule: 'Magnesium: (3.4..3.53]', 'Aluminum: (1.13..1.28]', not 'Sodium: (12.69..12.93]' => 'Silicon: (72.66..72.89]'
c1 rule: 'Sodium: (13.22..13.47]', 'Magnesium: (3.4..3.53]', 'Calcium: (8.1..8.39]' => 'Silicon: (72.66..72.89]'
c1 rule: 'Aluminum: (1.63..+inf)', 'Calcium: (8.1..8.39]', 'Iron: (-inf..0.09]' => 'Silicon: (72.66..72.89]'
c1 rule: 'Sodium: (13.22..13.47]', 'Magnesium: (3.53..3.66]', 'Aluminum: (1.28..1.44]' => 'Silicon: (72.66..72.89]'
c1 rule: 'Sodium: (13.22..13.47]', 'Magnesium: (3.53..3.66]', 'Iron: (0.09..0.14]' => 'Silicon: (72.66..72.89]'
c1 rule: 'Magnesium: (3.53..3.66]', 'Aluminum: (1.44..1.63]', 'Potassium: (0.48..0.57]' => 'Silicon: (72.66..72.89]'
c1 rule: 'Sodium: (12.93..13.22]', 'Aluminum: (1.44..1.63]', 'Potassium: (0.57..0.66]' => 'Silicon: (72.66..72.89]'
c1 rule: 'Magnesium: (2.89..3.4]', 'Aluminum: (1.13..1.28]', 'Calcium: (8.1..8.39]' => 'Silicon: (72.66..72.89]'
c1 rule: 'Aluminum: (1.63..+inf)', 'Potassium: (0.48..0.57]', 'Barium: (-inf..0.07]' => 'Silicon: (72.66..72.89]'
c1 rule: 'Magnesium: (3.53..3.66]', 'Potassium: (0.23..0.48]', not 'Calcium: (-inf..8.1]' => 'Silicon: (72.66..72.89]'
c1 rule: 'Potassium: (0.48..0.57]', 'Calcium: (8.1..8.39]', 'Iron: (-inf..0.09]', not 'Aluminum: (1.28..1.44]' => 'Silicon: (72.66..72.89]'
c1 # of rules: 21
c1 rule time: 0.0245

c1 computing class: (72.89..73.12]
c1 discrimination constraints: 99h
c1 coverage constraints: 27v+1189h
c1 formula: 125v, 1435c (1337h+98s)
c1 enumerating rules (maxsat-based)
c1 rule: 'Barium: (0.07..0.1]' => 'Silicon: (72.89..73.12]'
c1 rule: 'Iron: (0.3..+inf)' => 'Silicon: (72.89..73.12]'
c1 rule: 'Sodium: (12.69..12.93]', 'Potassium: (0.23..0.48]' => 'Silicon: (72.89..73.12]'
c1 rule: 'Sodium: (12.93..13.22]', 'Iron: (0.19..0.25]' => 'Silicon: (72.89..73.12]'
c1 rule: 'Aluminum: (0.82..1.13]', 'Calcium: (8.1..8.39]' => 'Silicon: (72.89..73.12]'
c1 rule: 'Magnesium: (2.89..3.4]', 'Potassium: (0.23..0.48]' => 'Silicon: (72.89..73.12]'
c1 rule: 'Aluminum: (1.13..1.28]', 'Iron: (0.25..0.3]' => 'Silicon: (72.89..73.12]'
c1 rule: 'Sodium: (-inf..12.69]', 'Magnesium: (3.66..3.8]' => 'Silicon: (72.89..73.12]'
c1 rule: 'Sodium: (12.69..12.93]', 'Aluminum: (0.82..1.13]' => 'Silicon: (72.89..73.12]'
c1 rule: 'Sodium: (12.69..12.93]', 'Iron: (0.25..0.3]' => 'Silicon: (72.89..73.12]'
c1 rule: 'Magnesium: (3.53..3.66]', 'Iron: (0.09..0.14]', not 'Sodium: (13.22..13.47]' => 'Silicon: (72.89..73.12]'
c1 rule: 'Potassium: (0.48..0.57]', 'Calcium: (-inf..8.1]', not 'Aluminum: (1.44..1.63]' => 'Silicon: (72.89..73.12]'
c1 rule: 'Aluminum: (1.13..1.28]', 'Calcium: (-inf..8.1]', not 'Potassium: (0.66..+inf)' => 'Silicon: (72.89..73.12]'
c1 rule: 'Magnesium: (3.53..3.66]', 'Potassium: (0.66..+inf)', not 'Sodium: (13.22..13.47]' => 'Silicon: (72.89..73.12]'
c1 rule: 'Sodium: (12.69..12.93]', 'Calcium: (8.1..8.39]', not 'Aluminum: (1.13..1.28]' => 'Silicon: (72.89..73.12]'
c1 rule: 'Sodium: (12.69..12.93]', 'Magnesium: (3.4..3.53]', 'Calcium: (8.64..8.99]' => 'Silicon: (72.89..73.12]'
c1 rule: 'Sodium: (-inf..12.69]', 'Magnesium: (3.53..3.66]', not 'Potassium: (0.57..0.66]' => 'Silicon: (72.89..73.12]'
c1 rule: 'Sodium: (12.93..13.22]', 'Magnesium: (3.53..3.66]', 'Aluminum: (1.13..1.28]' => 'Silicon: (72.89..73.12]'
c1 rule: 'Aluminum: (1.28..1.44]', 'Calcium: (8.99..9.75]', not 'Iron: (0.19..0.25]' => 'Silicon: (72.89..73.12]'
c1 rule: 'Magnesium: (2.89..3.4]', 'Calcium: (8.39..8.64]', not 'Aluminum: (1.28..1.44]' => 'Silicon: (72.89..73.12]'
c1 rule: 'Magnesium: (3.53..3.66]', 'Potassium: (-inf..0.11]', not 'Aluminum: (0.82..1.13]' => 'Silicon: (72.89..73.12]'
c1 rule: 'Magnesium: (3.53..3.66]', 'Aluminum: (1.13..1.28]', 'Calcium: (8.39..8.64]' => 'Silicon: (72.89..73.12]'
c1 rule: 'Sodium: (13.47..13.8]', 'Potassium: (0.23..0.48]', 'Calcium: (-inf..8.1]' => 'Silicon: (72.89..73.12]'
c1 rule: 'Sodium: (12.69..12.93]', 'Aluminum: (1.28..1.44]', 'Calcium: (8.39..8.64]' => 'Silicon: (72.89..73.12]'
c1 rule: 'Magnesium: (3.53..3.66]', 'Potassium: (0.57..0.66]', 'Calcium: (8.1..8.39]', not 'Sodium: (12.69..12.93]' => 'Silicon: (72.89..73.12]'
c1 # of rules: 25
c1 rule time: 0.0267

c1 computing class: (73.12..+inf)
c1 discrimination constraints: 105h
c1 coverage constraints: 21v+925h
c1 formula: 119v, 1177c (1079h+98s)
c1 enumerating rules (maxsat-based)
c1 rule: 'Sodium: (12.69..12.93]', 'Magnesium: (-inf..2.89]' => 'Silicon: (73.12..+inf)'
c1 rule: 'Aluminum: (1.44..1.63]', 'Iron: (0.19..0.25]' => 'Silicon: (73.12..+inf)'
c1 rule: 'Calcium: (-inf..8.1]', 'Iron: (0.19..0.25]' => 'Silicon: (73.12..+inf)'
c1 rule: 'Potassium: (0.48..0.57]', 'Iron: (0.19..0.25]' => 'Silicon: (73.12..+inf)'
c1 rule: 'Potassium: (0.23..0.48]', 'Iron: (0.19..0.25]' => 'Silicon: (73.12..+inf)'
c1 rule: 'Refractive Index: (-inf..1.52]', 'Calcium: (9.75..+inf)' => 'Silicon: (73.12..+inf)'
c1 rule: 'Magnesium: (-inf..2.89]', 'Calcium: (8.39..8.64]' => 'Silicon: (73.12..+inf)'
c1 rule: 'Sodium: (-inf..12.69]', 'Calcium: (-inf..8.1]' => 'Silicon: (73.12..+inf)'
c1 rule: 'Sodium: (-inf..12.69]', 'Magnesium: (3.4..3.53]' => 'Silicon: (73.12..+inf)'
c1 rule: 'Sodium: (-inf..12.69]', 'Iron: (0.19..0.25]' => 'Silicon: (73.12..+inf)'
c1 rule: 'Sodium: (-inf..12.69]', 'Calcium: (8.39..8.64]' => 'Silicon: (73.12..+inf)'
c1 rule: 'Potassium: (-inf..0.11]', 'Calcium: (8.1..8.39]' => 'Silicon: (73.12..+inf)'
c1 rule: 'Sodium: (12.69..12.93]', 'Potassium: (0.48..0.57]', not 'Calcium: (8.39..8.64]' => 'Silicon: (73.12..+inf)'
c1 rule: 'Magnesium: (3.4..3.53]', 'Potassium: (0.23..0.48]', not 'Calcium: (8.1..8.39]' => 'Silicon: (73.12..+inf)'
c1 rule: 'Sodium: (12.69..12.93]', 'Calcium: (8.1..8.39]', not 'Aluminum: (1.44..1.63]' => 'Silicon: (73.12..+inf)'
c1 rule: 'Magnesium: (3.4..3.53]', 'Calcium: (-inf..8.1]', not 'Potassium: (0.66..+inf)' => 'Silicon: (73.12..+inf)'
c1 rule: 'Magnesium: (3.53..3.66]', 'Aluminum: (1.63..+inf)', 'Potassium: (0.57..0.66]' => 'Silicon: (73.12..+inf)'
c1 rule: 'Sodium: (12.69..12.93]', 'Aluminum: (1.13..1.28]', 'Potassium: (0.48..0.57]' => 'Silicon: (73.12..+inf)'
c1 rule: 'Magnesium: (3.4..3.53]', 'Aluminum: (1.13..1.28]', 'Potassium: (0.57..0.66]', 'Iron: (-inf..0.09]' => 'Silicon: (73.12..+inf)'
c1 # of rules: 19
c1 rule time: 0.0173

c2 total rules: 113

c0 computing feature 6
c1 computing class: (-inf..0.11]
c1 discrimination constraints: 111h
c1 coverage constraints: 15v+661h
c1 formula: 113v, 919c (821h+98s)
c1 enumerating rules (maxsat-based)
c1 rule: 'Aluminum: (-inf..0.82]', 'Silicon: (72.89..73.12]' => 'Potassium: (-inf..0.11]'
c1 rule: 'Sodium: (-inf..12.69]', 'Aluminum: (-inf..0.82]' => 'Potassium: (-inf..0.11]'
c1 rule: 'Aluminum: (-inf..0.82]', 'Iron: (0.14..0.19]' => 'Potassium: (-inf..0.11]'
c1 rule: 'Aluminum: (-inf..0.82]', 'Iron: (0.09..0.14]' => 'Potassium: (-inf..0.11]'
c1 rule: 'Refractive Index: (-inf..1.52]', 'Calcium: (9.75..+inf)' => 'Potassium: (-inf..0.11]'
c1 rule: 'Sodium: (12.93..13.22]', 'Silicon: (73.12..+inf)' => 'Potassium: (-inf..0.11]'
c1 rule: 'Sodium: (13.8..+inf)', 'Aluminum: (-inf..0.82]' => 'Potassium: (-inf..0.11]'
c1 rule: 'Sodium: (13.8..+inf)', 'Magnesium: (2.89..3.4]' => 'Potassium: (-inf..0.11]'
c1 rule: 'Sodium: (13.8..+inf)', 'Aluminum: (1.13..1.28]' => 'Potassium: (-inf..0.11]'
c1 rule: 'Magnesium: (2.89..3.4]', not 'Refractive Index: (-inf..1.52]' => 'Potassium: (-inf..0.11]'
c1 rule: 'Calcium: (8.64..8.99]', not 'Refractive Index: (-inf..1.52]' => 'Potassium: (-inf..0.11]'
c1 rule: 'Aluminum: (0.82..1.13]', 'Silicon: (72.66..72.89]' => 'Potassium: (-inf..0.11]'
c1 rule: 'Magnesium: (3.53..3.66]', 'Calcium: (8.99..9.75]', not 'Sodium: (12.93..13.22]' => 'Potassium: (-inf..0.11]'
c1 # of rules: 13
c1 rule time: 0.0122

c1 computing class: (0.11..0.23]
c1 discrimination constraints: 115h
c1 coverage constraints: 11v+485h
c1 formula: 109v, 747c (649h+98s)
c1 enumerating rules (maxsat-based)
c1 rule: 'Barium: (0.14..0.19]' => 'Potassium: (0.11..0.23]'
c1 rule: 'Silicon: (-inf..71.95]', 'Calcium: (-inf..8.1]' => 'Potassium: (0.11..0.23]'
c1 rule: 'Aluminum: (0.82..1.13]', 'Silicon: (72.35..72.66]' => 'Potassium: (0.11..0.23]'
c1 rule: 'Sodium: (13.47..13.8]', 'Iron: (0.09..0.14]' => 'Potassium: (0.11..0.23]'
c1 rule: 'Sodium: (12.93..13.22]', 'Aluminum: (-inf..0.82]' => 'Potassium: (0.11..0.23]'
c1 rule: 'Magnesium: (3.53..3.66]', 'Calcium: (9.75..+inf)' => 'Potassium: (0.11..0.23]'
c1 rule: 'Magnesium: (3.53..3.66]', 'Silicon: (-inf..71.95]' => 'Potassium: (0.11..0.23]'
c1 rule: 'Sodium: (13.47..13.8]', 'Magnesium: (3.8..+inf)', 'Aluminum: (-inf..0.82]' => 'Potassium: (0.11..0.23]'
c1 rule: 'Magnesium: (3.8..+inf)', 'Aluminum: (0.82..1.13]', not 'Sodium: (13.47..13.8]' => 'Potassium: (0.11..0.23]'
c1 rule: 'Magnesium: (3.66..3.8]', not 'Refractive Index: (-inf..1.52]', not 'Aluminum: (-inf..0.82]' => 'Potassium: (0.11..0.23]'
c1 # of rules: 10
c1 rule time: 0.0092

c1 computing class: (0.23..0.48]
c1 discrimination constraints: 117h
c1 coverage constraints: 9v+397h
c1 formula: 107v, 661c (563h+98s)
c1 enumerating rules (maxsat-based)
c1 rule: 'Sodium: (-inf..12.69]', 'Aluminum: (0.82..1.13]' => 'Potassium: (0.23..0.48]'
c1 rule: 'Sodium: (13.8..+inf)', 'Aluminum: (1.44..1.63]' => 'Potassium: (0.23..0.48]'
c1 rule: 'Sodium: (13.22..13.47]', 'Magnesium: (3.4..3.53]', 'Aluminum: (1.44..1.63]' => 'Potassium: (0.23..0.48]'
c1 rule: 'Magnesium: (2.89..3.4]', 'Silicon: (72.89..73.12]', not 'Aluminum: (1.13..1.28]' => 'Potassium: (0.23..0.48]'
c1 rule: 'Aluminum: (1.28..1.44]', 'Iron: (-inf..0.09]', not 'Refractive Index: (-inf..1.52]' => 'Potassium: (0.23..0.48]'
c1 rule: 'Sodium: (13.47..13.8]', 'Aluminum: (1.44..1.63]', 'Silicon: (72.89..73.12]' => 'Potassium: (0.23..0.48]'
c1 rule: 'Aluminum: (1.44..1.63]', 'Silicon: (72.89..73.12]', not 'Magnesium: (3.53..3.66]' => 'Potassium: (0.23..0.48]'
c1 rule: 'Aluminum: (1.28..1.44]', 'Calcium: (-inf..8.1]', not 'Silicon: (73.12..+inf)' => 'Potassium: (0.23..0.48]'
c1 rule: 'Magnesium: (3.53..3.66]', 'Silicon: (72.66..72.89]', 'Calcium: (8.1..8.39]', not 'Iron: (0.09..0.14]' => 'Potassium: (0.23..0.48]'
c1 # of rules: 9
c1 rule time: 0.0101

c1 computing class: (0.48..0.57]
c1 discrimination constraints: 90h
c1 coverage constraints: 36v+1585h
c1 formula: 134v, 1822c (1724h+98s)
c1 enumerating rules (maxsat-based)
c1 rule: 'Barium: (0.19..0.55]' => 'Potassium: (0.48..0.57]'
c1 rule: 'Barium: (0.1..0.14]' => 'Potassium: (0.48..0.57]'
c1 rule: 'Sodium: (13.22..13.47]', 'Magnesium: (-inf..2.89]' => 'Potassium: (0.48..0.57]'
c1 rule: 'Magnesium: (-inf..2.89]', 'Silicon: (72.89..73.12]' => 'Potassium: (0.48..0.57]'
c1 rule: 'Silicon: (72.89..73.12]', 'Iron: (0.09..0.14]' => 'Potassium: (0.48..0.57]'
c1 rule: 'Sodium: (13.22..13.47]', 'Calcium: (8.64..8.99]' => 'Potassium: (0.48..0.57]'
c1 rule: 'Sodium: (13.22..13.47]', 'Silicon: (71.95..72.35]' => 'Potassium: (0.48..0.57]'
c1 rule: 'Silicon: (71.95..72.35]', 'Calcium: (8.1..8.39]' => 'Potassium: (0.48..0.57]'
c1 rule: 'Magnesium: (3.8..+inf)', 'Aluminum: (1.28..1.44]' => 'Potassium: (0.48..0.57]'
c1 rule: 'Aluminum: (1.28..1.44]', 'Calcium: (8.1..8.39]' => 'Potassium: (0.48..0.57]'
c1 rule: 'Magnesium: (3.8..+inf)', 'Silicon: (72.66..72.89]' => 'Potassium: (0.48..0.57]'
c1 rule: 'Magnesium: (3.8..+inf)', 'Aluminum: (1.44..1.63]' => 'Potassium: (0.48..0.57]'
c1 rule: 'Magnesium: (-inf..2.89]', 'Aluminum: (1.13..1.28]' => 'Potassium: (0.48..0.57]'
c1 rule: 'Aluminum: (1.13..1.28]', 'Iron: (0.14..0.19]' => 'Potassium: (0.48..0.57]'
c1 rule: 'Sodium: (12.69..12.93]', 'Iron: (0.14..0.19]' => 'Potassium: (0.48..0.57]'
c1 rule: 'Silicon: (72.66..72.89]', not 'Iron: (-inf..0.09]' => 'Potassium: (0.48..0.57]'
c1 rule: 'Aluminum: (1.28..1.44]', 'Calcium: (8.99..9.75]' => 'Potassium: (0.48..0.57]'
c1 rule: 'Sodium: (13.22..13.47]', 'Iron: (0.09..0.14]' => 'Potassium: (0.48..0.57]'
c1 rule: 'Aluminum: (1.28..1.44]', 'Iron: (0.14..0.19]' => 'Potassium: (0.48..0.57]'
c1 rule: 'Magnesium: (3.53..3.66]', 'Aluminum: (1.63..+inf)', not 'Sodium: (12.69..12.93]' => 'Potassium: (0.48..0.57]'
c1 rule: 'Sodium: (13.22..13.47]', 'Silicon: (72.89..73.12]', not 'Calcium: (8.1..8.39]' => 'Potassium: (0.48..0.57]'
c1 rule: 'Aluminum: (1.28..1.44]', 'Silicon: (72.89..73.12]', not 'Sodium: (12.69..12.93]' => 'Potassium: (0.48..0.57]'
c1 rule: 'Magnesium: (2.89..3.4]', 'Silicon: (72.89..73.12]', 'Calcium: (8.39..8.64]' => 'Potassium: (0.48..0.57]'
c1 rule: 'Magnesium: (3.4..3.53]', 'Aluminum: (1.13..1.28]', not 'Sodium: (12.69..12.93]' => 'Potassium: (0.48..0.57]'
c1 rule: 'Magnesium: (2.89..3.4]', 'Calcium: (8.64..8.99]', not 'Aluminum: (1.13..1.28]' => 'Potassium: (0.48..0.57]'
c1 # of rules: 25
c1 rule time: 0.0232

c1 computing class: (0.57..0.66]
c1 discrimination constraints: 80h
c1 coverage constraints: 46v+2025h
c1 formula: 144v, 2252c (2154h+98s)
c1 enumerating rules (maxsat-based)
c1 rule: 'Iron: (0.25..0.3]' => 'Potassium: (0.57..0.66]'
c1 rule: 'Iron: (0.3..+inf)' => 'Potassium: (0.57..0.66]'
c1 rule: 'Barium: (0.07..0.1]' => 'Potassium: (0.57..0.66]'
c1 rule: 'Magnesium: (2.89..3.4]', 'Aluminum: (1.28..1.44]' => 'Potassium: (0.57..0.66]'
c1 rule: 'Silicon: (71.95..72.35]', 'Calcium: (-inf..8.1]' => 'Potassium: (0.57..0.66]'
c1 rule: 'Sodium: (13.47..13.8]', 'Aluminum: (1.13..1.28]' => 'Potassium: (0.57..0.66]'
c1 rule: 'Sodium: (-inf..12.69]', 'Aluminum: (1.13..1.28]' => 'Potassium: (0.57..0.66]'
c1 rule: 'Silicon: (72.35..72.66]', 'Calcium: (8.39..8.64]' => 'Potassium: (0.57..0.66]'
c1 rule: 'Aluminum: (1.63..+inf)', 'Calcium: (8.1..8.39]' => 'Potassium: (0.57..0.66]'
c1 rule: 'Sodium: (-inf..12.69]', 'Calcium: (-inf..8.1]' => 'Potassium: (0.57..0.66]'
c1 rule: 'Magnesium: (2.89..3.4]', 'Iron: (0.09..0.14]' => 'Potassium: (0.57..0.66]'
c1 rule: 'Silicon: (72.89..73.12]', 'Iron: (0.19..0.25]' => 'Potassium: (0.57..0.66]'
c1 rule: 'Sodium: (13.47..13.8]', 'Magnesium: (3.4..3.53]' => 'Potassium: (0.57..0.66]'
c1 rule: 'Sodium: (12.69..12.93]', 'Aluminum: (0.82..1.13]' => 'Potassium: (0.57..0.66]'
c1 rule: 'Sodium: (12.69..12.93]', 'Iron: (-inf..0.09]', not 'Magnesium: (3.4..3.53]' => 'Potassium: (0.57..0.66]'
c1 rule: 'Magnesium: (3.53..3.66]', 'Silicon: (73.12..+inf)', not 'Aluminum: (1.13..1.28]' => 'Potassium: (0.57..0.66]'
c1 rule: 'Sodium: (13.22..13.47]', 'Silicon: (73.12..+inf)', not 'Aluminum: (1.44..1.63]' => 'Potassium: (0.57..0.66]'
c1 rule: 'Magnesium: (3.53..3.66]', 'Aluminum: (1.13..1.28]', 'Calcium: (8.39..8.64]' => 'Potassium: (0.57..0.66]'
c1 rule: 'Silicon: (72.89..73.12]', 'Calcium: (8.64..8.99]', not 'Magnesium: (3.53..3.66]' => 'Potassium: (0.57..0.66]'
c1 rule: 'Magnesium: (2.89..3.4]', 'Silicon: (72.66..72.89]', not 'Iron: (0.14..0.19]' => 'Potassium: (0.57..0.66]'
c1 rule: 'Sodium: (12.93..13.22]', 'Silicon: (72.66..72.89]', 'Calcium: (8.1..8.39]' => 'Potassium: (0.57..0.66]'
c1 rule: 'Refractive Index: (-inf..1.52]', 'Sodium: (12.93..13.22]', 'Silicon: (71.95..72.35]' => 'Potassium: (0.57..0.66]'
c1 rule: 'Aluminum: (1.44..1.63]', 'Silicon: (72.35..72.66]', not 'Sodium: (13.22..13.47]' => 'Potassium: (0.57..0.66]'
c1 rule: 'Silicon: (72.35..72.66]', 'Calcium: (-inf..8.1]', not 'Sodium: (12.69..12.93]' => 'Potassium: (0.57..0.66]'
c1 rule: 'Aluminum: (1.13..1.28]', 'Silicon: (72.89..73.12]', 'Calcium: (8.1..8.39]' => 'Potassium: (0.57..0.66]'
c1 rule: 'Sodium: (12.69..12.93]', 'Silicon: (73.12..+inf)', 'Iron: (-inf..0.09]', not 'Calcium: (8.39..8.64]' => 'Potassium: (0.57..0.66]'
c1 rule: 'Sodium: (12.93..13.22]', 'Calcium: (-inf..8.1]', not 'Magnesium: (3.4..3.53]', not 'Silicon: (72.89..73.12]' => 'Potassium: (0.57..0.66]'
c1 rule: 'Magnesium: (3.8..+inf)', 'Aluminum: (1.13..1.28]', 'Iron: (-inf..0.09]', not 'Silicon: (72.66..72.89]' => 'Potassium: (0.57..0.66]'
c1 # of rules: 28
c1 rule time: 0.0315

c1 computing class: (0.66..+inf)
c1 discrimination constraints: 117h
c1 coverage constraints: 9v+397h
c1 formula: 107v, 661c (563h+98s)
c1 enumerating rules (maxsat-based)
c1 rule: 'Aluminum: (1.44..1.63]', 'Calcium: (8.99..9.75]' => 'Potassium: (0.66..+inf)'
c1 rule: 'Aluminum: (1.44..1.63]', 'Iron: (0.19..0.25]' => 'Potassium: (0.66..+inf)'
c1 rule: 'Magnesium: (-inf..2.89]', 'Calcium: (8.39..8.64]' => 'Potassium: (0.66..+inf)'
c1 rule: 'Calcium: (-inf..8.1]', 'Iron: (0.19..0.25]' => 'Potassium: (0.66..+inf)'
c1 rule: 'Magnesium: (3.4..3.53]', 'Calcium: (-inf..8.1]', not 'Silicon: (73.12..+inf)' => 'Potassium: (0.66..+inf)'
c1 rule: 'Sodium: (12.93..13.22]', 'Calcium: (-inf..8.1]', not 'Silicon: (72.66..72.89]' => 'Potassium: (0.66..+inf)'
c1 rule: 'Aluminum: (1.13..1.28]', 'Calcium: (-inf..8.1]', not 'Silicon: (72.89..73.12]' => 'Potassium: (0.66..+inf)'
c1 rule: 'Aluminum: (1.44..1.63]', 'Silicon: (72.35..72.66]', not 'Calcium: (-inf..8.1]' => 'Potassium: (0.66..+inf)'
c1 # of rules: 8
c1 rule time: 0.0083

c2 total rules: 93

c0 computing feature 7
c1 computing class: (-inf..8.1]
c1 discrimination constraints: 102h
c1 coverage constraints: 24v+1057h
c1 formula: 122v, 1306c (1208h+98s)
c1 enumerating rules (maxsat-based)
c1 rule: 'Sodium: (13.8..+inf)', 'Aluminum: (1.63..+inf)' => 'Calcium: (-inf..8.1]'
c1 rule: 'Magnesium: (3.66..3.8]', 'Aluminum: (1.63..+inf)' => 'Calcium: (-inf..8.1]'
c1 rule: 'Aluminum: (1.13..1.28]', 'Potassium: (0.66..+inf)' => 'Calcium: (-inf..8.1]'
c1 rule: 'Silicon: (72.35..72.66]', 'Iron: (0.25..0.3]' => 'Calcium: (-inf..8.1]'
c1 rule: 'Sodium: (13.22..13.47]', 'Silicon: (73.12..+inf)' => 'Calcium: (-inf..8.1]'
c1 rule: 'Magnesium: (3.53..3.66]', 'Iron: (0.25..0.3]' => 'Calcium: (-inf..8.1]'
c1 rule: 'Aluminum: (1.44..1.63]', 'Iron: (0.19..0.25]' => 'Calcium: (-inf..8.1]'
c1 rule: 'Potassium: (0.66..+inf)', 'Iron: (0.19..0.25]' => 'Calcium: (-inf..8.1]'
c1 rule: 'Silicon: (72.89..73.12]', 'Potassium: (0.66..+inf)' => 'Calcium: (-inf..8.1]'
c1 rule: 'Magnesium: (3.4..3.53]', 'Potassium: (0.66..+inf)' => 'Calcium: (-inf..8.1]'
c1 rule: 'Sodium: (12.69..12.93]', 'Aluminum: (1.63..+inf)' => 'Calcium: (-inf..8.1]'
c1 rule: 'Sodium: (13.47..13.8]', 'Silicon: (72.89..73.12]', not 'Potassium: (-inf..0.11]' => 'Calcium: (-inf..8.1]'
c1 rule: 'Sodium: (13.47..13.8]', 'Silicon: (72.35..72.66]', not 'Potassium: (0.11..0.23]' => 'Calcium: (-inf..8.1]'
c1 rule: 'Aluminum: (1.63..+inf)', not 'Sodium: (12.93..13.22]', not 'Magnesium: (-inf..2.89]' => 'Calcium: (-inf..8.1]'
c1 rule: 'Sodium: (13.22..13.47]', 'Aluminum: (1.44..1.63]', 'Potassium: (0.57..0.66]' => 'Calcium: (-inf..8.1]'
c1 rule: 'Sodium: (13.22..13.47]', 'Silicon: (72.89..73.12]', 'Potassium: (0.48..0.57]' => 'Calcium: (-inf..8.1]'
c1 rule: 'Refractive Index: (-inf..1.52]', 'Aluminum: (1.28..1.44]', 'Potassium: (0.23..0.48]' => 'Calcium: (-inf..8.1]'
c1 rule: 'Aluminum: (1.44..1.63]', 'Silicon: (73.12..+inf)', not 'Potassium: (-inf..0.11]' => 'Calcium: (-inf..8.1]'
c1 rule: 'Sodium: (12.93..13.22]', 'Aluminum: (1.44..1.63]', not 'Magnesium: (3.4..3.53]' => 'Calcium: (-inf..8.1]'
c1 rule: 'Sodium: (13.22..13.47]', 'Aluminum: (1.44..1.63]', 'Potassium: (0.48..0.57]', not 'Magnesium: (2.89..3.4]' => 'Calcium: (-inf..8.1]'
c1 # of rules: 20
c1 rule time: 0.0196

c1 computing class: (8.1..8.39]
c1 discrimination constraints: 101h
c1 coverage constraints: 25v+1101h
c1 formula: 123v, 1349c (1251h+98s)
c1 enumerating rules (maxsat-based)
c1 rule: 'Iron: (0.3..+inf)' => 'Calcium: (8.1..8.39]'
c1 rule: 'Magnesium: (2.89..3.4]', 'Potassium: (0.23..0.48]' => 'Calcium: (8.1..8.39]'
c1 rule: 'Magnesium: (3.8..+inf)', 'Silicon: (72.66..72.89]' => 'Calcium: (8.1..8.39]'
c1 rule: 'Sodium: (12.93..13.22]', 'Silicon: (73.12..+inf)' => 'Calcium: (8.1..8.39]'
c1 rule: 'Silicon: (73.12..+inf)', 'Iron: (0.14..0.19]' => 'Calcium: (8.1..8.39]'
c1 rule: 'Magnesium: (3.8..+inf)', 'Iron: (0.14..0.19]' => 'Calcium: (8.1..8.39]'
c1 rule: 'Magnesium: (3.8..+inf)', 'Potassium: (0.48..0.57]' => 'Calcium: (8.1..8.39]'
c1 rule: 'Sodium: (13.22..13.47]', 'Magnesium: (3.8..+inf)' => 'Calcium: (8.1..8.39]'
c1 rule: 'Magnesium: (3.4..3.53]', 'Iron: (0.14..0.19]' => 'Calcium: (8.1..8.39]'
c1 rule: 'Sodium: (12.69..12.93]', 'Potassium: (0.23..0.48]' => 'Calcium: (8.1..8.39]'
c1 rule: 'Magnesium: (3.66..3.8]', 'Potassium: (0.48..0.57]' => 'Calcium: (8.1..8.39]'
c1 rule: 'Magnesium: (2.89..3.4]', 'Silicon: (72.66..72.89]', not 'Sodium: (12.93..13.22]' => 'Calcium: (8.1..8.39]'
c1 rule: 'Sodium: (13.22..13.47]', 'Aluminum: (1.13..1.28]', 'Potassium: (0.57..0.66]' => 'Calcium: (8.1..8.39]'
c1 rule: 'Magnesium: (3.4..3.53]', 'Silicon: (72.66..72.89]', 'Potassium: (0.57..0.66]' => 'Calcium: (8.1..8.39]'
c1 rule: 'Magnesium: (3.53..3.66]', 'Aluminum: (1.13..1.28]', 'Silicon: (73.12..+inf)' => 'Calcium: (8.1..8.39]'
c1 rule: 'Sodium: (13.22..13.47]', 'Potassium: (0.23..0.48]', not 'Silicon: (73.12..+inf)' => 'Calcium: (8.1..8.39]'
c1 rule: 'Magnesium: (3.4..3.53]', 'Aluminum: (1.28..1.44]', 'Silicon: (72.66..72.89]' => 'Calcium: (8.1..8.39]'
c1 rule: 'Sodium: (13.8..+inf)', 'Potassium: (0.48..0.57]', 'Barium: (-inf..0.07]' => 'Calcium: (8.1..8.39]'
c1 rule: 'Sodium: (13.22..13.47]', 'Potassium: (0.66..+inf)', not 'Silicon: (72.66..72.89]' => 'Calcium: (8.1..8.39]'
c1 rule: 'Magnesium: (3.53..3.66]', 'Aluminum: (1.13..1.28]', not 'Iron: (-inf..0.09]' => 'Calcium: (8.1..8.39]'
c1 rule: 'Aluminum: (1.44..1.63]', 'Silicon: (72.89..73.12]', 'Potassium: (0.57..0.66]', not 'Iron: (0.25..0.3]' => 'Calcium: (8.1..8.39]'
c1 # of rules: 21
c1 rule time: 0.0205

c1 computing class: (8.39..8.64]
c1 discrimination constraints: 103h
c1 coverage constraints: 23v+1013h
c1 formula: 121v, 1263c (1165h+98s)
c1 enumerating rules (maxsat-based)
c1 rule: 'Barium: (0.07..0.1]' => 'Calcium: (8.39..8.64]'
c1 rule: 'Magnesium: (2.89..3.4]', 'Aluminum: (1.28..1.44]' => 'Calcium: (8.39..8.64]'
c1 rule: 'Sodium: (12.93..13.22]', 'Magnesium: (3.8..+inf)' => 'Calcium: (8.39..8.64]'
c1 rule: 'Sodium: (13.22..13.47]', 'Magnesium: (3.66..3.8]' => 'Calcium: (8.39..8.64]'
c1 rule: 'Sodium: (12.69..12.93]', 'Iron: (0.14..0.19]', not 'Silicon: (73.12..+inf)' => 'Calcium: (8.39..8.64]'
c1 rule: 'Sodium: (12.69..12.93]', 'Potassium: (0.48..0.57]', not 'Silicon: (73.12..+inf)' => 'Calcium: (8.39..8.64]'
c1 rule: 'Magnesium: (3.53..3.66]', 'Aluminum: (1.63..+inf)', not 'Silicon: (73.12..+inf)' => 'Calcium: (8.39..8.64]'
c1 rule: 'Sodium: (12.93..13.22]', 'Magnesium: (3.53..3.66]', 'Potassium: (0.48..0.57]' => 'Calcium: (8.39..8.64]'
c1 rule: 'Silicon: (72.66..72.89]', not 'Aluminum: (1.13..1.28]', not 'Iron: (-inf..0.09]' => 'Calcium: (8.39..8.64]'
c1 rule: 'Sodium: (12.69..12.93]', 'Potassium: (0.48..0.57]', 'Iron: (-inf..0.09]' => 'Calcium: (8.39..8.64]'
c1 rule: 'Silicon: (73.12..+inf)', 'Potassium: (0.48..0.57]', 'Iron: (-inf..0.09]' => 'Calcium: (8.39..8.64]'
c1 rule: 'Magnesium: (3.4..3.53]', 'Aluminum: (1.13..1.28]', 'Iron: (-inf..0.09]' => 'Calcium: (8.39..8.64]'
c1 rule: 'Sodium: (12.93..13.22]', 'Magnesium: (3.4..3.53]', 'Aluminum: (1.28..1.44]' => 'Calcium: (8.39..8.64]'
c1 rule: 'Magnesium: (3.53..3.66]', 'Silicon: (73.12..+inf)', not 'Sodium: (12.69..12.93]' => 'Calcium: (8.39..8.64]'
c1 rule: 'Sodium: (12.93..13.22]', 'Magnesium: (3.53..3.66]', 'Aluminum: (1.13..1.28]' => 'Calcium: (8.39..8.64]'
c1 rule: 'Aluminum: (1.63..+inf)', 'Silicon: (73.12..+inf)', not 'Potassium: (0.57..0.66]' => 'Calcium: (8.39..8.64]'
c1 rule: 'Magnesium: (3.4..3.53]', 'Silicon: (71.95..72.35]', not 'Potassium: (0.57..0.66]' => 'Calcium: (8.39..8.64]'
c1 rule: 'Sodium: (12.93..13.22]', 'Magnesium: (2.89..3.4]', 'Iron: (-inf..0.09]' => 'Calcium: (8.39..8.64]'
c1 rule: 'Sodium: (-inf..12.69]', 'Aluminum: (1.28..1.44]', not 'Potassium: (0.48..0.57]' => 'Calcium: (8.39..8.64]'
c1 rule: 'Magnesium: (3.53..3.66]', 'Aluminum: (1.13..1.28]', 'Silicon: (72.89..73.12]', not 'Sodium: (13.22..13.47]' => 'Calcium: (8.39..8.64]'
c1 rule: 'Magnesium: (3.53..3.66]', 'Aluminum: (1.28..1.44]', 'Silicon: (72.89..73.12]', not 'Sodium: (-inf..12.69]' => 'Calcium: (8.39..8.64]'
c1 # of rules: 21
c1 rule time: 0.0238

c1 computing class: (8.64..8.99]
c1 discrimination constraints: 103h
c1 coverage constraints: 23v+1013h
c1 formula: 121v, 1263c (1165h+98s)
c1 enumerating rules (maxsat-based)
c1 rule: 'Barium: (0.14..0.19]' => 'Calcium: (8.64..8.99]'
c1 rule: 'Barium: (0.1..0.14]' => 'Calcium: (8.64..8.99]'
c1 rule: 'Aluminum: (1.28..1.44]', not 'Barium: (-inf..0.07]' => 'Calcium: (8.64..8.99]'
c1 rule: 'Sodium: (-inf..12.69]', 'Magnesium: (2.89..3.4]' => 'Calcium: (8.64..8.99]'
c1 rule: 'Sodium: (-inf..12.69]', 'Aluminum: (1.13..1.28]' => 'Calcium: (8.64..8.99]'
c1 rule: 'Sodium: (-inf..12.69]', 'Silicon: (72.89..73.12]' => 'Calcium: (8.64..8.99]'
c1 rule: 'Sodium: (12.93..13.22]', 'Iron: (0.19..0.25]' => 'Calcium: (8.64..8.99]'
c1 rule: 'Sodium: (12.69..12.93]', 'Aluminum: (0.82..1.13]' => 'Calcium: (8.64..8.99]'
c1 rule: 'Magnesium: (2.89..3.4]', 'Iron: (0.14..0.19]' => 'Calcium: (8.64..8.99]'
c1 rule: 'Magnesium: (2.89..3.4]', 'Silicon: (71.95..72.35]' => 'Calcium: (8.64..8.99]'
c1 rule: 'Aluminum: (1.13..1.28]', 'Silicon: (71.95..72.35]' => 'Calcium: (8.64..8.99]'
c1 rule: 'Aluminum: (0.82..1.13]', 'Silicon: (72.35..72.66]' => 'Calcium: (8.64..8.99]'
c1 rule: 'Magnesium: (3.53..3.66]', 'Aluminum: (-inf..0.82]' => 'Calcium: (8.64..8.99]'
c1 rule: 'Magnesium: (3.4..3.53]', 'Iron: (0.25..0.3]' => 'Calcium: (8.64..8.99]'
c1 rule: 'Sodium: (13.47..13.8]', 'Magnesium: (3.4..3.53]' => 'Calcium: (8.64..8.99]'
c1 rule: 'Sodium: (12.69..12.93]', 'Silicon: (72.35..72.66]', not 'Potassium: (0.66..+inf)' => 'Calcium: (8.64..8.99]'
c1 rule: 'Magnesium: (2.89..3.4]', 'Potassium: (0.48..0.57]', not 'Silicon: (72.89..73.12]' => 'Calcium: (8.64..8.99]'
c1 rule: 'Magnesium: (3.8..+inf)', 'Potassium: (-inf..0.11]', not 'Sodium: (13.8..+inf)' => 'Calcium: (8.64..8.99]'
c1 rule: 'Sodium: (12.69..12.93]', 'Aluminum: (1.28..1.44]', 'Silicon: (72.66..72.89]' => 'Calcium: (8.64..8.99]'
c1 # of rules: 19
c1 rule time: 0.0171

c1 computing class: (8.99..9.75]
c1 discrimination constraints: 109h
c1 coverage constraints: 17v+749h
c1 formula: 115v, 1005c (907h+98s)
c1 enumerating rules (maxsat-based)
c1 rule: 'Barium: (0.19..0.55]' => 'Calcium: (8.99..9.75]'
c1 rule: 'Potassium: (0.57..0.66]', 'Iron: (0.09..0.14]' => 'Calcium: (8.99..9.75]'
c1 rule: 'Sodium: (12.93..13.22]', 'Magnesium: (-inf..2.89]' => 'Calcium: (8.99..9.75]'
c1 rule: 'Magnesium: (-inf..2.89]', 'Aluminum: (1.13..1.28]' => 'Calcium: (8.99..9.75]'
c1 rule: 'Sodium: (-inf..12.69]', 'Aluminum: (1.44..1.63]' => 'Calcium: (8.99..9.75]'
c1 rule: 'Sodium: (-inf..12.69]', 'Potassium: (0.23..0.48]' => 'Calcium: (8.99..9.75]'
c1 rule: 'Magnesium: (3.8..+inf)', 'Potassium: (0.11..0.23]' => 'Calcium: (8.99..9.75]'
c1 rule: 'Magnesium: (3.8..+inf)', 'Aluminum: (-inf..0.82]' => 'Calcium: (8.99..9.75]'
c1 rule: 'Magnesium: (3.53..3.66]', not 'Refractive Index: (-inf..1.52]', not 'Iron: (0.14..0.19]' => 'Calcium: (8.99..9.75]'
c1 rule: 'Sodium: (13.8..+inf)', 'Aluminum: (-inf..0.82]', not 'Iron: (0.09..0.14]' => 'Calcium: (8.99..9.75]'
c1 rule: 'Magnesium: (3.66..3.8]', not 'Refractive Index: (-inf..1.52]', not 'Aluminum: (-inf..0.82]' => 'Calcium: (8.99..9.75]'
c1 rule: 'Sodium: (-inf..12.69]', 'Magnesium: (-inf..2.89]', 'Aluminum: (1.28..1.44]' => 'Calcium: (8.99..9.75]'
c1 rule: 'Refractive Index: (-inf..1.52]', 'Silicon: (71.95..72.35]', 'Iron: (0.14..0.19]' => 'Calcium: (8.99..9.75]'
c1 # of rules: 13
c1 rule time: 0.0147

c1 computing class: (9.75..+inf)
c1 discrimination constraints: 112h
c1 coverage constraints: 14v+617h
c1 formula: 112v, 876c (778h+98s)
c1 enumerating rules (maxsat-based)
c1 rule: 'Aluminum: (1.13..1.28]', 'Silicon: (-inf..71.95]' => 'Calcium: (9.75..+inf)'
c1 rule: 'Sodium: (-inf..12.69]', 'Silicon: (-inf..71.95]' => 'Calcium: (9.75..+inf)'
c1 rule: 'Sodium: (-inf..12.69]', 'Aluminum: (-inf..0.82]' => 'Calcium: (9.75..+inf)'
c1 rule: 'Silicon: (72.66..72.89]', not 'Refractive Index: (-inf..1.52]' => 'Calcium: (9.75..+inf)'
c1 rule: 'Magnesium: (-inf..2.89]', 'Aluminum: (-inf..0.82]' => 'Calcium: (9.75..+inf)'
c1 rule: 'Sodium: (13.8..+inf)', 'Magnesium: (-inf..2.89]' => 'Calcium: (9.75..+inf)'
c1 rule: 'Magnesium: (3.66..3.8]', 'Iron: (0.14..0.19]' => 'Calcium: (9.75..+inf)'
c1 rule: 'Aluminum: (1.28..1.44]', 'Iron: (0.14..0.19]' => 'Calcium: (9.75..+inf)'
c1 rule: 'Aluminum: (1.28..1.44]', not 'Refractive Index: (-inf..1.52]' => 'Calcium: (9.75..+inf)'
c1 rule: 'Sodium: (12.93..13.22]', not 'Refractive Index: (-inf..1.52]' => 'Calcium: (9.75..+inf)'
c1 rule: 'Magnesium: (2.89..3.4]', not 'Refractive Index: (-inf..1.52]' => 'Calcium: (9.75..+inf)'
c1 rule: 'Potassium: (-inf..0.11]', 'Iron: (0.09..0.14]' => 'Calcium: (9.75..+inf)'
c1 # of rules: 12
c1 rule time: 0.0100

c2 total rules: 106

c0 computing feature 8
c1 computing class: (-inf..0.07]
c1 discrimination constraints: 7h
c1 coverage constraints: 119v+5237h
c1 formula: 217v, 5391c (5293h+98s)
c1 enumerating rules (maxsat-based)
c1 rule: 'Magnesium: (2.89..3.4]' => 'Barium: (-inf..0.07]'
c1 rule: 'Iron: (0.09..0.14]' => 'Barium: (-inf..0.07]'
c1 rule: 'Calcium: (8.1..8.39]' => 'Barium: (-inf..0.07]'
c1 rule: 'Calcium: (-inf..8.1]' => 'Barium: (-inf..0.07]'
c1 rule: 'Magnesium: (3.66..3.8]' => 'Barium: (-inf..0.07]'
c1 rule: 'Sodium: (12.93..13.22]' => 'Barium: (-inf..0.07]'
c1 rule: 'Magnesium: (3.8..+inf)' => 'Barium: (-inf..0.07]'
c1 rule: 'Sodium: (13.22..13.47]' => 'Barium: (-inf..0.07]'
c1 rule: 'Aluminum: (0.82..1.13]' => 'Barium: (-inf..0.07]'
c1 rule: 'Potassium: (0.66..+inf)' => 'Barium: (-inf..0.07]'
c1 rule: 'Aluminum: (1.44..1.63]' => 'Barium: (-inf..0.07]'
c1 rule: 'Potassium: (-inf..0.11]' => 'Barium: (-inf..0.07]'
c1 rule: 'Silicon: (72.66..72.89]' => 'Barium: (-inf..0.07]'
c1 rule: 'Potassium: (0.23..0.48]' => 'Barium: (-inf..0.07]'
c1 rule: 'Silicon: (72.89..73.12]', not 'Magnesium: (3.4..3.53]' => 'Barium: (-inf..0.07]'
c1 rule: 'Silicon: (72.89..73.12]', not 'Aluminum: (1.13..1.28]' => 'Barium: (-inf..0.07]'
c1 rule: 'Iron: (-inf..0.09]', not 'Sodium: (13.8..+inf)' => 'Barium: (-inf..0.07]'
c1 rule: 'Iron: (0.25..0.3]', not 'Calcium: (9.75..+inf)' => 'Barium: (-inf..0.07]'
c1 rule: not 'Refractive Index: (-inf..1.52]', not 'Aluminum: (1.63..+inf)' => 'Barium: (-inf..0.07]'
c1 rule: 'Refractive Index: (-inf..1.52]', 'Sodium: (-inf..12.69]' => 'Barium: (-inf..0.07]'
c1 # of rules: 20
c1 rule time: 0.0252

c1 computing class: (0.07..0.1]
c1 discrimination constraints: 125h
c1 coverage constraints: 1v+45h
c1 formula: 99v, 317c (219h+98s)
c1 enumerating rules (maxsat-based)
c1 rule: 'Calcium: (8.39..8.64]', 'Iron: (0.19..0.25]' => 'Barium: (0.07..0.1]'
c1 # of rules: 1
c1 rule time: 0.0026

c1 computing class: (0.1..0.14]
c1 discrimination constraints: 124h
c1 coverage constraints: 2v+89h
c1 formula: 100v, 360c (262h+98s)
c1 enumerating rules (maxsat-based)
c1 rule: 'Sodium: (12.69..12.93]', 'Magnesium: (-inf..2.89]' => 'Barium: (0.1..0.14]'
c1 rule: 'Sodium: (13.8..+inf)', 'Magnesium: (3.4..3.53]' => 'Barium: (0.1..0.14]'
c1 # of rules: 2
c1 rule time: 0.0036

c1 computing class: (0.14..0.19]
c1 discrimination constraints: 125h
c1 coverage constraints: 1v+45h
c1 formula: 99v, 317c (219h+98s)
c1 enumerating rules (maxsat-based)
c1 rule: 'Aluminum: (-inf..0.82]', 'Silicon: (72.35..72.66]' => 'Barium: (0.14..0.19]'
c1 # of rules: 1
c1 rule time: 0.0023

c1 computing class: (0.19..0.55]
c1 discrimination constraints: 125h
c1 coverage constraints: 1v+45h
c1 formula: 99v, 317c (219h+98s)
c1 enumerating rules (maxsat-based)
c1 rule: 'Aluminum: (1.63..+inf)', 'Calcium: (8.99..9.75]' => 'Barium: (0.19..0.55]'
c1 # of rules: 1
c1 rule time: 0.0017

c1 computing class: (0.55..+inf)
c1 discrimination constraints: 124h
c1 coverage constraints: 2v+89h
c1 formula: 100v, 360c (262h+98s)
c1 enumerating rules (maxsat-based)
c1 rule: 'Sodium: (-inf..12.69]', 'Silicon: (-inf..71.95]' => 'Barium: (0.55..+inf)'
c1 rule: 'Magnesium: (3.53..3.66]', 'Silicon: (-inf..71.95]' => 'Barium: (0.55..+inf)'
c1 # of rules: 2
c1 rule time: 0.0000

c2 total rules: 27

c0 computing feature 9
c1 computing class: (-inf..0.09]
c1 discrimination constraints: 37h
c1 coverage constraints: 89v+3917h
c1 formula: 187v, 4101c (4003h+98s)
c1 enumerating rules (maxsat-based)
c1 rule: 'Sodium: (12.69..12.93]', 'Potassium: (0.23..0.48]' => 'Iron: (-inf..0.09]'
c1 rule: 'Sodium: (12.69..12.93]', 'Silicon: (72.35..72.66]' => 'Iron: (-inf..0.09]'
c1 rule: 'Aluminum: (1.28..1.44]', 'Silicon: (72.35..72.66]' => 'Iron: (-inf..0.09]'
c1 rule: 'Magnesium: (3.8..+inf)', 'Potassium: (0.57..0.66]' => 'Iron: (-inf..0.09]'
c1 rule: 'Magnesium: (3.8..+inf)', 'Potassium: (-inf..0.11]' => 'Iron: (-inf..0.09]'
c1 rule: 'Magnesium: (3.8..+inf)', 'Silicon: (72.66..72.89]' => 'Iron: (-inf..0.09]'
c1 rule: 'Aluminum: (1.13..1.28]', 'Silicon: (-inf..71.95]' => 'Iron: (-inf..0.09]'
c1 rule: 'Magnesium: (3.53..3.66]', 'Silicon: (-inf..71.95]' => 'Iron: (-inf..0.09]'
c1 rule: 'Sodium: (13.8..+inf)', 'Magnesium: (3.53..3.66]' => 'Iron: (-inf..0.09]'
c1 rule: 'Sodium: (13.8..+inf)', not 'Silicon: (-inf..71.95]' => 'Iron: (-inf..0.09]'
c1 rule: 'Magnesium: (3.53..3.66]', 'Aluminum: (1.63..+inf)' => 'Iron: (-inf..0.09]'
c1 rule: 'Silicon: (71.95..72.35]', 'Calcium: (-inf..8.1]' => 'Iron: (-inf..0.09]'
c1 rule: 'Magnesium: (-inf..2.89]', 'Potassium: (-inf..0.11]' => 'Iron: (-inf..0.09]'
c1 rule: 'Sodium: (13.22..13.47]', 'Magnesium: (-inf..2.89]' => 'Iron: (-inf..0.09]'
c1 rule: 'Aluminum: (1.28..1.44]', 'Potassium: (0.57..0.66]' => 'Iron: (-inf..0.09]'
c1 rule: 'Potassium: (0.48..0.57]', 'Calcium: (-inf..8.1]' => 'Iron: (-inf..0.09]'
c1 rule: 'Sodium: (13.47..13.8]', 'Calcium: (-inf..8.1]' => 'Iron: (-inf..0.09]'
c1 rule: 'Sodium: (13.47..13.8]', 'Potassium: (0.57..0.66]' => 'Iron: (-inf..0.09]'
c1 rule: 'Aluminum: (-inf..0.82]', 'Silicon: (71.95..72.35]' => 'Iron: (-inf..0.09]'
c1 rule: 'Silicon: (71.95..72.35]', 'Potassium: (-inf..0.11]' => 'Iron: (-inf..0.09]'
c1 rule: 'Magnesium: (3.66..3.8]', 'Silicon: (71.95..72.35]' => 'Iron: (-inf..0.09]'
c1 rule: 'Silicon: (71.95..72.35]', 'Potassium: (0.23..0.48]' => 'Iron: (-inf..0.09]'
c1 rule: 'Magnesium: (3.53..3.66]', 'Potassium: (0.23..0.48]' => 'Iron: (-inf..0.09]'
c1 rule: 'Sodium: (-inf..12.69]', 'Magnesium: (3.53..3.66]' => 'Iron: (-inf..0.09]'
c1 rule: 'Sodium: (-inf..12.69]', 'Calcium: (-inf..8.1]' => 'Iron: (-inf..0.09]'
c1 rule: 'Aluminum: (1.13..1.28]', 'Calcium: (-inf..8.1]' => 'Iron: (-inf..0.09]'
c1 rule: 'Silicon: (73.12..+inf)', 'Calcium: (8.39..8.64]' => 'Iron: (-inf..0.09]'
c1 rule: 'Silicon: (71.95..72.35]', 'Calcium: (8.39..8.64]' => 'Iron: (-inf..0.09]'
c1 rule: 'Magnesium: (3.4..3.53]', 'Potassium: (0.48..0.57]' => 'Iron: (-inf..0.09]'
c1 rule: 'Aluminum: (0.82..1.13]', 'Calcium: (8.64..8.99]' => 'Iron: (-inf..0.09]'
c1 rule: 'Magnesium: (3.4..3.53]', 'Potassium: (0.23..0.48]' => 'Iron: (-inf..0.09]'
c1 rule: 'Sodium: (-inf..12.69]', 'Aluminum: (1.44..1.63]' => 'Iron: (-inf..0.09]'
c1 rule: 'Silicon: (72.66..72.89]', 'Calcium: (8.99..9.75]' => 'Iron: (-inf..0.09]'
c1 rule: 'Silicon: (72.66..72.89]', not 'Potassium: (0.48..0.57]' => 'Iron: (-inf..0.09]'
c1 rule: 'Potassium: (0.66..+inf)', not 'Calcium: (-inf..8.1]' => 'Iron: (-inf..0.09]'
c1 rule: 'Potassium: (0.66..+inf)', not 'Silicon: (73.12..+inf)' => 'Iron: (-inf..0.09]'
c1 rule: 'Sodium: (12.93..13.22]', 'Magnesium: (-inf..2.89]' => 'Iron: (-inf..0.09]'
c1 rule: 'Sodium: (13.22..13.47]', 'Calcium: (8.64..8.99]' => 'Iron: (-inf..0.09]'
c1 rule: 'Sodium: (13.22..13.47]', 'Magnesium: (2.89..3.4]' => 'Iron: (-inf..0.09]'
c1 rule: 'Magnesium: (2.89..3.4]', not 'Refractive Index: (-inf..1.52]' => 'Iron: (-inf..0.09]'
c1 rule: 'Sodium: (13.47..13.8]', 'Magnesium: (2.89..3.4]' => 'Iron: (-inf..0.09]'
c1 rule: 'Sodium: (13.22..13.47]', 'Silicon: (72.89..73.12]' => 'Iron: (-inf..0.09]'
c1 rule: 'Sodium: (13.47..13.8]', 'Silicon: (72.89..73.12]' => 'Iron: (-inf..0.09]'
c1 rule: 'Magnesium: (2.89..3.4]', 'Calcium: (8.39..8.64]' => 'Iron: (-inf..0.09]'
c1 rule: 'Magnesium: (3.8..+inf)', 'Aluminum: (-inf..0.82]' => 'Iron: (-inf..0.09]'
c1 rule: 'Aluminum: (-inf..0.82]', 'Calcium: (8.99..9.75]' => 'Iron: (-inf..0.09]'
c1 rule: 'Sodium: (13.8..+inf)', 'Magnesium: (3.8..+inf)' => 'Iron: (-inf..0.09]'
c1 rule: 'Magnesium: (3.66..3.8]', 'Potassium: (0.57..0.66]' => 'Iron: (-inf..0.09]'
c1 rule: 'Sodium: (12.69..12.93]', 'Potassium: (0.57..0.66]', not 'Silicon: (72.89..73.12]' => 'Iron: (-inf..0.09]'
c1 rule: 'Magnesium: (3.53..3.66]', 'Aluminum: (1.13..1.28]', not 'Calcium: (8.1..8.39]' => 'Iron: (-inf..0.09]'
c1 rule: 'Aluminum: (1.44..1.63]', 'Silicon: (72.89..73.12]', not 'Calcium: (-inf..8.1]' => 'Iron: (-inf..0.09]'
c1 # of rules: 51
c1 rule time: 0.0600

c1 computing class: (0.09..0.14]
c1 discrimination constraints: 115h
c1 coverage constraints: 11v+485h
c1 formula: 109v, 747c (649h+98s)
c1 enumerating rules (maxsat-based)
c1 rule: 'Magnesium: (-inf..2.89]', 'Potassium: (0.11..0.23]' => 'Iron: (0.09..0.14]'
c1 rule: 'Aluminum: (1.63..+inf)', 'Potassium: (0.11..0.23]' => 'Iron: (0.09..0.14]'
c1 rule: 'Silicon: (72.35..72.66]', 'Calcium: (8.99..9.75]' => 'Iron: (0.09..0.14]'
c1 rule: 'Aluminum: (0.82..1.13]', 'Potassium: (0.48..0.57]' => 'Iron: (0.09..0.14]'
c1 rule: 'Magnesium: (3.8..+inf)', 'Silicon: (71.95..72.35]' => 'Iron: (0.09..0.14]'
c1 rule: 'Sodium: (12.93..13.22]', 'Magnesium: (3.53..3.66]', 'Aluminum: (1.28..1.44]' => 'Iron: (0.09..0.14]'
c1 rule: 'Sodium: (13.22..13.47]', 'Magnesium: (3.53..3.66]', 'Calcium: (8.39..8.64]' => 'Iron: (0.09..0.14]'
c1 rule: 'Sodium: (13.8..+inf)', 'Magnesium: (3.66..3.8]', 'Calcium: (9.75..+inf)' => 'Iron: (0.09..0.14]'
c1 rule: 'Aluminum: (1.13..1.28]', 'Silicon: (72.35..72.66]', 'Calcium: (8.1..8.39]', not 'Potassium: (0.57..0.66]' => 'Iron: (0.09..0.14]'
c1 rule: 'Sodium: (13.22..13.47]', 'Magnesium: (3.53..3.66]', 'Potassium: (0.48..0.57]', 'Calcium: (8.1..8.39]' => 'Iron: (0.09..0.14]'
c1 rule: 'Magnesium: (3.8..+inf)', 'Calcium: (8.99..9.75]', not 'Sodium: (13.8..+inf)', not 'Aluminum: (-inf..0.82]' => 'Iron: (0.09..0.14]'
c1 # of rules: 11
c1 rule time: 0.0086

c1 computing class: (0.14..0.19]
c1 discrimination constraints: 114h
c1 coverage constraints: 12v+529h
c1 formula: 110v, 790c (692h+98s)
c1 enumerating rules (maxsat-based)
c1 rule: 'Barium: (0.19..0.55]' => 'Iron: (0.14..0.19]'
c1 rule: 'Sodium: (12.93..13.22]', 'Silicon: (73.12..+inf)' => 'Iron: (0.14..0.19]'
c1 rule: 'Magnesium: (3.53..3.66]', 'Calcium: (9.75..+inf)' => 'Iron: (0.14..0.19]'
c1 rule: 'Aluminum: (1.44..1.63]', 'Calcium: (9.75..+inf)' => 'Iron: (0.14..0.19]'
c1 rule: 'Silicon: (-inf..71.95]', 'Calcium: (8.1..8.39]' => 'Iron: (0.14..0.19]'
c1 rule: 'Aluminum: (1.44..1.63]', 'Calcium: (8.39..8.64]' => 'Iron: (0.14..0.19]'
c1 rule: 'Potassium: (0.48..0.57]', not 'Refractive Index: (-inf..1.52]' => 'Iron: (0.14..0.19]'
c1 rule: 'Sodium: (12.93..13.22]', 'Aluminum: (1.63..+inf)', not 'Silicon: (72.66..72.89]' => 'Iron: (0.14..0.19]'
c1 rule: 'Magnesium: (3.66..3.8]', 'Potassium: (-inf..0.11]', not 'Sodium: (13.8..+inf)' => 'Iron: (0.14..0.19]'
c1 rule: 'Sodium: (12.69..12.93]', 'Potassium: (0.48..0.57]', 'Calcium: (8.1..8.39]' => 'Iron: (0.14..0.19]'
c1 rule: 'Potassium: (0.57..0.66]', 'Calcium: (8.99..9.75]', not 'Aluminum: (1.13..1.28]' => 'Iron: (0.14..0.19]'
c1 rule: 'Magnesium: (2.89..3.4]', 'Silicon: (72.66..72.89]', not 'Potassium: (0.57..0.66]' => 'Iron: (0.14..0.19]'
c1 # of rules: 12
c1 rule time: 0.0123

c1 computing class: (0.19..0.25]
c1 discrimination constraints: 117h
c1 coverage constraints: 9v+397h
c1 formula: 107v, 661c (563h+98s)
c1 enumerating rules (maxsat-based)
c1 rule: 'Barium: (0.14..0.19]' => 'Iron: (0.19..0.25]'
c1 rule: 'Barium: (0.07..0.1]' => 'Iron: (0.19..0.25]'
c1 rule: 'Silicon: (73.12..+inf)', 'Calcium: (8.64..8.99]' => 'Iron: (0.19..0.25]'
c1 rule: 'Silicon: (73.12..+inf)', 'Calcium: (8.99..9.75]' => 'Iron: (0.19..0.25]'
c1 rule: 'Aluminum: (1.28..1.44]', 'Potassium: (0.66..+inf)' => 'Iron: (0.19..0.25]'
c1 rule: 'Sodium: (12.69..12.93]', 'Aluminum: (1.44..1.63]', 'Potassium: (0.66..+inf)' => 'Iron: (0.19..0.25]'
c1 rule: 'Magnesium: (2.89..3.4]', 'Silicon: (72.89..73.12]', 'Potassium: (0.57..0.66]' => 'Iron: (0.19..0.25]'
c1 # of rules: 7
c1 rule time: 0.0080

c1 computing class: (0.25..0.3]
c1 discrimination constraints: 122h
c1 coverage constraints: 4v+177h
c1 formula: 102v, 446c (348h+98s)
c1 enumerating rules (maxsat-based)
c1 rule: 'Potassium: (0.57..0.66]', not 'Refractive Index: (-inf..1.52]' => 'Iron: (0.25..0.3]'
c1 rule: 'Magnesium: (3.4..3.53]', 'Aluminum: (1.13..1.28]', 'Calcium: (8.64..8.99]' => 'Iron: (0.25..0.3]'
c1 rule: 'Sodium: (12.69..12.93]', 'Silicon: (72.89..73.12]', 'Calcium: (-inf..8.1]' => 'Iron: (0.25..0.3]'
c1 # of rules: 3
c1 rule time: 0.0054

c1 computing class: (0.3..+inf)
c1 discrimination constraints: 125h
c1 coverage constraints: 1v+45h
c1 formula: 99v, 317c (219h+98s)
c1 enumerating rules (maxsat-based)
c1 rule: 'Aluminum: (0.82..1.13]', 'Calcium: (8.1..8.39]', not 'Potassium: (0.48..0.57]' => 'Iron: (0.3..+inf)'
c1 # of rules: 1
c1 rule time: 0.0025

c2 total rules: 85
c3 total time: 1.0866

Rules are saved to ../rules/size/q6_glass2_train3.csv_size5.json