c0 # of samps: 1382 (1382 weighted)
c0 # of feats: 6 (21 binary)
c0 # of labls: 2
c0 parse time: 0.3236


c0 computing feature 1
c1 computing class: 0
c1 discrimination constraints: 1037h
c1 coverage constraints: 345v+6211h
c1 formula: 387v, 7311c (7269h+42s)
c1 enumerating rules (maxsat-based)
c1 rule: 'f2: 2', 'f3: 3', 'f4: 1', 'f5: 0', 'f6: 1' => 'f1: 0'
c1 rule: 'f2: 1', 'f3: 3', 'f4: 2', 'f5: 2', 'f6: 0' => 'f1: 0'
c1 # of rules: 2
c1 rule time: 0.4867

c1 computing class: 1
c1 discrimination constraints: 1047h
c1 coverage constraints: 335v+6031h
c1 formula: 377v, 7141c (7099h+42s)
c1 enumerating rules (maxsat-based)
c1 rule: 'f2: 0', 'f3: 3', 'f4: 1', 'f5: 0', 'f6: 1' => 'f1: 1'
c1 rule: 'f2: 0', 'f3: 3', 'f4: 1', 'f5: 0', not 'f6: 2' => 'f1: 1'
c1 rule: 'f2: 3', 'f3: 3', 'f4: 1', 'f5: 1', 'f6: 1' => 'f1: 1'
c1 # of rules: 3
c1 rule time: 0.5531

c1 computing class: 2
c1 discrimination constraints: 1021h
c1 coverage constraints: 361v+6499h
c1 formula: 403v, 7583c (7541h+42s)
c1 enumerating rules (maxsat-based)
c1 rule: 'f2: 1', 'f3: 2', 'f4: 1', 'f5: 0', 'f6: 0' => 'f1: 2'
c1 rule: 'f2: 1', 'f3: 0', 'f4: 0', 'f6: 1', not 'f5: 2' => 'f1: 2'
c1 rule: 'f2: 1', 'f3: 1', 'f4: 2', 'f5: 1', 'f6: 2' => 'f1: 2'
c1 # of rules: 3
c1 rule time: 0.5628

c1 computing class: 3
c1 discrimination constraints: 1041h
c1 coverage constraints: 341v+6139h
c1 formula: 383v, 7243c (7201h+42s)
c1 enumerating rules (maxsat-based)
c1 # of rules: 0
c1 rule time: 0.3920

c2 total rules: 8

c0 computing feature 2
c1 computing class: 0
c1 discrimination constraints: 1035h
c1 coverage constraints: 347v+6247h
c1 formula: 389v, 7345c (7303h+42s)
c1 enumerating rules (maxsat-based)
c1 rule: 'f1: 2', 'f3: 0', 'f4: 1', 'f5: 0', 'f6: 2' => 'f2: 0'
c1 rule: 'f1: 2', 'f3: 0', 'f4: 1', 'f5: 0', not 'f6: 0' => 'f2: 0'
c1 rule: 'f1: 2', 'f3: 0', 'f4: 2', 'f5: 2', 'f6: 0' => 'f2: 0'
c1 rule: 'f1: 0', 'f3: 3', 'f4: 1', 'f5: 1', 'f6: 2' => 'f2: 0'
c1 # of rules: 4
c1 rule time: 0.4781

c1 computing class: 1
c1 discrimination constraints: 1047h
c1 coverage constraints: 335v+6031h
c1 formula: 377v, 7141c (7099h+42s)
c1 enumerating rules (maxsat-based)
c1 rule: 'f1: 3', 'f3: 3', 'f4: 1', 'f5: 0', 'f6: 1' => 'f2: 1'
c1 rule: 'f1: 3', 'f3: 3', 'f4: 2', 'f5: 0', 'f6: 0' => 'f2: 1'
c1 rule: 'f1: 1', 'f3: 1', 'f4: 1', 'f5: 1', 'f6: 1' => 'f2: 1'
c1 # of rules: 3
c1 rule time: 0.5092

c1 computing class: 2
c1 discrimination constraints: 1027h
c1 coverage constraints: 355v+6391h
c1 formula: 397v, 7481c (7439h+42s)
c1 enumerating rules (maxsat-based)
c1 rule: 'f1: 3', 'f3: 1', 'f4: 2', 'f5: 1', 'f6: 2' => 'f2: 2'
c1 # of rules: 1
c1 rule time: 0.6892

c1 computing class: 3
c1 discrimination constraints: 1037h
c1 coverage constraints: 345v+6211h
c1 formula: 387v, 7311c (7269h+42s)
c1 enumerating rules (maxsat-based)
c1 rule: 'f1: 3', 'f3: 1', 'f4: 0', 'f5: 1', 'f6: 2' => 'f2: 3'
c1 rule: 'f1: 3', 'f3: 0', 'f4: 1', 'f5: 1', 'f6: 0' => 'f2: 3'
c1 # of rules: 2
c1 rule time: 0.5198

c2 total rules: 10

c0 computing feature 3
c1 computing class: 0
c1 discrimination constraints: 1037h
c1 coverage constraints: 345v+6211h
c1 formula: 387v, 7311c (7269h+42s)
c1 enumerating rules (maxsat-based)
c1 rule: 'f1: 0', 'f2: 1', 'f4: 2', 'f5: 1', 'f6: 2' => 'f3: 0'
c1 rule: 'f1: 3', 'f2: 1', 'f4: 1', 'f5: 0', 'f6: 0' => 'f3: 0'
c1 rule: 'f1: 1', 'f2: 0', 'f4: 0', 'f5: 2', 'f6: 0' => 'f3: 0'
c1 rule: 'f1: 3', 'f2: 2', 'f4: 0', 'f5: 1', 'f6: 2' => 'f3: 0'
c1 # of rules: 4
c1 rule time: 0.5961

c1 computing class: 1
c1 discrimination constraints: 1039h
c1 coverage constraints: 343v+6175h
c1 formula: 385v, 7277c (7235h+42s)
c1 enumerating rules (maxsat-based)
c1 rule: 'f1: 3', 'f2: 1', 'f4: 1', 'f5: 1', 'f6: 2' => 'f3: 1'
c1 # of rules: 1
c1 rule time: 0.4558

c1 computing class: 2
c1 discrimination constraints: 1032h
c1 coverage constraints: 350v+6301h
c1 formula: 392v, 7396c (7354h+42s)
c1 enumerating rules (maxsat-based)
c1 # of rules: 0
c1 rule time: 0.5004

c1 computing class: 3
c1 discrimination constraints: 1038h
c1 coverage constraints: 344v+6193h
c1 formula: 386v, 7294c (7252h+42s)
c1 enumerating rules (maxsat-based)
c1 rule: 'f1: 1', 'f2: 1', 'f4: 0', 'f6: 1', not 'f5: 2' => 'f3: 3'
c1 # of rules: 1
c1 rule time: 0.6132

c2 total rules: 6

c0 computing feature 4
c1 computing class: 0
c1 discrimination constraints: 908h
c1 coverage constraints: 474v+9007h
c1 formula: 516v, 9978c (9936h+42s)
c1 enumerating rules (maxsat-based)
c1 rule: 'f1: 0', 'f2: 2', 'f3: 2', 'f5: 1', 'f6: 2' => 'f4: 0'
c1 rule: 'f1: 3', 'f2: 1', 'f3: 2', 'f5: 1', 'f6: 2' => 'f4: 0'
c1 rule: 'f1: 0', 'f2: 3', 'f3: 3', 'f5: 1', 'f6: 1' => 'f4: 0'
c1 rule: 'f1: 0', 'f2: 3', 'f3: 1', 'f5: 1', 'f6: 2' => 'f4: 0'
c1 rule: 'f1: 0', 'f2: 2', 'f3: 1', 'f5: 1', 'f6: 1' => 'f4: 0'
c1 rule: 'f1: 2', 'f2: 2', 'f3: 1', 'f5: 1', 'f6: 2' => 'f4: 0'
c1 rule: 'f1: 3', 'f2: 0', 'f3: 3', 'f5: 0', not 'f6: 1' => 'f4: 0'
c1 rule: 'f1: 3', 'f2: 0', 'f3: 0', 'f5: 0', 'f6: 1' => 'f4: 0'
c1 rule: 'f1: 1', 'f2: 0', 'f3: 3', 'f5: 2', 'f6: 1' => 'f4: 0'
c1 rule: 'f1: 2', 'f2: 0', 'f3: 3', 'f5: 2', 'f6: 0' => 'f4: 0'
c1 rule: 'f1: 0', 'f2: 0', 'f3: 3', 'f5: 0', 'f6: 0' => 'f4: 0'
c1 rule: 'f1: 0', 'f2: 1', 'f3: 3', 'f5: 1', 'f6: 2' => 'f4: 0'
c1 rule: 'f1: 1', 'f2: 3', 'f3: 1', 'f5: 2', 'f6: 0' => 'f4: 0'
c1 rule: 'f1: 0', 'f2: 2', 'f3: 0', 'f5: 0', 'f6: 1' => 'f4: 0'
c1 rule: 'f1: 2', 'f2: 1', 'f3: 0', 'f5: 0', 'f6: 1' => 'f4: 0'
c1 rule: 'f1: 1', 'f2: 1', 'f3: 2', 'f5: 0', 'f6: 0' => 'f4: 0'
c1 rule: 'f1: 1', 'f2: 2', 'f3: 3', 'f5: 0', 'f6: 1' => 'f4: 0'
c1 rule: 'f1: 2', 'f2: 3', 'f3: 0', 'f5: 0', 'f6: 1' => 'f4: 0'
c1 rule: 'f1: 2', 'f2: 1', 'f3: 2', 'f5: 2', 'f6: 1' => 'f4: 0'
c1 rule: 'f1: 2', 'f2: 1', 'f3: 2', 'f5: 0', 'f6: 2' => 'f4: 0'
c1 # of rules: 20
c1 rule time: 1.0944

c1 computing class: 1
c1 discrimination constraints: 932h
c1 coverage constraints: 450v+8551h
c1 formula: 492v, 9546c (9504h+42s)
c1 enumerating rules (maxsat-based)
c1 rule: 'f1: 2', 'f2: 0', 'f3: 1', 'f5: 0', 'f6: 0' => 'f4: 1'
c1 rule: 'f1: 1', 'f2: 2', 'f3: 1', 'f5: 0', 'f6: 2' => 'f4: 1'
c1 rule: 'f1: 1', 'f2: 2', 'f3: 1', 'f5: 1', 'f6: 0' => 'f4: 1'
c1 rule: 'f1: 3', 'f2: 2', 'f3: 0', 'f5: 0', 'f6: 0' => 'f4: 1'
c1 rule: 'f1: 3', 'f2: 2', 'f3: 3', 'f5: 0', 'f6: 0' => 'f4: 1'
c1 rule: 'f1: 2', 'f2: 2', 'f3: 1', 'f5: 2', 'f6: 1' => 'f4: 1'
c1 rule: 'f1: 0', 'f2: 3', 'f3: 1', 'f5: 0', 'f6: 2' => 'f4: 1'
c1 rule: 'f1: 0', 'f2: 1', 'f3: 0', 'f5: 0', 'f6: 1' => 'f4: 1'
c1 rule: 'f1: 0', 'f2: 0', 'f3: 1', 'f5: 0', 'f6: 1' => 'f4: 1'
c1 rule: 'f1: 1', 'f2: 1', 'f3: 1', 'f5: 0', 'f6: 1' => 'f4: 1'
c1 rule: 'f1: 3', 'f2: 1', 'f3: 0', 'f5: 1', 'f6: 1' => 'f4: 1'
c1 rule: 'f1: 1', 'f2: 1', 'f3: 0', 'f5: 0', 'f6: 2' => 'f4: 1'
c1 rule: 'f1: 1', 'f2: 1', 'f3: 3', 'f5: 1', 'f6: 1' => 'f4: 1'
c1 rule: 'f1: 3', 'f2: 0', 'f3: 1', 'f5: 1', 'f6: 2' => 'f4: 1'
c1 rule: 'f1: 3', 'f2: 1', 'f3: 1', 'f5: 1', 'f6: 2' => 'f4: 1'
c1 rule: 'f1: 3', 'f2: 2', 'f3: 2', 'f5: 1', 'f6: 2' => 'f4: 1'
c1 rule: 'f1: 2', 'f2: 3', 'f3: 0', 'f5: 2', 'f6: 0' => 'f4: 1'
c1 # of rules: 17
c1 rule time: 1.2103

c1 computing class: 2
c1 discrimination constraints: 924h
c1 coverage constraints: 458v+8703h
c1 formula: 500v, 9690c (9648h+42s)
c1 enumerating rules (maxsat-based)
c1 rule: 'f1: 0', 'f2: 2', 'f3: 3', 'f5: 2', 'f6: 1' => 'f4: 2'
c1 rule: 'f1: 1', 'f2: 0', 'f3: 2', 'f5: 0', 'f6: 1' => 'f4: 2'
c1 rule: 'f1: 1', 'f2: 3', 'f3: 1', 'f5: 1', 'f6: 1' => 'f4: 2'
c1 rule: 'f1: 1', 'f2: 1', 'f3: 0', 'f5: 1', 'f6: 1' => 'f4: 2'
c1 rule: 'f1: 3', 'f2: 1', 'f3: 3', 'f6: 0', not 'f5: 1' => 'f4: 2'
c1 rule: 'f1: 1', 'f2: 3', 'f3: 3', 'f5: 0', 'f6: 0' => 'f4: 2'
c1 rule: 'f1: 2', 'f2: 3', 'f3: 3', 'f5: 1', 'f6: 1' => 'f4: 2'
c1 rule: 'f1: 3', 'f2: 0', 'f3: 2', 'f5: 2', 'f6: 1' => 'f4: 2'
c1 rule: 'f1: 3', 'f2: 1', 'f3: 2', 'f5: 2', 'f6: 1' => 'f4: 2'
c1 rule: 'f1: 1', 'f2: 1', 'f3: 0', 'f6: 1', not 'f5: 2' => 'f4: 2'
c1 rule: 'f1: 3', 'f2: 3', 'f3: 2', 'f5: 0', 'f6: 1' => 'f4: 2'
c1 rule: 'f1: 1', 'f2: 0', 'f3: 1', 'f5: 0', not 'f6: 2' => 'f4: 2'
c1 rule: 'f1: 3', 'f2: 2', 'f3: 0', 'f5: 2', 'f6: 1' => 'f4: 2'
c1 rule: 'f1: 3', 'f2: 3', 'f3: 3', 'f5: 1', 'f6: 1' => 'f4: 2'
c1 rule: 'f1: 3', 'f2: 2', 'f3: 1', 'f5: 1', 'f6: 2' => 'f4: 2'
c1 rule: 'f1: 1', 'f2: 1', 'f3: 0', 'f5: 0', not 'f6: 2' => 'f4: 2'
c1 rule: 'f1: 3', 'f2: 2', 'f3: 3', 'f5: 1', 'f6: 2' => 'f4: 2'
c1 # of rules: 17
c1 rule time: 1.0882

c2 total rules: 54

c0 computing feature 5
c1 computing class: 0
c1 discrimination constraints: 934h
c1 coverage constraints: 448v+8513h
c1 formula: 490v, 9510c (9468h+42s)
c1 enumerating rules (maxsat-based)
c1 rule: 'f1: 3', 'f2: 1', 'f3: 2', 'f4: 2', 'f6: 2' => 'f5: 0'
c1 rule: 'f1: 1', 'f2: 0', 'f3: 0', 'f4: 2', 'f6: 2' => 'f5: 0'
c1 rule: 'f1: 1', 'f2: 0', 'f3: 2', 'f4: 1', 'f6: 0' => 'f5: 0'
c1 rule: 'f1: 3', 'f2: 1', 'f3: 2', 'f4: 1', 'f6: 1' => 'f5: 0'
c1 rule: 'f1: 1', 'f2: 0', 'f3: 3', 'f4: 2', 'f6: 1' => 'f5: 0'
c1 rule: 'f1: 2', 'f2: 3', 'f3: 2', 'f4: 2', 'f6: 2' => 'f5: 0'
c1 rule: 'f1: 0', 'f2: 3', 'f3: 2', 'f4: 2', 'f6: 0' => 'f5: 0'
c1 rule: 'f1: 0', 'f2: 2', 'f3: 1', 'f4: 1', 'f6: 1' => 'f5: 0'
c1 rule: 'f1: 3', 'f2: 0', 'f3: 2', 'f4: 0', 'f6: 1' => 'f5: 0'
c1 rule: 'f1: 3', 'f2: 0', 'f3: 1', 'f4: 1', 'f6: 1' => 'f5: 0'
c1 rule: 'f1: 2', 'f2: 2', 'f3: 1', 'f4: 2', 'f6: 2' => 'f5: 0'
c1 rule: 'f1: 1', 'f2: 1', 'f3: 1', 'f4: 2', 'f6: 2' => 'f5: 0'
c1 rule: 'f1: 1', 'f2: 2', 'f3: 2', 'f4: 2', 'f6: 1' => 'f5: 0'
c1 rule: 'f1: 0', 'f2: 0', 'f3: 2', 'f4: 1', 'f6: 1' => 'f5: 0'
c1 rule: 'f1: 1', 'f2: 3', 'f3: 1', 'f4: 0', 'f6: 1' => 'f5: 0'
c1 rule: 'f1: 1', 'f2: 3', 'f3: 2', 'f4: 0', 'f6: 0' => 'f5: 0'
c1 # of rules: 16
c1 rule time: 1.0986

c1 computing class: 1
c1 discrimination constraints: 920h
c1 coverage constraints: 462v+8779h
c1 formula: 504v, 9762c (9720h+42s)
c1 enumerating rules (maxsat-based)
c1 rule: 'f1: 3', 'f2: 1', 'f3: 1', 'f4: 1', 'f6: 0' => 'f5: 1'
c1 rule: 'f1: 0', 'f2: 0', 'f3: 1', 'f4: 2', 'f6: 1' => 'f5: 1'
c1 rule: 'f1: 1', 'f2: 3', 'f3: 1', 'f4: 2', 'f6: 2' => 'f5: 1'
c1 rule: 'f1: 1', 'f2: 3', 'f3: 0', 'f4: 2', 'f6: 2' => 'f5: 1'
c1 rule: 'f1: 2', 'f2: 3', 'f3: 0', 'f4: 2', 'f6: 1' => 'f5: 1'
c1 rule: 'f1: 1', 'f2: 3', 'f3: 3', 'f4: 1', 'f6: 1' => 'f5: 1'
c1 rule: 'f1: 0', 'f2: 3', 'f3: 3', 'f4: 0', 'f6: 0' => 'f5: 1'
c1 rule: 'f1: 3', 'f2: 1', 'f3: 3', 'f4: 0', 'f6: 0' => 'f5: 1'
c1 rule: 'f1: 3', 'f2: 2', 'f3: 0', 'f4: 0', 'f6: 1' => 'f5: 1'
c1 rule: 'f1: 3', 'f2: 2', 'f3: 0', 'f4: 0', not 'f6: 2' => 'f5: 1'
c1 rule: 'f1: 2', 'f2: 3', 'f3: 0', 'f4: 0', 'f6: 0' => 'f5: 1'
c1 rule: 'f1: 0', 'f2: 1', 'f3: 2', 'f4: 1', 'f6: 0' => 'f5: 1'
c1 rule: 'f1: 0', 'f2: 2', 'f3: 2', 'f4: 1', 'f6: 0' => 'f5: 1'
c1 rule: 'f1: 1', 'f2: 0', 'f3: 2', 'f4: 2', 'f6: 0' => 'f5: 1'
c1 rule: 'f1: 1', 'f2: 0', 'f3: 1', 'f4: 0', 'f6: 0' => 'f5: 1'
c1 rule: 'f1: 2', 'f2: 1', 'f3: 0', 'f4: 2', 'f6: 0' => 'f5: 1'
c1 rule: 'f1: 2', 'f2: 1', 'f3: 2', 'f4: 1', 'f6: 2' => 'f5: 1'
c1 rule: 'f1: 3', 'f2: 2', 'f3: 3', 'f4: 2', 'f6: 0' => 'f5: 1'
c1 # of rules: 18
c1 rule time: 1.0768

c1 computing class: 2
c1 discrimination constraints: 910h
c1 coverage constraints: 472v+8969h
c1 formula: 514v, 9942c (9900h+42s)
c1 enumerating rules (maxsat-based)
c1 rule: 'f1: 1', 'f2: 3', 'f3: 3', 'f4: 1', 'f6: 0' => 'f5: 2'
c1 rule: 'f1: 1', 'f2: 0', 'f3: 1', 'f4: 1', 'f6: 1' => 'f5: 2'
c1 rule: 'f1: 0', 'f2: 0', 'f3: 0', 'f4: 2', not 'f6: 1' => 'f5: 2'
c1 rule: 'f1: 1', 'f2: 1', 'f3: 0', 'f4: 2', 'f6: 2' => 'f5: 2'
c1 rule: 'f1: 1', 'f2: 2', 'f3: 1', 'f4: 0', 'f6: 0' => 'f5: 2'
c1 rule: 'f1: 2', 'f2: 3', 'f3: 1', 'f4: 1', 'f6: 2' => 'f5: 2'
c1 rule: 'f1: 3', 'f2: 3', 'f3: 3', 'f4: 1', 'f6: 1' => 'f5: 2'
c1 rule: 'f1: 0', 'f2: 1', 'f3: 3', 'f4: 1', 'f6: 2' => 'f5: 2'
c1 rule: 'f1: 0', 'f2: 0', 'f3: 3', 'f4: 2', 'f6: 0' => 'f5: 2'
c1 rule: 'f1: 0', 'f2: 1', 'f3: 0', 'f4: 2', 'f6: 0' => 'f5: 2'
c1 rule: 'f2: 1', 'f3: 0', 'f4: 0', 'f6: 1', not 'f1: 2' => 'f5: 2'
c1 rule: 'f1: 1', 'f2: 1', 'f3: 1', 'f4: 0', 'f6: 1' => 'f5: 2'
c1 rule: 'f1: 0', 'f2: 3', 'f3: 0', 'f4: 0', 'f6: 1' => 'f5: 2'
c1 rule: 'f1: 2', 'f2: 1', 'f3: 3', 'f4: 0', 'f6: 0' => 'f5: 2'
c1 rule: 'f1: 1', 'f2: 1', 'f3: 2', 'f4: 0', 'f6: 1' => 'f5: 2'
c1 rule: 'f1: 3', 'f2: 0', 'f3: 0', 'f4: 1', 'f6: 1' => 'f5: 2'
c1 # of rules: 16
c1 rule time: 1.0671

c2 total rules: 50

c0 computing feature 6
c1 computing class: 0
c1 discrimination constraints: 924h
c1 coverage constraints: 458v+8703h
c1 formula: 500v, 9690c (9648h+42s)
c1 enumerating rules (maxsat-based)
c1 rule: 'f1: 2', 'f2: 1', 'f3: 0', 'f4: 1', 'f5: 0' => 'f6: 0'
c1 rule: 'f1: 2', 'f3: 0', 'f4: 1', 'f5: 0', not 'f2: 0' => 'f6: 0'
c1 rule: 'f1: 1', 'f2: 1', 'f3: 0', 'f4: 1', 'f5: 2' => 'f6: 0'
c1 rule: 'f1: 1', 'f2: 2', 'f3: 2', 'f4: 2', 'f5: 2' => 'f6: 0'
c1 rule: 'f1: 0', 'f2: 0', 'f3: 1', 'f4: 2', 'f5: 0' => 'f6: 0'
c1 rule: 'f1: 0', 'f2: 3', 'f3: 1', 'f4: 2', 'f5: 0' => 'f6: 0'
c1 rule: 'f1: 0', 'f2: 2', 'f3: 3', 'f4: 0', 'f5: 2' => 'f6: 0'
c1 rule: 'f1: 1', 'f2: 3', 'f3: 2', 'f4: 1', 'f5: 2' => 'f6: 0'
c1 rule: 'f1: 0', 'f2: 2', 'f3: 2', 'f4: 1', 'f5: 1' => 'f6: 0'
c1 rule: 'f1: 3', 'f2: 3', 'f3: 2', 'f4: 0', 'f5: 0' => 'f6: 0'
c1 rule: 'f1: 3', 'f2: 1', 'f3: 0', 'f4: 0', 'f5: 0' => 'f6: 0'
c1 rule: 'f1: 3', 'f2: 1', 'f3: 2', 'f4: 1', 'f5: 1' => 'f6: 0'
c1 rule: 'f1: 2', 'f2: 1', 'f3: 2', 'f4: 1', 'f5: 2' => 'f6: 0'
c1 rule: 'f1: 1', 'f2: 1', 'f3: 2', 'f4: 0', 'f5: 1' => 'f6: 0'
c1 # of rules: 14
c1 rule time: 1.1553

c1 computing class: 1
c1 discrimination constraints: 930h
c1 coverage constraints: 452v+8589h
c1 formula: 494v, 9582c (9540h+42s)
c1 enumerating rules (maxsat-based)
c1 rule: 'f1: 2', 'f2: 1', 'f3: 2', 'f4: 2', 'f5: 0' => 'f6: 1'
c1 rule: 'f1: 0', 'f2: 0', 'f3: 0', 'f4: 2', 'f5: 1' => 'f6: 1'
c1 rule: 'f1: 0', 'f2: 0', 'f3: 0', 'f4: 2', not 'f5: 2' => 'f6: 1'
c1 rule: 'f1: 0', 'f2: 0', 'f3: 0', 'f4: 1', 'f5: 2' => 'f6: 1'
c1 rule: 'f1: 0', 'f2: 3', 'f3: 1', 'f4: 0', 'f5: 0' => 'f6: 1'
c1 rule: 'f1: 1', 'f2: 2', 'f3: 2', 'f4: 0', 'f5: 1' => 'f6: 1'
c1 rule: 'f1: 0', 'f2: 3', 'f3: 3', 'f4: 0', 'f5: 0' => 'f6: 1'
c1 rule: 'f1: 0', 'f2: 0', 'f3: 3', 'f4: 2', 'f5: 1' => 'f6: 1'
c1 rule: 'f1: 1', 'f2: 0', 'f3: 0', 'f4: 2', 'f5: 1' => 'f6: 1'
c1 rule: 'f1: 3', 'f2: 0', 'f3: 3', 'f4: 2', 'f5: 0' => 'f6: 1'
c1 rule: 'f1: 0', 'f2: 1', 'f3: 3', 'f4: 1', 'f5: 1' => 'f6: 1'
c1 rule: 'f1: 0', 'f2: 3', 'f3: 1', 'f4: 1', 'f5: 1' => 'f6: 1'
c1 rule: 'f1: 1', 'f2: 2', 'f3: 1', 'f4: 0', 'f5: 0' => 'f6: 1'
c1 rule: 'f1: 1', 'f2: 2', 'f3: 3', 'f4: 0', 'f5: 0' => 'f6: 1'
c1 rule: 'f1: 3', 'f2: 1', 'f3: 1', 'f4: 0', 'f5: 1' => 'f6: 1'
c1 rule: 'f1: 3', 'f2: 1', 'f3: 3', 'f4: 1', 'f5: 1' => 'f6: 1'
c1 rule: 'f1: 3', 'f2: 1', 'f3: 0', 'f4: 1', 'f5: 1' => 'f6: 1'
c1 rule: 'f1: 3', 'f2: 2', 'f3: 3', 'f4: 1', 'f5: 1' => 'f6: 1'
c1 rule: 'f1: 3', 'f2: 1', 'f3: 1', 'f4: 1', 'f5: 0' => 'f6: 1'
c1 rule: 'f1: 1', 'f2: 3', 'f3: 1', 'f4: 2', 'f5: 2' => 'f6: 1'
c1 rule: 'f1: 3', 'f2: 2', 'f3: 2', 'f4: 2', 'f5: 1' => 'f6: 1'
c1 rule: 'f1: 2', 'f2: 2', 'f3: 2', 'f4: 1', 'f5: 1' => 'f6: 1'
c1 rule: 'f1: 2', 'f2: 3', 'f3: 2', 'f4: 2', 'f5: 2' => 'f6: 1'
c1 rule: 'f1: 1', 'f2: 3', 'f3: 0', 'f4: 1', 'f5: 1' => 'f6: 1'
c1 rule: 'f1: 3', 'f2: 3', 'f3: 0', 'f4: 2', 'f5: 2' => 'f6: 1'
c1 # of rules: 25
c1 rule time: 1.2099

c1 computing class: 2
c1 discrimination constraints: 910h
c1 coverage constraints: 472v+8969h
c1 formula: 514v, 9942c (9900h+42s)
c1 enumerating rules (maxsat-based)
c1 rule: 'f1: 2', 'f2: 1', 'f3: 3', 'f4: 2', 'f5: 2' => 'f6: 2'
c1 rule: 'f1: 3', 'f2: 1', 'f3: 3', 'f4: 0', 'f5: 0' => 'f6: 2'
c1 rule: 'f1: 3', 'f2: 2', 'f3: 0', 'f4: 0', 'f5: 0' => 'f6: 2'
c1 rule: 'f1: 3', 'f2: 2', 'f3: 0', 'f4: 0', not 'f5: 1' => 'f6: 2'
c1 rule: 'f1: 1', 'f2: 1', 'f3: 0', 'f5: 0', not 'f4: 2' => 'f6: 2'
c1 rule: 'f1: 1', 'f2: 1', 'f3: 1', 'f4: 0', 'f5: 1' => 'f6: 2'
c1 rule: 'f1: 1', 'f2: 1', 'f3: 3', 'f4: 0', 'f5: 1' => 'f6: 2'
c1 rule: 'f1: 3', 'f2: 0', 'f3: 0', 'f4: 1', 'f5: 1' => 'f6: 2'
c1 rule: 'f1: 1', 'f2: 0', 'f3: 1', 'f5: 0', not 'f4: 2' => 'f6: 2'
c1 rule: 'f1: 1', 'f2: 3', 'f3: 2', 'f4: 0', 'f5: 1' => 'f6: 2'
c1 rule: 'f1: 2', 'f2: 1', 'f3: 3', 'f4: 0', 'f5: 0' => 'f6: 2'
c1 rule: 'f2: 0', 'f3: 3', 'f4: 1', 'f5: 0', not 'f1: 1' => 'f6: 2'
c1 rule: 'f1: 1', 'f2: 3', 'f3: 3', 'f4: 1', 'f5: 0' => 'f6: 2'
c1 rule: 'f1: 2', 'f2: 3', 'f3: 0', 'f4: 2', 'f5: 2' => 'f6: 2'
c1 rule: 'f1: 2', 'f2: 3', 'f3: 1', 'f4: 0', 'f5: 0' => 'f6: 2'
c1 rule: 'f1: 0', 'f2: 1', 'f3: 2', 'f4: 1', 'f5: 0' => 'f6: 2'
c1 rule: 'f1: 3', 'f2: 3', 'f3: 2', 'f4: 1', 'f5: 0' => 'f6: 2'
c1 rule: 'f1: 3', 'f2: 2', 'f3: 1', 'f4: 2', 'f5: 2' => 'f6: 2'
c1 rule: 'f1: 2', 'f2: 1', 'f3: 0', 'f4: 2', 'f5: 0' => 'f6: 2'
c1 # of rules: 19
c1 rule time: 1.4330

c2 total rules: 58
c3 total time: 17.2362

Rules are saved to ../rules/size/q6_car_train2.csv_size5.json