c0 # of samps: 81 (52 weighted)
c0 # of feats: 16 (21 binary)
c0 # of labls: 7
c0 parse time: 0.2750


c0 computing feature 1
c1 computing class: 0
c1 discrimination constraints: 19h
c1 coverage constraints: 33v+694h
c1 formula: 77v, 779c (735h+44s)
c1 enumerating rules (maxsat-based)
c1 rule: 'legs: 5' => 'hair: 0'
c1 rule: not 'feathers: 0' => 'hair: 0'
c1 rule: 'legs: 8' => 'hair: 0'
c1 rule: 'breathes: 0' => 'hair: 0'
c1 rule: not 'airborne: 0', not 'predator: 0' => 'hair: 0'
c1 rule: 'milk: 0', not 'predator: 0' => 'hair: 0'
c1 rule: 'milk: 0', not 'backbone: 0' => 'hair: 0'
c1 rule: 'milk: 0', 'airborne: 0' => 'hair: 0'
c1 rule: 'legs: 0', not 'tail: 0' => 'hair: 0'
c1 # of rules: 9
c1 rule time: 0.0011

c1 computing class: 1
c1 discrimination constraints: 33h
c1 coverage constraints: 19v+400h
c1 formula: 63v, 499c (455h+44s)
c1 enumerating rules (maxsat-based)
c1 rule: not 'predator: 0', not 'domestic: 0' => 'hair: 1'
c1 rule: not 'domestic: 0', not 'catsize: 0' => 'hair: 1'
c1 rule: 'legs: 4', not 'catsize: 0' => 'hair: 1'
c1 rule: 'aquatic: 0', 'legs: 4' => 'hair: 1'
c1 rule: 'fins: 0', not 'milk: 0' => 'hair: 1'
c1 rule: 'tail: 0', not 'fins: 0' => 'hair: 1'
c1 rule: not 'fins: 0', not 'legs: 0' => 'hair: 1'
c1 rule: 'predator: 0', not 'venomous: 0' => 'hair: 1'
c1 # of rules: 8
c1 rule time: 0.0038

c2 total rules: 17

c0 computing feature 2
c1 computing class: 0
c1 discrimination constraints: 12h
c1 coverage constraints: 40v+841h
c1 formula: 84v, 919c (875h+44s)
c1 enumerating rules (maxsat-based)
c1 rule: 'legs: 4' => 'feathers: 0'
c1 rule: 'eggs: 0' => 'feathers: 0'
c1 rule: not 'legs: 2' => 'feathers: 0'
c1 # of rules: 3
c1 rule time: 0.0026

c1 computing class: 1
c1 discrimination constraints: 40h
c1 coverage constraints: 12v+253h
c1 formula: 56v, 359c (315h+44s)
c1 enumerating rules (maxsat-based)
c1 rule: 'hair: 0', 'legs: 2' => 'feathers: 1'
c1 # of rules: 1
c1 rule time: 0.0018

c2 total rules: 4

c0 computing feature 3
c1 computing class: 0
c1 discrimination constraints: 34h
c1 coverage constraints: 18v+379h
c1 formula: 62v, 479c (435h+44s)
c1 enumerating rules (maxsat-based)
c1 rule: 'legs: 8' => 'eggs: 0'
c1 rule: 'hair: 0', not 'milk: 0' => 'eggs: 0'
c1 rule: 'catsize: 0', not 'milk: 0' => 'eggs: 0'
c1 rule: not 'milk: 0', not 'legs: 4' => 'eggs: 0'
c1 rule: not 'milk: 0', not 'toothed: 0' => 'eggs: 0'
c1 rule: 'breathes: 0', 'fins: 0', not 'tail: 0' => 'eggs: 0'
c1 # of rules: 6
c1 rule time: 0.0035

c1 computing class: 1
c1 discrimination constraints: 18h
c1 coverage constraints: 34v+715h
c1 formula: 78v, 799c (755h+44s)
c1 enumerating rules (maxsat-based)
c1 rule: 'legs: 5' => 'eggs: 1'
c1 rule: 'legs: 6' => 'eggs: 1'
c1 rule: 'toothed: 0', not 'aquatic: 0' => 'eggs: 1'
c1 rule: 'toothed: 0', 'tail: 0' => 'eggs: 1'
c1 rule: 'breathes: 0', 'venomous: 0' => 'eggs: 1'
c1 rule: 'breathes: 0', not 'fins: 0' => 'eggs: 1'
c1 rule: 'aquatic: 0', 'legs: 0' => 'eggs: 1'
c1 rule: 'hair: 0', 'predator: 0' => 'eggs: 1'
c1 rule: 'milk: 0', 'legs: 4' => 'eggs: 1'
c1 # of rules: 9
c1 rule time: 0.0045

c2 total rules: 15

c0 computing feature 4
c1 computing class: 0
c1 discrimination constraints: 17h
c1 coverage constraints: 35v+736h
c1 formula: 79v, 819c (775h+44s)
c1 enumerating rules (maxsat-based)
c1 # of rules: 0
c1 rule time: 0.0016

c1 computing class: 1
c1 discrimination constraints: 35h
c1 coverage constraints: 17v+358h
c1 formula: 61v, 459c (415h+44s)
c1 enumerating rules (maxsat-based)
c1 rule: 'eggs: 0', 'venomous: 0' => 'milk: 1'
c1 # of rules: 1
c1 rule time: 0.0015

c2 total rules: 1

c0 computing feature 5
c1 computing class: 0
c1 discrimination constraints: 14h
c1 coverage constraints: 38v+799h
c1 formula: 82v, 879c (835h+44s)
c1 enumerating rules (maxsat-based)
c1 rule: 'legs: 0' => 'airborne: 0'
c1 rule: 'legs: 5' => 'airborne: 0'
c1 rule: 'legs: 8' => 'airborne: 0'
c1 rule: 'breathes: 0' => 'airborne: 0'
c1 rule: 'legs: 4' => 'airborne: 0'
c1 rule: 'legs: 2', 'tail: 0' => 'airborne: 0'
c1 rule: not 'aquatic: 0', not 'predator: 0', not 'catsize: 0' => 'airborne: 0'
c1 # of rules: 7
c1 rule time: 0.0018

c1 computing class: 1
c1 discrimination constraints: 38h
c1 coverage constraints: 14v+295h
c1 formula: 58v, 399c (355h+44s)
c1 enumerating rules (maxsat-based)
c1 rule: 'toothed: 0', not 'domestic: 0' => 'airborne: 1'
c1 rule: 'predator: 0', 'catsize: 0', not 'feathers: 0' => 'airborne: 1'
c1 rule: 'catsize: 0', not 'feathers: 0', not 'aquatic: 0' => 'airborne: 1'
c1 rule: 'predator: 0', 'toothed: 0', not 'aquatic: 0' => 'airborne: 1'
c1 rule: 'legs: 6', not 'predator: 0', not 'breathes: 0' => 'airborne: 1'
c1 # of rules: 5
c1 rule time: 0.0035

c2 total rules: 12

c0 computing feature 6
c1 computing class: 0
c1 discrimination constraints: 22h
c1 coverage constraints: 30v+631h
c1 formula: 74v, 719c (675h+44s)
c1 enumerating rules (maxsat-based)
c1 rule: 'tail: 0', not 'airborne: 0' => 'aquatic: 0'
c1 rule: 'legs: 2', 'tail: 0' => 'aquatic: 0'
c1 rule: 'predator: 0', not 'milk: 0' => 'aquatic: 0'
c1 rule: 'catsize: 0', not 'milk: 0' => 'aquatic: 0'
c1 rule: 'fins: 0', not 'domestic: 0' => 'aquatic: 0'
c1 rule: not 'breathes: 0', not 'venomous: 0' => 'aquatic: 0'
c1 rule: 'legs: 4', 'tail: 0', not 'catsize: 0' => 'aquatic: 0'
c1 rule: 'legs: 0', 'catsize: 0', not 'breathes: 0' => 'aquatic: 0'
c1 # of rules: 8
c1 rule time: 0.0056

c1 computing class: 1
c1 discrimination constraints: 30h
c1 coverage constraints: 22v+463h
c1 formula: 66v, 559c (515h+44s)
c1 enumerating rules (maxsat-based)
c1 rule: 'breathes: 0' => 'aquatic: 1'
c1 rule: not 'fins: 0' => 'aquatic: 1'
c1 rule: not 'eggs: 0', not 'milk: 0' => 'aquatic: 1'
c1 # of rules: 3
c1 rule time: 0.0027

c2 total rules: 11

c0 computing feature 7
c1 computing class: 0
c1 discrimination constraints: 30h
c1 coverage constraints: 22v+463h
c1 formula: 66v, 559c (515h+44s)
c1 enumerating rules (maxsat-based)
c1 rule: 'catsize: 0', not 'domestic: 0' => 'predator: 0'
c1 rule: 'backbone: 0', 'legs: 0', not 'breathes: 0' => 'predator: 0'
c1 rule: 'catsize: 0', not 'milk: 0', not 'legs: 4' => 'predator: 0'
c1 rule: 'legs: 2', 'tail: 0', 'domestic: 0' => 'predator: 0'
c1 # of rules: 4
c1 rule time: 0.0043

c1 computing class: 1
c1 discrimination constraints: 22h
c1 coverage constraints: 30v+631h
c1 formula: 74v, 719c (675h+44s)
c1 enumerating rules (maxsat-based)
c1 rule: 'legs: 0', not 'catsize: 0' => 'predator: 1'
c1 rule: 'tail: 0', not 'legs: 2', not 'catsize: 0' => 'predator: 1'
c1 rule: 'milk: 0', 'aquatic: 0', not 'toothed: 0' => 'predator: 1'
c1 rule: 'milk: 0', 'legs: 4', not 'tail: 0' => 'predator: 1'
c1 rule: 'airborne: 0', 'legs: 2', not 'domestic: 0' => 'predator: 1'
c1 rule: 'aquatic: 0', 'legs: 4', 'domestic: 0', 'catsize: 0' => 'predator: 1'
c1 # of rules: 6
c1 rule time: 0.0052

c2 total rules: 10

c0 computing feature 8
c1 computing class: 0
c1 discrimination constraints: 27h
c1 coverage constraints: 25v+526h
c1 formula: 69v, 619c (575h+44s)
c1 enumerating rules (maxsat-based)
c1 rule: 'legs: 8' => 'toothed: 0'
c1 rule: not 'feathers: 0' => 'toothed: 0'
c1 rule: 'legs: 6' => 'toothed: 0'
c1 rule: 'legs: 5' => 'toothed: 0'
c1 rule: 'backbone: 0' => 'toothed: 0'
c1 # of rules: 5
c1 rule time: 0.0029

c1 computing class: 1
c1 discrimination constraints: 25h
c1 coverage constraints: 27v+568h
c1 formula: 71v, 659c (615h+44s)
c1 enumerating rules (maxsat-based)
c1 rule: not 'fins: 0' => 'toothed: 1'
c1 rule: 'eggs: 0', not 'backbone: 0' => 'toothed: 1'
c1 rule: 'legs: 0', not 'backbone: 0' => 'toothed: 1'
c1 rule: 'tail: 0', not 'backbone: 0' => 'toothed: 1'
c1 rule: 'legs: 4', 'catsize: 0', not 'breathes: 0' => 'toothed: 1'
c1 # of rules: 5
c1 rule time: 0.0033

c2 total rules: 10

c0 computing feature 9
c1 computing class: 0
c1 discrimination constraints: 40h
c1 coverage constraints: 12v+253h
c1 formula: 56v, 359c (315h+44s)
c1 enumerating rules (maxsat-based)
c1 # of rules: 0
c1 rule time: 0.0009

c1 computing class: 1
c1 discrimination constraints: 12h
c1 coverage constraints: 40v+841h
c1 formula: 84v, 919c (875h+44s)
c1 enumerating rules (maxsat-based)
c1 rule: not 'milk: 0' => 'backbone: 1'
c1 rule: 'legs: 2' => 'backbone: 1'
c1 # of rules: 2
c1 rule time: 0.0024

c2 total rules: 2

c0 computing feature 10
c1 computing class: 0
c1 discrimination constraints: 42h
c1 coverage constraints: 10v+211h
c1 formula: 54v, 319c (275h+44s)
c1 enumerating rules (maxsat-based)
c1 rule: 'legs: 5' => 'breathes: 0'
c1 rule: not 'eggs: 0', not 'fins: 0' => 'breathes: 0'
c1 # of rules: 2
c1 rule time: 0.0019

c1 computing class: 1
c1 discrimination constraints: 10h
c1 coverage constraints: 42v+883h
c1 formula: 86v, 959c (915h+44s)
c1 enumerating rules (maxsat-based)
c1 rule: not 'backbone: 0', not 'legs: 0' => 'breathes: 1'
c1 # of rules: 1
c1 rule time: 0.0027

c2 total rules: 3

c0 computing feature 11
c1 computing class: 0
c1 discrimination constraints: 7h
c1 coverage constraints: 45v+946h
c1 formula: 89v, 1019c (975h+44s)
c1 enumerating rules (maxsat-based)
c1 rule: 'legs: 4' => 'venomous: 0'
c1 rule: not 'milk: 0' => 'venomous: 0'
c1 rule: 'legs: 5' => 'venomous: 0'
c1 rule: not 'feathers: 0' => 'venomous: 0'
c1 rule: not 'airborne: 0', not 'predator: 0' => 'venomous: 0'
c1 rule: 'legs: 6', not 'predator: 0' => 'venomous: 0'
c1 rule: 'catsize: 0', not 'fins: 0' => 'venomous: 0'
c1 # of rules: 7
c1 rule time: 0.0044

c1 computing class: 1
c1 discrimination constraints: 45h
c1 coverage constraints: 7v+148h
c1 formula: 51v, 259c (215h+44s)
c1 enumerating rules (maxsat-based)
c1 rule: 'backbone: 0', not 'domestic: 0' => 'venomous: 1'
c1 rule: 'breathes: 0', 'legs: 0', 'tail: 0' => 'venomous: 1'
c1 # of rules: 2
c1 rule time: 0.0021

c2 total rules: 9

c0 computing feature 12
c1 computing class: 0
c1 discrimination constraints: 8h
c1 coverage constraints: 44v+925h
c1 formula: 88v, 999c (955h+44s)
c1 enumerating rules (maxsat-based)
c1 rule: 'legs: 4' => 'fins: 0'
c1 # of rules: 1
c1 rule time: 0.0025

c1 computing class: 1
c1 discrimination constraints: 44h
c1 coverage constraints: 8v+169h
c1 formula: 52v, 279c (235h+44s)
c1 enumerating rules (maxsat-based)
c1 rule: 'legs: 0', not 'hair: 0' => 'fins: 1'
c1 rule: not 'hair: 0', not 'aquatic: 0', not 'legs: 4' => 'fins: 1'
c1 # of rules: 2
c1 rule time: 0.0020

c2 total rules: 3

c0 computing feature 13
c1 computing class: 0
c1 discrimination constraints: 40h
c1 coverage constraints: 12v+193h
c1 formula: 54v, 296c (254h+42s)
c1 enumerating rules (maxsat-based)
c1 rule: not 'venomous: 0', not 'fins: 0' => 'legs: 0'
c1 rule: 'predator: 0', not 'fins: 0' => 'legs: 0'
c1 rule: not 'eggs: 0', not 'fins: 0' => 'legs: 0'
c1 rule: 'tail: 0', not 'fins: 0' => 'legs: 0'
c1 rule: 'hair: 0', not 'milk: 0' => 'legs: 0'
c1 rule: 'breathes: 0', not 'toothed: 0' => 'legs: 0'
c1 rule: not 'backbone: 0', not 'venomous: 0' => 'legs: 0'
c1 rule: not 'aquatic: 0', not 'venomous: 0' => 'legs: 0'
c1 rule: 'hair: 0', 'aquatic: 0', not 'toothed: 0' => 'legs: 0'
c1 # of rules: 9
c1 rule time: 0.0034

c1 computing class: 2
c1 discrimination constraints: 35h
c1 coverage constraints: 17v+273h
c1 formula: 59v, 371c (329h+42s)
c1 enumerating rules (maxsat-based)
c1 rule: not 'feathers: 0' => 'legs: 2'
c1 rule: not 'airborne: 0', not 'toothed: 0' => 'legs: 2'
c1 rule: not 'hair: 0', not 'fins: 0', not 'tail: 0' => 'legs: 2'
c1 rule: 'predator: 0', 'tail: 0', not 'catsize: 0' => 'legs: 2'
c1 rule: 'tail: 0', not 'domestic: 0', not 'catsize: 0' => 'legs: 2'
c1 rule: 'eggs: 0', 'predator: 0', 'domestic: 0', 'catsize: 0' => 'legs: 2'
c1 # of rules: 6
c1 rule time: 0.0028

c1 computing class: 4
c1 discrimination constraints: 38h
c1 coverage constraints: 14v+225h
c1 formula: 56v, 326c (284h+42s)
c1 enumerating rules (maxsat-based)
c1 rule: not 'eggs: 0', not 'milk: 0' => 'legs: 4'
c1 rule: 'eggs: 0', 'tail: 0', 'catsize: 0' => 'legs: 4'
c1 rule: 'eggs: 0', 'catsize: 0', not 'domestic: 0' => 'legs: 4'
c1 rule: 'fins: 0', not 'hair: 0', not 'aquatic: 0' => 'legs: 4'
c1 rule: 'milk: 0', 'tail: 0', not 'backbone: 0' => 'legs: 4'
c1 rule: 'catsize: 0', not 'hair: 0', not 'predator: 0' => 'legs: 4'
c1 rule: 'predator: 0', not 'milk: 0', not 'domestic: 0' => 'legs: 4'
c1 rule: not 'milk: 0', not 'tail: 0', not 'domestic: 0' => 'legs: 4'
c1 rule: 'eggs: 0', 'fins: 0', not 'tail: 0', not 'catsize: 0' => 'legs: 4'
c1 rule: 'feathers: 0', 'fins: 0', not 'aquatic: 0', not 'breathes: 0' => 'legs: 4'
c1 rule: 'fins: 0', 'domestic: 0', not 'hair: 0', not 'predator: 0' => 'legs: 4'
c1 # of rules: 11
c1 rule time: 0.0049

c1 computing class: 5
c1 discrimination constraints: 51h
c1 coverage constraints: 1v+17h
c1 formula: 43v, 131c (89h+42s)
c1 enumerating rules (maxsat-based)
c1 # of rules: 0
c1 rule time: 0.0011

c1 computing class: 6
c1 discrimination constraints: 45h
c1 coverage constraints: 7v+113h
c1 formula: 49v, 221c (179h+42s)
c1 enumerating rules (maxsat-based)
c1 rule: 'backbone: 0', not 'domestic: 0' => 'legs: 6'
c1 rule: 'predator: 0', not 'venomous: 0' => 'legs: 6'
c1 rule: 'tail: 0', not 'airborne: 0' => 'legs: 6'
c1 # of rules: 3
c1 rule time: 0.0020

c1 computing class: 8
c1 discrimination constraints: 51h
c1 coverage constraints: 1v+17h
c1 formula: 43v, 131c (89h+42s)
c1 enumerating rules (maxsat-based)
c1 rule: 'backbone: 0', not 'tail: 0' => 'legs: 8'
c1 # of rules: 1
c1 rule time: 0.0010

c2 total rules: 30

c0 computing feature 14
c1 computing class: 0
c1 discrimination constraints: 34h
c1 coverage constraints: 18v+379h
c1 formula: 62v, 479c (435h+44s)
c1 enumerating rules (maxsat-based)
c1 # of rules: 0
c1 rule time: 0.0019

c1 computing class: 1
c1 discrimination constraints: 18h
c1 coverage constraints: 34v+715h
c1 formula: 78v, 799c (755h+44s)
c1 enumerating rules (maxsat-based)
c1 rule: 'catsize: 0', not 'hair: 0', not 'predator: 0' => 'tail: 1'
c1 # of rules: 1
c1 rule time: 0.0035

c2 total rules: 1

c0 computing feature 15
c1 computing class: 0
c1 discrimination constraints: 8h
c1 coverage constraints: 44v+925h
c1 formula: 88v, 999c (955h+44s)
c1 enumerating rules (maxsat-based)
c1 # of rules: 0
c1 rule time: 0.0036

c1 computing class: 1
c1 discrimination constraints: 44h
c1 coverage constraints: 8v+169h
c1 formula: 52v, 279c (235h+44s)
c1 enumerating rules (maxsat-based)
c1 # of rules: 0
c1 rule time: 0.0019

c2 total rules: 0

c0 computing feature 16
c1 computing class: 0
c1 discrimination constraints: 20h
c1 coverage constraints: 32v+673h
c1 formula: 76v, 759c (715h+44s)
c1 enumerating rules (maxsat-based)
c1 rule: 'legs: 6' => 'catsize: 0'
c1 rule: 'legs: 5' => 'catsize: 0'
c1 rule: 'backbone: 0' => 'catsize: 0'
c1 rule: 'fins: 0', not 'venomous: 0' => 'catsize: 0'
c1 rule: 'fins: 0', 'legs: 0' => 'catsize: 0'
c1 # of rules: 5
c1 rule time: 0.0049

c1 computing class: 1
c1 discrimination constraints: 32h
c1 coverage constraints: 20v+421h
c1 formula: 64v, 519c (475h+44s)
c1 enumerating rules (maxsat-based)
c1 # of rules: 0
c1 rule time: 0.0028

c2 total rules: 5
c3 total time: 0.3979

Rules are saved to ../rules/all/q6_zoo_train3.csv.json