c0 # of samps: 84 (80 weighted)
c0 # of feats: 7 (42 binary)
c0 # of labls: 2
c0 parse time: 0.2751


c0 computing feature 1
c1 computing class: (-inf..0.19]
c1 discrimination constraints: 72h
c1 coverage constraints: 7v+260h
c1 formula: 91v, 458c (374h+84s)
c1 enumerating rules (maxsat-based)
c1 rule: 'At3: (-inf..0.17]', 'At6: (0.86..+inf)' => 'At1: (-inf..0.19]'
c1 rule: 'At2: (-inf..0.26]', 'At4: (-inf..0.09]' => 'At1: (-inf..0.19]'
c1 rule: 'At2: (-inf..0.26]', 'At7: (-inf..0.15]' => 'At1: (-inf..0.19]'
c1 rule: 'At2: (0.74..0.86]', 'At3: (-inf..0.17]' => 'At1: (-inf..0.19]'
c1 rule: 'At2: (0.47..0.61]', 'At3: (-inf..0.17]' => 'At1: (-inf..0.19]'
c1 # of rules: 5
c1 rule time: 0.0051

c1 computing class: (0.19..0.32]
c1 discrimination constraints: 64h
c1 coverage constraints: 15v+556h
c1 formula: 99v, 746c (662h+84s)
c1 enumerating rules (maxsat-based)
c1 rule: 'At3: (0.17..0.34]', 'At4: (0.37..0.57]' => 'At1: (0.19..0.32]'
c1 rule: 'At4: (0.37..0.57]', not 'At5: (0.32..+inf)' => 'At1: (0.19..0.32]'
c1 rule: 'At6: (0.8..0.86]', 'At7: (0.15..0.28]' => 'At1: (0.19..0.32]'
c1 rule: 'At2: (0.74..0.86]', 'At3: (0.17..0.34]' => 'At1: (0.19..0.32]'
c1 rule: 'At7: (-inf..0.15]', not 'At3: (-inf..0.17]' => 'At1: (0.19..0.32]'
c1 rule: 'At3: (0.17..0.34]', 'At4: (0.18..0.28]' => 'At1: (0.19..0.32]'
c1 rule: 'At3: (-inf..0.17]', 'At4: (0.18..0.28]' => 'At1: (0.19..0.32]'
c1 rule: 'At2: (0.26..0.47]', not 'At4: (0.57..+inf)' => 'At1: (0.19..0.32]'
c1 rule: 'At2: (0.61..0.74]', 'At7: (0.15..0.28]' => 'At1: (0.19..0.32]'
c1 rule: 'At2: (0.86..+inf)', 'At3: (0.34..0.44]' => 'At1: (0.19..0.32]'
c1 rule: 'At3: (0.34..0.44]', 'At6: (0.8..0.86]' => 'At1: (0.19..0.32]'
c1 # of rules: 11
c1 rule time: 0.0080

c1 computing class: (0.32..0.42]
c1 discrimination constraints: 61h
c1 coverage constraints: 18v+667h
c1 formula: 102v, 854c (770h+84s)
c1 enumerating rules (maxsat-based)
c1 rule: 'At3: (0.17..0.34]', 'At5: (0.32..+inf)' => 'At1: (0.32..0.42]'
c1 rule: 'At5: (0.32..+inf)', 'At7: (0.28..0.39]' => 'At1: (0.32..0.42]'
c1 rule: 'At5: (-inf..0.05]', 'At7: (0.28..0.39]' => 'At1: (0.32..0.42]'
c1 rule: 'At3: (0.17..0.34]', 'At7: (0.28..0.39]' => 'At1: (0.32..0.42]'
c1 rule: 'At5: (0.09..0.14]', 'At7: (0.28..0.39]' => 'At1: (0.32..0.42]'
c1 rule: 'At3: (0.34..0.44]', 'At6: (-inf..0.44]' => 'At1: (0.32..0.42]'
c1 rule: 'At2: (0.86..+inf)', 'At7: (0.39..0.45]' => 'At1: (0.32..0.42]'
c1 rule: 'At2: (0.86..+inf)', 'At3: (0.44..0.51]' => 'At1: (0.32..0.42]'
c1 rule: 'At3: (0.34..0.44]', 'At5: (-inf..0.05]' => 'At1: (0.32..0.42]'
c1 rule: 'At3: (0.34..0.44]', 'At4: (0.28..0.37]' => 'At1: (0.32..0.42]'
c1 rule: 'At3: (0.34..0.44]', 'At6: (0.65..0.74]' => 'At1: (0.32..0.42]'
c1 rule: 'At2: (0.47..0.61]', 'At7: (0.28..0.39]' => 'At1: (0.32..0.42]'
c1 rule: 'At3: (0.34..0.44]', 'At5: (0.05..0.09]', not 'At7: (0.28..0.39]' => 'At1: (0.32..0.42]'
c1 rule: 'At5: (0.05..0.09]', 'At7: (0.39..0.45]', not 'At2: (0.61..0.74]' => 'At1: (0.32..0.42]'
c1 rule: 'At2: (0.74..0.86]', 'At6: (0.74..0.8]', 'At7: (0.39..0.45]' => 'At1: (0.32..0.42]'
c1 # of rules: 15
c1 rule time: 0.0115

c1 computing class: (0.42..0.49]
c1 discrimination constraints: 63h
c1 coverage constraints: 16v+593h
c1 formula: 100v, 782c (698h+84s)
c1 enumerating rules (maxsat-based)
c1 rule: 'At3: (0.51..0.6]', 'At5: (0.14..0.19]' => 'At1: (0.42..0.49]'
c1 rule: 'At2: (0.86..+inf)', 'At3: (0.51..0.6]' => 'At1: (0.42..0.49]'
c1 rule: 'At5: (0.09..0.14]', 'At6: (0.8..0.86]' => 'At1: (0.42..0.49]'
c1 rule: 'At6: (0.86..+inf)', 'At7: (0.45..0.53]' => 'At1: (0.42..0.49]'
c1 rule: 'At2: (0.47..0.61]', 'At4: (0.09..0.18]' => 'At1: (0.42..0.49]'
c1 rule: 'At3: (0.44..0.51]', 'At5: (-inf..0.05]' => 'At1: (0.42..0.49]'
c1 rule: 'At3: (0.34..0.44]', 'At5: (0.09..0.14]' => 'At1: (0.42..0.49]'
c1 rule: 'At3: (0.51..0.6]', 'At5: (0.19..0.32]' => 'At1: (0.42..0.49]'
c1 rule: 'At6: (0.44..0.65]', 'At7: (0.28..0.39]', not 'At2: (0.47..0.61]' => 'At1: (0.42..0.49]'
c1 rule: 'At4: (-inf..0.09]', 'At7: (0.45..0.53]', not 'At3: (0.44..0.51]' => 'At1: (0.42..0.49]'
c1 rule: 'At3: (0.44..0.51]', 'At6: (0.65..0.74]', not 'At5: (0.05..0.09]' => 'At1: (0.42..0.49]'
c1 rule: 'At6: (0.44..0.65]', 'At7: (0.39..0.45]', not 'At2: (0.47..0.61]' => 'At1: (0.42..0.49]'
c1 rule: 'At4: (0.18..0.28]', 'At7: (0.39..0.45]', not 'At3: (0.44..0.51]' => 'At1: (0.42..0.49]'
c1 rule: 'At2: (0.61..0.74]', 'At3: (0.44..0.51]', not 'At4: (-inf..0.09]' => 'At1: (0.42..0.49]'
c1 rule: 'At2: (0.61..0.74]', 'At3: (0.44..0.51]', 'At6: (0.74..0.8]' => 'At1: (0.42..0.49]'
c1 # of rules: 15
c1 rule time: 0.0098

c1 computing class: (0.49..0.59]
c1 discrimination constraints: 68h
c1 coverage constraints: 11v+408h
c1 formula: 95v, 602c (518h+84s)
c1 enumerating rules (maxsat-based)
c1 rule: 'At2: (0.86..+inf)', 'At4: (0.57..+inf)' => 'At1: (0.49..0.59]'
c1 rule: 'At2: (0.47..0.61]', 'At5: (0.05..0.09]' => 'At1: (0.49..0.59]'
c1 rule: 'At2: (0.61..0.74]', 'At7: (0.45..0.53]' => 'At1: (0.49..0.59]'
c1 rule: 'At5: (0.05..0.09]', 'At6: (0.86..+inf)' => 'At1: (0.49..0.59]'
c1 rule: 'At2: (0.86..+inf)', 'At5: (0.32..+inf)' => 'At1: (0.49..0.59]'
c1 rule: 'At4: (0.28..0.37]', 'At6: (0.8..0.86]' => 'At1: (0.49..0.59]'
c1 rule: 'At6: (0.65..0.74]', 'At7: (0.45..0.53]' => 'At1: (0.49..0.59]'
c1 rule: 'At5: (0.05..0.09]', 'At6: (0.65..0.74]' => 'At1: (0.49..0.59]'
c1 rule: 'At2: (0.47..0.61]', 'At3: (0.44..0.51]' => 'At1: (0.49..0.59]'
c1 rule: 'At3: (0.51..0.6]', 'At4: (0.37..0.57]' => 'At1: (0.49..0.59]'
c1 rule: 'At3: (0.51..0.6]', 'At5: (0.09..0.14]', not 'At6: (0.8..0.86]' => 'At1: (0.49..0.59]'
c1 # of rules: 11
c1 rule time: 0.0055

c1 computing class: (0.59..+inf)
c1 discrimination constraints: 67h
c1 coverage constraints: 12v+445h
c1 formula: 96v, 638c (554h+84s)
c1 enumerating rules (maxsat-based)
c1 rule: 'At4: (0.09..0.18]', 'At7: (0.53..+inf)' => 'At1: (0.59..+inf)'
c1 rule: 'At5: (0.09..0.14]', 'At7: (0.53..+inf)' => 'At1: (0.59..+inf)'
c1 rule: 'At2: (0.74..0.86]', 'At7: (0.53..+inf)' => 'At1: (0.59..+inf)'
c1 rule: 'At3: (0.6..+inf)', 'At5: (0.05..0.09]' => 'At1: (0.59..+inf)'
c1 rule: 'At2: (0.61..0.74]', 'At4: (0.57..+inf)' => 'At1: (0.59..+inf)'
c1 rule: 'At2: (0.47..0.61]', 'At3: (0.6..+inf)' => 'At1: (0.59..+inf)'
c1 rule: 'At4: (0.28..0.37]', 'At7: (0.53..+inf)' => 'At1: (0.59..+inf)'
c1 rule: 'At7: (0.53..+inf)', not 'At6: (0.86..+inf)' => 'At1: (0.59..+inf)'
c1 # of rules: 8
c1 rule time: 0.0053

c2 total rules: 65

c0 computing feature 2
c1 computing class: (-inf..0.26]
c1 discrimination constraints: 76h
c1 coverage constraints: 3v+112h
c1 formula: 87v, 314c (230h+84s)
c1 enumerating rules (maxsat-based)
c1 rule: 'At1: (-inf..0.19]', 'At4: (0.28..0.37]' => 'At2: (-inf..0.26]'
c1 rule: 'At3: (-inf..0.17]', not 'At1: (-inf..0.19]' => 'At2: (-inf..0.26]'
c1 rule: 'At3: (-inf..0.17]', 'At6: (-inf..0.44]' => 'At2: (-inf..0.26]'
c1 # of rules: 3
c1 rule time: 0.0032

c1 computing class: (0.26..0.47]
c1 discrimination constraints: 75h
c1 coverage constraints: 4v+149h
c1 formula: 88v, 350c (266h+84s)
c1 enumerating rules (maxsat-based)
c1 rule: 'At4: (0.09..0.18]', 'At6: (-inf..0.44]' => 'At2: (0.26..0.47]'
c1 rule: 'At3: (0.17..0.34]', 'At6: (-inf..0.44]' => 'At2: (0.26..0.47]'
c1 # of rules: 2
c1 rule time: 0.0027

c1 computing class: (0.47..0.61]
c1 discrimination constraints: 65h
c1 coverage constraints: 14v+519h
c1 formula: 98v, 710c (626h+84s)
c1 enumerating rules (maxsat-based)
c1 rule: 'At3: (0.34..0.44]', 'At6: (-inf..0.44]' => 'At2: (0.47..0.61]'
c1 rule: 'At3: (-inf..0.17]', 'At5: (0.32..+inf)' => 'At2: (0.47..0.61]'
c1 rule: 'At5: (0.32..+inf)', 'At7: (0.28..0.39]' => 'At2: (0.47..0.61]'
c1 rule: 'At5: (0.09..0.14]', 'At6: (0.44..0.65]' => 'At2: (0.47..0.61]'
c1 rule: 'At1: (0.32..0.42]', 'At6: (0.44..0.65]' => 'At2: (0.47..0.61]'
c1 rule: 'At5: (0.14..0.19]', 'At7: (-inf..0.15]' => 'At2: (0.47..0.61]'
c1 rule: 'At3: (-inf..0.17]', 'At6: (0.44..0.65]' => 'At2: (0.47..0.61]'
c1 rule: 'At5: (0.14..0.19]', 'At6: (0.44..0.65]' => 'At2: (0.47..0.61]'
c1 rule: 'At5: (0.14..0.19]', 'At7: (0.39..0.45]' => 'At2: (0.47..0.61]'
c1 rule: 'At1: (-inf..0.19]', 'At6: (0.65..0.74]' => 'At2: (0.47..0.61]'
c1 rule: 'At1: (0.49..0.59]', 'At6: (0.74..0.8]', not 'At3: (0.51..0.6]' => 'At2: (0.47..0.61]'
c1 # of rules: 11
c1 rule time: 0.0084

c1 computing class: (0.61..0.74]
c1 discrimination constraints: 61h
c1 coverage constraints: 18v+667h
c1 formula: 102v, 854c (770h+84s)
c1 enumerating rules (maxsat-based)
c1 rule: 'At3: (0.34..0.44]', 'At6: (0.86..+inf)' => 'At2: (0.61..0.74]'
c1 rule: 'At3: (0.34..0.44]', 'At4: (0.28..0.37]' => 'At2: (0.61..0.74]'
c1 rule: 'At3: (0.6..+inf)', 'At6: (0.44..0.65]' => 'At2: (0.61..0.74]'
c1 rule: 'At1: (0.59..+inf)', not 'At3: (0.6..+inf)' => 'At2: (0.61..0.74]'
c1 rule: 'At7: (0.53..+inf)', not 'At3: (0.6..+inf)' => 'At2: (0.61..0.74]'
c1 rule: 'At1: (0.42..0.49]', 'At7: (0.28..0.39]' => 'At2: (0.61..0.74]'
c1 rule: 'At3: (0.17..0.34]', 'At6: (0.65..0.74]' => 'At2: (0.61..0.74]'
c1 rule: 'At5: (0.05..0.09]', 'At6: (0.65..0.74]' => 'At2: (0.61..0.74]'
c1 rule: 'At5: (0.05..0.09]', 'At6: (0.44..0.65]' => 'At2: (0.61..0.74]'
c1 rule: 'At1: (0.42..0.49]', 'At5: (0.05..0.09]', not 'At7: (0.45..0.53]' => 'At2: (0.61..0.74]'
c1 rule: 'At3: (0.34..0.44]', 'At5: (0.09..0.14]', not 'At6: (0.44..0.65]' => 'At2: (0.61..0.74]'
c1 rule: 'At1: (0.42..0.49]', 'At5: (0.09..0.14]', 'At6: (0.74..0.8]' => 'At2: (0.61..0.74]'
c1 rule: 'At5: (-inf..0.05]', 'At6: (0.8..0.86]', 'At7: (0.53..+inf)' => 'At2: (0.61..0.74]'
c1 rule: 'At3: (0.34..0.44]', 'At5: (0.19..0.32]', not 'At7: (0.15..0.28]' => 'At2: (0.61..0.74]'
c1 rule: 'At3: (0.17..0.34]', 'At6: (0.44..0.65]', not 'At1: (0.32..0.42]' => 'At2: (0.61..0.74]'
c1 # of rules: 15
c1 rule time: 0.0140

c1 computing class: (0.74..0.86]
c1 discrimination constraints: 52h
c1 coverage constraints: 27v+1000h
c1 formula: 111v, 1178c (1094h+84s)
c1 enumerating rules (maxsat-based)
c1 rule: 'At5: (0.19..0.32]', 'At7: (0.15..0.28]' => 'At2: (0.74..0.86]'
c1 rule: 'At3: (0.51..0.6]', 'At5: (0.19..0.32]' => 'At2: (0.74..0.86]'
c1 rule: 'At5: (0.19..0.32]', 'At7: (0.45..0.53]' => 'At2: (0.74..0.86]'
c1 rule: 'At4: (0.28..0.37]', 'At7: (0.45..0.53]' => 'At2: (0.74..0.86]'
c1 rule: 'At1: (0.42..0.49]', 'At4: (0.28..0.37]' => 'At2: (0.74..0.86]'
c1 rule: 'At1: (0.19..0.32]', 'At4: (0.28..0.37]' => 'At2: (0.74..0.86]'
c1 rule: 'At1: (0.42..0.49]', 'At5: (-inf..0.05]' => 'At2: (0.74..0.86]'
c1 rule: 'At6: (0.74..0.8]', 'At7: (0.53..+inf)' => 'At2: (0.74..0.86]'
c1 rule: 'At3: (0.51..0.6]', 'At6: (0.74..0.8]' => 'At2: (0.74..0.86]'
c1 rule: 'At5: (0.32..+inf)', 'At6: (0.8..0.86]' => 'At2: (0.74..0.86]'
c1 rule: 'At6: (0.65..0.74]', 'At7: (0.45..0.53]' => 'At2: (0.74..0.86]'
c1 rule: 'At3: (0.34..0.44]', 'At6: (0.8..0.86]' => 'At2: (0.74..0.86]'
c1 rule: 'At3: (0.6..+inf)', 'At6: (0.65..0.74]' => 'At2: (0.74..0.86]'
c1 rule: 'At1: (0.32..0.42]', 'At5: (0.05..0.09]' => 'At2: (0.74..0.86]'
c1 rule: 'At1: (-inf..0.19]', 'At6: (0.8..0.86]' => 'At2: (0.74..0.86]'
c1 rule: 'At5: (0.09..0.14]', 'At6: (0.8..0.86]' => 'At2: (0.74..0.86]'
c1 rule: 'At1: (0.59..+inf)', 'At4: (0.37..0.57]' => 'At2: (0.74..0.86]'
c1 rule: 'At1: (0.19..0.32]', 'At5: (0.05..0.09]' => 'At2: (0.74..0.86]'
c1 rule: 'At3: (0.51..0.6]', not 'At4: (0.09..0.18]', not 'At7: (0.53..+inf)' => 'At2: (0.74..0.86]'
c1 rule: 'At5: (0.09..0.14]', 'At7: (0.39..0.45]', not 'At1: (0.42..0.49]' => 'At2: (0.74..0.86]'
c1 rule: 'At1: (0.32..0.42]', 'At5: (0.14..0.19]', not 'At6: (0.44..0.65]' => 'At2: (0.74..0.86]'
c1 rule: 'At1: (0.32..0.42]', 'At5: (-inf..0.05]', 'At6: (0.65..0.74]' => 'At2: (0.74..0.86]'
c1 rule: 'At3: (0.17..0.34]', 'At4: (-inf..0.09]', not 'At6: (0.44..0.65]' => 'At2: (0.74..0.86]'
c1 # of rules: 23
c1 rule time: 0.0179

c1 computing class: (0.86..+inf)
c1 discrimination constraints: 66h
c1 coverage constraints: 13v+482h
c1 formula: 97v, 674c (590h+84s)
c1 enumerating rules (maxsat-based)
c1 rule: 'At3: (0.6..+inf)', 'At5: (0.05..0.09]' => 'At2: (0.86..+inf)'
c1 rule: 'At5: (0.14..0.19]', 'At6: (0.86..+inf)' => 'At2: (0.86..+inf)'
c1 rule: 'At3: (0.51..0.6]', 'At5: (0.14..0.19]' => 'At2: (0.86..+inf)'
c1 rule: 'At1: (0.49..0.59]', 'At4: (0.57..+inf)' => 'At2: (0.86..+inf)'
c1 rule: 'At3: (0.6..+inf)', not 'At1: (0.59..+inf)' => 'At2: (0.86..+inf)'
c1 rule: 'At5: (0.09..0.14]', 'At6: (0.86..+inf)' => 'At2: (0.86..+inf)'
c1 rule: 'At4: (0.37..0.57]', 'At5: (-inf..0.05]' => 'At2: (0.86..+inf)'
c1 rule: 'At1: (0.19..0.32]', 'At6: (0.74..0.8]', not 'At3: (0.17..0.34]' => 'At2: (0.86..+inf)'
c1 rule: 'At3: (0.44..0.51]', 'At4: (0.18..0.28]', not 'At6: (0.44..0.65]' => 'At2: (0.86..+inf)'
c1 rule: 'At3: (0.44..0.51]', 'At7: (0.28..0.39]', not 'At6: (0.44..0.65]' => 'At2: (0.86..+inf)'
c1 rule: 'At3: (0.44..0.51]', 'At5: (0.19..0.32]', not 'At1: (0.42..0.49]' => 'At2: (0.86..+inf)'
c1 rule: 'At1: (0.42..0.49]', 'At5: (0.05..0.09]', not 'At4: (-inf..0.09]' => 'At2: (0.86..+inf)'
c1 rule: 'At4: (0.18..0.28]', 'At6: (0.74..0.8]', not 'At1: (0.42..0.49]' => 'At2: (0.86..+inf)'
c1 # of rules: 13
c1 rule time: 0.0105

c2 total rules: 67

c0 computing feature 3
c1 computing class: (-inf..0.17]
c1 discrimination constraints: 71h
c1 coverage constraints: 8v+297h
c1 formula: 92v, 494c (410h+84s)
c1 enumerating rules (maxsat-based)
c1 rule: 'At1: (-inf..0.19]' => 'At3: (-inf..0.17]'
c1 rule: 'At2: (-inf..0.26]' => 'At3: (-inf..0.17]'
c1 # of rules: 2
c1 rule time: 0.0031

c1 computing class: (0.17..0.34]
c1 discrimination constraints: 65h
c1 coverage constraints: 14v+519h
c1 formula: 98v, 710c (626h+84s)
c1 enumerating rules (maxsat-based)
c1 rule: 'At2: (0.26..0.47]' => 'At3: (0.17..0.34]'
c1 rule: 'At4: (0.09..0.18]', 'At7: (0.15..0.28]' => 'At3: (0.17..0.34]'
c1 rule: 'At6: (0.74..0.8]', 'At7: (0.15..0.28]' => 'At3: (0.17..0.34]'
c1 rule: 'At5: (-inf..0.05]', not 'At4: (-inf..0.09]' => 'At3: (0.17..0.34]'
c1 rule: 'At5: (-inf..0.05]', 'At6: (0.44..0.65]' => 'At3: (0.17..0.34]'
c1 rule: 'At6: (0.8..0.86]', 'At7: (0.15..0.28]' => 'At3: (0.17..0.34]'
c1 rule: 'At4: (0.28..0.37]', 'At6: (0.44..0.65]' => 'At3: (0.17..0.34]'
c1 rule: 'At4: (0.09..0.18]', 'At6: (0.65..0.74]', not 'At7: (0.45..0.53]' => 'At3: (0.17..0.34]'
c1 # of rules: 8
c1 rule time: 0.0065

c1 computing class: (0.34..0.44]
c1 discrimination constraints: 63h
c1 coverage constraints: 16v+593h
c1 formula: 100v, 782c (698h+84s)
c1 enumerating rules (maxsat-based)
c1 rule: 'At5: (0.05..0.09]', 'At7: (0.28..0.39]' => 'At3: (0.34..0.44]'
c1 rule: 'At5: (0.14..0.19]', 'At7: (0.28..0.39]' => 'At3: (0.34..0.44]'
c1 rule: 'At2: (0.74..0.86]', 'At6: (0.44..0.65]' => 'At3: (0.34..0.44]'
c1 rule: 'At1: (0.42..0.49]', 'At2: (0.47..0.61]' => 'At3: (0.34..0.44]'
c1 rule: 'At2: (0.47..0.61]', 'At6: (-inf..0.44]' => 'At3: (0.34..0.44]'
c1 rule: 'At4: (0.18..0.28]', 'At6: (0.65..0.74]' => 'At3: (0.34..0.44]'
c1 rule: 'At2: (0.74..0.86]', 'At7: (0.28..0.39]' => 'At3: (0.34..0.44]'
c1 rule: 'At4: (0.37..0.57]', 'At6: (0.65..0.74]' => 'At3: (0.34..0.44]'
c1 rule: 'At1: (0.32..0.42]', 'At2: (0.61..0.74]', not 'At7: (0.28..0.39]' => 'At3: (0.34..0.44]'
c1 rule: 'At1: (0.32..0.42]', 'At2: (0.61..0.74]', not 'At6: (0.65..0.74]' => 'At3: (0.34..0.44]'
c1 rule: 'At1: (0.32..0.42]', 'At4: (0.09..0.18]', not 'At5: (0.09..0.14]' => 'At3: (0.34..0.44]'
c1 # of rules: 11
c1 rule time: 0.0085

c1 computing class: (0.44..0.51]
c1 discrimination constraints: 63h
c1 coverage constraints: 16v+593h
c1 formula: 100v, 782c (698h+84s)
c1 enumerating rules (maxsat-based)
c1 rule: 'At1: (0.32..0.42]', 'At6: (0.8..0.86]' => 'At3: (0.44..0.51]'
c1 rule: 'At6: (0.8..0.86]', 'At7: (0.39..0.45]' => 'At3: (0.44..0.51]'
c1 rule: 'At5: (0.19..0.32]', 'At7: (0.39..0.45]' => 'At3: (0.44..0.51]'
c1 rule: 'At2: (0.61..0.74]', 'At7: (0.45..0.53]' => 'At3: (0.44..0.51]'
c1 rule: 'At5: (0.05..0.09]', 'At6: (0.44..0.65]' => 'At3: (0.44..0.51]'
c1 rule: 'At1: (0.49..0.59]', 'At5: (0.14..0.19]' => 'At3: (0.44..0.51]'
c1 rule: 'At1: (0.49..0.59]', 'At2: (0.47..0.61]' => 'At3: (0.44..0.51]'
c1 rule: 'At1: (0.49..0.59]', 'At7: (0.39..0.45]' => 'At3: (0.44..0.51]'
c1 rule: 'At1: (0.32..0.42]', 'At2: (0.86..+inf)' => 'At3: (0.44..0.51]'
c1 rule: 'At5: (0.19..0.32]', 'At6: (0.86..+inf)' => 'At3: (0.44..0.51]'
c1 rule: 'At1: (0.42..0.49]', 'At7: (0.28..0.39]' => 'At3: (0.44..0.51]'
c1 rule: 'At2: (0.74..0.86]', 'At7: (0.39..0.45]', not 'At5: (0.05..0.09]' => 'At3: (0.44..0.51]'
c1 rule: 'At4: (-inf..0.09]', 'At7: (0.39..0.45]', not 'At6: (0.86..+inf)' => 'At3: (0.44..0.51]'
c1 # of rules: 13
c1 rule time: 0.0095

c1 computing class: (0.51..0.6]
c1 discrimination constraints: 67h
c1 coverage constraints: 12v+445h
c1 formula: 96v, 638c (554h+84s)
c1 enumerating rules (maxsat-based)
c1 rule: 'At4: (0.28..0.37]', 'At5: (0.32..+inf)' => 'At3: (0.51..0.6]'
c1 rule: 'At5: (0.32..+inf)', 'At7: (0.45..0.53]' => 'At3: (0.51..0.6]'
c1 rule: 'At4: (0.09..0.18]', 'At7: (0.45..0.53]' => 'At3: (0.51..0.6]'
c1 rule: 'At4: (0.18..0.28]', 'At7: (0.45..0.53]' => 'At3: (0.51..0.6]'
c1 rule: 'At6: (0.8..0.86]', 'At7: (0.45..0.53]' => 'At3: (0.51..0.6]'
c1 rule: 'At5: (0.05..0.09]', 'At6: (0.86..+inf)' => 'At3: (0.51..0.6]'
c1 # of rules: 6
c1 rule time: 0.0051

c1 computing class: (0.6..+inf)
c1 discrimination constraints: 66h
c1 coverage constraints: 13v+482h
c1 formula: 97v, 674c (590h+84s)
c1 enumerating rules (maxsat-based)
c1 rule: 'At1: (0.59..+inf)', 'At4: (-inf..0.09]' => 'At3: (0.6..+inf)'
c1 rule: 'At1: (0.59..+inf)', not 'At4: (0.28..0.37]' => 'At3: (0.6..+inf)'
c1 rule: 'At1: (0.49..0.59]', 'At2: (0.86..+inf)' => 'At3: (0.6..+inf)'
c1 # of rules: 3
c1 rule time: 0.0037

c2 total rules: 43

c0 computing feature 4
c1 computing class: (-inf..0.09]
c1 discrimination constraints: 54h
c1 coverage constraints: 25v+926h
c1 formula: 109v, 1106c (1022h+84s)
c1 enumerating rules (maxsat-based)
c1 rule: 'At3: (-inf..0.17]', 'At5: (-inf..0.05]' => 'At4: (-inf..0.09]'
c1 rule: 'At2: (0.47..0.61]', 'At7: (0.53..+inf)' => 'At4: (-inf..0.09]'
c1 rule: 'At2: (0.47..0.61]', 'At5: (-inf..0.05]' => 'At4: (-inf..0.09]'
c1 rule: 'At1: (0.32..0.42]', 'At5: (-inf..0.05]' => 'At4: (-inf..0.09]'
c1 rule: 'At5: (-inf..0.05]', not 'At6: (0.8..0.86]' => 'At4: (-inf..0.09]'
c1 rule: 'At2: (0.61..0.74]', 'At5: (0.05..0.09]' => 'At4: (-inf..0.09]'
c1 rule: 'At2: (0.61..0.74]', 'At6: (0.8..0.86]' => 'At4: (-inf..0.09]'
c1 rule: 'At6: (0.8..0.86]', 'At7: (0.39..0.45]' => 'At4: (-inf..0.09]'
c1 rule: 'At2: (0.74..0.86]', 'At5: (-inf..0.05]' => 'At4: (-inf..0.09]'
c1 rule: 'At6: (0.74..0.8]', 'At7: (0.53..+inf)' => 'At4: (-inf..0.09]'
c1 rule: 'At5: (0.05..0.09]', 'At7: (0.53..+inf)' => 'At4: (-inf..0.09]'
c1 rule: 'At1: (0.49..0.59]', 'At5: (0.05..0.09]' => 'At4: (-inf..0.09]'
c1 rule: 'At3: (0.6..+inf)', 'At6: (0.65..0.74]' => 'At4: (-inf..0.09]'
c1 rule: 'At5: (0.05..0.09]', 'At7: (0.28..0.39]' => 'At4: (-inf..0.09]'
c1 rule: 'At5: (0.05..0.09]', not 'At2: (0.86..+inf)', not 'At6: (0.74..0.8]' => 'At4: (-inf..0.09]'
c1 # of rules: 15
c1 rule time: 0.0112

c1 computing class: (0.09..0.18]
c1 discrimination constraints: 63h
c1 coverage constraints: 16v+593h
c1 formula: 100v, 782c (698h+84s)
c1 enumerating rules (maxsat-based)
c1 rule: 'At1: (0.42..0.49]', 'At2: (0.86..+inf)' => 'At4: (0.09..0.18]'
c1 rule: 'At2: (0.61..0.74]', 'At5: (0.09..0.14]' => 'At4: (0.09..0.18]'
c1 rule: 'At3: (0.34..0.44]', 'At5: (0.09..0.14]' => 'At4: (0.09..0.18]'
c1 rule: 'At1: (0.32..0.42]', 'At5: (0.09..0.14]' => 'At4: (0.09..0.18]'
c1 rule: 'At3: (0.51..0.6]', 'At5: (0.09..0.14]' => 'At4: (0.09..0.18]'
c1 rule: 'At3: (0.17..0.34]', 'At5: (0.05..0.09]' => 'At4: (0.09..0.18]'
c1 rule: 'At5: (0.09..0.14]', 'At6: (0.86..+inf)' => 'At4: (0.09..0.18]'
c1 rule: 'At1: (0.32..0.42]', 'At6: (0.74..0.8]', not 'At5: (0.19..0.32]' => 'At4: (0.09..0.18]'
c1 rule: 'At5: (0.09..0.14]', 'At7: (0.15..0.28]', not 'At6: (0.74..0.8]' => 'At4: (0.09..0.18]'
c1 # of rules: 9
c1 rule time: 0.0097

c1 computing class: (0.18..0.28]
c1 discrimination constraints: 64h
c1 coverage constraints: 15v+556h
c1 formula: 99v, 746c (662h+84s)
c1 enumerating rules (maxsat-based)
c1 rule: 'At2: (0.86..+inf)', 'At3: (0.34..0.44]' => 'At4: (0.18..0.28]'
c1 rule: 'At3: (0.34..0.44]', 'At5: (0.14..0.19]' => 'At4: (0.18..0.28]'
c1 rule: 'At5: (0.14..0.19]', 'At6: (-inf..0.44]' => 'At4: (0.18..0.28]'
c1 rule: 'At3: (0.44..0.51]', 'At5: (0.14..0.19]' => 'At4: (0.18..0.28]'
c1 rule: 'At3: (0.51..0.6]', 'At5: (0.19..0.32]' => 'At4: (0.18..0.28]'
c1 rule: 'At1: (0.42..0.49]', 'At7: (0.28..0.39]' => 'At4: (0.18..0.28]'
c1 rule: 'At5: (0.19..0.32]', 'At6: (0.65..0.74]', not 'At7: (0.39..0.45]' => 'At4: (0.18..0.28]'
c1 rule: 'At3: (0.17..0.34]', 'At5: (0.09..0.14]', 'At6: (0.74..0.8]' => 'At4: (0.18..0.28]'
c1 rule: 'At1: (0.19..0.32]', 'At5: (0.09..0.14]', not 'At7: (0.15..0.28]' => 'At4: (0.18..0.28]'
c1 rule: 'At3: (0.44..0.51]', 'At7: (0.28..0.39]', not 'At6: (0.74..0.8]' => 'At4: (0.18..0.28]'
c1 rule: 'At2: (0.74..0.86]', 'At6: (0.8..0.86]', 'At7: (0.53..+inf)' => 'At4: (0.18..0.28]'
c1 # of rules: 11
c1 rule time: 0.0111

c1 computing class: (0.28..0.37]
c1 discrimination constraints: 70h
c1 coverage constraints: 9v+334h
c1 formula: 93v, 530c (446h+84s)
c1 enumerating rules (maxsat-based)
c1 rule: 'At1: (0.42..0.49]', 'At6: (0.65..0.74]' => 'At4: (0.28..0.37]'
c1 rule: 'At5: (0.19..0.32]', 'At7: (0.39..0.45]' => 'At4: (0.28..0.37]'
c1 rule: 'At5: (0.19..0.32]', 'At6: (0.86..+inf)' => 'At4: (0.28..0.37]'
c1 rule: 'At3: (0.17..0.34]', 'At5: (0.14..0.19]' => 'At4: (0.28..0.37]'
c1 rule: 'At2: (-inf..0.26]', 'At5: (0.09..0.14]' => 'At4: (0.28..0.37]'
c1 rule: 'At1: (0.59..+inf)', not 'At3: (0.6..+inf)' => 'At4: (0.28..0.37]'
c1 rule: 'At5: (0.19..0.32]', 'At6: (0.74..0.8]', not 'At2: (0.74..0.86]' => 'At4: (0.28..0.37]'
c1 rule: 'At2: (0.47..0.61]', 'At5: (0.19..0.32]', not 'At1: (-inf..0.19]' => 'At4: (0.28..0.37]'
c1 # of rules: 8
c1 rule time: 0.0070

c1 computing class: (0.37..0.57]
c1 discrimination constraints: 72h
c1 coverage constraints: 7v+260h
c1 formula: 91v, 458c (374h+84s)
c1 enumerating rules (maxsat-based)
c1 rule: 'At3: (0.34..0.44]', 'At5: (0.32..+inf)' => 'At4: (0.37..0.57]'
c1 rule: 'At5: (0.19..0.32]', 'At6: (-inf..0.44]' => 'At4: (0.37..0.57]'
c1 rule: 'At1: (0.19..0.32]', 'At5: (0.19..0.32]' => 'At4: (0.37..0.57]'
c1 rule: 'At2: (0.86..+inf)', 'At5: (-inf..0.05]' => 'At4: (0.37..0.57]'
c1 rule: 'At2: (0.74..0.86]', 'At5: (0.32..+inf)', not 'At6: (0.8..0.86]' => 'At4: (0.37..0.57]'
c1 # of rules: 5
c1 rule time: 0.0053

c1 computing class: (0.57..+inf)
c1 discrimination constraints: 72h
c1 coverage constraints: 7v+260h
c1 formula: 91v, 458c (374h+84s)
c1 enumerating rules (maxsat-based)
c1 rule: 'At1: (-inf..0.19]', 'At5: (0.19..0.32]' => 'At4: (0.57..+inf)'
c1 rule: 'At1: (-inf..0.19]', not 'At7: (-inf..0.15]' => 'At4: (0.57..+inf)'
c1 rule: 'At5: (0.32..+inf)', 'At6: (-inf..0.44]' => 'At4: (0.57..+inf)'
c1 rule: 'At1: (-inf..0.19]', 'At5: (0.14..0.19]' => 'At4: (0.57..+inf)'
c1 # of rules: 4
c1 rule time: 0.0042

c2 total rules: 52

c0 computing feature 5
c1 computing class: (-inf..0.05]
c1 discrimination constraints: 65h
c1 coverage constraints: 14v+519h
c1 formula: 98v, 710c (626h+84s)
c1 enumerating rules (maxsat-based)
c1 rule: 'At3: (0.17..0.34]', 'At4: (-inf..0.09]' => 'At5: (-inf..0.05]'
c1 rule: 'At4: (-inf..0.09]', 'At7: (0.15..0.28]' => 'At5: (-inf..0.05]'
c1 rule: 'At6: (0.8..0.86]', 'At7: (0.15..0.28]' => 'At5: (-inf..0.05]'
c1 rule: 'At3: (0.34..0.44]', 'At6: (0.86..+inf)' => 'At5: (-inf..0.05]'
c1 rule: 'At2: (0.61..0.74]', 'At6: (0.8..0.86]' => 'At5: (-inf..0.05]'
c1 rule: 'At4: (-inf..0.09]', 'At7: (-inf..0.15]' => 'At5: (-inf..0.05]'
c1 rule: 'At2: (0.47..0.61]', 'At3: (0.6..+inf)' => 'At5: (-inf..0.05]'
c1 rule: 'At4: (-inf..0.09]', 'At6: (0.86..+inf)', not 'At3: (0.51..0.6]' => 'At5: (-inf..0.05]'
c1 rule: 'At1: (0.32..0.42]', 'At4: (-inf..0.09]', not 'At3: (0.44..0.51]' => 'At5: (-inf..0.05]'
c1 rule: 'At6: (0.8..0.86]', 'At7: (0.39..0.45]', not 'At1: (0.32..0.42]' => 'At5: (-inf..0.05]'
c1 # of rules: 10
c1 rule time: 0.0083

c1 computing class: (0.05..0.09]
c1 discrimination constraints: 66h
c1 coverage constraints: 13v+482h
c1 formula: 97v, 674c (590h+84s)
c1 enumerating rules (maxsat-based)
c1 rule: 'At3: (0.51..0.6]', 'At4: (-inf..0.09]' => 'At5: (0.05..0.09]'
c1 rule: 'At1: (0.49..0.59]', 'At4: (-inf..0.09]' => 'At5: (0.05..0.09]'
c1 rule: 'At2: (0.86..+inf)', 'At4: (-inf..0.09]' => 'At5: (0.05..0.09]'
c1 rule: 'At1: (0.32..0.42]', 'At2: (0.74..0.86]', 'At6: (0.8..0.86]' => 'At5: (0.05..0.09]'
c1 rule: 'At3: (0.44..0.51]', 'At4: (-inf..0.09]', not 'At6: (0.8..0.86]' => 'At5: (0.05..0.09]'
c1 rule: 'At6: (0.8..0.86]', 'At7: (0.28..0.39]', not 'At4: (0.18..0.28]' => 'At5: (0.05..0.09]'
c1 rule: 'At2: (0.74..0.86]', 'At3: (0.34..0.44]', 'At6: (0.74..0.8]' => 'At5: (0.05..0.09]'
c1 rule: 'At1: (0.19..0.32]', 'At4: (0.09..0.18]', not 'At2: (0.26..0.47]' => 'At5: (0.05..0.09]'
c1 # of rules: 8
c1 rule time: 0.0073

c1 computing class: (0.09..0.14]
c1 discrimination constraints: 63h
c1 coverage constraints: 16v+593h
c1 formula: 100v, 782c (698h+84s)
c1 enumerating rules (maxsat-based)
c1 rule: 'At2: (-inf..0.26]', 'At4: (0.28..0.37]' => 'At5: (0.09..0.14]'
c1 rule: 'At1: (0.59..+inf)', 'At6: (0.74..0.8]' => 'At5: (0.09..0.14]'
c1 rule: 'At4: (0.18..0.28]', 'At7: (-inf..0.15]' => 'At5: (0.09..0.14]'
c1 rule: 'At3: (0.17..0.34]', 'At6: (0.65..0.74]' => 'At5: (0.09..0.14]'
c1 rule: 'At4: (0.09..0.18]', 'At7: (0.28..0.39]' => 'At5: (0.09..0.14]'
c1 rule: 'At2: (0.61..0.74]', 'At4: (0.09..0.18]' => 'At5: (0.09..0.14]'
c1 rule: 'At3: (0.44..0.51]', 'At4: (0.09..0.18]' => 'At5: (0.09..0.14]'
c1 rule: 'At4: (0.09..0.18]', 'At6: (-inf..0.44]' => 'At5: (0.09..0.14]'
c1 rule: 'At4: (0.09..0.18]', 'At6: (0.44..0.65]' => 'At5: (0.09..0.14]'
c1 rule: 'At1: (0.59..+inf)', 'At4: (0.09..0.18]' => 'At5: (0.09..0.14]'
c1 rule: 'At4: (0.09..0.18]', 'At6: (0.65..0.74]' => 'At5: (0.09..0.14]'
c1 rule: 'At3: (0.17..0.34]', 'At4: (0.18..0.28]' => 'At5: (0.09..0.14]'
c1 rule: 'At3: (0.6..+inf)', 'At6: (0.65..0.74]' => 'At5: (0.09..0.14]'
c1 rule: 'At1: (0.49..0.59]', 'At4: (0.09..0.18]' => 'At5: (0.09..0.14]'
c1 rule: 'At4: (0.09..0.18]', not 'At2: (0.86..+inf)', not 'At6: (0.74..0.8]' => 'At5: (0.09..0.14]'
c1 # of rules: 15
c1 rule time: 0.0122

c1 computing class: (0.14..0.19]
c1 discrimination constraints: 68h
c1 coverage constraints: 11v+408h
c1 formula: 95v, 602c (518h+84s)
c1 enumerating rules (maxsat-based)
c1 rule: 'At4: (0.28..0.37]', 'At7: (0.15..0.28]' => 'At5: (0.14..0.19]'
c1 rule: 'At2: (0.47..0.61]', 'At4: (0.18..0.28]' => 'At5: (0.14..0.19]'
c1 rule: 'At3: (-inf..0.17]', 'At4: (0.18..0.28]' => 'At5: (0.14..0.19]'
c1 rule: 'At2: (0.86..+inf)', 'At3: (0.34..0.44]' => 'At5: (0.14..0.19]'
c1 rule: 'At4: (0.57..+inf)', 'At6: (0.65..0.74]' => 'At5: (0.14..0.19]'
c1 rule: 'At1: (0.19..0.32]', 'At4: (0.18..0.28]', not 'At3: (0.17..0.34]' => 'At5: (0.14..0.19]'
c1 rule: 'At2: (0.74..0.86]', 'At7: (0.28..0.39]', not 'At4: (-inf..0.09]' => 'At5: (0.14..0.19]'
c1 rule: 'At2: (0.86..+inf)', 'At3: (0.51..0.6]', not 'At6: (0.8..0.86]' => 'At5: (0.14..0.19]'
c1 # of rules: 8
c1 rule time: 0.0073

c1 computing class: (0.19..0.32]
c1 discrimination constraints: 66h
c1 coverage constraints: 13v+482h
c1 formula: 97v, 674c (590h+84s)
c1 enumerating rules (maxsat-based)
c1 rule: 'At2: (0.74..0.86]', 'At4: (0.57..+inf)' => 'At5: (0.19..0.32]'
c1 rule: 'At4: (0.28..0.37]', 'At7: (0.28..0.39]' => 'At5: (0.19..0.32]'
c1 rule: 'At1: (0.42..0.49]', 'At7: (0.28..0.39]' => 'At5: (0.19..0.32]'
c1 rule: 'At1: (0.42..0.49]', 'At6: (0.65..0.74]' => 'At5: (0.19..0.32]'
c1 rule: 'At1: (0.42..0.49]', 'At4: (0.28..0.37]' => 'At5: (0.19..0.32]'
c1 rule: 'At4: (0.28..0.37]', 'At7: (0.39..0.45]' => 'At5: (0.19..0.32]'
c1 rule: 'At4: (0.18..0.28]', 'At7: (0.45..0.53]' => 'At5: (0.19..0.32]'
c1 rule: 'At2: (0.74..0.86]', 'At6: (0.44..0.65]' => 'At5: (0.19..0.32]'
c1 rule: 'At2: (0.26..0.47]', 'At4: (0.37..0.57]' => 'At5: (0.19..0.32]'
c1 rule: 'At1: (-inf..0.19]', 'At6: (0.44..0.65]' => 'At5: (0.19..0.32]'
c1 rule: 'At1: (0.32..0.42]', 'At4: (0.18..0.28]', not 'At3: (0.34..0.44]' => 'At5: (0.19..0.32]'
c1 rule: 'At1: (0.32..0.42]', 'At2: (0.61..0.74]', 'At4: (0.18..0.28]' => 'At5: (0.19..0.32]'
c1 # of rules: 12
c1 rule time: 0.0093

c1 computing class: (0.32..+inf)
c1 discrimination constraints: 67h
c1 coverage constraints: 12v+445h
c1 formula: 96v, 638c (554h+84s)
c1 enumerating rules (maxsat-based)
c1 rule: 'At1: (0.59..+inf)', 'At4: (0.28..0.37]' => 'At5: (0.32..+inf)'
c1 rule: 'At4: (0.28..0.37]', 'At6: (0.8..0.86]' => 'At5: (0.32..+inf)'
c1 rule: 'At3: (0.6..+inf)', not 'At1: (0.59..+inf)' => 'At5: (0.32..+inf)'
c1 rule: 'At6: (0.86..+inf)', 'At7: (0.15..0.28]' => 'At5: (0.32..+inf)'
c1 rule: 'At6: (0.44..0.65]', 'At7: (0.53..+inf)' => 'At5: (0.32..+inf)'
c1 rule: 'At3: (0.17..0.34]', 'At4: (0.57..+inf)' => 'At5: (0.32..+inf)'
c1 rule: 'At3: (0.6..+inf)', 'At4: (0.18..0.28]' => 'At5: (0.32..+inf)'
c1 rule: 'At4: (0.37..0.57]', 'At6: (0.65..0.74]' => 'At5: (0.32..+inf)'
c1 rule: 'At3: (0.51..0.6]', 'At4: (0.37..0.57]' => 'At5: (0.32..+inf)'
c1 rule: 'At4: (0.37..0.57]', not 'At1: (0.19..0.32]' => 'At5: (0.32..+inf)'
c1 # of rules: 10
c1 rule time: 0.0071

c2 total rules: 63

c0 computing feature 6
c1 computing class: (-inf..0.44]
c1 discrimination constraints: 71h
c1 coverage constraints: 8v+297h
c1 formula: 92v, 494c (410h+84s)
c1 enumerating rules (maxsat-based)
c1 rule: 'At2: (0.26..0.47]' => 'At6: (-inf..0.44]'
c1 rule: 'At2: (-inf..0.26]' => 'At6: (-inf..0.44]'
c1 rule: 'At1: (0.32..0.42]', 'At7: (0.15..0.28]' => 'At6: (-inf..0.44]'
c1 # of rules: 3
c1 rule time: 0.0036

c1 computing class: (0.44..0.65]
c1 discrimination constraints: 65h
c1 coverage constraints: 14v+519h
c1 formula: 98v, 710c (626h+84s)
c1 enumerating rules (maxsat-based)
c1 rule: 'At1: (0.49..0.59]', 'At5: (0.14..0.19]' => 'At6: (0.44..0.65]'
c1 rule: 'At2: (0.47..0.61]', 'At4: (0.28..0.37]' => 'At6: (0.44..0.65]'
c1 rule: 'At2: (0.47..0.61]', 'At5: (0.09..0.14]' => 'At6: (0.44..0.65]'
c1 rule: 'At2: (0.47..0.61]', 'At3: (0.17..0.34]' => 'At6: (0.44..0.65]'
c1 rule: 'At1: (0.19..0.32]', 'At2: (0.61..0.74]' => 'At6: (0.44..0.65]'
c1 rule: 'At2: (0.61..0.74]', 'At7: (0.45..0.53]' => 'At6: (0.44..0.65]'
c1 rule: 'At1: (0.42..0.49]', 'At7: (0.28..0.39]' => 'At6: (0.44..0.65]'
c1 rule: 'At2: (0.47..0.61]', 'At5: (0.19..0.32]' => 'At6: (0.44..0.65]'
c1 rule: 'At2: (0.61..0.74]', 'At4: (0.57..+inf)' => 'At6: (0.44..0.65]'
c1 rule: 'At5: (0.19..0.32]', 'At7: (0.15..0.28]' => 'At6: (0.44..0.65]'
c1 rule: 'At2: (0.47..0.61]', 'At4: (0.18..0.28]', not 'At7: (0.39..0.45]' => 'At6: (0.44..0.65]'
c1 rule: 'At4: (0.18..0.28]', 'At5: (0.32..+inf)', not 'At2: (0.74..0.86]' => 'At6: (0.44..0.65]'
c1 # of rules: 12
c1 rule time: 0.0091

c1 computing class: (0.65..0.74]
c1 discrimination constraints: 67h
c1 coverage constraints: 12v+445h
c1 formula: 96v, 638c (554h+84s)
c1 enumerating rules (maxsat-based)
c1 rule: 'At1: (-inf..0.19]', 'At5: (0.14..0.19]' => 'At6: (0.65..0.74]'
c1 rule: 'At1: (0.59..+inf)', not 'At3: (0.6..+inf)' => 'At6: (0.65..0.74]'
c1 rule: 'At5: (0.32..+inf)', 'At7: (0.28..0.39]' => 'At6: (0.65..0.74]'
c1 rule: 'At2: (0.47..0.61]', 'At5: (-inf..0.05]', 'At7: (-inf..0.15]' => 'At6: (0.65..0.74]'
c1 rule: 'At2: (0.74..0.86]', 'At3: (0.34..0.44]', 'At5: (-inf..0.05]' => 'At6: (0.65..0.74]'
c1 rule: 'At2: (0.61..0.74]', 'At3: (0.34..0.44]', 'At4: (0.18..0.28]' => 'At6: (0.65..0.74]'
c1 rule: 'At2: (0.61..0.74]', 'At7: (0.28..0.39]', not 'At5: (0.19..0.32]' => 'At6: (0.65..0.74]'
c1 rule: 'At1: (0.32..0.42]', 'At2: (0.74..0.86]', not 'At7: (0.39..0.45]' => 'At6: (0.65..0.74]'
c1 rule: 'At1: (0.49..0.59]', 'At7: (0.39..0.45]', not 'At4: (0.18..0.28]' => 'At6: (0.65..0.74]'
c1 rule: 'At2: (0.74..0.86]', 'At5: (0.19..0.32]', 'At7: (0.39..0.45]' => 'At6: (0.65..0.74]'
c1 # of rules: 10
c1 rule time: 0.0094

c1 computing class: (0.74..0.8]
c1 discrimination constraints: 63h
c1 coverage constraints: 16v+593h
c1 formula: 100v, 782c (698h+84s)
c1 enumerating rules (maxsat-based)
c1 rule: 'At3: (0.44..0.51]', 'At5: (0.09..0.14]' => 'At6: (0.74..0.8]'
c1 rule: 'At3: (0.17..0.34]', 'At5: (0.05..0.09]' => 'At6: (0.74..0.8]'
c1 rule: 'At3: (0.51..0.6]', 'At5: (0.19..0.32]' => 'At6: (0.74..0.8]'
c1 rule: 'At3: (0.17..0.34]', 'At5: (0.14..0.19]' => 'At6: (0.74..0.8]'
c1 rule: 'At2: (0.47..0.61]', 'At7: (0.45..0.53]' => 'At6: (0.74..0.8]'
c1 rule: 'At3: (0.34..0.44]', 'At4: (0.28..0.37]' => 'At6: (0.74..0.8]'
c1 rule: 'At2: (0.86..+inf)', 'At3: (0.34..0.44]' => 'At6: (0.74..0.8]'
c1 rule: 'At2: (0.86..+inf)', 'At4: (0.18..0.28]', not 'At3: (0.44..0.51]' => 'At6: (0.74..0.8]'
c1 rule: 'At1: (0.42..0.49]', 'At4: (0.18..0.28]', not 'At7: (0.28..0.39]' => 'At6: (0.74..0.8]'
c1 rule: 'At5: (0.05..0.09]', 'At7: (0.39..0.45]', not 'At4: (-inf..0.09]' => 'At6: (0.74..0.8]'
c1 rule: 'At5: (0.09..0.14]', 'At7: (0.39..0.45]', not 'At2: (0.47..0.61]' => 'At6: (0.74..0.8]'
c1 # of rules: 11
c1 rule time: 0.0106

c1 computing class: (0.8..0.86]
c1 discrimination constraints: 62h
c1 coverage constraints: 17v+630h
c1 formula: 101v, 818c (734h+84s)
c1 enumerating rules (maxsat-based)
c1 rule: 'At1: (-inf..0.19]', 'At2: (0.74..0.86]' => 'At6: (0.8..0.86]'
c1 rule: 'At5: (-inf..0.05]', not 'At4: (-inf..0.09]' => 'At6: (0.8..0.86]'
c1 rule: 'At3: (0.44..0.51]', 'At5: (-inf..0.05]' => 'At6: (0.8..0.86]'
c1 rule: 'At2: (0.86..+inf)', 'At4: (-inf..0.09]' => 'At6: (0.8..0.86]'
c1 rule: 'At2: (0.86..+inf)', 'At5: (0.05..0.09]' => 'At6: (0.8..0.86]'
c1 rule: 'At5: (0.05..0.09]', 'At7: (0.28..0.39]' => 'At6: (0.8..0.86]'
c1 rule: 'At5: (0.32..+inf)', 'At7: (0.45..0.53]' => 'At6: (0.8..0.86]'
c1 rule: 'At1: (0.19..0.32]', 'At2: (0.74..0.86]', not 'At7: (0.15..0.28]' => 'At6: (0.8..0.86]'
c1 rule: 'At2: (0.74..0.86]', 'At5: (0.32..+inf)', not 'At4: (0.37..0.57]' => 'At6: (0.8..0.86]'
c1 rule: 'At1: (0.32..0.42]', 'At4: (0.18..0.28]', not 'At3: (0.34..0.44]' => 'At6: (0.8..0.86]'
c1 rule: 'At1: (0.59..+inf)', 'At2: (0.61..0.74]', not 'At5: (0.32..+inf)' => 'At6: (0.8..0.86]'
c1 rule: 'At1: (0.42..0.49]', 'At4: (-inf..0.09]', not 'At7: (0.39..0.45]' => 'At6: (0.8..0.86]'
c1 rule: 'At1: (0.19..0.32]', 'At4: (-inf..0.09]', not 'At2: (0.61..0.74]' => 'At6: (0.8..0.86]'
c1 rule: 'At2: (0.74..0.86]', 'At4: (-inf..0.09]', 'At5: (0.05..0.09]' => 'At6: (0.8..0.86]'
c1 rule: 'At1: (0.42..0.49]', 'At2: (0.74..0.86]', 'At4: (0.09..0.18]' => 'At6: (0.8..0.86]'
c1 # of rules: 15
c1 rule time: 0.0134

c1 computing class: (0.86..+inf)
c1 discrimination constraints: 67h
c1 coverage constraints: 12v+445h
c1 formula: 96v, 638c (554h+84s)
c1 enumerating rules (maxsat-based)
c1 rule: 'At3: (0.6..+inf)', not 'At1: (0.59..+inf)' => 'At6: (0.86..+inf)'
c1 rule: 'At7: (0.53..+inf)', not 'At1: (0.59..+inf)' => 'At6: (0.86..+inf)'
c1 rule: 'At3: (0.6..+inf)', 'At4: (0.09..0.18]' => 'At6: (0.86..+inf)'
c1 rule: 'At2: (0.86..+inf)', 'At7: (0.39..0.45]' => 'At6: (0.86..+inf)'
c1 rule: 'At1: (-inf..0.19]', 'At7: (0.15..0.28]' => 'At6: (0.86..+inf)'
c1 rule: 'At3: (0.6..+inf)', 'At4: (0.37..0.57]' => 'At6: (0.86..+inf)'
c1 rule: 'At2: (0.47..0.61]', 'At3: (0.6..+inf)' => 'At6: (0.86..+inf)'
c1 rule: 'At1: (0.32..0.42]', 'At2: (0.61..0.74]', 'At4: (-inf..0.09]' => 'At6: (0.86..+inf)'
c1 rule: 'At3: (0.44..0.51]', 'At7: (0.45..0.53]', not 'At4: (-inf..0.09]' => 'At6: (0.86..+inf)'
c1 rule: 'At3: (0.6..+inf)', 'At5: (-inf..0.05]', not 'At2: (0.61..0.74]' => 'At6: (0.86..+inf)'
c1 # of rules: 10
c1 rule time: 0.0080

c2 total rules: 61

c0 computing feature 7
c1 computing class: (-inf..0.15]
c1 discrimination constraints: 70h
c1 coverage constraints: 9v+334h
c1 formula: 93v, 530c (446h+84s)
c1 enumerating rules (maxsat-based)
c1 rule: 'At4: (0.37..0.57]', 'At6: (-inf..0.44]' => 'At7: (-inf..0.15]'
c1 rule: 'At3: (-inf..0.17]', 'At5: (0.09..0.14]' => 'At7: (-inf..0.15]'
c1 rule: 'At1: (-inf..0.19]', 'At2: (-inf..0.26]' => 'At7: (-inf..0.15]'
c1 rule: 'At1: (-inf..0.19]', not 'At4: (0.57..+inf)' => 'At7: (-inf..0.15]'
c1 rule: 'At1: (-inf..0.19]', not 'At2: (0.47..0.61]' => 'At7: (-inf..0.15]'
c1 rule: 'At1: (-inf..0.19]', not 'At5: (0.32..+inf)' => 'At7: (-inf..0.15]'
c1 rule: 'At2: (0.26..0.47]', 'At4: (0.18..0.28]' => 'At7: (-inf..0.15]'
c1 # of rules: 7
c1 rule time: 0.0053

c1 computing class: (0.15..0.28]
c1 discrimination constraints: 67h
c1 coverage constraints: 12v+445h
c1 formula: 96v, 638c (554h+84s)
c1 enumerating rules (maxsat-based)
c1 rule: 'At3: (-inf..0.17]', 'At4: (0.18..0.28]' => 'At7: (0.15..0.28]'
c1 rule: 'At3: (-inf..0.17]', 'At5: (0.32..+inf)' => 'At7: (0.15..0.28]'
c1 rule: 'At2: (0.74..0.86]', 'At6: (0.44..0.65]' => 'At7: (0.15..0.28]'
c1 rule: 'At2: (0.74..0.86]', 'At3: (0.17..0.34]' => 'At7: (0.15..0.28]'
c1 rule: 'At5: (-inf..0.05]', not 'At4: (-inf..0.09]' => 'At7: (0.15..0.28]'
c1 rule: 'At3: (0.17..0.34]', 'At5: (0.32..+inf)' => 'At7: (0.15..0.28]'
c1 rule: 'At1: (0.19..0.32]', 'At4: (0.09..0.18]' => 'At7: (0.15..0.28]'
c1 rule: 'At3: (0.17..0.34]', 'At6: (0.74..0.8]' => 'At7: (0.15..0.28]'
c1 rule: 'At1: (0.32..0.42]', 'At6: (-inf..0.44]' => 'At7: (0.15..0.28]'
c1 # of rules: 9
c1 rule time: 0.0066

c1 computing class: (0.28..0.39]
c1 discrimination constraints: 64h
c1 coverage constraints: 15v+556h
c1 formula: 99v, 746c (662h+84s)
c1 enumerating rules (maxsat-based)
c1 rule: 'At2: (0.47..0.61]', 'At3: (0.17..0.34]' => 'At7: (0.28..0.39]'
c1 rule: 'At1: (0.32..0.42]', 'At6: (0.44..0.65]' => 'At7: (0.28..0.39]'
c1 rule: 'At2: (0.86..+inf)', 'At3: (0.34..0.44]' => 'At7: (0.28..0.39]'
c1 rule: 'At3: (0.34..0.44]', 'At6: (0.8..0.86]' => 'At7: (0.28..0.39]'
c1 rule: 'At1: (0.32..0.42]', 'At4: (0.18..0.28]' => 'At7: (0.28..0.39]'
c1 rule: 'At2: (0.61..0.74]', 'At5: (0.19..0.32]' => 'At7: (0.28..0.39]'
c1 rule: 'At3: (0.17..0.34]', 'At6: (0.65..0.74]' => 'At7: (0.28..0.39]'
c1 rule: 'At3: (0.34..0.44]', 'At6: (0.65..0.74]' => 'At7: (0.28..0.39]'
c1 rule: 'At1: (0.32..0.42]', 'At4: (0.09..0.18]', not 'At2: (0.74..0.86]' => 'At7: (0.28..0.39]'
c1 # of rules: 9
c1 rule time: 0.0082

c1 computing class: (0.39..0.45]
c1 discrimination constraints: 64h
c1 coverage constraints: 15v+556h
c1 formula: 99v, 746c (662h+84s)
c1 enumerating rules (maxsat-based)
c1 rule: 'At1: (0.49..0.59]', 'At4: (0.18..0.28]' => 'At7: (0.39..0.45]'
c1 rule: 'At5: (0.09..0.14]', 'At6: (0.44..0.65]' => 'At7: (0.39..0.45]'
c1 rule: 'At3: (0.44..0.51]', 'At5: (-inf..0.05]' => 'At7: (0.39..0.45]'
c1 rule: 'At1: (0.42..0.49]', 'At3: (0.34..0.44]' => 'At7: (0.39..0.45]'
c1 rule: 'At1: (0.32..0.42]', 'At5: (0.05..0.09]' => 'At7: (0.39..0.45]'
c1 rule: 'At1: (0.32..0.42]', 'At6: (0.86..+inf)' => 'At7: (0.39..0.45]'
c1 rule: 'At1: (0.42..0.49]', 'At6: (0.65..0.74]' => 'At7: (0.39..0.45]'
c1 rule: 'At5: (0.05..0.09]', 'At6: (0.65..0.74]' => 'At7: (0.39..0.45]'
c1 rule: 'At3: (0.44..0.51]', 'At4: (0.09..0.18]', not 'At2: (0.86..+inf)' => 'At7: (0.39..0.45]'
c1 rule: 'At1: (0.42..0.49]', 'At5: (0.05..0.09]', not 'At6: (0.8..0.86]' => 'At7: (0.39..0.45]'
c1 # of rules: 10
c1 rule time: 0.0082

c1 computing class: (0.45..0.53]
c1 discrimination constraints: 66h
c1 coverage constraints: 13v+482h
c1 formula: 97v, 674c (590h+84s)
c1 enumerating rules (maxsat-based)
c1 rule: 'At4: (0.09..0.18]', 'At5: (0.14..0.19]' => 'At7: (0.45..0.53]'
c1 rule: 'At3: (0.51..0.6]', 'At4: (0.18..0.28]' => 'At7: (0.45..0.53]'
c1 rule: 'At1: (0.42..0.49]', 'At3: (0.51..0.6]' => 'At7: (0.45..0.53]'
c1 rule: 'At3: (0.51..0.6]', not 'At2: (0.61..0.74]' => 'At7: (0.45..0.53]'
c1 rule: 'At1: (0.49..0.59]', 'At6: (0.74..0.8]' => 'At7: (0.45..0.53]'
c1 rule: 'At1: (0.42..0.49]', 'At6: (0.86..+inf)' => 'At7: (0.45..0.53]'
c1 rule: 'At5: (0.05..0.09]', 'At6: (0.44..0.65]', not 'At1: (0.42..0.49]' => 'At7: (0.45..0.53]'
c1 # of rules: 7
c1 rule time: 0.0068

c1 computing class: (0.53..+inf)
c1 discrimination constraints: 64h
c1 coverage constraints: 15v+556h
c1 formula: 99v, 746c (662h+84s)
c1 enumerating rules (maxsat-based)
c1 rule: 'At1: (0.59..+inf)' => 'At7: (0.53..+inf)'
c1 rule: 'At3: (0.6..+inf)' => 'At7: (0.53..+inf)'
c1 rule: 'At2: (0.61..0.74]', 'At3: (0.51..0.6]' => 'At7: (0.53..+inf)'
c1 # of rules: 3
c1 rule time: 0.0041

c2 total rules: 45
c3 total time: 0.6265

Rules are saved to ../rules/size/q6_appendicitis_train1.csv_size5.json