c0 # of samps: 276 (237 weighted)
c0 # of feats: 6 (30 binary)
c0 # of labls: 2
c0 parse time: 0.2972


c0 computing feature 1
c1 computing class: (-inf..83.0]
c1 discrimination constraints: 206h
c1 coverage constraints: 12v+313h
c1 formula: 72v, 609c (549h+60s)
c1 enumerating rules (maxsat-based)
c1 rule: 'Alkphos: (65.8..81.2]', 'Sgpt: (20.2..33.4]', 'Gammagt: (105.2..+inf)' => 'Mcv: (-inf..83.0]'
c1 rule: 'Sgpt: (-inf..20.2]', 'Gammagt: (64.8..105.2]', 'Drinks: (-inf..2.0]' => 'Mcv: (-inf..83.0]'
c1 rule: 'Alkphos: (50.4..65.8]', 'Sgpt: (-inf..20.2]', 'Gammagt: (42.2..64.8]', 'Drinks: (5.0..8.0]' => 'Mcv: (-inf..83.0]'
c1 rule: 'Alkphos: (65.8..81.2]', 'Sgpt: (20.2..33.4]', 'Sgot: (-inf..18.2]', 'Gammagt: (23.6..42.2]', 'Drinks: (-inf..2.0]' => 'Mcv: (-inf..83.0]'
c1 # of rules: 4
c1 rule time: 0.0065

c1 computing class: (83.0..88.0]
c1 discrimination constraints: 155h
c1 coverage constraints: 63v+1639h
c1 formula: 123v, 1884c (1824h+60s)
c1 enumerating rules (maxsat-based)
c1 rule: 'Sgot: (48.8..+inf)', 'Gammagt: (-inf..23.6]' => 'Mcv: (83.0..88.0]'
c1 rule: 'Gammagt: (-inf..23.6]', 'Drinks: (8.0..12.0]' => 'Mcv: (83.0..88.0]'
c1 rule: 'Sgpt: (67.8..+inf)', 'Sgot: (18.2..27.4]' => 'Mcv: (83.0..88.0]'
c1 rule: 'Alkphos: (50.4..65.8]', 'Sgot: (48.8..+inf)' => 'Mcv: (83.0..88.0]'
c1 rule: 'Gammagt: (105.2..+inf)', 'Drinks: (2.0..5.0]', not 'Alkphos: (81.2..96.6]' => 'Mcv: (83.0..88.0]'
c1 rule: 'Alkphos: (81.2..96.6]', 'Gammagt: (105.2..+inf)', 'Drinks: (-inf..2.0]' => 'Mcv: (83.0..88.0]'
c1 rule: 'Sgot: (36.6..48.8]', 'Drinks: (-inf..2.0]', not 'Sgpt: (20.2..33.4]' => 'Mcv: (83.0..88.0]'
c1 rule: 'Alkphos: (65.8..81.2]', 'Sgpt: (47.6..67.8]', 'Drinks: (-inf..2.0]' => 'Mcv: (83.0..88.0]'
c1 rule: 'Sgpt: (-inf..20.2]', 'Sgot: (27.4..36.6]', 'Drinks: (2.0..5.0]' => 'Mcv: (83.0..88.0]'
c1 rule: 'Alkphos: (50.4..65.8]', 'Sgpt: (33.4..47.6]', 'Gammagt: (23.6..42.2]' => 'Mcv: (83.0..88.0]'
c1 rule: 'Sgpt: (20.2..33.4]', 'Sgot: (-inf..18.2]', 'Gammagt: (42.2..64.8]' => 'Mcv: (83.0..88.0]'
c1 rule: 'Alkphos: (96.6..+inf)', 'Sgpt: (20.2..33.4]', 'Gammagt: (42.2..64.8]' => 'Mcv: (83.0..88.0]'
c1 rule: 'Sgot: (27.4..36.6]', 'Gammagt: (-inf..23.6]', 'Drinks: (5.0..8.0]' => 'Mcv: (83.0..88.0]'
c1 rule: 'Alkphos: (50.4..65.8]', 'Sgot: (-inf..18.2]', 'Drinks: (5.0..8.0]' => 'Mcv: (83.0..88.0]'
c1 rule: 'Alkphos: (96.6..+inf)', 'Sgpt: (-inf..20.2]', 'Drinks: (5.0..8.0]' => 'Mcv: (83.0..88.0]'
c1 rule: 'Alkphos: (81.2..96.6]', 'Sgpt: (33.4..47.6]', 'Sgot: (18.2..27.4]' => 'Mcv: (83.0..88.0]'
c1 rule: 'Alkphos: (81.2..96.6]', 'Sgpt: (33.4..47.6]', 'Drinks: (-inf..2.0]' => 'Mcv: (83.0..88.0]'
c1 rule: 'Sgpt: (33.4..47.6]', 'Sgot: (27.4..36.6]', 'Gammagt: (64.8..105.2]' => 'Mcv: (83.0..88.0]'
c1 rule: 'Alkphos: (96.6..+inf)', 'Gammagt: (23.6..42.2]', 'Drinks: (-inf..2.0]' => 'Mcv: (83.0..88.0]'
c1 rule: 'Alkphos: (-inf..50.4]', 'Sgpt: (33.4..47.6]', 'Drinks: (2.0..5.0]' => 'Mcv: (83.0..88.0]'
c1 rule: 'Sgpt: (47.6..67.8]', 'Gammagt: (105.2..+inf)', not 'Sgot: (36.6..48.8]' => 'Mcv: (83.0..88.0]'
c1 rule: 'Alkphos: (96.6..+inf)', 'Sgot: (18.2..27.4]', 'Gammagt: (-inf..23.6]', not 'Sgpt: (-inf..20.2]' => 'Mcv: (83.0..88.0]'
c1 rule: 'Alkphos: (65.8..81.2]', 'Sgpt: (33.4..47.6]', 'Drinks: (-inf..2.0]', not 'Sgot: (18.2..27.4]' => 'Mcv: (83.0..88.0]'
c1 rule: 'Alkphos: (81.2..96.6]', 'Sgpt: (20.2..33.4]', 'Gammagt: (-inf..23.6]', not 'Drinks: (-inf..2.0]' => 'Mcv: (83.0..88.0]'
c1 rule: 'Alkphos: (81.2..96.6]', 'Sgot: (18.2..27.4]', 'Drinks: (2.0..5.0]', not 'Gammagt: (-inf..23.6]' => 'Mcv: (83.0..88.0]'
c1 rule: 'Sgpt: (33.4..47.6]', 'Sgot: (27.4..36.6]', 'Gammagt: (-inf..23.6]', not 'Drinks: (2.0..5.0]' => 'Mcv: (83.0..88.0]'
c1 rule: 'Alkphos: (50.4..65.8]', 'Sgpt: (-inf..20.2]', 'Gammagt: (23.6..42.2]', not 'Drinks: (5.0..8.0]' => 'Mcv: (83.0..88.0]'
c1 rule: 'Alkphos: (81.2..96.6]', 'Sgpt: (20.2..33.4]', 'Sgot: (-inf..18.2]', not 'Gammagt: (64.8..105.2]' => 'Mcv: (83.0..88.0]'
c1 rule: 'Alkphos: (-inf..50.4]', 'Sgpt: (20.2..33.4]', 'Gammagt: (-inf..23.6]', not 'Sgot: (-inf..18.2]', not 'Drinks: (2.0..5.0]' => 'Mcv: (83.0..88.0]'
c1 # of rules: 29
c1 rule time: 0.0393

c1 computing class: (88.0..93.0]
c1 discrimination constraints: 122h
c1 coverage constraints: 96v+2497h
c1 formula: 156v, 2709c (2649h+60s)
c1 enumerating rules (maxsat-based)
c1 rule: 'Sgpt: (33.4..47.6]', 'Sgot: (-inf..18.2]' => 'Mcv: (88.0..93.0]'
c1 rule: 'Sgpt: (33.4..47.6]', 'Drinks: (12.0..+inf)' => 'Mcv: (88.0..93.0]'
c1 rule: 'Gammagt: (-inf..23.6]', 'Drinks: (12.0..+inf)' => 'Mcv: (88.0..93.0]'
c1 rule: 'Sgpt: (20.2..33.4]', 'Sgot: (36.6..48.8]' => 'Mcv: (88.0..93.0]'
c1 rule: 'Sgpt: (67.8..+inf)', 'Drinks: (8.0..12.0]' => 'Mcv: (88.0..93.0]'
c1 rule: 'Sgpt: (67.8..+inf)', 'Gammagt: (23.6..42.2]' => 'Mcv: (88.0..93.0]'
c1 rule: 'Sgpt: (33.4..47.6]', 'Drinks: (8.0..12.0]' => 'Mcv: (88.0..93.0]'
c1 rule: 'Alkphos: (96.6..+inf)', 'Sgot: (-inf..18.2]' => 'Mcv: (88.0..93.0]'
c1 rule: 'Sgpt: (47.6..67.8]', 'Sgot: (18.2..27.4]' => 'Mcv: (88.0..93.0]'
c1 rule: 'Sgot: (-inf..18.2]', 'Gammagt: (64.8..105.2]' => 'Mcv: (88.0..93.0]'
c1 rule: 'Gammagt: (64.8..105.2]', 'Drinks: (2.0..5.0]' => 'Mcv: (88.0..93.0]'
c1 rule: 'Sgpt: (67.8..+inf)', 'Gammagt: (64.8..105.2]' => 'Mcv: (88.0..93.0]'
c1 rule: 'Sgpt: (47.6..67.8]', 'Sgot: (27.4..36.6]', 'Drinks: (5.0..8.0]' => 'Mcv: (88.0..93.0]'
c1 rule: 'Sgot: (27.4..36.6]', 'Drinks: (5.0..8.0]', not 'Alkphos: (50.4..65.8]' => 'Mcv: (88.0..93.0]'
c1 rule: 'Sgot: (27.4..36.6]', 'Drinks: (5.0..8.0]', not 'Sgpt: (33.4..47.6]' => 'Mcv: (88.0..93.0]'
c1 rule: 'Sgpt: (20.2..33.4]', 'Drinks: (5.0..8.0]', not 'Sgot: (18.2..27.4]' => 'Mcv: (88.0..93.0]'
c1 rule: 'Gammagt: (42.2..64.8]', 'Drinks: (5.0..8.0]', not 'Sgot: (18.2..27.4]' => 'Mcv: (88.0..93.0]'
c1 rule: 'Sgpt: (33.4..47.6]', 'Gammagt: (42.2..64.8]', 'Drinks: (5.0..8.0]' => 'Mcv: (88.0..93.0]'
c1 rule: 'Sgpt: (33.4..47.6]', 'Gammagt: (42.2..64.8]', not 'Alkphos: (50.4..65.8]' => 'Mcv: (88.0..93.0]'
c1 rule: 'Alkphos: (96.6..+inf)', 'Sgpt: (20.2..33.4]', 'Sgot: (27.4..36.6]' => 'Mcv: (88.0..93.0]'
c1 rule: 'Sgpt: (20.2..33.4]', 'Sgot: (27.4..36.6]', 'Drinks: (-inf..2.0]' => 'Mcv: (88.0..93.0]'
c1 rule: 'Gammagt: (64.8..105.2]', 'Drinks: (8.0..12.0]', not 'Sgpt: (20.2..33.4]' => 'Mcv: (88.0..93.0]'
c1 rule: 'Gammagt: (64.8..105.2]', 'Drinks: (-inf..2.0]', not 'Alkphos: (65.8..81.2]' => 'Mcv: (88.0..93.0]'
c1 rule: 'Sgpt: (-inf..20.2]', 'Gammagt: (23.6..42.2]', not 'Sgot: (18.2..27.4]' => 'Mcv: (88.0..93.0]'
c1 rule: 'Sgot: (-inf..18.2]', 'Gammagt: (23.6..42.2]', 'Drinks: (2.0..5.0]' => 'Mcv: (88.0..93.0]'
c1 rule: 'Sgpt: (47.6..67.8]', 'Drinks: (2.0..5.0]', not 'Alkphos: (50.4..65.8]' => 'Mcv: (88.0..93.0]'
c1 rule: 'Sgot: (-inf..18.2]', 'Drinks: (2.0..5.0]', not 'Gammagt: (-inf..23.6]' => 'Mcv: (88.0..93.0]'
c1 rule: 'Alkphos: (65.8..81.2]', 'Gammagt: (-inf..23.6]', 'Drinks: (5.0..8.0]' => 'Mcv: (88.0..93.0]'
c1 rule: 'Sgot: (18.2..27.4]', 'Gammagt: (105.2..+inf)', not 'Alkphos: (65.8..81.2]' => 'Mcv: (88.0..93.0]'
c1 rule: 'Alkphos: (65.8..81.2]', 'Sgpt: (67.8..+inf)', 'Sgot: (36.6..48.8]' => 'Mcv: (88.0..93.0]'
c1 rule: 'Sgpt: (20.2..33.4]', 'Sgot: (27.4..36.6]', 'Gammagt: (-inf..23.6]' => 'Mcv: (88.0..93.0]'
c1 rule: 'Alkphos: (-inf..50.4]', 'Sgpt: (33.4..47.6]', 'Drinks: (-inf..2.0]' => 'Mcv: (88.0..93.0]'
c1 rule: 'Sgpt: (33.4..47.6]', 'Sgot: (48.8..+inf)', not 'Drinks: (5.0..8.0]' => 'Mcv: (88.0..93.0]'
c1 rule: 'Alkphos: (81.2..96.6]', 'Gammagt: (-inf..23.6]', 'Drinks: (5.0..8.0]' => 'Mcv: (88.0..93.0]'
c1 rule: 'Alkphos: (-inf..50.4]', 'Sgpt: (20.2..33.4]', 'Drinks: (5.0..8.0]' => 'Mcv: (88.0..93.0]'
c1 rule: 'Alkphos: (50.4..65.8]', 'Sgot: (27.4..36.6]', 'Gammagt: (42.2..64.8]' => 'Mcv: (88.0..93.0]'
c1 rule: 'Sgot: (27.4..36.6]', 'Gammagt: (-inf..23.6]', 'Drinks: (2.0..5.0]' => 'Mcv: (88.0..93.0]'
c1 rule: 'Sgpt: (20.2..33.4]', 'Gammagt: (-inf..23.6]', 'Drinks: (5.0..8.0]' => 'Mcv: (88.0..93.0]'
c1 rule: 'Gammagt: (105.2..+inf)', 'Drinks: (8.0..12.0]', not 'Sgpt: (47.6..67.8]' => 'Mcv: (88.0..93.0]'
c1 rule: 'Alkphos: (96.6..+inf)', 'Sgpt: (33.4..47.6]', 'Drinks: (2.0..5.0]' => 'Mcv: (88.0..93.0]'
c1 rule: 'Sgpt: (67.8..+inf)', 'Drinks: (5.0..8.0]', not 'Sgot: (48.8..+inf)' => 'Mcv: (88.0..93.0]'
c1 rule: 'Gammagt: (-inf..23.6]', 'Drinks: (5.0..8.0]', not 'Sgpt: (33.4..47.6]', not 'Sgot: (-inf..18.2]' => 'Mcv: (88.0..93.0]'
c1 rule: 'Alkphos: (-inf..50.4]', 'Sgot: (-inf..18.2]', 'Drinks: (-inf..2.0]', not 'Sgpt: (20.2..33.4]' => 'Mcv: (88.0..93.0]'
c1 rule: 'Alkphos: (-inf..50.4]', 'Sgpt: (20.2..33.4]', 'Gammagt: (23.6..42.2]', 'Drinks: (2.0..5.0]' => 'Mcv: (88.0..93.0]'
c1 rule: 'Alkphos: (65.8..81.2]', 'Sgpt: (33.4..47.6]', 'Sgot: (18.2..27.4]', not 'Drinks: (-inf..2.0]' => 'Mcv: (88.0..93.0]'
c1 rule: 'Alkphos: (50.4..65.8]', 'Sgot: (-inf..18.2]', 'Drinks: (2.0..5.0]', not 'Sgpt: (20.2..33.4]' => 'Mcv: (88.0..93.0]'
c1 rule: 'Sgpt: (33.4..47.6]', 'Gammagt: (-inf..23.6]', 'Drinks: (-inf..2.0]', not 'Sgot: (27.4..36.6]' => 'Mcv: (88.0..93.0]'
c1 rule: 'Alkphos: (65.8..81.2]', 'Sgpt: (-inf..20.2]', 'Drinks: (2.0..5.0]', not 'Gammagt: (-inf..23.6]' => 'Mcv: (88.0..93.0]'
c1 rule: 'Alkphos: (50.4..65.8]', 'Sgpt: (-inf..20.2]', 'Gammagt: (23.6..42.2]', not 'Drinks: (2.0..5.0]' => 'Mcv: (88.0..93.0]'
c1 rule: 'Alkphos: (50.4..65.8]', 'Sgpt: (20.2..33.4]', 'Sgot: (18.2..27.4]', 'Gammagt: (42.2..64.8]' => 'Mcv: (88.0..93.0]'
c1 rule: 'Alkphos: (96.6..+inf)', 'Sgpt: (-inf..20.2]', 'Drinks: (-inf..2.0]', not 'Sgot: (27.4..36.6]' => 'Mcv: (88.0..93.0]'
c1 rule: 'Alkphos: (50.4..65.8]', 'Sgpt: (20.2..33.4]', 'Gammagt: (-inf..23.6]', not 'Sgot: (-inf..18.2]', not 'Drinks: (-inf..2.0]' => 'Mcv: (88.0..93.0]'
c1 # of rules: 52
c1 rule time: 0.0720

c1 computing class: (93.0..98.0]
c1 discrimination constraints: 179h
c1 coverage constraints: 39v+1015h
c1 formula: 99v, 1284c (1224h+60s)
c1 enumerating rules (maxsat-based)
c1 rule: 'Alkphos: (81.2..96.6]', 'Drinks: (12.0..+inf)' => 'Mcv: (93.0..98.0]'
c1 rule: 'Alkphos: (50.4..65.8]', 'Drinks: (8.0..12.0]' => 'Mcv: (93.0..98.0]'
c1 rule: 'Drinks: (12.0..+inf)', not 'Alkphos: (65.8..81.2]' => 'Mcv: (93.0..98.0]'
c1 rule: 'Gammagt: (64.8..105.2]', 'Drinks: (12.0..+inf)' => 'Mcv: (93.0..98.0]'
c1 rule: 'Sgpt: (47.6..67.8]', 'Gammagt: (23.6..42.2]' => 'Mcv: (93.0..98.0]'
c1 rule: 'Alkphos: (96.6..+inf)', 'Sgot: (48.8..+inf)' => 'Mcv: (93.0..98.0]'
c1 rule: 'Sgpt: (-inf..20.2]', 'Gammagt: (105.2..+inf)' => 'Mcv: (93.0..98.0]'
c1 rule: 'Alkphos: (-inf..50.4]', 'Gammagt: (64.8..105.2]' => 'Mcv: (93.0..98.0]'
c1 rule: 'Gammagt: (42.2..64.8]', 'Drinks: (8.0..12.0]', not 'Sgot: (18.2..27.4]' => 'Mcv: (93.0..98.0]'
c1 rule: 'Sgpt: (47.6..67.8]', 'Drinks: (8.0..12.0]', not 'Sgot: (27.4..36.6]' => 'Mcv: (93.0..98.0]'
c1 rule: 'Sgot: (48.8..+inf)', 'Gammagt: (105.2..+inf)', not 'Sgpt: (33.4..47.6]' => 'Mcv: (93.0..98.0]'
c1 rule: 'Alkphos: (81.2..96.6]', 'Sgpt: (20.2..33.4]', 'Drinks: (5.0..8.0]' => 'Mcv: (93.0..98.0]'
c1 rule: 'Alkphos: (65.8..81.2]', 'Sgpt: (20.2..33.4]', 'Gammagt: (42.2..64.8]' => 'Mcv: (93.0..98.0]'
c1 rule: 'Alkphos: (65.8..81.2]', 'Sgpt: (-inf..20.2]', 'Gammagt: (42.2..64.8]' => 'Mcv: (93.0..98.0]'
c1 rule: 'Sgpt: (33.4..47.6]', 'Sgot: (36.6..48.8]', 'Drinks: (5.0..8.0]' => 'Mcv: (93.0..98.0]'
c1 rule: 'Alkphos: (-inf..50.4]', 'Sgpt: (33.4..47.6]', 'Drinks: (5.0..8.0]' => 'Mcv: (93.0..98.0]'
c1 rule: 'Alkphos: (96.6..+inf)', 'Sgpt: (-inf..20.2]', 'Sgot: (27.4..36.6]' => 'Mcv: (93.0..98.0]'
c1 rule: 'Alkphos: (-inf..50.4]', 'Gammagt: (42.2..64.8]', 'Drinks: (-inf..2.0]' => 'Mcv: (93.0..98.0]'
c1 rule: 'Alkphos: (50.4..65.8]', 'Sgpt: (33.4..47.6]', 'Sgot: (18.2..27.4]', 'Gammagt: (-inf..23.6]' => 'Mcv: (93.0..98.0]'
c1 rule: 'Alkphos: (50.4..65.8]', 'Sgot: (-inf..18.2]', 'Gammagt: (23.6..42.2]', 'Drinks: (-inf..2.0]' => 'Mcv: (93.0..98.0]'
c1 rule: 'Sgpt: (20.2..33.4]', 'Gammagt: (42.2..64.8]', 'Drinks: (2.0..5.0]', not 'Alkphos: (96.6..+inf)' => 'Mcv: (93.0..98.0]'
c1 rule: 'Sgpt: (-inf..20.2]', 'Sgot: (18.2..27.4]', 'Gammagt: (23.6..42.2]', 'Drinks: (-inf..2.0]' => 'Mcv: (93.0..98.0]'
c1 rule: 'Alkphos: (50.4..65.8]', 'Sgpt: (20.2..33.4]', 'Gammagt: (23.6..42.2]', 'Drinks: (5.0..8.0]', not 'Sgot: (27.4..36.6]' => 'Mcv: (93.0..98.0]'
c1 # of rules: 23
c1 rule time: 0.0235

c1 computing class: (98.0..+inf)
c1 discrimination constraints: 210h
c1 coverage constraints: 8v+209h
c1 formula: 68v, 509c (449h+60s)
c1 enumerating rules (maxsat-based)
c1 rule: 'Sgpt: (33.4..47.6]', 'Gammagt: (105.2..+inf)', 'Drinks: (5.0..8.0]' => 'Mcv: (98.0..+inf)'
c1 rule: 'Sgpt: (47.6..67.8]', 'Gammagt: (105.2..+inf)', not 'Drinks: (8.0..12.0]' => 'Mcv: (98.0..+inf)'
c1 rule: 'Alkphos: (-inf..50.4]', 'Sgpt: (-inf..20.2]', 'Sgot: (18.2..27.4]', not 'Gammagt: (-inf..23.6]' => 'Mcv: (98.0..+inf)'
c1 rule: 'Sgpt: (20.2..33.4]', 'Gammagt: (64.8..105.2]', not 'Alkphos: (81.2..96.6]', not 'Sgot: (27.4..36.6]' => 'Mcv: (98.0..+inf)'
c1 # of rules: 4
c1 rule time: 0.0055

c2 total rules: 112

c0 computing feature 2
c1 computing class: (-inf..50.4]
c1 discrimination constraints: 184h
c1 coverage constraints: 34v+885h
c1 formula: 94v, 1159c (1099h+60s)
c1 enumerating rules (maxsat-based)
c1 rule: 'Mcv: (98.0..+inf)', 'Gammagt: (42.2..64.8]' => 'Alkphos: (-inf..50.4]'
c1 rule: 'Mcv: (93.0..98.0]', 'Sgot: (-inf..18.2]', 'Drinks: (5.0..8.0]' => 'Alkphos: (-inf..50.4]'
c1 rule: 'Sgot: (-inf..18.2]', 'Drinks: (5.0..8.0]', not 'Gammagt: (-inf..23.6]' => 'Alkphos: (-inf..50.4]'
c1 rule: 'Mcv: (-inf..83.0]', 'Sgot: (18.2..27.4]', 'Gammagt: (23.6..42.2]' => 'Alkphos: (-inf..50.4]'
c1 rule: 'Mcv: (93.0..98.0]', 'Gammagt: (-inf..23.6]', 'Drinks: (5.0..8.0]' => 'Alkphos: (-inf..50.4]'
c1 rule: 'Mcv: (83.0..88.0]', 'Sgpt: (-inf..20.2]', 'Gammagt: (42.2..64.8]' => 'Alkphos: (-inf..50.4]'
c1 rule: 'Mcv: (93.0..98.0]', 'Gammagt: (42.2..64.8]', 'Drinks: (-inf..2.0]' => 'Alkphos: (-inf..50.4]'
c1 rule: 'Mcv: (93.0..98.0]', 'Sgpt: (-inf..20.2]', 'Drinks: (2.0..5.0]' => 'Alkphos: (-inf..50.4]'
c1 rule: 'Sgpt: (33.4..47.6]', 'Gammagt: (23.6..42.2]', 'Drinks: (8.0..12.0]', not 'Sgot: (27.4..36.6]' => 'Alkphos: (-inf..50.4]'
c1 rule: 'Mcv: (-inf..83.0]', 'Sgot: (18.2..27.4]', 'Gammagt: (-inf..23.6]', not 'Drinks: (2.0..5.0]' => 'Alkphos: (-inf..50.4]'
c1 rule: 'Mcv: (83.0..88.0]', 'Sgpt: (33.4..47.6]', 'Sgot: (18.2..27.4]', 'Drinks: (2.0..5.0]' => 'Alkphos: (-inf..50.4]'
c1 rule: 'Mcv: (93.0..98.0]', 'Sgpt: (33.4..47.6]', 'Sgot: (18.2..27.4]', not 'Drinks: (2.0..5.0]' => 'Alkphos: (-inf..50.4]'
c1 rule: 'Mcv: (88.0..93.0]', 'Sgpt: (20.2..33.4]', 'Gammagt: (42.2..64.8]', not 'Drinks: (-inf..2.0]' => 'Alkphos: (-inf..50.4]'
c1 rule: 'Mcv: (93.0..98.0]', 'Sgot: (18.2..27.4]', 'Gammagt: (42.2..64.8]', not 'Drinks: (5.0..8.0]' => 'Alkphos: (-inf..50.4]'
c1 rule: 'Sgpt: (20.2..33.4]', 'Sgot: (27.4..36.6]', 'Gammagt: (-inf..23.6]', not 'Drinks: (-inf..2.0]' => 'Alkphos: (-inf..50.4]'
c1 rule: 'Mcv: (88.0..93.0]', 'Sgpt: (20.2..33.4]', 'Drinks: (5.0..8.0]', not 'Sgot: (27.4..36.6]', not 'Gammagt: (-inf..23.6]' => 'Alkphos: (-inf..50.4]'
c1 # of rules: 16
c1 rule time: 0.0175

c1 computing class: (50.4..65.8]
c1 discrimination constraints: 154h
c1 coverage constraints: 64v+1665h
c1 formula: 124v, 1909c (1849h+60s)
c1 enumerating rules (maxsat-based)
c1 rule: 'Sgpt: (47.6..67.8]', 'Gammagt: (23.6..42.2]' => 'Alkphos: (50.4..65.8]'
c1 rule: 'Sgpt: (47.6..67.8]', 'Gammagt: (-inf..23.6]' => 'Alkphos: (50.4..65.8]'
c1 rule: 'Mcv: (-inf..83.0]', 'Sgpt: (47.6..67.8]' => 'Alkphos: (50.4..65.8]'
c1 rule: 'Mcv: (98.0..+inf)', 'Drinks: (-inf..2.0]' => 'Alkphos: (50.4..65.8]'
c1 rule: 'Mcv: (98.0..+inf)', 'Gammagt: (64.8..105.2]' => 'Alkphos: (50.4..65.8]'
c1 rule: 'Sgpt: (33.4..47.6]', 'Sgot: (-inf..18.2]' => 'Alkphos: (50.4..65.8]'
c1 rule: 'Mcv: (98.0..+inf)', 'Gammagt: (-inf..23.6]' => 'Alkphos: (50.4..65.8]'
c1 rule: 'Mcv: (-inf..83.0]', 'Gammagt: (42.2..64.8]' => 'Alkphos: (50.4..65.8]'
c1 rule: 'Mcv: (88.0..93.0]', 'Sgot: (18.2..27.4]', 'Gammagt: (105.2..+inf)' => 'Alkphos: (50.4..65.8]'
c1 rule: 'Mcv: (88.0..93.0]', 'Sgpt: (67.8..+inf)', 'Sgot: (27.4..36.6]' => 'Alkphos: (50.4..65.8]'
c1 rule: 'Sgot: (27.4..36.6]', 'Gammagt: (64.8..105.2]', 'Drinks: (2.0..5.0]' => 'Alkphos: (50.4..65.8]'
c1 rule: 'Mcv: (83.0..88.0]', 'Sgpt: (20.2..33.4]', 'Sgot: (27.4..36.6]' => 'Alkphos: (50.4..65.8]'
c1 rule: 'Sgot: (27.4..36.6]', 'Drinks: (5.0..8.0]', not 'Gammagt: (23.6..42.2]' => 'Alkphos: (50.4..65.8]'
c1 rule: 'Sgot: (-inf..18.2]', 'Gammagt: (64.8..105.2]', not 'Sgpt: (20.2..33.4]' => 'Alkphos: (50.4..65.8]'
c1 rule: 'Mcv: (88.0..93.0]', 'Sgpt: (33.4..47.6]', 'Gammagt: (64.8..105.2]' => 'Alkphos: (50.4..65.8]'
c1 rule: 'Mcv: (93.0..98.0]', 'Sgpt: (33.4..47.6]', not 'Drinks: (5.0..8.0]' => 'Alkphos: (50.4..65.8]'
c1 rule: 'Mcv: (83.0..88.0]', 'Sgpt: (33.4..47.6]', 'Gammagt: (42.2..64.8]' => 'Alkphos: (50.4..65.8]'
c1 rule: 'Mcv: (83.0..88.0]', 'Sgpt: (67.8..+inf)', not 'Drinks: (-inf..2.0]' => 'Alkphos: (50.4..65.8]'
c1 rule: 'Mcv: (83.0..88.0]', 'Sgpt: (33.4..47.6]', 'Drinks: (5.0..8.0]' => 'Alkphos: (50.4..65.8]'
c1 rule: 'Mcv: (93.0..98.0]', 'Gammagt: (23.6..42.2]', not 'Sgot: (18.2..27.4]' => 'Alkphos: (50.4..65.8]'
c1 rule: 'Mcv: (93.0..98.0]', 'Sgpt: (20.2..33.4]', 'Sgot: (-inf..18.2]' => 'Alkphos: (50.4..65.8]'
c1 rule: 'Mcv: (93.0..98.0]', 'Sgot: (-inf..18.2]', 'Drinks: (-inf..2.0]' => 'Alkphos: (50.4..65.8]'
c1 rule: 'Sgot: (-inf..18.2]', 'Gammagt: (42.2..64.8]', not 'Drinks: (5.0..8.0]' => 'Alkphos: (50.4..65.8]'
c1 rule: 'Sgpt: (20.2..33.4]', 'Sgot: (27.4..36.6]', 'Gammagt: (64.8..105.2]' => 'Alkphos: (50.4..65.8]'
c1 rule: 'Sgpt: (33.4..47.6]', 'Gammagt: (-inf..23.6]', 'Drinks: (2.0..5.0]' => 'Alkphos: (50.4..65.8]'
c1 rule: 'Mcv: (93.0..98.0]', 'Sgpt: (47.6..67.8]', 'Drinks: (5.0..8.0]' => 'Alkphos: (50.4..65.8]'
c1 rule: 'Sgot: (36.6..48.8]', 'Gammagt: (42.2..64.8]', 'Drinks: (5.0..8.0]' => 'Alkphos: (50.4..65.8]'
c1 rule: 'Mcv: (88.0..93.0]', 'Gammagt: (42.2..64.8]', 'Drinks: (-inf..2.0]', not 'Sgpt: (33.4..47.6]' => 'Alkphos: (50.4..65.8]'
c1 rule: 'Mcv: (83.0..88.0]', 'Sgpt: (-inf..20.2]', 'Gammagt: (23.6..42.2]', 'Drinks: (2.0..5.0]' => 'Alkphos: (50.4..65.8]'
c1 rule: 'Sgpt: (-inf..20.2]', 'Gammagt: (23.6..42.2]', 'Drinks: (5.0..8.0]', not 'Mcv: (83.0..88.0]' => 'Alkphos: (50.4..65.8]'
c1 rule: 'Sgpt: (20.2..33.4]', 'Gammagt: (-inf..23.6]', 'Drinks: (5.0..8.0]', not 'Sgot: (-inf..18.2]' => 'Alkphos: (50.4..65.8]'
c1 rule: 'Mcv: (88.0..93.0]', 'Sgot: (18.2..27.4]', 'Drinks: (-inf..2.0]', not 'Sgpt: (33.4..47.6]', not 'Gammagt: (-inf..23.6]' => 'Alkphos: (50.4..65.8]'
c1 # of rules: 32
c1 rule time: 0.0386

c1 computing class: (65.8..81.2]
c1 discrimination constraints: 154h
c1 coverage constraints: 64v+1665h
c1 formula: 124v, 1909c (1849h+60s)
c1 enumerating rules (maxsat-based)
c1 rule: 'Sgpt: (67.8..+inf)', 'Sgot: (18.2..27.4]' => 'Alkphos: (65.8..81.2]'
c1 rule: 'Sgpt: (20.2..33.4]', 'Sgot: (36.6..48.8]' => 'Alkphos: (65.8..81.2]'
c1 rule: 'Sgpt: (20.2..33.4]', 'Drinks: (12.0..+inf)' => 'Alkphos: (65.8..81.2]'
c1 rule: 'Sgpt: (20.2..33.4]', 'Sgot: (48.8..+inf)' => 'Alkphos: (65.8..81.2]'
c1 rule: 'Sgot: (48.8..+inf)', 'Drinks: (-inf..2.0]' => 'Alkphos: (65.8..81.2]'
c1 rule: 'Sgpt: (-inf..20.2]', 'Gammagt: (105.2..+inf)' => 'Alkphos: (65.8..81.2]'
c1 rule: 'Sgpt: (33.4..47.6]', 'Drinks: (12.0..+inf)' => 'Alkphos: (65.8..81.2]'
c1 rule: 'Mcv: (83.0..88.0]', 'Gammagt: (64.8..105.2]' => 'Alkphos: (65.8..81.2]'
c1 rule: 'Mcv: (-inf..83.0]', 'Gammagt: (105.2..+inf)' => 'Alkphos: (65.8..81.2]'
c1 rule: 'Mcv: (98.0..+inf)', 'Gammagt: (23.6..42.2]' => 'Alkphos: (65.8..81.2]'
c1 rule: 'Sgot: (36.6..48.8]', 'Drinks: (8.0..12.0]' => 'Alkphos: (65.8..81.2]'
c1 rule: 'Sgpt: (67.8..+inf)', 'Gammagt: (64.8..105.2]' => 'Alkphos: (65.8..81.2]'
c1 rule: 'Gammagt: (64.8..105.2]', 'Drinks: (-inf..2.0]', not 'Mcv: (88.0..93.0]' => 'Alkphos: (65.8..81.2]'
c1 rule: 'Mcv: (93.0..98.0]', 'Sgpt: (47.6..67.8]', 'Sgot: (27.4..36.6]' => 'Alkphos: (65.8..81.2]'
c1 rule: 'Sgpt: (20.2..33.4]', 'Sgot: (-inf..18.2]', 'Drinks: (5.0..8.0]' => 'Alkphos: (65.8..81.2]'
c1 rule: 'Sgot: (48.8..+inf)', 'Drinks: (5.0..8.0]', not 'Sgpt: (33.4..47.6]' => 'Alkphos: (65.8..81.2]'
c1 rule: 'Mcv: (88.0..93.0]', 'Sgpt: (33.4..47.6]', 'Drinks: (5.0..8.0]' => 'Alkphos: (65.8..81.2]'
c1 rule: 'Mcv: (88.0..93.0]', 'Sgpt: (-inf..20.2]', 'Sgot: (27.4..36.6]' => 'Alkphos: (65.8..81.2]'
c1 rule: 'Sgpt: (33.4..47.6]', 'Sgot: (36.6..48.8]', not 'Mcv: (93.0..98.0]' => 'Alkphos: (65.8..81.2]'
c1 rule: 'Mcv: (93.0..98.0]', 'Gammagt: (42.2..64.8]', 'Drinks: (5.0..8.0]' => 'Alkphos: (65.8..81.2]'
c1 rule: 'Mcv: (93.0..98.0]', 'Sgpt: (-inf..20.2]', not 'Gammagt: (-inf..23.6]' => 'Alkphos: (65.8..81.2]'
c1 rule: 'Mcv: (93.0..98.0]', 'Sgpt: (-inf..20.2]', 'Sgot: (18.2..27.4]' => 'Alkphos: (65.8..81.2]'
c1 rule: 'Sgpt: (20.2..33.4]', 'Drinks: (8.0..12.0]', not 'Sgot: (27.4..36.6]' => 'Alkphos: (65.8..81.2]'
c1 rule: 'Sgot: (27.4..36.6]', 'Gammagt: (23.6..42.2]', 'Drinks: (2.0..5.0]' => 'Alkphos: (65.8..81.2]'
c1 rule: 'Mcv: (83.0..88.0]', 'Sgot: (-inf..18.2]', 'Drinks: (2.0..5.0]' => 'Alkphos: (65.8..81.2]'
c1 rule: 'Mcv: (83.0..88.0]', 'Sgpt: (47.6..67.8]', 'Gammagt: (42.2..64.8]' => 'Alkphos: (65.8..81.2]'
c1 rule: 'Mcv: (-inf..83.0]', 'Gammagt: (23.6..42.2]', not 'Sgot: (18.2..27.4]' => 'Alkphos: (65.8..81.2]'
c1 rule: 'Sgpt: (-inf..20.2]', 'Sgot: (27.4..36.6]', 'Gammagt: (-inf..23.6]', not 'Mcv: (93.0..98.0]' => 'Alkphos: (65.8..81.2]'
c1 rule: 'Mcv: (93.0..98.0]', 'Sgot: (18.2..27.4]', 'Gammagt: (23.6..42.2]', 'Drinks: (2.0..5.0]' => 'Alkphos: (65.8..81.2]'
c1 rule: 'Mcv: (88.0..93.0]', 'Sgpt: (33.4..47.6]', 'Gammagt: (23.6..42.2]', 'Drinks: (-inf..2.0]' => 'Alkphos: (65.8..81.2]'
c1 rule: 'Mcv: (93.0..98.0]', 'Sgot: (18.2..27.4]', 'Drinks: (2.0..5.0]', not 'Sgpt: (33.4..47.6]', not 'Gammagt: (42.2..64.8]' => 'Alkphos: (65.8..81.2]'
c1 rule: 'Mcv: (88.0..93.0]', 'Sgpt: (-inf..20.2]', not 'Sgot: (-inf..18.2]', not 'Gammagt: (-inf..23.6]', not 'Drinks: (5.0..8.0]' => 'Alkphos: (65.8..81.2]'
c1 # of rules: 32
c1 rule time: 0.0375

c1 computing class: (81.2..96.6]
c1 discrimination constraints: 183h
c1 coverage constraints: 35v+911h
c1 formula: 95v, 1184c (1124h+60s)
c1 enumerating rules (maxsat-based)
c1 rule: 'Mcv: (98.0..+inf)', 'Sgot: (36.6..48.8]' => 'Alkphos: (81.2..96.6]'
c1 rule: 'Sgpt: (47.6..67.8]', 'Sgot: (18.2..27.4]' => 'Alkphos: (81.2..96.6]'
c1 rule: 'Sgpt: (67.8..+inf)', 'Drinks: (12.0..+inf)' => 'Alkphos: (81.2..96.6]'
c1 rule: 'Mcv: (98.0..+inf)', 'Gammagt: (105.2..+inf)' => 'Alkphos: (81.2..96.6]'
c1 rule: 'Sgpt: (33.4..47.6]', 'Sgot: (48.8..+inf)' => 'Alkphos: (81.2..96.6]'
c1 rule: 'Sgpt: (20.2..33.4]', 'Sgot: (-inf..18.2]', 'Gammagt: (64.8..105.2]' => 'Alkphos: (81.2..96.6]'
c1 rule: 'Mcv: (88.0..93.0]', 'Sgpt: (20.2..33.4]', 'Drinks: (8.0..12.0]' => 'Alkphos: (81.2..96.6]'
c1 rule: 'Sgot: (27.4..36.6]', 'Drinks: (8.0..12.0]', not 'Gammagt: (64.8..105.2]' => 'Alkphos: (81.2..96.6]'
c1 rule: 'Sgpt: (47.6..67.8]', 'Drinks: (2.0..5.0]', not 'Gammagt: (23.6..42.2]' => 'Alkphos: (81.2..96.6]'
c1 rule: 'Mcv: (93.0..98.0]', 'Sgpt: (33.4..47.6]', not 'Sgot: (18.2..27.4]' => 'Alkphos: (81.2..96.6]'
c1 rule: 'Mcv: (83.0..88.0]', 'Gammagt: (105.2..+inf)', not 'Drinks: (2.0..5.0]' => 'Alkphos: (81.2..96.6]'
c1 rule: 'Mcv: (83.0..88.0]', 'Sgot: (36.6..48.8]', not 'Drinks: (2.0..5.0]' => 'Alkphos: (81.2..96.6]'
c1 rule: 'Sgot: (-inf..18.2]', 'Gammagt: (23.6..42.2]', 'Drinks: (2.0..5.0]', not 'Sgpt: (20.2..33.4]' => 'Alkphos: (81.2..96.6]'
c1 rule: 'Sgpt: (20.2..33.4]', 'Gammagt: (64.8..105.2]', 'Drinks: (5.0..8.0]', not 'Mcv: (98.0..+inf)' => 'Alkphos: (81.2..96.6]'
c1 rule: 'Mcv: (83.0..88.0]', 'Gammagt: (23.6..42.2]', not 'Sgot: (18.2..27.4]', not 'Drinks: (2.0..5.0]' => 'Alkphos: (81.2..96.6]'
c1 # of rules: 15
c1 rule time: 0.0181

c1 computing class: (96.6..+inf)
c1 discrimination constraints: 197h
c1 coverage constraints: 21v+547h
c1 formula: 81v, 834c (774h+60s)
c1 enumerating rules (maxsat-based)
c1 rule: 'Mcv: (93.0..98.0]', 'Sgot: (27.4..36.6]', 'Drinks: (-inf..2.0]' => 'Alkphos: (96.6..+inf)'
c1 rule: 'Mcv: (93.0..98.0]', 'Sgpt: (67.8..+inf)', not 'Gammagt: (105.2..+inf)' => 'Alkphos: (96.6..+inf)'
c1 rule: 'Mcv: (83.0..88.0]', 'Sgpt: (20.2..33.4]', 'Drinks: (5.0..8.0]' => 'Alkphos: (96.6..+inf)'
c1 rule: 'Drinks: (12.0..+inf)', not 'Mcv: (88.0..93.0]', not 'Sgot: (27.4..36.6]' => 'Alkphos: (96.6..+inf)'
c1 rule: 'Sgpt: (33.4..47.6]', 'Drinks: (8.0..12.0]', not 'Gammagt: (23.6..42.2]' => 'Alkphos: (96.6..+inf)'
c1 rule: 'Sgpt: (47.6..67.8]', 'Drinks: (8.0..12.0]', not 'Gammagt: (105.2..+inf)' => 'Alkphos: (96.6..+inf)'
c1 rule: 'Sgpt: (20.2..33.4]', 'Gammagt: (42.2..64.8]', 'Drinks: (2.0..5.0]', not 'Mcv: (93.0..98.0]' => 'Alkphos: (96.6..+inf)'
c1 rule: 'Sgpt: (-inf..20.2]', 'Gammagt: (23.6..42.2]', 'Drinks: (5.0..8.0]', not 'Mcv: (88.0..93.0]' => 'Alkphos: (96.6..+inf)'
c1 # of rules: 8
c1 rule time: 0.0074

c2 total rules: 103

c0 computing feature 3
c1 computing class: (-inf..20.2]
c1 discrimination constraints: 153h
c1 coverage constraints: 65v+1691h
c1 formula: 125v, 1934c (1874h+60s)
c1 enumerating rules (maxsat-based)
c1 rule: 'Mcv: (-inf..83.0]', 'Drinks: (2.0..5.0]' => 'Sgpt: (-inf..20.2]'
c1 rule: 'Mcv: (98.0..+inf)', 'Alkphos: (-inf..50.4]' => 'Sgpt: (-inf..20.2]'
c1 rule: 'Mcv: (98.0..+inf)', 'Gammagt: (-inf..23.6]' => 'Sgpt: (-inf..20.2]'
c1 rule: 'Gammagt: (-inf..23.6]', 'Drinks: (8.0..12.0]' => 'Sgpt: (-inf..20.2]'
c1 rule: 'Mcv: (-inf..83.0]', 'Gammagt: (42.2..64.8]' => 'Sgpt: (-inf..20.2]'
c1 rule: 'Sgot: (-inf..18.2]', 'Gammagt: (64.8..105.2]', not 'Alkphos: (81.2..96.6]' => 'Sgpt: (-inf..20.2]'
c1 rule: 'Alkphos: (81.2..96.6]', 'Sgot: (-inf..18.2]', 'Gammagt: (23.6..42.2]' => 'Sgpt: (-inf..20.2]'
c1 rule: 'Mcv: (83.0..88.0]', 'Sgot: (-inf..18.2]', 'Drinks: (2.0..5.0]' => 'Sgpt: (-inf..20.2]'
c1 rule: 'Mcv: (83.0..88.0]', 'Sgot: (-inf..18.2]', not 'Drinks: (-inf..2.0]' => 'Sgpt: (-inf..20.2]'
c1 rule: 'Mcv: (-inf..83.0]', 'Gammagt: (-inf..23.6]', not 'Sgot: (-inf..18.2]' => 'Sgpt: (-inf..20.2]'
c1 rule: 'Alkphos: (81.2..96.6]', 'Gammagt: (-inf..23.6]', 'Drinks: (5.0..8.0]' => 'Sgpt: (-inf..20.2]'
c1 rule: 'Mcv: (93.0..98.0]', 'Sgot: (-inf..18.2]', not 'Alkphos: (50.4..65.8]' => 'Sgpt: (-inf..20.2]'
c1 rule: 'Mcv: (93.0..98.0]', 'Alkphos: (96.6..+inf)', 'Gammagt: (-inf..23.6]' => 'Sgpt: (-inf..20.2]'
c1 rule: 'Alkphos: (96.6..+inf)', 'Sgot: (-inf..18.2]', not 'Drinks: (2.0..5.0]' => 'Sgpt: (-inf..20.2]'
c1 rule: 'Alkphos: (65.8..81.2]', 'Sgot: (18.2..27.4]', 'Gammagt: (64.8..105.2]' => 'Sgpt: (-inf..20.2]'
c1 rule: 'Sgot: (-inf..18.2]', 'Gammagt: (42.2..64.8]', not 'Mcv: (83.0..88.0]' => 'Sgpt: (-inf..20.2]'
c1 rule: 'Alkphos: (-inf..50.4]', 'Sgot: (-inf..18.2]', not 'Drinks: (-inf..2.0]' => 'Sgpt: (-inf..20.2]'
c1 rule: 'Mcv: (93.0..98.0]', 'Sgot: (18.2..27.4]', 'Gammagt: (105.2..+inf)' => 'Sgpt: (-inf..20.2]'
c1 rule: 'Sgot: (27.4..36.6]', 'Gammagt: (42.2..64.8]', 'Drinks: (2.0..5.0]' => 'Sgpt: (-inf..20.2]'
c1 rule: 'Alkphos: (65.8..81.2]', 'Gammagt: (-inf..23.6]', 'Drinks: (5.0..8.0]', not 'Sgot: (-inf..18.2]' => 'Sgpt: (-inf..20.2]'
c1 rule: 'Mcv: (88.0..93.0]', 'Alkphos: (65.8..81.2]', 'Sgot: (27.4..36.6]', 'Gammagt: (-inf..23.6]' => 'Sgpt: (-inf..20.2]'
c1 rule: 'Mcv: (93.0..98.0]', 'Alkphos: (65.8..81.2]', 'Gammagt: (-inf..23.6]', 'Drinks: (-inf..2.0]' => 'Sgpt: (-inf..20.2]'
c1 rule: 'Mcv: (88.0..93.0]', 'Sgot: (-inf..18.2]', 'Gammagt: (23.6..42.2]', not 'Drinks: (2.0..5.0]' => 'Sgpt: (-inf..20.2]'
c1 rule: 'Alkphos: (81.2..96.6]', 'Gammagt: (-inf..23.6]', not 'Mcv: (83.0..88.0]', not 'Drinks: (-inf..2.0]' => 'Sgpt: (-inf..20.2]'
c1 rule: 'Alkphos: (65.8..81.2]', 'Sgot: (-inf..18.2]', 'Drinks: (2.0..5.0]', not 'Gammagt: (23.6..42.2]' => 'Sgpt: (-inf..20.2]'
c1 rule: 'Alkphos: (-inf..50.4]', 'Gammagt: (-inf..23.6]', 'Drinks: (5.0..8.0]', not 'Mcv: (93.0..98.0]' => 'Sgpt: (-inf..20.2]'
c1 rule: 'Alkphos: (96.6..+inf)', 'Gammagt: (-inf..23.6]', 'Drinks: (2.0..5.0]', not 'Sgot: (-inf..18.2]' => 'Sgpt: (-inf..20.2]'
c1 rule: 'Alkphos: (96.6..+inf)', 'Sgot: (18.2..27.4]', 'Gammagt: (-inf..23.6]', not 'Mcv: (83.0..88.0]' => 'Sgpt: (-inf..20.2]'
c1 rule: 'Mcv: (83.0..88.0]', 'Alkphos: (50.4..65.8]', 'Gammagt: (-inf..23.6]', 'Drinks: (2.0..5.0]' => 'Sgpt: (-inf..20.2]'
c1 rule: 'Alkphos: (81.2..96.6]', 'Sgot: (-inf..18.2]', not 'Mcv: (83.0..88.0]', not 'Drinks: (2.0..5.0]' => 'Sgpt: (-inf..20.2]'
c1 rule: 'Mcv: (88.0..93.0]', 'Alkphos: (50.4..65.8]', 'Sgot: (18.2..27.4]', 'Drinks: (5.0..8.0]', not 'Gammagt: (-inf..23.6]' => 'Sgpt: (-inf..20.2]'
c1 # of rules: 31
c1 rule time: 0.0352

c1 computing class: (20.2..33.4]
c1 discrimination constraints: 134h
c1 coverage constraints: 84v+2185h
c1 formula: 144v, 2409c (2349h+60s)
c1 enumerating rules (maxsat-based)
c1 rule: 'Alkphos: (50.4..65.8]', 'Gammagt: (105.2..+inf)' => 'Sgpt: (20.2..33.4]'
c1 rule: 'Mcv: (-inf..83.0]', 'Gammagt: (105.2..+inf)' => 'Sgpt: (20.2..33.4]'
c1 rule: 'Sgot: (48.8..+inf)', 'Gammagt: (-inf..23.6]' => 'Sgpt: (20.2..33.4]'
c1 rule: 'Gammagt: (-inf..23.6]', 'Drinks: (12.0..+inf)' => 'Sgpt: (20.2..33.4]'
c1 rule: 'Mcv: (-inf..83.0]', 'Gammagt: (23.6..42.2]' => 'Sgpt: (20.2..33.4]'
c1 rule: 'Mcv: (-inf..83.0]', 'Sgot: (-inf..18.2]' => 'Sgpt: (20.2..33.4]'
c1 rule: 'Mcv: (98.0..+inf)', 'Gammagt: (64.8..105.2]' => 'Sgpt: (20.2..33.4]'
c1 rule: 'Alkphos: (50.4..65.8]', 'Drinks: (8.0..12.0]' => 'Sgpt: (20.2..33.4]'
c1 rule: 'Mcv: (98.0..+inf)', 'Drinks: (8.0..12.0]' => 'Sgpt: (20.2..33.4]'
c1 rule: 'Mcv: (93.0..98.0]', 'Drinks: (8.0..12.0]', not 'Alkphos: (65.8..81.2]' => 'Sgpt: (20.2..33.4]'
c1 rule: 'Alkphos: (65.8..81.2]', 'Drinks: (8.0..12.0]', not 'Sgot: (36.6..48.8]' => 'Sgpt: (20.2..33.4]'
c1 rule: 'Mcv: (93.0..98.0]', 'Alkphos: (81.2..96.6]', 'Drinks: (-inf..2.0]' => 'Sgpt: (20.2..33.4]'
c1 rule: 'Alkphos: (81.2..96.6]', 'Sgot: (27.4..36.6]', 'Gammagt: (-inf..23.6]' => 'Sgpt: (20.2..33.4]'
c1 rule: 'Mcv: (88.0..93.0]', 'Sgot: (27.4..36.6]', 'Gammagt: (105.2..+inf)' => 'Sgpt: (20.2..33.4]'
c1 rule: 'Alkphos: (-inf..50.4]', 'Sgot: (27.4..36.6]', 'Gammagt: (23.6..42.2]' => 'Sgpt: (20.2..33.4]'
c1 rule: 'Alkphos: (-inf..50.4]', 'Gammagt: (23.6..42.2]', 'Drinks: (-inf..2.0]' => 'Sgpt: (20.2..33.4]'
c1 rule: 'Mcv: (93.0..98.0]', 'Alkphos: (-inf..50.4]', 'Drinks: (-inf..2.0]' => 'Sgpt: (20.2..33.4]'
c1 rule: 'Sgot: (-inf..18.2]', 'Gammagt: (23.6..42.2]', not 'Mcv: (88.0..93.0]' => 'Sgpt: (20.2..33.4]'
c1 rule: 'Sgot: (-inf..18.2]', not 'Mcv: (88.0..93.0]', not 'Gammagt: (-inf..23.6]' => 'Sgpt: (20.2..33.4]'
c1 rule: 'Alkphos: (96.6..+inf)', 'Sgot: (-inf..18.2]', not 'Drinks: (-inf..2.0]' => 'Sgpt: (20.2..33.4]'
c1 rule: 'Alkphos: (81.2..96.6]', 'Sgot: (-inf..18.2]', 'Gammagt: (64.8..105.2]' => 'Sgpt: (20.2..33.4]'
c1 rule: 'Alkphos: (81.2..96.6]', 'Gammagt: (64.8..105.2]', not 'Sgot: (36.6..48.8]' => 'Sgpt: (20.2..33.4]'
c1 rule: 'Mcv: (88.0..93.0]', 'Alkphos: (-inf..50.4]', 'Sgot: (27.4..36.6]' => 'Sgpt: (20.2..33.4]'
c1 rule: 'Mcv: (93.0..98.0]', 'Alkphos: (-inf..50.4]', 'Gammagt: (42.2..64.8]' => 'Sgpt: (20.2..33.4]'
c1 rule: 'Mcv: (93.0..98.0]', 'Alkphos: (65.8..81.2]', 'Drinks: (2.0..5.0]' => 'Sgpt: (20.2..33.4]'
c1 rule: 'Mcv: (93.0..98.0]', 'Gammagt: (23.6..42.2]', 'Drinks: (5.0..8.0]' => 'Sgpt: (20.2..33.4]'
c1 rule: 'Sgot: (36.6..48.8]', 'Drinks: (-inf..2.0]', not 'Mcv: (83.0..88.0]' => 'Sgpt: (20.2..33.4]'
c1 rule: 'Gammagt: (64.8..105.2]', 'Drinks: (2.0..5.0]', not 'Sgot: (-inf..18.2]' => 'Sgpt: (20.2..33.4]'
c1 rule: 'Alkphos: (-inf..50.4]', 'Gammagt: (23.6..42.2]', 'Drinks: (5.0..8.0]' => 'Sgpt: (20.2..33.4]'
c1 rule: 'Mcv: (83.0..88.0]', 'Alkphos: (96.6..+inf)', 'Drinks: (2.0..5.0]' => 'Sgpt: (20.2..33.4]'
c1 rule: 'Alkphos: (50.4..65.8]', 'Sgot: (-inf..18.2]', 'Gammagt: (23.6..42.2]' => 'Sgpt: (20.2..33.4]'
c1 rule: 'Mcv: (88.0..93.0]', 'Alkphos: (-inf..50.4]', 'Gammagt: (42.2..64.8]', not 'Sgot: (-inf..18.2]' => 'Sgpt: (20.2..33.4]'
c1 rule: 'Alkphos: (50.4..65.8]', 'Gammagt: (23.6..42.2]', 'Drinks: (-inf..2.0]', not 'Mcv: (83.0..88.0]' => 'Sgpt: (20.2..33.4]'
c1 rule: 'Mcv: (88.0..93.0]', 'Alkphos: (50.4..65.8]', 'Gammagt: (23.6..42.2]', not 'Drinks: (5.0..8.0]' => 'Sgpt: (20.2..33.4]'
c1 rule: 'Mcv: (93.0..98.0]', 'Sgot: (18.2..27.4]', 'Drinks: (-inf..2.0]', not 'Alkphos: (65.8..81.2]' => 'Sgpt: (20.2..33.4]'
c1 rule: 'Mcv: (93.0..98.0]', 'Alkphos: (50.4..65.8]', 'Sgot: (-inf..18.2]', not 'Drinks: (-inf..2.0]' => 'Sgpt: (20.2..33.4]'
c1 rule: 'Sgot: (-inf..18.2]', 'Gammagt: (23.6..42.2]', not 'Alkphos: (81.2..96.6]', not 'Drinks: (-inf..2.0]' => 'Sgpt: (20.2..33.4]'
c1 rule: 'Alkphos: (-inf..50.4]', 'Gammagt: (23.6..42.2]', not 'Mcv: (83.0..88.0]', not 'Drinks: (8.0..12.0]' => 'Sgpt: (20.2..33.4]'
c1 rule: 'Alkphos: (-inf..50.4]', 'Sgot: (-inf..18.2]', 'Drinks: (-inf..2.0]', not 'Mcv: (88.0..93.0]' => 'Sgpt: (20.2..33.4]'
c1 rule: 'Mcv: (83.0..88.0]', 'Alkphos: (65.8..81.2]', 'Sgot: (18.2..27.4]', not 'Drinks: (-inf..2.0]' => 'Sgpt: (20.2..33.4]'
c1 rule: 'Alkphos: (96.6..+inf)', 'Sgot: (27.4..36.6]', 'Gammagt: (-inf..23.6]', not 'Mcv: (93.0..98.0]' => 'Sgpt: (20.2..33.4]'
c1 rule: 'Alkphos: (81.2..96.6]', 'Sgot: (18.2..27.4]', 'Gammagt: (-inf..23.6]', 'Drinks: (-inf..2.0]' => 'Sgpt: (20.2..33.4]'
c1 rule: 'Mcv: (83.0..88.0]', 'Alkphos: (96.6..+inf)', 'Gammagt: (-inf..23.6]', 'Drinks: (-inf..2.0]' => 'Sgpt: (20.2..33.4]'
c1 rule: 'Alkphos: (81.2..96.6]', 'Gammagt: (23.6..42.2]', not 'Mcv: (88.0..93.0]', not 'Drinks: (-inf..2.0]' => 'Sgpt: (20.2..33.4]'
c1 # of rules: 44
c1 rule time: 0.0644

c1 computing class: (33.4..47.6]
c1 discrimination constraints: 178h
c1 coverage constraints: 40v+1041h
c1 formula: 100v, 1309c (1249h+60s)
c1 enumerating rules (maxsat-based)
c1 rule: 'Alkphos: (-inf..50.4]', 'Gammagt: (64.8..105.2]' => 'Sgpt: (33.4..47.6]'
c1 rule: 'Alkphos: (-inf..50.4]', 'Drinks: (8.0..12.0]' => 'Sgpt: (33.4..47.6]'
c1 rule: 'Mcv: (98.0..+inf)', 'Sgot: (27.4..36.6]' => 'Sgpt: (33.4..47.6]'
c1 rule: 'Mcv: (83.0..88.0]', 'Gammagt: (64.8..105.2]' => 'Sgpt: (33.4..47.6]'
c1 rule: 'Mcv: (98.0..+inf)', 'Sgot: (48.8..+inf)' => 'Sgpt: (33.4..47.6]'
c1 rule: 'Alkphos: (81.2..96.6]', 'Sgot: (48.8..+inf)' => 'Sgpt: (33.4..47.6]'
c1 rule: 'Alkphos: (81.2..96.6]', 'Gammagt: (23.6..42.2]', 'Drinks: (8.0..12.0]' => 'Sgpt: (33.4..47.6]'
c1 rule: 'Mcv: (88.0..93.0]', 'Sgot: (18.2..27.4]', 'Drinks: (8.0..12.0]' => 'Sgpt: (33.4..47.6]'
c1 rule: 'Mcv: (83.0..88.0]', 'Gammagt: (23.6..42.2]', not 'Sgot: (18.2..27.4]' => 'Sgpt: (33.4..47.6]'
c1 rule: 'Mcv: (83.0..88.0]', 'Gammagt: (105.2..+inf)', 'Drinks: (-inf..2.0]' => 'Sgpt: (33.4..47.6]'
c1 rule: 'Mcv: (83.0..88.0]', 'Gammagt: (105.2..+inf)', not 'Sgot: (27.4..36.6]' => 'Sgpt: (33.4..47.6]'
c1 rule: 'Alkphos: (65.8..81.2]', 'Gammagt: (105.2..+inf)', 'Drinks: (12.0..+inf)' => 'Sgpt: (33.4..47.6]'
c1 rule: 'Sgot: (27.4..36.6]', 'Gammagt: (-inf..23.6]', 'Drinks: (5.0..8.0]' => 'Sgpt: (33.4..47.6]'
c1 rule: 'Alkphos: (96.6..+inf)', 'Sgot: (27.4..36.6]', 'Gammagt: (42.2..64.8]' => 'Sgpt: (33.4..47.6]'
c1 rule: 'Mcv: (88.0..93.0]', 'Alkphos: (96.6..+inf)', 'Gammagt: (42.2..64.8]' => 'Sgpt: (33.4..47.6]'
c1 rule: 'Mcv: (88.0..93.0]', 'Alkphos: (65.8..81.2]', 'Gammagt: (42.2..64.8]' => 'Sgpt: (33.4..47.6]'
c1 rule: 'Mcv: (88.0..93.0]', 'Sgot: (27.4..36.6]', 'Gammagt: (42.2..64.8]' => 'Sgpt: (33.4..47.6]'
c1 rule: 'Mcv: (88.0..93.0]', 'Sgot: (18.2..27.4]', 'Gammagt: (64.8..105.2]' => 'Sgpt: (33.4..47.6]'
c1 rule: 'Mcv: (93.0..98.0]', 'Alkphos: (81.2..96.6]', 'Sgot: (36.6..48.8]' => 'Sgpt: (33.4..47.6]'
c1 rule: 'Alkphos: (96.6..+inf)', 'Gammagt: (23.6..42.2]', 'Drinks: (2.0..5.0]' => 'Sgpt: (33.4..47.6]'
c1 rule: 'Alkphos: (96.6..+inf)', 'Gammagt: (23.6..42.2]', not 'Drinks: (5.0..8.0]' => 'Sgpt: (33.4..47.6]'
c1 rule: 'Mcv: (83.0..88.0]', 'Alkphos: (50.4..65.8]', 'Gammagt: (23.6..42.2]', not 'Drinks: (2.0..5.0]' => 'Sgpt: (33.4..47.6]'
c1 rule: 'Mcv: (83.0..88.0]', 'Alkphos: (50.4..65.8]', 'Sgot: (18.2..27.4]', 'Gammagt: (42.2..64.8]' => 'Sgpt: (33.4..47.6]'
c1 rule: 'Mcv: (93.0..98.0]', 'Gammagt: (-inf..23.6]', 'Drinks: (5.0..8.0]', not 'Sgot: (-inf..18.2]' => 'Sgpt: (33.4..47.6]'
c1 rule: 'Mcv: (93.0..98.0]', 'Alkphos: (50.4..65.8]', 'Sgot: (18.2..27.4]', 'Drinks: (2.0..5.0]' => 'Sgpt: (33.4..47.6]'
c1 rule: 'Sgot: (27.4..36.6]', 'Gammagt: (-inf..23.6]', not 'Alkphos: (-inf..50.4]', not 'Drinks: (-inf..2.0]' => 'Sgpt: (33.4..47.6]'
c1 rule: 'Mcv: (88.0..93.0]', 'Alkphos: (-inf..50.4]', 'Sgot: (18.2..27.4]', 'Drinks: (-inf..2.0]' => 'Sgpt: (33.4..47.6]'
c1 rule: 'Mcv: (83.0..88.0]', 'Alkphos: (-inf..50.4]', 'Gammagt: (23.6..42.2]', not 'Drinks: (-inf..2.0]' => 'Sgpt: (33.4..47.6]'
c1 rule: 'Mcv: (88.0..93.0]', 'Sgot: (18.2..27.4]', 'Drinks: (-inf..2.0]', not 'Alkphos: (50.4..65.8]', not 'Gammagt: (-inf..23.6]' => 'Sgpt: (33.4..47.6]'
c1 # of rules: 29
c1 rule time: 0.0258

c1 computing class: (47.6..67.8]
c1 discrimination constraints: 202h
c1 coverage constraints: 16v+417h
c1 formula: 76v, 709c (649h+60s)
c1 enumerating rules (maxsat-based)
c1 rule: 'Alkphos: (50.4..65.8]', 'Sgot: (36.6..48.8]' => 'Sgpt: (47.6..67.8]'
c1 rule: 'Mcv: (98.0..+inf)', 'Sgot: (36.6..48.8]' => 'Sgpt: (47.6..67.8]'
c1 rule: 'Alkphos: (96.6..+inf)', 'Sgot: (36.6..48.8]' => 'Sgpt: (47.6..67.8]'
c1 rule: 'Alkphos: (96.6..+inf)', 'Gammagt: (64.8..105.2]' => 'Sgpt: (47.6..67.8]'
c1 rule: 'Gammagt: (64.8..105.2]', 'Drinks: (12.0..+inf)' => 'Sgpt: (47.6..67.8]'
c1 rule: 'Mcv: (93.0..98.0]', 'Sgot: (36.6..48.8]', not 'Gammagt: (64.8..105.2]' => 'Sgpt: (47.6..67.8]'
c1 rule: 'Sgot: (27.4..36.6]', 'Gammagt: (64.8..105.2]', 'Drinks: (5.0..8.0]' => 'Sgpt: (47.6..67.8]'
c1 rule: 'Alkphos: (65.8..81.2]', 'Gammagt: (42.2..64.8]', not 'Sgot: (18.2..27.4]' => 'Sgpt: (47.6..67.8]'
c1 rule: 'Mcv: (88.0..93.0]', 'Sgot: (36.6..48.8]', 'Gammagt: (42.2..64.8]' => 'Sgpt: (47.6..67.8]'
c1 rule: 'Mcv: (88.0..93.0]', 'Alkphos: (81.2..96.6]', 'Gammagt: (42.2..64.8]' => 'Sgpt: (47.6..67.8]'
c1 rule: 'Gammagt: (105.2..+inf)', 'Drinks: (8.0..12.0]', not 'Mcv: (88.0..93.0]' => 'Sgpt: (47.6..67.8]'
c1 rule: 'Mcv: (88.0..93.0]', 'Alkphos: (50.4..65.8]', 'Sgot: (27.4..36.6]', 'Gammagt: (-inf..23.6]', 'Drinks: (-inf..2.0]' => 'Sgpt: (47.6..67.8]'
c1 # of rules: 12
c1 rule time: 0.0060

c1 computing class: (67.8..+inf)
c1 discrimination constraints: 205h
c1 coverage constraints: 13v+339h
c1 formula: 73v, 634c (574h+60s)
c1 enumerating rules (maxsat-based)
c1 rule: 'Alkphos: (81.2..96.6]', 'Drinks: (12.0..+inf)' => 'Sgpt: (67.8..+inf)'
c1 rule: 'Sgot: (48.8..+inf)', 'Drinks: (-inf..2.0]' => 'Sgpt: (67.8..+inf)'
c1 rule: 'Mcv: (93.0..98.0]', 'Sgot: (48.8..+inf)' => 'Sgpt: (67.8..+inf)'
c1 rule: 'Sgot: (48.8..+inf)', 'Gammagt: (64.8..105.2]' => 'Sgpt: (67.8..+inf)'
c1 rule: 'Sgot: (48.8..+inf)', 'Gammagt: (42.2..64.8]' => 'Sgpt: (67.8..+inf)'
c1 rule: 'Alkphos: (65.8..81.2]', 'Sgot: (36.6..48.8]', 'Drinks: (5.0..8.0]' => 'Sgpt: (67.8..+inf)'
c1 rule: 'Mcv: (83.0..88.0]', 'Alkphos: (81.2..96.6]', 'Sgot: (36.6..48.8]' => 'Sgpt: (67.8..+inf)'
c1 rule: 'Mcv: (88.0..93.0]', 'Gammagt: (105.2..+inf)', 'Drinks: (5.0..8.0]' => 'Sgpt: (67.8..+inf)'
c1 rule: 'Mcv: (88.0..93.0]', 'Alkphos: (65.8..81.2]', 'Drinks: (8.0..12.0]' => 'Sgpt: (67.8..+inf)'
c1 rule: 'Alkphos: (65.8..81.2]', 'Sgot: (18.2..27.4]', 'Gammagt: (42.2..64.8]', not 'Drinks: (5.0..8.0]' => 'Sgpt: (67.8..+inf)'
c1 # of rules: 10
c1 rule time: 0.0085

c2 total rules: 126

c0 computing feature 4
c1 computing class: (-inf..18.2]
c1 discrimination constraints: 172h
c1 coverage constraints: 46v+1197h
c1 formula: 106v, 1459c (1399h+60s)
c1 enumerating rules (maxsat-based)
c1 rule: 'Gammagt: (64.8..105.2]', 'Drinks: (2.0..5.0]', not 'Alkphos: (50.4..65.8]' => 'Sgot: (-inf..18.2]'
c1 rule: 'Mcv: (-inf..83.0]', 'Alkphos: (50.4..65.8]', 'Drinks: (-inf..2.0]' => 'Sgot: (-inf..18.2]'
c1 rule: 'Mcv: (-inf..83.0]', 'Gammagt: (-inf..23.6]', not 'Sgpt: (-inf..20.2]' => 'Sgot: (-inf..18.2]'
c1 rule: 'Mcv: (88.0..93.0]', 'Sgpt: (-inf..20.2]', 'Gammagt: (42.2..64.8]' => 'Sgot: (-inf..18.2]'
c1 rule: 'Mcv: (93.0..98.0]', 'Sgpt: (-inf..20.2]', 'Drinks: (2.0..5.0]' => 'Sgot: (-inf..18.2]'
c1 rule: 'Alkphos: (81.2..96.6]', 'Sgpt: (-inf..20.2]', 'Drinks: (-inf..2.0]' => 'Sgot: (-inf..18.2]'
c1 rule: 'Alkphos: (81.2..96.6]', 'Sgpt: (-inf..20.2]', not 'Gammagt: (-inf..23.6]' => 'Sgot: (-inf..18.2]'
c1 rule: 'Alkphos: (81.2..96.6]', 'Gammagt: (-inf..23.6]', 'Drinks: (5.0..8.0]' => 'Sgot: (-inf..18.2]'
c1 rule: 'Mcv: (88.0..93.0]', 'Sgpt: (-inf..20.2]', 'Gammagt: (64.8..105.2]' => 'Sgot: (-inf..18.2]'
c1 rule: 'Mcv: (83.0..88.0]', 'Alkphos: (-inf..50.4]', 'Drinks: (5.0..8.0]' => 'Sgot: (-inf..18.2]'
c1 rule: 'Mcv: (93.0..98.0]', 'Alkphos: (-inf..50.4]', 'Sgpt: (-inf..20.2]' => 'Sgot: (-inf..18.2]'
c1 rule: 'Mcv: (93.0..98.0]', 'Alkphos: (50.4..65.8]', 'Sgpt: (-inf..20.2]' => 'Sgot: (-inf..18.2]'
c1 rule: 'Mcv: (-inf..83.0]', 'Gammagt: (23.6..42.2]', not 'Alkphos: (-inf..50.4]' => 'Sgot: (-inf..18.2]'
c1 rule: 'Alkphos: (50.4..65.8]', 'Sgpt: (20.2..33.4]', 'Gammagt: (42.2..64.8]', not 'Mcv: (88.0..93.0]' => 'Sgot: (-inf..18.2]'
c1 rule: 'Mcv: (83.0..88.0]', 'Alkphos: (65.8..81.2]', 'Sgpt: (-inf..20.2]', 'Drinks: (2.0..5.0]' => 'Sgot: (-inf..18.2]'
c1 rule: 'Mcv: (88.0..93.0]', 'Alkphos: (-inf..50.4]', 'Sgpt: (-inf..20.2]', 'Drinks: (-inf..2.0]' => 'Sgot: (-inf..18.2]'
c1 rule: 'Mcv: (88.0..93.0]', 'Sgpt: (-inf..20.2]', 'Drinks: (-inf..2.0]', not 'Gammagt: (-inf..23.6]' => 'Sgot: (-inf..18.2]'
c1 rule: 'Alkphos: (96.6..+inf)', 'Gammagt: (-inf..23.6]', not 'Sgpt: (-inf..20.2]', not 'Drinks: (-inf..2.0]' => 'Sgot: (-inf..18.2]'
c1 rule: 'Sgpt: (20.2..33.4]', 'Gammagt: (-inf..23.6]', 'Drinks: (5.0..8.0]', not 'Alkphos: (50.4..65.8]' => 'Sgot: (-inf..18.2]'
c1 rule: 'Gammagt: (-inf..23.6]', 'Drinks: (5.0..8.0]', not 'Mcv: (88.0..93.0]', not 'Sgpt: (33.4..47.6]' => 'Sgot: (-inf..18.2]'
c1 rule: 'Mcv: (93.0..98.0]', 'Alkphos: (50.4..65.8]', 'Sgpt: (20.2..33.4]', 'Drinks: (2.0..5.0]' => 'Sgot: (-inf..18.2]'
c1 rule: 'Alkphos: (-inf..50.4]', 'Sgpt: (20.2..33.4]', 'Gammagt: (-inf..23.6]', 'Drinks: (-inf..2.0]', not 'Mcv: (83.0..88.0]' => 'Sgot: (-inf..18.2]'
c1 rule: 'Mcv: (88.0..93.0]', 'Alkphos: (50.4..65.8]', 'Sgpt: (33.4..47.6]', 'Gammagt: (-inf..23.6]', 'Drinks: (-inf..2.0]' => 'Sgot: (-inf..18.2]'
c1 # of rules: 23
c1 rule time: 0.0259

c1 computing class: (18.2..27.4]
c1 discrimination constraints: 109h
c1 coverage constraints: 109v+2835h
c1 formula: 169v, 3034c (2974h+60s)
c1 enumerating rules (maxsat-based)
c1 rule: 'Mcv: (-inf..83.0]', 'Drinks: (2.0..5.0]' => 'Sgot: (18.2..27.4]'
c1 rule: 'Mcv: (-inf..83.0]', 'Gammagt: (42.2..64.8]' => 'Sgot: (18.2..27.4]'
c1 rule: 'Mcv: (-inf..83.0]', 'Gammagt: (105.2..+inf)' => 'Sgot: (18.2..27.4]'
c1 rule: 'Mcv: (-inf..83.0]', 'Sgpt: (-inf..20.2]' => 'Sgot: (18.2..27.4]'
c1 rule: 'Sgpt: (-inf..20.2]', 'Gammagt: (105.2..+inf)' => 'Sgot: (18.2..27.4]'
c1 rule: 'Alkphos: (96.6..+inf)', 'Gammagt: (23.6..42.2]' => 'Sgot: (18.2..27.4]'
c1 rule: 'Mcv: (83.0..88.0]', 'Alkphos: (96.6..+inf)' => 'Sgot: (18.2..27.4]'
c1 rule: 'Alkphos: (-inf..50.4]', 'Gammagt: (64.8..105.2]' => 'Sgot: (18.2..27.4]'
c1 rule: 'Mcv: (98.0..+inf)', 'Gammagt: (64.8..105.2]' => 'Sgot: (18.2..27.4]'
c1 rule: 'Mcv: (98.0..+inf)', 'Alkphos: (50.4..65.8]' => 'Sgot: (18.2..27.4]'
c1 rule: 'Mcv: (98.0..+inf)', 'Sgpt: (-inf..20.2]' => 'Sgot: (18.2..27.4]'
c1 rule: 'Mcv: (98.0..+inf)', 'Sgpt: (20.2..33.4]' => 'Sgot: (18.2..27.4]'
c1 rule: 'Alkphos: (-inf..50.4]', 'Sgpt: (33.4..47.6]' => 'Sgot: (18.2..27.4]'
c1 rule: 'Sgpt: (-inf..20.2]', 'Drinks: (8.0..12.0]' => 'Sgot: (18.2..27.4]'
c1 rule: 'Gammagt: (-inf..23.6]', 'Drinks: (12.0..+inf)' => 'Sgot: (18.2..27.4]'
c1 rule: 'Alkphos: (96.6..+inf)', 'Drinks: (8.0..12.0]', not 'Sgpt: (47.6..67.8]' => 'Sgot: (18.2..27.4]'
c1 rule: 'Gammagt: (23.6..42.2]', 'Drinks: (8.0..12.0]', not 'Mcv: (88.0..93.0]' => 'Sgot: (18.2..27.4]'
c1 rule: 'Sgpt: (-inf..20.2]', 'Gammagt: (23.6..42.2]', not 'Mcv: (88.0..93.0]' => 'Sgot: (18.2..27.4]'
c1 rule: 'Sgpt: (-inf..20.2]', 'Gammagt: (23.6..42.2]', 'Drinks: (5.0..8.0]' => 'Sgot: (18.2..27.4]'
c1 rule: 'Gammagt: (23.6..42.2]', 'Drinks: (5.0..8.0]', not 'Mcv: (88.0..93.0]' => 'Sgot: (18.2..27.4]'
c1 rule: 'Sgpt: (20.2..33.4]', 'Drinks: (5.0..8.0]', not 'Mcv: (88.0..93.0]' => 'Sgot: (18.2..27.4]'
c1 rule: 'Alkphos: (50.4..65.8]', 'Gammagt: (105.2..+inf)', not 'Drinks: (2.0..5.0]' => 'Sgot: (18.2..27.4]'
c1 rule: 'Alkphos: (50.4..65.8]', 'Sgpt: (33.4..47.6]', 'Gammagt: (23.6..42.2]' => 'Sgot: (18.2..27.4]'
c1 rule: 'Mcv: (88.0..93.0]', 'Sgpt: (20.2..33.4]', 'Gammagt: (42.2..64.8]' => 'Sgot: (18.2..27.4]'
c1 rule: 'Alkphos: (65.8..81.2]', 'Gammagt: (42.2..64.8]', not 'Sgpt: (47.6..67.8]' => 'Sgot: (18.2..27.4]'
c1 rule: 'Mcv: (83.0..88.0]', 'Sgpt: (33.4..47.6]', 'Gammagt: (42.2..64.8]' => 'Sgot: (18.2..27.4]'
c1 rule: 'Mcv: (83.0..88.0]', 'Alkphos: (-inf..50.4]', 'Gammagt: (23.6..42.2]' => 'Sgot: (18.2..27.4]'
c1 rule: 'Alkphos: (-inf..50.4]', 'Gammagt: (23.6..42.2]', not 'Mcv: (88.0..93.0]' => 'Sgot: (18.2..27.4]'
c1 rule: 'Alkphos: (-inf..50.4]', 'Gammagt: (23.6..42.2]', not 'Drinks: (-inf..2.0]' => 'Sgot: (18.2..27.4]'
c1 rule: 'Mcv: (83.0..88.0]', 'Alkphos: (50.4..65.8]', 'Gammagt: (23.6..42.2]' => 'Sgot: (18.2..27.4]'
c1 rule: 'Alkphos: (81.2..96.6]', 'Drinks: (2.0..5.0]', not 'Mcv: (88.0..93.0]' => 'Sgot: (18.2..27.4]'
c1 rule: 'Alkphos: (81.2..96.6]', 'Gammagt: (-inf..23.6]', 'Drinks: (2.0..5.0]' => 'Sgot: (18.2..27.4]'
c1 rule: 'Mcv: (93.0..98.0]', 'Sgpt: (33.4..47.6]', 'Drinks: (2.0..5.0]' => 'Sgot: (18.2..27.4]'
c1 rule: 'Mcv: (93.0..98.0]', 'Gammagt: (23.6..42.2]', not 'Alkphos: (50.4..65.8]' => 'Sgot: (18.2..27.4]'
c1 rule: 'Gammagt: (64.8..105.2]', 'Drinks: (-inf..2.0]', not 'Alkphos: (65.8..81.2]' => 'Sgot: (18.2..27.4]'
c1 rule: 'Mcv: (83.0..88.0]', 'Gammagt: (23.6..42.2]', not 'Sgpt: (33.4..47.6]' => 'Sgot: (18.2..27.4]'
c1 rule: 'Sgpt: (20.2..33.4]', 'Gammagt: (42.2..64.8]', 'Drinks: (2.0..5.0]' => 'Sgot: (18.2..27.4]'
c1 rule: 'Alkphos: (-inf..50.4]', 'Sgpt: (20.2..33.4]', 'Gammagt: (42.2..64.8]' => 'Sgot: (18.2..27.4]'
c1 rule: 'Alkphos: (81.2..96.6]', 'Gammagt: (42.2..64.8]', 'Drinks: (5.0..8.0]' => 'Sgot: (18.2..27.4]'
c1 rule: 'Alkphos: (96.6..+inf)', 'Sgpt: (-inf..20.2]', 'Drinks: (2.0..5.0]' => 'Sgot: (18.2..27.4]'
c1 rule: 'Mcv: (93.0..98.0]', 'Alkphos: (65.8..81.2]', 'Drinks: (2.0..5.0]' => 'Sgot: (18.2..27.4]'
c1 rule: 'Mcv: (93.0..98.0]', 'Alkphos: (65.8..81.2]', 'Sgpt: (-inf..20.2]' => 'Sgot: (18.2..27.4]'
c1 rule: 'Mcv: (93.0..98.0]', 'Alkphos: (81.2..96.6]', 'Gammagt: (-inf..23.6]' => 'Sgot: (18.2..27.4]'
c1 rule: 'Mcv: (83.0..88.0]', 'Alkphos: (65.8..81.2]', 'Gammagt: (23.6..42.2]', 'Drinks: (-inf..2.0]' => 'Sgot: (18.2..27.4]'
c1 rule: 'Alkphos: (65.8..81.2]', 'Sgpt: (33.4..47.6]', 'Gammagt: (23.6..42.2]', 'Drinks: (-inf..2.0]' => 'Sgot: (18.2..27.4]'
c1 rule: 'Mcv: (88.0..93.0]', 'Alkphos: (65.8..81.2]', 'Sgpt: (33.4..47.6]', 'Drinks: (-inf..2.0]' => 'Sgot: (18.2..27.4]'
c1 rule: 'Mcv: (88.0..93.0]', 'Alkphos: (65.8..81.2]', 'Sgpt: (33.4..47.6]', 'Drinks: (2.0..5.0]' => 'Sgot: (18.2..27.4]'
c1 rule: 'Alkphos: (50.4..65.8]', 'Sgpt: (-inf..20.2]', 'Drinks: (2.0..5.0]', not 'Mcv: (88.0..93.0]' => 'Sgot: (18.2..27.4]'
c1 rule: 'Mcv: (83.0..88.0]', 'Gammagt: (-inf..23.6]', 'Drinks: (2.0..5.0]', not 'Alkphos: (65.8..81.2]' => 'Sgot: (18.2..27.4]'
c1 rule: 'Alkphos: (65.8..81.2]', 'Sgpt: (-inf..20.2]', 'Drinks: (2.0..5.0]', not 'Gammagt: (-inf..23.6]' => 'Sgot: (18.2..27.4]'
c1 rule: 'Mcv: (88.0..93.0]', 'Alkphos: (50.4..65.8]', 'Sgpt: (-inf..20.2]', 'Drinks: (5.0..8.0]' => 'Sgot: (18.2..27.4]'
c1 rule: 'Mcv: (88.0..93.0]', 'Alkphos: (50.4..65.8]', 'Gammagt: (-inf..23.6]', 'Drinks: (5.0..8.0]' => 'Sgot: (18.2..27.4]'
c1 rule: 'Alkphos: (-inf..50.4]', 'Drinks: (-inf..2.0]', not 'Mcv: (88.0..93.0]', not 'Sgpt: (20.2..33.4]' => 'Sgot: (18.2..27.4]'
c1 rule: 'Mcv: (88.0..93.0]', 'Alkphos: (-inf..50.4]', 'Gammagt: (-inf..23.6]', 'Drinks: (5.0..8.0]' => 'Sgot: (18.2..27.4]'
c1 rule: 'Alkphos: (65.8..81.2]', 'Gammagt: (-inf..23.6]', 'Drinks: (2.0..5.0]', not 'Mcv: (83.0..88.0]', not 'Sgpt: (-inf..20.2]' => 'Sgot: (18.2..27.4]'
c1 # of rules: 55
c1 rule time: 0.0680

c1 computing class: (27.4..36.6]
c1 discrimination constraints: 180h
c1 coverage constraints: 38v+989h
c1 formula: 98v, 1259c (1199h+60s)
c1 enumerating rules (maxsat-based)
c1 rule: 'Mcv: (83.0..88.0]', 'Sgpt: (47.6..67.8]' => 'Sgot: (27.4..36.6]'
c1 rule: 'Sgpt: (47.6..67.8]', 'Drinks: (-inf..2.0]' => 'Sgot: (27.4..36.6]'
c1 rule: 'Mcv: (83.0..88.0]', 'Gammagt: (64.8..105.2]' => 'Sgot: (27.4..36.6]'
c1 rule: 'Alkphos: (81.2..96.6]', 'Drinks: (12.0..+inf)' => 'Sgot: (27.4..36.6]'
c1 rule: 'Alkphos: (50.4..65.8]', 'Drinks: (8.0..12.0]' => 'Sgot: (27.4..36.6]'
c1 rule: 'Gammagt: (64.8..105.2]', 'Drinks: (8.0..12.0]' => 'Sgot: (27.4..36.6]'
c1 rule: 'Sgpt: (47.6..67.8]', 'Drinks: (12.0..+inf)', not 'Alkphos: (96.6..+inf)' => 'Sgot: (27.4..36.6]'
c1 rule: 'Mcv: (88.0..93.0]', 'Sgpt: (47.6..67.8]', not 'Gammagt: (42.2..64.8]' => 'Sgot: (27.4..36.6]'
c1 rule: 'Mcv: (83.0..88.0]', 'Alkphos: (-inf..50.4]', 'Gammagt: (42.2..64.8]' => 'Sgot: (27.4..36.6]'
c1 rule: 'Alkphos: (50.4..65.8]', 'Sgpt: (67.8..+inf)', not 'Drinks: (2.0..5.0]' => 'Sgot: (27.4..36.6]'
c1 rule: 'Alkphos: (50.4..65.8]', 'Gammagt: (105.2..+inf)', 'Drinks: (2.0..5.0]' => 'Sgot: (27.4..36.6]'
c1 rule: 'Mcv: (83.0..88.0]', 'Sgpt: (33.4..47.6]', 'Gammagt: (-inf..23.6]' => 'Sgot: (27.4..36.6]'
c1 rule: 'Mcv: (98.0..+inf)', 'Sgpt: (33.4..47.6]', not 'Drinks: (5.0..8.0]' => 'Sgot: (27.4..36.6]'
c1 rule: 'Alkphos: (65.8..81.2]', 'Gammagt: (23.6..42.2]', 'Drinks: (5.0..8.0]' => 'Sgot: (27.4..36.6]'
c1 rule: 'Mcv: (83.0..88.0]', 'Gammagt: (105.2..+inf)', not 'Alkphos: (65.8..81.2]' => 'Sgot: (27.4..36.6]'
c1 rule: 'Mcv: (93.0..98.0]', 'Alkphos: (96.6..+inf)', 'Drinks: (-inf..2.0]' => 'Sgot: (27.4..36.6]'
c1 rule: 'Sgpt: (20.2..33.4]', 'Gammagt: (105.2..+inf)', not 'Drinks: (-inf..2.0]' => 'Sgot: (27.4..36.6]'
c1 rule: 'Sgpt: (20.2..33.4]', 'Drinks: (8.0..12.0]', not 'Alkphos: (65.8..81.2]' => 'Sgot: (27.4..36.6]'
c1 rule: 'Alkphos: (81.2..96.6]', 'Drinks: (8.0..12.0]', not 'Mcv: (83.0..88.0]' => 'Sgot: (27.4..36.6]'
c1 rule: 'Sgpt: (33.4..47.6]', 'Gammagt: (-inf..23.6]', not 'Mcv: (93.0..98.0]', not 'Drinks: (-inf..2.0]' => 'Sgot: (27.4..36.6]'
c1 rule: 'Mcv: (88.0..93.0]', 'Alkphos: (-inf..50.4]', 'Drinks: (-inf..2.0]', not 'Gammagt: (-inf..23.6]' => 'Sgot: (27.4..36.6]'
c1 rule: 'Mcv: (88.0..93.0]', 'Alkphos: (96.6..+inf)', 'Sgpt: (20.2..33.4]', 'Drinks: (-inf..2.0]' => 'Sgot: (27.4..36.6]'
c1 rule: 'Sgpt: (20.2..33.4]', 'Gammagt: (64.8..105.2]', not 'Mcv: (98.0..+inf)', not 'Alkphos: (81.2..96.6]' => 'Sgot: (27.4..36.6]'
c1 rule: 'Mcv: (83.0..88.0]', 'Alkphos: (65.8..81.2]', 'Sgpt: (33.4..47.6]', 'Drinks: (2.0..5.0]', not 'Gammagt: (105.2..+inf)' => 'Sgot: (27.4..36.6]'
c1 rule: 'Mcv: (88.0..93.0]', 'Sgpt: (20.2..33.4]', 'Drinks: (5.0..8.0]', not 'Alkphos: (-inf..50.4]', not 'Gammagt: (-inf..23.6]' => 'Sgot: (27.4..36.6]'
c1 # of rules: 25
c1 rule time: 0.0280

c1 computing class: (36.6..48.8]
c1 discrimination constraints: 202h
c1 coverage constraints: 16v+417h
c1 formula: 76v, 709c (649h+60s)
c1 enumerating rules (maxsat-based)
c1 rule: 'Sgpt: (67.8..+inf)', 'Drinks: (8.0..12.0]' => 'Sgot: (36.6..48.8]'
c1 rule: 'Sgpt: (47.6..67.8]', 'Gammagt: (23.6..42.2]' => 'Sgot: (36.6..48.8]'
c1 rule: 'Sgpt: (47.6..67.8]', 'Drinks: (2.0..5.0]' => 'Sgot: (36.6..48.8]'
c1 rule: 'Mcv: (-inf..83.0]', 'Sgpt: (47.6..67.8]' => 'Sgot: (36.6..48.8]'
c1 rule: 'Sgpt: (33.4..47.6]', 'Drinks: (12.0..+inf)' => 'Sgot: (36.6..48.8]'
c1 rule: 'Mcv: (98.0..+inf)', 'Sgpt: (47.6..67.8]' => 'Sgot: (36.6..48.8]'
c1 rule: 'Alkphos: (96.6..+inf)', 'Drinks: (12.0..+inf)' => 'Sgot: (36.6..48.8]'
c1 rule: 'Alkphos: (81.2..96.6]', 'Sgpt: (67.8..+inf)', not 'Gammagt: (105.2..+inf)' => 'Sgot: (36.6..48.8]'
c1 rule: 'Alkphos: (81.2..96.6]', 'Sgpt: (67.8..+inf)', not 'Drinks: (12.0..+inf)' => 'Sgot: (36.6..48.8]'
c1 rule: 'Sgpt: (67.8..+inf)', 'Gammagt: (105.2..+inf)', not 'Mcv: (93.0..98.0]' => 'Sgot: (36.6..48.8]'
c1 rule: 'Mcv: (93.0..98.0]', 'Sgpt: (47.6..67.8]', 'Gammagt: (105.2..+inf)' => 'Sgot: (36.6..48.8]'
c1 rule: 'Mcv: (93.0..98.0]', 'Sgpt: (47.6..67.8]', not 'Drinks: (12.0..+inf)' => 'Sgot: (36.6..48.8]'
c1 rule: 'Alkphos: (81.2..96.6]', 'Gammagt: (64.8..105.2]', not 'Sgpt: (20.2..33.4]' => 'Sgot: (36.6..48.8]'
c1 rule: 'Alkphos: (50.4..65.8]', 'Sgpt: (47.6..67.8]', 'Gammagt: (42.2..64.8]' => 'Sgot: (36.6..48.8]'
c1 rule: 'Mcv: (83.0..88.0]', 'Alkphos: (65.8..81.2]', 'Gammagt: (105.2..+inf)' => 'Sgot: (36.6..48.8]'
c1 rule: 'Mcv: (88.0..93.0]', 'Alkphos: (65.8..81.2]', 'Sgpt: (20.2..33.4]', 'Gammagt: (23.6..42.2]', 'Drinks: (-inf..2.0]' => 'Sgot: (36.6..48.8]'
c1 # of rules: 16
c1 rule time: 0.0115

c1 computing class: (48.8..+inf)
c1 discrimination constraints: 209h
c1 coverage constraints: 9v+235h
c1 formula: 69v, 534c (474h+60s)
c1 enumerating rules (maxsat-based)
c1 rule: 'Alkphos: (96.6..+inf)', 'Sgpt: (67.8..+inf)' => 'Sgot: (48.8..+inf)'
c1 rule: 'Sgpt: (67.8..+inf)', 'Drinks: (2.0..5.0]' => 'Sgot: (48.8..+inf)'
c1 rule: 'Sgpt: (67.8..+inf)', 'Gammagt: (64.8..105.2]' => 'Sgot: (48.8..+inf)'
c1 rule: 'Mcv: (98.0..+inf)', 'Sgpt: (33.4..47.6]', 'Drinks: (5.0..8.0]' => 'Sgot: (48.8..+inf)'
c1 rule: 'Sgpt: (67.8..+inf)', 'Drinks: (5.0..8.0]', not 'Mcv: (88.0..93.0]' => 'Sgot: (48.8..+inf)'
c1 rule: 'Sgpt: (67.8..+inf)', 'Drinks: (-inf..2.0]', not 'Mcv: (83.0..88.0]' => 'Sgot: (48.8..+inf)'
c1 rule: 'Gammagt: (105.2..+inf)', 'Drinks: (2.0..5.0]', not 'Mcv: (83.0..88.0]' => 'Sgot: (48.8..+inf)'
c1 # of rules: 7
c1 rule time: 0.0062

c2 total rules: 126

c0 computing feature 5
c1 computing class: (-inf..23.6]
c1 discrimination constraints: 122h
c1 coverage constraints: 96v+2497h
c1 formula: 156v, 2709c (2649h+60s)
c1 enumerating rules (maxsat-based)
c1 rule: 'Sgpt: (33.4..47.6]', 'Sgot: (-inf..18.2]' => 'Gammagt: (-inf..23.6]'
c1 rule: 'Alkphos: (96.6..+inf)', 'Sgot: (-inf..18.2]' => 'Gammagt: (-inf..23.6]'
c1 rule: 'Sgpt: (-inf..20.2]', 'Drinks: (8.0..12.0]' => 'Gammagt: (-inf..23.6]'
c1 rule: 'Mcv: (-inf..83.0]', 'Alkphos: (96.6..+inf)' => 'Gammagt: (-inf..23.6]'
c1 rule: 'Mcv: (-inf..83.0]', 'Drinks: (2.0..5.0]' => 'Gammagt: (-inf..23.6]'
c1 rule: 'Sgpt: (20.2..33.4]', 'Sgot: (48.8..+inf)' => 'Gammagt: (-inf..23.6]'
c1 rule: 'Sgpt: (20.2..33.4]', 'Drinks: (12.0..+inf)' => 'Gammagt: (-inf..23.6]'
c1 rule: 'Mcv: (98.0..+inf)', 'Drinks: (-inf..2.0]' => 'Gammagt: (-inf..23.6]'
c1 rule: 'Mcv: (98.0..+inf)', 'Sgpt: (-inf..20.2]', not 'Alkphos: (-inf..50.4]' => 'Gammagt: (-inf..23.6]'
c1 rule: 'Alkphos: (50.4..65.8]', 'Sgpt: (-inf..20.2]', 'Drinks: (-inf..2.0]' => 'Gammagt: (-inf..23.6]'
c1 rule: 'Mcv: (-inf..83.0]', 'Alkphos: (50.4..65.8]', not 'Drinks: (5.0..8.0]' => 'Gammagt: (-inf..23.6]'
c1 rule: 'Sgot: (27.4..36.6]', 'Drinks: (5.0..8.0]', not 'Mcv: (88.0..93.0]' => 'Gammagt: (-inf..23.6]'
c1 rule: 'Mcv: (93.0..98.0]', 'Sgot: (27.4..36.6]', 'Drinks: (-inf..2.0]' => 'Gammagt: (-inf..23.6]'
c1 rule: 'Mcv: (93.0..98.0]', 'Sgpt: (-inf..20.2]', not 'Alkphos: (65.8..81.2]' => 'Gammagt: (-inf..23.6]'
c1 rule: 'Alkphos: (-inf..50.4]', 'Sgpt: (-inf..20.2]', 'Drinks: (-inf..2.0]' => 'Gammagt: (-inf..23.6]'
c1 rule: 'Mcv: (83.0..88.0]', 'Sgpt: (-inf..20.2]', 'Drinks: (-inf..2.0]' => 'Gammagt: (-inf..23.6]'
c1 rule: 'Alkphos: (-inf..50.4]', 'Drinks: (-inf..2.0]', not 'Sgpt: (20.2..33.4]' => 'Gammagt: (-inf..23.6]'
c1 rule: 'Alkphos: (50.4..65.8]', 'Sgpt: (33.4..47.6]', 'Drinks: (2.0..5.0]' => 'Gammagt: (-inf..23.6]'
c1 rule: 'Sgot: (-inf..18.2]', 'Drinks: (2.0..5.0]', not 'Mcv: (88.0..93.0]' => 'Gammagt: (-inf..23.6]'
c1 rule: 'Sgpt: (-inf..20.2]', 'Sgot: (-inf..18.2]', not 'Mcv: (88.0..93.0]' => 'Gammagt: (-inf..23.6]'
c1 rule: 'Mcv: (83.0..88.0]', 'Sgot: (-inf..18.2]', not 'Alkphos: (50.4..65.8]' => 'Gammagt: (-inf..23.6]'
c1 rule: 'Sgot: (-inf..18.2]', 'Drinks: (5.0..8.0]', not 'Sgpt: (-inf..20.2]' => 'Gammagt: (-inf..23.6]'
c1 rule: 'Sgot: (-inf..18.2]', 'Drinks: (5.0..8.0]', not 'Alkphos: (-inf..50.4]' => 'Gammagt: (-inf..23.6]'
c1 rule: 'Sgpt: (-inf..20.2]', 'Sgot: (27.4..36.6]', not 'Drinks: (2.0..5.0]' => 'Gammagt: (-inf..23.6]'
c1 rule: 'Alkphos: (81.2..96.6]', 'Sgpt: (-inf..20.2]', not 'Mcv: (88.0..93.0]' => 'Gammagt: (-inf..23.6]'
c1 rule: 'Alkphos: (81.2..96.6]', 'Sgpt: (-inf..20.2]', not 'Sgot: (-inf..18.2]' => 'Gammagt: (-inf..23.6]'
c1 rule: 'Alkphos: (-inf..50.4]', 'Sgot: (-inf..18.2]', 'Drinks: (2.0..5.0]' => 'Gammagt: (-inf..23.6]'
c1 rule: 'Sgpt: (47.6..67.8]', 'Drinks: (-inf..2.0]', not 'Mcv: (83.0..88.0]' => 'Gammagt: (-inf..23.6]'
c1 rule: 'Sgpt: (47.6..67.8]', 'Drinks: (-inf..2.0]', not 'Alkphos: (65.8..81.2]' => 'Gammagt: (-inf..23.6]'
c1 rule: 'Alkphos: (96.6..+inf)', 'Sgpt: (20.2..33.4]', 'Sgot: (27.4..36.6]' => 'Gammagt: (-inf..23.6]'
c1 rule: 'Alkphos: (96.6..+inf)', 'Sgpt: (20.2..33.4]', 'Drinks: (-inf..2.0]' => 'Gammagt: (-inf..23.6]'
c1 rule: 'Alkphos: (96.6..+inf)', 'Sgpt: (-inf..20.2]', 'Drinks: (2.0..5.0]' => 'Gammagt: (-inf..23.6]'
c1 rule: 'Alkphos: (96.6..+inf)', 'Sgpt: (-inf..20.2]', not 'Mcv: (83.0..88.0]' => 'Gammagt: (-inf..23.6]'
c1 rule: 'Alkphos: (-inf..50.4]', 'Sgot: (-inf..18.2]', not 'Drinks: (5.0..8.0]' => 'Gammagt: (-inf..23.6]'
c1 rule: 'Mcv: (83.0..88.0]', 'Alkphos: (-inf..50.4]', 'Sgpt: (-inf..20.2]', not 'Sgot: (27.4..36.6]' => 'Gammagt: (-inf..23.6]'
c1 rule: 'Mcv: (88.0..93.0]', 'Sgpt: (-inf..20.2]', 'Drinks: (-inf..2.0]', not 'Sgot: (-inf..18.2]' => 'Gammagt: (-inf..23.6]'
c1 rule: 'Alkphos: (65.8..81.2]', 'Sgpt: (-inf..20.2]', 'Drinks: (5.0..8.0]', not 'Mcv: (93.0..98.0]' => 'Gammagt: (-inf..23.6]'
c1 rule: 'Sgpt: (20.2..33.4]', 'Sgot: (27.4..36.6]', 'Drinks: (2.0..5.0]', not 'Alkphos: (50.4..65.8]' => 'Gammagt: (-inf..23.6]'
c1 rule: 'Mcv: (88.0..93.0]', 'Alkphos: (-inf..50.4]', 'Drinks: (2.0..5.0]', not 'Sgpt: (20.2..33.4]' => 'Gammagt: (-inf..23.6]'
c1 rule: 'Mcv: (88.0..93.0]', 'Sgot: (-inf..18.2]', not 'Sgpt: (-inf..20.2]', not 'Drinks: (2.0..5.0]' => 'Gammagt: (-inf..23.6]'
c1 rule: 'Alkphos: (65.8..81.2]', 'Sgot: (-inf..18.2]', not 'Sgpt: (20.2..33.4]', not 'Drinks: (-inf..2.0]' => 'Gammagt: (-inf..23.6]'
c1 rule: 'Mcv: (83.0..88.0]', 'Alkphos: (50.4..65.8]', 'Sgpt: (33.4..47.6]', not 'Sgot: (18.2..27.4]' => 'Gammagt: (-inf..23.6]'
c1 rule: 'Mcv: (88.0..93.0]', 'Alkphos: (81.2..96.6]', 'Sgot: (18.2..27.4]', not 'Sgpt: (47.6..67.8]' => 'Gammagt: (-inf..23.6]'
c1 rule: 'Mcv: (88.0..93.0]', 'Alkphos: (81.2..96.6]', 'Drinks: (-inf..2.0]', not 'Sgot: (-inf..18.2]' => 'Gammagt: (-inf..23.6]'
c1 rule: 'Alkphos: (-inf..50.4]', 'Sgpt: (-inf..20.2]', 'Sgot: (18.2..27.4]', not 'Mcv: (98.0..+inf)' => 'Gammagt: (-inf..23.6]'
c1 rule: 'Mcv: (83.0..88.0]', 'Alkphos: (-inf..50.4]', 'Sgpt: (20.2..33.4]', not 'Drinks: (-inf..2.0]' => 'Gammagt: (-inf..23.6]'
c1 rule: 'Mcv: (88.0..93.0]', 'Sgot: (18.2..27.4]', 'Drinks: (-inf..2.0]', not 'Alkphos: (50.4..65.8]', not 'Sgpt: (33.4..47.6]' => 'Gammagt: (-inf..23.6]'
c1 rule: 'Mcv: (88.0..93.0]', 'Sgpt: (-inf..20.2]', 'Drinks: (2.0..5.0]', not 'Alkphos: (65.8..81.2]', not 'Sgot: (-inf..18.2]' => 'Gammagt: (-inf..23.6]'
c1 rule: 'Mcv: (88.0..93.0]', 'Sgpt: (20.2..33.4]', 'Drinks: (5.0..8.0]', not 'Alkphos: (-inf..50.4]', not 'Sgot: (27.4..36.6]' => 'Gammagt: (-inf..23.6]'
c1 rule: 'Mcv: (83.0..88.0]', 'Alkphos: (50.4..65.8]', 'Sgpt: (20.2..33.4]', 'Sgot: (18.2..27.4]', 'Drinks: (-inf..2.0]' => 'Gammagt: (-inf..23.6]'
c1 # of rules: 50
c1 rule time: 0.0571

c1 computing class: (105.2..+inf)
c1 discrimination constraints: 200h
c1 coverage constraints: 18v+469h
c1 formula: 78v, 759c (699h+60s)
c1 enumerating rules (maxsat-based)
c1 rule: 'Mcv: (98.0..+inf)', 'Alkphos: (81.2..96.6]' => 'Gammagt: (105.2..+inf)'
c1 rule: 'Sgpt: (33.4..47.6]', 'Drinks: (12.0..+inf)' => 'Gammagt: (105.2..+inf)'
c1 rule: 'Alkphos: (81.2..96.6]', 'Drinks: (12.0..+inf)' => 'Gammagt: (105.2..+inf)'
c1 rule: 'Alkphos: (81.2..96.6]', 'Sgot: (48.8..+inf)' => 'Gammagt: (105.2..+inf)'
c1 rule: 'Mcv: (88.0..93.0]', 'Alkphos: (81.2..96.6]', 'Sgpt: (67.8..+inf)' => 'Gammagt: (105.2..+inf)'
c1 rule: 'Alkphos: (81.2..96.6]', 'Sgpt: (47.6..67.8]', not 'Mcv: (88.0..93.0]' => 'Gammagt: (105.2..+inf)'
c1 rule: 'Alkphos: (65.8..81.2]', 'Sgpt: (47.6..67.8]', not 'Sgot: (27.4..36.6]' => 'Gammagt: (105.2..+inf)'
c1 rule: 'Mcv: (88.0..93.0]', 'Sgpt: (20.2..33.4]', 'Drinks: (8.0..12.0]' => 'Gammagt: (105.2..+inf)'
c1 rule: 'Mcv: (83.0..88.0]', 'Sgpt: (20.2..33.4]', 'Sgot: (27.4..36.6]' => 'Gammagt: (105.2..+inf)'
c1 rule: 'Mcv: (83.0..88.0]', 'Sgot: (36.6..48.8]', not 'Alkphos: (81.2..96.6]' => 'Gammagt: (105.2..+inf)'
c1 rule: 'Sgpt: (67.8..+inf)', 'Sgot: (36.6..48.8]', 'Drinks: (5.0..8.0]' => 'Gammagt: (105.2..+inf)'
c1 rule: 'Sgpt: (67.8..+inf)', 'Drinks: (5.0..8.0]', not 'Mcv: (88.0..93.0]' => 'Gammagt: (105.2..+inf)'
c1 rule: 'Sgot: (48.8..+inf)', not 'Mcv: (88.0..93.0]', not 'Drinks: (2.0..5.0]' => 'Gammagt: (105.2..+inf)'
c1 rule: 'Mcv: (-inf..83.0]', 'Sgpt: (20.2..33.4]', not 'Alkphos: (-inf..50.4]', not 'Sgot: (-inf..18.2]' => 'Gammagt: (105.2..+inf)'
c1 # of rules: 14
c1 rule time: 0.0119

c1 computing class: (23.6..42.2]
c1 discrimination constraints: 162h
c1 coverage constraints: 56v+1457h
c1 formula: 116v, 1709c (1649h+60s)
c1 enumerating rules (maxsat-based)
c1 rule: 'Sgpt: (20.2..33.4]', 'Sgot: (36.6..48.8]' => 'Gammagt: (23.6..42.2]'
c1 rule: 'Mcv: (98.0..+inf)', 'Sgot: (27.4..36.6]' => 'Gammagt: (23.6..42.2]'
c1 rule: 'Alkphos: (-inf..50.4]', 'Drinks: (8.0..12.0]' => 'Gammagt: (23.6..42.2]'
c1 rule: 'Mcv: (98.0..+inf)', 'Alkphos: (65.8..81.2]' => 'Gammagt: (23.6..42.2]'
c1 rule: 'Alkphos: (96.6..+inf)', 'Drinks: (5.0..8.0]' => 'Gammagt: (23.6..42.2]'
c1 rule: 'Sgpt: (67.8..+inf)', 'Drinks: (8.0..12.0]' => 'Gammagt: (23.6..42.2]'
c1 rule: 'Sgpt: (67.8..+inf)', 'Sgot: (27.4..36.6]', 'Drinks: (5.0..8.0]' => 'Gammagt: (23.6..42.2]'
c1 rule: 'Sgot: (27.4..36.6]', 'Drinks: (5.0..8.0]', not 'Alkphos: (50.4..65.8]' => 'Gammagt: (23.6..42.2]'
c1 rule: 'Mcv: (-inf..83.0]', 'Alkphos: (65.8..81.2]', not 'Sgot: (18.2..27.4]' => 'Gammagt: (23.6..42.2]'
c1 rule: 'Sgpt: (33.4..47.6]', 'Drinks: (8.0..12.0]', not 'Sgot: (18.2..27.4]' => 'Gammagt: (23.6..42.2]'
c1 rule: 'Alkphos: (-inf..50.4]', 'Sgot: (27.4..36.6]', not 'Drinks: (2.0..5.0]' => 'Gammagt: (23.6..42.2]'
c1 rule: 'Mcv: (83.0..88.0]', 'Sgpt: (20.2..33.4]', 'Drinks: (8.0..12.0]' => 'Gammagt: (23.6..42.2]'
c1 rule: 'Alkphos: (65.8..81.2]', 'Sgot: (27.4..36.6]', 'Drinks: (2.0..5.0]' => 'Gammagt: (23.6..42.2]'
c1 rule: 'Sgpt: (20.2..33.4]', 'Sgot: (27.4..36.6]', 'Drinks: (5.0..8.0]' => 'Gammagt: (23.6..42.2]'
c1 rule: 'Mcv: (83.0..88.0]', 'Alkphos: (96.6..+inf)', 'Sgpt: (33.4..47.6]' => 'Gammagt: (23.6..42.2]'
c1 rule: 'Mcv: (83.0..88.0]', 'Sgot: (18.2..27.4]', 'Drinks: (5.0..8.0]' => 'Gammagt: (23.6..42.2]'
c1 rule: 'Alkphos: (50.4..65.8]', 'Sgot: (36.6..48.8]', not 'Drinks: (5.0..8.0]' => 'Gammagt: (23.6..42.2]'
c1 rule: 'Alkphos: (81.2..96.6]', 'Sgpt: (33.4..47.6]', 'Sgot: (18.2..27.4]' => 'Gammagt: (23.6..42.2]'
c1 rule: 'Alkphos: (96.6..+inf)', 'Sgpt: (33.4..47.6]', 'Drinks: (2.0..5.0]' => 'Gammagt: (23.6..42.2]'
c1 rule: 'Mcv: (83.0..88.0]', 'Alkphos: (-inf..50.4]', 'Sgpt: (33.4..47.6]' => 'Gammagt: (23.6..42.2]'
c1 rule: 'Alkphos: (81.2..96.6]', 'Sgpt: (-inf..20.2]', 'Sgot: (-inf..18.2]', 'Drinks: (2.0..5.0]' => 'Gammagt: (23.6..42.2]'
c1 rule: 'Mcv: (93.0..98.0]', 'Alkphos: (50.4..65.8]', 'Drinks: (5.0..8.0]', not 'Sgot: (36.6..48.8]' => 'Gammagt: (23.6..42.2]'
c1 rule: 'Alkphos: (50.4..65.8]', 'Sgpt: (20.2..33.4]', 'Sgot: (27.4..36.6]', 'Drinks: (-inf..2.0]' => 'Gammagt: (23.6..42.2]'
c1 rule: 'Mcv: (-inf..83.0]', 'Sgot: (18.2..27.4]', not 'Alkphos: (65.8..81.2]', not 'Sgpt: (-inf..20.2]' => 'Gammagt: (23.6..42.2]'
c1 rule: 'Mcv: (83.0..88.0]', 'Sgpt: (33.4..47.6]', 'Sgot: (18.2..27.4]', not 'Alkphos: (50.4..65.8]' => 'Gammagt: (23.6..42.2]'
c1 rule: 'Mcv: (93.0..98.0]', 'Alkphos: (65.8..81.2]', 'Sgpt: (20.2..33.4]', 'Drinks: (-inf..2.0]' => 'Gammagt: (23.6..42.2]'
c1 rule: 'Alkphos: (65.8..81.2]', 'Sgot: (-inf..18.2]', 'Drinks: (2.0..5.0]', not 'Sgpt: (-inf..20.2]' => 'Gammagt: (23.6..42.2]'
c1 rule: 'Mcv: (88.0..93.0]', 'Sgpt: (33.4..47.6]', 'Sgot: (18.2..27.4]', 'Drinks: (2.0..5.0]' => 'Gammagt: (23.6..42.2]'
c1 rule: 'Mcv: (83.0..88.0]', 'Alkphos: (50.4..65.8]', 'Sgot: (18.2..27.4]', not 'Sgpt: (-inf..20.2]', not 'Drinks: (-inf..2.0]' => 'Gammagt: (23.6..42.2]'
c1 # of rules: 29
c1 rule time: 0.0312

c1 computing class: (42.2..64.8]
c1 discrimination constraints: 189h
c1 coverage constraints: 29v+755h
c1 formula: 89v, 1034c (974h+60s)
c1 enumerating rules (maxsat-based)
c1 rule: 'Mcv: (98.0..+inf)', 'Alkphos: (-inf..50.4]' => 'Gammagt: (42.2..64.8]'
c1 rule: 'Sgpt: (47.6..67.8]', 'Sgot: (18.2..27.4]' => 'Gammagt: (42.2..64.8]'
c1 rule: 'Mcv: (83.0..88.0]', 'Sgpt: (67.8..+inf)' => 'Gammagt: (42.2..64.8]'
c1 rule: 'Alkphos: (96.6..+inf)', 'Sgpt: (67.8..+inf)' => 'Gammagt: (42.2..64.8]'
c1 rule: 'Alkphos: (96.6..+inf)', 'Sgpt: (33.4..47.6]', not 'Sgot: (18.2..27.4]' => 'Gammagt: (42.2..64.8]'
c1 rule: 'Mcv: (88.0..93.0]', 'Sgpt: (47.6..67.8]', not 'Sgot: (27.4..36.6]' => 'Gammagt: (42.2..64.8]'
c1 rule: 'Alkphos: (-inf..50.4]', 'Sgot: (27.4..36.6]', not 'Mcv: (88.0..93.0]' => 'Gammagt: (42.2..64.8]'
c1 rule: 'Mcv: (93.0..98.0]', 'Alkphos: (-inf..50.4]', 'Drinks: (-inf..2.0]' => 'Gammagt: (42.2..64.8]'
c1 rule: 'Mcv: (93.0..98.0]', 'Alkphos: (-inf..50.4]', 'Sgpt: (20.2..33.4]' => 'Gammagt: (42.2..64.8]'
c1 rule: 'Mcv: (83.0..88.0]', 'Alkphos: (96.6..+inf)', 'Drinks: (2.0..5.0]' => 'Gammagt: (42.2..64.8]'
c1 rule: 'Mcv: (-inf..83.0]', 'Alkphos: (50.4..65.8]', 'Sgot: (18.2..27.4]' => 'Gammagt: (42.2..64.8]'
c1 rule: 'Alkphos: (65.8..81.2]', 'Sgpt: (47.6..67.8]', 'Drinks: (-inf..2.0]' => 'Gammagt: (42.2..64.8]'
c1 rule: 'Mcv: (93.0..98.0]', 'Alkphos: (81.2..96.6]', 'Drinks: (8.0..12.0]' => 'Gammagt: (42.2..64.8]'
c1 rule: 'Alkphos: (96.6..+inf)', 'Sgpt: (33.4..47.6]', 'Drinks: (8.0..12.0]' => 'Gammagt: (42.2..64.8]'
c1 rule: 'Mcv: (88.0..93.0]', 'Sgpt: (33.4..47.6]', 'Sgot: (27.4..36.6]', 'Drinks: (-inf..2.0]' => 'Gammagt: (42.2..64.8]'
c1 rule: 'Mcv: (88.0..93.0]', 'Alkphos: (-inf..50.4]', 'Drinks: (5.0..8.0]', not 'Sgot: (18.2..27.4]' => 'Gammagt: (42.2..64.8]'
c1 rule: 'Alkphos: (65.8..81.2]', 'Sgot: (18.2..27.4]', 'Drinks: (5.0..8.0]', not 'Sgpt: (-inf..20.2]' => 'Gammagt: (42.2..64.8]'
c1 rule: 'Alkphos: (96.6..+inf)', 'Sgpt: (33.4..47.6]', not 'Mcv: (83.0..88.0]', not 'Drinks: (2.0..5.0]' => 'Gammagt: (42.2..64.8]'
c1 # of rules: 18
c1 rule time: 0.0164

c1 computing class: (64.8..105.2]
c1 discrimination constraints: 199h
c1 coverage constraints: 19v+495h
c1 formula: 79v, 784c (724h+60s)
c1 enumerating rules (maxsat-based)
c1 rule: 'Mcv: (-inf..83.0]', 'Sgpt: (47.6..67.8]' => 'Gammagt: (64.8..105.2]'
c1 rule: 'Sgpt: (47.6..67.8]', 'Drinks: (12.0..+inf)' => 'Gammagt: (64.8..105.2]'
c1 rule: 'Alkphos: (96.6..+inf)', 'Sgpt: (47.6..67.8]' => 'Gammagt: (64.8..105.2]'
c1 rule: 'Alkphos: (50.4..65.8]', 'Drinks: (8.0..12.0]' => 'Gammagt: (64.8..105.2]'
c1 rule: 'Sgot: (48.8..+inf)', 'Drinks: (-inf..2.0]', not 'Mcv: (93.0..98.0]' => 'Gammagt: (64.8..105.2]'
c1 rule: 'Mcv: (88.0..93.0]', 'Sgot: (48.8..+inf)', not 'Sgpt: (33.4..47.6]' => 'Gammagt: (64.8..105.2]'
c1 rule: 'Mcv: (98.0..+inf)', 'Sgot: (18.2..27.4]', 'Drinks: (5.0..8.0]' => 'Gammagt: (64.8..105.2]'
c1 rule: 'Mcv: (93.0..98.0]', 'Sgpt: (47.6..67.8]', 'Drinks: (5.0..8.0]' => 'Gammagt: (64.8..105.2]'
c1 rule: 'Mcv: (93.0..98.0]', 'Sgot: (36.6..48.8]', not 'Sgpt: (47.6..67.8]' => 'Gammagt: (64.8..105.2]'
c1 rule: 'Sgpt: (47.6..67.8]', 'Sgot: (27.4..36.6]', 'Drinks: (5.0..8.0]' => 'Gammagt: (64.8..105.2]'
c1 rule: 'Alkphos: (81.2..96.6]', 'Sgpt: (20.2..33.4]', 'Drinks: (5.0..8.0]' => 'Gammagt: (64.8..105.2]'
c1 rule: 'Mcv: (-inf..83.0]', 'Alkphos: (65.8..81.2]', 'Sgpt: (-inf..20.2]', not 'Drinks: (2.0..5.0]' => 'Gammagt: (64.8..105.2]'
c1 rule: 'Alkphos: (81.2..96.6]', 'Sgpt: (20.2..33.4]', 'Drinks: (2.0..5.0]', not 'Mcv: (83.0..88.0]' => 'Gammagt: (64.8..105.2]'
c1 rule: 'Mcv: (88.0..93.0]', 'Sgot: (27.4..36.6]', 'Drinks: (2.0..5.0]', not 'Alkphos: (-inf..50.4]', not 'Sgpt: (33.4..47.6]' => 'Gammagt: (64.8..105.2]'
c1 # of rules: 14
c1 rule time: 0.0127

c2 total rules: 125

c0 computing feature 6
c1 computing class: (-inf..2.0]
c1 discrimination constraints: 127h
c1 coverage constraints: 91v+2367h
c1 formula: 151v, 2584c (2524h+60s)
c1 enumerating rules (maxsat-based)
c1 rule: 'Sgpt: (20.2..33.4]', 'Sgot: (36.6..48.8]' => 'Drinks: (-inf..2.0]'
c1 rule: 'Sgpt: (67.8..+inf)', 'Sgot: (18.2..27.4]' => 'Drinks: (-inf..2.0]'
c1 rule: 'Mcv: (83.0..88.0]', 'Gammagt: (64.8..105.2]' => 'Drinks: (-inf..2.0]'
c1 rule: 'Sgpt: (47.6..67.8]', 'Gammagt: (-inf..23.6]' => 'Drinks: (-inf..2.0]'
c1 rule: 'Sgpt: (33.4..47.6]', 'Sgot: (-inf..18.2]' => 'Drinks: (-inf..2.0]'
c1 rule: 'Mcv: (-inf..83.0]', 'Gammagt: (105.2..+inf)' => 'Drinks: (-inf..2.0]'
c1 rule: 'Mcv: (-inf..83.0]', 'Sgpt: (20.2..33.4]' => 'Drinks: (-inf..2.0]'
c1 rule: 'Alkphos: (-inf..50.4]', 'Sgot: (27.4..36.6]', 'Gammagt: (23.6..42.2]' => 'Drinks: (-inf..2.0]'
c1 rule: 'Alkphos: (65.8..81.2]', 'Sgot: (27.4..36.6]', 'Gammagt: (-inf..23.6]' => 'Drinks: (-inf..2.0]'
c1 rule: 'Alkphos: (65.8..81.2]', 'Gammagt: (42.2..64.8]', not 'Sgot: (18.2..27.4]' => 'Drinks: (-inf..2.0]'
c1 rule: 'Sgot: (-inf..18.2]', 'Gammagt: (42.2..64.8]', not 'Mcv: (88.0..93.0]' => 'Drinks: (-inf..2.0]'
c1 rule: 'Mcv: (83.0..88.0]', 'Sgot: (-inf..18.2]', not 'Sgpt: (-inf..20.2]' => 'Drinks: (-inf..2.0]'
c1 rule: 'Sgot: (-inf..18.2]', not 'Mcv: (88.0..93.0]', not 'Gammagt: (-inf..23.6]' => 'Drinks: (-inf..2.0]'
c1 rule: 'Alkphos: (81.2..96.6]', 'Sgot: (-inf..18.2]', not 'Mcv: (88.0..93.0]' => 'Drinks: (-inf..2.0]'
c1 rule: 'Mcv: (93.0..98.0]', 'Alkphos: (81.2..96.6]', 'Gammagt: (-inf..23.6]' => 'Drinks: (-inf..2.0]'
c1 rule: 'Alkphos: (81.2..96.6]', 'Sgpt: (67.8..+inf)', not 'Gammagt: (105.2..+inf)' => 'Drinks: (-inf..2.0]'
c1 rule: 'Mcv: (88.0..93.0]', 'Sgot: (18.2..27.4]', 'Gammagt: (105.2..+inf)' => 'Drinks: (-inf..2.0]'
c1 rule: 'Mcv: (93.0..98.0]', 'Alkphos: (81.2..96.6]', 'Gammagt: (23.6..42.2]' => 'Drinks: (-inf..2.0]'
c1 rule: 'Mcv: (93.0..98.0]', 'Sgot: (27.4..36.6]', 'Gammagt: (-inf..23.6]' => 'Drinks: (-inf..2.0]'
c1 rule: 'Mcv: (93.0..98.0]', 'Sgpt: (-inf..20.2]', 'Gammagt: (23.6..42.2]' => 'Drinks: (-inf..2.0]'
c1 rule: 'Mcv: (-inf..83.0]', not 'Alkphos: (50.4..65.8]', not 'Gammagt: (-inf..23.6]' => 'Drinks: (-inf..2.0]'
c1 rule: 'Alkphos: (50.4..65.8]', 'Sgpt: (20.2..33.4]', 'Gammagt: (42.2..64.8]' => 'Drinks: (-inf..2.0]'
c1 rule: 'Sgpt: (33.4..47.6]', 'Gammagt: (42.2..64.8]', not 'Sgot: (18.2..27.4]' => 'Drinks: (-inf..2.0]'
c1 rule: 'Alkphos: (96.6..+inf)', 'Sgot: (27.4..36.6]', not 'Gammagt: (64.8..105.2]' => 'Drinks: (-inf..2.0]'
c1 rule: 'Alkphos: (96.6..+inf)', 'Sgpt: (-inf..20.2]', not 'Sgot: (18.2..27.4]' => 'Drinks: (-inf..2.0]'
c1 rule: 'Mcv: (88.0..93.0]', 'Sgot: (18.2..27.4]', 'Gammagt: (64.8..105.2]' => 'Drinks: (-inf..2.0]'
c1 rule: 'Alkphos: (65.8..81.2]', 'Sgpt: (33.4..47.6]', 'Gammagt: (-inf..23.6]' => 'Drinks: (-inf..2.0]'
c1 rule: 'Alkphos: (81.2..96.6]', 'Sgpt: (33.4..47.6]', 'Sgot: (18.2..27.4]' => 'Drinks: (-inf..2.0]'
c1 rule: 'Alkphos: (81.2..96.6]', 'Sgot: (27.4..36.6]', 'Gammagt: (-inf..23.6]' => 'Drinks: (-inf..2.0]'
c1 rule: 'Sgpt: (33.4..47.6]', 'Sgot: (27.4..36.6]', 'Gammagt: (105.2..+inf)' => 'Drinks: (-inf..2.0]'
c1 rule: 'Mcv: (93.0..98.0]', 'Alkphos: (50.4..65.8]', 'Sgpt: (-inf..20.2]' => 'Drinks: (-inf..2.0]'
c1 rule: 'Mcv: (83.0..88.0]', 'Alkphos: (81.2..96.6]', 'Sgpt: (33.4..47.6]' => 'Drinks: (-inf..2.0]'
c1 rule: 'Alkphos: (96.6..+inf)', 'Sgpt: (33.4..47.6]', not 'Mcv: (88.0..93.0]' => 'Drinks: (-inf..2.0]'
c1 rule: 'Mcv: (83.0..88.0]', 'Sgpt: (33.4..47.6]', 'Gammagt: (42.2..64.8]' => 'Drinks: (-inf..2.0]'
c1 rule: 'Alkphos: (50.4..65.8]', 'Sgpt: (33.4..47.6]', 'Gammagt: (42.2..64.8]' => 'Drinks: (-inf..2.0]'
c1 rule: 'Alkphos: (-inf..50.4]', 'Sgot: (-inf..18.2]', not 'Sgpt: (-inf..20.2]' => 'Drinks: (-inf..2.0]'
c1 rule: 'Sgpt: (33.4..47.6]', 'Sgot: (18.2..27.4]', 'Gammagt: (-inf..23.6]', not 'Mcv: (93.0..98.0]' => 'Drinks: (-inf..2.0]'
c1 rule: 'Mcv: (93.0..98.0]', 'Sgpt: (-inf..20.2]', 'Gammagt: (-inf..23.6]', not 'Sgot: (-inf..18.2]' => 'Drinks: (-inf..2.0]'
c1 rule: 'Alkphos: (65.8..81.2]', 'Sgpt: (-inf..20.2]', not 'Sgot: (18.2..27.4]', not 'Gammagt: (-inf..23.6]' => 'Drinks: (-inf..2.0]'
c1 rule: 'Alkphos: (-inf..50.4]', 'Sgpt: (20.2..33.4]', 'Gammagt: (23.6..42.2]', not 'Mcv: (88.0..93.0]' => 'Drinks: (-inf..2.0]'
c1 rule: 'Mcv: (83.0..88.0]', 'Alkphos: (50.4..65.8]', 'Sgpt: (20.2..33.4]', 'Gammagt: (-inf..23.6]' => 'Drinks: (-inf..2.0]'
c1 rule: 'Mcv: (83.0..88.0]', 'Alkphos: (65.8..81.2]', 'Sgot: (18.2..27.4]', not 'Sgpt: (20.2..33.4]' => 'Drinks: (-inf..2.0]'
c1 rule: 'Alkphos: (81.2..96.6]', 'Sgpt: (20.2..33.4]', 'Gammagt: (-inf..23.6]', not 'Mcv: (83.0..88.0]' => 'Drinks: (-inf..2.0]'
c1 rule: 'Alkphos: (96.6..+inf)', 'Sgot: (18.2..27.4]', 'Gammagt: (-inf..23.6]', not 'Sgpt: (-inf..20.2]' => 'Drinks: (-inf..2.0]'
c1 rule: 'Alkphos: (50.4..65.8]', 'Sgpt: (20.2..33.4]', 'Gammagt: (-inf..23.6]', not 'Mcv: (88.0..93.0]', not 'Sgot: (-inf..18.2]' => 'Drinks: (-inf..2.0]'
c1 # of rules: 45
c1 rule time: 0.0592

c1 computing class: (12.0..+inf)
c1 discrimination constraints: 213h
c1 coverage constraints: 5v+131h
c1 formula: 65v, 434c (374h+60s)
c1 enumerating rules (maxsat-based)
c1 rule: 'Alkphos: (96.6..+inf)', 'Sgot: (36.6..48.8]' => 'Drinks: (12.0..+inf)'
c1 rule: 'Sgpt: (67.8..+inf)', 'Sgot: (27.4..36.6]', 'Gammagt: (105.2..+inf)' => 'Drinks: (12.0..+inf)'
c1 rule: 'Mcv: (88.0..93.0]', 'Sgpt: (33.4..47.6]', 'Sgot: (36.6..48.8]' => 'Drinks: (12.0..+inf)'
c1 rule: 'Mcv: (93.0..98.0]', 'Alkphos: (65.8..81.2]', 'Sgot: (27.4..36.6]' => 'Drinks: (12.0..+inf)'
c1 # of rules: 4
c1 rule time: 0.0049

c1 computing class: (2.0..5.0]
c1 discrimination constraints: 155h
c1 coverage constraints: 63v+1639h
c1 formula: 123v, 1884c (1824h+60s)
c1 enumerating rules (maxsat-based)
c1 rule: 'Sgot: (-inf..18.2]', 'Gammagt: (64.8..105.2]' => 'Drinks: (2.0..5.0]'
c1 rule: 'Mcv: (98.0..+inf)', 'Gammagt: (42.2..64.8]' => 'Drinks: (2.0..5.0]'
c1 rule: 'Mcv: (98.0..+inf)', 'Sgot: (27.4..36.6]' => 'Drinks: (2.0..5.0]'
c1 rule: 'Mcv: (83.0..88.0]', 'Sgot: (48.8..+inf)' => 'Drinks: (2.0..5.0]'
c1 rule: 'Alkphos: (96.6..+inf)', 'Sgot: (48.8..+inf)' => 'Drinks: (2.0..5.0]'
c1 rule: 'Sgpt: (47.6..67.8]', 'Gammagt: (23.6..42.2]' => 'Drinks: (2.0..5.0]'
c1 rule: 'Mcv: (-inf..83.0]', 'Alkphos: (96.6..+inf)' => 'Drinks: (2.0..5.0]'
c1 rule: 'Alkphos: (50.4..65.8]', 'Gammagt: (105.2..+inf)', not 'Mcv: (88.0..93.0]' => 'Drinks: (2.0..5.0]'
c1 rule: 'Mcv: (-inf..83.0]', 'Alkphos: (65.8..81.2]', 'Gammagt: (-inf..23.6]' => 'Drinks: (2.0..5.0]'
c1 rule: 'Sgot: (48.8..+inf)', not 'Mcv: (98.0..+inf)', not 'Sgpt: (67.8..+inf)' => 'Drinks: (2.0..5.0]'
c1 rule: 'Alkphos: (96.6..+inf)', 'Gammagt: (42.2..64.8]', not 'Sgpt: (33.4..47.6]' => 'Drinks: (2.0..5.0]'
c1 rule: 'Mcv: (93.0..98.0]', 'Alkphos: (50.4..65.8]', 'Sgpt: (33.4..47.6]' => 'Drinks: (2.0..5.0]'
c1 rule: 'Mcv: (83.0..88.0]', 'Sgpt: (33.4..47.6]', 'Sgot: (36.6..48.8]' => 'Drinks: (2.0..5.0]'
c1 rule: 'Mcv: (83.0..88.0]', 'Alkphos: (-inf..50.4]', 'Sgpt: (33.4..47.6]' => 'Drinks: (2.0..5.0]'
c1 rule: 'Alkphos: (96.6..+inf)', 'Sgpt: (20.2..33.4]', 'Sgot: (-inf..18.2]' => 'Drinks: (2.0..5.0]'
c1 rule: 'Mcv: (88.0..93.0]', 'Sgpt: (20.2..33.4]', 'Gammagt: (64.8..105.2]' => 'Drinks: (2.0..5.0]'
c1 rule: 'Sgpt: (-inf..20.2]', 'Sgot: (27.4..36.6]', not 'Gammagt: (-inf..23.6]' => 'Drinks: (2.0..5.0]'
c1 rule: 'Alkphos: (-inf..50.4]', 'Sgot: (27.4..36.6]', 'Gammagt: (-inf..23.6]' => 'Drinks: (2.0..5.0]'
c1 rule: 'Mcv: (88.0..93.0]', 'Alkphos: (96.6..+inf)', 'Gammagt: (23.6..42.2]' => 'Drinks: (2.0..5.0]'
c1 rule: 'Mcv: (83.0..88.0]', 'Sgpt: (-inf..20.2]', not 'Alkphos: (96.6..+inf)', not 'Gammagt: (-inf..23.6]' => 'Drinks: (2.0..5.0]'
c1 rule: 'Alkphos: (50.4..65.8]', 'Sgpt: (-inf..20.2]', 'Gammagt: (42.2..64.8]', not 'Mcv: (-inf..83.0]' => 'Drinks: (2.0..5.0]'
c1 rule: 'Alkphos: (81.2..96.6]', 'Sgpt: (-inf..20.2]', not 'Mcv: (83.0..88.0]', not 'Sgot: (-inf..18.2]' => 'Drinks: (2.0..5.0]'
c1 rule: 'Mcv: (83.0..88.0]', 'Alkphos: (50.4..65.8]', 'Sgpt: (20.2..33.4]', 'Gammagt: (23.6..42.2]' => 'Drinks: (2.0..5.0]'
c1 rule: 'Mcv: (83.0..88.0]', 'Gammagt: (23.6..42.2]', not 'Alkphos: (81.2..96.6]', not 'Sgot: (18.2..27.4]' => 'Drinks: (2.0..5.0]'
c1 rule: 'Sgpt: (33.4..47.6]', 'Sgot: (27.4..36.6]', 'Gammagt: (-inf..23.6]', not 'Mcv: (83.0..88.0]' => 'Drinks: (2.0..5.0]'
c1 rule: 'Mcv: (88.0..93.0]', 'Alkphos: (50.4..65.8]', 'Sgot: (-inf..18.2]', not 'Gammagt: (-inf..23.6]' => 'Drinks: (2.0..5.0]'
c1 rule: 'Mcv: (88.0..93.0]', 'Sgot: (-inf..18.2]', not 'Sgpt: (-inf..20.2]', not 'Gammagt: (-inf..23.6]' => 'Drinks: (2.0..5.0]'
c1 rule: 'Mcv: (93.0..98.0]', 'Alkphos: (65.8..81.2]', 'Sgpt: (20.2..33.4]', 'Gammagt: (-inf..23.6]' => 'Drinks: (2.0..5.0]'
c1 rule: 'Mcv: (88.0..93.0]', 'Alkphos: (81.2..96.6]', 'Gammagt: (42.2..64.8]', not 'Sgot: (18.2..27.4]' => 'Drinks: (2.0..5.0]'
c1 rule: 'Mcv: (88.0..93.0]', 'Sgpt: (-inf..20.2]', 'Sgot: (18.2..27.4]', not 'Alkphos: (50.4..65.8]', not 'Gammagt: (-inf..23.6]' => 'Drinks: (2.0..5.0]'
c1 rule: 'Mcv: (88.0..93.0]', 'Alkphos: (65.8..81.2]', 'Sgot: (18.2..27.4]', not 'Sgpt: (33.4..47.6]', not 'Gammagt: (-inf..23.6]' => 'Drinks: (2.0..5.0]'
c1 rule: 'Alkphos: (-inf..50.4]', 'Sgpt: (20.2..33.4]', 'Sgot: (18.2..27.4]', 'Gammagt: (-inf..23.6]', not 'Mcv: (83.0..88.0]' => 'Drinks: (2.0..5.0]'
c1 # of rules: 32
c1 rule time: 0.0434

c1 computing class: (5.0..8.0]
c1 discrimination constraints: 173h
c1 coverage constraints: 45v+1171h
c1 formula: 105v, 1434c (1374h+60s)
c1 enumerating rules (maxsat-based)
c1 rule: 'Mcv: (98.0..+inf)', 'Sgot: (48.8..+inf)' => 'Drinks: (5.0..8.0]'
c1 rule: 'Mcv: (98.0..+inf)', 'Gammagt: (105.2..+inf)' => 'Drinks: (5.0..8.0]'
c1 rule: 'Mcv: (98.0..+inf)', 'Gammagt: (64.8..105.2]' => 'Drinks: (5.0..8.0]'
c1 rule: 'Alkphos: (-inf..50.4]', 'Gammagt: (64.8..105.2]' => 'Drinks: (5.0..8.0]'
c1 rule: 'Sgpt: (47.6..67.8]', 'Sgot: (18.2..27.4]' => 'Drinks: (5.0..8.0]'
c1 rule: 'Sgpt: (-inf..20.2]', 'Gammagt: (105.2..+inf)' => 'Drinks: (5.0..8.0]'
c1 rule: 'Mcv: (-inf..83.0]', 'Gammagt: (42.2..64.8]' => 'Drinks: (5.0..8.0]'
c1 rule: 'Mcv: (-inf..83.0]', 'Sgot: (36.6..48.8]' => 'Drinks: (5.0..8.0]'
c1 rule: 'Mcv: (93.0..98.0]', 'Sgot: (36.6..48.8]', not 'Sgpt: (47.6..67.8]' => 'Drinks: (5.0..8.0]'
c1 rule: 'Sgot: (36.6..48.8]', 'Gammagt: (64.8..105.2]', not 'Alkphos: (96.6..+inf)' => 'Drinks: (5.0..8.0]'
c1 rule: 'Alkphos: (81.2..96.6]', 'Gammagt: (64.8..105.2]', not 'Sgot: (-inf..18.2]' => 'Drinks: (5.0..8.0]'
c1 rule: 'Sgpt: (67.8..+inf)', 'Gammagt: (105.2..+inf)', not 'Mcv: (93.0..98.0]' => 'Drinks: (5.0..8.0]'
c1 rule: 'Mcv: (88.0..93.0]', 'Sgpt: (67.8..+inf)', not 'Alkphos: (65.8..81.2]' => 'Drinks: (5.0..8.0]'
c1 rule: 'Alkphos: (50.4..65.8]', 'Sgot: (36.6..48.8]', 'Gammagt: (42.2..64.8]' => 'Drinks: (5.0..8.0]'
c1 rule: 'Sgot: (-inf..18.2]', 'Gammagt: (42.2..64.8]', not 'Alkphos: (50.4..65.8]' => 'Drinks: (5.0..8.0]'
c1 rule: 'Mcv: (88.0..93.0]', 'Alkphos: (-inf..50.4]', 'Gammagt: (42.2..64.8]' => 'Drinks: (5.0..8.0]'
c1 rule: 'Mcv: (88.0..93.0]', 'Alkphos: (65.8..81.2]', 'Gammagt: (42.2..64.8]' => 'Drinks: (5.0..8.0]'
c1 rule: 'Alkphos: (65.8..81.2]', 'Gammagt: (42.2..64.8]', not 'Mcv: (83.0..88.0]' => 'Drinks: (5.0..8.0]'
c1 rule: 'Mcv: (93.0..98.0]', 'Sgpt: (33.4..47.6]', not 'Alkphos: (50.4..65.8]' => 'Drinks: (5.0..8.0]'
c1 rule: 'Mcv: (93.0..98.0]', 'Alkphos: (96.6..+inf)', 'Sgot: (18.2..27.4]' => 'Drinks: (5.0..8.0]'
c1 rule: 'Alkphos: (96.6..+inf)', 'Sgpt: (20.2..33.4]', 'Gammagt: (23.6..42.2]' => 'Drinks: (5.0..8.0]'
c1 rule: 'Alkphos: (96.6..+inf)', 'Gammagt: (23.6..42.2]', not 'Sgpt: (33.4..47.6]' => 'Drinks: (5.0..8.0]'
c1 rule: 'Alkphos: (65.8..81.2]', 'Sgpt: (20.2..33.4]', 'Sgot: (27.4..36.6]' => 'Drinks: (5.0..8.0]'
c1 rule: 'Alkphos: (50.4..65.8]', 'Sgpt: (47.6..67.8]', 'Gammagt: (64.8..105.2]' => 'Drinks: (5.0..8.0]'
c1 rule: 'Mcv: (88.0..93.0]', 'Alkphos: (50.4..65.8]', 'Gammagt: (23.6..42.2]', not 'Sgpt: (20.2..33.4]' => 'Drinks: (5.0..8.0]'
c1 rule: 'Mcv: (83.0..88.0]', 'Alkphos: (-inf..50.4]', 'Sgpt: (-inf..20.2]', 'Sgot: (-inf..18.2]' => 'Drinks: (5.0..8.0]'
c1 rule: 'Mcv: (88.0..93.0]', 'Alkphos: (65.8..81.2]', 'Sgot: (27.4..36.6]', not 'Sgpt: (-inf..20.2]' => 'Drinks: (5.0..8.0]'
c1 # of rules: 27
c1 rule time: 0.0295

c1 computing class: (8.0..12.0]
c1 discrimination constraints: 204h
c1 coverage constraints: 14v+365h
c1 formula: 74v, 659c (599h+60s)
c1 enumerating rules (maxsat-based)
c1 rule: 'Alkphos: (65.8..81.2]', 'Sgpt: (47.6..67.8]', 'Gammagt: (105.2..+inf)' => 'Drinks: (8.0..12.0]'
c1 rule: 'Mcv: (98.0..+inf)', 'Alkphos: (65.8..81.2]', not 'Sgpt: (33.4..47.6]' => 'Drinks: (8.0..12.0]'
c1 rule: 'Mcv: (93.0..98.0]', 'Sgpt: (20.2..33.4]', 'Sgot: (27.4..36.6]' => 'Drinks: (8.0..12.0]'
c1 rule: 'Alkphos: (81.2..96.6]', 'Sgpt: (47.6..67.8]', 'Sgot: (27.4..36.6]' => 'Drinks: (8.0..12.0]'
c1 rule: 'Alkphos: (81.2..96.6]', 'Sgpt: (20.2..33.4]', 'Gammagt: (105.2..+inf)' => 'Drinks: (8.0..12.0]'
c1 rule: 'Sgpt: (67.8..+inf)', 'Gammagt: (23.6..42.2]', not 'Alkphos: (50.4..65.8]' => 'Drinks: (8.0..12.0]'
c1 rule: 'Mcv: (88.0..93.0]', 'Alkphos: (96.6..+inf)', 'Sgpt: (47.6..67.8]' => 'Drinks: (8.0..12.0]'
c1 rule: 'Mcv: (88.0..93.0]', 'Alkphos: (-inf..50.4]', 'Gammagt: (23.6..42.2]', not 'Sgpt: (20.2..33.4]' => 'Drinks: (8.0..12.0]'
c1 rule: 'Mcv: (88.0..93.0]', 'Alkphos: (81.2..96.6]', 'Sgot: (27.4..36.6]', not 'Gammagt: (-inf..23.6]' => 'Drinks: (8.0..12.0]'
c1 rule: 'Mcv: (83.0..88.0]', 'Alkphos: (96.6..+inf)', 'Gammagt: (-inf..23.6]', not 'Sgpt: (20.2..33.4]' => 'Drinks: (8.0..12.0]'
c1 # of rules: 10
c1 rule time: 0.0119

c2 total rules: 118
c3 total time: 1.1503

Rules are saved to ../rules/all/q5_bupa_train1.csv.json