c0 # of samps: 1382 (1382 weighted)
c0 # of feats: 6 (21 binary)
c0 # of labls: 2
c0 parse time: 0.2931


c0 computing feature 1
c1 computing class: 0
c1 discrimination constraints: 1035h
c1 coverage constraints: 347v+6247h
c1 formula: 389v, 7345c (7303h+42s)
c1 enumerating rules (maxsat-based)
c1 rule: 'f2: 0', 'f3: 0', 'f4: 0', 'f5: 2', 'f6: 1' => 'f1: 0'
c1 rule: 'f2: 3', 'f3: 1', 'f4: 2', 'f5: 0', 'f6: 0' => 'f1: 0'
c1 rule: 'f2: 3', 'f3: 3', 'f4: 2', 'f5: 1', 'f6: 1' => 'f1: 0'
c1 # of rules: 3
c1 rule time: 0.5475

c1 computing class: 1
c1 discrimination constraints: 1037h
c1 coverage constraints: 345v+6211h
c1 formula: 387v, 7311c (7269h+42s)
c1 enumerating rules (maxsat-based)
c1 rule: 'f2: 3', 'f3: 1', 'f4: 2', 'f5: 2', 'f6: 1' => 'f1: 1'
c1 rule: 'f2: 2', 'f3: 3', 'f4: 1', 'f5: 1', 'f6: 1' => 'f1: 1'
c1 # of rules: 2
c1 rule time: 0.4835

c1 computing class: 2
c1 discrimination constraints: 1031h
c1 coverage constraints: 351v+6319h
c1 formula: 393v, 7413c (7371h+42s)
c1 enumerating rules (maxsat-based)
c1 rule: 'f2: 2', 'f3: 1', 'f4: 1', 'f5: 0', 'f6: 0' => 'f1: 2'
c1 # of rules: 1
c1 rule time: 0.4908

c1 computing class: 3
c1 discrimination constraints: 1043h
c1 coverage constraints: 339v+6103h
c1 formula: 381v, 7209c (7167h+42s)
c1 enumerating rules (maxsat-based)
c1 rule: 'f2: 0', 'f3: 0', 'f4: 0', 'f5: 2', 'f6: 0' => 'f1: 3'
c1 rule: 'f2: 3', 'f3: 3', 'f4: 2', 'f5: 0', 'f6: 2' => 'f1: 3'
c1 # of rules: 2
c1 rule time: 0.3953

c2 total rules: 8

c0 computing feature 2
c1 computing class: 0
c1 discrimination constraints: 1019h
c1 coverage constraints: 363v+6535h
c1 formula: 405v, 7617c (7575h+42s)
c1 enumerating rules (maxsat-based)
c1 rule: 'f1: 0', 'f3: 3', 'f4: 2', 'f5: 0', 'f6: 2' => 'f2: 0'
c1 # of rules: 1
c1 rule time: 0.5092

c1 computing class: 1
c1 discrimination constraints: 1028h
c1 coverage constraints: 354v+6373h
c1 formula: 396v, 7464c (7422h+42s)
c1 enumerating rules (maxsat-based)
c1 rule: 'f1: 2', 'f3: 3', 'f4: 1', 'f5: 2', 'f6: 1' => 'f2: 1'
c1 rule: 'f1: 2', 'f3: 2', 'f4: 0', 'f5: 1', 'f6: 0' => 'f2: 1'
c1 # of rules: 2
c1 rule time: 0.6346

c1 computing class: 2
c1 discrimination constraints: 1060h
c1 coverage constraints: 322v+5797h
c1 formula: 364v, 6920c (6878h+42s)
c1 enumerating rules (maxsat-based)
c1 rule: 'f1: 1', 'f3: 0', 'f4: 0', 'f5: 1', 'f6: 2' => 'f2: 2'
c1 rule: 'f1: 3', 'f3: 2', 'f4: 2', 'f5: 1', 'f6: 0' => 'f2: 2'
c1 # of rules: 2
c1 rule time: 0.5119

c1 computing class: 3
c1 discrimination constraints: 1039h
c1 coverage constraints: 343v+6175h
c1 formula: 385v, 7277c (7235h+42s)
c1 enumerating rules (maxsat-based)
c1 rule: 'f1: 3', 'f3: 0', 'f4: 0', 'f5: 1', 'f6: 0' => 'f2: 3'
c1 rule: 'f1: 1', 'f3: 0', 'f4: 0', 'f5: 2', 'f6: 0' => 'f2: 3'
c1 rule: 'f1: 2', 'f3: 0', 'f4: 2', 'f5: 1', 'f6: 0' => 'f2: 3'
c1 # of rules: 3
c1 rule time: 0.4971

c2 total rules: 8

c0 computing feature 3
c1 computing class: 0
c1 discrimination constraints: 1039h
c1 coverage constraints: 343v+6175h
c1 formula: 385v, 7277c (7235h+42s)
c1 enumerating rules (maxsat-based)
c1 rule: 'f1: 1', 'f2: 2', 'f4: 1', 'f5: 2', 'f6: 0' => 'f3: 0'
c1 rule: 'f1: 0', 'f2: 1', 'f4: 1', 'f5: 1', 'f6: 1' => 'f3: 0'
c1 # of rules: 2
c1 rule time: 0.4835

c1 computing class: 1
c1 discrimination constraints: 1032h
c1 coverage constraints: 350v+6301h
c1 formula: 392v, 7396c (7354h+42s)
c1 enumerating rules (maxsat-based)
c1 rule: 'f1: 2', 'f2: 2', 'f4: 2', 'f5: 1', 'f6: 0' => 'f3: 1'
c1 rule: 'f1: 1', 'f2: 0', 'f4: 0', 'f5: 0', 'f6: 0' => 'f3: 1'
c1 rule: 'f1: 0', 'f2: 2', 'f4: 2', 'f5: 0', 'f6: 2' => 'f3: 1'
c1 rule: 'f1: 3', 'f2: 2', 'f4: 0', 'f5: 1', 'f6: 1' => 'f3: 1'
c1 # of rules: 4
c1 rule time: 0.5183

c1 computing class: 2
c1 discrimination constraints: 1038h
c1 coverage constraints: 344v+6193h
c1 formula: 386v, 7294c (7252h+42s)
c1 enumerating rules (maxsat-based)
c1 rule: 'f1: 0', 'f2: 2', 'f4: 1', 'f5: 2', 'f6: 0' => 'f3: 2'
c1 rule: 'f1: 2', 'f2: 0', 'f4: 0', 'f5: 2', 'f6: 0' => 'f3: 2'
c1 rule: 'f1: 3', 'f2: 1', 'f4: 2', 'f5: 0', 'f6: 0' => 'f3: 2'
c1 # of rules: 3
c1 rule time: 0.5115

c1 computing class: 3
c1 discrimination constraints: 1037h
c1 coverage constraints: 345v+6211h
c1 formula: 387v, 7311c (7269h+42s)
c1 enumerating rules (maxsat-based)
c1 rule: 'f1: 0', 'f2: 2', 'f4: 2', 'f5: 1', 'f6: 0' => 'f3: 3'
c1 rule: 'f1: 3', 'f2: 3', 'f4: 0', 'f5: 0', 'f6: 0' => 'f3: 3'
c1 rule: 'f1: 0', 'f2: 2', 'f4: 0', 'f5: 2', 'f6: 1' => 'f3: 3'
c1 # of rules: 3
c1 rule time: 0.5936

c2 total rules: 12

c0 computing feature 4
c1 computing class: 0
c1 discrimination constraints: 916h
c1 coverage constraints: 466v+8855h
c1 formula: 508v, 9834c (9792h+42s)
c1 enumerating rules (maxsat-based)
c1 rule: 'f1: 3', 'f2: 3', 'f3: 0', 'f5: 1', 'f6: 0' => 'f4: 0'
c1 rule: 'f1: 0', 'f2: 2', 'f3: 0', 'f5: 0', 'f6: 2' => 'f4: 0'
c1 rule: 'f1: 0', 'f2: 2', 'f3: 1', 'f5: 2', 'f6: 0' => 'f4: 0'
c1 rule: 'f1: 1', 'f2: 2', 'f3: 1', 'f5: 2', 'f6: 2' => 'f4: 0'
c1 rule: 'f1: 1', 'f2: 2', 'f3: 1', 'f5: 2', not 'f6: 1' => 'f4: 0'
c1 rule: 'f1: 2', 'f2: 1', 'f3: 1', 'f5: 2', 'f6: 0' => 'f4: 0'
c1 rule: 'f1: 3', 'f2: 1', 'f3: 2', 'f5: 1', 'f6: 0' => 'f4: 0'
c1 rule: 'f1: 0', 'f2: 2', 'f3: 2', 'f5: 0', 'f6: 2' => 'f4: 0'
c1 rule: 'f1: 0', 'f2: 2', 'f3: 3', 'f5: 1', 'f6: 1' => 'f4: 0'
c1 rule: 'f1: 0', 'f2: 2', 'f3: 3', 'f5: 2', 'f6: 0' => 'f4: 0'
c1 rule: 'f1: 3', 'f2: 2', 'f3: 1', 'f5: 1', not 'f6: 2' => 'f4: 0'
c1 rule: 'f1: 3', 'f2: 3', 'f3: 1', 'f6: 1', not 'f5: 1' => 'f4: 0'
c1 rule: 'f1: 2', 'f2: 2', 'f3: 1', 'f5: 0', 'f6: 2' => 'f4: 0'
c1 rule: 'f1: 3', 'f2: 0', 'f3: 2', 'f5: 2', 'f6: 2' => 'f4: 0'
c1 rule: 'f1: 0', 'f2: 3', 'f3: 2', 'f5: 0', 'f6: 1' => 'f4: 0'
c1 rule: 'f1: 1', 'f2: 0', 'f3: 1', 'f5: 1', 'f6: 0' => 'f4: 0'
c1 rule: 'f1: 2', 'f2: 2', 'f3: 3', 'f5: 1', 'f6: 1' => 'f4: 0'
c1 rule: 'f1: 3', 'f2: 2', 'f3: 0', 'f5: 2', 'f6: 2' => 'f4: 0'
c1 rule: 'f1: 3', 'f2: 1', 'f3: 0', 'f5: 0', 'f6: 1' => 'f4: 0'
c1 rule: 'f1: 3', 'f2: 1', 'f3: 3', 'f5: 0', 'f6: 1' => 'f4: 0'
c1 rule: 'f1: 1', 'f2: 3', 'f3: 1', 'f5: 0', 'f6: 0' => 'f4: 0'
c1 # of rules: 21
c1 rule time: 1.1391

c1 computing class: 1
c1 discrimination constraints: 920h
c1 coverage constraints: 462v+8779h
c1 formula: 504v, 9762c (9720h+42s)
c1 enumerating rules (maxsat-based)
c1 rule: 'f1: 1', 'f2: 3', 'f3: 0', 'f5: 1', 'f6: 2' => 'f4: 1'
c1 rule: 'f1: 1', 'f2: 1', 'f3: 1', 'f5: 2', 'f6: 1' => 'f4: 1'
c1 rule: 'f1: 2', 'f2: 3', 'f3: 1', 'f5: 2', 'f6: 1' => 'f4: 1'
c1 rule: 'f1: 3', 'f2: 1', 'f3: 1', 'f5: 0', 'f6: 0' => 'f4: 1'
c1 rule: 'f1: 2', 'f2: 3', 'f3: 2', 'f5: 1', 'f6: 0' => 'f4: 1'
c1 rule: 'f1: 3', 'f2: 3', 'f3: 3', 'f5: 2', 'f6: 0' => 'f4: 1'
c1 rule: 'f1: 1', 'f2: 0', 'f3: 0', 'f5: 2', 'f6: 0' => 'f4: 1'
c1 rule: 'f1: 0', 'f2: 0', 'f3: 2', 'f5: 0', 'f6: 2' => 'f4: 1'
c1 rule: 'f1: 0', 'f2: 0', 'f3: 3', 'f5: 2', 'f6: 2' => 'f4: 1'
c1 rule: 'f1: 1', 'f2: 2', 'f3: 3', 'f5: 1', 'f6: 2' => 'f4: 1'
c1 rule: 'f1: 2', 'f2: 2', 'f3: 3', 'f5: 1', 'f6: 2' => 'f4: 1'
c1 rule: 'f1: 2', 'f2: 2', 'f3: 3', 'f5: 1', not 'f6: 1' => 'f4: 1'
c1 rule: 'f1: 2', 'f2: 3', 'f3: 3', 'f5: 0', 'f6: 2' => 'f4: 1'
c1 rule: 'f1: 3', 'f2: 2', 'f3: 0', 'f5: 1', 'f6: 1' => 'f4: 1'
c1 rule: 'f1: 0', 'f2: 3', 'f3: 0', 'f5: 1', 'f6: 0' => 'f4: 1'
c1 rule: 'f1: 0', 'f2: 2', 'f3: 2', 'f5: 2', 'f6: 1' => 'f4: 1'
c1 rule: 'f1: 2', 'f2: 2', 'f3: 2', 'f5: 1', 'f6: 0' => 'f4: 1'
c1 rule: 'f1: 0', 'f2: 2', 'f3: 0', 'f5: 1', 'f6: 0' => 'f4: 1'
c1 rule: 'f1: 2', 'f2: 3', 'f3: 2', 'f5: 1', not 'f6: 2' => 'f4: 1'
c1 # of rules: 19
c1 rule time: 1.1502

c1 computing class: 2
c1 discrimination constraints: 928h
c1 coverage constraints: 454v+8627h
c1 formula: 496v, 9618c (9576h+42s)
c1 enumerating rules (maxsat-based)
c1 rule: 'f1: 1', 'f2: 1', 'f3: 1', 'f5: 1', 'f6: 2' => 'f4: 2'
c1 rule: 'f1: 1', 'f2: 1', 'f3: 0', 'f5: 1', 'f6: 0' => 'f4: 2'
c1 rule: 'f1: 1', 'f2: 1', 'f3: 0', 'f6: 0', not 'f5: 0' => 'f4: 2'
c1 rule: 'f1: 1', 'f2: 0', 'f3: 3', 'f5: 0', 'f6: 0' => 'f4: 2'
c1 rule: 'f1: 3', 'f2: 2', 'f3: 3', 'f5: 1', 'f6: 1' => 'f4: 2'
c1 rule: 'f1: 2', 'f2: 0', 'f3: 2', 'f5: 1', 'f6: 2' => 'f4: 2'
c1 rule: 'f1: 3', 'f2: 1', 'f3: 2', 'f5: 0', 'f6: 1' => 'f4: 2'
c1 rule: 'f1: 1', 'f2: 0', 'f3: 0', 'f5: 0', 'f6: 0' => 'f4: 2'
c1 rule: 'f1: 3', 'f2: 3', 'f3: 0', 'f5: 2', 'f6: 2' => 'f4: 2'
c1 rule: 'f1: 1', 'f2: 0', 'f3: 3', 'f5: 2', 'f6: 2' => 'f4: 2'
c1 rule: 'f1: 0', 'f2: 1', 'f3: 3', 'f5: 1', 'f6: 1' => 'f4: 2'
c1 rule: 'f1: 0', 'f2: 0', 'f3: 0', 'f5: 0', 'f6: 1' => 'f4: 2'
c1 rule: 'f1: 2', 'f2: 0', 'f3: 0', 'f5: 2', 'f6: 1' => 'f4: 2'
c1 rule: 'f1: 2', 'f2: 0', 'f3: 3', 'f5: 2', 'f6: 1' => 'f4: 2'
c1 rule: 'f1: 2', 'f2: 2', 'f3: 2', 'f5: 2', 'f6: 1' => 'f4: 2'
c1 rule: 'f1: 2', 'f2: 2', 'f3: 2', 'f6: 1', not 'f5: 1' => 'f4: 2'
c1 rule: 'f1: 3', 'f2: 1', 'f3: 1', 'f5: 1', 'f6: 1' => 'f4: 2'
c1 rule: 'f1: 3', 'f2: 1', 'f3: 1', 'f6: 1', not 'f5: 0' => 'f4: 2'
c1 # of rules: 18
c1 rule time: 1.1967

c2 total rules: 58

c0 computing feature 5
c1 computing class: 0
c1 discrimination constraints: 919h
c1 coverage constraints: 463v+8798h
c1 formula: 505v, 9780c (9738h+42s)
c1 enumerating rules (maxsat-based)
c1 rule: 'f1: 1', 'f2: 0', 'f3: 3', 'f4: 0', 'f6: 2' => 'f5: 0'
c1 rule: 'f1: 0', 'f2: 0', 'f3: 3', 'f4: 0', 'f6: 2' => 'f5: 0'
c1 rule: 'f1: 1', 'f2: 1', 'f3: 0', 'f4: 1', 'f6: 0' => 'f5: 0'
c1 rule: 'f1: 1', 'f2: 1', 'f3: 0', 'f6: 0', not 'f4: 2' => 'f5: 0'
c1 rule: 'f1: 1', 'f2: 1', 'f3: 1', 'f4: 2', 'f6: 1' => 'f5: 0'
c1 rule: 'f1: 3', 'f2: 1', 'f3: 1', 'f6: 1', not 'f4: 2' => 'f5: 0'
c1 rule: 'f1: 3', 'f2: 2', 'f3: 3', 'f4: 0', 'f6: 0' => 'f5: 0'
c1 rule: 'f1: 3', 'f2: 3', 'f3: 3', 'f4: 2', 'f6: 2' => 'f5: 0'
c1 rule: 'f1: 1', 'f2: 0', 'f3: 0', 'f4: 0', 'f6: 2' => 'f5: 0'
c1 rule: 'f1: 1', 'f2: 2', 'f3: 2', 'f4: 1', 'f6: 2' => 'f5: 0'
c1 rule: 'f1: 3', 'f2: 2', 'f3: 0', 'f4: 1', 'f6: 2' => 'f5: 0'
c1 rule: 'f1: 1', 'f2: 2', 'f3: 3', 'f4: 1', 'f6: 0' => 'f5: 0'
c1 rule: 'f1: 1', 'f2: 2', 'f3: 3', 'f4: 2', 'f6: 2' => 'f5: 0'
c1 rule: 'f1: 2', 'f2: 2', 'f3: 3', 'f4: 2', 'f6: 2' => 'f5: 0'
c1 rule: 'f1: 2', 'f2: 2', 'f3: 3', 'f4: 2', not 'f6: 1' => 'f5: 0'
c1 rule: 'f1: 0', 'f2: 2', 'f3: 3', 'f4: 2', 'f6: 1' => 'f5: 0'
c1 rule: 'f1: 0', 'f2: 1', 'f3: 3', 'f4: 1', 'f6: 1' => 'f5: 0'
c1 rule: 'f1: 3', 'f2: 1', 'f3: 2', 'f4: 2', 'f6: 0' => 'f5: 0'
c1 rule: 'f1: 0', 'f2: 2', 'f3: 1', 'f4: 2', 'f6: 0' => 'f5: 0'
c1 rule: 'f1: 0', 'f2: 2', 'f3: 3', 'f4: 1', 'f6: 0' => 'f5: 0'
c1 rule: 'f1: 2', 'f2: 2', 'f3: 2', 'f4: 2', 'f6: 0' => 'f5: 0'
c1 rule: 'f1: 2', 'f2: 3', 'f3: 2', 'f4: 2', 'f6: 1' => 'f5: 0'
c1 rule: 'f1: 2', 'f2: 2', 'f3: 3', 'f4: 1', 'f6: 1' => 'f5: 0'
c1 # of rules: 23
c1 rule time: 1.2031

c1 computing class: 1
c1 discrimination constraints: 923h
c1 coverage constraints: 459v+8722h
c1 formula: 501v, 9708c (9666h+42s)
c1 enumerating rules (maxsat-based)
c1 rule: 'f1: 2', 'f2: 2', 'f3: 2', 'f6: 1', not 'f4: 2' => 'f5: 1'
c1 rule: 'f1: 2', 'f2: 0', 'f3: 3', 'f4: 0', 'f6: 1' => 'f5: 1'
c1 rule: 'f1: 0', 'f2: 2', 'f3: 1', 'f4: 1', 'f6: 0' => 'f5: 1'
c1 rule: 'f1: 0', 'f2: 3', 'f3: 2', 'f4: 0', 'f6: 0' => 'f5: 1'
c1 rule: 'f1: 2', 'f2: 3', 'f3: 2', 'f4: 1', 'f6: 0' => 'f5: 1'
c1 rule: 'f1: 3', 'f2: 1', 'f3: 3', 'f4: 1', 'f6: 2' => 'f5: 1'
c1 rule: 'f1: 1', 'f2: 0', 'f3: 3', 'f4: 1', 'f6: 2' => 'f5: 1'
c1 rule: 'f1: 1', 'f2: 0', 'f3: 0', 'f4: 0', 'f6: 0' => 'f5: 1'
c1 rule: 'f1: 0', 'f2: 0', 'f3: 0', 'f4: 0', 'f6: 0' => 'f5: 1'
c1 rule: 'f1: 3', 'f2: 0', 'f3: 0', 'f4: 0', 'f6: 1' => 'f5: 1'
c1 rule: 'f1: 3', 'f2: 1', 'f3: 1', 'f4: 0', 'f6: 0' => 'f5: 1'
c1 rule: 'f1: 1', 'f2: 3', 'f3: 0', 'f4: 1', 'f6: 0' => 'f5: 1'
c1 rule: 'f1: 1', 'f2: 2', 'f3: 1', 'f4: 1', 'f6: 0' => 'f5: 1'
c1 rule: 'f1: 1', 'f2: 3', 'f3: 3', 'f4: 2', 'f6: 2' => 'f5: 1'
c1 rule: 'f1: 3', 'f2: 3', 'f3: 1', 'f4: 2', not 'f6: 2' => 'f5: 1'
c1 rule: 'f1: 3', 'f2: 3', 'f3: 1', 'f6: 1', not 'f4: 0' => 'f5: 1'
c1 rule: 'f1: 3', 'f2: 0', 'f3: 0', 'f4: 2', 'f6: 2' => 'f5: 1'
c1 rule: 'f1: 3', 'f2: 2', 'f3: 0', 'f4: 2', 'f6: 2' => 'f5: 1'
c1 rule: 'f1: 3', 'f2: 2', 'f3: 1', 'f4: 1', 'f6: 2' => 'f5: 1'
c1 rule: 'f1: 0', 'f2: 0', 'f3: 0', 'f4: 1', 'f6: 1' => 'f5: 1'
c1 rule: 'f1: 0', 'f2: 2', 'f3: 2', 'f4: 0', 'f6: 1' => 'f5: 1'
c1 rule: 'f1: 0', 'f2: 0', 'f3: 2', 'f4: 0', 'f6: 2' => 'f5: 1'
c1 rule: 'f1: 0', 'f2: 3', 'f3: 2', 'f4: 1', 'f6: 1' => 'f5: 1'
c1 # of rules: 23
c1 rule time: 1.1692

c1 computing class: 2
c1 discrimination constraints: 922h
c1 coverage constraints: 460v+8741h
c1 formula: 502v, 9726c (9684h+42s)
c1 enumerating rules (maxsat-based)
c1 rule: 'f1: 2', 'f2: 2', 'f3: 2', 'f4: 0', 'f6: 0' => 'f5: 2'
c1 rule: 'f1: 2', 'f2: 2', 'f3: 0', 'f4: 2', 'f6: 0' => 'f5: 2'
c1 rule: 'f1: 2', 'f2: 0', 'f3: 2', 'f4: 1', 'f6: 2' => 'f5: 2'
c1 rule: 'f1: 1', 'f2: 3', 'f3: 2', 'f4: 1', 'f6: 2' => 'f5: 2'
c1 rule: 'f1: 1', 'f2: 3', 'f3: 3', 'f4: 2', 'f6: 1' => 'f5: 2'
c1 rule: 'f1: 3', 'f2: 1', 'f3: 1', 'f4: 2', 'f6: 0' => 'f5: 2'
c1 rule: 'f1: 0', 'f2: 2', 'f3: 2', 'f4: 2', 'f6: 0' => 'f5: 2'
c1 rule: 'f1: 0', 'f2: 0', 'f3: 2', 'f4: 2', 'f6: 2' => 'f5: 2'
c1 rule: 'f1: 0', 'f2: 3', 'f3: 0', 'f4: 2', 'f6: 0' => 'f5: 2'
c1 rule: 'f1: 3', 'f2: 2', 'f3: 1', 'f4: 1', not 'f6: 2' => 'f5: 2'
c1 rule: 'f1: 1', 'f2: 3', 'f3: 1', 'f4: 1', 'f6: 0' => 'f5: 2'
c1 rule: 'f1: 2', 'f2: 3', 'f3: 0', 'f4: 0', 'f6: 2' => 'f5: 2'
c1 # of rules: 12
c1 rule time: 0.9776

c2 total rules: 58

c0 computing feature 6
c1 computing class: 0
c1 discrimination constraints: 934h
c1 coverage constraints: 448v+8513h
c1 formula: 490v, 9510c (9468h+42s)
c1 enumerating rules (maxsat-based)
c1 rule: 'f1: 0', 'f2: 0', 'f3: 0', 'f4: 1', 'f5: 0' => 'f6: 0'
c1 rule: 'f1: 1', 'f2: 3', 'f3: 3', 'f4: 2', 'f5: 0' => 'f6: 0'
c1 rule: 'f1: 2', 'f2: 3', 'f3: 3', 'f4: 1', 'f5: 2' => 'f6: 0'
c1 rule: 'f1: 1', 'f2: 3', 'f3: 2', 'f4: 1', 'f5: 1' => 'f6: 0'
c1 rule: 'f1: 3', 'f2: 3', 'f3: 3', 'f4: 2', 'f5: 1' => 'f6: 0'
c1 rule: 'f1: 1', 'f2: 3', 'f3: 0', 'f4: 2', 'f5: 1' => 'f6: 0'
c1 rule: 'f1: 3', 'f2: 1', 'f3: 3', 'f4: 1', 'f5: 0' => 'f6: 0'
c1 rule: 'f1: 0', 'f2: 2', 'f3: 1', 'f4: 0', 'f5: 2' => 'f6: 0'
c1 rule: 'f1: 2', 'f2: 3', 'f3: 1', 'f4: 2', 'f5: 2' => 'f6: 0'
c1 rule: 'f1: 2', 'f2: 0', 'f3: 0', 'f4: 1', 'f5: 2' => 'f6: 0'
c1 rule: 'f1: 2', 'f2: 3', 'f3: 0', 'f4: 0', 'f5: 0' => 'f6: 0'
c1 rule: 'f1: 2', 'f2: 2', 'f3: 2', 'f4: 1', 'f5: 0' => 'f6: 0'
c1 # of rules: 12
c1 rule time: 1.0674

c1 computing class: 1
c1 discrimination constraints: 914h
c1 coverage constraints: 468v+8893h
c1 formula: 510v, 9870c (9828h+42s)
c1 enumerating rules (maxsat-based)
c1 rule: 'f1: 3', 'f2: 3', 'f3: 3', 'f4: 2', 'f5: 2' => 'f6: 1'
c1 rule: 'f1: 3', 'f2: 2', 'f3: 0', 'f4: 2', 'f5: 2' => 'f6: 1'
c1 rule: 'f1: 1', 'f2: 2', 'f3: 1', 'f4: 2', 'f5: 2' => 'f6: 1'
c1 rule: 'f1: 1', 'f2: 2', 'f3: 1', 'f5: 2', not 'f4: 0' => 'f6: 1'
c1 rule: 'f1: 2', 'f2: 2', 'f3: 3', 'f4: 2', 'f5: 2' => 'f6: 1'
c1 rule: 'f1: 2', 'f2: 2', 'f3: 3', 'f5: 1', not 'f4: 1' => 'f6: 1'
c1 rule: 'f1: 1', 'f2: 1', 'f3: 0', 'f4: 0', 'f5: 1' => 'f6: 1'
c1 rule: 'f1: 0', 'f2: 0', 'f3: 2', 'f4: 2', 'f5: 1' => 'f6: 1'
c1 rule: 'f1: 0', 'f2: 3', 'f3: 2', 'f4: 0', 'f5: 2' => 'f6: 1'
c1 rule: 'f1: 2', 'f2: 2', 'f3: 2', 'f4: 0', 'f5: 1' => 'f6: 1'
c1 rule: 'f1: 2', 'f2: 2', 'f3: 2', 'f4: 2', 'f5: 2' => 'f6: 1'
c1 rule: 'f1: 1', 'f2: 2', 'f3: 2', 'f4: 1', 'f5: 2' => 'f6: 1'
c1 rule: 'f1: 1', 'f2: 3', 'f3: 0', 'f4: 1', 'f5: 2' => 'f6: 1'
c1 rule: 'f1: 1', 'f2: 3', 'f3: 3', 'f4: 2', 'f5: 2' => 'f6: 1'
c1 rule: 'f1: 1', 'f2: 0', 'f3: 1', 'f4: 1', 'f5: 1' => 'f6: 1'
c1 rule: 'f1: 3', 'f2: 3', 'f3: 0', 'f4: 2', 'f5: 1' => 'f6: 1'
c1 rule: 'f1: 0', 'f2: 2', 'f3: 0', 'f4: 0', 'f5: 1' => 'f6: 1'
c1 rule: 'f1: 0', 'f2: 2', 'f3: 2', 'f4: 2', 'f5: 0' => 'f6: 1'
c1 rule: 'f1: 2', 'f2: 0', 'f3: 2', 'f4: 0', 'f5: 1' => 'f6: 1'
c1 rule: 'f1: 3', 'f2: 1', 'f3: 1', 'f4: 2', 'f5: 0' => 'f6: 1'
c1 # of rules: 20
c1 rule time: 1.1408

c1 computing class: 2
c1 discrimination constraints: 916h
c1 coverage constraints: 466v+8855h
c1 formula: 508v, 9834c (9792h+42s)
c1 enumerating rules (maxsat-based)
c1 rule: 'f1: 3', 'f2: 3', 'f3: 1', 'f5: 0' => 'f6: 2'
c1 rule: 'f1: 2', 'f2: 0', 'f3: 0', 'f4: 0', 'f5: 2' => 'f6: 2'
c1 rule: 'f1: 3', 'f2: 2', 'f3: 1', 'f4: 1', not 'f5: 2' => 'f6: 2'
c1 rule: 'f1: 3', 'f2: 2', 'f3: 1', 'f5: 1', not 'f4: 0' => 'f6: 2'
c1 rule: 'f1: 3', 'f2: 2', 'f3: 0', 'f4: 0', 'f5: 1' => 'f6: 2'
c1 rule: 'f1: 3', 'f2: 2', 'f3: 3', 'f4: 0', 'f5: 1' => 'f6: 2'
c1 rule: 'f1: 1', 'f2: 2', 'f3: 3', 'f4: 1', 'f5: 2' => 'f6: 2'
c1 rule: 'f1: 0', 'f2: 2', 'f3: 3', 'f4: 2', 'f5: 2' => 'f6: 2'
c1 rule: 'f1: 0', 'f2: 2', 'f3: 3', 'f4: 1', 'f5: 1' => 'f6: 2'
c1 rule: 'f1: 0', 'f2: 1', 'f3: 3', 'f4: 0', 'f5: 1' => 'f6: 2'
c1 rule: 'f1: 0', 'f2: 1', 'f3: 2', 'f4: 1', 'f5: 1' => 'f6: 2'
c1 rule: 'f1: 2', 'f2: 3', 'f3: 2', 'f5: 1', not 'f4: 1' => 'f6: 2'
c1 rule: 'f1: 3', 'f2: 2', 'f3: 2', 'f4: 1', 'f5: 0' => 'f6: 2'
c1 rule: 'f1: 3', 'f2: 1', 'f3: 2', 'f4: 0', 'f5: 0' => 'f6: 2'
c1 rule: 'f1: 0', 'f2: 3', 'f3: 0', 'f4: 2', 'f5: 0' => 'f6: 2'
c1 rule: 'f1: 0', 'f2: 3', 'f3: 1', 'f4: 2', 'f5: 2' => 'f6: 2'
c1 rule: 'f1: 3', 'f2: 3', 'f3: 1', 'f4: 2', not 'f5: 1' => 'f6: 2'
c1 rule: 'f1: 2', 'f2: 0', 'f3: 3', 'f4: 0', 'f5: 2' => 'f6: 2'
c1 rule: 'f1: 3', 'f2: 1', 'f3: 1', 'f4: 0', 'f5: 2' => 'f6: 2'
c1 rule: 'f1: 3', 'f2: 1', 'f3: 0', 'f4: 2', 'f5: 0' => 'f6: 2'
c1 rule: 'f1: 0', 'f2: 0', 'f3: 0', 'f4: 0', 'f5: 0' => 'f6: 2'
c1 rule: 'f1: 2', 'f2: 1', 'f3: 0', 'f4: 2', 'f5: 1' => 'f6: 2'
c1 rule: 'f1: 2', 'f2: 2', 'f3: 2', 'f4: 0', 'f5: 0' => 'f6: 2'
c1 rule: 'f1: 2', 'f2: 2', 'f3: 2', 'f4: 2', 'f5: 1' => 'f6: 2'
c1 rule: 'f1: 1', 'f2: 2', 'f3: 2', 'f4: 2', 'f5: 0' => 'f6: 2'
c1 rule: 'f1: 3', 'f2: 1', 'f3: 2', 'f4: 2', 'f5: 2' => 'f6: 2'
c1 rule: 'f1: 3', 'f2: 1', 'f3: 3', 'f4: 2', 'f5: 0' => 'f6: 2'
c1 # of rules: 27
c1 rule time: 1.2599

c2 total rules: 59
c3 total time: 16.8934

Rules are saved to ../rules/size/q6_car_train3.csv_size5.json