c0 # of samps: 348 (242 weighted)
c0 # of feats: 16 (16 binary)
c0 # of labls: 2
c0 parse time: 0.3069


c0 computing feature 1
c1 computing class: 0
c1 discrimination constraints: 156h
c1 coverage constraints: 86v+1377h
c1 formula: 120v, 1584c (1550h+34s)
c1 enumerating rules (maxsat-based)
c1 rule: 'v5: 0', 'v9: 0', not 'v4: 0' => 'v16: 0'
c1 rule: 'v14: 0', not 'v4: 0', not 'v7: 0' => 'v16: 0'
c1 rule: 'v14: 0', not 'v1: 0', not 'v4: 0' => 'v16: 0'
c1 rule: 'v13: 0', 'v14: 0', not 'v4: 0' => 'v16: 0'
c1 rule: 'v12: 0', 'v14: 0', not 'v4: 0' => 'v16: 0'
c1 rule: 'v3: 0', 'v7: 0', not 'v8: 0' => 'v16: 0'
c1 rule: not 'v9: 0', not 'v11: 0', not 'v12: 0' => 'v16: 0'
c1 rule: 'v2: 0', 'v3: 0', 'v9: 0', 'v14: 0' => 'v16: 0'
c1 rule: 'v2: 0', 'v3: 0', 'v10: 0', 'v14: 0' => 'v16: 0'
c1 rule: 'v2: 0', 'v9: 0', 'v12: 0', not 'v13: 0' => 'v16: 0'
c1 rule: 'v7: 0', 'v10: 0', 'v15: 0', not 'v9: 0' => 'v16: 0'
c1 rule: 'v2: 0', 'v7: 0', 'v10: 0', not 'v9: 0' => 'v16: 0'
c1 rule: 'v2: 0', 'v7: 0', 'v10: 0', not 'v8: 0' => 'v16: 0'
c1 rule: 'v5: 0', 'v7: 0', 'v10: 0', 'v11: 0' => 'v16: 0'
c1 rule: 'v5: 0', 'v7: 0', 'v8: 0', not 'v3: 0' => 'v16: 0'
c1 rule: 'v5: 0', 'v7: 0', 'v8: 0', 'v13: 0' => 'v16: 0'
c1 rule: 'v13: 0', 'v14: 0', not 'v5: 0', not 'v7: 0' => 'v16: 0'
c1 rule: 'v13: 0', 'v14: 0', not 'v5: 0', not 'v15: 0' => 'v16: 0'
c1 rule: 'v3: 0', 'v10: 0', 'v14: 0', not 'v8: 0' => 'v16: 0'
c1 rule: 'v8: 0', 'v13: 0', not 'v2: 0', not 'v10: 0' => 'v16: 0'
c1 rule: 'v8: 0', 'v13: 0', not 'v2: 0', not 'v3: 0' => 'v16: 0'
c1 rule: 'v8: 0', 'v13: 0', 'v15: 0', not 'v2: 0' => 'v16: 0'
c1 rule: 'v1: 0', 'v6: 0', 'v15: 0', not 'v2: 0' => 'v16: 0'
c1 rule: 'v13: 0', not 'v2: 0', not 'v12: 0', not 'v14: 0' => 'v16: 0'
c1 rule: 'v5: 0', 'v9: 0', not 'v14: 0', not 'v15: 0' => 'v16: 0'
c1 rule: not 'v1: 0', not 'v2: 0', not 'v5: 0', not 'v9: 0' => 'v16: 0'
c1 rule: 'v6: 0', 'v7: 0', not 'v5: 0', not 'v10: 0' => 'v16: 0'
c1 rule: 'v3: 0', 'v9: 0', 'v13: 0', not 'v8: 0' => 'v16: 0'
c1 rule: not 'v2: 0', not 'v10: 0', not 'v12: 0', not 'v15: 0' => 'v16: 0'
c1 rule: not 'v1: 0', not 'v2: 0', not 'v12: 0', not 'v15: 0' => 'v16: 0'
c1 rule: 'v10: 0', not 'v12: 0', not 'v13: 0', not 'v15: 0' => 'v16: 0'
c1 rule: 'v4: 0', not 'v1: 0', not 'v2: 0', not 'v12: 0' => 'v16: 0'
c1 rule: 'v12: 0', not 'v4: 0', not 'v6: 0', not 'v11: 0' => 'v16: 0'
c1 rule: 'v3: 0', 'v7: 0', not 'v12: 0', not 'v15: 0' => 'v16: 0'
c1 rule: 'v15: 0', not 'v5: 0', not 'v8: 0', not 'v11: 0' => 'v16: 0'
c1 rule: 'v4: 0', 'v15: 0', not 'v9: 0', not 'v12: 0' => 'v16: 0'
c1 rule: 'v10: 0', 'v13: 0', not 'v3: 0', not 'v4: 0' => 'v16: 0'
c1 rule: 'v2: 0', 'v3: 0', not 'v1: 0', not 'v11: 0' => 'v16: 0'
c1 rule: 'v4: 0', 'v11: 0', not 'v6: 0', not 'v10: 0', not 'v12: 0' => 'v16: 0'
c1 rule: 'v3: 0', 'v12: 0', not 'v5: 0', not 'v6: 0', not 'v11: 0' => 'v16: 0'
c1 rule: 'v1: 0', 'v7: 0', 'v12: 0', not 'v5: 0', not 'v11: 0' => 'v16: 0'
c1 rule: 'v2: 0', 'v4: 0', not 'v5: 0', not 'v7: 0', not 'v10: 0' => 'v16: 0'
c1 rule: 'v13: 0', not 'v2: 0', not 'v6: 0', not 'v10: 0', not 'v11: 0' => 'v16: 0'
c1 rule: 'v2: 0', 'v6: 0', 'v9: 0', 'v11: 0', not 'v3: 0' => 'v16: 0'
c1 rule: 'v1: 0', 'v2: 0', 'v6: 0', 'v9: 0', not 'v3: 0' => 'v16: 0'
c1 rule: 'v1: 0', 'v6: 0', 'v9: 0', 'v10: 0', not 'v3: 0' => 'v16: 0'
c1 rule: 'v2: 0', 'v6: 0', 'v9: 0', 'v12: 0', 'v15: 0' => 'v16: 0'
c1 rule: 'v1: 0', 'v2: 0', 'v5: 0', 'v9: 0', 'v11: 0' => 'v16: 0'
c1 rule: 'v1: 0', 'v2: 0', 'v3: 0', 'v12: 0', 'v15: 0' => 'v16: 0'
c1 rule: 'v1: 0', 'v3: 0', 'v12: 0', 'v15: 0', not 'v10: 0' => 'v16: 0'
c1 rule: 'v1: 0', 'v5: 0', 'v6: 0', 'v10: 0', 'v15: 0' => 'v16: 0'
c1 rule: 'v4: 0', 'v11: 0', not 'v1: 0', not 'v5: 0', not 'v8: 0' => 'v16: 0'
c1 # of rules: 52
c1 rule time: 0.1026

c1 computing class: 1
c1 discrimination constraints: 86h
c1 coverage constraints: 156v+2497h
c1 formula: 190v, 2634c (2600h+34s)
c1 enumerating rules (maxsat-based)
c1 rule: 'v2: 0', 'v5: 0', not 'v4: 0' => 'v16: 1'
c1 rule: 'v5: 0', not 'v3: 0', not 'v4: 0' => 'v16: 1'
c1 rule: not 'v4: 0', not 'v9: 0', not 'v10: 0' => 'v16: 1'
c1 rule: 'v5: 0', 'v13: 0', not 'v4: 0' => 'v16: 1'
c1 rule: 'v13: 0', not 'v4: 0', not 'v15: 0' => 'v16: 1'
c1 rule: 'v5: 0', 'v8: 0', not 'v15: 0' => 'v16: 1'
c1 rule: 'v1: 0', not 'v5: 0', not 'v7: 0' => 'v16: 1'
c1 rule: 'v9: 0', not 'v7: 0', not 'v13: 0' => 'v16: 1'
c1 rule: 'v6: 0', not 'v5: 0', not 'v7: 0' => 'v16: 1'
c1 rule: 'v6: 0', not 'v5: 0', not 'v11: 0' => 'v16: 1'
c1 rule: 'v6: 0', not 'v11: 0', not 'v14: 0' => 'v16: 1'
c1 rule: 'v6: 0', not 'v9: 0', not 'v14: 0' => 'v16: 1'
c1 rule: 'v6: 0', not 'v8: 0', not 'v14: 0' => 'v16: 1'
c1 rule: 'v6: 0', 'v7: 0', not 'v8: 0' => 'v16: 1'
c1 rule: 'v8: 0', 'v9: 0', not 'v7: 0' => 'v16: 1'
c1 rule: 'v6: 0', not 'v11: 0', not 'v13: 0' => 'v16: 1'
c1 rule: 'v14: 0', not 'v11: 0', not 'v12: 0' => 'v16: 1'
c1 rule: 'v7: 0', not 'v9: 0', not 'v10: 0' => 'v16: 1'
c1 rule: 'v8: 0', 'v13: 0', not 'v1: 0' => 'v16: 1'
c1 rule: not 'v4: 0', not 'v8: 0', not 'v10: 0' => 'v16: 1'
c1 rule: 'v2: 0', 'v9: 0', not 'v1: 0', not 'v15: 0' => 'v16: 1'
c1 rule: 'v10: 0', 'v14: 0', not 'v1: 0', not 'v6: 0' => 'v16: 1'
c1 rule: 'v9: 0', 'v11: 0', not 'v1: 0', not 'v15: 0' => 'v16: 1'
c1 rule: 'v9: 0', 'v12: 0', not 'v14: 0', not 'v15: 0' => 'v16: 1'
c1 rule: 'v12: 0', not 'v10: 0', not 'v14: 0', not 'v15: 0' => 'v16: 1'
c1 rule: 'v12: 0', 'v13: 0', not 'v14: 0', not 'v15: 0' => 'v16: 1'
c1 rule: 'v7: 0', 'v12: 0', not 'v8: 0', not 'v15: 0' => 'v16: 1'
c1 rule: 'v2: 0', 'v8: 0', 'v13: 0', not 'v3: 0' => 'v16: 1'
c1 rule: 'v2: 0', 'v8: 0', not 'v3: 0', not 'v11: 0' => 'v16: 1'
c1 rule: 'v2: 0', not 'v3: 0', not 'v11: 0', not 'v13: 0' => 'v16: 1'
c1 rule: 'v2: 0', 'v12: 0', not 'v11: 0', not 'v14: 0' => 'v16: 1'
c1 rule: 'v2: 0', 'v15: 0', not 'v9: 0', not 'v11: 0' => 'v16: 1'
c1 rule: 'v3: 0', not 'v10: 0', not 'v11: 0', not 'v15: 0' => 'v16: 1'
c1 rule: 'v3: 0', 'v13: 0', not 'v10: 0', not 'v11: 0' => 'v16: 1'
c1 rule: 'v2: 0', 'v3: 0', 'v4: 0', not 'v5: 0' => 'v16: 1'
c1 rule: 'v1: 0', 'v4: 0', not 'v5: 0', not 'v12: 0' => 'v16: 1'
c1 rule: 'v2: 0', 'v8: 0', 'v13: 0', not 'v10: 0' => 'v16: 1'
c1 rule: 'v8: 0', 'v10: 0', 'v11: 0', not 'v1: 0' => 'v16: 1'
c1 rule: 'v5: 0', 'v9: 0', 'v11: 0', not 'v1: 0' => 'v16: 1'
c1 rule: 'v9: 0', 'v11: 0', not 'v2: 0', not 'v7: 0' => 'v16: 1'
c1 rule: 'v4: 0', 'v11: 0', 'v13: 0', not 'v5: 0' => 'v16: 1'
c1 rule: 'v10: 0', 'v11: 0', not 'v2: 0', not 'v15: 0' => 'v16: 1'
c1 rule: 'v2: 0', not 'v3: 0', not 'v5: 0', not 'v12: 0' => 'v16: 1'
c1 rule: 'v9: 0', 'v11: 0', not 'v3: 0', not 'v12: 0' => 'v16: 1'
c1 rule: 'v1: 0', not 'v5: 0', not 'v8: 0', not 'v10: 0' => 'v16: 1'
c1 rule: not 'v1: 0', not 'v8: 0', not 'v14: 0', not 'v15: 0' => 'v16: 1'
c1 rule: 'v1: 0', 'v6: 0', not 'v2: 0', not 'v10: 0' => 'v16: 1'
c1 rule: 'v1: 0', 'v2: 0', not 'v7: 0', not 'v13: 0' => 'v16: 1'
c1 rule: 'v6: 0', 'v15: 0', not 'v2: 0', not 'v10: 0' => 'v16: 1'
c1 rule: 'v6: 0', 'v15: 0', not 'v9: 0', not 'v10: 0' => 'v16: 1'
c1 rule: 'v3: 0', 'v6: 0', not 'v10: 0', not 'v15: 0' => 'v16: 1'
c1 rule: 'v6: 0', not 'v1: 0', not 'v10: 0', not 'v13: 0' => 'v16: 1'
c1 rule: 'v6: 0', 'v10: 0', not 'v12: 0', not 'v13: 0' => 'v16: 1'
c1 rule: 'v6: 0', 'v9: 0', not 'v2: 0', not 'v10: 0' => 'v16: 1'
c1 rule: 'v1: 0', 'v11: 0', not 'v2: 0', not 'v15: 0' => 'v16: 1'
c1 rule: 'v9: 0', 'v14: 0', not 'v12: 0', not 'v13: 0' => 'v16: 1'
c1 rule: 'v2: 0', not 'v6: 0', not 'v7: 0', not 'v11: 0' => 'v16: 1'
c1 rule: 'v10: 0', 'v15: 0', not 'v2: 0', not 'v6: 0', not 'v7: 0' => 'v16: 1'
c1 rule: 'v4: 0', 'v14: 0', 'v15: 0', not 'v1: 0', not 'v6: 0' => 'v16: 1'
c1 rule: 'v12: 0', 'v13: 0', not 'v3: 0', not 'v10: 0', not 'v14: 0' => 'v16: 1'
c1 rule: 'v3: 0', 'v11: 0', 'v12: 0', not 'v1: 0', not 'v2: 0' => 'v16: 1'
c1 rule: 'v1: 0', 'v11: 0', 'v14: 0', not 'v9: 0', not 'v10: 0' => 'v16: 1'
c1 rule: 'v4: 0', 'v8: 0', not 'v2: 0', not 'v3: 0', not 'v10: 0' => 'v16: 1'
c1 rule: 'v9: 0', 'v10: 0', not 'v1: 0', not 'v2: 0', not 'v4: 0' => 'v16: 1'
c1 rule: 'v1: 0', 'v2: 0', 'v10: 0', not 'v4: 0', not 'v11: 0' => 'v16: 1'
c1 rule: 'v13: 0', not 'v1: 0', not 'v9: 0', not 'v10: 0', not 'v11: 0' => 'v16: 1'
c1 rule: 'v1: 0', 'v6: 0', 'v10: 0', not 'v9: 0', not 'v11: 0' => 'v16: 1'
c1 # of rules: 67
c1 rule time: 0.1123

c2 total rules: 119

c0 computing feature 2
c1 computing class: 0
c1 discrimination constraints: 105h
c1 coverage constraints: 137v+2193h
c1 formula: 171v, 2349c (2315h+34s)
c1 enumerating rules (maxsat-based)
c1 rule: not 'v5: 0', not 'v9: 0', not 'v15: 0' => 'v1: 0'
c1 rule: 'v8: 0', not 'v9: 0', not 'v12: 0' => 'v1: 0'
c1 rule: 'v3: 0', 'v5: 0', not 'v12: 0' => 'v1: 0'
c1 rule: 'v6: 0', 'v14: 0', not 'v5: 0' => 'v1: 0'
c1 rule: 'v8: 0', 'v13: 0', not 'v2: 0' => 'v1: 0'
c1 rule: 'v5: 0', not 'v4: 0', not 'v6: 0' => 'v1: 0'
c1 rule: not 'v4: 0', not 'v13: 0', not 'v15: 0' => 'v1: 0'
c1 rule: 'v6: 0', 'v7: 0', not 'v12: 0' => 'v1: 0'
c1 rule: 'v8: 0', not 'v4: 0', not 'v12: 0', not 'v15: 0' => 'v1: 0'
c1 rule: 'v2: 0', 'v8: 0', not 'v6: 0', not 'v15: 0' => 'v1: 0'
c1 rule: 'v2: 0', 'v7: 0', not 'v6: 0', not 'v15: 0' => 'v1: 0'
c1 rule: 'v11: 0', not 'v2: 0', not 'v14: 0', not 'v15: 0' => 'v1: 0'
c1 rule: 'v9: 0', 'v11: 0', not 'v13: 0', not 'v15: 0' => 'v1: 0'
c1 rule: 'v9: 0', not 'v7: 0', not 'v13: 0', not 'v15: 0' => 'v1: 0'
c1 rule: 'v7: 0', not 'v2: 0', not 'v9: 0', not 'v10: 0' => 'v1: 0'
c1 rule: 'v9: 0', not 'v7: 0', not 'v11: 0', not 'v13: 0' => 'v1: 0'
c1 rule: not 'v5: 0', not 'v6: 0', not 'v9: 0', not 'v12: 0' => 'v1: 0'
c1 rule: 'v3: 0', not 'v4: 0', not 'v9: 0', not 'v10: 0' => 'v1: 0'
c1 rule: 'v3: 0', not 'v4: 0', not 'v8: 0', not 'v10: 0' => 'v1: 0'
c1 rule: 'v3: 0', not 'v8: 0', not 'v10: 0', not 'v13: 0' => 'v1: 0'
c1 rule: 'v8: 0', not 'v3: 0', not 'v4: 0', not 'v6: 0' => 'v1: 0'
c1 rule: 'v8: 0', not 'v3: 0', not 'v6: 0', not 'v12: 0' => 'v1: 0'
c1 rule: 'v2: 0', 'v3: 0', not 'v10: 0', not 'v11: 0' => 'v1: 0'
c1 rule: 'v2: 0', 'v15: 0', not 'v9: 0', not 'v11: 0' => 'v1: 0'
c1 rule: 'v13: 0', not 'v2: 0', not 'v14: 0', not 'v15: 0' => 'v1: 0'
c1 rule: 'v6: 0', not 'v11: 0', not 'v14: 0', not 'v15: 0' => 'v1: 0'
c1 rule: 'v16: 0', not 'v10: 0', not 'v13: 0', not 'v15: 0' => 'v1: 0'
c1 rule: 'v3: 0', not 'v16: 0', not 'v10: 0', not 'v11: 0' => 'v1: 0'
c1 rule: 'v7: 0', 'v10: 0', 'v11: 0', not 'v12: 0' => 'v1: 0'
c1 rule: 'v16: 0', 'v3: 0', 'v4: 0', 'v11: 0' => 'v1: 0'
c1 rule: 'v16: 0', 'v6: 0', 'v15: 0', not 'v13: 0' => 'v1: 0'
c1 rule: 'v2: 0', 'v12: 0', 'v14: 0', 'v15: 0', not 'v13: 0' => 'v1: 0'
c1 rule: 'v7: 0', 'v12: 0', 'v13: 0', not 'v6: 0', not 'v10: 0' => 'v1: 0'
c1 rule: 'v2: 0', 'v15: 0', not 'v5: 0', not 'v8: 0', not 'v10: 0' => 'v1: 0'
c1 rule: 'v5: 0', 'v9: 0', not 'v16: 0', not 'v6: 0', not 'v14: 0' => 'v1: 0'
c1 rule: 'v3: 0', 'v4: 0', 'v12: 0', not 'v5: 0', not 'v6: 0' => 'v1: 0'
c1 rule: 'v10: 0', 'v11: 0', not 'v2: 0', not 'v3: 0', not 'v6: 0' => 'v1: 0'
c1 rule: 'v8: 0', not 'v4: 0', not 'v10: 0', not 'v11: 0', not 'v14: 0' => 'v1: 0'
c1 rule: 'v2: 0', 'v7: 0', 'v9: 0', not 'v16: 0', not 'v13: 0' => 'v1: 0'
c1 rule: 'v10: 0', 'v13: 0', 'v14: 0', not 'v6: 0', not 'v11: 0' => 'v1: 0'
c1 rule: 'v10: 0', 'v13: 0', not 'v6: 0', not 'v11: 0', not 'v15: 0' => 'v1: 0'
c1 rule: 'v16: 0', 'v10: 0', not 'v3: 0', not 'v5: 0', not 'v13: 0' => 'v1: 0'
c1 rule: 'v2: 0', 'v7: 0', 'v11: 0', not 'v12: 0', not 'v13: 0' => 'v1: 0'
c1 # of rules: 43
c1 rule time: 0.0900

c1 computing class: 1
c1 discrimination constraints: 137h
c1 coverage constraints: 105v+1681h
c1 formula: 139v, 1869c (1835h+34s)
c1 enumerating rules (maxsat-based)
c1 rule: 'v7: 0', not 'v4: 0', not 'v8: 0' => 'v1: 1'
c1 rule: 'v6: 0', 'v15: 0', not 'v11: 0' => 'v1: 1'
c1 rule: 'v6: 0', not 'v3: 0', not 'v4: 0' => 'v1: 1'
c1 rule: 'v6: 0', not 'v4: 0', not 'v15: 0' => 'v1: 1'
c1 rule: 'v6: 0', not 'v3: 0', not 'v12: 0' => 'v1: 1'
c1 rule: 'v3: 0', 'v12: 0', not 'v5: 0', not 'v9: 0' => 'v1: 1'
c1 rule: 'v16: 0', 'v4: 0', not 'v5: 0', not 'v9: 0' => 'v1: 1'
c1 rule: 'v4: 0', 'v7: 0', not 'v5: 0', not 'v9: 0' => 'v1: 1'
c1 rule: 'v16: 0', not 'v7: 0', not 'v13: 0', not 'v14: 0' => 'v1: 1'
c1 rule: 'v16: 0', 'v10: 0', not 'v7: 0', not 'v14: 0' => 'v1: 1'
c1 rule: 'v3: 0', 'v5: 0', 'v9: 0', not 'v8: 0' => 'v1: 1'
c1 rule: 'v4: 0', 'v5: 0', 'v8: 0', not 'v13: 0' => 'v1: 1'
c1 rule: 'v7: 0', not 'v2: 0', not 'v8: 0', not 'v12: 0' => 'v1: 1'
c1 rule: 'v16: 0', 'v15: 0', not 'v7: 0', not 'v12: 0' => 'v1: 1'
c1 rule: 'v2: 0', 'v10: 0', not 'v4: 0', not 'v8: 0' => 'v1: 1'
c1 rule: 'v9: 0', not 'v2: 0', not 'v4: 0', not 'v8: 0' => 'v1: 1'
c1 rule: not 'v5: 0', not 'v8: 0', not 'v11: 0', not 'v14: 0' => 'v1: 1'
c1 rule: 'v8: 0', 'v13: 0', 'v15: 0', not 'v7: 0' => 'v1: 1'
c1 rule: 'v15: 0', not 'v8: 0', not 'v11: 0', not 'v12: 0' => 'v1: 1'
c1 rule: 'v8: 0', 'v11: 0', 'v14: 0', not 'v3: 0' => 'v1: 1'
c1 rule: 'v2: 0', 'v6: 0', not 'v3: 0', not 'v13: 0' => 'v1: 1'
c1 rule: 'v2: 0', 'v6: 0', 'v8: 0', not 'v7: 0' => 'v1: 1'
c1 rule: 'v13: 0', not 'v5: 0', not 'v8: 0', not 'v12: 0' => 'v1: 1'
c1 rule: 'v7: 0', 'v11: 0', not 'v8: 0', not 'v15: 0' => 'v1: 1'
c1 rule: 'v10: 0', 'v13: 0', not 'v9: 0', not 'v12: 0' => 'v1: 1'
c1 rule: 'v6: 0', 'v13: 0', 'v15: 0', not 'v2: 0' => 'v1: 1'
c1 rule: 'v12: 0', 'v14: 0', not 'v4: 0', not 'v10: 0' => 'v1: 1'
c1 rule: 'v3: 0', 'v6: 0', 'v11: 0', 'v13: 0', not 'v7: 0' => 'v1: 1'
c1 rule: 'v6: 0', 'v10: 0', 'v11: 0', 'v13: 0', not 'v2: 0' => 'v1: 1'
c1 rule: 'v6: 0', 'v11: 0', 'v13: 0', not 'v14: 0', not 'v15: 0' => 'v1: 1'
c1 rule: 'v5: 0', 'v10: 0', 'v11: 0', not 'v6: 0', not 'v15: 0' => 'v1: 1'
c1 rule: 'v5: 0', 'v10: 0', not 'v16: 0', not 'v13: 0', not 'v15: 0' => 'v1: 1'
c1 rule: 'v5: 0', 'v10: 0', 'v14: 0', not 'v16: 0', not 'v13: 0' => 'v1: 1'
c1 rule: 'v12: 0', not 'v11: 0', not 'v13: 0', not 'v14: 0', not 'v15: 0' => 'v1: 1'
c1 rule: 'v9: 0', not 'v2: 0', not 'v8: 0', not 'v10: 0', not 'v11: 0' => 'v1: 1'
c1 rule: 'v7: 0', 'v10: 0', 'v14: 0', not 'v16: 0', not 'v11: 0' => 'v1: 1'
c1 rule: 'v2: 0', 'v5: 0', 'v7: 0', not 'v10: 0', not 'v13: 0' => 'v1: 1'
c1 rule: 'v3: 0', 'v5: 0', not 'v16: 0', not 'v6: 0', not 'v10: 0' => 'v1: 1'
c1 rule: 'v6: 0', 'v10: 0', not 'v16: 0', not 'v2: 0', not 'v7: 0' => 'v1: 1'
c1 rule: 'v6: 0', not 'v16: 0', not 'v2: 0', not 'v9: 0', not 'v13: 0' => 'v1: 1'
c1 # of rules: 40
c1 rule time: 0.0819

c2 total rules: 83

c0 computing feature 3
c1 computing class: 0
c1 discrimination constraints: 118h
c1 coverage constraints: 124v+1985h
c1 formula: 158v, 2154c (2120h+34s)
c1 enumerating rules (maxsat-based)
c1 rule: 'v3: 0', not 'v5: 0', not 'v8: 0' => 'v2: 0'
c1 rule: 'v4: 0', 'v6: 0', not 'v12: 0' => 'v2: 0'
c1 rule: 'v3: 0', 'v11: 0', not 'v8: 0' => 'v2: 0'
c1 rule: 'v13: 0', not 'v9: 0', not 'v12: 0' => 'v2: 0'
c1 rule: 'v6: 0', 'v10: 0', not 'v13: 0', not 'v15: 0' => 'v2: 0'
c1 rule: 'v10: 0', not 'v7: 0', not 'v14: 0', not 'v15: 0' => 'v2: 0'
c1 rule: 'v5: 0', not 'v16: 0', not 'v12: 0', not 'v13: 0' => 'v2: 0'
c1 rule: 'v3: 0', 'v5: 0', not 'v11: 0', not 'v12: 0' => 'v2: 0'
c1 rule: 'v4: 0', not 'v16: 0', not 'v10: 0', not 'v12: 0' => 'v2: 0'
c1 rule: 'v9: 0', not 'v7: 0', not 'v10: 0', not 'v12: 0' => 'v2: 0'
c1 rule: 'v5: 0', 'v6: 0', not 'v11: 0', not 'v13: 0' => 'v2: 0'
c1 rule: 'v7: 0', 'v11: 0', 'v13: 0', not 'v9: 0' => 'v2: 0'
c1 rule: 'v11: 0', 'v13: 0', not 'v9: 0', not 'v14: 0' => 'v2: 0'
c1 rule: 'v16: 0', 'v4: 0', 'v8: 0', 'v11: 0' => 'v2: 0'
c1 rule: 'v7: 0', not 'v3: 0', not 'v4: 0', not 'v9: 0' => 'v2: 0'
c1 rule: 'v16: 0', 'v1: 0', not 'v5: 0', not 'v8: 0' => 'v2: 0'
c1 rule: 'v1: 0', 'v9: 0', not 'v3: 0', not 'v4: 0', not 'v7: 0' => 'v2: 0'
c1 rule: 'v4: 0', 'v7: 0', not 'v16: 0', not 'v11: 0', not 'v12: 0' => 'v2: 0'
c1 rule: 'v4: 0', 'v13: 0', not 'v16: 0', not 'v6: 0', not 'v14: 0' => 'v2: 0'
c1 rule: 'v11: 0', 'v14: 0', not 'v6: 0', not 'v8: 0', not 'v13: 0' => 'v2: 0'
c1 rule: 'v1: 0', 'v5: 0', 'v15: 0', not 'v7: 0', not 'v14: 0' => 'v2: 0'
c1 # of rules: 21
c1 rule time: 0.0609

c1 computing class: 1
c1 discrimination constraints: 124h
c1 coverage constraints: 118v+1889h
c1 formula: 152v, 2064c (2030h+34s)
c1 enumerating rules (maxsat-based)
c1 rule: 'v14: 0', not 'v4: 0' => 'v2: 1'
c1 rule: 'v6: 0', 'v7: 0', not 'v11: 0' => 'v2: 1'
c1 rule: 'v3: 0', 'v6: 0', not 'v11: 0' => 'v2: 1'
c1 rule: 'v3: 0', 'v10: 0', 'v12: 0', not 'v13: 0' => 'v2: 1'
c1 rule: 'v4: 0', 'v8: 0', 'v11: 0', not 'v12: 0' => 'v2: 1'
c1 rule: 'v4: 0', 'v8: 0', not 'v7: 0', not 'v12: 0' => 'v2: 1'
c1 rule: 'v3: 0', 'v7: 0', not 'v16: 0', not 'v9: 0' => 'v2: 1'
c1 rule: not 'v1: 0', not 'v13: 0', not 'v14: 0', not 'v15: 0' => 'v2: 1'
c1 rule: 'v1: 0', 'v14: 0', not 'v12: 0', not 'v15: 0' => 'v2: 1'
c1 rule: 'v10: 0', not 'v3: 0', not 'v11: 0', not 'v12: 0' => 'v2: 1'
c1 rule: 'v10: 0', not 'v4: 0', not 'v7: 0', not 'v11: 0' => 'v2: 1'
c1 rule: 'v3: 0', 'v7: 0', 'v12: 0', not 'v16: 0' => 'v2: 1'
c1 rule: 'v16: 0', 'v1: 0', 'v10: 0', not 'v7: 0', not 'v11: 0' => 'v2: 1'
c1 rule: 'v5: 0', 'v9: 0', 'v12: 0', not 'v1: 0', not 'v6: 0' => 'v2: 1'
c1 rule: 'v8: 0', 'v10: 0', 'v11: 0', not 'v1: 0', not 'v7: 0' => 'v2: 1'
c1 rule: 'v11: 0', 'v14: 0', not 'v1: 0', not 'v10: 0', not 'v13: 0' => 'v2: 1'
c1 rule: 'v3: 0', 'v9: 0', 'v10: 0', not 'v7: 0', not 'v13: 0' => 'v2: 1'
c1 rule: 'v8: 0', not 'v5: 0', not 'v7: 0', not 'v9: 0', not 'v12: 0' => 'v2: 1'
c1 rule: 'v9: 0', 'v14: 0', not 'v16: 0', not 'v7: 0', not 'v10: 0' => 'v2: 1'
c1 rule: 'v14: 0', 'v15: 0', not 'v1: 0', not 'v6: 0', not 'v9: 0' => 'v2: 1'
c1 rule: 'v1: 0', 'v10: 0', 'v14: 0', 'v15: 0', not 'v16: 0' => 'v2: 1'
c1 rule: 'v12: 0', not 'v6: 0', not 'v7: 0', not 'v13: 0', not 'v15: 0' => 'v2: 1'
c1 # of rules: 22
c1 rule time: 0.0593

c2 total rules: 43

c0 computing feature 4
c1 computing class: 0
c1 discrimination constraints: 154h
c1 coverage constraints: 88v+1409h
c1 formula: 122v, 1614c (1580h+34s)
c1 enumerating rules (maxsat-based)
c1 rule: 'v14: 0', not 'v4: 0' => 'v3: 0'
c1 rule: 'v5: 0', 'v8: 0', not 'v12: 0' => 'v3: 0'
c1 rule: 'v6: 0', 'v7: 0', 'v8: 0' => 'v3: 0'
c1 rule: 'v16: 0', 'v14: 0', not 'v6: 0', not 'v12: 0' => 'v3: 0'
c1 rule: 'v7: 0', 'v11: 0', 'v13: 0', not 'v12: 0' => 'v3: 0'
c1 rule: 'v4: 0', 'v7: 0', 'v11: 0', not 'v12: 0' => 'v3: 0'
c1 rule: 'v7: 0', not 'v16: 0', not 'v4: 0', not 'v11: 0' => 'v3: 0'
c1 rule: 'v10: 0', not 'v4: 0', not 'v11: 0', not 'v13: 0' => 'v3: 0'
c1 rule: 'v7: 0', 'v10: 0', not 'v12: 0', not 'v13: 0' => 'v3: 0'
c1 rule: 'v7: 0', 'v10: 0', not 'v16: 0', not 'v4: 0' => 'v3: 0'
c1 rule: 'v12: 0', not 'v4: 0', not 'v7: 0', not 'v15: 0' => 'v3: 0'
c1 rule: 'v8: 0', 'v13: 0', not 'v14: 0', not 'v15: 0' => 'v3: 0'
c1 rule: 'v6: 0', not 'v8: 0', not 'v13: 0', not 'v14: 0' => 'v3: 0'
c1 rule: 'v16: 0', 'v2: 0', not 'v4: 0', not 'v10: 0' => 'v3: 0'
c1 rule: 'v16: 0', 'v11: 0', not 'v4: 0', not 'v10: 0' => 'v3: 0'
c1 rule: 'v16: 0', 'v9: 0', 'v15: 0', not 'v10: 0', not 'v12: 0' => 'v3: 0'
c1 rule: 'v1: 0', 'v9: 0', 'v15: 0', not 'v8: 0', not 'v12: 0' => 'v3: 0'
c1 rule: 'v15: 0', not 'v5: 0', not 'v8: 0', not 'v10: 0', not 'v12: 0' => 'v3: 0'
c1 rule: 'v8: 0', 'v9: 0', 'v11: 0', not 'v7: 0', not 'v10: 0' => 'v3: 0'
c1 # of rules: 19
c1 rule time: 0.0327

c1 computing class: 1
c1 discrimination constraints: 88h
c1 coverage constraints: 154v+2465h
c1 formula: 188v, 2604c (2570h+34s)
c1 enumerating rules (maxsat-based)
c1 rule: not 'v5: 0', not 'v9: 0', not 'v15: 0' => 'v3: 1'
c1 rule: 'v7: 0', 'v12: 0', not 'v8: 0' => 'v3: 1'
c1 rule: 'v7: 0', 'v14: 0', not 'v15: 0' => 'v3: 1'
c1 rule: 'v14: 0', not 'v5: 0', not 'v15: 0' => 'v3: 1'
c1 rule: 'v14: 0', 'v15: 0', not 'v7: 0' => 'v3: 1'
c1 rule: 'v13: 0', not 'v9: 0', not 'v12: 0' => 'v3: 1'
c1 rule: 'v12: 0', not 'v5: 0', not 'v8: 0' => 'v3: 1'
c1 rule: 'v6: 0', not 'v2: 0', not 'v12: 0' => 'v3: 1'
c1 rule: 'v10: 0', 'v14: 0', not 'v1: 0', not 'v9: 0' => 'v3: 1'
c1 rule: 'v4: 0', 'v15: 0', not 'v2: 0', not 'v7: 0' => 'v3: 1'
c1 rule: 'v12: 0', not 'v5: 0', not 'v13: 0', not 'v15: 0' => 'v3: 1'
c1 rule: 'v5: 0', 'v12: 0', not 'v13: 0', not 'v14: 0' => 'v3: 1'
c1 rule: 'v15: 0', not 'v2: 0', not 'v7: 0', not 'v10: 0' => 'v3: 1'
c1 rule: 'v15: 0', not 'v7: 0', not 'v10: 0', not 'v11: 0' => 'v3: 1'
c1 rule: 'v12: 0', not 'v4: 0', not 'v10: 0', not 'v11: 0', not 'v14: 0' => 'v3: 1'
c1 rule: 'v1: 0', 'v4: 0', 'v10: 0', 'v12: 0', not 'v13: 0' => 'v3: 1'
c1 rule: 'v4: 0', 'v6: 0', not 'v1: 0', not 'v14: 0', not 'v15: 0' => 'v3: 1'
c1 # of rules: 17
c1 rule time: 0.0438

c2 total rules: 36

c0 computing feature 5
c1 computing class: 0
c1 discrimination constraints: 86h
c1 coverage constraints: 156v+2497h
c1 formula: 190v, 2634c (2600h+34s)
c1 enumerating rules (maxsat-based)
c1 rule: 'v6: 0', 'v9: 0', not 'v11: 0' => 'v4: 0'
c1 rule: 'v1: 0', 'v12: 0', not 'v16: 0', not 'v9: 0' => 'v4: 0'
c1 rule: 'v2: 0', 'v10: 0', 'v12: 0', not 'v16: 0' => 'v4: 0'
c1 rule: 'v2: 0', 'v10: 0', 'v12: 0', 'v15: 0', not 'v13: 0' => 'v4: 0'
c1 # of rules: 4
c1 rule time: 0.0211

c1 computing class: 1
c1 discrimination constraints: 156h
c1 coverage constraints: 86v+1377h
c1 formula: 120v, 1584c (1550h+34s)
c1 enumerating rules (maxsat-based)
c1 rule: 'v3: 0', 'v14: 0', not 'v5: 0' => 'v4: 1'
c1 rule: 'v13: 0', not 'v5: 0', not 'v12: 0' => 'v4: 1'
c1 rule: 'v13: 0', not 'v5: 0', not 'v10: 0', not 'v14: 0' => 'v4: 1'
c1 rule: 'v6: 0', 'v7: 0', not 'v10: 0', not 'v14: 0' => 'v4: 1'
c1 rule: 'v13: 0', 'v15: 0', not 'v2: 0', not 'v10: 0', not 'v14: 0' => 'v4: 1'
c1 # of rules: 5
c1 rule time: 0.0128

c2 total rules: 9

c0 computing feature 6
c1 computing class: 0
c1 discrimination constraints: 113h
c1 coverage constraints: 129v+2065h
c1 formula: 163v, 2229c (2195h+34s)
c1 enumerating rules (maxsat-based)
c1 rule: 'v6: 0', not 'v8: 0', not 'v15: 0' => 'v5: 0'
c1 rule: 'v4: 0', not 'v9: 0', not 'v15: 0' => 'v5: 0'
c1 # of rules: 2
c1 rule time: 0.0156

c1 computing class: 1
c1 discrimination constraints: 129h
c1 coverage constraints: 113v+1809h
c1 formula: 147v, 1989c (1955h+34s)
c1 enumerating rules (maxsat-based)
c1 rule: 'v8: 0', 'v11: 0', not 'v1: 0' => 'v5: 1'
c1 rule: 'v9: 0', 'v10: 0', not 'v4: 0' => 'v5: 1'
c1 rule: not 'v3: 0', not 'v4: 0', not 'v13: 0' => 'v5: 1'
c1 rule: 'v6: 0', not 'v4: 0', not 'v13: 0' => 'v5: 1'
c1 rule: 'v9: 0', 'v12: 0', not 'v10: 0', not 'v14: 0' => 'v5: 1'
c1 rule: 'v16: 0', 'v7: 0', not 'v1: 0', not 'v9: 0' => 'v5: 1'
c1 rule: 'v9: 0', not 'v8: 0', not 'v11: 0', not 'v13: 0' => 'v5: 1'
c1 rule: 'v2: 0', 'v7: 0', 'v10: 0', not 'v3: 0' => 'v5: 1'
c1 rule: 'v9: 0', not 'v2: 0', not 'v6: 0', not 'v10: 0', not 'v11: 0' => 'v5: 1'
c1 rule: 'v16: 0', 'v12: 0', not 'v9: 0', not 'v11: 0', not 'v14: 0' => 'v5: 1'
c1 # of rules: 10
c1 rule time: 0.0270

c2 total rules: 12

c0 computing feature 7
c1 computing class: 0
c1 discrimination constraints: 156h
c1 coverage constraints: 86v+1377h
c1 formula: 120v, 1584c (1550h+34s)
c1 enumerating rules (maxsat-based)
c1 rule: 'v8: 0', 'v14: 0', not 'v3: 0', not 'v13: 0' => 'v6: 0'
c1 rule: 'v2: 0', 'v3: 0', 'v12: 0', 'v14: 0' => 'v6: 0'
c1 rule: 'v5: 0', 'v8: 0', 'v11: 0', 'v12: 0' => 'v6: 0'
c1 rule: 'v11: 0', 'v13: 0', not 'v5: 0', not 'v9: 0' => 'v6: 0'
c1 rule: 'v16: 0', 'v1: 0', 'v2: 0', 'v13: 0', not 'v4: 0' => 'v6: 0'
c1 rule: 'v1: 0', 'v2: 0', 'v10: 0', 'v13: 0', not 'v4: 0' => 'v6: 0'
c1 rule: 'v3: 0', 'v5: 0', 'v15: 0', not 'v16: 0', not 'v10: 0' => 'v6: 0'
c1 rule: 'v1: 0', 'v5: 0', 'v9: 0', 'v10: 0', 'v11: 0' => 'v6: 0'
c1 rule: 'v16: 0', 'v11: 0', 'v14: 0', 'v15: 0', not 'v3: 0' => 'v6: 0'
c1 rule: 'v16: 0', 'v10: 0', not 'v3: 0', not 'v8: 0', not 'v15: 0' => 'v6: 0'
c1 # of rules: 10
c1 rule time: 0.0292

c1 computing class: 1
c1 discrimination constraints: 86h
c1 coverage constraints: 156v+2497h
c1 formula: 190v, 2634c (2600h+34s)
c1 enumerating rules (maxsat-based)
c1 rule: 'v14: 0', not 'v4: 0' => 'v6: 1'
c1 rule: 'v9: 0', not 'v4: 0', not 'v8: 0' => 'v6: 1'
c1 rule: 'v5: 0', 'v10: 0', not 'v12: 0' => 'v6: 1'
c1 rule: 'v16: 0', 'v7: 0', 'v12: 0', not 'v10: 0' => 'v6: 1'
c1 rule: 'v9: 0', not 'v1: 0', not 'v10: 0', not 'v13: 0' => 'v6: 1'
c1 rule: 'v3: 0', 'v11: 0', not 'v1: 0', not 'v2: 0' => 'v6: 1'
c1 rule: 'v16: 0', 'v9: 0', 'v11: 0', not 'v15: 0' => 'v6: 1'
c1 rule: 'v2: 0', 'v10: 0', not 'v14: 0', not 'v15: 0' => 'v6: 1'
c1 rule: 'v9: 0', 'v11: 0', not 'v1: 0', not 'v8: 0', not 'v15: 0' => 'v6: 1'
c1 rule: 'v4: 0', 'v9: 0', 'v11: 0', 'v13: 0', not 'v15: 0' => 'v6: 1'
c1 # of rules: 10
c1 rule time: 0.0353

c2 total rules: 20

c0 computing feature 8
c1 computing class: 0
c1 discrimination constraints: 140h
c1 coverage constraints: 102v+1633h
c1 formula: 136v, 1824c (1790h+34s)
c1 enumerating rules (maxsat-based)
c1 rule: 'v4: 0', 'v11: 0', not 'v2: 0', not 'v5: 0' => 'v7: 0'
c1 rule: 'v10: 0', 'v12: 0', not 'v13: 0', not 'v14: 0' => 'v7: 0'
c1 rule: 'v8: 0', 'v13: 0', not 'v1: 0', not 'v12: 0' => 'v7: 0'
c1 rule: 'v2: 0', 'v5: 0', not 'v1: 0', not 'v13: 0', not 'v14: 0' => 'v7: 0'
c1 rule: 'v14: 0', not 'v1: 0', not 'v6: 0', not 'v13: 0', not 'v15: 0' => 'v7: 0'
c1 # of rules: 5
c1 rule time: 0.0210

c1 computing class: 1
c1 discrimination constraints: 102h
c1 coverage constraints: 140v+2241h
c1 formula: 174v, 2394c (2360h+34s)
c1 enumerating rules (maxsat-based)
c1 rule: 'v10: 0', not 'v4: 0', not 'v8: 0' => 'v7: 1'
c1 rule: not 'v4: 0', not 'v8: 0', not 'v13: 0' => 'v7: 1'
c1 rule: 'v6: 0', 'v15: 0', not 'v8: 0' => 'v7: 1'
c1 rule: 'v13: 0', not 'v6: 0', not 'v9: 0', not 'v15: 0' => 'v7: 1'
c1 rule: 'v2: 0', 'v12: 0', not 'v1: 0', not 'v11: 0' => 'v7: 1'
c1 rule: 'v6: 0', 'v9: 0', not 'v10: 0', not 'v15: 0' => 'v7: 1'
c1 rule: 'v5: 0', 'v11: 0', 'v13: 0', not 'v2: 0' => 'v7: 1'
c1 rule: 'v14: 0', 'v15: 0', not 'v9: 0', not 'v10: 0' => 'v7: 1'
c1 # of rules: 8
c1 rule time: 0.0285

c2 total rules: 13

c0 computing feature 9
c1 computing class: 0
c1 discrimination constraints: 143h
c1 coverage constraints: 99v+1585h
c1 formula: 133v, 1779c (1745h+34s)
c1 enumerating rules (maxsat-based)
c1 rule: 'v16: 0', 'v1: 0', 'v11: 0', not 'v5: 0' => 'v8: 0'
c1 rule: 'v9: 0', 'v10: 0', not 'v14: 0', not 'v15: 0' => 'v8: 0'
c1 # of rules: 2
c1 rule time: 0.0141

c1 computing class: 1
c1 discrimination constraints: 99h
c1 coverage constraints: 143v+2289h
c1 formula: 177v, 2439c (2405h+34s)
c1 enumerating rules (maxsat-based)
c1 rule: 'v13: 0', not 'v9: 0', not 'v14: 0' => 'v8: 1'
c1 rule: 'v14: 0', not 'v9: 0', not 'v13: 0' => 'v8: 1'
c1 rule: 'v6: 0', 'v10: 0', not 'v15: 0' => 'v8: 1'
c1 rule: 'v5: 0', not 'v13: 0', not 'v15: 0' => 'v8: 1'
c1 rule: 'v1: 0', 'v4: 0', 'v11: 0', not 'v10: 0' => 'v8: 1'
c1 rule: 'v14: 0', 'v15: 0', not 'v3: 0', not 'v11: 0' => 'v8: 1'
c1 rule: 'v4: 0', not 'v10: 0', not 'v14: 0', not 'v15: 0' => 'v8: 1'
c1 rule: 'v2: 0', 'v10: 0', not 'v11: 0', not 'v15: 0' => 'v8: 1'
c1 rule: 'v10: 0', 'v11: 0', not 'v2: 0', not 'v9: 0' => 'v8: 1'
c1 # of rules: 9
c1 rule time: 0.0279

c2 total rules: 11

c0 computing feature 10
c1 computing class: 0
c1 discrimination constraints: 115h
c1 coverage constraints: 127v+2033h
c1 formula: 161v, 2199c (2165h+34s)
c1 enumerating rules (maxsat-based)
c1 rule: not 'v4: 0', not 'v11: 0', not 'v12: 0' => 'v9: 0'
c1 rule: 'v16: 0', 'v8: 0', not 'v12: 0' => 'v9: 0'
c1 rule: 'v8: 0', not 'v12: 0', not 'v15: 0' => 'v9: 0'
c1 rule: 'v2: 0', 'v10: 0', 'v15: 0', not 'v11: 0' => 'v9: 0'
c1 # of rules: 4
c1 rule time: 0.0225

c1 computing class: 1
c1 discrimination constraints: 127h
c1 coverage constraints: 115v+1841h
c1 formula: 149v, 2019c (1985h+34s)
c1 enumerating rules (maxsat-based)
c1 rule: 'v5: 0', 'v8: 0', not 'v7: 0' => 'v9: 1'
c1 rule: 'v16: 0', 'v15: 0', not 'v2: 0', not 'v7: 0' => 'v9: 1'
c1 rule: 'v2: 0', not 'v8: 0', not 'v13: 0', not 'v15: 0' => 'v9: 1'
c1 rule: 'v2: 0', 'v10: 0', not 'v3: 0', not 'v6: 0', not 'v15: 0' => 'v9: 1'
c1 rule: 'v12: 0', not 'v2: 0', not 'v7: 0', not 'v11: 0', not 'v14: 0' => 'v9: 1'
c1 rule: 'v15: 0', not 'v16: 0', not 'v2: 0', not 'v8: 0', not 'v11: 0' => 'v9: 1'
c1 rule: 'v1: 0', 'v15: 0', not 'v2: 0', not 'v8: 0', not 'v11: 0' => 'v9: 1'
c1 rule: 'v12: 0', 'v13: 0', not 'v2: 0', not 'v11: 0', not 'v14: 0' => 'v9: 1'
c1 rule: 'v10: 0', 'v14: 0', 'v15: 0', not 'v2: 0', not 'v7: 0' => 'v9: 1'
c1 # of rules: 9
c1 rule time: 0.0358

c2 total rules: 13

c0 computing feature 11
c1 computing class: 0
c1 discrimination constraints: 134h
c1 coverage constraints: 108v+1729h
c1 formula: 142v, 1914c (1880h+34s)
c1 enumerating rules (maxsat-based)
c1 rule: 'v14: 0', not 'v16: 0', not 'v1: 0', not 'v5: 0' => 'v10: 0'
c1 rule: 'v4: 0', 'v13: 0', 'v15: 0', not 'v5: 0' => 'v10: 0'
c1 rule: 'v11: 0', 'v14: 0', not 'v16: 0', not 'v5: 0' => 'v10: 0'
c1 rule: 'v2: 0', 'v4: 0', 'v9: 0', 'v11: 0', 'v15: 0' => 'v10: 0'
c1 rule: 'v4: 0', 'v14: 0', 'v15: 0', not 'v11: 0', not 'v13: 0' => 'v10: 0'
c1 # of rules: 5
c1 rule time: 0.0357

c1 computing class: 1
c1 discrimination constraints: 108h
c1 coverage constraints: 134v+2145h
c1 formula: 168v, 2304c (2270h+34s)
c1 enumerating rules (maxsat-based)
c1 rule: 'v13: 0', 'v15: 0', not 'v9: 0', not 'v12: 0' => 'v10: 1'
c1 rule: 'v3: 0', 'v4: 0', 'v15: 0', not 'v7: 0' => 'v10: 1'
c1 rule: 'v7: 0', 'v11: 0', not 'v8: 0', not 'v14: 0' => 'v10: 1'
c1 rule: 'v3: 0', 'v11: 0', 'v12: 0', not 'v8: 0' => 'v10: 1'
c1 rule: 'v6: 0', not 'v9: 0', not 'v11: 0', not 'v13: 0' => 'v10: 1'
c1 rule: 'v2: 0', 'v6: 0', 'v15: 0', not 'v11: 0' => 'v10: 1'
c1 rule: 'v5: 0', 'v6: 0', 'v15: 0', not 'v1: 0', not 'v13: 0' => 'v10: 1'
c1 rule: 'v7: 0', 'v15: 0', not 'v16: 0', not 'v3: 0', not 'v13: 0' => 'v10: 1'
c1 rule: 'v4: 0', 'v8: 0', 'v15: 0', not 'v1: 0', not 'v12: 0' => 'v10: 1'
c1 rule: 'v16: 0', 'v11: 0', 'v13: 0', not 'v2: 0', not 'v14: 0' => 'v10: 1'
c1 rule: 'v1: 0', 'v5: 0', 'v11: 0', not 'v3: 0', not 'v14: 0' => 'v10: 1'
c1 # of rules: 11
c1 rule time: 0.0520

c2 total rules: 16

c0 computing feature 12
c1 computing class: 0
c1 discrimination constraints: 104h
c1 coverage constraints: 138v+2209h
c1 formula: 172v, 2364c (2330h+34s)
c1 enumerating rules (maxsat-based)
c1 rule: 'v1: 0', 'v13: 0', not 'v4: 0', not 'v15: 0' => 'v11: 0'
c1 rule: 'v2: 0', 'v7: 0', 'v12: 0', not 'v14: 0' => 'v11: 0'
c1 rule: 'v7: 0', not 'v9: 0', not 'v10: 0', not 'v14: 0' => 'v11: 0'
c1 rule: 'v10: 0', 'v14: 0', 'v15: 0', not 'v4: 0' => 'v11: 0'
c1 rule: 'v13: 0', 'v15: 0', not 'v16: 0', not 'v2: 0', not 'v6: 0' => 'v11: 0'
c1 rule: 'v2: 0', 'v13: 0', 'v15: 0', not 'v9: 0', not 'v14: 0' => 'v11: 0'
c1 # of rules: 6
c1 rule time: 0.0384

c1 computing class: 1
c1 discrimination constraints: 138h
c1 coverage constraints: 104v+1665h
c1 formula: 138v, 1854c (1820h+34s)
c1 enumerating rules (maxsat-based)
c1 rule: not 'v2: 0', not 'v8: 0', not 'v10: 0', not 'v12: 0' => 'v11: 1'
c1 rule: 'v4: 0', 'v8: 0', not 'v2: 0', not 'v10: 0' => 'v11: 1'
c1 # of rules: 2
c1 rule time: 0.0302

c2 total rules: 8

c0 computing feature 13
c1 computing class: 0
c1 discrimination constraints: 83h
c1 coverage constraints: 159v+2545h
c1 formula: 193v, 2679c (2645h+34s)
c1 enumerating rules (maxsat-based)
c1 rule: 'v6: 0', not 'v3: 0', not 'v14: 0', not 'v15: 0' => 'v12: 0'
c1 rule: 'v11: 0', 'v14: 0', not 'v6: 0', not 'v15: 0' => 'v12: 0'
c1 # of rules: 2
c1 rule time: 0.0257

c1 computing class: 1
c1 discrimination constraints: 159h
c1 coverage constraints: 83v+1329h
c1 formula: 117v, 1539c (1505h+34s)
c1 enumerating rules (maxsat-based)
c1 rule: 'v13: 0', 'v14: 0', not 'v4: 0' => 'v12: 1'
c1 rule: 'v8: 0', 'v13: 0', 'v15: 0', not 'v2: 0' => 'v12: 1'
c1 rule: 'v16: 0', 'v7: 0', 'v13: 0', not 'v4: 0' => 'v12: 1'
c1 rule: 'v1: 0', not 'v16: 0', not 'v3: 0', not 'v4: 0', not 'v13: 0' => 'v12: 1'
c1 rule: 'v10: 0', 'v11: 0', not 'v8: 0', not 'v14: 0', not 'v15: 0' => 'v12: 1'
c1 rule: 'v5: 0', 'v9: 0', 'v10: 0', not 'v6: 0', not 'v15: 0' => 'v12: 1'
c1 # of rules: 6
c1 rule time: 0.0215

c2 total rules: 8

c0 computing feature 14
c1 computing class: 0
c1 discrimination constraints: 111h
c1 coverage constraints: 131v+2097h
c1 formula: 165v, 2259c (2225h+34s)
c1 enumerating rules (maxsat-based)
c1 rule: 'v16: 0', 'v7: 0', 'v14: 0', not 'v3: 0' => 'v13: 0'
c1 rule: 'v3: 0', not 'v16: 0', not 'v6: 0', not 'v15: 0' => 'v13: 0'
c1 # of rules: 2
c1 rule time: 0.0275

c1 computing class: 1
c1 discrimination constraints: 131h
c1 coverage constraints: 111v+1777h
c1 formula: 145v, 1959c (1925h+34s)
c1 enumerating rules (maxsat-based)
c1 rule: 'v14: 0', 'v15: 0', not 'v7: 0', not 'v12: 0' => 'v13: 1'
c1 rule: 'v16: 0', 'v1: 0', not 'v2: 0', not 'v10: 0', not 'v15: 0' => 'v13: 1'
c1 # of rules: 2
c1 rule time: 0.0231

c2 total rules: 4

c0 computing feature 15
c1 computing class: 0
c1 discrimination constraints: 139h
c1 coverage constraints: 103v+1649h
c1 formula: 137v, 1839c (1805h+34s)
c1 enumerating rules (maxsat-based)
c1 rule: 'v10: 0', 'v12: 0', not 'v8: 0', not 'v13: 0' => 'v14: 0'
c1 rule: 'v4: 0', 'v7: 0', 'v9: 0', 'v13: 0', not 'v5: 0' => 'v14: 0'
c1 rule: 'v2: 0', 'v4: 0', 'v6: 0', 'v10: 0', not 'v1: 0' => 'v14: 0'
c1 rule: 'v4: 0', 'v6: 0', 'v10: 0', not 'v1: 0', not 'v9: 0' => 'v14: 0'
c1 # of rules: 4
c1 rule time: 0.0238

c1 computing class: 1
c1 discrimination constraints: 103h
c1 coverage constraints: 139v+2225h
c1 formula: 173v, 2379c (2345h+34s)
c1 enumerating rules (maxsat-based)
c1 # of rules: 0
c1 rule time: 0.0211

c2 total rules: 4

c0 computing feature 16
c1 computing class: 0
c1 discrimination constraints: 99h
c1 coverage constraints: 143v+2289h
c1 formula: 177v, 2439c (2405h+34s)
c1 enumerating rules (maxsat-based)
c1 rule: 'v5: 0', not 'v4: 0', not 'v12: 0' => 'v15: 0'
c1 rule: 'v3: 0', not 'v4: 0', not 'v11: 0', not 'v14: 0' => 'v15: 0'
c1 rule: 'v2: 0', 'v9: 0', not 'v11: 0', not 'v13: 0' => 'v15: 0'
c1 # of rules: 3
c1 rule time: 0.0342

c1 computing class: 1
c1 discrimination constraints: 143h
c1 coverage constraints: 99v+1585h
c1 formula: 133v, 1779c (1745h+34s)
c1 enumerating rules (maxsat-based)
c1 rule: 'v1: 0', 'v2: 0', 'v9: 0', 'v14: 0', not 'v10: 0' => 'v15: 1'
c1 # of rules: 1
c1 rule time: 0.0238

c2 total rules: 4
c3 total time: 1.6009

Rules are saved to ../rules/size/q6_house-votes-84_train2.csv_size5.json