c0 # of samps: 85 (79 weighted)
c0 # of feats: 7 (42 binary)
c0 # of labls: 2
c0 parse time: 0.2551


c0 computing feature 1
c1 computing class: (-inf..0.19]
c1 discrimination constraints: 71h
c1 coverage constraints: 7v+260h
c1 formula: 91v, 457c (373h+84s)
c1 enumerating rules (maxsat-based)
c1 rule: 'At2: (-inf..0.26]' => 'At1: (-inf..0.19]'
c1 rule: 'At3: (-inf..0.17]', 'At6: (0.44..0.65]' => 'At1: (-inf..0.19]'
c1 rule: 'At2: (0.47..0.61]', 'At3: (-inf..0.17]' => 'At1: (-inf..0.19]'
c1 # of rules: 3
c1 rule time: 0.0038

c1 computing class: (0.19..0.32]
c1 discrimination constraints: 64h
c1 coverage constraints: 14v+519h
c1 formula: 98v, 709c (625h+84s)
c1 enumerating rules (maxsat-based)
c1 rule: 'At3: (0.17..0.34]', 'At5: (-inf..0.05]' => 'At1: (0.19..0.32]'
c1 rule: 'At2: (0.86..+inf)', 'At3: (0.34..0.44]' => 'At1: (0.19..0.32]'
c1 rule: 'At2: (0.26..0.47]', 'At4: (0.09..0.18]' => 'At1: (0.19..0.32]'
c1 rule: 'At3: (0.17..0.34]', 'At5: (0.05..0.09]' => 'At1: (0.19..0.32]'
c1 rule: 'At6: (0.44..0.65]', 'At7: (0.15..0.28]' => 'At1: (0.19..0.32]'
c1 rule: 'At5: (0.09..0.14]', 'At7: (0.15..0.28]' => 'At1: (0.19..0.32]'
c1 rule: 'At4: (0.28..0.37]', 'At7: (0.15..0.28]' => 'At1: (0.19..0.32]'
c1 rule: 'At3: (0.17..0.34]', 'At7: (-inf..0.15]' => 'At1: (0.19..0.32]'
c1 # of rules: 8
c1 rule time: 0.0063

c1 computing class: (0.32..0.42]
c1 discrimination constraints: 61h
c1 coverage constraints: 17v+630h
c1 formula: 101v, 817c (733h+84s)
c1 enumerating rules (maxsat-based)
c1 rule: 'At5: (0.32..+inf)', 'At6: (-inf..0.44]' => 'At1: (0.32..0.42]'
c1 rule: 'At2: (0.47..0.61]', 'At6: (-inf..0.44]' => 'At1: (0.32..0.42]'
c1 rule: 'At4: (0.28..0.37]', 'At7: (0.28..0.39]' => 'At1: (0.32..0.42]'
c1 rule: 'At3: (0.17..0.34]', 'At7: (0.28..0.39]' => 'At1: (0.32..0.42]'
c1 rule: 'At7: (0.28..0.39]', not 'At4: (0.18..0.28]' => 'At1: (0.32..0.42]'
c1 rule: 'At2: (0.47..0.61]', 'At7: (0.28..0.39]' => 'At1: (0.32..0.42]'
c1 rule: 'At2: (0.74..0.86]', 'At3: (0.34..0.44]' => 'At1: (0.32..0.42]'
c1 rule: 'At6: (0.86..+inf)', 'At7: (0.39..0.45]' => 'At1: (0.32..0.42]'
c1 rule: 'At2: (0.61..0.74]', 'At6: (0.65..0.74]' => 'At1: (0.32..0.42]'
c1 rule: 'At6: (0.8..0.86]', 'At7: (0.28..0.39]' => 'At1: (0.32..0.42]'
c1 rule: 'At5: (0.05..0.09]', 'At6: (0.8..0.86]', not 'At3: (0.51..0.6]', not 'At4: (0.09..0.18]' => 'At1: (0.32..0.42]'
c1 # of rules: 11
c1 rule time: 0.0083

c1 computing class: (0.42..0.49]
c1 discrimination constraints: 61h
c1 coverage constraints: 17v+630h
c1 formula: 101v, 817c (733h+84s)
c1 enumerating rules (maxsat-based)
c1 rule: 'At2: (0.86..+inf)', 'At3: (0.51..0.6]' => 'At1: (0.42..0.49]'
c1 rule: 'At6: (0.86..+inf)', 'At7: (0.45..0.53]' => 'At1: (0.42..0.49]'
c1 rule: 'At4: (0.28..0.37]', 'At6: (0.65..0.74]' => 'At1: (0.42..0.49]'
c1 rule: 'At4: (0.18..0.28]', 'At7: (0.39..0.45]' => 'At1: (0.42..0.49]'
c1 rule: 'At3: (0.44..0.51]', 'At5: (-inf..0.05]' => 'At1: (0.42..0.49]'
c1 rule: 'At3: (0.44..0.51]', 'At4: (0.09..0.18]' => 'At1: (0.42..0.49]'
c1 rule: 'At3: (0.44..0.51]', 'At6: (0.74..0.8]' => 'At1: (0.42..0.49]'
c1 rule: 'At2: (0.47..0.61]', 'At4: (0.09..0.18]' => 'At1: (0.42..0.49]'
c1 rule: 'At5: (0.09..0.14]', 'At7: (0.39..0.45]' => 'At1: (0.42..0.49]'
c1 rule: 'At4: (0.09..0.18]', 'At6: (0.8..0.86]' => 'At1: (0.42..0.49]'
c1 rule: 'At6: (0.44..0.65]', 'At7: (0.39..0.45]' => 'At1: (0.42..0.49]'
c1 rule: 'At5: (0.05..0.09]', 'At6: (0.8..0.86]', not 'At3: (0.44..0.51]' => 'At1: (0.42..0.49]'
c1 rule: 'At2: (0.86..+inf)', 'At7: (0.39..0.45]', not 'At6: (0.86..+inf)' => 'At1: (0.42..0.49]'
c1 rule: 'At3: (0.44..0.51]', 'At5: (0.19..0.32]', not 'At2: (0.86..+inf)' => 'At1: (0.42..0.49]'
c1 # of rules: 14
c1 rule time: 0.0098

c1 computing class: (0.49..0.59]
c1 discrimination constraints: 66h
c1 coverage constraints: 12v+445h
c1 formula: 96v, 637c (553h+84s)
c1 enumerating rules (maxsat-based)
c1 rule: 'At3: (0.51..0.6]', 'At6: (0.74..0.8]' => 'At1: (0.49..0.59]'
c1 rule: 'At4: (0.18..0.28]', 'At7: (0.45..0.53]' => 'At1: (0.49..0.59]'
c1 rule: 'At5: (0.32..+inf)', 'At7: (0.45..0.53]' => 'At1: (0.49..0.59]'
c1 rule: 'At3: (0.51..0.6]', 'At5: (0.32..+inf)' => 'At1: (0.49..0.59]'
c1 rule: 'At3: (0.51..0.6]', not 'At7: (0.45..0.53]' => 'At1: (0.49..0.59]'
c1 rule: 'At2: (0.86..+inf)', 'At7: (0.53..+inf)' => 'At1: (0.49..0.59]'
c1 rule: 'At6: (0.65..0.74]', 'At7: (0.45..0.53]' => 'At1: (0.49..0.59]'
c1 rule: 'At7: (0.45..0.53]', not 'At3: (0.51..0.6]', not 'At6: (0.86..+inf)' => 'At1: (0.49..0.59]'
c1 # of rules: 8
c1 rule time: 0.0061

c1 computing class: (0.59..+inf)
c1 discrimination constraints: 67h
c1 coverage constraints: 11v+408h
c1 formula: 95v, 601c (517h+84s)
c1 enumerating rules (maxsat-based)
c1 rule: 'At2: (0.47..0.61]', 'At3: (0.6..+inf)' => 'At1: (0.59..+inf)'
c1 rule: 'At3: (0.6..+inf)', 'At5: (-inf..0.05]' => 'At1: (0.59..+inf)'
c1 rule: 'At3: (0.6..+inf)', 'At4: (-inf..0.09]' => 'At1: (0.59..+inf)'
c1 rule: 'At4: (0.18..0.28]', 'At7: (0.53..+inf)' => 'At1: (0.59..+inf)'
c1 rule: 'At3: (0.51..0.6]', 'At5: (-inf..0.05]' => 'At1: (0.59..+inf)'
c1 rule: 'At2: (0.74..0.86]', 'At3: (0.6..+inf)' => 'At1: (0.59..+inf)'
c1 rule: 'At3: (0.6..+inf)', not 'At2: (0.86..+inf)' => 'At1: (0.59..+inf)'
c1 # of rules: 7
c1 rule time: 0.0050

c2 total rules: 51

c0 computing feature 2
c1 computing class: (-inf..0.26]
c1 discrimination constraints: 76h
c1 coverage constraints: 2v+75h
c1 formula: 86v, 277c (193h+84s)
c1 enumerating rules (maxsat-based)
c1 rule: 'At4: (0.09..0.18]', 'At7: (-inf..0.15]' => 'At2: (-inf..0.26]'
c1 # of rules: 1
c1 rule time: 0.0030

c1 computing class: (0.26..0.47]
c1 discrimination constraints: 73h
c1 coverage constraints: 5v+186h
c1 formula: 89v, 385c (301h+84s)
c1 enumerating rules (maxsat-based)
c1 rule: 'At5: (0.09..0.14]', 'At6: (-inf..0.44]' => 'At2: (0.26..0.47]'
c1 rule: 'At5: (0.32..+inf)', 'At6: (-inf..0.44]' => 'At2: (0.26..0.47]'
c1 rule: 'At3: (-inf..0.17]', not 'At1: (-inf..0.19]' => 'At2: (0.26..0.47]'
c1 rule: 'At1: (0.19..0.32]', 'At6: (-inf..0.44]' => 'At2: (0.26..0.47]'
c1 # of rules: 4
c1 rule time: 0.0038

c1 computing class: (0.47..0.61]
c1 discrimination constraints: 65h
c1 coverage constraints: 13v+482h
c1 formula: 97v, 673c (589h+84s)
c1 enumerating rules (maxsat-based)
c1 rule: 'At5: (-inf..0.05]', 'At6: (0.74..0.8]' => 'At2: (0.47..0.61]'
c1 rule: 'At3: (-inf..0.17]', 'At6: (0.86..+inf)' => 'At2: (0.47..0.61]'
c1 rule: 'At3: (0.34..0.44]', 'At6: (-inf..0.44]' => 'At2: (0.47..0.61]'
c1 rule: 'At3: (0.34..0.44]', 'At6: (0.44..0.65]' => 'At2: (0.47..0.61]'
c1 rule: 'At5: (0.32..+inf)', 'At7: (0.28..0.39]' => 'At2: (0.47..0.61]'
c1 rule: 'At4: (0.57..+inf)', not 'At5: (0.32..+inf)' => 'At2: (0.47..0.61]'
c1 rule: 'At4: (0.18..0.28]', 'At7: (0.39..0.45]' => 'At2: (0.47..0.61]'
c1 rule: 'At4: (0.28..0.37]', 'At6: (0.44..0.65]' => 'At2: (0.47..0.61]'
c1 rule: 'At3: (-inf..0.17]', not 'At6: (-inf..0.44]' => 'At2: (0.47..0.61]'
c1 # of rules: 9
c1 rule time: 0.0069

c1 computing class: (0.61..0.74]
c1 discrimination constraints: 61h
c1 coverage constraints: 17v+630h
c1 formula: 101v, 817c (733h+84s)
c1 enumerating rules (maxsat-based)
c1 rule: 'At1: (0.49..0.59]', 'At4: (-inf..0.09]' => 'At2: (0.61..0.74]'
c1 rule: 'At1: (0.59..+inf)', not 'At7: (0.53..+inf)' => 'At2: (0.61..0.74]'
c1 rule: 'At1: (0.59..+inf)', 'At6: (0.44..0.65]' => 'At2: (0.61..0.74]'
c1 rule: 'At3: (0.17..0.34]', 'At6: (0.65..0.74]' => 'At2: (0.61..0.74]'
c1 rule: 'At3: (0.34..0.44]', 'At5: (0.19..0.32]' => 'At2: (0.61..0.74]'
c1 rule: 'At1: (0.42..0.49]', 'At7: (0.28..0.39]' => 'At2: (0.61..0.74]'
c1 rule: 'At3: (0.44..0.51]', 'At6: (0.44..0.65]' => 'At2: (0.61..0.74]'
c1 rule: 'At3: (0.34..0.44]', 'At6: (0.86..+inf)' => 'At2: (0.61..0.74]'
c1 rule: 'At3: (0.44..0.51]', 'At5: (0.09..0.14]' => 'At2: (0.61..0.74]'
c1 rule: 'At3: (0.44..0.51]', 'At6: (0.74..0.8]' => 'At2: (0.61..0.74]'
c1 rule: 'At5: (-inf..0.05]', 'At7: (0.53..+inf)', not 'At6: (0.86..+inf)' => 'At2: (0.61..0.74]'
c1 rule: 'At1: (0.42..0.49]', 'At6: (0.74..0.8]', not 'At5: (0.14..0.19]' => 'At2: (0.61..0.74]'
c1 rule: 'At1: (0.32..0.42]', 'At6: (0.65..0.74]', not 'At7: (0.28..0.39]' => 'At2: (0.61..0.74]'
c1 rule: 'At3: (0.17..0.34]', not 'At5: (0.19..0.32]', not 'At7: (0.15..0.28]' => 'At2: (0.61..0.74]'
c1 # of rules: 14
c1 rule time: 0.0114

c1 computing class: (0.74..0.86]
c1 discrimination constraints: 49h
c1 coverage constraints: 29v+1074h
c1 formula: 113v, 1249c (1165h+84s)
c1 enumerating rules (maxsat-based)
c1 rule: 'At4: (-inf..0.09]', 'At7: (0.28..0.39]' => 'At2: (0.74..0.86]'
c1 rule: 'At1: (0.59..+inf)', 'At6: (0.74..0.8]' => 'At2: (0.74..0.86]'
c1 rule: 'At1: (0.59..+inf)', 'At6: (0.65..0.74]' => 'At2: (0.74..0.86]'
c1 rule: 'At5: (0.09..0.14]', 'At6: (0.8..0.86]' => 'At2: (0.74..0.86]'
c1 rule: 'At1: (0.59..+inf)', 'At4: (0.37..0.57]' => 'At2: (0.74..0.86]'
c1 rule: 'At1: (0.49..0.59]', 'At6: (0.74..0.8]' => 'At2: (0.74..0.86]'
c1 rule: 'At4: (0.28..0.37]', not 'At5: (0.19..0.32]' => 'At2: (0.74..0.86]'
c1 rule: 'At1: (0.19..0.32]', 'At5: (0.32..+inf)' => 'At2: (0.74..0.86]'
c1 rule: 'At5: (0.32..+inf)', 'At6: (0.8..0.86]' => 'At2: (0.74..0.86]'
c1 rule: 'At1: (0.42..0.49]', 'At5: (-inf..0.05]' => 'At2: (0.74..0.86]'
c1 rule: 'At5: (0.05..0.09]', 'At6: (0.8..0.86]' => 'At2: (0.74..0.86]'
c1 rule: 'At3: (0.17..0.34]', 'At5: (0.05..0.09]' => 'At2: (0.74..0.86]'
c1 rule: 'At3: (0.34..0.44]', 'At5: (0.05..0.09]' => 'At2: (0.74..0.86]'
c1 rule: 'At3: (0.44..0.51]', 'At6: (0.65..0.74]' => 'At2: (0.74..0.86]'
c1 rule: 'At6: (0.65..0.74]', 'At7: (0.45..0.53]' => 'At2: (0.74..0.86]'
c1 rule: 'At4: (0.28..0.37]', 'At7: (0.45..0.53]' => 'At2: (0.74..0.86]'
c1 rule: 'At5: (0.14..0.19]', 'At6: (0.65..0.74]' => 'At2: (0.74..0.86]'
c1 rule: 'At1: (0.32..0.42]', 'At4: (0.09..0.18]', not 'At3: (0.17..0.34]' => 'At2: (0.74..0.86]'
c1 rule: 'At3: (0.17..0.34]', 'At4: (-inf..0.09]', 'At6: (0.8..0.86]' => 'At2: (0.74..0.86]'
c1 # of rules: 19
c1 rule time: 0.0146

c1 computing class: (0.86..+inf)
c1 discrimination constraints: 66h
c1 coverage constraints: 12v+445h
c1 formula: 96v, 637c (553h+84s)
c1 enumerating rules (maxsat-based)
c1 rule: 'At5: (0.19..0.32]', 'At6: (0.8..0.86]' => 'At2: (0.86..+inf)'
c1 rule: 'At5: (-inf..0.05]', not 'At4: (-inf..0.09]' => 'At2: (0.86..+inf)'
c1 rule: 'At3: (0.17..0.34]', 'At4: (0.18..0.28]' => 'At2: (0.86..+inf)'
c1 rule: 'At3: (0.6..+inf)', not 'At1: (0.59..+inf)' => 'At2: (0.86..+inf)'
c1 rule: 'At5: (0.14..0.19]', 'At6: (0.86..+inf)' => 'At2: (0.86..+inf)'
c1 rule: 'At5: (0.14..0.19]', 'At6: (0.8..0.86]' => 'At2: (0.86..+inf)'
c1 rule: 'At1: (0.19..0.32]', 'At7: (0.28..0.39]' => 'At2: (0.86..+inf)'
c1 rule: 'At3: (0.51..0.6]', 'At6: (0.86..+inf)', not 'At7: (0.53..+inf)' => 'At2: (0.86..+inf)'
c1 rule: 'At3: (0.44..0.51]', not 'At1: (0.42..0.49]', not 'At5: (0.05..0.09]' => 'At2: (0.86..+inf)'
c1 # of rules: 9
c1 rule time: 0.0077

c2 total rules: 56

c0 computing feature 3
c1 computing class: (-inf..0.17]
c1 discrimination constraints: 70h
c1 coverage constraints: 8v+297h
c1 formula: 92v, 493c (409h+84s)
c1 enumerating rules (maxsat-based)
c1 rule: 'At2: (-inf..0.26]' => 'At3: (-inf..0.17]'
c1 rule: 'At1: (-inf..0.19]' => 'At3: (-inf..0.17]'
c1 rule: 'At2: (0.26..0.47]', 'At4: (-inf..0.09]' => 'At3: (-inf..0.17]'
c1 # of rules: 3
c1 rule time: 0.0037

c1 computing class: (0.17..0.34]
c1 discrimination constraints: 63h
c1 coverage constraints: 15v+556h
c1 formula: 99v, 745c (661h+84s)
c1 enumerating rules (maxsat-based)
c1 rule: 'At5: (-inf..0.05]', 'At6: (0.74..0.8]' => 'At3: (0.17..0.34]'
c1 rule: 'At5: (-inf..0.05]', not 'At4: (-inf..0.09]' => 'At3: (0.17..0.34]'
c1 rule: 'At1: (0.19..0.32]', 'At6: (0.8..0.86]' => 'At3: (0.17..0.34]'
c1 rule: 'At1: (0.19..0.32]', 'At6: (0.44..0.65]' => 'At3: (0.17..0.34]'
c1 rule: 'At4: (0.28..0.37]', 'At5: (0.14..0.19]' => 'At3: (0.17..0.34]'
c1 rule: 'At1: (0.19..0.32]', 'At5: (0.09..0.14]' => 'At3: (0.17..0.34]'
c1 rule: 'At1: (0.19..0.32]', 'At5: (0.19..0.32]' => 'At3: (0.17..0.34]'
c1 rule: 'At1: (0.19..0.32]', 'At5: (0.05..0.09]' => 'At3: (0.17..0.34]'
c1 rule: 'At7: (0.15..0.28]', not 'At2: (0.47..0.61]' => 'At3: (0.17..0.34]'
c1 rule: 'At2: (0.47..0.61]', 'At4: (0.28..0.37]' => 'At3: (0.17..0.34]'
c1 rule: 'At2: (0.61..0.74]', 'At7: (0.28..0.39]', not 'At5: (0.19..0.32]' => 'At3: (0.17..0.34]'
c1 # of rules: 11
c1 rule time: 0.0077

c1 computing class: (0.34..0.44]
c1 discrimination constraints: 63h
c1 coverage constraints: 15v+556h
c1 formula: 99v, 745c (661h+84s)
c1 enumerating rules (maxsat-based)
c1 rule: 'At2: (0.47..0.61]', 'At4: (0.37..0.57]' => 'At3: (0.34..0.44]'
c1 rule: 'At5: (0.09..0.14]', 'At6: (0.44..0.65]' => 'At3: (0.34..0.44]'
c1 rule: 'At4: (0.18..0.28]', 'At6: (0.65..0.74]' => 'At3: (0.34..0.44]'
c1 rule: 'At5: (-inf..0.05]', 'At7: (0.28..0.39]' => 'At3: (0.34..0.44]'
c1 rule: 'At5: (0.14..0.19]', 'At7: (0.39..0.45]' => 'At3: (0.34..0.44]'
c1 rule: 'At1: (0.32..0.42]', 'At5: (0.14..0.19]' => 'At3: (0.34..0.44]'
c1 rule: 'At5: (0.14..0.19]', 'At7: (0.28..0.39]' => 'At3: (0.34..0.44]'
c1 rule: 'At1: (0.32..0.42]', 'At6: (0.74..0.8]' => 'At3: (0.34..0.44]'
c1 rule: 'At1: (0.32..0.42]', 'At5: (-inf..0.05]' => 'At3: (0.34..0.44]'
c1 rule: 'At2: (0.74..0.86]', 'At7: (0.28..0.39]' => 'At3: (0.34..0.44]'
c1 # of rules: 10
c1 rule time: 0.0083

c1 computing class: (0.44..0.51]
c1 discrimination constraints: 65h
c1 coverage constraints: 13v+482h
c1 formula: 97v, 673c (589h+84s)
c1 enumerating rules (maxsat-based)
c1 rule: 'At1: (0.42..0.49]', 'At5: (0.19..0.32]' => 'At3: (0.44..0.51]'
c1 rule: 'At5: (0.19..0.32]', 'At7: (0.39..0.45]' => 'At3: (0.44..0.51]'
c1 rule: 'At6: (0.8..0.86]', 'At7: (0.28..0.39]' => 'At3: (0.44..0.51]'
c1 rule: 'At1: (0.49..0.59]', 'At6: (0.44..0.65]' => 'At3: (0.44..0.51]'
c1 rule: 'At5: (0.05..0.09]', 'At6: (0.44..0.65]' => 'At3: (0.44..0.51]'
c1 rule: 'At1: (0.42..0.49]', 'At5: (-inf..0.05]' => 'At3: (0.44..0.51]'
c1 rule: 'At6: (0.8..0.86]', 'At7: (0.39..0.45]' => 'At3: (0.44..0.51]'
c1 rule: 'At5: (0.05..0.09]', 'At6: (0.74..0.8]', not 'At2: (0.74..0.86]' => 'At3: (0.44..0.51]'
c1 # of rules: 8
c1 rule time: 0.0073

c1 computing class: (0.51..0.6]
c1 discrimination constraints: 64h
c1 coverage constraints: 14v+519h
c1 formula: 98v, 709c (625h+84s)
c1 enumerating rules (maxsat-based)
c1 rule: 'At1: (0.49..0.59]', 'At6: (0.74..0.8]' => 'At3: (0.51..0.6]'
c1 rule: 'At1: (0.49..0.59]', 'At4: (0.09..0.18]' => 'At3: (0.51..0.6]'
c1 rule: 'At2: (0.86..+inf)', 'At5: (0.05..0.09]' => 'At3: (0.51..0.6]'
c1 rule: 'At4: (0.37..0.57]', 'At7: (0.45..0.53]' => 'At3: (0.51..0.6]'
c1 rule: 'At1: (0.49..0.59]', 'At2: (0.74..0.86]' => 'At3: (0.51..0.6]'
c1 rule: 'At5: (0.05..0.09]', 'At7: (0.53..+inf)' => 'At3: (0.51..0.6]'
c1 rule: 'At5: (0.09..0.14]', 'At7: (0.45..0.53]' => 'At3: (0.51..0.6]'
c1 rule: 'At4: (0.09..0.18]', 'At7: (0.45..0.53]' => 'At3: (0.51..0.6]'
c1 rule: 'At5: (-inf..0.05]', 'At7: (0.45..0.53]' => 'At3: (0.51..0.6]'
c1 rule: 'At2: (0.74..0.86]', 'At7: (0.45..0.53]', not 'At6: (0.86..+inf)' => 'At3: (0.51..0.6]'
c1 # of rules: 10
c1 rule time: 0.0076

c1 computing class: (0.6..+inf)
c1 discrimination constraints: 65h
c1 coverage constraints: 13v+482h
c1 formula: 97v, 673c (589h+84s)
c1 enumerating rules (maxsat-based)
c1 rule: 'At1: (0.59..+inf)', 'At6: (0.65..0.74]' => 'At3: (0.6..+inf)'
c1 rule: 'At2: (0.86..+inf)', 'At4: (0.57..+inf)' => 'At3: (0.6..+inf)'
c1 rule: 'At1: (0.49..0.59]', 'At2: (0.86..+inf)' => 'At3: (0.6..+inf)'
c1 rule: 'At1: (0.59..+inf)', not 'At2: (0.61..0.74]' => 'At3: (0.6..+inf)'
c1 rule: 'At1: (0.59..+inf)', not 'At6: (0.44..0.65]' => 'At3: (0.6..+inf)'
c1 rule: 'At1: (0.59..+inf)', not 'At5: (-inf..0.05]' => 'At3: (0.6..+inf)'
c1 # of rules: 6
c1 rule time: 0.0047

c2 total rules: 48

c0 computing feature 4
c1 computing class: (-inf..0.09]
c1 discrimination constraints: 50h
c1 coverage constraints: 28v+1037h
c1 formula: 112v, 1213c (1129h+84s)
c1 enumerating rules (maxsat-based)
c1 rule: 'At1: (0.59..+inf)', not 'At7: (0.53..+inf)' => 'At4: (-inf..0.09]'
c1 rule: 'At1: (0.49..0.59]', 'At3: (0.44..0.51]' => 'At4: (-inf..0.09]'
c1 rule: 'At5: (0.09..0.14]', 'At7: (0.53..+inf)' => 'At4: (-inf..0.09]'
c1 rule: 'At3: (0.51..0.6]', 'At5: (0.05..0.09]' => 'At4: (-inf..0.09]'
c1 rule: 'At5: (-inf..0.05]', not 'At6: (0.8..0.86]' => 'At4: (-inf..0.09]'
c1 rule: 'At5: (-inf..0.05]', not 'At2: (0.86..+inf)' => 'At4: (-inf..0.09]'
c1 rule: 'At5: (0.05..0.09]', 'At6: (0.44..0.65]' => 'At4: (-inf..0.09]'
c1 rule: 'At2: (0.61..0.74]', 'At5: (0.05..0.09]' => 'At4: (-inf..0.09]'
c1 rule: 'At5: (0.05..0.09]', 'At6: (0.8..0.86]', not 'At1: (0.42..0.49]' => 'At4: (-inf..0.09]'
c1 # of rules: 9
c1 rule time: 0.0094

c1 computing class: (0.09..0.18]
c1 discrimination constraints: 62h
c1 coverage constraints: 16v+593h
c1 formula: 100v, 781c (697h+84s)
c1 enumerating rules (maxsat-based)
c1 rule: 'At5: (0.14..0.19]', 'At6: (0.8..0.86]' => 'At4: (0.09..0.18]'
c1 rule: 'At3: (0.51..0.6]', 'At5: (0.14..0.19]' => 'At4: (0.09..0.18]'
c1 rule: 'At3: (0.34..0.44]', 'At5: (0.05..0.09]' => 'At4: (0.09..0.18]'
c1 rule: 'At6: (0.65..0.74]', 'At7: (0.45..0.53]' => 'At4: (0.09..0.18]'
c1 rule: 'At1: (0.49..0.59]', 'At5: (0.09..0.14]' => 'At4: (0.09..0.18]'
c1 rule: 'At3: (-inf..0.17]', 'At5: (0.05..0.09]' => 'At4: (0.09..0.18]'
c1 rule: 'At3: (0.51..0.6]', 'At5: (0.09..0.14]' => 'At4: (0.09..0.18]'
c1 rule: 'At5: (0.09..0.14]', 'At7: (0.28..0.39]' => 'At4: (0.09..0.18]'
c1 rule: 'At2: (0.47..0.61]', 'At5: (0.09..0.14]' => 'At4: (0.09..0.18]'
c1 rule: 'At3: (0.34..0.44]', 'At5: (0.09..0.14]' => 'At4: (0.09..0.18]'
c1 rule: 'At5: (0.09..0.14]', 'At6: (-inf..0.44]' => 'At4: (0.09..0.18]'
c1 rule: 'At1: (0.19..0.32]', 'At5: (0.05..0.09]' => 'At4: (0.09..0.18]'
c1 rule: 'At3: (0.44..0.51]', 'At5: (0.09..0.14]' => 'At4: (0.09..0.18]'
c1 rule: 'At5: (0.05..0.09]', 'At6: (0.8..0.86]', 'At7: (0.39..0.45]', not 'At1: (0.32..0.42]' => 'At4: (0.09..0.18]'
c1 # of rules: 14
c1 rule time: 0.0103

c1 computing class: (0.18..0.28]
c1 discrimination constraints: 67h
c1 coverage constraints: 11v+408h
c1 formula: 95v, 601c (517h+84s)
c1 enumerating rules (maxsat-based)
c1 rule: 'At3: (0.6..+inf)', 'At5: (0.19..0.32]' => 'At4: (0.18..0.28]'
c1 rule: 'At2: (0.86..+inf)', 'At5: (0.09..0.14]' => 'At4: (0.18..0.28]'
c1 rule: 'At2: (0.86..+inf)', 'At6: (0.74..0.8]' => 'At4: (0.18..0.28]'
c1 rule: 'At5: (0.14..0.19]', 'At6: (0.44..0.65]' => 'At4: (0.18..0.28]'
c1 rule: 'At3: (0.34..0.44]', 'At5: (0.14..0.19]' => 'At4: (0.18..0.28]'
c1 rule: 'At7: (0.28..0.39]', not 'At1: (0.32..0.42]' => 'At4: (0.18..0.28]'
c1 rule: 'At6: (0.8..0.86]', 'At7: (0.28..0.39]' => 'At4: (0.18..0.28]'
c1 rule: 'At5: (0.19..0.32]', 'At6: (0.65..0.74]', not 'At7: (0.39..0.45]' => 'At4: (0.18..0.28]'
c1 rule: 'At2: (0.74..0.86]', 'At3: (0.6..+inf)', 'At6: (0.8..0.86]' => 'At4: (0.18..0.28]'
c1 # of rules: 9
c1 rule time: 0.0071

c1 computing class: (0.28..0.37]
c1 discrimination constraints: 68h
c1 coverage constraints: 10v+371h
c1 formula: 94v, 565c (481h+84s)
c1 enumerating rules (maxsat-based)
c1 rule: 'At3: (0.44..0.51]', 'At6: (0.86..+inf)' => 'At4: (0.28..0.37]'
c1 rule: 'At3: (0.17..0.34]', 'At5: (0.14..0.19]' => 'At4: (0.28..0.37]'
c1 rule: 'At2: (0.86..+inf)', 'At7: (0.39..0.45]' => 'At4: (0.28..0.37]'
c1 rule: 'At5: (0.19..0.32]', 'At7: (0.39..0.45]' => 'At4: (0.28..0.37]'
c1 rule: 'At3: (0.51..0.6]', not 'At2: (0.61..0.74]', not 'At7: (0.45..0.53]' => 'At4: (0.28..0.37]'
c1 rule: 'At3: (0.34..0.44]', 'At5: (0.19..0.32]', not 'At6: (0.65..0.74]' => 'At4: (0.28..0.37]'
c1 rule: 'At1: (0.32..0.42]', 'At6: (0.44..0.65]', not 'At5: (0.14..0.19]' => 'At4: (0.28..0.37]'
c1 rule: 'At5: (0.32..+inf)', 'At6: (0.74..0.8]', not 'At3: (0.51..0.6]' => 'At4: (0.28..0.37]'
c1 # of rules: 8
c1 rule time: 0.0076

c1 computing class: (0.37..0.57]
c1 discrimination constraints: 72h
c1 coverage constraints: 6v+223h
c1 formula: 90v, 421c (337h+84s)
c1 enumerating rules (maxsat-based)
c1 rule: 'At3: (0.34..0.44]', 'At5: (0.32..+inf)' => 'At4: (0.37..0.57]'
c1 rule: 'At2: (0.86..+inf)', 'At5: (-inf..0.05]' => 'At4: (0.37..0.57]'
c1 rule: 'At5: (0.19..0.32]', 'At6: (-inf..0.44]' => 'At4: (0.37..0.57]'
c1 rule: 'At1: (0.59..+inf)', 'At6: (0.86..+inf)', not 'At5: (-inf..0.05]' => 'At4: (0.37..0.57]'
c1 # of rules: 4
c1 rule time: 0.0043

c1 computing class: (0.57..+inf)
c1 discrimination constraints: 71h
c1 coverage constraints: 7v+260h
c1 formula: 91v, 457c (373h+84s)
c1 enumerating rules (maxsat-based)
c1 rule: 'At5: (0.32..+inf)', 'At6: (0.44..0.65]' => 'At4: (0.57..+inf)'
c1 rule: 'At1: (-inf..0.19]', not 'At7: (-inf..0.15]' => 'At4: (0.57..+inf)'
c1 rule: 'At5: (0.32..+inf)', 'At6: (-inf..0.44]' => 'At4: (0.57..+inf)'
c1 rule: 'At3: (-inf..0.17]', 'At5: (0.19..0.32]' => 'At4: (0.57..+inf)'
c1 rule: 'At6: (0.74..0.8]', 'At7: (0.45..0.53]', not 'At5: (0.09..0.14]' => 'At4: (0.57..+inf)'
c1 # of rules: 5
c1 rule time: 0.0047

c2 total rules: 49

c0 computing feature 5
c1 computing class: (-inf..0.05]
c1 discrimination constraints: 58h
c1 coverage constraints: 20v+741h
c1 formula: 104v, 925c (841h+84s)
c1 enumerating rules (maxsat-based)
c1 rule: 'At2: (0.47..0.61]', 'At4: (-inf..0.09]' => 'At5: (-inf..0.05]'
c1 rule: 'At3: (0.34..0.44]', 'At4: (-inf..0.09]' => 'At5: (-inf..0.05]'
c1 rule: 'At6: (0.8..0.86]', 'At7: (0.15..0.28]' => 'At5: (-inf..0.05]'
c1 rule: 'At4: (-inf..0.09]', 'At7: (0.15..0.28]' => 'At5: (-inf..0.05]'
c1 rule: 'At1: (0.19..0.32]', 'At4: (-inf..0.09]' => 'At5: (-inf..0.05]'
c1 rule: 'At4: (-inf..0.09]', 'At7: (-inf..0.15]' => 'At5: (-inf..0.05]'
c1 rule: 'At2: (0.61..0.74]', 'At6: (0.8..0.86]' => 'At5: (-inf..0.05]'
c1 rule: 'At1: (0.59..+inf)', not 'At3: (0.6..+inf)' => 'At5: (-inf..0.05]'
c1 rule: 'At1: (0.59..+inf)', 'At6: (0.86..+inf)', not 'At4: (0.37..0.57]' => 'At5: (-inf..0.05]'
c1 rule: 'At1: (0.42..0.49]', 'At2: (0.74..0.86]', 'At4: (-inf..0.09]', not 'At3: (0.51..0.6]' => 'At5: (-inf..0.05]'
c1 # of rules: 10
c1 rule time: 0.0093

c1 computing class: (0.05..0.09]
c1 discrimination constraints: 67h
c1 coverage constraints: 11v+408h
c1 formula: 95v, 601c (517h+84s)
c1 enumerating rules (maxsat-based)
c1 rule: 'At2: (0.86..+inf)', 'At4: (-inf..0.09]' => 'At5: (0.05..0.09]'
c1 rule: 'At2: (-inf..0.26]', not 'At4: (-inf..0.09]' => 'At5: (0.05..0.09]'
c1 rule: 'At1: (0.49..0.59]', 'At3: (0.44..0.51]' => 'At5: (0.05..0.09]'
c1 rule: 'At1: (0.49..0.59]', 'At4: (-inf..0.09]' => 'At5: (0.05..0.09]'
c1 rule: 'At3: (0.44..0.51]', 'At4: (-inf..0.09]', not 'At2: (0.74..0.86]' => 'At5: (0.05..0.09]'
c1 rule: 'At3: (0.44..0.51]', 'At4: (-inf..0.09]', not 'At1: (0.42..0.49]' => 'At5: (0.05..0.09]'
c1 rule: 'At1: (0.42..0.49]', 'At4: (-inf..0.09]', not 'At7: (0.39..0.45]' => 'At5: (0.05..0.09]'
c1 rule: 'At2: (0.74..0.86]', 'At3: (0.44..0.51]', 'At4: (0.09..0.18]' => 'At5: (0.05..0.09]'
c1 rule: 'At6: (0.74..0.8]', 'At7: (0.39..0.45]', not 'At1: (0.42..0.49]' => 'At5: (0.05..0.09]'
c1 rule: 'At4: (0.09..0.18]', 'At7: (0.15..0.28]', not 'At2: (0.26..0.47]' => 'At5: (0.05..0.09]'
c1 # of rules: 10
c1 rule time: 0.0088

c1 computing class: (0.09..0.14]
c1 discrimination constraints: 66h
c1 coverage constraints: 12v+445h
c1 formula: 96v, 637c (553h+84s)
c1 enumerating rules (maxsat-based)
c1 rule: 'At2: (0.61..0.74]', 'At4: (0.09..0.18]' => 'At5: (0.09..0.14]'
c1 rule: 'At2: (0.26..0.47]', 'At4: (0.09..0.18]' => 'At5: (0.09..0.14]'
c1 rule: 'At3: (0.17..0.34]', 'At4: (0.18..0.28]' => 'At5: (0.09..0.14]'
c1 rule: 'At3: (0.6..+inf)', 'At6: (0.65..0.74]' => 'At5: (0.09..0.14]'
c1 rule: 'At4: (0.09..0.18]', 'At7: (0.28..0.39]' => 'At5: (0.09..0.14]'
c1 rule: 'At2: (0.47..0.61]', 'At4: (0.09..0.18]' => 'At5: (0.09..0.14]'
c1 rule: 'At3: (0.51..0.6]', 'At4: (0.09..0.18]', 'At6: (0.74..0.8]' => 'At5: (0.09..0.14]'
c1 rule: 'At3: (0.6..+inf)', 'At4: (-inf..0.09]', 'At6: (0.74..0.8]' => 'At5: (0.09..0.14]'
c1 rule: 'At3: (0.51..0.6]', 'At4: (0.09..0.18]', not 'At1: (0.49..0.59]', not 'At2: (0.86..+inf)' => 'At5: (0.09..0.14]'
c1 # of rules: 9
c1 rule time: 0.0073

c1 computing class: (0.14..0.19]
c1 discrimination constraints: 70h
c1 coverage constraints: 8v+297h
c1 formula: 92v, 493c (409h+84s)
c1 enumerating rules (maxsat-based)
c1 rule: 'At2: (0.47..0.61]', 'At4: (0.18..0.28]' => 'At5: (0.14..0.19]'
c1 rule: 'At2: (0.86..+inf)', 'At3: (0.34..0.44]' => 'At5: (0.14..0.19]'
c1 rule: 'At2: (0.86..+inf)', 'At4: (0.09..0.18]' => 'At5: (0.14..0.19]'
c1 rule: 'At1: (0.19..0.32]', 'At4: (0.28..0.37]' => 'At5: (0.14..0.19]'
c1 rule: 'At3: (0.34..0.44]', 'At4: (0.18..0.28]', not 'At2: (0.61..0.74]' => 'At5: (0.14..0.19]'
c1 # of rules: 5
c1 rule time: 0.0047

c1 computing class: (0.19..0.32]
c1 discrimination constraints: 65h
c1 coverage constraints: 13v+482h
c1 formula: 97v, 673c (589h+84s)
c1 enumerating rules (maxsat-based)
c1 rule: 'At2: (0.61..0.74]', 'At4: (0.18..0.28]' => 'At5: (0.19..0.32]'
c1 rule: 'At3: (0.6..+inf)', not 'At7: (0.53..+inf)' => 'At5: (0.19..0.32]'
c1 rule: 'At3: (0.44..0.51]', 'At6: (0.86..+inf)' => 'At5: (0.19..0.32]'
c1 rule: 'At1: (0.32..0.42]', 'At2: (0.86..+inf)' => 'At5: (0.19..0.32]'
c1 rule: 'At2: (0.86..+inf)', 'At7: (0.39..0.45]' => 'At5: (0.19..0.32]'
c1 rule: 'At1: (0.42..0.49]', 'At4: (0.28..0.37]' => 'At5: (0.19..0.32]'
c1 rule: 'At4: (0.28..0.37]', not 'At2: (0.74..0.86]' => 'At5: (0.19..0.32]'
c1 rule: 'At4: (0.37..0.57]', 'At6: (-inf..0.44]' => 'At5: (0.19..0.32]'
c1 rule: 'At4: (0.57..+inf)', 'At7: (-inf..0.15]' => 'At5: (0.19..0.32]'
c1 rule: 'At4: (0.18..0.28]', 'At6: (0.74..0.8]', 'At7: (0.53..+inf)' => 'At5: (0.19..0.32]'
c1 # of rules: 10
c1 rule time: 0.0075

c1 computing class: (0.32..+inf)
c1 discrimination constraints: 64h
c1 coverage constraints: 14v+519h
c1 formula: 98v, 709c (625h+84s)
c1 enumerating rules (maxsat-based)
c1 rule: 'At2: (0.74..0.86]', 'At6: (0.44..0.65]' => 'At5: (0.32..+inf)'
c1 rule: 'At3: (0.51..0.6]', 'At4: (0.57..+inf)' => 'At5: (0.32..+inf)'
c1 rule: 'At3: (0.51..0.6]', 'At4: (0.28..0.37]' => 'At5: (0.32..+inf)'
c1 rule: 'At3: (0.6..+inf)', 'At4: (0.28..0.37]' => 'At5: (0.32..+inf)'
c1 rule: 'At3: (0.6..+inf)', 'At6: (0.44..0.65]' => 'At5: (0.32..+inf)'
c1 rule: 'At3: (0.51..0.6]', 'At4: (0.37..0.57]' => 'At5: (0.32..+inf)'
c1 rule: 'At1: (0.32..0.42]', 'At2: (0.26..0.47]' => 'At5: (0.32..+inf)'
c1 rule: 'At2: (0.86..+inf)', 'At4: (0.57..+inf)' => 'At5: (0.32..+inf)'
c1 rule: 'At4: (0.57..+inf)', not 'At7: (-inf..0.15]' => 'At5: (0.32..+inf)'
c1 rule: 'At3: (0.6..+inf)', 'At4: (0.37..0.57]' => 'At5: (0.32..+inf)'
c1 rule: 'At4: (0.37..0.57]', not 'At1: (0.19..0.32]' => 'At5: (0.32..+inf)'
c1 rule: 'At4: (0.18..0.28]', 'At6: (0.8..0.86]', not 'At2: (0.86..+inf)' => 'At5: (0.32..+inf)'
c1 # of rules: 12
c1 rule time: 0.0083

c2 total rules: 56

c0 computing feature 6
c1 computing class: (-inf..0.44]
c1 discrimination constraints: 70h
c1 coverage constraints: 8v+297h
c1 formula: 92v, 493c (409h+84s)
c1 enumerating rules (maxsat-based)
c1 rule: 'At2: (-inf..0.26]' => 'At6: (-inf..0.44]'
c1 rule: 'At2: (0.26..0.47]' => 'At6: (-inf..0.44]'
c1 rule: 'At1: (0.32..0.42]', 'At7: (0.15..0.28]' => 'At6: (-inf..0.44]'
c1 # of rules: 3
c1 rule time: 0.0037

c1 computing class: (0.44..0.65]
c1 discrimination constraints: 64h
c1 coverage constraints: 14v+519h
c1 formula: 98v, 709c (625h+84s)
c1 enumerating rules (maxsat-based)
c1 rule: 'At1: (0.19..0.32]', 'At5: (0.32..+inf)' => 'At6: (0.44..0.65]'
c1 rule: 'At4: (0.57..+inf)', not 'At5: (0.32..+inf)' => 'At6: (0.44..0.65]'
c1 rule: 'At2: (0.61..0.74]', 'At4: (0.57..+inf)' => 'At6: (0.44..0.65]'
c1 rule: 'At1: (0.42..0.49]', 'At7: (0.28..0.39]' => 'At6: (0.44..0.65]'
c1 rule: 'At2: (0.47..0.61]', 'At4: (0.28..0.37]' => 'At6: (0.44..0.65]'
c1 rule: 'At1: (0.19..0.32]', 'At2: (0.61..0.74]' => 'At6: (0.44..0.65]'
c1 rule: 'At2: (0.47..0.61]', 'At5: (0.09..0.14]' => 'At6: (0.44..0.65]'
c1 rule: 'At3: (0.51..0.6]', 'At5: (-inf..0.05]' => 'At6: (0.44..0.65]'
c1 rule: 'At2: (0.61..0.74]', 'At7: (0.45..0.53]' => 'At6: (0.44..0.65]'
c1 rule: 'At1: (0.32..0.42]', 'At2: (0.47..0.61]', 'At4: (0.18..0.28]' => 'At6: (0.44..0.65]'
c1 # of rules: 10
c1 rule time: 0.0073

c1 computing class: (0.65..0.74]
c1 discrimination constraints: 66h
c1 coverage constraints: 12v+445h
c1 formula: 96v, 637c (553h+84s)
c1 enumerating rules (maxsat-based)
c1 rule: 'At1: (0.32..0.42]', 'At5: (0.09..0.14]' => 'At6: (0.65..0.74]'
c1 rule: 'At4: (-inf..0.09]', 'At7: (0.28..0.39]' => 'At6: (0.65..0.74]'
c1 rule: 'At3: (0.34..0.44]', 'At5: (0.32..+inf)' => 'At6: (0.65..0.74]'
c1 rule: 'At2: (0.74..0.86]', 'At7: (0.28..0.39]' => 'At6: (0.65..0.74]'
c1 rule: 'At1: (0.49..0.59]', 'At5: (0.14..0.19]' => 'At6: (0.65..0.74]'
c1 rule: 'At2: (0.74..0.86]', 'At5: (0.19..0.32]', 'At7: (0.39..0.45]' => 'At6: (0.65..0.74]'
c1 rule: 'At3: (0.34..0.44]', 'At5: (0.19..0.32]', not 'At4: (0.28..0.37]' => 'At6: (0.65..0.74]'
c1 # of rules: 7
c1 rule time: 0.0066

c1 computing class: (0.74..0.8]
c1 discrimination constraints: 62h
c1 coverage constraints: 16v+593h
c1 formula: 100v, 781c (697h+84s)
c1 enumerating rules (maxsat-based)
c1 rule: 'At1: (0.59..+inf)', 'At5: (0.19..0.32]' => 'At6: (0.74..0.8]'
c1 rule: 'At3: (0.6..+inf)', 'At4: (0.28..0.37]' => 'At6: (0.74..0.8]'
c1 rule: 'At1: (0.19..0.32]', 'At4: (0.28..0.37]' => 'At6: (0.74..0.8]'
c1 rule: 'At3: (0.44..0.51]', 'At5: (0.09..0.14]' => 'At6: (0.74..0.8]'
c1 rule: 'At3: (0.34..0.44]', 'At4: (0.28..0.37]' => 'At6: (0.74..0.8]'
c1 rule: 'At1: (0.19..0.32]', 'At3: (0.34..0.44]' => 'At6: (0.74..0.8]'
c1 rule: 'At4: (0.18..0.28]', 'At7: (0.39..0.45]' => 'At6: (0.74..0.8]'
c1 rule: 'At4: (0.18..0.28]', 'At5: (0.09..0.14]' => 'At6: (0.74..0.8]'
c1 rule: 'At3: (0.34..0.44]', 'At5: (0.05..0.09]' => 'At6: (0.74..0.8]'
c1 rule: 'At1: (0.19..0.32]', 'At5: (0.05..0.09]' => 'At6: (0.74..0.8]'
c1 rule: 'At3: (0.51..0.6]', 'At4: (0.57..+inf)' => 'At6: (0.74..0.8]'
c1 rule: 'At3: (0.34..0.44]', not 'At1: (0.32..0.42]', not 'At2: (0.47..0.61]' => 'At6: (0.74..0.8]'
c1 # of rules: 12
c1 rule time: 0.0098

c1 computing class: (0.8..0.86]
c1 discrimination constraints: 63h
c1 coverage constraints: 15v+556h
c1 formula: 99v, 745c (661h+84s)
c1 enumerating rules (maxsat-based)
c1 rule: 'At4: (0.37..0.57]', 'At5: (-inf..0.05]' => 'At6: (0.8..0.86]'
c1 rule: 'At3: (0.44..0.51]', 'At5: (-inf..0.05]' => 'At6: (0.8..0.86]'
c1 rule: 'At3: (0.51..0.6]', 'At4: (0.37..0.57]' => 'At6: (0.8..0.86]'
c1 rule: 'At1: (0.49..0.59]', 'At5: (0.19..0.32]' => 'At6: (0.8..0.86]'
c1 rule: 'At4: (0.18..0.28]', 'At5: (0.32..+inf)' => 'At6: (0.8..0.86]'
c1 rule: 'At3: (0.44..0.51]', not 'At2: (0.61..0.74]', not 'At4: (0.28..0.37]' => 'At6: (0.8..0.86]'
c1 rule: 'At3: (0.51..0.6]', 'At4: (0.28..0.37]', not 'At7: (0.53..+inf)' => 'At6: (0.8..0.86]'
c1 rule: 'At2: (0.74..0.86]', 'At4: (-inf..0.09]', 'At7: (0.45..0.53]' => 'At6: (0.8..0.86]'
c1 rule: 'At2: (0.74..0.86]', 'At3: (0.51..0.6]', not 'At1: (0.49..0.59]' => 'At6: (0.8..0.86]'
c1 rule: 'At1: (0.42..0.49]', 'At4: (0.28..0.37]', not 'At2: (0.74..0.86]' => 'At6: (0.8..0.86]'
c1 rule: 'At2: (0.74..0.86]', 'At3: (0.17..0.34]', 'At5: (-inf..0.05]' => 'At6: (0.8..0.86]'
c1 rule: 'At2: (0.61..0.74]', 'At3: (0.6..+inf)', 'At4: (-inf..0.09]' => 'At6: (0.8..0.86]'
c1 # of rules: 12
c1 rule time: 0.0108

c1 computing class: (0.86..+inf)
c1 discrimination constraints: 65h
c1 coverage constraints: 13v+482h
c1 formula: 97v, 673c (589h+84s)
c1 enumerating rules (maxsat-based)
c1 rule: 'At2: (0.86..+inf)', 'At4: (0.57..+inf)' => 'At6: (0.86..+inf)'
c1 rule: 'At1: (-inf..0.19]', 'At7: (0.15..0.28]' => 'At6: (0.86..+inf)'
c1 rule: 'At1: (0.59..+inf)', 'At4: (0.37..0.57]' => 'At6: (0.86..+inf)'
c1 rule: 'At1: (0.59..+inf)', 'At2: (0.47..0.61]' => 'At6: (0.86..+inf)'
c1 rule: 'At2: (0.86..+inf)', 'At4: (-inf..0.09]' => 'At6: (0.86..+inf)'
c1 rule: 'At3: (0.51..0.6]', not 'At7: (0.45..0.53]' => 'At6: (0.86..+inf)'
c1 rule: 'At1: (0.49..0.59]', not 'At7: (0.45..0.53]' => 'At6: (0.86..+inf)'
c1 rule: 'At1: (0.32..0.42]', 'At2: (0.86..+inf)', not 'At7: (0.28..0.39]' => 'At6: (0.86..+inf)'
c1 rule: 'At2: (0.74..0.86]', 'At3: (0.44..0.51]', not 'At7: (0.39..0.45]' => 'At6: (0.86..+inf)'
c1 rule: 'At1: (0.59..+inf)', 'At2: (0.74..0.86]', 'At5: (-inf..0.05]' => 'At6: (0.86..+inf)'
c1 # of rules: 10
c1 rule time: 0.0079

c2 total rules: 54

c0 computing feature 7
c1 computing class: (-inf..0.15]
c1 discrimination constraints: 69h
c1 coverage constraints: 9v+334h
c1 formula: 93v, 529c (445h+84s)
c1 enumerating rules (maxsat-based)
c1 rule: 'At2: (-inf..0.26]' => 'At7: (-inf..0.15]'
c1 rule: 'At2: (0.26..0.47]', 'At5: (0.19..0.32]' => 'At7: (-inf..0.15]'
c1 rule: 'At4: (0.57..+inf)', 'At5: (0.19..0.32]' => 'At7: (-inf..0.15]'
c1 rule: 'At1: (0.19..0.32]', 'At3: (-inf..0.17]' => 'At7: (-inf..0.15]'
c1 rule: 'At3: (-inf..0.17]', not 'At2: (0.47..0.61]' => 'At7: (-inf..0.15]'
c1 rule: 'At3: (-inf..0.17]', not 'At4: (0.57..+inf)' => 'At7: (-inf..0.15]'
c1 # of rules: 6
c1 rule time: 0.0048

c1 computing class: (0.15..0.28]
c1 discrimination constraints: 65h
c1 coverage constraints: 13v+482h
c1 formula: 97v, 673c (589h+84s)
c1 enumerating rules (maxsat-based)
c1 rule: 'At2: (0.74..0.86]', 'At3: (0.17..0.34]' => 'At7: (0.15..0.28]'
c1 rule: 'At2: (0.26..0.47]', 'At4: (0.09..0.18]' => 'At7: (0.15..0.28]'
c1 rule: 'At1: (0.19..0.32]', 'At5: (0.09..0.14]' => 'At7: (0.15..0.28]'
c1 rule: 'At5: (-inf..0.05]', 'At6: (0.74..0.8]' => 'At7: (0.15..0.28]'
c1 rule: 'At3: (0.17..0.34]', 'At4: (0.57..+inf)' => 'At7: (0.15..0.28]'
c1 rule: 'At5: (-inf..0.05]', not 'At4: (-inf..0.09]' => 'At7: (0.15..0.28]'
c1 rule: 'At3: (0.34..0.44]', 'At6: (-inf..0.44]' => 'At7: (0.15..0.28]'
c1 rule: 'At1: (-inf..0.19]', 'At6: (0.86..+inf)' => 'At7: (0.15..0.28]'
c1 rule: 'At1: (0.19..0.32]', 'At2: (0.47..0.61]' => 'At7: (0.15..0.28]'
c1 # of rules: 9
c1 rule time: 0.0068

c1 computing class: (0.28..0.39]
c1 discrimination constraints: 66h
c1 coverage constraints: 12v+445h
c1 formula: 96v, 637c (553h+84s)
c1 enumerating rules (maxsat-based)
c1 rule: 'At3: (0.34..0.44]', 'At4: (0.28..0.37]' => 'At7: (0.28..0.39]'
c1 rule: 'At2: (0.47..0.61]', 'At4: (0.28..0.37]' => 'At7: (0.28..0.39]'
c1 rule: 'At2: (0.61..0.74]', 'At5: (0.19..0.32]' => 'At7: (0.28..0.39]'
c1 rule: 'At3: (0.44..0.51]', 'At4: (0.18..0.28]' => 'At7: (0.28..0.39]'
c1 rule: 'At4: (0.18..0.28]', 'At6: (0.65..0.74]' => 'At7: (0.28..0.39]'
c1 rule: 'At1: (0.32..0.42]', 'At4: (0.18..0.28]' => 'At7: (0.28..0.39]'
c1 rule: 'At1: (0.32..0.42]', 'At5: (0.09..0.14]' => 'At7: (0.28..0.39]'
c1 rule: 'At1: (0.19..0.32]', 'At3: (0.34..0.44]' => 'At7: (0.28..0.39]'
c1 rule: 'At3: (0.34..0.44]', 'At5: (0.32..+inf)' => 'At7: (0.28..0.39]'
c1 rule: 'At2: (0.74..0.86]', 'At3: (0.34..0.44]', 'At4: (-inf..0.09]' => 'At7: (0.28..0.39]'
c1 # of rules: 10
c1 rule time: 0.0042

c1 computing class: (0.39..0.45]
c1 discrimination constraints: 63h
c1 coverage constraints: 15v+556h
c1 formula: 99v, 745c (661h+84s)
c1 enumerating rules (maxsat-based)
c1 rule: 'At1: (0.42..0.49]', 'At6: (0.74..0.8]' => 'At7: (0.39..0.45]'
c1 rule: 'At3: (0.34..0.44]', 'At6: (0.86..+inf)' => 'At7: (0.39..0.45]'
c1 rule: 'At1: (0.32..0.42]', 'At6: (0.86..+inf)' => 'At7: (0.39..0.45]'
c1 rule: 'At3: (0.34..0.44]', 'At5: (0.05..0.09]' => 'At7: (0.39..0.45]'
c1 rule: 'At1: (0.32..0.42]', 'At5: (0.05..0.09]' => 'At7: (0.39..0.45]'
c1 rule: 'At1: (0.42..0.49]', 'At3: (0.34..0.44]' => 'At7: (0.39..0.45]'
c1 rule: 'At1: (0.42..0.49]', 'At5: (-inf..0.05]' => 'At7: (0.39..0.45]'
c1 rule: 'At3: (0.44..0.51]', 'At4: (0.09..0.18]' => 'At7: (0.39..0.45]'
c1 rule: 'At3: (0.44..0.51]', 'At6: (0.65..0.74]' => 'At7: (0.39..0.45]'
c1 rule: 'At2: (0.86..+inf)', 'At4: (0.28..0.37]' => 'At7: (0.39..0.45]'
c1 rule: 'At2: (0.61..0.74]', 'At3: (0.34..0.44]', not 'At5: (0.19..0.32]' => 'At7: (0.39..0.45]'
c1 rule: 'At1: (0.42..0.49]', 'At4: (-inf..0.09]', 'At6: (0.44..0.65]' => 'At7: (0.39..0.45]'
c1 # of rules: 12
c1 rule time: 0.0053

c1 computing class: (0.45..0.53]
c1 discrimination constraints: 63h
c1 coverage constraints: 15v+556h
c1 formula: 99v, 745c (661h+84s)
c1 enumerating rules (maxsat-based)
c1 rule: 'At1: (0.49..0.59]', 'At4: (0.09..0.18]' => 'At7: (0.45..0.53]'
c1 rule: 'At1: (0.59..+inf)', not 'At3: (0.6..+inf)' => 'At7: (0.45..0.53]'
c1 rule: 'At1: (0.49..0.59]', not 'At6: (0.86..+inf)' => 'At7: (0.45..0.53]'
c1 rule: 'At5: (0.14..0.19]', 'At6: (0.8..0.86]' => 'At7: (0.45..0.53]'
c1 rule: 'At2: (0.86..+inf)', 'At5: (0.05..0.09]' => 'At7: (0.45..0.53]'
c1 rule: 'At3: (0.51..0.6]', 'At5: (0.14..0.19]' => 'At7: (0.45..0.53]'
c1 rule: 'At5: (0.09..0.14]', 'At6: (0.8..0.86]' => 'At7: (0.45..0.53]'
c1 rule: 'At3: (0.51..0.6]', 'At6: (0.8..0.86]' => 'At7: (0.45..0.53]'
c1 rule: 'At1: (0.42..0.49]', 'At6: (0.86..+inf)' => 'At7: (0.45..0.53]'
c1 # of rules: 9
c1 rule time: 0.0067

c1 computing class: (0.53..+inf)
c1 discrimination constraints: 64h
c1 coverage constraints: 14v+519h
c1 formula: 98v, 709c (625h+84s)
c1 enumerating rules (maxsat-based)
c1 rule: 'At2: (0.74..0.86]', 'At3: (0.6..+inf)' => 'At7: (0.53..+inf)'
c1 rule: 'At3: (0.6..+inf)', 'At6: (0.44..0.65]' => 'At7: (0.53..+inf)'
c1 rule: 'At3: (0.6..+inf)', 'At4: (-inf..0.09]' => 'At7: (0.53..+inf)'
c1 rule: 'At2: (0.86..+inf)', 'At4: (0.57..+inf)' => 'At7: (0.53..+inf)'
c1 rule: 'At2: (0.86..+inf)', 'At5: (0.32..+inf)' => 'At7: (0.53..+inf)'
c1 rule: 'At1: (0.49..0.59]', 'At6: (0.86..+inf)' => 'At7: (0.53..+inf)'
c1 # of rules: 6
c1 rule time: 0.0013

c2 total rules: 52
c3 total time: 0.5649

Rules are saved to ../rules/all/q6_appendicitis_train4.csv.json