c0 # of samps: 348 (249 weighted)
c0 # of feats: 16 (16 binary)
c0 # of labls: 2
c0 parse time: 0.3091


c0 computing feature 1
c1 computing class: 0
c1 discrimination constraints: 156h
c1 coverage constraints: 93v+1489h
c1 formula: 127v, 1696c (1662h+34s)
c1 enumerating rules (maxsat-based)
c1 rule: 'v5: 0', 'v6: 0', 'v8: 0' => 'v16: 0'
c1 rule: 'v6: 0', 'v7: 0', not 'v10: 0' => 'v16: 0'
c1 rule: 'v5: 0', 'v7: 0', not 'v4: 0' => 'v16: 0'
c1 rule: 'v14: 0', not 'v3: 0', not 'v4: 0' => 'v16: 0'
c1 rule: 'v12: 0', 'v14: 0', not 'v4: 0' => 'v16: 0'
c1 rule: 'v13: 0', 'v14: 0', not 'v4: 0' => 'v16: 0'
c1 rule: 'v6: 0', not 'v3: 0', not 'v12: 0' => 'v16: 0'
c1 rule: 'v3: 0', not 'v1: 0', not 'v12: 0', not 'v15: 0' => 'v16: 0'
c1 rule: 'v3: 0', 'v10: 0', not 'v1: 0', not 'v15: 0' => 'v16: 0'
c1 rule: 'v3: 0', 'v5: 0', 'v9: 0', 'v13: 0' => 'v16: 0'
c1 rule: 'v2: 0', 'v5: 0', 'v7: 0', not 'v14: 0' => 'v16: 0'
c1 rule: 'v5: 0', 'v7: 0', not 'v2: 0', not 'v12: 0' => 'v16: 0'
c1 rule: 'v1: 0', 'v5: 0', 'v7: 0', not 'v12: 0' => 'v16: 0'
c1 rule: 'v5: 0', 'v8: 0', not 'v2: 0', not 'v14: 0' => 'v16: 0'
c1 rule: 'v5: 0', 'v9: 0', not 'v2: 0', not 'v14: 0' => 'v16: 0'
c1 rule: 'v5: 0', not 'v2: 0', not 'v12: 0', not 'v14: 0' => 'v16: 0'
c1 rule: 'v5: 0', not 'v1: 0', not 'v12: 0', not 'v14: 0' => 'v16: 0'
c1 rule: 'v7: 0', 'v11: 0', not 'v1: 0', not 'v15: 0' => 'v16: 0'
c1 rule: 'v2: 0', 'v3: 0', 'v7: 0', not 'v15: 0' => 'v16: 0'
c1 rule: 'v7: 0', not 'v4: 0', not 'v11: 0', not 'v15: 0' => 'v16: 0'
c1 rule: 'v10: 0', not 'v3: 0', not 'v4: 0', not 'v15: 0' => 'v16: 0'
c1 rule: 'v6: 0', 'v10: 0', not 'v2: 0', not 'v13: 0' => 'v16: 0'
c1 rule: 'v8: 0', 'v13: 0', 'v15: 0', not 'v2: 0' => 'v16: 0'
c1 rule: 'v2: 0', 'v3: 0', 'v7: 0', 'v12: 0' => 'v16: 0'
c1 rule: 'v2: 0', 'v10: 0', 'v12: 0', not 'v4: 0' => 'v16: 0'
c1 rule: 'v2: 0', 'v14: 0', not 'v5: 0', not 'v8: 0' => 'v16: 0'
c1 rule: 'v8: 0', 'v13: 0', not 'v2: 0', not 'v3: 0' => 'v16: 0'
c1 rule: 'v7: 0', 'v10: 0', 'v15: 0', not 'v9: 0' => 'v16: 0'
c1 rule: 'v10: 0', 'v13: 0', not 'v9: 0', not 'v12: 0' => 'v16: 0'
c1 rule: 'v3: 0', 'v4: 0', 'v15: 0', not 'v8: 0' => 'v16: 0'
c1 rule: 'v3: 0', 'v13: 0', not 'v5: 0', not 'v8: 0' => 'v16: 0'
c1 rule: 'v1: 0', 'v12: 0', not 'v4: 0', not 'v11: 0' => 'v16: 0'
c1 rule: 'v11: 0', 'v14: 0', not 'v5: 0', not 'v10: 0' => 'v16: 0'
c1 rule: 'v14: 0', not 'v1: 0', not 'v5: 0', not 'v7: 0' => 'v16: 0'
c1 rule: 'v7: 0', 'v11: 0', 'v15: 0', not 'v3: 0', not 'v12: 0' => 'v16: 0'
c1 rule: 'v5: 0', 'v9: 0', 'v10: 0', 'v11: 0', 'v12: 0' => 'v16: 0'
c1 rule: 'v1: 0', 'v2: 0', 'v5: 0', 'v9: 0', 'v11: 0' => 'v16: 0'
c1 rule: 'v1: 0', 'v2: 0', 'v9: 0', 'v14: 0', not 'v7: 0' => 'v16: 0'
c1 rule: 'v1: 0', 'v2: 0', 'v10: 0', 'v14: 0', 'v15: 0' => 'v16: 0'
c1 rule: 'v9: 0', 'v15: 0', not 'v2: 0', not 'v8: 0', not 'v11: 0' => 'v16: 0'
c1 rule: 'v1: 0', 'v14: 0', 'v15: 0', not 'v8: 0', not 'v11: 0' => 'v16: 0'
c1 rule: 'v15: 0', not 'v5: 0', not 'v7: 0', not 'v8: 0', not 'v11: 0' => 'v16: 0'
c1 rule: 'v1: 0', 'v6: 0', 'v9: 0', 'v13: 0', not 'v8: 0' => 'v16: 0'
c1 rule: 'v10: 0', not 'v1: 0', not 'v5: 0', not 'v7: 0', not 'v15: 0' => 'v16: 0'
c1 rule: 'v3: 0', not 'v1: 0', not 'v2: 0', not 'v11: 0', not 'v12: 0' => 'v16: 0'
c1 rule: 'v3: 0', not 'v1: 0', not 'v11: 0', not 'v12: 0', not 'v13: 0' => 'v16: 0'
c1 rule: 'v9: 0', not 'v2: 0', not 'v3: 0', not 'v10: 0', not 'v12: 0' => 'v16: 0'
c1 rule: 'v1: 0', 'v12: 0', not 'v2: 0', not 'v4: 0', not 'v10: 0' => 'v16: 0'
c1 rule: 'v1: 0', 'v7: 0', 'v12: 0', not 'v5: 0', not 'v11: 0' => 'v16: 0'
c1 rule: 'v4: 0', 'v11: 0', not 'v1: 0', not 'v5: 0', not 'v7: 0' => 'v16: 0'
c1 rule: 'v2: 0', 'v3: 0', not 'v4: 0', not 'v10: 0', not 'v11: 0', not 'v13: 0' => 'v16: 0'
c1 rule: 'v9: 0', 'v14: 0', not 'v6: 0', not 'v7: 0', not 'v10: 0', not 'v11: 0' => 'v16: 0'
c1 rule: 'v2: 0', 'v7: 0', 'v8: 0', 'v9: 0', not 'v1: 0', not 'v13: 0' => 'v16: 0'
c1 rule: 'v11: 0', 'v14: 0', not 'v6: 0', not 'v9: 0', not 'v10: 0', not 'v15: 0' => 'v16: 0'
c1 rule: 'v6: 0', 'v9: 0', 'v11: 0', not 'v1: 0', not 'v8: 0', not 'v15: 0' => 'v16: 0'
c1 rule: 'v13: 0', not 'v1: 0', not 'v2: 0', not 'v9: 0', not 'v10: 0', not 'v15: 0' => 'v16: 0'
c1 # of rules: 56
c1 rule time: 0.1044

c1 computing class: 1
c1 discrimination constraints: 93h
c1 coverage constraints: 156v+2497h
c1 formula: 190v, 2641c (2607h+34s)
c1 enumerating rules (maxsat-based)
c1 rule: 'v7: 0', not 'v4: 0', not 'v8: 0' => 'v16: 1'
c1 rule: 'v5: 0', not 'v3: 0', not 'v4: 0' => 'v16: 1'
c1 rule: 'v2: 0', 'v5: 0', not 'v4: 0' => 'v16: 1'
c1 rule: not 'v1: 0', not 'v4: 0', not 'v15: 0' => 'v16: 1'
c1 rule: 'v13: 0', not 'v5: 0', not 'v9: 0' => 'v16: 1'
c1 rule: 'v13: 0', not 'v4: 0', not 'v9: 0' => 'v16: 1'
c1 rule: 'v6: 0', 'v13: 0', not 'v5: 0' => 'v16: 1'
c1 rule: 'v4: 0', 'v6: 0', not 'v5: 0' => 'v16: 1'
c1 rule: 'v6: 0', not 'v5: 0', not 'v7: 0' => 'v16: 1'
c1 rule: 'v6: 0', 'v10: 0', not 'v5: 0' => 'v16: 1'
c1 rule: 'v6: 0', not 'v1: 0', not 'v14: 0' => 'v16: 1'
c1 rule: 'v6: 0', not 'v2: 0', not 'v14: 0' => 'v16: 1'
c1 rule: 'v6: 0', not 'v3: 0', not 'v14: 0' => 'v16: 1'
c1 rule: not 'v5: 0', not 'v9: 0', not 'v12: 0' => 'v16: 1'
c1 rule: 'v14: 0', not 'v11: 0', not 'v12: 0' => 'v16: 1'
c1 rule: 'v5: 0', 'v8: 0', not 'v7: 0' => 'v16: 1'
c1 rule: 'v7: 0', not 'v9: 0', not 'v10: 0' => 'v16: 1'
c1 rule: not 'v4: 0', not 'v7: 0', not 'v10: 0' => 'v16: 1'
c1 rule: 'v6: 0', not 'v9: 0', not 'v14: 0' => 'v16: 1'
c1 rule: 'v6: 0', not 'v11: 0', not 'v13: 0' => 'v16: 1'
c1 rule: 'v3: 0', 'v6: 0', not 'v13: 0', not 'v15: 0' => 'v16: 1'
c1 rule: 'v1: 0', 'v6: 0', not 'v13: 0', not 'v15: 0' => 'v16: 1'
c1 rule: 'v8: 0', 'v9: 0', not 'v7: 0', not 'v10: 0' => 'v16: 1'
c1 rule: 'v1: 0', not 'v5: 0', not 'v7: 0', not 'v10: 0' => 'v16: 1'
c1 rule: 'v1: 0', not 'v5: 0', not 'v7: 0', not 'v8: 0' => 'v16: 1'
c1 rule: 'v1: 0', not 'v5: 0', not 'v8: 0', not 'v10: 0' => 'v16: 1'
c1 rule: 'v1: 0', not 'v2: 0', not 'v5: 0', not 'v8: 0' => 'v16: 1'
c1 rule: 'v1: 0', 'v4: 0', 'v11: 0', not 'v5: 0' => 'v16: 1'
c1 rule: 'v1: 0', 'v15: 0', not 'v5: 0', not 'v7: 0' => 'v16: 1'
c1 rule: 'v8: 0', 'v13: 0', not 'v7: 0', not 'v14: 0' => 'v16: 1'
c1 rule: 'v2: 0', 'v8: 0', 'v13: 0', not 'v3: 0' => 'v16: 1'
c1 rule: not 'v1: 0', not 'v3: 0', not 'v4: 0', not 'v11: 0' => 'v16: 1'
c1 rule: 'v7: 0', 'v13: 0', not 'v1: 0', not 'v4: 0' => 'v16: 1'
c1 rule: 'v2: 0', 'v7: 0', 'v13: 0', not 'v4: 0' => 'v16: 1'
c1 rule: 'v2: 0', 'v4: 0', not 'v5: 0', not 'v12: 0' => 'v16: 1'
c1 rule: 'v2: 0', not 'v3: 0', not 'v5: 0', not 'v12: 0' => 'v16: 1'
c1 rule: 'v4: 0', 'v9: 0', not 'v7: 0', not 'v12: 0' => 'v16: 1'
c1 rule: 'v3: 0', 'v5: 0', not 'v1: 0', not 'v6: 0' => 'v16: 1'
c1 rule: 'v2: 0', 'v3: 0', 'v5: 0', not 'v1: 0' => 'v16: 1'
c1 rule: 'v3: 0', not 'v2: 0', not 'v8: 0', not 'v10: 0' => 'v16: 1'
c1 rule: 'v2: 0', 'v3: 0', not 'v8: 0', not 'v15: 0' => 'v16: 1'
c1 rule: 'v6: 0', not 'v2: 0', not 'v13: 0', not 'v15: 0' => 'v16: 1'
c1 rule: 'v6: 0', 'v7: 0', 'v9: 0', not 'v15: 0' => 'v16: 1'
c1 rule: 'v7: 0', not 'v5: 0', not 'v8: 0', not 'v15: 0' => 'v16: 1'
c1 rule: 'v3: 0', 'v12: 0', not 'v5: 0', not 'v15: 0' => 'v16: 1'
c1 rule: 'v2: 0', 'v5: 0', 'v9: 0', not 'v13: 0' => 'v16: 1'
c1 rule: 'v5: 0', 'v7: 0', 'v12: 0', not 'v10: 0' => 'v16: 1'
c1 rule: 'v1: 0', 'v11: 0', not 'v7: 0', not 'v12: 0' => 'v16: 1'
c1 rule: 'v11: 0', not 'v7: 0', not 'v14: 0', not 'v15: 0' => 'v16: 1'
c1 rule: 'v12: 0', 'v13: 0', not 'v11: 0', not 'v14: 0' => 'v16: 1'
c1 rule: 'v2: 0', 'v15: 0', not 'v7: 0', not 'v11: 0' => 'v16: 1'
c1 rule: 'v10: 0', 'v14: 0', not 'v1: 0', not 'v6: 0' => 'v16: 1'
c1 rule: 'v2: 0', 'v14: 0', 'v15: 0', not 'v10: 0' => 'v16: 1'
c1 rule: 'v7: 0', 'v14: 0', not 'v13: 0', not 'v15: 0' => 'v16: 1'
c1 rule: 'v6: 0', 'v9: 0', 'v15: 0', not 'v2: 0' => 'v16: 1'
c1 rule: 'v11: 0', not 'v2: 0', not 'v6: 0', not 'v8: 0' => 'v16: 1'
c1 rule: 'v6: 0', 'v15: 0', not 'v2: 0', not 'v10: 0' => 'v16: 1'
c1 rule: 'v7: 0', 'v14: 0', not 'v3: 0', not 'v13: 0' => 'v16: 1'
c1 rule: 'v1: 0', 'v6: 0', not 'v2: 0', not 'v10: 0' => 'v16: 1'
c1 rule: 'v6: 0', not 'v2: 0', not 'v10: 0', not 'v11: 0' => 'v16: 1'
c1 rule: 'v2: 0', not 'v1: 0', not 'v10: 0', not 'v11: 0' => 'v16: 1'
c1 rule: not 'v9: 0', not 'v10: 0', not 'v13: 0', not 'v15: 0' => 'v16: 1'
c1 rule: 'v10: 0', 'v14: 0', not 'v5: 0', not 'v12: 0', not 'v13: 0' => 'v16: 1'
c1 rule: 'v4: 0', 'v12: 0', not 'v2: 0', not 'v13: 0', not 'v15: 0' => 'v16: 1'
c1 rule: 'v4: 0', 'v10: 0', 'v11: 0', not 'v3: 0', not 'v6: 0' => 'v16: 1'
c1 rule: 'v7: 0', 'v10: 0', 'v11: 0', not 'v1: 0', not 'v2: 0' => 'v16: 1'
c1 rule: 'v5: 0', 'v11: 0', 'v12: 0', not 'v3: 0', not 'v14: 0' => 'v16: 1'
c1 rule: 'v2: 0', 'v5: 0', 'v10: 0', 'v12: 0', not 'v6: 0' => 'v16: 1'
c1 rule: 'v2: 0', 'v6: 0', 'v12: 0', not 'v1: 0', not 'v10: 0' => 'v16: 1'
c1 rule: 'v2: 0', 'v6: 0', 'v11: 0', 'v12: 0', not 'v10: 0' => 'v16: 1'
c1 rule: 'v1: 0', 'v2: 0', 'v6: 0', 'v10: 0', not 'v11: 0' => 'v16: 1'
c1 rule: 'v2: 0', 'v5: 0', 'v12: 0', not 'v6: 0', not 'v11: 0' => 'v16: 1'
c1 rule: 'v2: 0', 'v9: 0', 'v13: 0', not 'v1: 0', not 'v15: 0' => 'v16: 1'
c1 rule: 'v11: 0', 'v12: 0', not 'v1: 0', not 'v2: 0', not 'v4: 0' => 'v16: 1'
c1 rule: 'v8: 0', not 'v1: 0', not 'v10: 0', not 'v11: 0', not 'v14: 0' => 'v16: 1'
c1 # of rules: 75
c1 rule time: 0.1250

c2 total rules: 131

c0 computing feature 2
c1 computing class: 0
c1 discrimination constraints: 111h
c1 coverage constraints: 138v+2209h
c1 formula: 172v, 2371c (2337h+34s)
c1 enumerating rules (maxsat-based)
c1 rule: not 'v4: 0', not 'v13: 0', not 'v15: 0' => 'v1: 0'
c1 rule: 'v5: 0', 'v8: 0', not 'v10: 0' => 'v1: 0'
c1 rule: 'v5: 0', 'v11: 0', not 'v4: 0' => 'v1: 0'
c1 rule: 'v11: 0', 'v14: 0', not 'v4: 0' => 'v1: 0'
c1 rule: 'v8: 0', 'v13: 0', not 'v9: 0' => 'v1: 0'
c1 rule: 'v8: 0', not 'v9: 0', not 'v12: 0' => 'v1: 0'
c1 rule: 'v7: 0', not 'v9: 0', not 'v12: 0' => 'v1: 0'
c1 rule: 'v6: 0', 'v7: 0', not 'v14: 0' => 'v1: 0'
c1 rule: 'v6: 0', 'v9: 0', not 'v13: 0' => 'v1: 0'
c1 rule: 'v11: 0', 'v14: 0', not 'v5: 0' => 'v1: 0'
c1 rule: 'v5: 0', 'v7: 0', 'v11: 0', 'v15: 0' => 'v1: 0'
c1 rule: 'v5: 0', 'v7: 0', not 'v10: 0', not 'v13: 0' => 'v1: 0'
c1 rule: 'v5: 0', 'v7: 0', 'v12: 0', not 'v10: 0' => 'v1: 0'
c1 rule: 'v7: 0', 'v11: 0', not 'v2: 0', not 'v8: 0' => 'v1: 0'
c1 rule: 'v10: 0', not 'v8: 0', not 'v14: 0', not 'v15: 0' => 'v1: 0'
c1 rule: 'v11: 0', not 'v2: 0', not 'v9: 0', not 'v14: 0' => 'v1: 0'
c1 rule: 'v16: 0', 'v6: 0', not 'v2: 0', not 'v13: 0' => 'v1: 0'
c1 rule: not 'v4: 0', not 'v7: 0', not 'v11: 0', not 'v13: 0' => 'v1: 0'
c1 rule: 'v8: 0', not 'v2: 0', not 'v7: 0', not 'v11: 0' => 'v1: 0'
c1 rule: 'v2: 0', 'v7: 0', not 'v3: 0', not 'v4: 0' => 'v1: 0'
c1 rule: 'v5: 0', 'v8: 0', 'v14: 0', not 'v3: 0' => 'v1: 0'
c1 rule: 'v2: 0', 'v3: 0', 'v5: 0', not 'v13: 0' => 'v1: 0'
c1 rule: 'v3: 0', not 'v5: 0', not 'v8: 0', not 'v10: 0' => 'v1: 0'
c1 rule: 'v3: 0', not 'v10: 0', not 'v11: 0', not 'v12: 0' => 'v1: 0'
c1 rule: 'v10: 0', not 'v7: 0', not 'v11: 0', not 'v12: 0' => 'v1: 0'
c1 rule: 'v12: 0', not 'v4: 0', not 'v6: 0', not 'v15: 0' => 'v1: 0'
c1 rule: 'v2: 0', 'v5: 0', 'v10: 0', not 'v14: 0' => 'v1: 0'
c1 rule: 'v13: 0', not 'v16: 0', not 'v9: 0', not 'v12: 0' => 'v1: 0'
c1 rule: 'v16: 0', 'v7: 0', 'v10: 0', 'v11: 0', not 'v12: 0' => 'v1: 0'
c1 rule: 'v7: 0', 'v8: 0', 'v10: 0', 'v11: 0', not 'v12: 0' => 'v1: 0'
c1 rule: 'v16: 0', 'v9: 0', not 'v7: 0', not 'v10: 0', not 'v13: 0' => 'v1: 0'
c1 rule: 'v2: 0', 'v15: 0', not 'v5: 0', not 'v8: 0', not 'v10: 0' => 'v1: 0'
c1 rule: 'v16: 0', 'v5: 0', 'v12: 0', 'v15: 0', not 'v10: 0' => 'v1: 0'
c1 rule: 'v10: 0', 'v13: 0', 'v14: 0', 'v15: 0', not 'v6: 0' => 'v1: 0'
c1 rule: 'v5: 0', 'v15: 0', not 'v16: 0', not 'v13: 0', not 'v14: 0' => 'v1: 0'
c1 rule: 'v4: 0', 'v6: 0', 'v11: 0', 'v15: 0', not 'v14: 0' => 'v1: 0'
c1 rule: 'v2: 0', 'v11: 0', not 'v10: 0', not 'v13: 0', not 'v15: 0' => 'v1: 0'
c1 rule: 'v2: 0', 'v10: 0', not 'v6: 0', not 'v9: 0', not 'v11: 0' => 'v1: 0'
c1 rule: 'v11: 0', not 'v3: 0', not 'v6: 0', not 'v9: 0', not 'v14: 0', not 'v15: 0' => 'v1: 0'
c1 # of rules: 39
c1 rule time: 0.0838

c1 computing class: 1
c1 discrimination constraints: 138h
c1 coverage constraints: 111v+1777h
c1 formula: 145v, 1966c (1932h+34s)
c1 enumerating rules (maxsat-based)
c1 rule: 'v6: 0', 'v15: 0', not 'v11: 0' => 'v1: 1'
c1 rule: 'v4: 0', 'v8: 0', 'v11: 0', not 'v10: 0' => 'v1: 1'
c1 rule: 'v3: 0', 'v9: 0', 'v12: 0', not 'v8: 0' => 'v1: 1'
c1 rule: 'v16: 0', not 'v7: 0', not 'v10: 0', not 'v12: 0' => 'v1: 1'
c1 rule: 'v16: 0', 'v2: 0', not 'v5: 0', not 'v7: 0' => 'v1: 1'
c1 rule: 'v16: 0', 'v15: 0', not 'v5: 0', not 'v9: 0' => 'v1: 1'
c1 rule: 'v16: 0', 'v5: 0', 'v8: 0', not 'v3: 0' => 'v1: 1'
c1 rule: 'v2: 0', 'v5: 0', 'v9: 0', not 'v13: 0' => 'v1: 1'
c1 rule: 'v6: 0', not 'v3: 0', not 'v13: 0', not 'v14: 0' => 'v1: 1'
c1 rule: 'v2: 0', not 'v11: 0', not 'v13: 0', not 'v15: 0' => 'v1: 1'
c1 rule: 'v2: 0', not 'v5: 0', not 'v11: 0', not 'v15: 0' => 'v1: 1'
c1 rule: 'v13: 0', not 'v5: 0', not 'v7: 0', not 'v11: 0' => 'v1: 1'
c1 rule: 'v3: 0', 'v7: 0', 'v12: 0', not 'v8: 0' => 'v1: 1'
c1 rule: 'v12: 0', 'v14: 0', not 'v4: 0', not 'v10: 0' => 'v1: 1'
c1 rule: 'v2: 0', 'v10: 0', not 'v4: 0', not 'v8: 0' => 'v1: 1'
c1 rule: 'v13: 0', not 'v5: 0', not 'v8: 0', not 'v12: 0' => 'v1: 1'
c1 rule: 'v16: 0', 'v6: 0', 'v7: 0', not 'v3: 0' => 'v1: 1'
c1 rule: 'v3: 0', 'v5: 0', 'v7: 0', not 'v16: 0' => 'v1: 1'
c1 rule: 'v16: 0', 'v4: 0', not 'v13: 0', not 'v15: 0' => 'v1: 1'
c1 rule: 'v6: 0', 'v9: 0', not 'v14: 0', not 'v15: 0' => 'v1: 1'
c1 rule: 'v6: 0', 'v15: 0', not 'v16: 0', not 'v2: 0' => 'v1: 1'
c1 rule: 'v6: 0', 'v13: 0', 'v15: 0', not 'v2: 0' => 'v1: 1'
c1 rule: 'v4: 0', 'v13: 0', not 'v5: 0', not 'v12: 0' => 'v1: 1'
c1 rule: 'v16: 0', not 'v2: 0', not 'v8: 0', not 'v12: 0' => 'v1: 1'
c1 rule: 'v2: 0', 'v6: 0', not 'v11: 0', not 'v14: 0' => 'v1: 1'
c1 rule: 'v6: 0', 'v10: 0', not 'v13: 0', not 'v15: 0' => 'v1: 1'
c1 rule: 'v12: 0', not 'v11: 0', not 'v13: 0', not 'v14: 0', not 'v15: 0' => 'v1: 1'
c1 rule: 'v9: 0', not 'v16: 0', not 'v2: 0', not 'v3: 0', not 'v4: 0' => 'v1: 1'
c1 rule: 'v16: 0', 'v5: 0', 'v11: 0', 'v13: 0', not 'v2: 0' => 'v1: 1'
c1 rule: 'v16: 0', 'v13: 0', not 'v2: 0', not 'v9: 0', not 'v15: 0' => 'v1: 1'
c1 rule: 'v11: 0', not 'v2: 0', not 'v6: 0', not 'v9: 0', not 'v15: 0' => 'v1: 1'
c1 rule: 'v11: 0', 'v15: 0', not 'v2: 0', not 'v7: 0', not 'v10: 0' => 'v1: 1'
c1 rule: 'v16: 0', 'v11: 0', not 'v3: 0', not 'v9: 0', not 'v10: 0' => 'v1: 1'
c1 rule: 'v16: 0', 'v12: 0', not 'v2: 0', not 'v10: 0', not 'v15: 0' => 'v1: 1'
c1 rule: 'v11: 0', not 'v2: 0', not 'v9: 0', not 'v13: 0', not 'v15: 0' => 'v1: 1'
c1 rule: 'v5: 0', 'v10: 0', 'v11: 0', not 'v2: 0', not 'v15: 0' => 'v1: 1'
c1 rule: 'v6: 0', 'v10: 0', 'v14: 0', not 'v16: 0', not 'v2: 0' => 'v1: 1'
c1 rule: 'v3: 0', not 'v6: 0', not 'v9: 0', not 'v14: 0', not 'v15: 0' => 'v1: 1'
c1 rule: 'v2: 0', 'v3: 0', 'v6: 0', 'v13: 0', not 'v8: 0' => 'v1: 1'
c1 rule: 'v4: 0', 'v6: 0', not 'v3: 0', not 'v10: 0', not 'v14: 0', not 'v15: 0' => 'v1: 1'
c1 rule: 'v12: 0', 'v13: 0', not 'v6: 0', not 'v10: 0', not 'v11: 0', not 'v14: 0' => 'v1: 1'
c1 rule: 'v7: 0', 'v10: 0', not 'v2: 0', not 'v11: 0', not 'v12: 0', not 'v13: 0' => 'v1: 1'
c1 # of rules: 42
c1 rule time: 0.0932

c2 total rules: 81

c0 computing feature 3
c1 computing class: 0
c1 discrimination constraints: 121h
c1 coverage constraints: 128v+2049h
c1 formula: 162v, 2221c (2187h+34s)
c1 enumerating rules (maxsat-based)
c1 rule: 'v6: 0', not 'v12: 0' => 'v2: 0'
c1 rule: 'v6: 0', 'v13: 0', not 'v5: 0' => 'v2: 0'
c1 rule: 'v4: 0', 'v6: 0', not 'v1: 0', not 'v14: 0' => 'v2: 0'
c1 rule: 'v9: 0', 'v11: 0', not 'v8: 0', not 'v12: 0' => 'v2: 0'
c1 rule: 'v4: 0', 'v11: 0', not 'v7: 0', not 'v12: 0' => 'v2: 0'
c1 rule: 'v4: 0', 'v11: 0', not 'v7: 0', not 'v14: 0' => 'v2: 0'
c1 rule: 'v8: 0', not 'v1: 0', not 'v7: 0', not 'v10: 0' => 'v2: 0'
c1 rule: 'v3: 0', not 'v6: 0', not 'v7: 0', not 'v10: 0' => 'v2: 0'
c1 rule: 'v3: 0', 'v5: 0', not 'v11: 0', not 'v12: 0' => 'v2: 0'
c1 rule: 'v5: 0', 'v7: 0', 'v13: 0', not 'v10: 0' => 'v2: 0'
c1 rule: 'v3: 0', 'v4: 0', 'v15: 0', not 'v12: 0' => 'v2: 0'
c1 rule: 'v11: 0', not 'v4: 0', not 'v13: 0', not 'v15: 0' => 'v2: 0'
c1 rule: 'v4: 0', 'v11: 0', 'v15: 0', not 'v1: 0', not 'v13: 0' => 'v2: 0'
c1 rule: 'v6: 0', 'v11: 0', 'v15: 0', not 'v9: 0', not 'v10: 0' => 'v2: 0'
c1 rule: 'v13: 0', not 'v6: 0', not 'v9: 0', not 'v10: 0', not 'v15: 0' => 'v2: 0'
c1 rule: 'v5: 0', 'v6: 0', not 'v11: 0', not 'v13: 0', not 'v15: 0' => 'v2: 0'
c1 rule: 'v13: 0', 'v15: 0', not 'v16: 0', not 'v6: 0', not 'v7: 0', not 'v11: 0' => 'v2: 0'
c1 rule: 'v1: 0', 'v5: 0', 'v15: 0', not 'v16: 0', not 'v10: 0', not 'v11: 0' => 'v2: 0'
c1 rule: 'v13: 0', 'v14: 0', not 'v6: 0', not 'v8: 0', not 'v9: 0', not 'v11: 0', not 'v15: 0' => 'v2: 0'
c1 # of rules: 19
c1 rule time: 0.0496

c1 computing class: 1
c1 discrimination constraints: 128h
c1 coverage constraints: 121v+1937h
c1 formula: 155v, 2116c (2082h+34s)
c1 enumerating rules (maxsat-based)
c1 rule: 'v14: 0', not 'v4: 0' => 'v2: 1'
c1 rule: 'v12: 0', not 'v4: 0', not 'v11: 0' => 'v2: 1'
c1 rule: 'v7: 0', not 'v9: 0', not 'v11: 0' => 'v2: 1'
c1 rule: 'v3: 0', not 'v9: 0', not 'v11: 0' => 'v2: 1'
c1 rule: not 'v5: 0', not 'v9: 0', not 'v11: 0' => 'v2: 1'
c1 rule: 'v6: 0', 'v7: 0', not 'v11: 0' => 'v2: 1'
c1 rule: 'v6: 0', 'v10: 0', 'v15: 0', not 'v11: 0' => 'v2: 1'
c1 rule: 'v6: 0', 'v14: 0', 'v15: 0', not 'v11: 0' => 'v2: 1'
c1 rule: 'v10: 0', 'v12: 0', 'v15: 0', not 'v13: 0' => 'v2: 1'
c1 rule: 'v4: 0', not 'v16: 0', not 'v5: 0', not 'v8: 0' => 'v2: 1'
c1 rule: 'v1: 0', 'v3: 0', not 'v7: 0', not 'v11: 0' => 'v2: 1'
c1 rule: 'v1: 0', 'v3: 0', 'v12: 0', not 'v11: 0' => 'v2: 1'
c1 rule: 'v4: 0', 'v7: 0', not 'v13: 0', not 'v15: 0' => 'v2: 1'
c1 rule: 'v14: 0', not 'v6: 0', not 'v11: 0', not 'v13: 0' => 'v2: 1'
c1 rule: 'v10: 0', not 'v3: 0', not 'v5: 0', not 'v12: 0' => 'v2: 1'
c1 rule: 'v8: 0', not 'v5: 0', not 'v9: 0', not 'v12: 0' => 'v2: 1'
c1 rule: 'v16: 0', not 'v4: 0', not 'v7: 0', not 'v13: 0' => 'v2: 1'
c1 rule: 'v6: 0', 'v9: 0', 'v15: 0', not 'v16: 0', not 'v1: 0' => 'v2: 1'
c1 rule: 'v4: 0', 'v9: 0', 'v11: 0', not 'v1: 0', not 'v10: 0' => 'v2: 1'
c1 rule: 'v9: 0', 'v14: 0', not 'v16: 0', not 'v7: 0', not 'v10: 0' => 'v2: 1'
c1 rule: 'v8: 0', 'v10: 0', 'v11: 0', not 'v1: 0', not 'v7: 0' => 'v2: 1'
c1 rule: 'v9: 0', 'v10: 0', not 'v16: 0', not 'v4: 0', not 'v7: 0' => 'v2: 1'
c1 rule: 'v5: 0', not 'v1: 0', not 'v9: 0', not 'v13: 0', not 'v14: 0' => 'v2: 1'
c1 rule: 'v11: 0', 'v12: 0', 'v13: 0', 'v14: 0', 'v15: 0', not 'v6: 0' => 'v2: 1'
c1 # of rules: 24
c1 rule time: 0.0551

c2 total rules: 43

c0 computing feature 4
c1 computing class: 0
c1 discrimination constraints: 151h
c1 coverage constraints: 98v+1569h
c1 formula: 132v, 1771c (1737h+34s)
c1 enumerating rules (maxsat-based)
c1 rule: 'v14: 0', 'v15: 0', not 'v4: 0' => 'v3: 0'
c1 rule: 'v5: 0', 'v8: 0', not 'v12: 0' => 'v3: 0'
c1 rule: 'v6: 0', 'v8: 0', 'v13: 0' => 'v3: 0'
c1 rule: 'v5: 0', 'v10: 0', not 'v4: 0' => 'v3: 0'
c1 rule: 'v8: 0', 'v13: 0', not 'v10: 0', not 'v12: 0' => 'v3: 0'
c1 rule: 'v16: 0', 'v8: 0', not 'v1: 0', not 'v12: 0' => 'v3: 0'
c1 rule: 'v8: 0', not 'v1: 0', not 'v2: 0', not 'v7: 0' => 'v3: 0'
c1 rule: 'v7: 0', 'v12: 0', not 'v1: 0', not 'v4: 0' => 'v3: 0'
c1 rule: 'v8: 0', 'v11: 0', not 'v1: 0', not 'v12: 0' => 'v3: 0'
c1 rule: 'v4: 0', 'v8: 0', 'v11: 0', not 'v12: 0' => 'v3: 0'
c1 rule: 'v10: 0', 'v12: 0', not 'v4: 0', not 'v11: 0' => 'v3: 0'
c1 rule: 'v11: 0', not 'v2: 0', not 'v10: 0', not 'v12: 0' => 'v3: 0'
c1 rule: 'v8: 0', 'v11: 0', not 'v7: 0', not 'v12: 0' => 'v3: 0'
c1 rule: 'v16: 0', 'v11: 0', not 'v4: 0', not 'v10: 0' => 'v3: 0'
c1 rule: 'v16: 0', 'v6: 0', 'v7: 0', not 'v2: 0' => 'v3: 0'
c1 rule: 'v16: 0', 'v15: 0', not 'v4: 0', not 'v10: 0', not 'v12: 0' => 'v3: 0'
c1 rule: 'v9: 0', 'v11: 0', 'v15: 0', not 'v10: 0', not 'v12: 0' => 'v3: 0'
c1 rule: 'v11: 0', 'v15: 0', not 'v5: 0', not 'v10: 0', not 'v12: 0' => 'v3: 0'
c1 rule: 'v10: 0', 'v11: 0', 'v13: 0', not 'v2: 0', not 'v14: 0' => 'v3: 0'
c1 rule: 'v8: 0', 'v10: 0', 'v11: 0', 'v12: 0', 'v15: 0' => 'v3: 0'
c1 rule: 'v8: 0', 'v10: 0', 'v11: 0', 'v13: 0', not 'v16: 0' => 'v3: 0'
c1 rule: 'v8: 0', 'v11: 0', 'v13: 0', not 'v16: 0', not 'v7: 0' => 'v3: 0'
c1 rule: 'v4: 0', 'v8: 0', 'v13: 0', 'v15: 0', not 'v10: 0' => 'v3: 0'
c1 rule: 'v16: 0', 'v1: 0', 'v4: 0', 'v12: 0', not 'v5: 0', not 'v14: 0' => 'v3: 0'
c1 # of rules: 24
c1 rule time: 0.0475

c1 computing class: 1
c1 discrimination constraints: 98h
c1 coverage constraints: 151v+2417h
c1 formula: 185v, 2566c (2532h+34s)
c1 enumerating rules (maxsat-based)
c1 rule: 'v11: 0', not 'v2: 0', not 'v8: 0' => 'v3: 1'
c1 rule: 'v6: 0', not 'v11: 0', not 'v13: 0' => 'v3: 1'
c1 rule: 'v14: 0', 'v15: 0', not 'v7: 0' => 'v3: 1'
c1 rule: not 'v9: 0', not 'v11: 0', not 'v12: 0' => 'v3: 1'
c1 rule: 'v4: 0', not 'v5: 0', not 'v9: 0' => 'v3: 1'
c1 rule: 'v12: 0', not 'v5: 0', not 'v8: 0' => 'v3: 1'
c1 rule: 'v4: 0', 'v11: 0', 'v12: 0', not 'v2: 0' => 'v3: 1'
c1 rule: not 'v2: 0', not 'v4: 0', not 'v7: 0', not 'v10: 0' => 'v3: 1'
c1 rule: 'v16: 0', 'v13: 0', not 'v4: 0', not 'v11: 0' => 'v3: 1'
c1 rule: 'v12: 0', not 'v5: 0', not 'v7: 0', not 'v13: 0' => 'v3: 1'
c1 rule: 'v16: 0', 'v6: 0', not 'v7: 0', not 'v9: 0' => 'v3: 1'
c1 rule: not 'v2: 0', not 'v10: 0', not 'v12: 0', not 'v15: 0' => 'v3: 1'
c1 rule: 'v4: 0', not 'v1: 0', not 'v10: 0', not 'v13: 0' => 'v3: 1'
c1 rule: 'v2: 0', 'v10: 0', 'v12: 0', not 'v11: 0' => 'v3: 1'
c1 rule: 'v4: 0', 'v6: 0', not 'v1: 0', not 'v14: 0' => 'v3: 1'
c1 rule: 'v12: 0', not 'v4: 0', not 'v10: 0', not 'v11: 0', not 'v14: 0' => 'v3: 1'
c1 # of rules: 16
c1 rule time: 0.0385

c2 total rules: 40

c0 computing feature 5
c1 computing class: 0
c1 discrimination constraints: 93h
c1 coverage constraints: 156v+2497h
c1 formula: 190v, 2641c (2607h+34s)
c1 enumerating rules (maxsat-based)
c1 rule: 'v6: 0', not 'v12: 0', not 'v15: 0' => 'v4: 0'
c1 rule: 'v5: 0', not 'v3: 0', not 'v6: 0' => 'v4: 0'
c1 rule: 'v5: 0', 'v11: 0', 'v15: 0', not 'v3: 0' => 'v4: 0'
c1 rule: 'v2: 0', 'v7: 0', not 'v3: 0', not 'v11: 0' => 'v4: 0'
c1 rule: 'v2: 0', 'v10: 0', 'v13: 0', not 'v11: 0' => 'v4: 0'
c1 # of rules: 5
c1 rule time: 0.0207

c1 computing class: 1
c1 discrimination constraints: 156h
c1 coverage constraints: 93v+1489h
c1 formula: 127v, 1696c (1662h+34s)
c1 enumerating rules (maxsat-based)
c1 rule: 'v3: 0', not 'v5: 0', not 'v8: 0' => 'v4: 1'
c1 rule: 'v3: 0', 'v6: 0', not 'v5: 0' => 'v4: 1'
c1 rule: 'v8: 0', not 'v9: 0', not 'v12: 0' => 'v4: 1'
c1 rule: not 'v5: 0', not 'v9: 0', not 'v12: 0' => 'v4: 1'
c1 rule: not 'v5: 0', not 'v7: 0', not 'v10: 0', not 'v12: 0' => 'v4: 1'
c1 rule: not 'v1: 0', not 'v3: 0', not 'v5: 0', not 'v12: 0' => 'v4: 1'
c1 rule: 'v7: 0', 'v11: 0', 'v15: 0', not 'v5: 0', not 'v12: 0' => 'v4: 1'
c1 rule: 'v7: 0', 'v10: 0', 'v15: 0', not 'v5: 0', not 'v13: 0' => 'v4: 1'
c1 # of rules: 8
c1 rule time: 0.0175

c2 total rules: 13

c0 computing feature 6
c1 computing class: 0
c1 discrimination constraints: 120h
c1 coverage constraints: 129v+2065h
c1 formula: 163v, 2236c (2202h+34s)
c1 enumerating rules (maxsat-based)
c1 rule: 'v13: 0', not 'v9: 0', not 'v15: 0' => 'v5: 0'
c1 rule: 'v10: 0', 'v13: 0', not 'v9: 0' => 'v5: 0'
c1 rule: 'v14: 0', not 'v9: 0', not 'v15: 0' => 'v5: 0'
c1 rule: not 'v9: 0', not 'v11: 0', not 'v15: 0' => 'v5: 0'
c1 rule: 'v7: 0', 'v11: 0', not 'v8: 0', not 'v9: 0' => 'v5: 0'
c1 # of rules: 5
c1 rule time: 0.0202

c1 computing class: 1
c1 discrimination constraints: 129h
c1 coverage constraints: 120v+1921h
c1 formula: 154v, 2101c (2067h+34s)
c1 enumerating rules (maxsat-based)
c1 rule: 'v7: 0', not 'v4: 0', not 'v11: 0' => 'v5: 1'
c1 rule: 'v7: 0', 'v12: 0', not 'v4: 0' => 'v5: 1'
c1 rule: 'v7: 0', 'v10: 0', not 'v4: 0' => 'v5: 1'
c1 rule: not 'v4: 0', not 'v8: 0', not 'v12: 0' => 'v5: 1'
c1 rule: 'v8: 0', 'v14: 0', not 'v12: 0' => 'v5: 1'
c1 rule: 'v7: 0', 'v9: 0', not 'v8: 0', not 'v13: 0' => 'v5: 1'
c1 rule: 'v9: 0', 'v10: 0', not 'v13: 0', not 'v15: 0' => 'v5: 1'
c1 # of rules: 7
c1 rule time: 0.0210

c2 total rules: 12

c0 computing feature 7
c1 computing class: 0
c1 discrimination constraints: 169h
c1 coverage constraints: 80v+1281h
c1 formula: 114v, 1501c (1467h+34s)
c1 enumerating rules (maxsat-based)
c1 rule: 'v13: 0', not 'v4: 0', not 'v9: 0' => 'v6: 0'
c1 rule: 'v12: 0', not 'v16: 0', not 'v4: 0', not 'v9: 0' => 'v6: 0'
c1 rule: not 'v1: 0', not 'v5: 0', not 'v9: 0', not 'v12: 0' => 'v6: 0'
c1 rule: 'v7: 0', 'v13: 0', not 'v9: 0', not 'v15: 0' => 'v6: 0'
c1 rule: 'v5: 0', 'v11: 0', not 'v13: 0', not 'v15: 0' => 'v6: 0'
c1 rule: 'v5: 0', not 'v1: 0', not 'v12: 0', not 'v15: 0' => 'v6: 0'
c1 rule: 'v9: 0', 'v14: 0', 'v15: 0', not 'v2: 0', not 'v7: 0' => 'v6: 0'
c1 rule: 'v1: 0', 'v2: 0', 'v10: 0', 'v13: 0', not 'v4: 0' => 'v6: 0'
c1 rule: 'v5: 0', 'v9: 0', 'v10: 0', not 'v1: 0', not 'v15: 0' => 'v6: 0'
c1 rule: 'v5: 0', 'v9: 0', 'v10: 0', 'v12: 0', not 'v15: 0' => 'v6: 0'
c1 rule: 'v5: 0', 'v10: 0', 'v11: 0', not 'v8: 0', not 'v14: 0' => 'v6: 0'
c1 rule: 'v13: 0', 'v15: 0', not 'v9: 0', not 'v11: 0', not 'v14: 0' => 'v6: 0'
c1 rule: 'v12: 0', 'v14: 0', not 'v7: 0', not 'v10: 0', not 'v11: 0', not 'v13: 0' => 'v6: 0'
c1 # of rules: 13
c1 rule time: 0.0313

c1 computing class: 1
c1 discrimination constraints: 80h
c1 coverage constraints: 169v+2705h
c1 formula: 203v, 2836c (2802h+34s)
c1 enumerating rules (maxsat-based)
c1 rule: 'v7: 0', 'v15: 0', not 'v8: 0' => 'v6: 1'
c1 rule: 'v8: 0', not 'v7: 0', not 'v12: 0' => 'v6: 1'
c1 rule: 'v2: 0', 'v14: 0', 'v15: 0', not 'v13: 0' => 'v6: 1'
c1 rule: 'v4: 0', 'v10: 0', not 'v7: 0', not 'v11: 0', not 'v14: 0' => 'v6: 1'
c1 # of rules: 4
c1 rule time: 0.0286

c2 total rules: 17

c0 computing feature 8
c1 computing class: 0
c1 discrimination constraints: 147h
c1 coverage constraints: 102v+1633h
c1 formula: 136v, 1831c (1797h+34s)
c1 enumerating rules (maxsat-based)
c1 rule: 'v8: 0', 'v13: 0', 'v15: 0', not 'v12: 0' => 'v7: 0'
c1 rule: 'v11: 0', not 'v2: 0', not 'v14: 0', not 'v15: 0' => 'v7: 0'
c1 rule: 'v1: 0', 'v10: 0', 'v15: 0', not 'v9: 0', not 'v11: 0' => 'v7: 0'
c1 rule: 'v9: 0', not 'v1: 0', not 'v2: 0', not 'v11: 0', not 'v13: 0' => 'v7: 0'
c1 rule: 'v10: 0', not 'v1: 0', not 'v2: 0', not 'v13: 0', not 'v15: 0' => 'v7: 0'
c1 rule: 'v1: 0', 'v4: 0', 'v5: 0', 'v14: 0', not 'v11: 0', not 'v13: 0' => 'v7: 0'
c1 # of rules: 6
c1 rule time: 0.0221

c1 computing class: 1
c1 discrimination constraints: 102h
c1 coverage constraints: 147v+2353h
c1 formula: 181v, 2506c (2472h+34s)
c1 enumerating rules (maxsat-based)
c1 rule: 'v3: 0', not 'v8: 0', not 'v10: 0' => 'v7: 1'
c1 rule: 'v13: 0', not 'v4: 0', not 'v8: 0' => 'v7: 1'
c1 rule: 'v14: 0', not 'v4: 0', not 'v15: 0' => 'v7: 1'
c1 rule: 'v1: 0', 'v6: 0', 'v14: 0', not 'v3: 0' => 'v7: 1'
c1 rule: 'v2: 0', 'v12: 0', not 'v11: 0', not 'v14: 0' => 'v7: 1'
c1 rule: 'v2: 0', 'v5: 0', 'v11: 0', not 'v16: 0' => 'v7: 1'
c1 rule: 'v6: 0', 'v14: 0', not 'v16: 0', not 'v9: 0' => 'v7: 1'
c1 # of rules: 7
c1 rule time: 0.0277

c2 total rules: 13

c0 computing feature 9
c1 computing class: 0
c1 discrimination constraints: 145h
c1 coverage constraints: 104v+1665h
c1 formula: 138v, 1861c (1827h+34s)
c1 enumerating rules (maxsat-based)
c1 rule: 'v2: 0', 'v3: 0', not 'v11: 0' => 'v8: 0'
c1 rule: 'v7: 0', not 'v4: 0', not 'v15: 0' => 'v8: 0'
c1 rule: 'v6: 0', not 'v5: 0', not 'v15: 0' => 'v8: 0'
c1 rule: 'v7: 0', 'v11: 0', not 'v2: 0', not 'v15: 0' => 'v8: 0'
c1 # of rules: 4
c1 rule time: 0.0156

c1 computing class: 1
c1 discrimination constraints: 104h
c1 coverage constraints: 145v+2321h
c1 formula: 179v, 2476c (2442h+34s)
c1 enumerating rules (maxsat-based)
c1 rule: 'v5: 0', 'v9: 0', not 'v15: 0' => 'v8: 1'
c1 rule: 'v5: 0', 'v7: 0', not 'v15: 0' => 'v8: 1'
c1 rule: 'v5: 0', 'v9: 0', not 'v7: 0' => 'v8: 1'
c1 rule: 'v5: 0', not 'v14: 0', not 'v15: 0' => 'v8: 1'
c1 rule: not 'v3: 0', not 'v9: 0', not 'v12: 0' => 'v8: 1'
c1 rule: 'v5: 0', 'v11: 0', not 'v15: 0' => 'v8: 1'
c1 rule: not 'v16: 0', not 'v4: 0', not 'v11: 0', not 'v15: 0' => 'v8: 1'
c1 rule: 'v2: 0', not 'v9: 0', not 'v11: 0', not 'v13: 0' => 'v8: 1'
c1 rule: 'v2: 0', 'v5: 0', 'v10: 0', not 'v3: 0' => 'v8: 1'
c1 rule: 'v10: 0', 'v14: 0', not 'v7: 0', not 'v13: 0' => 'v8: 1'
c1 rule: not 'v1: 0', not 'v10: 0', not 'v11: 0', not 'v15: 0' => 'v8: 1'
c1 rule: 'v14: 0', not 'v1: 0', not 'v3: 0', not 'v13: 0' => 'v8: 1'
c1 # of rules: 12
c1 rule time: 0.0265

c2 total rules: 16

c0 computing feature 10
c1 computing class: 0
c1 discrimination constraints: 112h
c1 coverage constraints: 137v+2193h
c1 formula: 171v, 2356c (2322h+34s)
c1 enumerating rules (maxsat-based)
c1 rule: 'v5: 0', 'v8: 0', not 'v1: 0' => 'v9: 0'
c1 rule: 'v3: 0', 'v11: 0', not 'v2: 0', not 'v7: 0' => 'v9: 0'
c1 rule: 'v4: 0', 'v10: 0', not 'v1: 0', not 'v12: 0' => 'v9: 0'
c1 rule: 'v4: 0', 'v8: 0', not 'v1: 0', not 'v11: 0' => 'v9: 0'
c1 rule: 'v16: 0', 'v1: 0', not 'v2: 0', not 'v14: 0' => 'v9: 0'
c1 # of rules: 5
c1 rule time: 0.0267

c1 computing class: 1
c1 discrimination constraints: 137h
c1 coverage constraints: 112v+1793h
c1 formula: 146v, 1981c (1947h+34s)
c1 enumerating rules (maxsat-based)
c1 rule: 'v6: 0', not 'v3: 0', not 'v14: 0' => 'v9: 1'
c1 rule: 'v5: 0', 'v10: 0', 'v11: 0', not 'v2: 0' => 'v9: 1'
c1 rule: 'v5: 0', 'v10: 0', 'v11: 0', not 'v15: 0' => 'v9: 1'
c1 rule: 'v1: 0', 'v6: 0', 'v12: 0', not 'v4: 0' => 'v9: 1'
c1 rule: 'v12: 0', not 'v4: 0', not 'v13: 0', not 'v15: 0' => 'v9: 1'
c1 rule: not 'v3: 0', not 'v8: 0', not 'v10: 0', not 'v12: 0', not 'v13: 0' => 'v9: 1'
c1 rule: 'v8: 0', not 'v2: 0', not 'v6: 0', not 'v7: 0', not 'v10: 0' => 'v9: 1'
c1 rule: 'v16: 0', 'v5: 0', 'v14: 0', 'v15: 0', not 'v6: 0' => 'v9: 1'
c1 rule: 'v5: 0', 'v13: 0', not 'v16: 0', not 'v14: 0', not 'v15: 0' => 'v9: 1'
c1 # of rules: 9
c1 rule time: 0.0336

c2 total rules: 14

c0 computing feature 11
c1 computing class: 0
c1 discrimination constraints: 132h
c1 coverage constraints: 117v+1873h
c1 formula: 151v, 2056c (2022h+34s)
c1 enumerating rules (maxsat-based)
c1 rule: 'v16: 0', 'v2: 0', 'v8: 0', 'v13: 0' => 'v10: 0'
c1 rule: 'v5: 0', 'v8: 0', 'v15: 0', not 'v7: 0' => 'v10: 0'
c1 rule: 'v3: 0', 'v7: 0', 'v12: 0', 'v13: 0' => 'v10: 0'
c1 rule: 'v14: 0', not 'v5: 0', not 'v8: 0', not 'v13: 0' => 'v10: 0'
c1 # of rules: 4
c1 rule time: 0.0316

c1 computing class: 1
c1 discrimination constraints: 117h
c1 coverage constraints: 132v+2113h
c1 formula: 166v, 2281c (2247h+34s)
c1 enumerating rules (maxsat-based)
c1 rule: 'v6: 0', not 'v11: 0', not 'v13: 0' => 'v10: 1'
c1 rule: 'v4: 0', not 'v5: 0', not 'v9: 0' => 'v10: 1'
c1 rule: 'v5: 0', 'v9: 0', not 'v14: 0', not 'v15: 0' => 'v10: 1'
c1 rule: 'v4: 0', not 'v8: 0', not 'v13: 0', not 'v14: 0' => 'v10: 1'
c1 rule: 'v12: 0', not 'v8: 0', not 'v13: 0', not 'v14: 0' => 'v10: 1'
c1 rule: 'v6: 0', 'v15: 0', not 'v3: 0', not 'v14: 0' => 'v10: 1'
c1 rule: 'v11: 0', 'v13: 0', not 'v2: 0', not 'v12: 0', not 'v14: 0' => 'v10: 1'
c1 # of rules: 7
c1 rule time: 0.0364

c2 total rules: 11

c0 computing feature 12
c1 computing class: 0
c1 discrimination constraints: 111h
c1 coverage constraints: 138v+2209h
c1 formula: 172v, 2371c (2337h+34s)
c1 enumerating rules (maxsat-based)
c1 rule: 'v10: 0', 'v14: 0', not 'v4: 0', not 'v5: 0' => 'v11: 0'
c1 # of rules: 1
c1 rule time: 0.0251

c1 computing class: 1
c1 discrimination constraints: 138h
c1 coverage constraints: 111v+1777h
c1 formula: 145v, 1966c (1932h+34s)
c1 enumerating rules (maxsat-based)
c1 rule: 'v5: 0', 'v9: 0', not 'v8: 0', not 'v14: 0' => 'v11: 1'
c1 rule: 'v4: 0', 'v5: 0', 'v8: 0', not 'v6: 0' => 'v11: 1'
c1 rule: 'v4: 0', 'v14: 0', not 'v5: 0', not 'v13: 0' => 'v11: 1'
c1 rule: 'v5: 0', not 'v3: 0', not 'v7: 0', not 'v13: 0', not 'v14: 0' => 'v11: 1'
c1 # of rules: 4
c1 rule time: 0.0351

c2 total rules: 5

c0 computing feature 13
c1 computing class: 0
c1 discrimination constraints: 83h
c1 coverage constraints: 166v+2657h
c1 formula: 200v, 2791c (2757h+34s)
c1 enumerating rules (maxsat-based)
c1 rule: 'v1: 0', 'v6: 0', 'v14: 0' => 'v12: 0'
c1 rule: 'v14: 0', not 'v5: 0', not 'v7: 0' => 'v12: 0'
c1 rule: 'v4: 0', 'v6: 0', 'v10: 0' => 'v12: 0'
c1 rule: 'v5: 0', 'v11: 0', not 'v6: 0', not 'v15: 0' => 'v12: 0'
c1 rule: 'v5: 0', 'v13: 0', not 'v16: 0', not 'v14: 0' => 'v12: 0'
c1 rule: 'v5: 0', not 'v16: 0', not 'v3: 0', not 'v14: 0' => 'v12: 0'
c1 rule: 'v1: 0', 'v5: 0', not 'v3: 0', not 'v13: 0' => 'v12: 0'
c1 rule: 'v13: 0', not 'v16: 0', not 'v9: 0', not 'v15: 0' => 'v12: 0'
c1 rule: 'v2: 0', 'v14: 0', not 'v10: 0', not 'v13: 0' => 'v12: 0'
c1 # of rules: 9
c1 rule time: 0.0379

c1 computing class: 1
c1 discrimination constraints: 166h
c1 coverage constraints: 83v+1329h
c1 formula: 117v, 1546c (1512h+34s)
c1 enumerating rules (maxsat-based)
c1 rule: 'v3: 0', 'v13: 0', 'v14: 0', not 'v5: 0' => 'v12: 1'
c1 rule: 'v4: 0', 'v6: 0', not 'v13: 0', not 'v14: 0' => 'v12: 1'
c1 rule: 'v4: 0', 'v10: 0', 'v15: 0', not 'v5: 0', not 'v13: 0' => 'v12: 1'
c1 # of rules: 3
c1 rule time: 0.0173

c2 total rules: 12

c0 computing feature 14
c1 computing class: 0
c1 discrimination constraints: 119h
c1 coverage constraints: 130v+2081h
c1 formula: 164v, 2251c (2217h+34s)
c1 enumerating rules (maxsat-based)
c1 rule: 'v2: 0', 'v12: 0', not 'v5: 0', not 'v8: 0' => 'v13: 0'
c1 rule: 'v8: 0', 'v11: 0', not 'v7: 0', not 'v15: 0' => 'v13: 0'
c1 rule: 'v10: 0', 'v11: 0', 'v12: 0', not 'v6: 0', not 'v8: 0' => 'v13: 0'
c1 rule: 'v2: 0', 'v12: 0', not 'v16: 0', not 'v4: 0', not 'v6: 0' => 'v13: 0'
c1 # of rules: 4
c1 rule time: 0.0299

c1 computing class: 1
c1 discrimination constraints: 130h
c1 coverage constraints: 119v+1905h
c1 formula: 153v, 2086c (2052h+34s)
c1 enumerating rules (maxsat-based)
c1 rule: 'v3: 0', not 'v9: 0', not 'v12: 0' => 'v13: 1'
c1 rule: 'v16: 0', 'v3: 0', not 'v6: 0', not 'v15: 0' => 'v13: 1'
c1 rule: 'v10: 0', not 'v1: 0', not 'v2: 0', not 'v5: 0' => 'v13: 1'
c1 rule: 'v1: 0', 'v4: 0', not 'v5: 0', not 'v10: 0' => 'v13: 1'
c1 rule: 'v7: 0', not 'v5: 0', not 'v8: 0', not 'v14: 0' => 'v13: 1'
c1 # of rules: 5
c1 rule time: 0.0288

c2 total rules: 9

c0 computing feature 15
c1 computing class: 0
c1 discrimination constraints: 140h
c1 coverage constraints: 109v+1745h
c1 formula: 143v, 1936c (1902h+34s)
c1 enumerating rules (maxsat-based)
c1 # of rules: 0
c1 rule time: 0.0172

c1 computing class: 1
c1 discrimination constraints: 109h
c1 coverage constraints: 140v+2241h
c1 formula: 174v, 2401c (2367h+34s)
c1 enumerating rules (maxsat-based)
c1 rule: 'v3: 0', 'v4: 0', not 'v5: 0' => 'v14: 1'
c1 rule: 'v7: 0', 'v11: 0', not 'v8: 0', not 'v10: 0' => 'v14: 1'
c1 # of rules: 2
c1 rule time: 0.0247

c2 total rules: 2

c0 computing feature 16
c1 computing class: 0
c1 discrimination constraints: 104h
c1 coverage constraints: 145v+2321h
c1 formula: 179v, 2476c (2442h+34s)
c1 enumerating rules (maxsat-based)
c1 rule: 'v6: 0', not 'v4: 0', not 'v13: 0' => 'v15: 0'
c1 rule: 'v4: 0', not 'v5: 0', not 'v7: 0', not 'v12: 0' => 'v15: 0'
c1 rule: 'v13: 0', not 'v2: 0', not 'v12: 0', not 'v14: 0' => 'v15: 0'
c1 rule: 'v1: 0', 'v13: 0', not 'v5: 0', not 'v8: 0' => 'v15: 0'
c1 rule: 'v2: 0', 'v3: 0', 'v9: 0', not 'v8: 0' => 'v15: 0'
c1 rule: 'v7: 0', 'v12: 0', not 'v4: 0', not 'v10: 0' => 'v15: 0'
c1 # of rules: 6
c1 rule time: 0.0412

c1 computing class: 1
c1 discrimination constraints: 145h
c1 coverage constraints: 104v+1665h
c1 formula: 138v, 1861c (1827h+34s)
c1 enumerating rules (maxsat-based)
c1 rule: 'v8: 0', 'v13: 0', 'v14: 0', not 'v11: 0' => 'v15: 1'
c1 rule: 'v16: 0', 'v2: 0', not 'v8: 0', not 'v11: 0', not 'v14: 0' => 'v15: 1'
c1 rule: 'v1: 0', 'v3: 0', 'v4: 0', 'v13: 0', not 'v16: 0' => 'v15: 1'
c1 rule: 'v1: 0', 'v8: 0', 'v9: 0', 'v12: 0', not 'v7: 0' => 'v15: 1'
c1 # of rules: 4
c1 rule time: 0.0275

c2 total rules: 10
c3 total time: 1.6137

Rules are saved to ../rules/all/q6_house-votes-84_train1.csv.json