c0 # of samps: 4938 (287 weighted)
c0 # of feats: 11 (14 binary)
c0 # of labls: 2
c0 parse time: 0.3107


c0 computing feature 1
c1 computing class: (-inf..8.75]
c1 discrimination constraints: 74h
c1 coverage constraints: 105v+1156h
c1 formula: 133v, 1272c (1244h+28s)
c1 enumerating rules (maxsat-based)
c1 rule: not 'Asian: 0' => 'Number_of_Priors: (-inf..8.75]'
c1 rule: 'Age_Above_FourtyFive: 0', not 'Native_American: 0' => 'Number_of_Priors: (-inf..8.75]'
c1 rule: 'score_factor: 0', not 'Age_Below_TwentyFive: 0' => 'Number_of_Priors: (-inf..8.75]'
c1 rule: not 'Other: 0', not 'Female: 0' => 'Number_of_Priors: (-inf..8.75]'
c1 rule: not 'Other: 0', not 'Misdemeanor: 0' => 'Number_of_Priors: (-inf..8.75]'
c1 rule: not 'Age_Below_TwentyFive: 0', not 'Hispanic: 0' => 'Number_of_Priors: (-inf..8.75]'
c1 rule: not 'Hispanic: 0', not 'Female: 0', not 'Misdemeanor: 0' => 'Number_of_Priors: (-inf..8.75]'
c1 rule: not 'Age_Above_FourtyFive: 0', not 'Hispanic: 0', not 'Female: 0' => 'Number_of_Priors: (-inf..8.75]'
c1 rule: 'Misdemeanor: 0', not 'Age_Below_TwentyFive: 0', not 'Female: 0' => 'Number_of_Priors: (-inf..8.75]'
c1 rule: 'score_factor: 0', 'Age_Above_FourtyFive: 0', not 'African_American: 0', not 'Female: 0' => 'Number_of_Priors: (-inf..8.75]'
c1 rule: 'score_factor: 0', not 'African_American: 0', not 'Female: 0', not 'Misdemeanor: 0' => 'Number_of_Priors: (-inf..8.75]'
c1 rule: 'score_factor: 0', not 'Age_Above_FourtyFive: 0', not 'Female: 0', not 'Misdemeanor: 0' => 'Number_of_Priors: (-inf..8.75]'
c1 rule: 'score_factor: 0', 'Age_Above_FourtyFive: 0', not 'Hispanic: 0', not 'Misdemeanor: 0' => 'Number_of_Priors: (-inf..8.75]'
c1 # of rules: 13
c1 rule time: 0.0110

c1 computing class: (17.5..26.25]
c1 discrimination constraints: 158h
c1 coverage constraints: 21v+232h
c1 formula: 49v, 432c (404h+28s)
c1 enumerating rules (maxsat-based)
c1 rule: 'Female: 0', not 'Age_Above_FourtyFive: 0', not 'Native_American: 0' => 'Number_of_Priors: (17.5..26.25]'
c1 # of rules: 1
c1 rule time: 0.0023

c1 computing class: (26.25..+inf)
c1 discrimination constraints: 172h
c1 coverage constraints: 7v+78h
c1 formula: 35v, 292c (264h+28s)
c1 enumerating rules (maxsat-based)
c1 # of rules: 0
c1 rule time: 0.0013

c1 computing class: (8.75..17.5]
c1 discrimination constraints: 133h
c1 coverage constraints: 46v+507h
c1 formula: 74v, 682c (654h+28s)
c1 enumerating rules (maxsat-based)
c1 rule: not 'Age_Above_FourtyFive: 0', not 'Native_American: 0', not 'Female: 0' => 'Number_of_Priors: (8.75..17.5]'
c1 # of rules: 1
c1 rule time: 0.0026

c2 total rules: 15

c0 computing feature 2
c1 computing class: 0
c1 discrimination constraints: 101h
c1 coverage constraints: 78v+1093h
c1 formula: 108v, 1239c (1209h+30s)
c1 enumerating rules (maxsat-based)
c1 rule: not 'Asian: 0', not 'Misdemeanor: 0' => 'score_factor: 0'
c1 rule: not 'Asian: 0', not 'Female: 0' => 'score_factor: 0'
c1 rule: not 'Age_Above_FourtyFive: 0', not 'Hispanic: 0', not 'Female: 0' => 'score_factor: 0'
c1 rule: not 'Age_Above_FourtyFive: 0', not 'Other: 0', not 'Female: 0' => 'score_factor: 0'
c1 rule: 'Number_of_Priors: (17.5..26.25]', not 'Age_Above_FourtyFive: 0', not 'Hispanic: 0' => 'score_factor: 0'
c1 rule: not 'Age_Above_FourtyFive: 0', not 'Other: 0', not 'Misdemeanor: 0' => 'score_factor: 0'
c1 rule: 'Number_of_Priors: (17.5..26.25]', not 'Age_Above_FourtyFive: 0', not 'Other: 0' => 'score_factor: 0'
c1 rule: 'Number_of_Priors: (17.5..26.25]', 'African_American: 0', not 'Age_Above_FourtyFive: 0', not 'Misdemeanor: 0' => 'score_factor: 0'
c1 rule: 'Number_of_Priors: (8.75..17.5]', 'Age_Below_TwentyFive: 0', 'African_American: 0', not 'Female: 0', not 'Misdemeanor: 0' => 'score_factor: 0'
c1 rule: 'Number_of_Priors: (-inf..8.75]', 'Age_Below_TwentyFive: 0', 'Misdemeanor: 0', not 'Hispanic: 0', not 'Female: 0' => 'score_factor: 0'
c1 # of rules: 10
c1 rule time: 0.0116

c1 computing class: 1
c1 discrimination constraints: 78h
c1 coverage constraints: 101v+1415h
c1 formula: 131v, 1538c (1508h+30s)
c1 enumerating rules (maxsat-based)
c1 rule: 'Number_of_Priors: (26.25..+inf)' => 'score_factor: 1'
c1 rule: 'Number_of_Priors: (17.5..26.25]', not 'Female: 0' => 'score_factor: 1'
c1 rule: 'Number_of_Priors: (17.5..26.25]', not 'Native_American: 0' => 'score_factor: 1'
c1 rule: not 'Number_of_Priors: (-inf..8.75]', not 'Native_American: 0' => 'score_factor: 1'
c1 rule: not 'Native_American: 0', not 'Female: 0' => 'score_factor: 1'
c1 rule: not 'Native_American: 0', not 'Misdemeanor: 0' => 'score_factor: 1'
c1 rule: not 'Age_Below_TwentyFive: 0', not 'Native_American: 0' => 'score_factor: 1'
c1 rule: 'Number_of_Priors: (17.5..26.25]', 'Age_Above_FourtyFive: 0', not 'Misdemeanor: 0' => 'score_factor: 1'
c1 rule: 'Number_of_Priors: (17.5..26.25]', 'Age_Above_FourtyFive: 0', 'African_American: 0' => 'score_factor: 1'
c1 rule: 'Number_of_Priors: (8.75..17.5]', not 'Age_Above_FourtyFive: 0', not 'Other: 0' => 'score_factor: 1'
c1 rule: not 'Age_Below_TwentyFive: 0', not 'Other: 0', not 'Female: 0', not 'Misdemeanor: 0' => 'score_factor: 1'
c1 rule: 'Number_of_Priors: (17.5..26.25]', 'African_American: 0', 'Hispanic: 0', 'Other: 0', 'Misdemeanor: 0' => 'score_factor: 1'
c1 # of rules: 12
c1 rule time: 0.0108

c2 total rules: 22

c0 computing feature 3
c1 computing class: 0
c1 discrimination constraints: 65h
c1 coverage constraints: 114v+1597h
c1 formula: 144v, 1707c (1677h+30s)
c1 enumerating rules (maxsat-based)
c1 rule: not 'Age_Below_TwentyFive: 0' => 'Age_Above_FourtyFive: 0'
c1 rule: not 'Asian: 0', not 'Female: 0' => 'Age_Above_FourtyFive: 0'
c1 rule: 'Number_of_Priors: (26.25..+inf)', not 'African_American: 0', not 'Misdemeanor: 0' => 'Age_Above_FourtyFive: 0'
c1 # of rules: 3
c1 rule time: 0.0095

c1 computing class: 1
c1 discrimination constraints: 114h
c1 coverage constraints: 65v+911h
c1 formula: 95v, 1070c (1040h+30s)
c1 enumerating rules (maxsat-based)
c1 rule: 'Number_of_Priors: (26.25..+inf)', 'African_American: 0' => 'Age_Above_FourtyFive: 1'
c1 # of rules: 1
c1 rule time: 0.0058

c2 total rules: 4

c0 computing feature 4
c1 computing class: 0
c1 discrimination constraints: 43h
c1 coverage constraints: 136v+1905h
c1 formula: 166v, 1993c (1963h+30s)
c1 enumerating rules (maxsat-based)
c1 rule: 'Number_of_Priors: (17.5..26.25]' => 'Age_Below_TwentyFive: 0'
c1 rule: 'Number_of_Priors: (26.25..+inf)' => 'Age_Below_TwentyFive: 0'
c1 rule: not 'Asian: 0', not 'Female: 0' => 'Age_Below_TwentyFive: 0'
c1 rule: not 'Native_American: 0', not 'Female: 0' => 'Age_Below_TwentyFive: 0'
c1 # of rules: 4
c1 rule time: 0.0083

c1 computing class: 1
c1 discrimination constraints: 136h
c1 coverage constraints: 43v+603h
c1 formula: 73v, 784c (754h+30s)
c1 enumerating rules (maxsat-based)
c1 # of rules: 0
c1 rule time: 0.0029

c2 total rules: 4

c0 computing feature 5
c1 computing class: 0
c1 discrimination constraints: 54h
c1 coverage constraints: 125v+1751h
c1 formula: 155v, 1850c (1820h+30s)
c1 enumerating rules (maxsat-based)
c1 rule: not 'Other: 0' => 'African_American: 0'
c1 rule: not 'Native_American: 0' => 'African_American: 0'
c1 rule: not 'Hispanic: 0' => 'African_American: 0'
c1 rule: not 'Asian: 0' => 'African_American: 0'
c1 rule: 'Number_of_Priors: (26.25..+inf)', not 'Female: 0' => 'African_American: 0'
c1 # of rules: 5
c1 rule time: 0.0085

c1 computing class: 1
c1 discrimination constraints: 125h
c1 coverage constraints: 54v+757h
c1 formula: 84v, 927c (897h+30s)
c1 enumerating rules (maxsat-based)
c1 rule: 'Number_of_Priors: (17.5..26.25]', not 'Age_Above_FourtyFive: 0', not 'Female: 0' => 'African_American: 1'
c1 rule: 'Number_of_Priors: (17.5..26.25]', 'Age_Above_FourtyFive: 0', 'Female: 0', not 'Misdemeanor: 0' => 'African_American: 1'
c1 rule: 'Number_of_Priors: (17.5..26.25]', 'Hispanic: 0', 'Misdemeanor: 0', not 'Female: 0' => 'African_American: 1'
c1 # of rules: 3
c1 rule time: 0.0055

c2 total rules: 8

c0 computing feature 6
c1 computing class: 0
c1 discrimination constraints: 10h
c1 coverage constraints: 169v+2367h
c1 formula: 199v, 2422c (2392h+30s)
c1 enumerating rules (maxsat-based)
c1 rule: not 'Hispanic: 0' => 'Asian: 0'
c1 rule: not 'Native_American: 0' => 'Asian: 0'
c1 rule: not 'Other: 0' => 'Asian: 0'
c1 rule: not 'Female: 0', not 'Misdemeanor: 0' => 'Asian: 0'
c1 # of rules: 4
c1 rule time: 0.0073

c1 computing class: 1
c1 discrimination constraints: 169h
c1 coverage constraints: 10v+141h
c1 formula: 40v, 355c (325h+30s)
c1 enumerating rules (maxsat-based)
c1 # of rules: 0
c1 rule time: 0.0018

c2 total rules: 4

c0 computing feature 7
c1 computing class: 0
c1 discrimination constraints: 33h
c1 coverage constraints: 146v+2045h
c1 formula: 176v, 2123c (2093h+30s)
c1 enumerating rules (maxsat-based)
c1 rule: not 'Other: 0' => 'Hispanic: 0'
c1 rule: 'Number_of_Priors: (26.25..+inf)' => 'Hispanic: 0'
c1 rule: not 'Native_American: 0' => 'Hispanic: 0'
c1 rule: 'Number_of_Priors: (17.5..26.25]', not 'Misdemeanor: 0' => 'Hispanic: 0'
c1 # of rules: 4
c1 rule time: 0.0093

c1 computing class: 1
c1 discrimination constraints: 146h
c1 coverage constraints: 33v+463h
c1 formula: 63v, 654c (624h+30s)
c1 enumerating rules (maxsat-based)
c1 # of rules: 0
c1 rule time: 0.0027

c2 total rules: 4

c0 computing feature 8
c1 computing class: 0
c1 discrimination constraints: 8h
c1 coverage constraints: 171v+2395h
c1 formula: 201v, 2448c (2418h+30s)
c1 enumerating rules (maxsat-based)
c1 rule: not 'Other: 0' => 'Native_American: 0'
c1 rule: not 'Female: 0', not 'Misdemeanor: 0' => 'Native_American: 0'
c1 # of rules: 2
c1 rule time: 0.0085

c1 computing class: 1
c1 discrimination constraints: 171h
c1 coverage constraints: 8v+113h
c1 formula: 38v, 329c (299h+30s)
c1 enumerating rules (maxsat-based)
c1 # of rules: 0
c1 rule time: 0.0017

c2 total rules: 2

c0 computing feature 9
c1 computing class: 0
c1 discrimination constraints: 26h
c1 coverage constraints: 153v+2143h
c1 formula: 183v, 2214c (2184h+30s)
c1 enumerating rules (maxsat-based)
c1 rule: 'Number_of_Priors: (26.25..+inf)' => 'Other: 0'
c1 # of rules: 1
c1 rule time: 0.0079

c1 computing class: 1
c1 discrimination constraints: 153h
c1 coverage constraints: 26v+365h
c1 formula: 56v, 563c (533h+30s)
c1 enumerating rules (maxsat-based)
c1 # of rules: 0
c1 rule time: 0.0023

c2 total rules: 1

c0 computing feature 10
c1 computing class: 0
c1 discrimination constraints: 67h
c1 coverage constraints: 112v+1569h
c1 formula: 142v, 1681c (1651h+30s)
c1 enumerating rules (maxsat-based)
c1 # of rules: 0
c1 rule time: 0.0111

c1 computing class: 1
c1 discrimination constraints: 112h
c1 coverage constraints: 67v+939h
c1 formula: 97v, 1096c (1066h+30s)
c1 enumerating rules (maxsat-based)
c1 # of rules: 0
c1 rule time: 0.0043

c2 total rules: 0

c0 computing feature 11
c1 computing class: 0
c1 discrimination constraints: 77h
c1 coverage constraints: 102v+1429h
c1 formula: 132v, 1551c (1521h+30s)
c1 enumerating rules (maxsat-based)
c1 # of rules: 0
c1 rule time: 0.0097

c1 computing class: 1
c1 discrimination constraints: 102h
c1 coverage constraints: 77v+1079h
c1 formula: 107v, 1226c (1196h+30s)
c1 enumerating rules (maxsat-based)
c1 # of rules: 0
c1 rule time: 0.0056

c2 total rules: 0
c3 total time: 0.5236

Rules are saved to ../rules/all/q4_compas_train5.csv.json