c0 # of samps: 1382 (1382 weighted)
c0 # of feats: 6 (21 binary)
c0 # of labls: 2
c0 parse time: 0.2978


c0 computing feature 1
c1 computing class: 0
c1 discrimination constraints: 1037h
c1 coverage constraints: 345v+6211h
c1 formula: 387v, 7311c (7269h+42s)
c1 enumerating rules (maxsat-based)
c1 # of rules: 0
c1 rule time: 0.4944

c1 computing class: 1
c1 discrimination constraints: 1025h
c1 coverage constraints: 357v+6427h
c1 formula: 399v, 7515c (7473h+42s)
c1 enumerating rules (maxsat-based)
c1 rule: 'f2: 0', 'f3: 3', 'f4: 0', 'f5: 1', 'f6: 0' => 'f1: 1'
c1 rule: 'f2: 1', 'f3: 0', 'f4: 0', 'f5: 2', 'f6: 0' => 'f1: 1'
c1 # of rules: 2
c1 rule time: 0.6011

c1 computing class: 2
c1 discrimination constraints: 1043h
c1 coverage constraints: 339v+6103h
c1 formula: 381v, 7209c (7167h+42s)
c1 enumerating rules (maxsat-based)
c1 # of rules: 0
c1 rule time: 0.4069

c1 computing class: 3
c1 discrimination constraints: 1041h
c1 coverage constraints: 341v+6139h
c1 formula: 383v, 7243c (7201h+42s)
c1 enumerating rules (maxsat-based)
c1 # of rules: 0
c1 rule time: 0.3993

c2 total rules: 2

c0 computing feature 2
c1 computing class: 0
c1 discrimination constraints: 1049h
c1 coverage constraints: 333v+5995h
c1 formula: 375v, 7107c (7065h+42s)
c1 enumerating rules (maxsat-based)
c1 rule: 'f1: 2', 'f3: 0', 'f4: 1', 'f5: 1', 'f6: 0' => 'f2: 0'
c1 rule: 'f1: 1', 'f3: 1', 'f4: 0', 'f5: 2', 'f6: 0' => 'f2: 0'
c1 # of rules: 2
c1 rule time: 0.3992

c1 computing class: 1
c1 discrimination constraints: 1026h
c1 coverage constraints: 356v+6409h
c1 formula: 398v, 7498c (7456h+42s)
c1 enumerating rules (maxsat-based)
c1 # of rules: 0
c1 rule time: 0.4370

c1 computing class: 2
c1 discrimination constraints: 1031h
c1 coverage constraints: 351v+6319h
c1 formula: 393v, 7413c (7371h+42s)
c1 enumerating rules (maxsat-based)
c1 rule: 'f1: 2', 'f3: 0', 'f4: 1', 'f5: 1', 'f6: 1' => 'f2: 2'
c1 rule: 'f1: 0', 'f3: 1', 'f4: 1', 'f5: 0', 'f6: 1' => 'f2: 2'
c1 # of rules: 2
c1 rule time: 0.5375

c1 computing class: 3
c1 discrimination constraints: 1040h
c1 coverage constraints: 342v+6157h
c1 formula: 384v, 7260c (7218h+42s)
c1 enumerating rules (maxsat-based)
c1 rule: 'f1: 2', 'f3: 3', 'f4: 2', 'f5: 0', 'f6: 1' => 'f2: 3'
c1 # of rules: 1
c1 rule time: 0.5197

c2 total rules: 5

c0 computing feature 3
c1 computing class: 0
c1 discrimination constraints: 1039h
c1 coverage constraints: 343v+6175h
c1 formula: 385v, 7277c (7235h+42s)
c1 enumerating rules (maxsat-based)
c1 rule: 'f1: 1', 'f2: 1', 'f4: 1', 'f5: 1', 'f6: 0' => 'f3: 0'
c1 rule: 'f1: 1', 'f2: 1', 'f4: 0', 'f5: 2', 'f6: 0' => 'f3: 0'
c1 rule: 'f1: 2', 'f2: 2', 'f4: 2', 'f5: 0', 'f6: 0' => 'f3: 0'
c1 rule: 'f1: 1', 'f2: 2', 'f4: 0', 'f5: 2', 'f6: 0' => 'f3: 0'
c1 # of rules: 4
c1 rule time: 0.5289

c1 computing class: 1
c1 discrimination constraints: 1034h
c1 coverage constraints: 348v+6265h
c1 formula: 390v, 7362c (7320h+42s)
c1 enumerating rules (maxsat-based)
c1 rule: 'f1: 3', 'f2: 3', 'f4: 2', 'f5: 2', 'f6: 1' => 'f3: 1'
c1 rule: 'f1: 3', 'f2: 3', 'f4: 0', 'f5: 2', 'f6: 1' => 'f3: 1'
c1 # of rules: 2
c1 rule time: 0.4993

c1 computing class: 2
c1 discrimination constraints: 1042h
c1 coverage constraints: 340v+6121h
c1 formula: 382v, 7226c (7184h+42s)
c1 enumerating rules (maxsat-based)
c1 rule: 'f1: 3', 'f2: 0', 'f4: 2', 'f5: 2', 'f6: 1' => 'f3: 2'
c1 rule: 'f1: 2', 'f2: 3', 'f4: 0', 'f5: 2', 'f6: 2' => 'f3: 2'
c1 # of rules: 2
c1 rule time: 0.5729

c1 computing class: 3
c1 discrimination constraints: 1031h
c1 coverage constraints: 351v+6319h
c1 formula: 393v, 7413c (7371h+42s)
c1 enumerating rules (maxsat-based)
c1 rule: 'f1: 2', 'f2: 0', 'f4: 2', 'f5: 1', 'f6: 2' => 'f3: 3'
c1 rule: 'f1: 0', 'f2: 1', 'f4: 1', 'f5: 0', 'f6: 2' => 'f3: 3'
c1 # of rules: 2
c1 rule time: 0.6441

c2 total rules: 10

c0 computing feature 4
c1 computing class: 0
c1 discrimination constraints: 928h
c1 coverage constraints: 454v+8627h
c1 formula: 496v, 9618c (9576h+42s)
c1 enumerating rules (maxsat-based)
c1 rule: 'f1: 1', 'f2: 0', 'f3: 0', 'f5: 2', 'f6: 1' => 'f4: 0'
c1 rule: 'f1: 0', 'f2: 2', 'f3: 3', 'f5: 0', 'f6: 1' => 'f4: 0'
c1 rule: 'f1: 0', 'f2: 1', 'f3: 1', 'f5: 0', 'f6: 1' => 'f4: 0'
c1 rule: 'f1: 0', 'f2: 2', 'f3: 0', 'f5: 1', 'f6: 2' => 'f4: 0'
c1 rule: 'f1: 0', 'f2: 0', 'f3: 2', 'f5: 2', 'f6: 2' => 'f4: 0'
c1 rule: 'f1: 3', 'f2: 0', 'f3: 3', 'f5: 2', not 'f6: 0' => 'f4: 0'
c1 rule: 'f1: 1', 'f2: 1', 'f3: 3', 'f5: 1', 'f6: 0' => 'f4: 0'
c1 rule: 'f1: 2', 'f2: 0', 'f3: 1', 'f5: 1', 'f6: 2' => 'f4: 0'
c1 rule: 'f1: 2', 'f2: 0', 'f3: 0', 'f5: 1', 'f6: 1' => 'f4: 0'
c1 rule: 'f1: 3', 'f2: 0', 'f3: 0', 'f5: 2', 'f6: 1' => 'f4: 0'
c1 rule: 'f1: 0', 'f2: 2', 'f3: 0', 'f5: 2', 'f6: 1' => 'f4: 0'
c1 rule: 'f1: 3', 'f2: 0', 'f3: 0', 'f5: 1', 'f6: 2' => 'f4: 0'
c1 rule: 'f1: 0', 'f2: 3', 'f3: 0', 'f5: 0', 'f6: 2' => 'f4: 0'
c1 rule: 'f1: 1', 'f2: 3', 'f3: 2', 'f5: 2', 'f6: 0' => 'f4: 0'
c1 rule: 'f1: 1', 'f2: 0', 'f3: 1', 'f5: 0', 'f6: 2' => 'f4: 0'
c1 rule: 'f1: 3', 'f2: 3', 'f3: 2', 'f5: 0', 'f6: 2' => 'f4: 0'
c1 rule: 'f1: 2', 'f2: 1', 'f3: 2', 'f5: 1', 'f6: 1' => 'f4: 0'
c1 rule: 'f1: 2', 'f2: 2', 'f3: 1', 'f5: 1', 'f6: 1' => 'f4: 0'
c1 rule: 'f1: 2', 'f2: 3', 'f3: 3', 'f5: 1', 'f6: 0' => 'f4: 0'
c1 rule: 'f1: 1', 'f2: 1', 'f3: 2', 'f5: 1', 'f6: 0' => 'f4: 0'
c1 # of rules: 20
c1 rule time: 1.0503

c1 computing class: 1
c1 discrimination constraints: 923h
c1 coverage constraints: 459v+8722h
c1 formula: 501v, 9708c (9666h+42s)
c1 enumerating rules (maxsat-based)
c1 rule: 'f1: 0', 'f2: 3', 'f3: 2', 'f5: 2', 'f6: 1' => 'f4: 1'
c1 rule: 'f1: 2', 'f2: 3', 'f3: 3', 'f5: 2', 'f6: 0' => 'f4: 1'
c1 rule: 'f1: 3', 'f2: 3', 'f3: 3', 'f5: 2', 'f6: 1' => 'f4: 1'
c1 rule: 'f1: 3', 'f2: 0', 'f3: 1', 'f5: 2', 'f6: 1' => 'f4: 1'
c1 rule: 'f1: 3', 'f2: 0', 'f3: 0', 'f5: 1', 'f6: 1' => 'f4: 1'
c1 rule: 'f1: 3', 'f2: 1', 'f3: 2', 'f5: 1', 'f6: 1' => 'f4: 1'
c1 rule: 'f1: 0', 'f2: 3', 'f3: 1', 'f5: 1', 'f6: 0' => 'f4: 1'
c1 rule: 'f1: 2', 'f2: 2', 'f3: 3', 'f5: 0', 'f6: 0' => 'f4: 1'
c1 rule: 'f1: 2', 'f2: 0', 'f3: 3', 'f6: 0', not 'f5: 2' => 'f4: 1'
c1 rule: 'f1: 0', 'f2: 0', 'f3: 3', 'f5: 0', 'f6: 2' => 'f4: 1'
c1 rule: 'f1: 0', 'f2: 1', 'f3: 3', 'f5: 2', 'f6: 2' => 'f4: 1'
c1 rule: 'f1: 0', 'f2: 1', 'f3: 1', 'f5: 2', 'f6: 2' => 'f4: 1'
c1 rule: 'f1: 2', 'f2: 1', 'f3: 1', 'f5: 2', 'f6: 2' => 'f4: 1'
c1 rule: 'f1: 0', 'f2: 0', 'f3: 2', 'f5: 1', 'f6: 1' => 'f4: 1'
c1 rule: 'f1: 1', 'f2: 3', 'f3: 1', 'f5: 0', 'f6: 1' => 'f4: 1'
c1 # of rules: 15
c1 rule time: 1.3331

c1 computing class: 2
c1 discrimination constraints: 913h
c1 coverage constraints: 469v+8912h
c1 formula: 511v, 9888c (9846h+42s)
c1 enumerating rules (maxsat-based)
c1 rule: 'f1: 2', 'f2: 2', 'f3: 3', 'f5: 2', 'f6: 0' => 'f4: 2'
c1 rule: 'f1: 2', 'f2: 3', 'f3: 2', 'f5: 0', 'f6: 2' => 'f4: 2'
c1 rule: 'f1: 1', 'f2: 3', 'f3: 2', 'f5: 0', 'f6: 0' => 'f4: 2'
c1 rule: 'f1: 0', 'f2: 0', 'f3: 3', 'f5: 1', 'f6: 0' => 'f4: 2'
c1 rule: 'f1: 0', 'f2: 1', 'f3: 0', 'f5: 2', 'f6: 0' => 'f4: 2'
c1 rule: 'f1: 3', 'f2: 0', 'f3: 3', 'f6: 1', not 'f5: 0' => 'f4: 2'
c1 rule: 'f1: 3', 'f2: 0', 'f3: 0', 'f5: 0', 'f6: 0' => 'f4: 2'
c1 rule: 'f1: 0', 'f2: 1', 'f3: 1', 'f5: 0', 'f6: 2' => 'f4: 2'
c1 rule: 'f1: 0', 'f2: 3', 'f3: 1', 'f5: 0', 'f6: 1' => 'f4: 2'
c1 rule: 'f1: 0', 'f2: 2', 'f3: 2', 'f5: 2', 'f6: 2' => 'f4: 2'
c1 rule: 'f1: 2', 'f2: 3', 'f3: 0', 'f5: 2', 'f6: 2' => 'f4: 2'
c1 rule: 'f1: 1', 'f2: 2', 'f3: 0', 'f5: 1', 'f6: 2' => 'f4: 2'
c1 rule: 'f1: 1', 'f2: 1', 'f3: 2', 'f5: 2', 'f6: 1' => 'f4: 2'
c1 rule: 'f1: 1', 'f2: 2', 'f3: 0', 'f5: 0', 'f6: 1' => 'f4: 2'
c1 rule: 'f1: 3', 'f2: 3', 'f3: 1', 'f5: 0', 'f6: 2' => 'f4: 2'
c1 rule: 'f1: 2', 'f2: 1', 'f3: 0', 'f5: 1', 'f6: 2' => 'f4: 2'
c1 rule: 'f1: 1', 'f2: 1', 'f3: 1', 'f5: 2', 'f6: 0' => 'f4: 2'
c1 # of rules: 17
c1 rule time: 1.3551

c2 total rules: 52

c0 computing feature 5
c1 computing class: 0
c1 discrimination constraints: 909h
c1 coverage constraints: 473v+8988h
c1 formula: 515v, 9960c (9918h+42s)
c1 enumerating rules (maxsat-based)
c1 rule: 'f1: 2', 'f2: 2', 'f3: 0', 'f4: 1', 'f6: 0' => 'f5: 0'
c1 rule: 'f1: 3', 'f2: 3', 'f3: 2', 'f4: 1', 'f6: 0' => 'f5: 0'
c1 rule: 'f1: 0', 'f2: 3', 'f3: 2', 'f6: 1', not 'f4: 1' => 'f5: 0'
c1 rule: 'f1: 2', 'f2: 3', 'f3: 0', 'f4: 1', 'f6: 2' => 'f5: 0'
c1 rule: 'f1: 1', 'f2: 0', 'f3: 1', 'f4: 2', 'f6: 1' => 'f5: 0'
c1 rule: 'f1: 1', 'f2: 3', 'f3: 1', 'f4: 0', 'f6: 0' => 'f5: 0'
c1 rule: 'f1: 2', 'f2: 3', 'f3: 3', 'f4: 2', 'f6: 0' => 'f5: 0'
c1 rule: 'f1: 3', 'f2: 0', 'f3: 3', 'f4: 1', 'f6: 1' => 'f5: 0'
c1 rule: 'f1: 3', 'f2: 0', 'f3: 0', 'f4: 1', 'f6: 2' => 'f5: 0'
c1 rule: 'f1: 1', 'f2: 0', 'f3: 0', 'f4: 1', 'f6: 1' => 'f5: 0'
c1 rule: 'f1: 0', 'f2: 0', 'f3: 0', 'f4: 0', 'f6: 1' => 'f5: 0'
c1 rule: 'f1: 0', 'f2: 0', 'f3: 2', 'f4: 0', 'f6: 1' => 'f5: 0'
c1 rule: 'f1: 2', 'f2: 0', 'f3: 2', 'f4: 2', 'f6: 1' => 'f5: 0'
c1 rule: 'f1: 3', 'f2: 0', 'f3: 0', 'f4: 2', 'f6: 1' => 'f5: 0'
c1 rule: 'f1: 0', 'f2: 1', 'f3: 0', 'f4: 0', 'f6: 0' => 'f5: 0'
c1 rule: 'f1: 1', 'f2: 2', 'f3: 3', 'f4: 0', 'f6: 0' => 'f5: 0'
c1 rule: 'f1: 0', 'f2: 1', 'f3: 3', 'f4: 0', 'f6: 2' => 'f5: 0'
c1 rule: 'f1: 0', 'f2: 0', 'f3: 2', 'f4: 1', not 'f6: 1' => 'f5: 0'
c1 rule: 'f1: 3', 'f2: 3', 'f3: 2', 'f4: 2', 'f6: 1' => 'f5: 0'
c1 rule: 'f1: 2', 'f2: 2', 'f3: 1', 'f4: 1', 'f6: 1' => 'f5: 0'
c1 rule: 'f1: 3', 'f2: 0', 'f3: 3', 'f4: 2', 'f6: 2' => 'f5: 0'
c1 rule: 'f1: 2', 'f2: 1', 'f3: 2', 'f4: 0', 'f6: 2' => 'f5: 0'
c1 # of rules: 22
c1 rule time: 1.1013

c1 computing class: 1
c1 discrimination constraints: 922h
c1 coverage constraints: 460v+8741h
c1 formula: 502v, 9726c (9684h+42s)
c1 enumerating rules (maxsat-based)
c1 rule: 'f1: 3', 'f2: 3', 'f3: 0', 'f6: 1' => 'f5: 1'
c1 rule: 'f1: 3', 'f2: 3', 'f3: 2', 'f4: 2', 'f6: 2' => 'f5: 1'
c1 rule: 'f1: 0', 'f2: 2', 'f3: 2', 'f4: 0', 'f6: 2' => 'f5: 1'
c1 rule: 'f1: 0', 'f2: 1', 'f3: 1', 'f4: 0', 'f6: 2' => 'f5: 1'
c1 rule: 'f1: 1', 'f2: 0', 'f3: 1', 'f4: 1', 'f6: 2' => 'f5: 1'
c1 rule: 'f1: 0', 'f2: 1', 'f3: 0', 'f4: 1', 'f6: 0' => 'f5: 1'
c1 rule: 'f1: 2', 'f2: 0', 'f3: 0', 'f4: 2', 'f6: 0' => 'f5: 1'
c1 rule: 'f1: 1', 'f2: 2', 'f3: 0', 'f4: 1', 'f6: 1' => 'f5: 1'
c1 rule: 'f1: 1', 'f2: 3', 'f3: 2', 'f4: 1', 'f6: 0' => 'f5: 1'
c1 rule: 'f1: 3', 'f2: 3', 'f3: 1', 'f4: 0', 'f6: 2' => 'f5: 1'
c1 rule: 'f1: 2', 'f2: 3', 'f3: 1', 'f4: 0', 'f6: 2' => 'f5: 1'
c1 rule: 'f1: 3', 'f2: 0', 'f3: 1', 'f4: 2', 'f6: 1' => 'f5: 1'
c1 rule: 'f1: 1', 'f2: 0', 'f3: 2', 'f4: 0', 'f6: 2' => 'f5: 1'
c1 rule: 'f1: 2', 'f2: 0', 'f3: 2', 'f4: 0', 'f6: 2' => 'f5: 1'
c1 rule: 'f1: 0', 'f2: 2', 'f3: 2', 'f4: 1', 'f6: 1' => 'f5: 1'
c1 rule: 'f1: 2', 'f2: 2', 'f3: 3', 'f4: 0', 'f6: 0' => 'f5: 1'
c1 # of rules: 16
c1 rule time: 1.4583

c1 computing class: 2
c1 discrimination constraints: 933h
c1 coverage constraints: 449v+8532h
c1 formula: 491v, 9528c (9486h+42s)
c1 enumerating rules (maxsat-based)
c1 rule: 'f1: 2', 'f2: 1', 'f3: 0', 'f4: 1', 'f6: 0' => 'f5: 2'
c1 rule: 'f1: 2', 'f2: 3', 'f3: 2', 'f4: 1', 'f6: 2' => 'f5: 2'
c1 rule: 'f1: 2', 'f2: 3', 'f3: 1', 'f4: 1', 'f6: 0' => 'f5: 2'
c1 rule: 'f1: 0', 'f2: 3', 'f3: 1', 'f4: 2', 'f6: 0' => 'f5: 2'
c1 rule: 'f1: 1', 'f2: 2', 'f3: 0', 'f4: 0', 'f6: 1' => 'f5: 2'
c1 rule: 'f1: 2', 'f2: 2', 'f3: 0', 'f4: 0', 'f6: 1' => 'f5: 2'
c1 rule: 'f1: 2', 'f2: 0', 'f3: 0', 'f4: 1', 'f6: 1' => 'f5: 2'
c1 rule: 'f1: 0', 'f2: 0', 'f3: 1', 'f4: 1', 'f6: 1' => 'f5: 2'
c1 rule: 'f1: 0', 'f2: 1', 'f3: 2', 'f4: 1', 'f6: 2' => 'f5: 2'
c1 rule: 'f1: 2', 'f2: 0', 'f3: 3', 'f6: 0', not 'f4: 1' => 'f5: 2'
c1 rule: 'f1: 3', 'f2: 1', 'f3: 2', 'f4: 2', 'f6: 1' => 'f5: 2'
c1 rule: 'f1: 0', 'f2: 1', 'f3: 1', 'f4: 2', 'f6: 1' => 'f5: 2'
c1 rule: 'f1: 3', 'f2: 2', 'f3: 1', 'f4: 0', not 'f6: 2' => 'f5: 2'
c1 rule: 'f1: 3', 'f2: 0', 'f3: 1', 'f4: 1', 'f6: 0' => 'f5: 2'
c1 rule: 'f1: 3', 'f2: 3', 'f3: 3', 'f4: 0', 'f6: 0' => 'f5: 2'
c1 # of rules: 15
c1 rule time: 1.3129

c2 total rules: 53

c0 computing feature 6
c1 computing class: 0
c1 discrimination constraints: 921h
c1 coverage constraints: 461v+8760h
c1 formula: 503v, 9744c (9702h+42s)
c1 enumerating rules (maxsat-based)
c1 rule: 'f1: 0', 'f2: 0', 'f3: 3', 'f4: 0', 'f5: 0' => 'f6: 0'
c1 rule: 'f1: 2', 'f2: 1', 'f3: 1', 'f4: 0', 'f5: 2' => 'f6: 0'
c1 rule: 'f1: 2', 'f2: 2', 'f3: 1', 'f4: 1', 'f5: 2' => 'f6: 0'
c1 rule: 'f1: 2', 'f2: 3', 'f3: 1', 'f4: 2', 'f5: 1' => 'f6: 0'
c1 rule: 'f1: 2', 'f2: 0', 'f3: 0', 'f4: 2', 'f5: 1' => 'f6: 0'
c1 rule: 'f1: 2', 'f2: 0', 'f3: 2', 'f4: 2', 'f5: 1' => 'f6: 0'
c1 rule: 'f1: 3', 'f2: 0', 'f3: 3', 'f5: 2', not 'f4: 0' => 'f6: 0'
c1 rule: 'f1: 0', 'f2: 2', 'f3: 3', 'f4: 1', 'f5: 0' => 'f6: 0'
c1 rule: 'f1: 0', 'f2: 2', 'f3: 2', 'f4: 1', 'f5: 2' => 'f6: 0'
c1 rule: 'f1: 1', 'f2: 0', 'f3: 2', 'f4: 1', 'f5: 2' => 'f6: 0'
c1 rule: 'f1: 3', 'f2: 3', 'f3: 2', 'f4: 2', 'f5: 2' => 'f6: 0'
c1 rule: 'f1: 3', 'f2: 0', 'f3: 0', 'f4: 1', 'f5: 2' => 'f6: 0'
c1 rule: 'f1: 1', 'f2: 1', 'f3: 2', 'f4: 1', 'f5: 2' => 'f6: 0'
c1 rule: 'f1: 0', 'f2: 1', 'f3: 1', 'f4: 1', 'f5: 0' => 'f6: 0'
c1 rule: 'f1: 0', 'f2: 3', 'f3: 0', 'f4: 1', 'f5: 0' => 'f6: 0'
c1 # of rules: 15
c1 rule time: 1.2358

c1 computing class: 1
c1 discrimination constraints: 933h
c1 coverage constraints: 449v+8532h
c1 formula: 491v, 9528c (9486h+42s)
c1 enumerating rules (maxsat-based)
c1 rule: 'f1: 0', 'f2: 0', 'f3: 2', 'f4: 1', not 'f5: 0' => 'f6: 1'
c1 rule: 'f1: 0', 'f2: 2', 'f3: 2', 'f4: 0', 'f5: 0' => 'f6: 1'
c1 rule: 'f1: 0', 'f2: 3', 'f3: 1', 'f4: 0', 'f5: 1' => 'f6: 1'
c1 rule: 'f1: 2', 'f2: 3', 'f3: 2', 'f4: 1', 'f5: 1' => 'f6: 1'
c1 rule: 'f1: 2', 'f2: 3', 'f3: 3', 'f4: 2', 'f5: 1' => 'f6: 1'
c1 rule: 'f1: 2', 'f2: 3', 'f3: 3', 'f4: 0', 'f5: 2' => 'f6: 1'
c1 rule: 'f1: 2', 'f2: 2', 'f3: 2', 'f4: 2', 'f5: 0' => 'f6: 1'
c1 rule: 'f1: 2', 'f2: 0', 'f3: 1', 'f4: 2', 'f5: 2' => 'f6: 1'
c1 rule: 'f1: 0', 'f2: 2', 'f3: 1', 'f4: 0', 'f5: 1' => 'f6: 1'
c1 rule: 'f1: 1', 'f2: 3', 'f3: 3', 'f4: 0', 'f5: 1' => 'f6: 1'
c1 rule: 'f1: 3', 'f2: 3', 'f3: 3', 'f4: 0', 'f5: 0' => 'f6: 1'
c1 rule: 'f1: 3', 'f2: 2', 'f3: 2', 'f4: 0', 'f5: 0' => 'f6: 1'
c1 rule: 'f1: 2', 'f2: 2', 'f3: 0', 'f4: 1', 'f5: 2' => 'f6: 1'
c1 rule: 'f1: 0', 'f2: 1', 'f3: 0', 'f4: 1', 'f5: 0' => 'f6: 1'
c1 rule: 'f1: 3', 'f2: 0', 'f3: 0', 'f4: 0', 'f5: 0' => 'f6: 1'
c1 rule: 'f1: 1', 'f2: 0', 'f3: 1', 'f4: 2', 'f5: 0' => 'f6: 1'
c1 rule: 'f1: 1', 'f2: 1', 'f3: 3', 'f4: 2', 'f5: 1' => 'f6: 1'
c1 # of rules: 17
c1 rule time: 1.0354

c1 computing class: 2
c1 discrimination constraints: 910h
c1 coverage constraints: 472v+8969h
c1 formula: 514v, 9942c (9900h+42s)
c1 enumerating rules (maxsat-based)
c1 rule: 'f1: 3', 'f2: 0', 'f3: 3', 'f4: 0' => 'f6: 2'
c1 rule: 'f1: 3', 'f2: 1', 'f3: 2', 'f4: 2', 'f5: 0' => 'f6: 2'
c1 rule: 'f1: 1', 'f2: 1', 'f3: 1', 'f4: 1', 'f5: 1' => 'f6: 2'
c1 rule: 'f1: 0', 'f2: 0', 'f3: 0', 'f4: 0', 'f5: 1' => 'f6: 2'
c1 rule: 'f1: 2', 'f2: 0', 'f3: 3', 'f4: 2', 'f5: 0' => 'f6: 2'
c1 rule: 'f1: 2', 'f2: 0', 'f3: 3', 'f4: 0', 'f5: 1' => 'f6: 2'
c1 rule: 'f1: 3', 'f2: 2', 'f3: 1', 'f4: 0', not 'f5: 2' => 'f6: 2'
c1 rule: 'f1: 3', 'f2: 3', 'f3: 0', 'f4: 0', 'f5: 2' => 'f6: 2'
c1 rule: 'f1: 3', 'f2: 3', 'f3: 2', 'f4: 1', 'f5: 2' => 'f6: 2'
c1 rule: 'f1: 1', 'f2: 0', 'f3: 0', 'f4: 1', 'f5: 2' => 'f6: 2'
c1 rule: 'f1: 1', 'f2: 1', 'f3: 2', 'f4: 0', 'f5: 2' => 'f6: 2'
c1 rule: 'f1: 1', 'f2: 2', 'f3: 0', 'f4: 1', 'f5: 2' => 'f6: 2'
c1 rule: 'f1: 0', 'f2: 2', 'f3: 0', 'f4: 2', 'f5: 2' => 'f6: 2'
c1 # of rules: 13
c1 rule time: 1.0252

c2 total rules: 45
c3 total time: 17.3579

Rules are saved to ../rules/size/q6_car_train1.csv_size5.json