c0 # of samps: 4938 (309 weighted)
c0 # of feats: 11 (15 binary)
c0 # of labls: 2
c0 parse time: 0.3461


c0 computing feature 1
c1 computing class: (-inf..7.0]
c1 discrimination constraints: 94h
c1 coverage constraints: 104v+1145h
c1 formula: 134v, 1284c (1254h+30s)
c1 enumerating rules (maxsat-based)
c1 rule: not 'Other: 0', not 'Misdemeanor: 0' => 'Number_of_Priors: (-inf..7.0]'
c1 rule: not 'Other: 0', not 'Female: 0' => 'Number_of_Priors: (-inf..7.0]'
c1 rule: 'score_factor: 0', not 'Native_American: 0' => 'Number_of_Priors: (-inf..7.0]'
c1 rule: not 'Native_American: 0', not 'Misdemeanor: 0' => 'Number_of_Priors: (-inf..7.0]'
c1 rule: not 'Age_Below_TwentyFive: 0', not 'Native_American: 0' => 'Number_of_Priors: (-inf..7.0]'
c1 rule: not 'Age_Above_FourtyFive: 0', not 'Asian: 0' => 'Number_of_Priors: (-inf..7.0]'
c1 rule: 'score_factor: 0', not 'Asian: 0' => 'Number_of_Priors: (-inf..7.0]'
c1 rule: not 'Age_Below_TwentyFive: 0', not 'Asian: 0' => 'Number_of_Priors: (-inf..7.0]'
c1 rule: 'Age_Above_FourtyFive: 0', not 'Native_American: 0' => 'Number_of_Priors: (-inf..7.0]'
c1 rule: 'score_factor: 0', not 'Age_Below_TwentyFive: 0', not 'Female: 0' => 'Number_of_Priors: (-inf..7.0]'
c1 rule: 'score_factor: 0', 'African_American: 0', not 'Age_Below_TwentyFive: 0' => 'Number_of_Priors: (-inf..7.0]'
c1 rule: 'Misdemeanor: 0', not 'Age_Below_TwentyFive: 0', not 'Female: 0' => 'Number_of_Priors: (-inf..7.0]'
c1 rule: 'score_factor: 0', not 'Age_Below_TwentyFive: 0', not 'Misdemeanor: 0' => 'Number_of_Priors: (-inf..7.0]'
c1 rule: not 'Hispanic: 0', not 'Female: 0', not 'Misdemeanor: 0' => 'Number_of_Priors: (-inf..7.0]'
c1 rule: not 'Age_Below_TwentyFive: 0', not 'Hispanic: 0', not 'Misdemeanor: 0' => 'Number_of_Priors: (-inf..7.0]'
c1 rule: not 'Age_Above_FourtyFive: 0', not 'Hispanic: 0', not 'Female: 0' => 'Number_of_Priors: (-inf..7.0]'
c1 rule: 'score_factor: 0', 'Age_Above_FourtyFive: 0', not 'African_American: 0', not 'Female: 0' => 'Number_of_Priors: (-inf..7.0]'
c1 rule: 'score_factor: 0', not 'African_American: 0', not 'Female: 0', not 'Misdemeanor: 0' => 'Number_of_Priors: (-inf..7.0]'
c1 rule: 'African_American: 0', not 'Age_Above_FourtyFive: 0', not 'Female: 0', not 'Misdemeanor: 0' => 'Number_of_Priors: (-inf..7.0]'
c1 rule: 'score_factor: 0', 'Age_Above_FourtyFive: 0', not 'Hispanic: 0', not 'Misdemeanor: 0' => 'Number_of_Priors: (-inf..7.0]'
c1 # of rules: 20
c1 rule time: 0.0160

c1 computing class: (14.0..21.0]
c1 discrimination constraints: 173h
c1 coverage constraints: 25v+276h
c1 formula: 55v, 494c (464h+30s)
c1 enumerating rules (maxsat-based)
c1 rule: not 'Age_Above_FourtyFive: 0', not 'Native_American: 0', not 'Female: 0' => 'Number_of_Priors: (14.0..21.0]'
c1 # of rules: 1
c1 rule time: 0.0026

c1 computing class: (21.0..28.0]
c1 discrimination constraints: 183h
c1 coverage constraints: 15v+166h
c1 formula: 45v, 394c (364h+30s)
c1 enumerating rules (maxsat-based)
c1 rule: 'Female: 0', not 'Age_Above_FourtyFive: 0', not 'Native_American: 0' => 'Number_of_Priors: (21.0..28.0]'
c1 # of rules: 1
c1 rule time: 0.0022

c1 computing class: (28.0..+inf)
c1 discrimination constraints: 193h
c1 coverage constraints: 5v+56h
c1 formula: 35v, 294c (264h+30s)
c1 enumerating rules (maxsat-based)
c1 # of rules: 0
c1 rule time: 0.0015

c1 computing class: (7.0..14.0]
c1 discrimination constraints: 149h
c1 coverage constraints: 49v+540h
c1 formula: 79v, 734c (704h+30s)
c1 enumerating rules (maxsat-based)
c1 # of rules: 0
c1 rule time: 0.0024

c2 total rules: 22

c0 computing feature 2
c1 computing class: 0
c1 discrimination constraints: 114h
c1 coverage constraints: 84v+1261h
c1 formula: 116v, 1423c (1391h+32s)
c1 enumerating rules (maxsat-based)
c1 rule: 'Number_of_Priors: (14.0..21.0]', not 'Other: 0' => 'score_factor: 0'
c1 rule: not 'Asian: 0', not 'Misdemeanor: 0' => 'score_factor: 0'
c1 rule: not 'Asian: 0', not 'Female: 0' => 'score_factor: 0'
c1 rule: not 'Age_Above_FourtyFive: 0', not 'Other: 0', not 'Misdemeanor: 0' => 'score_factor: 0'
c1 rule: not 'Age_Above_FourtyFive: 0', not 'Other: 0', not 'Female: 0' => 'score_factor: 0'
c1 rule: 'Number_of_Priors: (21.0..28.0]', not 'Age_Above_FourtyFive: 0', not 'Other: 0' => 'score_factor: 0'
c1 rule: 'Number_of_Priors: (14.0..21.0]', not 'Age_Above_FourtyFive: 0', not 'Hispanic: 0' => 'score_factor: 0'
c1 rule: not 'Age_Above_FourtyFive: 0', not 'Hispanic: 0', not 'Female: 0' => 'score_factor: 0'
c1 rule: 'Number_of_Priors: (-inf..7.0]', 'Age_Below_TwentyFive: 0', not 'Hispanic: 0', not 'Female: 0' => 'score_factor: 0'
c1 rule: 'Number_of_Priors: (14.0..21.0]', 'African_American: 0', not 'Age_Above_FourtyFive: 0', not 'Misdemeanor: 0' => 'score_factor: 0'
c1 rule: 'Number_of_Priors: (7.0..14.0]', 'Age_Below_TwentyFive: 0', 'African_American: 0', not 'Female: 0', not 'Misdemeanor: 0' => 'score_factor: 0'
c1 # of rules: 11
c1 rule time: 0.0099

c1 computing class: 1
c1 discrimination constraints: 84h
c1 coverage constraints: 114v+1711h
c1 formula: 146v, 1843c (1811h+32s)
c1 enumerating rules (maxsat-based)
c1 rule: 'Number_of_Priors: (28.0..+inf)' => 'score_factor: 1'
c1 rule: 'Number_of_Priors: (21.0..28.0]', 'Other: 0' => 'score_factor: 1'
c1 rule: 'Number_of_Priors: (14.0..21.0]', not 'Age_Below_TwentyFive: 0' => 'score_factor: 1'
c1 rule: not 'Age_Below_TwentyFive: 0', not 'Native_American: 0' => 'score_factor: 1'
c1 rule: not 'Native_American: 0', not 'Female: 0' => 'score_factor: 1'
c1 rule: 'Number_of_Priors: (21.0..28.0]', 'Age_Above_FourtyFive: 0' => 'score_factor: 1'
c1 rule: 'Number_of_Priors: (14.0..21.0]', not 'Female: 0' => 'score_factor: 1'
c1 rule: 'Misdemeanor: 0', not 'Age_Below_TwentyFive: 0', not 'Asian: 0' => 'score_factor: 1'
c1 rule: 'Number_of_Priors: (14.0..21.0]', 'Age_Above_FourtyFive: 0', not 'Hispanic: 0' => 'score_factor: 1'
c1 rule: 'Number_of_Priors: (14.0..21.0]', 'Age_Above_FourtyFive: 0', 'African_American: 0', not 'Misdemeanor: 0' => 'score_factor: 1'
c1 rule: 'Number_of_Priors: (14.0..21.0]', 'African_American: 0', 'Hispanic: 0', 'Other: 0', 'Misdemeanor: 0', not 'Age_Above_FourtyFive: 0' => 'score_factor: 1'
c1 # of rules: 11
c1 rule time: 0.0164

c2 total rules: 22

c0 computing feature 3
c1 computing class: 0
c1 discrimination constraints: 72h
c1 coverage constraints: 126v+1891h
c1 formula: 158v, 2011c (1979h+32s)
c1 enumerating rules (maxsat-based)
c1 rule: not 'Age_Below_TwentyFive: 0' => 'Age_Above_FourtyFive: 0'
c1 rule: 'Number_of_Priors: (28.0..+inf)', not 'Other: 0' => 'Age_Above_FourtyFive: 0'
c1 rule: 'Number_of_Priors: (28.0..+inf)', not 'Misdemeanor: 0' => 'Age_Above_FourtyFive: 0'
c1 rule: 'Number_of_Priors: (21.0..28.0]', not 'Female: 0', not 'Misdemeanor: 0' => 'Age_Above_FourtyFive: 0'
c1 # of rules: 4
c1 rule time: 0.0137

c1 computing class: 1
c1 discrimination constraints: 126h
c1 coverage constraints: 72v+1081h
c1 formula: 104v, 1255c (1223h+32s)
c1 enumerating rules (maxsat-based)
c1 rule: 'Number_of_Priors: (14.0..21.0]', not 'Other: 0' => 'Age_Above_FourtyFive: 1'
c1 rule: not 'Asian: 0', not 'Female: 0' => 'Age_Above_FourtyFive: 1'
c1 rule: 'Number_of_Priors: (28.0..+inf)', 'African_American: 0', 'Other: 0' => 'Age_Above_FourtyFive: 1'
c1 rule: 'Number_of_Priors: (21.0..28.0]', 'African_American: 0', 'Misdemeanor: 0', not 'Female: 0' => 'Age_Above_FourtyFive: 1'
c1 rule: 'Number_of_Priors: (21.0..28.0]', 'African_American: 0', 'Female: 0', not 'Misdemeanor: 0' => 'Age_Above_FourtyFive: 1'
c1 # of rules: 5
c1 rule time: 0.0108

c2 total rules: 9

c0 computing feature 4
c1 computing class: 0
c1 discrimination constraints: 45h
c1 coverage constraints: 153v+2296h
c1 formula: 185v, 2389c (2357h+32s)
c1 enumerating rules (maxsat-based)
c1 rule: 'Number_of_Priors: (21.0..28.0]' => 'Age_Below_TwentyFive: 0'
c1 rule: 'Number_of_Priors: (28.0..+inf)' => 'Age_Below_TwentyFive: 0'
c1 rule: not 'Native_American: 0', not 'Misdemeanor: 0' => 'Age_Below_TwentyFive: 0'
c1 rule: not 'Native_American: 0', not 'Female: 0' => 'Age_Below_TwentyFive: 0'
c1 rule: 'Number_of_Priors: (14.0..21.0]', not 'Misdemeanor: 0' => 'Age_Below_TwentyFive: 0'
c1 rule: 'Number_of_Priors: (14.0..21.0]', 'African_American: 0' => 'Age_Below_TwentyFive: 0'
c1 # of rules: 6
c1 rule time: 0.0133

c1 computing class: 1
c1 discrimination constraints: 153h
c1 coverage constraints: 45v+676h
c1 formula: 77v, 877c (845h+32s)
c1 enumerating rules (maxsat-based)
c1 # of rules: 0
c1 rule time: 0.0037

c2 total rules: 6

c0 computing feature 5
c1 computing class: 0
c1 discrimination constraints: 64h
c1 coverage constraints: 134v+2011h
c1 formula: 166v, 2123c (2091h+32s)
c1 enumerating rules (maxsat-based)
c1 rule: not 'Other: 0' => 'African_American: 0'
c1 rule: not 'Native_American: 0' => 'African_American: 0'
c1 rule: not 'Asian: 0' => 'African_American: 0'
c1 rule: not 'Hispanic: 0' => 'African_American: 0'
c1 # of rules: 4
c1 rule time: 0.0100

c1 computing class: 1
c1 discrimination constraints: 134h
c1 coverage constraints: 64v+961h
c1 formula: 96v, 1143c (1111h+32s)
c1 enumerating rules (maxsat-based)
c1 rule: 'Number_of_Priors: (14.0..21.0]', not 'Female: 0', not 'Misdemeanor: 0' => 'African_American: 1'
c1 # of rules: 1
c1 rule time: 0.0071

c2 total rules: 5

c0 computing feature 6
c1 computing class: 0
c1 discrimination constraints: 10h
c1 coverage constraints: 188v+2821h
c1 formula: 220v, 2879c (2847h+32s)
c1 enumerating rules (maxsat-based)
c1 rule: 'Number_of_Priors: (28.0..+inf)' => 'Asian: 0'
c1 rule: 'Number_of_Priors: (21.0..28.0]' => 'Asian: 0'
c1 rule: not 'Native_American: 0' => 'Asian: 0'
c1 rule: not 'Hispanic: 0' => 'Asian: 0'
c1 rule: not 'Other: 0' => 'Asian: 0'
c1 rule: 'Number_of_Priors: (14.0..21.0]' => 'Asian: 0'
c1 rule: not 'Female: 0', not 'Misdemeanor: 0' => 'Asian: 0'
c1 # of rules: 7
c1 rule time: 0.0121

c1 computing class: 1
c1 discrimination constraints: 188h
c1 coverage constraints: 10v+151h
c1 formula: 42v, 387c (355h+32s)
c1 enumerating rules (maxsat-based)
c1 # of rules: 0
c1 rule time: 0.0021

c2 total rules: 7

c0 computing feature 7
c1 computing class: 0
c1 discrimination constraints: 33h
c1 coverage constraints: 165v+2476h
c1 formula: 197v, 2557c (2525h+32s)
c1 enumerating rules (maxsat-based)
c1 rule: not 'Other: 0' => 'Hispanic: 0'
c1 rule: not 'Native_American: 0' => 'Hispanic: 0'
c1 rule: 'Number_of_Priors: (28.0..+inf)' => 'Hispanic: 0'
c1 rule: 'Number_of_Priors: (21.0..28.0]' => 'Hispanic: 0'
c1 rule: 'Number_of_Priors: (14.0..21.0]', not 'Misdemeanor: 0' => 'Hispanic: 0'
c1 # of rules: 5
c1 rule time: 0.0125

c1 computing class: 1
c1 discrimination constraints: 165h
c1 coverage constraints: 33v+496h
c1 formula: 65v, 709c (677h+32s)
c1 enumerating rules (maxsat-based)
c1 # of rules: 0
c1 rule time: 0.0028

c2 total rules: 5

c0 computing feature 8
c1 computing class: 0
c1 discrimination constraints: 8h
c1 coverage constraints: 190v+2851h
c1 formula: 222v, 2907c (2875h+32s)
c1 enumerating rules (maxsat-based)
c1 rule: not 'Other: 0' => 'Native_American: 0'
c1 rule: not 'Female: 0', not 'Misdemeanor: 0' => 'Native_American: 0'
c1 # of rules: 2
c1 rule time: 0.0107

c1 computing class: 1
c1 discrimination constraints: 190h
c1 coverage constraints: 8v+121h
c1 formula: 40v, 359c (327h+32s)
c1 enumerating rules (maxsat-based)
c1 # of rules: 0
c1 rule time: 0.0020

c2 total rules: 2

c0 computing feature 9
c1 computing class: 0
c1 discrimination constraints: 30h
c1 coverage constraints: 168v+2521h
c1 formula: 200v, 2599c (2567h+32s)
c1 enumerating rules (maxsat-based)
c1 # of rules: 0
c1 rule time: 0.0086

c1 computing class: 1
c1 discrimination constraints: 168h
c1 coverage constraints: 30v+451h
c1 formula: 62v, 667c (635h+32s)
c1 enumerating rules (maxsat-based)
c1 # of rules: 0
c1 rule time: 0.0029

c2 total rules: 0

c0 computing feature 10
c1 computing class: 0
c1 discrimination constraints: 71h
c1 coverage constraints: 127v+1906h
c1 formula: 159v, 2025c (1993h+32s)
c1 enumerating rules (maxsat-based)
c1 rule: 'Number_of_Priors: (28.0..+inf)' => 'Female: 0'
c1 # of rules: 1
c1 rule time: 0.0161

c1 computing class: 1
c1 discrimination constraints: 127h
c1 coverage constraints: 71v+1066h
c1 formula: 103v, 1241c (1209h+32s)
c1 enumerating rules (maxsat-based)
c1 # of rules: 0
c1 rule time: 0.0029

c2 total rules: 1

c0 computing feature 11
c1 computing class: 0
c1 discrimination constraints: 81h
c1 coverage constraints: 117v+1756h
c1 formula: 149v, 1885c (1853h+32s)
c1 enumerating rules (maxsat-based)
c1 # of rules: 0
c1 rule time: 0.0148

c1 computing class: 1
c1 discrimination constraints: 117h
c1 coverage constraints: 81v+1216h
c1 formula: 113v, 1381c (1349h+32s)
c1 enumerating rules (maxsat-based)
c1 # of rules: 0
c1 rule time: 0.0068

c2 total rules: 0
c3 total time: 0.6254

Rules are saved to ../rules/all/q5_compas_train5.csv.json