c0 # of samps: 4938 (363 weighted)
c0 # of feats: 11 (16 binary)
c0 # of labls: 2
c0 parse time: 0.3322


c0 computing feature 1
c1 computing class: (-inf..5.83]
c1 discrimination constraints: 120h
c1 coverage constraints: 102v+1123h
c1 formula: 134v, 1291c (1259h+32s)
c1 enumerating rules (maxsat-based)
c1 rule: not 'Age_Below_TwentyFive: 0', not 'Asian: 0' => 'Number_of_Priors: (-inf..5.83]'
c1 rule: not 'Age_Below_TwentyFive: 0', not 'Native_American: 0' => 'Number_of_Priors: (-inf..5.83]'
c1 rule: 'score_factor: 0', not 'Native_American: 0' => 'Number_of_Priors: (-inf..5.83]'
c1 rule: not 'Native_American: 0', not 'Misdemeanor: 0' => 'Number_of_Priors: (-inf..5.83]'
c1 rule: not 'Age_Above_FourtyFive: 0', not 'Other: 0', not 'Female: 0' => 'Number_of_Priors: (-inf..5.83]'
c1 rule: 'score_factor: 0', not 'Other: 0', not 'Female: 0' => 'Number_of_Priors: (-inf..5.83]'
c1 rule: not 'Age_Above_FourtyFive: 0', not 'Hispanic: 0', not 'Female: 0' => 'Number_of_Priors: (-inf..5.83]'
c1 rule: 'score_factor: 0', not 'Age_Below_TwentyFive: 0', not 'Misdemeanor: 0' => 'Number_of_Priors: (-inf..5.83]'
c1 rule: 'score_factor: 0', not 'Age_Below_TwentyFive: 0', not 'Hispanic: 0' => 'Number_of_Priors: (-inf..5.83]'
c1 rule: 'score_factor: 0', not 'Age_Below_TwentyFive: 0', not 'Female: 0' => 'Number_of_Priors: (-inf..5.83]'
c1 rule: not 'Age_Below_TwentyFive: 0', not 'Other: 0', not 'Misdemeanor: 0' => 'Number_of_Priors: (-inf..5.83]'
c1 rule: not 'score_factor: 0', not 'Other: 0', not 'Misdemeanor: 0' => 'Number_of_Priors: (-inf..5.83]'
c1 rule: not 'score_factor: 0', not 'Age_Above_FourtyFive: 0', not 'Asian: 0' => 'Number_of_Priors: (-inf..5.83]'
c1 rule: not 'Age_Above_FourtyFive: 0', not 'Asian: 0', not 'Misdemeanor: 0' => 'Number_of_Priors: (-inf..5.83]'
c1 rule: not 'Age_Above_FourtyFive: 0', not 'Other: 0', not 'Misdemeanor: 0' => 'Number_of_Priors: (-inf..5.83]'
c1 rule: 'score_factor: 0', not 'Age_Below_TwentyFive: 0', not 'Other: 0' => 'Number_of_Priors: (-inf..5.83]'
c1 rule: not 'Age_Below_TwentyFive: 0', not 'Other: 0', not 'Female: 0' => 'Number_of_Priors: (-inf..5.83]'
c1 rule: 'Age_Above_FourtyFive: 0', not 'Native_American: 0', not 'Female: 0' => 'Number_of_Priors: (-inf..5.83]'
c1 rule: 'Age_Above_FourtyFive: 0', not 'Asian: 0', not 'Female: 0' => 'Number_of_Priors: (-inf..5.83]'
c1 rule: not 'Age_Below_TwentyFive: 0', not 'Hispanic: 0', not 'Female: 0' => 'Number_of_Priors: (-inf..5.83]'
c1 rule: 'Female: 0', not 'Age_Above_FourtyFive: 0', not 'Asian: 0' => 'Number_of_Priors: (-inf..5.83]'
c1 rule: 'score_factor: 0', 'Female: 0', 'Misdemeanor: 0', not 'Asian: 0' => 'Number_of_Priors: (-inf..5.83]'
c1 rule: 'score_factor: 0', not 'Hispanic: 0', not 'Female: 0', not 'Misdemeanor: 0' => 'Number_of_Priors: (-inf..5.83]'
c1 rule: 'score_factor: 0', not 'Age_Above_FourtyFive: 0', not 'Hispanic: 0', not 'Misdemeanor: 0' => 'Number_of_Priors: (-inf..5.83]'
c1 # of rules: 24
c1 rule time: 0.0186

c1 computing class: (11.67..17.5]
c1 discrimination constraints: 195h
c1 coverage constraints: 27v+298h
c1 formula: 59v, 541c (509h+32s)
c1 enumerating rules (maxsat-based)
c1 rule: not 'Age_Above_FourtyFive: 0', not 'Native_American: 0' => 'Number_of_Priors: (11.67..17.5]'
c1 rule: 'Age_Below_TwentyFive: 0', 'Misdemeanor: 0', not 'score_factor: 0', not 'Hispanic: 0', not 'Female: 0' => 'Number_of_Priors: (11.67..17.5]'
c1 # of rules: 2
c1 rule time: 0.0032

c1 computing class: (17.5..23.33]
c1 discrimination constraints: 204h
c1 coverage constraints: 18v+199h
c1 formula: 50v, 451c (419h+32s)
c1 enumerating rules (maxsat-based)
c1 # of rules: 0
c1 rule time: 0.0019

c1 computing class: (23.33..29.17]
c1 discrimination constraints: 214h
c1 coverage constraints: 8v+89h
c1 formula: 40v, 351c (319h+32s)
c1 enumerating rules (maxsat-based)
c1 # of rules: 0
c1 rule time: 0.0015

c1 computing class: (29.17..+inf)
c1 discrimination constraints: 218h
c1 coverage constraints: 4v+45h
c1 formula: 36v, 311c (279h+32s)
c1 enumerating rules (maxsat-based)
c1 # of rules: 0
c1 rule time: 0.0015

c1 computing class: (5.83..11.67]
c1 discrimination constraints: 159h
c1 coverage constraints: 63v+694h
c1 formula: 95v, 901c (869h+32s)
c1 enumerating rules (maxsat-based)
c1 rule: not 'Age_Above_FourtyFive: 0', not 'Asian: 0', not 'Female: 0' => 'Number_of_Priors: (5.83..11.67]'
c1 rule: 'Female: 0', 'Misdemeanor: 0', not 'score_factor: 0', not 'Native_American: 0' => 'Number_of_Priors: (5.83..11.67]'
c1 rule: 'Age_Below_TwentyFive: 0', not 'score_factor: 0', not 'Hispanic: 0', not 'Female: 0', not 'Misdemeanor: 0' => 'Number_of_Priors: (5.83..11.67]'
c1 # of rules: 3
c1 rule time: 0.0048

c2 total rules: 29

c0 computing feature 2
c1 computing class: 0
c1 discrimination constraints: 126h
c1 coverage constraints: 96v+1537h
c1 formula: 130v, 1714c (1680h+34s)
c1 enumerating rules (maxsat-based)
c1 rule: not 'Asian: 0', not 'Misdemeanor: 0' => 'score_factor: 0'
c1 rule: not 'Asian: 0', not 'Female: 0' => 'score_factor: 0'
c1 rule: 'Number_of_Priors: (17.5..23.33]', not 'Other: 0' => 'score_factor: 0'
c1 rule: 'Number_of_Priors: (11.67..17.5]', not 'Age_Above_FourtyFive: 0', not 'Hispanic: 0' => 'score_factor: 0'
c1 rule: 'Number_of_Priors: (17.5..23.33]', not 'Age_Above_FourtyFive: 0', not 'Hispanic: 0' => 'score_factor: 0'
c1 rule: not 'Age_Above_FourtyFive: 0', not 'Other: 0', not 'Misdemeanor: 0' => 'score_factor: 0'
c1 rule: not 'Age_Above_FourtyFive: 0', not 'Other: 0', not 'Female: 0' => 'score_factor: 0'
c1 rule: 'Number_of_Priors: (5.83..11.67]', not 'Age_Above_FourtyFive: 0', not 'Other: 0' => 'score_factor: 0'
c1 rule: 'Number_of_Priors: (17.5..23.33]', 'African_American: 0', 'Female: 0', not 'Misdemeanor: 0' => 'score_factor: 0'
c1 rule: 'Number_of_Priors: (-inf..5.83]', not 'Age_Above_FourtyFive: 0', not 'African_American: 0', not 'Female: 0', not 'Misdemeanor: 0' => 'score_factor: 0'
c1 # of rules: 10
c1 rule time: 0.0165

c1 computing class: 1
c1 discrimination constraints: 96h
c1 coverage constraints: 126v+2017h
c1 formula: 160v, 2164c (2130h+34s)
c1 enumerating rules (maxsat-based)
c1 rule: 'Number_of_Priors: (29.17..+inf)' => 'score_factor: 1'
c1 rule: 'Number_of_Priors: (23.33..29.17]' => 'score_factor: 1'
c1 rule: not 'Age_Below_TwentyFive: 0', not 'Native_American: 0' => 'score_factor: 1'
c1 rule: 'Number_of_Priors: (11.67..17.5]', not 'Other: 0' => 'score_factor: 1'
c1 rule: not 'Native_American: 0', not 'Female: 0' => 'score_factor: 1'
c1 rule: 'Number_of_Priors: (11.67..17.5]', not 'Female: 0' => 'score_factor: 1'
c1 rule: 'Number_of_Priors: (17.5..23.33]', not 'Female: 0' => 'score_factor: 1'
c1 rule: not 'Native_American: 0', not 'Misdemeanor: 0' => 'score_factor: 1'
c1 rule: 'Number_of_Priors: (11.67..17.5]', not 'Age_Below_TwentyFive: 0' => 'score_factor: 1'
c1 rule: 'Number_of_Priors: (17.5..23.33]', 'Age_Above_FourtyFive: 0', not 'Misdemeanor: 0' => 'score_factor: 1'
c1 rule: 'Number_of_Priors: (17.5..23.33]', 'Age_Above_FourtyFive: 0', 'African_American: 0' => 'score_factor: 1'
c1 rule: 'Number_of_Priors: (11.67..17.5]', 'Age_Above_FourtyFive: 0', not 'Hispanic: 0' => 'score_factor: 1'
c1 rule: 'Number_of_Priors: (17.5..23.33]', 'Misdemeanor: 0', not 'Age_Above_FourtyFive: 0', not 'African_American: 0' => 'score_factor: 1'
c1 rule: 'Number_of_Priors: (11.67..17.5]', 'Age_Above_FourtyFive: 0', 'African_American: 0', not 'Misdemeanor: 0' => 'score_factor: 1'
c1 rule: 'Number_of_Priors: (17.5..23.33]', 'Hispanic: 0', 'Other: 0', 'Misdemeanor: 0', not 'Age_Above_FourtyFive: 0' => 'score_factor: 1'
c1 # of rules: 15
c1 rule time: 0.0221

c2 total rules: 25

c0 computing feature 3
c1 computing class: 0
c1 discrimination constraints: 78h
c1 coverage constraints: 144v+2305h
c1 formula: 178v, 2434c (2400h+34s)
c1 enumerating rules (maxsat-based)
c1 rule: not 'Age_Below_TwentyFive: 0' => 'Age_Above_FourtyFive: 0'
c1 rule: 'Number_of_Priors: (23.33..29.17]', not 'Hispanic: 0' => 'Age_Above_FourtyFive: 0'
c1 rule: 'Number_of_Priors: (29.17..+inf)', not 'Other: 0' => 'Age_Above_FourtyFive: 0'
c1 rule: 'Number_of_Priors: (29.17..+inf)', not 'Misdemeanor: 0' => 'Age_Above_FourtyFive: 0'
c1 rule: 'Number_of_Priors: (17.5..23.33]', 'African_American: 0', not 'Female: 0' => 'Age_Above_FourtyFive: 0'
c1 rule: 'Number_of_Priors: (11.67..17.5]', not 'Female: 0', not 'Misdemeanor: 0' => 'Age_Above_FourtyFive: 0'
c1 rule: 'Number_of_Priors: (11.67..17.5]', not 'African_American: 0', not 'Female: 0' => 'Age_Above_FourtyFive: 0'
c1 # of rules: 7
c1 rule time: 0.0201

c1 computing class: 1
c1 discrimination constraints: 144h
c1 coverage constraints: 78v+1249h
c1 formula: 112v, 1444c (1410h+34s)
c1 enumerating rules (maxsat-based)
c1 rule: 'Number_of_Priors: (23.33..29.17]', not 'Female: 0' => 'Age_Above_FourtyFive: 1'
c1 rule: 'Number_of_Priors: (23.33..29.17]', 'African_American: 0', 'Hispanic: 0' => 'Age_Above_FourtyFive: 1'
c1 rule: 'Number_of_Priors: (29.17..+inf)', 'Misdemeanor: 0', not 'African_American: 0' => 'Age_Above_FourtyFive: 1'
c1 rule: 'Number_of_Priors: (29.17..+inf)', 'African_American: 0', 'Other: 0' => 'Age_Above_FourtyFive: 1'
c1 # of rules: 4
c1 rule time: 0.0076

c2 total rules: 11

c0 computing feature 4
c1 computing class: 0
c1 discrimination constraints: 51h
c1 coverage constraints: 171v+2737h
c1 formula: 205v, 2839c (2805h+34s)
c1 enumerating rules (maxsat-based)
c1 rule: 'Number_of_Priors: (17.5..23.33]' => 'Age_Below_TwentyFive: 0'
c1 rule: 'Number_of_Priors: (29.17..+inf)' => 'Age_Below_TwentyFive: 0'
c1 rule: 'Number_of_Priors: (23.33..29.17]' => 'Age_Below_TwentyFive: 0'
c1 rule: not 'Asian: 0', not 'Female: 0' => 'Age_Below_TwentyFive: 0'
c1 rule: 'Misdemeanor: 0', not 'Native_American: 0' => 'Age_Below_TwentyFive: 0'
c1 rule: 'Number_of_Priors: (11.67..17.5]', not 'Other: 0' => 'Age_Below_TwentyFive: 0'
c1 rule: 'Number_of_Priors: (11.67..17.5]', 'African_American: 0' => 'Age_Below_TwentyFive: 0'
c1 rule: 'Number_of_Priors: (11.67..17.5]', not 'Female: 0' => 'Age_Below_TwentyFive: 0'
c1 # of rules: 8
c1 rule time: 0.0167

c1 computing class: 1
c1 discrimination constraints: 171h
c1 coverage constraints: 51v+817h
c1 formula: 85v, 1039c (1005h+34s)
c1 enumerating rules (maxsat-based)
c1 # of rules: 0
c1 rule time: 0.0048

c2 total rules: 8

c0 computing feature 5
c1 computing class: 0
c1 discrimination constraints: 73h
c1 coverage constraints: 149v+2385h
c1 formula: 183v, 2509c (2475h+34s)
c1 enumerating rules (maxsat-based)
c1 rule: not 'Other: 0' => 'African_American: 0'
c1 rule: not 'Native_American: 0' => 'African_American: 0'
c1 rule: not 'Hispanic: 0' => 'African_American: 0'
c1 rule: not 'Asian: 0' => 'African_American: 0'
c1 # of rules: 4
c1 rule time: 0.0124

c1 computing class: 1
c1 discrimination constraints: 149h
c1 coverage constraints: 73v+1169h
c1 formula: 107v, 1369c (1335h+34s)
c1 enumerating rules (maxsat-based)
c1 rule: 'Number_of_Priors: (23.33..29.17]', not 'Misdemeanor: 0' => 'African_American: 1'
c1 rule: 'Number_of_Priors: (11.67..17.5]', not 'Female: 0', not 'Misdemeanor: 0' => 'African_American: 1'
c1 # of rules: 2
c1 rule time: 0.0087

c2 total rules: 6

c0 computing feature 6
c1 computing class: 0
c1 discrimination constraints: 13h
c1 coverage constraints: 209v+3345h
c1 formula: 243v, 3409c (3375h+34s)
c1 enumerating rules (maxsat-based)
c1 rule: 'Number_of_Priors: (23.33..29.17]' => 'Asian: 0'
c1 rule: 'Number_of_Priors: (11.67..17.5]' => 'Asian: 0'
c1 rule: not 'Hispanic: 0' => 'Asian: 0'
c1 rule: 'Number_of_Priors: (17.5..23.33]' => 'Asian: 0'
c1 rule: not 'Other: 0' => 'Asian: 0'
c1 rule: not 'Native_American: 0' => 'Asian: 0'
c1 rule: not 'Female: 0', not 'Misdemeanor: 0' => 'Asian: 0'
c1 # of rules: 7
c1 rule time: 0.0155

c1 computing class: 1
c1 discrimination constraints: 209h
c1 coverage constraints: 13v+209h
c1 formula: 47v, 469c (435h+34s)
c1 enumerating rules (maxsat-based)
c1 # of rules: 0
c1 rule time: 0.0025

c2 total rules: 7

c0 computing feature 7
c1 computing class: 0
c1 discrimination constraints: 37h
c1 coverage constraints: 185v+2961h
c1 formula: 219v, 3049c (3015h+34s)
c1 enumerating rules (maxsat-based)
c1 rule: not 'Other: 0' => 'Hispanic: 0'
c1 rule: not 'Native_American: 0' => 'Hispanic: 0'
c1 rule: 'Number_of_Priors: (29.17..+inf)' => 'Hispanic: 0'
c1 rule: 'Number_of_Priors: (11.67..17.5]', not 'Misdemeanor: 0' => 'Hispanic: 0'
c1 # of rules: 4
c1 rule time: 0.0147

c1 computing class: 1
c1 discrimination constraints: 185h
c1 coverage constraints: 37v+593h
c1 formula: 71v, 829c (795h+34s)
c1 enumerating rules (maxsat-based)
c1 # of rules: 0
c1 rule time: 0.0038

c2 total rules: 4

c0 computing feature 8
c1 computing class: 0
c1 discrimination constraints: 6h
c1 coverage constraints: 216v+3457h
c1 formula: 250v, 3514c (3480h+34s)
c1 enumerating rules (maxsat-based)
c1 rule: not 'Other: 0' => 'Native_American: 0'
c1 rule: not 'Age_Below_TwentyFive: 0', not 'Female: 0' => 'Native_American: 0'
c1 rule: not 'Female: 0', not 'Misdemeanor: 0' => 'Native_American: 0'
c1 # of rules: 3
c1 rule time: 0.0122

c1 computing class: 1
c1 discrimination constraints: 216h
c1 coverage constraints: 6v+97h
c1 formula: 40v, 364c (330h+34s)
c1 enumerating rules (maxsat-based)
c1 # of rules: 0
c1 rule time: 0.0022

c2 total rules: 3

c0 computing feature 9
c1 computing class: 0
c1 discrimination constraints: 31h
c1 coverage constraints: 191v+3057h
c1 formula: 225v, 3139c (3105h+34s)
c1 enumerating rules (maxsat-based)
c1 rule: 'Number_of_Priors: (23.33..29.17]' => 'Other: 0'
c1 rule: 'Number_of_Priors: (11.67..17.5]', not 'Female: 0' => 'Other: 0'
c1 # of rules: 2
c1 rule time: 0.0110

c1 computing class: 1
c1 discrimination constraints: 191h
c1 coverage constraints: 31v+497h
c1 formula: 65v, 739c (705h+34s)
c1 enumerating rules (maxsat-based)
c1 # of rules: 0
c1 rule time: 0.0035

c2 total rules: 2

c0 computing feature 10
c1 computing class: 0
c1 discrimination constraints: 81h
c1 coverage constraints: 141v+2257h
c1 formula: 175v, 2389c (2355h+34s)
c1 enumerating rules (maxsat-based)
c1 rule: 'Number_of_Priors: (29.17..+inf)' => 'Female: 0'
c1 rule: 'Number_of_Priors: (23.33..29.17]', not 'Misdemeanor: 0' => 'Female: 0'
c1 # of rules: 2
c1 rule time: 0.0226

c1 computing class: 1
c1 discrimination constraints: 141h
c1 coverage constraints: 81v+1297h
c1 formula: 115v, 1489c (1455h+34s)
c1 enumerating rules (maxsat-based)
c1 # of rules: 0
c1 rule time: 0.0065

c2 total rules: 2

c0 computing feature 11
c1 computing class: 0
c1 discrimination constraints: 94h
c1 coverage constraints: 128v+2049h
c1 formula: 162v, 2194c (2160h+34s)
c1 enumerating rules (maxsat-based)
c1 # of rules: 0
c1 rule time: 0.0172

c1 computing class: 1
c1 discrimination constraints: 128h
c1 coverage constraints: 94v+1505h
c1 formula: 128v, 1684c (1650h+34s)
c1 enumerating rules (maxsat-based)
c1 # of rules: 0
c1 rule time: 0.0100

c2 total rules: 0
c3 total time: 0.6714

Rules are saved to ../rules/all/q6_compas_train5.csv.json