c0 # of samps: 276 (206 weighted)
c0 # of feats: 6 (24 binary)
c0 # of labls: 2
c0 parse time: 0.2766


c0 computing feature 1
c1 computing class: (-inf..84.25]
c1 discrimination constraints: 155h
c1 coverage constraints: 22v+463h
c1 formula: 70v, 690c (642h+48s)
c1 enumerating rules (maxsat-based)
c1 rule: 'Sgot: (-inf..20.5]', 'Gammagt: (89.75..+inf)' => 'Mcv: (-inf..84.25]'
c1 rule: 'Sgpt: (60.0..+inf)', 'Gammagt: (28.25..52.5]', 'Drinks: (-inf..2.75]' => 'Mcv: (-inf..84.25]'
c1 rule: 'Sgot: (-inf..20.5]', 'Drinks: (6.5..10.5]', not 'Sgpt: (-inf..23.5]' => 'Mcv: (-inf..84.25]'
c1 rule: 'Sgpt: (40.0..60.0]', 'Sgot: (-inf..20.5]', not 'Gammagt: (52.5..89.75]' => 'Mcv: (-inf..84.25]'
c1 rule: 'Alkphos: (54.25..73.5]', 'Sgpt: (-inf..23.5]', 'Gammagt: (52.5..89.75]' => 'Mcv: (-inf..84.25]'
c1 rule: 'Alkphos: (54.25..73.5]', 'Sgot: (-inf..20.5]', 'Gammagt: (52.5..89.75]' => 'Mcv: (-inf..84.25]'
c1 rule: 'Sgpt: (23.5..40.0]', 'Sgot: (32.0..46.0]', 'Gammagt: (52.5..89.75]' => 'Mcv: (-inf..84.25]'
c1 rule: 'Sgpt: (60.0..+inf)', 'Drinks: (2.75..6.5]', not 'Alkphos: (-inf..54.25]', not 'Sgot: (46.0..+inf)' => 'Mcv: (-inf..84.25]'
c1 rule: 'Alkphos: (92.75..+inf)', 'Sgot: (20.5..32.0]', 'Gammagt: (-inf..28.25]', 'Drinks: (2.75..6.5]' => 'Mcv: (-inf..84.25]'
c1 # of rules: 9
c1 rule time: 0.0101

c1 computing class: (84.25..90.5]
c1 discrimination constraints: 112h
c1 coverage constraints: 65v+1366h
c1 formula: 113v, 1550c (1502h+48s)
c1 enumerating rules (maxsat-based)
c1 rule: 'Sgot: (46.0..+inf)', 'Gammagt: (-inf..28.25]' => 'Mcv: (84.25..90.5]'
c1 rule: 'Alkphos: (73.5..92.75]', 'Sgpt: (23.5..40.0]', 'Gammagt: (52.5..89.75]' => 'Mcv: (84.25..90.5]'
c1 rule: 'Sgpt: (60.0..+inf)', 'Sgot: (20.5..32.0]', not 'Drinks: (6.5..10.5]' => 'Mcv: (84.25..90.5]'
c1 rule: 'Alkphos: (54.25..73.5]', 'Sgpt: (60.0..+inf)', 'Drinks: (6.5..10.5]' => 'Mcv: (84.25..90.5]'
c1 rule: 'Alkphos: (54.25..73.5]', 'Sgot: (32.0..46.0]', 'Drinks: (6.5..10.5]' => 'Mcv: (84.25..90.5]'
c1 rule: 'Sgpt: (23.5..40.0]', 'Sgot: (32.0..46.0]', 'Gammagt: (-inf..28.25]' => 'Mcv: (84.25..90.5]'
c1 rule: 'Sgot: (32.0..46.0]', 'Gammagt: (-inf..28.25]', not 'Alkphos: (92.75..+inf)' => 'Mcv: (84.25..90.5]'
c1 rule: 'Alkphos: (-inf..54.25]', 'Sgpt: (-inf..23.5]', 'Drinks: (6.5..10.5]' => 'Mcv: (84.25..90.5]'
c1 rule: 'Alkphos: (-inf..54.25]', 'Gammagt: (28.25..52.5]', not 'Sgot: (20.5..32.0]' => 'Mcv: (84.25..90.5]'
c1 rule: 'Sgpt: (-inf..23.5]', 'Sgot: (32.0..46.0]', 'Drinks: (2.75..6.5]' => 'Mcv: (84.25..90.5]'
c1 rule: 'Sgpt: (23.5..40.0]', 'Sgot: (32.0..46.0]', 'Drinks: (-inf..2.75]' => 'Mcv: (84.25..90.5]'
c1 rule: 'Sgpt: (23.5..40.0]', 'Sgot: (46.0..+inf)', not 'Drinks: (6.5..10.5]' => 'Mcv: (84.25..90.5]'
c1 rule: 'Alkphos: (73.5..92.75]', 'Sgot: (-inf..20.5]', not 'Drinks: (-inf..2.75]' => 'Mcv: (84.25..90.5]'
c1 rule: 'Sgpt: (40.0..60.0]', 'Gammagt: (89.75..+inf)', not 'Sgot: (32.0..46.0]' => 'Mcv: (84.25..90.5]'
c1 rule: 'Sgot: (20.5..32.0]', 'Gammagt: (89.75..+inf)', 'Drinks: (2.75..6.5]' => 'Mcv: (84.25..90.5]'
c1 rule: 'Sgpt: (40.0..60.0]', 'Gammagt: (89.75..+inf)', 'Drinks: (6.5..10.5]' => 'Mcv: (84.25..90.5]'
c1 rule: 'Sgpt: (40.0..60.0]', 'Sgot: (20.5..32.0]', 'Gammagt: (-inf..28.25]' => 'Mcv: (84.25..90.5]'
c1 rule: 'Alkphos: (73.5..92.75]', 'Gammagt: (52.5..89.75]', 'Drinks: (-inf..2.75]' => 'Mcv: (84.25..90.5]'
c1 rule: 'Alkphos: (-inf..54.25]', 'Gammagt: (52.5..89.75]', 'Drinks: (-inf..2.75]' => 'Mcv: (84.25..90.5]'
c1 rule: 'Alkphos: (-inf..54.25]', 'Sgpt: (23.5..40.0]', 'Gammagt: (-inf..28.25]', not 'Sgot: (-inf..20.5]' => 'Mcv: (84.25..90.5]'
c1 rule: 'Alkphos: (54.25..73.5]', 'Sgpt: (-inf..23.5]', 'Gammagt: (28.25..52.5]', not 'Sgot: (-inf..20.5]' => 'Mcv: (84.25..90.5]'
c1 rule: 'Sgpt: (-inf..23.5]', 'Gammagt: (28.25..52.5]', not 'Sgot: (20.5..32.0]', not 'Drinks: (2.75..6.5]' => 'Mcv: (84.25..90.5]'
c1 rule: 'Sgot: (-inf..20.5]', 'Gammagt: (28.25..52.5]', 'Drinks: (2.75..6.5]', not 'Sgpt: (-inf..23.5]' => 'Mcv: (84.25..90.5]'
c1 rule: 'Alkphos: (54.25..73.5]', 'Sgpt: (40.0..60.0]', 'Sgot: (20.5..32.0]', not 'Gammagt: (28.25..52.5]' => 'Mcv: (84.25..90.5]'
c1 rule: 'Alkphos: (54.25..73.5]', 'Sgpt: (23.5..40.0]', 'Gammagt: (52.5..89.75]', 'Drinks: (-inf..2.75]' => 'Mcv: (84.25..90.5]'
c1 rule: 'Alkphos: (-inf..54.25]', 'Sgpt: (23.5..40.0]', 'Drinks: (6.5..10.5]', not 'Gammagt: (28.25..52.5]' => 'Mcv: (84.25..90.5]'
c1 rule: 'Sgpt: (-inf..23.5]', 'Sgot: (20.5..32.0]', 'Drinks: (6.5..10.5]', not 'Gammagt: (89.75..+inf)' => 'Mcv: (84.25..90.5]'
c1 rule: 'Alkphos: (92.75..+inf)', 'Sgot: (20.5..32.0]', 'Gammagt: (-inf..28.25]', not 'Drinks: (2.75..6.5]' => 'Mcv: (84.25..90.5]'
c1 rule: 'Alkphos: (92.75..+inf)', 'Sgot: (-inf..20.5]', 'Gammagt: (-inf..28.25]', not 'Drinks: (6.5..10.5]' => 'Mcv: (84.25..90.5]'
c1 rule: 'Alkphos: (92.75..+inf)', 'Sgpt: (23.5..40.0]', 'Sgot: (20.5..32.0]', not 'Drinks: (-inf..2.75]' => 'Mcv: (84.25..90.5]'
c1 rule: 'Alkphos: (92.75..+inf)', 'Sgpt: (23.5..40.0]', 'Sgot: (20.5..32.0]', 'Gammagt: (28.25..52.5]' => 'Mcv: (84.25..90.5]'
c1 # of rules: 31
c1 rule time: 0.0376

c1 computing class: (90.5..96.75]
c1 discrimination constraints: 106h
c1 coverage constraints: 71v+1492h
c1 formula: 119v, 1670c (1622h+48s)
c1 enumerating rules (maxsat-based)
c1 rule: 'Gammagt: (-inf..28.25]', 'Drinks: (10.5..+inf)' => 'Mcv: (90.5..96.75]'
c1 rule: 'Gammagt: (89.75..+inf)', 'Drinks: (10.5..+inf)' => 'Mcv: (90.5..96.75]'
c1 rule: 'Sgpt: (-inf..23.5]', 'Gammagt: (89.75..+inf)' => 'Mcv: (90.5..96.75]'
c1 rule: 'Alkphos: (92.75..+inf)', 'Sgpt: (60.0..+inf)' => 'Mcv: (90.5..96.75]'
c1 rule: 'Sgot: (46.0..+inf)', 'Gammagt: (28.25..52.5]' => 'Mcv: (90.5..96.75]'
c1 rule: 'Sgpt: (40.0..60.0]', 'Sgot: (46.0..+inf)' => 'Mcv: (90.5..96.75]'
c1 rule: 'Sgot: (46.0..+inf)', 'Gammagt: (52.5..89.75]' => 'Mcv: (90.5..96.75]'
c1 rule: 'Alkphos: (54.25..73.5]', 'Sgot: (-inf..20.5]', 'Drinks: (6.5..10.5]' => 'Mcv: (90.5..96.75]'
c1 rule: 'Gammagt: (28.25..52.5]', 'Drinks: (6.5..10.5]', not 'Sgot: (20.5..32.0]' => 'Mcv: (90.5..96.75]'
c1 rule: 'Gammagt: (28.25..52.5]', 'Drinks: (6.5..10.5]', not 'Alkphos: (54.25..73.5]' => 'Mcv: (90.5..96.75]'
c1 rule: 'Gammagt: (28.25..52.5]', 'Drinks: (6.5..10.5]', not 'Sgpt: (23.5..40.0]' => 'Mcv: (90.5..96.75]'
c1 rule: 'Alkphos: (-inf..54.25]', 'Sgpt: (40.0..60.0]', 'Drinks: (6.5..10.5]' => 'Mcv: (90.5..96.75]'
c1 rule: 'Alkphos: (-inf..54.25]', 'Sgpt: (40.0..60.0]', not 'Gammagt: (-inf..28.25]' => 'Mcv: (90.5..96.75]'
c1 rule: 'Alkphos: (73.5..92.75]', 'Gammagt: (52.5..89.75]', 'Drinks: (6.5..10.5]' => 'Mcv: (90.5..96.75]'
c1 rule: 'Alkphos: (54.25..73.5]', 'Gammagt: (89.75..+inf)', 'Drinks: (-inf..2.75]' => 'Mcv: (90.5..96.75]'
c1 rule: 'Gammagt: (89.75..+inf)', 'Drinks: (-inf..2.75]', not 'Alkphos: (73.5..92.75]' => 'Mcv: (90.5..96.75]'
c1 rule: 'Sgot: (32.0..46.0]', 'Gammagt: (-inf..28.25]', not 'Alkphos: (-inf..54.25]' => 'Mcv: (90.5..96.75]'
c1 rule: 'Alkphos: (92.75..+inf)', 'Gammagt: (52.5..89.75]', 'Drinks: (-inf..2.75]' => 'Mcv: (90.5..96.75]'
c1 rule: 'Sgpt: (60.0..+inf)', not 'Gammagt: (89.75..+inf)', not 'Drinks: (-inf..2.75]' => 'Mcv: (90.5..96.75]'
c1 rule: 'Sgot: (32.0..46.0]', 'Gammagt: (28.25..52.5]', not 'Drinks: (-inf..2.75]' => 'Mcv: (90.5..96.75]'
c1 rule: 'Sgpt: (23.5..40.0]', 'Sgot: (32.0..46.0]', 'Gammagt: (89.75..+inf)' => 'Mcv: (90.5..96.75]'
c1 rule: 'Alkphos: (92.75..+inf)', 'Sgpt: (40.0..60.0]', 'Sgot: (20.5..32.0]' => 'Mcv: (90.5..96.75]'
c1 rule: 'Alkphos: (92.75..+inf)', 'Sgpt: (-inf..23.5]', 'Gammagt: (28.25..52.5]' => 'Mcv: (90.5..96.75]'
c1 rule: 'Alkphos: (73.5..92.75]', 'Sgot: (20.5..32.0]', 'Gammagt: (28.25..52.5]', 'Drinks: (2.75..6.5]' => 'Mcv: (90.5..96.75]'
c1 rule: 'Gammagt: (28.25..52.5]', not 'Sgpt: (23.5..40.0]', not 'Sgot: (20.5..32.0]', not 'Drinks: (-inf..2.75]' => 'Mcv: (90.5..96.75]'
c1 rule: 'Alkphos: (54.25..73.5]', 'Gammagt: (28.25..52.5]', not 'Sgpt: (23.5..40.0]', not 'Drinks: (2.75..6.5]' => 'Mcv: (90.5..96.75]'
c1 rule: 'Sgpt: (-inf..23.5]', 'Sgot: (20.5..32.0]', 'Gammagt: (28.25..52.5]', 'Drinks: (-inf..2.75]' => 'Mcv: (90.5..96.75]'
c1 rule: 'Alkphos: (-inf..54.25]', 'Sgot: (-inf..20.5]', not 'Gammagt: (-inf..28.25]', not 'Drinks: (-inf..2.75]' => 'Mcv: (90.5..96.75]'
c1 rule: 'Alkphos: (-inf..54.25]', 'Sgot: (-inf..20.5]', not 'Sgpt: (-inf..23.5]', not 'Drinks: (-inf..2.75]' => 'Mcv: (90.5..96.75]'
c1 rule: 'Gammagt: (52.5..89.75]', 'Drinks: (6.5..10.5]', not 'Alkphos: (-inf..54.25]', not 'Sgpt: (40.0..60.0]' => 'Mcv: (90.5..96.75]'
c1 rule: 'Sgot: (-inf..20.5]', 'Drinks: (6.5..10.5]', not 'Alkphos: (-inf..54.25]', not 'Sgpt: (23.5..40.0]' => 'Mcv: (90.5..96.75]'
c1 rule: 'Alkphos: (54.25..73.5]', 'Sgpt: (23.5..40.0]', 'Drinks: (6.5..10.5]', not 'Gammagt: (28.25..52.5]' => 'Mcv: (90.5..96.75]'
c1 rule: 'Sgpt: (23.5..40.0]', 'Gammagt: (28.25..52.5]', 'Drinks: (-inf..2.75]', not 'Alkphos: (54.25..73.5]', not 'Sgot: (20.5..32.0]' => 'Mcv: (90.5..96.75]'
c1 # of rules: 33
c1 rule time: 0.0377

c1 computing class: (96.75..+inf)
c1 discrimination constraints: 158h
c1 coverage constraints: 19v+400h
c1 formula: 67v, 630c (582h+48s)
c1 enumerating rules (maxsat-based)
c1 rule: 'Gammagt: (52.5..89.75]', 'Drinks: (10.5..+inf)' => 'Mcv: (96.75..+inf)'
c1 rule: 'Gammagt: (28.25..52.5]', 'Drinks: (10.5..+inf)' => 'Mcv: (96.75..+inf)'
c1 rule: 'Alkphos: (92.75..+inf)', 'Gammagt: (52.5..89.75]', 'Drinks: (2.75..6.5]' => 'Mcv: (96.75..+inf)'
c1 rule: 'Alkphos: (73.5..92.75]', 'Sgpt: (23.5..40.0]', 'Drinks: (6.5..10.5]' => 'Mcv: (96.75..+inf)'
c1 rule: 'Sgot: (46.0..+inf)', 'Drinks: (-inf..2.75]', not 'Gammagt: (52.5..89.75]' => 'Mcv: (96.75..+inf)'
c1 rule: 'Alkphos: (54.25..73.5]', 'Sgot: (46.0..+inf)', not 'Gammagt: (52.5..89.75]' => 'Mcv: (96.75..+inf)'
c1 rule: 'Alkphos: (-inf..54.25]', 'Gammagt: (89.75..+inf)', not 'Sgpt: (40.0..60.0]' => 'Mcv: (96.75..+inf)'
c1 rule: 'Sgpt: (23.5..40.0]', 'Gammagt: (52.5..89.75]', 'Drinks: (2.75..6.5]', not 'Alkphos: (54.25..73.5]' => 'Mcv: (96.75..+inf)'
c1 rule: 'Alkphos: (54.25..73.5]', 'Gammagt: (28.25..52.5]', 'Drinks: (6.5..10.5]', not 'Sgpt: (40.0..60.0]' => 'Mcv: (96.75..+inf)'
c1 # of rules: 9
c1 rule time: 0.0082

c2 total rules: 82

c0 computing feature 2
c1 computing class: (-inf..54.25]
c1 discrimination constraints: 141h
c1 coverage constraints: 36v+757h
c1 formula: 84v, 970c (922h+48s)
c1 enumerating rules (maxsat-based)
c1 rule: 'Sgpt: (60.0..+inf)', 'Gammagt: (-inf..28.25]', 'Drinks: (6.5..10.5]' => 'Alkphos: (-inf..54.25]'
c1 rule: 'Mcv: (84.25..90.5]', 'Sgpt: (23.5..40.0]', 'Drinks: (6.5..10.5]' => 'Alkphos: (-inf..54.25]'
c1 rule: 'Mcv: (84.25..90.5]', 'Sgot: (-inf..20.5]', 'Drinks: (6.5..10.5]' => 'Alkphos: (-inf..54.25]'
c1 rule: 'Mcv: (84.25..90.5]', 'Gammagt: (52.5..89.75]', 'Drinks: (2.75..6.5]' => 'Alkphos: (-inf..54.25]'
c1 rule: 'Sgot: (32.0..46.0]', 'Gammagt: (-inf..28.25]', not 'Mcv: (90.5..96.75]' => 'Alkphos: (-inf..54.25]'
c1 rule: 'Mcv: (96.75..+inf)', 'Sgpt: (60.0..+inf)', 'Sgot: (32.0..46.0]' => 'Alkphos: (-inf..54.25]'
c1 rule: 'Mcv: (90.5..96.75]', 'Sgpt: (40.0..60.0]', 'Drinks: (2.75..6.5]', not 'Gammagt: (28.25..52.5]' => 'Alkphos: (-inf..54.25]'
c1 rule: 'Mcv: (90.5..96.75]', 'Sgpt: (40.0..60.0]', 'Sgot: (20.5..32.0]', not 'Gammagt: (28.25..52.5]' => 'Alkphos: (-inf..54.25]'
c1 rule: 'Mcv: (96.75..+inf)', 'Sgpt: (-inf..23.5]', 'Drinks: (2.75..6.5]', not 'Sgot: (-inf..20.5]' => 'Alkphos: (-inf..54.25]'
c1 rule: 'Mcv: (-inf..84.25]', 'Gammagt: (-inf..28.25]', not 'Sgpt: (-inf..23.5]', not 'Drinks: (6.5..10.5]' => 'Alkphos: (-inf..54.25]'
c1 rule: 'Mcv: (90.5..96.75]', 'Sgot: (-inf..20.5]', 'Gammagt: (52.5..89.75]', not 'Drinks: (-inf..2.75]' => 'Alkphos: (-inf..54.25]'
c1 rule: 'Sgpt: (23.5..40.0]', 'Gammagt: (28.25..52.5]', 'Drinks: (6.5..10.5]', not 'Mcv: (96.75..+inf)', not 'Sgot: (32.0..46.0]' => 'Alkphos: (-inf..54.25]'
c1 # of rules: 12
c1 rule time: 0.0159

c1 computing class: (54.25..73.5]
c1 discrimination constraints: 110h
c1 coverage constraints: 67v+1408h
c1 formula: 115v, 1590c (1542h+48s)
c1 enumerating rules (maxsat-based)
c1 rule: 'Mcv: (84.25..90.5]', 'Sgpt: (60.0..+inf)' => 'Alkphos: (54.25..73.5]'
c1 rule: 'Gammagt: (-inf..28.25]', 'Drinks: (10.5..+inf)' => 'Alkphos: (54.25..73.5]'
c1 rule: 'Mcv: (-inf..84.25]', 'Gammagt: (52.5..89.75]' => 'Alkphos: (54.25..73.5]'
c1 rule: 'Mcv: (96.75..+inf)', 'Sgot: (46.0..+inf)', 'Drinks: (2.75..6.5]' => 'Alkphos: (54.25..73.5]'
c1 rule: 'Mcv: (96.75..+inf)', 'Gammagt: (-inf..28.25]', not 'Sgot: (20.5..32.0]' => 'Alkphos: (54.25..73.5]'
c1 rule: 'Mcv: (96.75..+inf)', 'Gammagt: (-inf..28.25]', not 'Sgpt: (23.5..40.0]' => 'Alkphos: (54.25..73.5]'
c1 rule: 'Mcv: (96.75..+inf)', 'Gammagt: (-inf..28.25]', 'Drinks: (-inf..2.75]' => 'Alkphos: (54.25..73.5]'
c1 rule: 'Gammagt: (28.25..52.5]', 'Drinks: (6.5..10.5]', not 'Mcv: (90.5..96.75]' => 'Alkphos: (54.25..73.5]'
c1 rule: 'Sgot: (20.5..32.0]', 'Gammagt: (89.75..+inf)', 'Drinks: (2.75..6.5]' => 'Alkphos: (54.25..73.5]'
c1 rule: 'Sgpt: (60.0..+inf)', 'Gammagt: (52.5..89.75]', 'Drinks: (-inf..2.75]' => 'Alkphos: (54.25..73.5]'
c1 rule: 'Mcv: (90.5..96.75]', 'Sgpt: (60.0..+inf)', 'Drinks: (-inf..2.75]' => 'Alkphos: (54.25..73.5]'
c1 rule: 'Sgot: (32.0..46.0]', 'Gammagt: (52.5..89.75]', 'Drinks: (6.5..10.5]' => 'Alkphos: (54.25..73.5]'
c1 rule: 'Mcv: (-inf..84.25]', 'Drinks: (2.75..6.5]', not 'Sgpt: (-inf..23.5]' => 'Alkphos: (54.25..73.5]'
c1 rule: 'Mcv: (-inf..84.25]', 'Drinks: (2.75..6.5]', not 'Sgot: (20.5..32.0]' => 'Alkphos: (54.25..73.5]'
c1 rule: 'Mcv: (96.75..+inf)', 'Sgpt: (40.0..60.0]', not 'Sgot: (32.0..46.0]' => 'Alkphos: (54.25..73.5]'
c1 rule: 'Sgpt: (40.0..60.0]', 'Sgot: (32.0..46.0]', 'Gammagt: (28.25..52.5]' => 'Alkphos: (54.25..73.5]'
c1 rule: 'Mcv: (84.25..90.5]', 'Sgot: (32.0..46.0]', 'Gammagt: (28.25..52.5]' => 'Alkphos: (54.25..73.5]'
c1 rule: 'Mcv: (90.5..96.75]', 'Sgpt: (-inf..23.5]', 'Gammagt: (28.25..52.5]', not 'Sgot: (20.5..32.0]' => 'Alkphos: (54.25..73.5]'
c1 rule: 'Sgpt: (23.5..40.0]', 'Sgot: (32.0..46.0]', 'Drinks: (2.75..6.5]', not 'Gammagt: (28.25..52.5]' => 'Alkphos: (54.25..73.5]'
c1 rule: 'Mcv: (90.5..96.75]', 'Sgpt: (23.5..40.0]', 'Gammagt: (-inf..28.25]', 'Drinks: (6.5..10.5]' => 'Alkphos: (54.25..73.5]'
c1 rule: 'Mcv: (-inf..84.25]', 'Sgpt: (23.5..40.0]', 'Gammagt: (28.25..52.5]', not 'Sgot: (20.5..32.0]' => 'Alkphos: (54.25..73.5]'
c1 rule: 'Sgpt: (23.5..40.0]', 'Gammagt: (52.5..89.75]', 'Drinks: (6.5..10.5]', not 'Mcv: (84.25..90.5]' => 'Alkphos: (54.25..73.5]'
c1 rule: 'Mcv: (90.5..96.75]', 'Sgpt: (23.5..40.0]', 'Gammagt: (52.5..89.75]', not 'Drinks: (-inf..2.75]' => 'Alkphos: (54.25..73.5]'
c1 rule: 'Sgpt: (40.0..60.0]', 'Gammagt: (-inf..28.25]', not 'Sgot: (32.0..46.0]', not 'Drinks: (2.75..6.5]' => 'Alkphos: (54.25..73.5]'
c1 rule: 'Mcv: (90.5..96.75]', 'Sgpt: (40.0..60.0]', 'Sgot: (20.5..32.0]', 'Drinks: (-inf..2.75]' => 'Alkphos: (54.25..73.5]'
c1 rule: 'Sgpt: (23.5..40.0]', 'Sgot: (-inf..20.5]', 'Gammagt: (28.25..52.5]', not 'Mcv: (90.5..96.75]', not 'Drinks: (2.75..6.5]' => 'Alkphos: (54.25..73.5]'
c1 rule: 'Gammagt: (52.5..89.75]', 'Drinks: (-inf..2.75]', not 'Mcv: (90.5..96.75]', not 'Sgpt: (40.0..60.0]', not 'Sgot: (-inf..20.5]' => 'Alkphos: (54.25..73.5]'
c1 # of rules: 27
c1 rule time: 0.0352

c1 computing class: (73.5..92.75]
c1 discrimination constraints: 133h
c1 coverage constraints: 44v+925h
c1 formula: 92v, 1130c (1082h+48s)
c1 enumerating rules (maxsat-based)
c1 rule: 'Sgpt: (60.0..+inf)', 'Gammagt: (28.25..52.5]' => 'Alkphos: (73.5..92.75]'
c1 rule: 'Sgot: (-inf..20.5]', 'Gammagt: (89.75..+inf)' => 'Alkphos: (73.5..92.75]'
c1 rule: 'Gammagt: (28.25..52.5]', 'Drinks: (10.5..+inf)' => 'Alkphos: (73.5..92.75]'
c1 rule: 'Sgot: (46.0..+inf)', 'Gammagt: (28.25..52.5]' => 'Alkphos: (73.5..92.75]'
c1 rule: 'Sgot: (46.0..+inf)', 'Gammagt: (-inf..28.25]' => 'Alkphos: (73.5..92.75]'
c1 rule: 'Sgot: (46.0..+inf)', 'Drinks: (2.75..6.5]', not 'Gammagt: (89.75..+inf)' => 'Alkphos: (73.5..92.75]'
c1 rule: 'Sgot: (46.0..+inf)', not 'Mcv: (90.5..96.75]', not 'Drinks: (2.75..6.5]' => 'Alkphos: (73.5..92.75]'
c1 rule: 'Mcv: (96.75..+inf)', 'Gammagt: (-inf..28.25]', 'Drinks: (6.5..10.5]' => 'Alkphos: (73.5..92.75]'
c1 rule: 'Gammagt: (89.75..+inf)', 'Drinks: (-inf..2.75]', not 'Mcv: (90.5..96.75]' => 'Alkphos: (73.5..92.75]'
c1 rule: 'Mcv: (96.75..+inf)', 'Gammagt: (89.75..+inf)', not 'Sgpt: (60.0..+inf)' => 'Alkphos: (73.5..92.75]'
c1 rule: 'Drinks: (10.5..+inf)', not 'Sgpt: (40.0..60.0]', not 'Gammagt: (-inf..28.25]' => 'Alkphos: (73.5..92.75]'
c1 rule: 'Sgpt: (60.0..+inf)', 'Gammagt: (52.5..89.75]', not 'Drinks: (-inf..2.75]' => 'Alkphos: (73.5..92.75]'
c1 rule: 'Mcv: (84.25..90.5]', 'Sgpt: (40.0..60.0]', 'Gammagt: (28.25..52.5]' => 'Alkphos: (73.5..92.75]'
c1 rule: 'Sgpt: (40.0..60.0]', 'Gammagt: (89.75..+inf)', not 'Mcv: (90.5..96.75]' => 'Alkphos: (73.5..92.75]'
c1 rule: 'Mcv: (-inf..84.25]', not 'Sgot: (-inf..20.5]', not 'Gammagt: (28.25..52.5]', not 'Drinks: (2.75..6.5]' => 'Alkphos: (73.5..92.75]'
c1 rule: 'Mcv: (-inf..84.25]', not 'Sgpt: (23.5..40.0]', not 'Sgot: (-inf..20.5]', not 'Drinks: (2.75..6.5]' => 'Alkphos: (73.5..92.75]'
c1 # of rules: 16
c1 rule time: 0.0195

c1 computing class: (92.75..+inf)
c1 discrimination constraints: 147h
c1 coverage constraints: 30v+631h
c1 formula: 78v, 850c (802h+48s)
c1 enumerating rules (maxsat-based)
c1 rule: 'Gammagt: (52.5..89.75]', 'Drinks: (10.5..+inf)' => 'Alkphos: (92.75..+inf)'
c1 rule: 'Mcv: (-inf..84.25]', 'Drinks: (6.5..10.5]' => 'Alkphos: (92.75..+inf)'
c1 rule: 'Sgpt: (40.0..60.0]', 'Drinks: (10.5..+inf)' => 'Alkphos: (92.75..+inf)'
c1 rule: 'Sgpt: (40.0..60.0]', 'Sgot: (-inf..20.5]' => 'Alkphos: (92.75..+inf)'
c1 rule: 'Sgot: (32.0..46.0]', 'Gammagt: (-inf..28.25]', not 'Mcv: (84.25..90.5]' => 'Alkphos: (92.75..+inf)'
c1 rule: 'Sgpt: (60.0..+inf)', 'Sgot: (46.0..+inf)', 'Drinks: (6.5..10.5]' => 'Alkphos: (92.75..+inf)'
c1 rule: 'Mcv: (84.25..90.5]', 'Sgot: (46.0..+inf)', not 'Sgpt: (-inf..23.5]' => 'Alkphos: (92.75..+inf)'
c1 rule: 'Mcv: (96.75..+inf)', 'Sgot: (-inf..20.5]', not 'Gammagt: (-inf..28.25]' => 'Alkphos: (92.75..+inf)'
c1 rule: 'Sgpt: (23.5..40.0]', 'Sgot: (32.0..46.0]', 'Drinks: (6.5..10.5]' => 'Alkphos: (92.75..+inf)'
c1 rule: 'Sgot: (20.5..32.0]', 'Gammagt: (52.5..89.75]', 'Drinks: (-inf..2.75]', not 'Mcv: (84.25..90.5]' => 'Alkphos: (92.75..+inf)'
c1 rule: 'Sgpt: (-inf..23.5]', 'Gammagt: (52.5..89.75]', 'Drinks: (-inf..2.75]', not 'Mcv: (-inf..84.25]' => 'Alkphos: (92.75..+inf)'
c1 rule: 'Sgot: (32.0..46.0]', 'Gammagt: (28.25..52.5]', 'Drinks: (2.75..6.5]', not 'Sgpt: (40.0..60.0]' => 'Alkphos: (92.75..+inf)'
c1 rule: 'Mcv: (90.5..96.75]', 'Sgpt: (40.0..60.0]', 'Sgot: (20.5..32.0]', 'Drinks: (2.75..6.5]' => 'Alkphos: (92.75..+inf)'
c1 rule: 'Mcv: (90.5..96.75]', 'Sgpt: (-inf..23.5]', 'Gammagt: (28.25..52.5]', not 'Sgot: (-inf..20.5]', not 'Drinks: (-inf..2.75]' => 'Alkphos: (92.75..+inf)'
c1 # of rules: 14
c1 rule time: 0.0140

c2 total rules: 69

c0 computing feature 3
c1 computing class: (-inf..23.5]
c1 discrimination constraints: 119h
c1 coverage constraints: 58v+1219h
c1 formula: 106v, 1410c (1362h+48s)
c1 enumerating rules (maxsat-based)
c1 rule: 'Mcv: (96.75..+inf)', 'Sgot: (-inf..20.5]' => 'Sgpt: (-inf..23.5]'
c1 rule: 'Sgot: (46.0..+inf)', 'Gammagt: (-inf..28.25]' => 'Sgpt: (-inf..23.5]'
c1 rule: 'Mcv: (-inf..84.25]', 'Drinks: (2.75..6.5]', not 'Alkphos: (54.25..73.5]' => 'Sgpt: (-inf..23.5]'
c1 rule: 'Mcv: (-inf..84.25]', 'Gammagt: (-inf..28.25]', 'Drinks: (2.75..6.5]' => 'Sgpt: (-inf..23.5]'
c1 rule: 'Mcv: (-inf..84.25]', 'Gammagt: (-inf..28.25]', not 'Sgot: (-inf..20.5]' => 'Sgpt: (-inf..23.5]'
c1 rule: 'Mcv: (-inf..84.25]', 'Gammagt: (52.5..89.75]', not 'Drinks: (2.75..6.5]' => 'Sgpt: (-inf..23.5]'
c1 rule: 'Mcv: (-inf..84.25]', 'Alkphos: (54.25..73.5]', 'Gammagt: (-inf..28.25]' => 'Sgpt: (-inf..23.5]'
c1 rule: 'Mcv: (84.25..90.5]', 'Alkphos: (92.75..+inf)', 'Drinks: (6.5..10.5]' => 'Sgpt: (-inf..23.5]'
c1 rule: 'Mcv: (84.25..90.5]', 'Gammagt: (-inf..28.25]', 'Drinks: (6.5..10.5]' => 'Sgpt: (-inf..23.5]'
c1 rule: 'Sgot: (-inf..20.5]', 'Drinks: (6.5..10.5]', not 'Mcv: (-inf..84.25]' => 'Sgpt: (-inf..23.5]'
c1 rule: 'Mcv: (84.25..90.5]', 'Gammagt: (52.5..89.75]', 'Drinks: (2.75..6.5]' => 'Sgpt: (-inf..23.5]'
c1 rule: 'Alkphos: (-inf..54.25]', 'Sgot: (-inf..20.5]', 'Gammagt: (28.25..52.5]' => 'Sgpt: (-inf..23.5]'
c1 rule: 'Mcv: (96.75..+inf)', 'Alkphos: (-inf..54.25]', 'Gammagt: (28.25..52.5]' => 'Sgpt: (-inf..23.5]'
c1 rule: 'Sgot: (20.5..32.0]', 'Gammagt: (89.75..+inf)', 'Drinks: (6.5..10.5]' => 'Sgpt: (-inf..23.5]'
c1 rule: 'Alkphos: (73.5..92.75]', 'Sgot: (-inf..20.5]', not 'Gammagt: (28.25..52.5]', not 'Drinks: (-inf..2.75]' => 'Sgpt: (-inf..23.5]'
c1 rule: 'Mcv: (90.5..96.75]', 'Sgot: (-inf..20.5]', not 'Gammagt: (-inf..28.25]', not 'Drinks: (-inf..2.75]' => 'Sgpt: (-inf..23.5]'
c1 rule: 'Mcv: (84.25..90.5]', 'Alkphos: (-inf..54.25]', not 'Sgot: (20.5..32.0]', not 'Drinks: (-inf..2.75]' => 'Sgpt: (-inf..23.5]'
c1 rule: 'Alkphos: (-inf..54.25]', 'Sgot: (20.5..32.0]', 'Gammagt: (-inf..28.25]', not 'Mcv: (84.25..90.5]', not 'Drinks: (6.5..10.5]' => 'Sgpt: (-inf..23.5]'
c1 rule: 'Mcv: (84.25..90.5]', 'Gammagt: (28.25..52.5]', 'Drinks: (-inf..2.75]', not 'Alkphos: (54.25..73.5]', not 'Sgot: (20.5..32.0]' => 'Sgpt: (-inf..23.5]'
c1 # of rules: 19
c1 rule time: 0.0259

c1 computing class: (23.5..40.0]
c1 discrimination constraints: 103h
c1 coverage constraints: 74v+1555h
c1 formula: 122v, 1730c (1682h+48s)
c1 enumerating rules (maxsat-based)
c1 rule: 'Gammagt: (-inf..28.25]', 'Drinks: (10.5..+inf)' => 'Sgpt: (23.5..40.0]'
c1 rule: 'Mcv: (-inf..84.25]', 'Drinks: (6.5..10.5]' => 'Sgpt: (23.5..40.0]'
c1 rule: 'Sgot: (-inf..20.5]', 'Gammagt: (89.75..+inf)' => 'Sgpt: (23.5..40.0]'
c1 rule: 'Mcv: (96.75..+inf)', 'Drinks: (6.5..10.5]' => 'Sgpt: (23.5..40.0]'
c1 rule: 'Mcv: (84.25..90.5]', 'Alkphos: (92.75..+inf)', not 'Gammagt: (-inf..28.25]' => 'Sgpt: (23.5..40.0]'
c1 rule: 'Mcv: (84.25..90.5]', 'Sgot: (-inf..20.5]', 'Gammagt: (52.5..89.75]' => 'Sgpt: (23.5..40.0]'
c1 rule: 'Mcv: (96.75..+inf)', 'Gammagt: (52.5..89.75]', not 'Alkphos: (92.75..+inf)' => 'Sgpt: (23.5..40.0]'
c1 rule: 'Sgot: (20.5..32.0]', 'Gammagt: (52.5..89.75]', 'Drinks: (2.75..6.5]' => 'Sgpt: (23.5..40.0]'
c1 rule: 'Alkphos: (92.75..+inf)', 'Sgot: (20.5..32.0]', 'Gammagt: (52.5..89.75]' => 'Sgpt: (23.5..40.0]'
c1 rule: 'Alkphos: (92.75..+inf)', 'Gammagt: (89.75..+inf)', 'Drinks: (-inf..2.75]' => 'Sgpt: (23.5..40.0]'
c1 rule: 'Gammagt: (89.75..+inf)', 'Drinks: (10.5..+inf)', not 'Alkphos: (92.75..+inf)' => 'Sgpt: (23.5..40.0]'
c1 rule: 'Alkphos: (92.75..+inf)', 'Sgot: (32.0..46.0]', 'Drinks: (2.75..6.5]' => 'Sgpt: (23.5..40.0]'
c1 rule: 'Alkphos: (92.75..+inf)', 'Sgot: (32.0..46.0]', 'Drinks: (6.5..10.5]' => 'Sgpt: (23.5..40.0]'
c1 rule: 'Alkphos: (-inf..54.25]', 'Gammagt: (28.25..52.5]', 'Drinks: (6.5..10.5]' => 'Sgpt: (23.5..40.0]'
c1 rule: 'Mcv: (-inf..84.25]', 'Alkphos: (-inf..54.25]', not 'Gammagt: (-inf..28.25]' => 'Sgpt: (23.5..40.0]'
c1 rule: 'Mcv: (84.25..90.5]', 'Sgot: (32.0..46.0]', 'Gammagt: (28.25..52.5]' => 'Sgpt: (23.5..40.0]'
c1 rule: 'Alkphos: (54.25..73.5]', 'Gammagt: (52.5..89.75]', 'Drinks: (2.75..6.5]' => 'Sgpt: (23.5..40.0]'
c1 rule: 'Sgot: (20.5..32.0]', 'Gammagt: (89.75..+inf)', 'Drinks: (2.75..6.5]' => 'Sgpt: (23.5..40.0]'
c1 rule: 'Mcv: (84.25..90.5]', 'Alkphos: (73.5..92.75]', 'Gammagt: (28.25..52.5]', not 'Drinks: (-inf..2.75]' => 'Sgpt: (23.5..40.0]'
c1 rule: 'Mcv: (84.25..90.5]', 'Gammagt: (28.25..52.5]', not 'Sgot: (20.5..32.0]', not 'Drinks: (-inf..2.75]' => 'Sgpt: (23.5..40.0]'
c1 rule: 'Mcv: (84.25..90.5]', 'Alkphos: (54.25..73.5]', 'Gammagt: (28.25..52.5]', not 'Sgot: (20.5..32.0]' => 'Sgpt: (23.5..40.0]'
c1 rule: 'Mcv: (90.5..96.75]', 'Alkphos: (-inf..54.25]', 'Gammagt: (28.25..52.5]', not 'Drinks: (-inf..2.75]' => 'Sgpt: (23.5..40.0]'
c1 rule: 'Mcv: (90.5..96.75]', 'Gammagt: (89.75..+inf)', not 'Sgot: (32.0..46.0]', not 'Drinks: (6.5..10.5]' => 'Sgpt: (23.5..40.0]'
c1 rule: 'Mcv: (90.5..96.75]', 'Gammagt: (89.75..+inf)', 'Drinks: (2.75..6.5]', not 'Alkphos: (-inf..54.25]' => 'Sgpt: (23.5..40.0]'
c1 rule: 'Alkphos: (73.5..92.75]', 'Gammagt: (28.25..52.5]', 'Drinks: (2.75..6.5]', not 'Sgot: (46.0..+inf)' => 'Sgpt: (23.5..40.0]'
c1 rule: 'Alkphos: (73.5..92.75]', 'Sgot: (-inf..20.5]', not 'Mcv: (84.25..90.5]', not 'Gammagt: (-inf..28.25]' => 'Sgpt: (23.5..40.0]'
c1 rule: 'Alkphos: (54.25..73.5]', 'Gammagt: (28.25..52.5]', 'Drinks: (-inf..2.75]', not 'Mcv: (90.5..96.75]' => 'Sgpt: (23.5..40.0]'
c1 rule: 'Mcv: (90.5..96.75]', 'Gammagt: (28.25..52.5]', 'Drinks: (-inf..2.75]', not 'Sgot: (20.5..32.0]' => 'Sgpt: (23.5..40.0]'
c1 rule: 'Mcv: (84.25..90.5]', 'Alkphos: (92.75..+inf)', not 'Sgot: (20.5..32.0]', not 'Drinks: (2.75..6.5]' => 'Sgpt: (23.5..40.0]'
c1 rule: 'Mcv: (84.25..90.5]', 'Drinks: (6.5..10.5]', not 'Sgot: (32.0..46.0]', not 'Gammagt: (-inf..28.25]' => 'Sgpt: (23.5..40.0]'
c1 rule: 'Mcv: (90.5..96.75]', 'Alkphos: (54.25..73.5]', 'Gammagt: (52.5..89.75]', not 'Sgot: (46.0..+inf)' => 'Sgpt: (23.5..40.0]'
c1 rule: 'Mcv: (84.25..90.5]', 'Alkphos: (-inf..54.25]', 'Sgot: (-inf..20.5]', 'Drinks: (-inf..2.75]', not 'Gammagt: (28.25..52.5]' => 'Sgpt: (23.5..40.0]'
c1 rule: 'Mcv: (90.5..96.75]', 'Sgot: (20.5..32.0]', 'Drinks: (2.75..6.5]', not 'Alkphos: (92.75..+inf)', not 'Gammagt: (-inf..28.25]' => 'Sgpt: (23.5..40.0]'
c1 rule: 'Gammagt: (-inf..28.25]', 'Drinks: (6.5..10.5]', not 'Mcv: (84.25..90.5]', not 'Alkphos: (-inf..54.25]', not 'Sgot: (-inf..20.5]' => 'Sgpt: (23.5..40.0]'
c1 # of rules: 34
c1 rule time: 0.0505

c1 computing class: (40.0..60.0]
c1 discrimination constraints: 147h
c1 coverage constraints: 30v+631h
c1 formula: 78v, 850c (802h+48s)
c1 enumerating rules (maxsat-based)
c1 rule: 'Sgot: (46.0..+inf)', 'Gammagt: (28.25..52.5]' => 'Sgpt: (40.0..60.0]'
c1 rule: 'Alkphos: (92.75..+inf)', 'Drinks: (10.5..+inf)' => 'Sgpt: (40.0..60.0]'
c1 rule: 'Mcv: (96.75..+inf)', 'Sgot: (32.0..46.0]', not 'Alkphos: (-inf..54.25]' => 'Sgpt: (40.0..60.0]'
c1 rule: 'Alkphos: (-inf..54.25]', 'Gammagt: (89.75..+inf)', not 'Mcv: (96.75..+inf)' => 'Sgpt: (40.0..60.0]'
c1 rule: 'Gammagt: (52.5..89.75]', 'Drinks: (6.5..10.5]', not 'Sgot: (20.5..32.0]' => 'Sgpt: (40.0..60.0]'
c1 rule: 'Mcv: (84.25..90.5]', 'Gammagt: (89.75..+inf)', 'Drinks: (-inf..2.75]' => 'Sgpt: (40.0..60.0]'
c1 rule: 'Mcv: (84.25..90.5]', 'Alkphos: (73.5..92.75]', 'Drinks: (6.5..10.5]' => 'Sgpt: (40.0..60.0]'
c1 rule: 'Mcv: (-inf..84.25]', 'Gammagt: (28.25..52.5]', not 'Drinks: (-inf..2.75]' => 'Sgpt: (40.0..60.0]'
c1 rule: 'Mcv: (-inf..84.25]', 'Alkphos: (92.75..+inf)', 'Gammagt: (28.25..52.5]' => 'Sgpt: (40.0..60.0]'
c1 rule: 'Mcv: (84.25..90.5]', 'Alkphos: (73.5..92.75]', 'Sgot: (32.0..46.0]' => 'Sgpt: (40.0..60.0]'
c1 rule: 'Alkphos: (92.75..+inf)', 'Sgot: (20.5..32.0]', 'Gammagt: (28.25..52.5]', 'Drinks: (6.5..10.5]' => 'Sgpt: (40.0..60.0]'
c1 rule: 'Mcv: (84.25..90.5]', 'Alkphos: (73.5..92.75]', 'Sgot: (20.5..32.0]', 'Gammagt: (28.25..52.5]' => 'Sgpt: (40.0..60.0]'
c1 rule: 'Mcv: (84.25..90.5]', 'Alkphos: (73.5..92.75]', 'Sgot: (20.5..32.0]', not 'Gammagt: (-inf..28.25]' => 'Sgpt: (40.0..60.0]'
c1 rule: 'Alkphos: (54.25..73.5]', 'Gammagt: (28.25..52.5]', 'Drinks: (6.5..10.5]', not 'Mcv: (96.75..+inf)' => 'Sgpt: (40.0..60.0]'
c1 rule: 'Alkphos: (54.25..73.5]', 'Sgot: (32.0..46.0]', 'Gammagt: (28.25..52.5]', not 'Mcv: (84.25..90.5]' => 'Sgpt: (40.0..60.0]'
c1 rule: 'Alkphos: (-inf..54.25]', 'Gammagt: (52.5..89.75]', 'Drinks: (6.5..10.5]', not 'Mcv: (84.25..90.5]' => 'Sgpt: (40.0..60.0]'
c1 rule: 'Mcv: (96.75..+inf)', 'Gammagt: (28.25..52.5]', 'Drinks: (2.75..6.5]', not 'Alkphos: (-inf..54.25]' => 'Sgpt: (40.0..60.0]'
c1 # of rules: 17
c1 rule time: 0.0163

c1 computing class: (60.0..+inf)
c1 discrimination constraints: 162h
c1 coverage constraints: 15v+316h
c1 formula: 63v, 550c (502h+48s)
c1 enumerating rules (maxsat-based)
c1 rule: 'Sgot: (46.0..+inf)', 'Drinks: (-inf..2.75]' => 'Sgpt: (60.0..+inf)'
c1 rule: 'Alkphos: (73.5..92.75]', 'Gammagt: (28.25..52.5]', 'Drinks: (6.5..10.5]' => 'Sgpt: (60.0..+inf)'
c1 rule: 'Alkphos: (54.25..73.5]', 'Sgot: (46.0..+inf)', not 'Gammagt: (52.5..89.75]' => 'Sgpt: (60.0..+inf)'
c1 rule: 'Mcv: (90.5..96.75]', 'Alkphos: (92.75..+inf)', 'Sgot: (46.0..+inf)' => 'Sgpt: (60.0..+inf)'
c1 rule: 'Sgot: (46.0..+inf)', 'Gammagt: (52.5..89.75]', not 'Drinks: (6.5..10.5]' => 'Sgpt: (60.0..+inf)'
c1 rule: 'Sgot: (32.0..46.0]', 'Gammagt: (89.75..+inf)', 'Drinks: (-inf..2.75]' => 'Sgpt: (60.0..+inf)'
c1 rule: 'Alkphos: (73.5..92.75]', 'Sgot: (32.0..46.0]', not 'Gammagt: (89.75..+inf)' => 'Sgpt: (60.0..+inf)'
c1 rule: 'Alkphos: (-inf..54.25]', 'Gammagt: (89.75..+inf)', not 'Mcv: (90.5..96.75]' => 'Sgpt: (60.0..+inf)'
c1 rule: 'Mcv: (-inf..84.25]', 'Sgot: (32.0..46.0]', not 'Gammagt: (52.5..89.75]' => 'Sgpt: (60.0..+inf)'
c1 rule: 'Alkphos: (-inf..54.25]', 'Gammagt: (-inf..28.25]', 'Drinks: (6.5..10.5]', not 'Mcv: (84.25..90.5]' => 'Sgpt: (60.0..+inf)'
c1 rule: 'Alkphos: (54.25..73.5]', 'Sgot: (32.0..46.0]', 'Drinks: (6.5..10.5]', not 'Gammagt: (52.5..89.75]' => 'Sgpt: (60.0..+inf)'
c1 rule: 'Alkphos: (73.5..92.75]', 'Gammagt: (52.5..89.75]', not 'Mcv: (84.25..90.5]', not 'Sgot: (46.0..+inf)' => 'Sgpt: (60.0..+inf)'
c1 # of rules: 12
c1 rule time: 0.0091

c2 total rules: 82

c0 computing feature 4
c1 computing class: (-inf..20.5]
c1 discrimination constraints: 125h
c1 coverage constraints: 52v+1093h
c1 formula: 100v, 1290c (1242h+48s)
c1 enumerating rules (maxsat-based)
c1 rule: 'Mcv: (-inf..84.25]', 'Drinks: (6.5..10.5]' => 'Sgot: (-inf..20.5]'
c1 rule: 'Mcv: (96.75..+inf)', 'Alkphos: (92.75..+inf)', not 'Drinks: (10.5..+inf)' => 'Sgot: (-inf..20.5]'
c1 rule: 'Sgpt: (-inf..23.5]', 'Gammagt: (52.5..89.75]', not 'Drinks: (2.75..6.5]' => 'Sgot: (-inf..20.5]'
c1 rule: 'Sgpt: (-inf..23.5]', 'Gammagt: (52.5..89.75]', not 'Mcv: (84.25..90.5]' => 'Sgot: (-inf..20.5]'
c1 rule: 'Alkphos: (-inf..54.25]', 'Sgpt: (-inf..23.5]', 'Drinks: (6.5..10.5]' => 'Sgot: (-inf..20.5]'
c1 rule: 'Mcv: (-inf..84.25]', 'Sgpt: (23.5..40.0]', 'Gammagt: (-inf..28.25]' => 'Sgot: (-inf..20.5]'
c1 rule: 'Mcv: (-inf..84.25]', 'Alkphos: (54.25..73.5]', 'Drinks: (-inf..2.75]' => 'Sgot: (-inf..20.5]'
c1 rule: 'Alkphos: (73.5..92.75]', 'Sgpt: (23.5..40.0]', 'Gammagt: (52.5..89.75]' => 'Sgot: (-inf..20.5]'
c1 rule: 'Alkphos: (-inf..54.25]', 'Gammagt: (52.5..89.75]', 'Drinks: (-inf..2.75]' => 'Sgot: (-inf..20.5]'
c1 rule: 'Mcv: (-inf..84.25]', 'Alkphos: (92.75..+inf)', 'Gammagt: (28.25..52.5]' => 'Sgot: (-inf..20.5]'
c1 rule: 'Mcv: (-inf..84.25]', 'Gammagt: (89.75..+inf)', not 'Sgpt: (60.0..+inf)' => 'Sgot: (-inf..20.5]'
c1 rule: 'Mcv: (96.75..+inf)', 'Gammagt: (-inf..28.25]', 'Drinks: (2.75..6.5]' => 'Sgot: (-inf..20.5]'
c1 rule: 'Mcv: (84.25..90.5]', 'Alkphos: (73.5..92.75]', 'Sgpt: (23.5..40.0]', 'Gammagt: (28.25..52.5]' => 'Sgot: (-inf..20.5]'
c1 rule: 'Mcv: (84.25..90.5]', 'Alkphos: (73.5..92.75]', 'Gammagt: (28.25..52.5]', not 'Sgpt: (40.0..60.0]' => 'Sgot: (-inf..20.5]'
c1 rule: 'Sgpt: (-inf..23.5]', 'Drinks: (-inf..2.75]', not 'Mcv: (90.5..96.75]', not 'Gammagt: (-inf..28.25]' => 'Sgot: (-inf..20.5]'
c1 rule: 'Alkphos: (-inf..54.25]', 'Sgpt: (23.5..40.0]', 'Gammagt: (-inf..28.25]', not 'Mcv: (84.25..90.5]' => 'Sgot: (-inf..20.5]'
c1 rule: 'Mcv: (-inf..84.25]', not 'Alkphos: (73.5..92.75]', not 'Gammagt: (28.25..52.5]', not 'Drinks: (2.75..6.5]' => 'Sgot: (-inf..20.5]'
c1 rule: 'Mcv: (90.5..96.75]', 'Sgpt: (-inf..23.5]', 'Drinks: (6.5..10.5]', not 'Gammagt: (89.75..+inf)' => 'Sgot: (-inf..20.5]'
c1 rule: 'Alkphos: (92.75..+inf)', 'Gammagt: (52.5..89.75]', not 'Mcv: (96.75..+inf)', not 'Sgpt: (23.5..40.0]' => 'Sgot: (-inf..20.5]'
c1 rule: 'Alkphos: (92.75..+inf)', 'Sgpt: (23.5..40.0]', 'Gammagt: (-inf..28.25]', 'Drinks: (2.75..6.5]' => 'Sgot: (-inf..20.5]'
c1 rule: 'Mcv: (90.5..96.75]', 'Alkphos: (54.25..73.5]', 'Sgpt: (-inf..23.5]', 'Gammagt: (28.25..52.5]' => 'Sgot: (-inf..20.5]'
c1 rule: 'Mcv: (84.25..90.5]', 'Alkphos: (92.75..+inf)', 'Gammagt: (-inf..28.25]', 'Drinks: (2.75..6.5]' => 'Sgot: (-inf..20.5]'
c1 rule: 'Mcv: (84.25..90.5]', 'Alkphos: (-inf..54.25]', 'Sgpt: (-inf..23.5]', 'Gammagt: (-inf..28.25]', 'Drinks: (2.75..6.5]' => 'Sgot: (-inf..20.5]'
c1 # of rules: 23
c1 rule time: 0.0264

c1 computing class: (20.5..32.0]
c1 discrimination constraints: 88h
c1 coverage constraints: 89v+1870h
c1 formula: 137v, 2030c (1982h+48s)
c1 enumerating rules (maxsat-based)
c1 rule: 'Gammagt: (-inf..28.25]', 'Drinks: (10.5..+inf)' => 'Sgot: (20.5..32.0]'
c1 rule: 'Gammagt: (28.25..52.5]', 'Drinks: (10.5..+inf)' => 'Sgot: (20.5..32.0]'
c1 rule: 'Mcv: (96.75..+inf)', 'Gammagt: (28.25..52.5]' => 'Sgot: (20.5..32.0]'
c1 rule: 'Sgpt: (-inf..23.5]', 'Gammagt: (89.75..+inf)' => 'Sgot: (20.5..32.0]'
c1 rule: 'Sgpt: (60.0..+inf)', 'Gammagt: (-inf..28.25]' => 'Sgot: (20.5..32.0]'
c1 rule: 'Sgpt: (60.0..+inf)', 'Gammagt: (52.5..89.75]', not 'Mcv: (90.5..96.75]' => 'Sgot: (20.5..32.0]'
c1 rule: 'Gammagt: (52.5..89.75]', 'Drinks: (6.5..10.5]', not 'Sgpt: (40.0..60.0]' => 'Sgot: (20.5..32.0]'
c1 rule: 'Mcv: (96.75..+inf)', 'Alkphos: (54.25..73.5]', 'Gammagt: (52.5..89.75]' => 'Sgot: (20.5..32.0]'
c1 rule: 'Mcv: (96.75..+inf)', 'Sgpt: (23.5..40.0]', 'Gammagt: (-inf..28.25]' => 'Sgot: (20.5..32.0]'
c1 rule: 'Mcv: (96.75..+inf)', 'Sgpt: (23.5..40.0]', not 'Gammagt: (89.75..+inf)' => 'Sgot: (20.5..32.0]'
c1 rule: 'Mcv: (-inf..84.25]', 'Drinks: (2.75..6.5]', not 'Alkphos: (54.25..73.5]' => 'Sgot: (20.5..32.0]'
c1 rule: 'Alkphos: (-inf..54.25]', 'Drinks: (6.5..10.5]', not 'Sgpt: (-inf..23.5]' => 'Sgot: (20.5..32.0]'
c1 rule: 'Alkphos: (-inf..54.25]', 'Gammagt: (28.25..52.5]', 'Drinks: (2.75..6.5]' => 'Sgot: (20.5..32.0]'
c1 rule: 'Alkphos: (-inf..54.25]', 'Gammagt: (28.25..52.5]', not 'Sgpt: (-inf..23.5]' => 'Sgot: (20.5..32.0]'
c1 rule: 'Alkphos: (73.5..92.75]', 'Sgpt: (40.0..60.0]', 'Drinks: (-inf..2.75]' => 'Sgot: (20.5..32.0]'
c1 rule: 'Sgpt: (40.0..60.0]', 'Gammagt: (-inf..28.25]', not 'Drinks: (-inf..2.75]' => 'Sgot: (20.5..32.0]'
c1 rule: 'Alkphos: (92.75..+inf)', 'Sgpt: (40.0..60.0]', 'Drinks: (2.75..6.5]' => 'Sgot: (20.5..32.0]'
c1 rule: 'Alkphos: (92.75..+inf)', 'Gammagt: (89.75..+inf)', 'Drinks: (-inf..2.75]' => 'Sgot: (20.5..32.0]'
c1 rule: 'Mcv: (-inf..84.25]', 'Alkphos: (73.5..92.75]', 'Sgpt: (-inf..23.5]' => 'Sgot: (20.5..32.0]'
c1 rule: 'Mcv: (-inf..84.25]', 'Gammagt: (28.25..52.5]', 'Drinks: (2.75..6.5]' => 'Sgot: (20.5..32.0]'
c1 rule: 'Alkphos: (92.75..+inf)', 'Sgpt: (-inf..23.5]', 'Gammagt: (28.25..52.5]' => 'Sgot: (20.5..32.0]'
c1 rule: 'Alkphos: (-inf..54.25]', 'Gammagt: (28.25..52.5]', not 'Mcv: (84.25..90.5]' => 'Sgot: (20.5..32.0]'
c1 rule: 'Mcv: (90.5..96.75]', 'Sgpt: (23.5..40.0]', 'Gammagt: (52.5..89.75]' => 'Sgot: (20.5..32.0]'
c1 rule: 'Alkphos: (54.25..73.5]', 'Sgpt: (40.0..60.0]', 'Drinks: (-inf..2.75]' => 'Sgot: (20.5..32.0]'
c1 rule: 'Alkphos: (54.25..73.5]', 'Gammagt: (28.25..52.5]', 'Drinks: (6.5..10.5]' => 'Sgot: (20.5..32.0]'
c1 rule: 'Alkphos: (54.25..73.5]', 'Sgpt: (23.5..40.0]', 'Drinks: (6.5..10.5]' => 'Sgot: (20.5..32.0]'
c1 rule: 'Sgpt: (40.0..60.0]', 'Gammagt: (28.25..52.5]', 'Drinks: (6.5..10.5]' => 'Sgot: (20.5..32.0]'
c1 rule: 'Mcv: (84.25..90.5]', 'Alkphos: (92.75..+inf)', 'Drinks: (6.5..10.5]' => 'Sgot: (20.5..32.0]'
c1 rule: 'Alkphos: (54.25..73.5]', 'Gammagt: (89.75..+inf)', 'Drinks: (-inf..2.75]', not 'Sgpt: (60.0..+inf)' => 'Sgot: (20.5..32.0]'
c1 rule: 'Mcv: (84.25..90.5]', 'Alkphos: (54.25..73.5]', 'Gammagt: (52.5..89.75]', 'Drinks: (-inf..2.75]' => 'Sgot: (20.5..32.0]'
c1 rule: 'Alkphos: (54.25..73.5]', 'Gammagt: (28.25..52.5]', not 'Mcv: (90.5..96.75]', not 'Sgpt: (23.5..40.0]' => 'Sgot: (20.5..32.0]'
c1 rule: 'Mcv: (90.5..96.75]', 'Gammagt: (28.25..52.5]', 'Drinks: (-inf..2.75]', not 'Sgpt: (23.5..40.0]' => 'Sgot: (20.5..32.0]'
c1 rule: 'Mcv: (-inf..84.25]', 'Alkphos: (73.5..92.75]', not 'Sgpt: (60.0..+inf)', not 'Gammagt: (89.75..+inf)' => 'Sgot: (20.5..32.0]'
c1 rule: 'Alkphos: (73.5..92.75]', 'Gammagt: (-inf..28.25]', not 'Sgpt: (-inf..23.5]', not 'Drinks: (-inf..2.75]' => 'Sgot: (20.5..32.0]'
c1 rule: 'Alkphos: (73.5..92.75]', 'Gammagt: (-inf..28.25]', not 'Mcv: (84.25..90.5]', not 'Drinks: (-inf..2.75]' => 'Sgot: (20.5..32.0]'
c1 rule: 'Alkphos: (73.5..92.75]', 'Sgpt: (23.5..40.0]', 'Drinks: (2.75..6.5]', not 'Mcv: (84.25..90.5]' => 'Sgot: (20.5..32.0]'
c1 rule: 'Mcv: (84.25..90.5]', 'Alkphos: (92.75..+inf)', 'Drinks: (-inf..2.75]', not 'Sgpt: (23.5..40.0]' => 'Sgot: (20.5..32.0]'
c1 rule: 'Mcv: (84.25..90.5]', 'Alkphos: (92.75..+inf)', 'Drinks: (-inf..2.75]', not 'Gammagt: (-inf..28.25]' => 'Sgot: (20.5..32.0]'
c1 rule: 'Alkphos: (-inf..54.25]', 'Sgpt: (23.5..40.0]', not 'Mcv: (90.5..96.75]', not 'Drinks: (-inf..2.75]' => 'Sgot: (20.5..32.0]'
c1 rule: 'Alkphos: (54.25..73.5]', 'Gammagt: (89.75..+inf)', not 'Mcv: (90.5..96.75]', not 'Sgpt: (60.0..+inf)' => 'Sgot: (20.5..32.0]'
c1 rule: 'Mcv: (84.25..90.5]', 'Gammagt: (-inf..28.25]', 'Drinks: (6.5..10.5]', not 'Alkphos: (-inf..54.25]' => 'Sgot: (20.5..32.0]'
c1 rule: 'Mcv: (90.5..96.75]', 'Alkphos: (54.25..73.5]', 'Sgpt: (23.5..40.0]', 'Gammagt: (28.25..52.5]', not 'Drinks: (-inf..2.75]' => 'Sgot: (20.5..32.0]'
c1 rule: 'Mcv: (84.25..90.5]', 'Alkphos: (-inf..54.25]', 'Sgpt: (-inf..23.5]', 'Drinks: (-inf..2.75]', not 'Gammagt: (28.25..52.5]' => 'Sgot: (20.5..32.0]'
c1 # of rules: 43
c1 rule time: 0.0523

c1 computing class: (32.0..46.0]
c1 discrimination constraints: 152h
c1 coverage constraints: 25v+526h
c1 formula: 73v, 750c (702h+48s)
c1 enumerating rules (maxsat-based)
c1 rule: 'Gammagt: (52.5..89.75]', 'Drinks: (10.5..+inf)' => 'Sgot: (32.0..46.0]'
c1 rule: 'Alkphos: (92.75..+inf)', 'Drinks: (10.5..+inf)' => 'Sgot: (32.0..46.0]'
c1 rule: 'Gammagt: (89.75..+inf)', 'Drinks: (10.5..+inf)' => 'Sgot: (32.0..46.0]'
c1 rule: 'Sgpt: (60.0..+inf)', 'Gammagt: (28.25..52.5]' => 'Sgot: (32.0..46.0]'
c1 rule: 'Alkphos: (-inf..54.25]', 'Gammagt: (89.75..+inf)' => 'Sgot: (32.0..46.0]'
c1 rule: 'Mcv: (-inf..84.25]', 'Sgpt: (60.0..+inf)' => 'Sgot: (32.0..46.0]'
c1 rule: 'Mcv: (84.25..90.5]', 'Alkphos: (73.5..92.75]', 'Drinks: (6.5..10.5]' => 'Sgot: (32.0..46.0]'
c1 rule: 'Mcv: (84.25..90.5]', 'Gammagt: (89.75..+inf)', 'Drinks: (6.5..10.5]' => 'Sgot: (32.0..46.0]'
c1 rule: 'Sgpt: (40.0..60.0]', 'Drinks: (6.5..10.5]', not 'Mcv: (90.5..96.75]' => 'Sgot: (32.0..46.0]'
c1 rule: 'Sgpt: (40.0..60.0]', 'Gammagt: (-inf..28.25]', not 'Mcv: (84.25..90.5]' => 'Sgot: (32.0..46.0]'
c1 rule: 'Mcv: (84.25..90.5]', 'Gammagt: (52.5..89.75]', 'Drinks: (2.75..6.5]' => 'Sgot: (32.0..46.0]'
c1 rule: 'Mcv: (96.75..+inf)', 'Sgpt: (40.0..60.0]', not 'Gammagt: (28.25..52.5]' => 'Sgot: (32.0..46.0]'
c1 rule: 'Sgpt: (40.0..60.0]', 'Gammagt: (89.75..+inf)', 'Drinks: (2.75..6.5]' => 'Sgot: (32.0..46.0]'
c1 rule: 'Alkphos: (-inf..54.25]', 'Sgpt: (40.0..60.0]', 'Drinks: (-inf..2.75]' => 'Sgot: (32.0..46.0]'
c1 rule: 'Mcv: (90.5..96.75]', 'Gammagt: (89.75..+inf)', 'Drinks: (2.75..6.5]' => 'Sgot: (32.0..46.0]'
c1 rule: 'Mcv: (90.5..96.75]', 'Sgpt: (60.0..+inf)', 'Drinks: (-inf..2.75]', not 'Gammagt: (52.5..89.75]' => 'Sgot: (32.0..46.0]'
c1 rule: 'Mcv: (90.5..96.75]', 'Alkphos: (92.75..+inf)', 'Sgpt: (23.5..40.0]', 'Drinks: (6.5..10.5]' => 'Sgot: (32.0..46.0]'
c1 rule: 'Mcv: (90.5..96.75]', 'Alkphos: (92.75..+inf)', 'Sgpt: (23.5..40.0]', not 'Drinks: (-inf..2.75]' => 'Sgot: (32.0..46.0]'
c1 rule: 'Mcv: (90.5..96.75]', 'Alkphos: (54.25..73.5]', 'Sgpt: (40.0..60.0]', 'Drinks: (2.75..6.5]' => 'Sgot: (32.0..46.0]'
c1 rule: 'Alkphos: (92.75..+inf)', 'Gammagt: (-inf..28.25]', 'Drinks: (-inf..2.75]', not 'Mcv: (84.25..90.5]' => 'Sgot: (32.0..46.0]'
c1 # of rules: 20
c1 rule time: 0.0134

c1 computing class: (46.0..+inf)
c1 discrimination constraints: 166h
c1 coverage constraints: 11v+232h
c1 formula: 59v, 470c (422h+48s)
c1 enumerating rules (maxsat-based)
c1 rule: 'Alkphos: (92.75..+inf)', 'Sgpt: (60.0..+inf)' => 'Sgot: (46.0..+inf)'
c1 rule: 'Sgpt: (23.5..40.0]', 'Gammagt: (89.75..+inf)', 'Drinks: (6.5..10.5]' => 'Sgot: (46.0..+inf)'
c1 rule: 'Alkphos: (92.75..+inf)', 'Gammagt: (89.75..+inf)', not 'Mcv: (90.5..96.75]' => 'Sgot: (46.0..+inf)'
c1 rule: 'Mcv: (90.5..96.75]', 'Alkphos: (73.5..92.75]', 'Sgpt: (40.0..60.0]' => 'Sgot: (46.0..+inf)'
c1 rule: 'Alkphos: (73.5..92.75]', 'Gammagt: (52.5..89.75]', 'Drinks: (2.75..6.5]' => 'Sgot: (46.0..+inf)'
c1 rule: 'Mcv: (96.75..+inf)', 'Sgpt: (60.0..+inf)', not 'Alkphos: (-inf..54.25]' => 'Sgot: (46.0..+inf)'
c1 rule: 'Mcv: (90.5..96.75]', 'Alkphos: (54.25..73.5]', 'Gammagt: (52.5..89.75]', not 'Sgpt: (23.5..40.0]' => 'Sgot: (46.0..+inf)'
c1 # of rules: 7
c1 rule time: 0.0072

c2 total rules: 93

c0 computing feature 5
c1 computing class: (-inf..28.25]
c1 discrimination constraints: 100h
c1 coverage constraints: 77v+1618h
c1 formula: 125v, 1790c (1742h+48s)
c1 enumerating rules (maxsat-based)
c1 rule: 'Sgpt: (-inf..23.5]', 'Sgot: (46.0..+inf)' => 'Gammagt: (-inf..28.25]'
c1 rule: 'Mcv: (-inf..84.25]', 'Drinks: (6.5..10.5]' => 'Gammagt: (-inf..28.25]'
c1 rule: 'Sgot: (-inf..20.5]', 'Drinks: (6.5..10.5]' => 'Gammagt: (-inf..28.25]'
c1 rule: 'Alkphos: (54.25..73.5]', 'Drinks: (10.5..+inf)' => 'Gammagt: (-inf..28.25]'
c1 rule: 'Mcv: (90.5..96.75]', 'Sgpt: (-inf..23.5]', 'Sgot: (32.0..46.0]' => 'Gammagt: (-inf..28.25]'
c1 rule: 'Alkphos: (-inf..54.25]', 'Sgot: (32.0..46.0]', not 'Drinks: (2.75..6.5]' => 'Gammagt: (-inf..28.25]'
c1 rule: 'Alkphos: (-inf..54.25]', 'Sgpt: (60.0..+inf)', not 'Mcv: (96.75..+inf)' => 'Gammagt: (-inf..28.25]'
c1 rule: 'Mcv: (96.75..+inf)', 'Sgot: (-inf..20.5]', not 'Alkphos: (92.75..+inf)' => 'Gammagt: (-inf..28.25]'
c1 rule: 'Alkphos: (-inf..54.25]', 'Sgpt: (40.0..60.0]', not 'Mcv: (90.5..96.75]' => 'Gammagt: (-inf..28.25]'
c1 rule: 'Mcv: (96.75..+inf)', 'Drinks: (-inf..2.75]', not 'Sgpt: (60.0..+inf)' => 'Gammagt: (-inf..28.25]'
c1 rule: 'Mcv: (-inf..84.25]', 'Sgpt: (-inf..23.5]', 'Sgot: (20.5..32.0]' => 'Gammagt: (-inf..28.25]'
c1 rule: 'Mcv: (-inf..84.25]', 'Sgpt: (-inf..23.5]', not 'Drinks: (-inf..2.75]' => 'Gammagt: (-inf..28.25]'
c1 rule: 'Mcv: (-inf..84.25]', 'Sgpt: (-inf..23.5]', not 'Alkphos: (54.25..73.5]' => 'Gammagt: (-inf..28.25]'
c1 rule: 'Mcv: (84.25..90.5]', 'Alkphos: (92.75..+inf)', 'Sgpt: (-inf..23.5]' => 'Gammagt: (-inf..28.25]'
c1 rule: 'Alkphos: (92.75..+inf)', 'Sgot: (32.0..46.0]', 'Drinks: (-inf..2.75]' => 'Gammagt: (-inf..28.25]'
c1 rule: 'Alkphos: (73.5..92.75]', 'Sgpt: (-inf..23.5]', 'Drinks: (2.75..6.5]' => 'Gammagt: (-inf..28.25]'
c1 rule: 'Sgpt: (-inf..23.5]', 'Drinks: (6.5..10.5]', not 'Mcv: (90.5..96.75]' => 'Gammagt: (-inf..28.25]'
c1 rule: 'Mcv: (-inf..84.25]', 'Alkphos: (-inf..54.25]', not 'Sgot: (20.5..32.0]' => 'Gammagt: (-inf..28.25]'
c1 rule: 'Alkphos: (54.25..73.5]', 'Sgpt: (-inf..23.5]', 'Drinks: (-inf..2.75]', not 'Sgot: (-inf..20.5]' => 'Gammagt: (-inf..28.25]'
c1 rule: 'Alkphos: (54.25..73.5]', 'Sgpt: (-inf..23.5]', 'Drinks: (-inf..2.75]', not 'Mcv: (-inf..84.25]' => 'Gammagt: (-inf..28.25]'
c1 rule: 'Sgpt: (-inf..23.5]', 'Drinks: (-inf..2.75]', not 'Mcv: (90.5..96.75]', not 'Sgot: (-inf..20.5]' => 'Gammagt: (-inf..28.25]'
c1 rule: 'Mcv: (84.25..90.5]', 'Sgot: (-inf..20.5]', not 'Sgpt: (23.5..40.0]', not 'Drinks: (-inf..2.75]' => 'Gammagt: (-inf..28.25]'
c1 rule: 'Mcv: (84.25..90.5]', 'Alkphos: (73.5..92.75]', not 'Sgpt: (40.0..60.0]', not 'Sgot: (-inf..20.5]' => 'Gammagt: (-inf..28.25]'
c1 rule: 'Alkphos: (73.5..92.75]', 'Sgot: (-inf..20.5]', not 'Mcv: (84.25..90.5]', not 'Sgpt: (23.5..40.0]' => 'Gammagt: (-inf..28.25]'
c1 rule: 'Alkphos: (-inf..54.25]', not 'Mcv: (84.25..90.5]', not 'Sgot: (20.5..32.0]', not 'Drinks: (2.75..6.5]' => 'Gammagt: (-inf..28.25]'
c1 rule: 'Alkphos: (-inf..54.25]', 'Sgot: (-inf..20.5]', not 'Mcv: (84.25..90.5]', not 'Sgpt: (-inf..23.5]' => 'Gammagt: (-inf..28.25]'
c1 rule: 'Mcv: (84.25..90.5]', 'Alkphos: (-inf..54.25]', 'Sgot: (20.5..32.0]', 'Drinks: (-inf..2.75]' => 'Gammagt: (-inf..28.25]'
c1 rule: 'Mcv: (90.5..96.75]', 'Sgpt: (23.5..40.0]', 'Sgot: (-inf..20.5]', not 'Drinks: (-inf..2.75]' => 'Gammagt: (-inf..28.25]'
c1 rule: 'Mcv: (96.75..+inf)', 'Sgot: (20.5..32.0]', 'Drinks: (6.5..10.5]', not 'Alkphos: (54.25..73.5]' => 'Gammagt: (-inf..28.25]'
c1 rule: 'Mcv: (84.25..90.5]', 'Sgpt: (40.0..60.0]', not 'Sgot: (32.0..46.0]', not 'Drinks: (-inf..2.75]' => 'Gammagt: (-inf..28.25]'
c1 rule: 'Mcv: (84.25..90.5]', 'Alkphos: (92.75..+inf)', not 'Sgot: (20.5..32.0]', not 'Drinks: (2.75..6.5]' => 'Gammagt: (-inf..28.25]'
c1 rule: 'Mcv: (90.5..96.75]', 'Sgpt: (-inf..23.5]', 'Sgot: (20.5..32.0]', 'Drinks: (2.75..6.5]', not 'Alkphos: (92.75..+inf)' => 'Gammagt: (-inf..28.25]'
c1 # of rules: 32
c1 rule time: 0.0404

c1 computing class: (28.25..52.5]
c1 discrimination constraints: 128h
c1 coverage constraints: 49v+1030h
c1 formula: 97v, 1230c (1182h+48s)
c1 enumerating rules (maxsat-based)
c1 rule: 'Sgpt: (-inf..23.5]', 'Drinks: (10.5..+inf)' => 'Gammagt: (28.25..52.5]'
c1 rule: 'Mcv: (-inf..84.25]', 'Sgpt: (40.0..60.0]' => 'Gammagt: (28.25..52.5]'
c1 rule: 'Alkphos: (73.5..92.75]', 'Sgot: (32.0..46.0]', 'Drinks: (-inf..2.75]' => 'Gammagt: (28.25..52.5]'
c1 rule: 'Alkphos: (73.5..92.75]', 'Sgpt: (60.0..+inf)', 'Sgot: (32.0..46.0]' => 'Gammagt: (28.25..52.5]'
c1 rule: 'Mcv: (96.75..+inf)', 'Alkphos: (-inf..54.25]', 'Sgpt: (-inf..23.5]' => 'Gammagt: (28.25..52.5]'
c1 rule: 'Mcv: (96.75..+inf)', 'Drinks: (10.5..+inf)', not 'Sgot: (32.0..46.0]' => 'Gammagt: (28.25..52.5]'
c1 rule: 'Mcv: (96.75..+inf)', 'Sgpt: (40.0..60.0]', 'Sgot: (20.5..32.0]' => 'Gammagt: (28.25..52.5]'
c1 rule: 'Alkphos: (92.75..+inf)', 'Sgpt: (40.0..60.0]', 'Sgot: (20.5..32.0]' => 'Gammagt: (28.25..52.5]'
c1 rule: 'Mcv: (-inf..84.25]', 'Sgot: (20.5..32.0]', not 'Sgpt: (-inf..23.5]' => 'Gammagt: (28.25..52.5]'
c1 rule: 'Mcv: (96.75..+inf)', 'Drinks: (6.5..10.5]', not 'Alkphos: (73.5..92.75]' => 'Gammagt: (28.25..52.5]'
c1 rule: 'Sgot: (32.0..46.0]', 'Drinks: (6.5..10.5]', not 'Mcv: (84.25..90.5]' => 'Gammagt: (28.25..52.5]'
c1 rule: 'Sgpt: (40.0..60.0]', 'Sgot: (46.0..+inf)', not 'Drinks: (6.5..10.5]' => 'Gammagt: (28.25..52.5]'
c1 rule: 'Alkphos: (92.75..+inf)', 'Sgpt: (23.5..40.0]', 'Sgot: (32.0..46.0]' => 'Gammagt: (28.25..52.5]'
c1 rule: 'Mcv: (90.5..96.75]', 'Alkphos: (92.75..+inf)', 'Drinks: (2.75..6.5]' => 'Gammagt: (28.25..52.5]'
c1 rule: 'Alkphos: (73.5..92.75]', 'Sgot: (-inf..20.5]', not 'Sgpt: (-inf..23.5]', not 'Drinks: (-inf..2.75]' => 'Gammagt: (28.25..52.5]'
c1 rule: 'Mcv: (90.5..96.75]', 'Sgpt: (40.0..60.0]', 'Drinks: (2.75..6.5]', not 'Alkphos: (-inf..54.25]' => 'Gammagt: (28.25..52.5]'
c1 rule: 'Mcv: (84.25..90.5]', 'Alkphos: (92.75..+inf)', 'Sgot: (20.5..32.0]', 'Drinks: (2.75..6.5]' => 'Gammagt: (28.25..52.5]'
c1 rule: 'Mcv: (90.5..96.75]', 'Sgpt: (40.0..60.0]', 'Drinks: (-inf..2.75]', not 'Alkphos: (92.75..+inf)' => 'Gammagt: (28.25..52.5]'
c1 rule: 'Mcv: (90.5..96.75]', 'Sgpt: (40.0..60.0]', 'Sgot: (20.5..32.0]', not 'Alkphos: (-inf..54.25]' => 'Gammagt: (28.25..52.5]'
c1 rule: 'Mcv: (84.25..90.5]', 'Alkphos: (54.25..73.5]', 'Sgot: (32.0..46.0]', not 'Drinks: (6.5..10.5]' => 'Gammagt: (28.25..52.5]'
c1 rule: 'Mcv: (90.5..96.75]', 'Sgpt: (23.5..40.0]', 'Drinks: (6.5..10.5]', not 'Alkphos: (54.25..73.5]' => 'Gammagt: (28.25..52.5]'
c1 rule: 'Mcv: (90.5..96.75]', 'Alkphos: (-inf..54.25]', 'Sgpt: (23.5..40.0]', 'Sgot: (20.5..32.0]' => 'Gammagt: (28.25..52.5]'
c1 rule: 'Mcv: (-inf..84.25]', 'Alkphos: (54.25..73.5]', 'Sgpt: (23.5..40.0]', not 'Drinks: (2.75..6.5]' => 'Gammagt: (28.25..52.5]'
c1 rule: 'Mcv: (84.25..90.5]', 'Alkphos: (-inf..54.25]', 'Sgpt: (-inf..23.5]', 'Sgot: (20.5..32.0]', 'Drinks: (2.75..6.5]' => 'Gammagt: (28.25..52.5]'
c1 rule: 'Mcv: (84.25..90.5]', 'Alkphos: (-inf..54.25]', 'Sgpt: (-inf..23.5]', 'Sgot: (-inf..20.5]', 'Drinks: (-inf..2.75]' => 'Gammagt: (28.25..52.5]'
c1 # of rules: 25
c1 rule time: 0.0332

c1 computing class: (52.5..89.75]
c1 discrimination constraints: 149h
c1 coverage constraints: 28v+589h
c1 formula: 76v, 810c (762h+48s)
c1 enumerating rules (maxsat-based)
c1 rule: 'Mcv: (96.75..+inf)', 'Alkphos: (92.75..+inf)' => 'Gammagt: (52.5..89.75]'
c1 rule: 'Sgpt: (40.0..60.0]', 'Sgot: (46.0..+inf)', 'Drinks: (6.5..10.5]' => 'Gammagt: (52.5..89.75]'
c1 rule: 'Alkphos: (54.25..73.5]', 'Sgot: (46.0..+inf)', not 'Drinks: (2.75..6.5]' => 'Gammagt: (52.5..89.75]'
c1 rule: 'Mcv: (-inf..84.25]', 'Sgpt: (23.5..40.0]', 'Drinks: (2.75..6.5]' => 'Gammagt: (52.5..89.75]'
c1 rule: 'Mcv: (84.25..90.5]', 'Sgpt: (23.5..40.0]', 'Drinks: (6.5..10.5]' => 'Gammagt: (52.5..89.75]'
c1 rule: 'Alkphos: (73.5..92.75]', 'Sgpt: (60.0..+inf)', 'Sgot: (20.5..32.0]' => 'Gammagt: (52.5..89.75]'
c1 rule: 'Sgpt: (40.0..60.0]', 'Sgot: (-inf..20.5]', not 'Mcv: (-inf..84.25]' => 'Gammagt: (52.5..89.75]'
c1 rule: 'Mcv: (96.75..+inf)', 'Sgpt: (23.5..40.0]', 'Drinks: (2.75..6.5]' => 'Gammagt: (52.5..89.75]'
c1 rule: 'Alkphos: (-inf..54.25]', 'Sgpt: (40.0..60.0]', 'Drinks: (6.5..10.5]' => 'Gammagt: (52.5..89.75]'
c1 rule: 'Sgpt: (-inf..23.5]', 'Sgot: (32.0..46.0]', not 'Alkphos: (92.75..+inf)' => 'Gammagt: (52.5..89.75]'
c1 rule: 'Mcv: (90.5..96.75]', 'Sgpt: (60.0..+inf)', 'Drinks: (2.75..6.5]' => 'Gammagt: (52.5..89.75]'
c1 rule: 'Alkphos: (54.25..73.5]', 'Sgpt: (40.0..60.0]', not 'Sgot: (20.5..32.0]', not 'Drinks: (2.75..6.5]' => 'Gammagt: (52.5..89.75]'
c1 rule: 'Mcv: (90.5..96.75]', 'Alkphos: (92.75..+inf)', 'Sgot: (-inf..20.5]', 'Drinks: (-inf..2.75]' => 'Gammagt: (52.5..89.75]'
c1 # of rules: 13
c1 rule time: 0.0132

c1 computing class: (89.75..+inf)
c1 discrimination constraints: 154h
c1 coverage constraints: 23v+484h
c1 formula: 71v, 710c (662h+48s)
c1 enumerating rules (maxsat-based)
c1 rule: 'Alkphos: (92.75..+inf)', 'Sgpt: (60.0..+inf)' => 'Gammagt: (89.75..+inf)'
c1 rule: 'Alkphos: (92.75..+inf)', 'Sgot: (46.0..+inf)' => 'Gammagt: (89.75..+inf)'
c1 rule: 'Mcv: (96.75..+inf)', 'Sgpt: (60.0..+inf)' => 'Gammagt: (89.75..+inf)'
c1 rule: 'Mcv: (96.75..+inf)', 'Sgot: (46.0..+inf)' => 'Gammagt: (89.75..+inf)'
c1 rule: 'Alkphos: (-inf..54.25]', 'Sgot: (32.0..46.0]', not 'Mcv: (84.25..90.5]' => 'Gammagt: (89.75..+inf)'
c1 rule: 'Sgpt: (60.0..+inf)', 'Sgot: (32.0..46.0]', not 'Alkphos: (73.5..92.75]' => 'Gammagt: (89.75..+inf)'
c1 rule: 'Mcv: (96.75..+inf)', 'Sgot: (32.0..46.0]', not 'Drinks: (10.5..+inf)' => 'Gammagt: (89.75..+inf)'
c1 rule: 'Sgot: (32.0..46.0]', 'Drinks: (10.5..+inf)', not 'Alkphos: (92.75..+inf)' => 'Gammagt: (89.75..+inf)'
c1 rule: 'Drinks: (10.5..+inf)', not 'Mcv: (96.75..+inf)', not 'Sgot: (20.5..32.0]' => 'Gammagt: (89.75..+inf)'
c1 rule: 'Alkphos: (73.5..92.75]', 'Sgot: (32.0..46.0]', not 'Sgpt: (60.0..+inf)' => 'Gammagt: (89.75..+inf)'
c1 rule: 'Mcv: (-inf..84.25]', 'Alkphos: (73.5..92.75]', 'Sgot: (-inf..20.5]' => 'Gammagt: (89.75..+inf)'
c1 rule: 'Mcv: (90.5..96.75]', 'Sgpt: (23.5..40.0]', 'Sgot: (32.0..46.0]', not 'Alkphos: (92.75..+inf)' => 'Gammagt: (89.75..+inf)'
c1 rule: 'Sgpt: (-inf..23.5]', 'Drinks: (6.5..10.5]', not 'Mcv: (84.25..90.5]', not 'Sgot: (-inf..20.5]' => 'Gammagt: (89.75..+inf)'
c1 # of rules: 13
c1 rule time: 0.0098

c2 total rules: 83

c0 computing feature 6
c1 computing class: (-inf..2.75]
c1 discrimination constraints: 101h
c1 coverage constraints: 76v+1597h
c1 formula: 124v, 1770c (1722h+48s)
c1 enumerating rules (maxsat-based)
c1 rule: 'Sgot: (32.0..46.0]', 'Gammagt: (-inf..28.25]' => 'Drinks: (-inf..2.75]'
c1 rule: 'Sgot: (-inf..20.5]', 'Gammagt: (89.75..+inf)' => 'Drinks: (-inf..2.75]'
c1 rule: 'Sgpt: (40.0..60.0]', 'Sgot: (-inf..20.5]' => 'Drinks: (-inf..2.75]'
c1 rule: 'Mcv: (84.25..90.5]', 'Sgot: (-inf..20.5]', 'Gammagt: (52.5..89.75]' => 'Drinks: (-inf..2.75]'
c1 rule: 'Mcv: (84.25..90.5]', 'Alkphos: (73.5..92.75]', 'Gammagt: (52.5..89.75]' => 'Drinks: (-inf..2.75]'
c1 rule: 'Alkphos: (73.5..92.75]', 'Sgot: (-inf..20.5]', not 'Mcv: (84.25..90.5]' => 'Drinks: (-inf..2.75]'
c1 rule: 'Sgpt: (60.0..+inf)', 'Gammagt: (52.5..89.75]', not 'Mcv: (90.5..96.75]' => 'Drinks: (-inf..2.75]'
c1 rule: 'Alkphos: (73.5..92.75]', 'Sgpt: (60.0..+inf)', not 'Mcv: (90.5..96.75]' => 'Drinks: (-inf..2.75]'
c1 rule: 'Mcv: (-inf..84.25]', 'Alkphos: (73.5..92.75]', 'Gammagt: (28.25..52.5]' => 'Drinks: (-inf..2.75]'
c1 rule: 'Alkphos: (73.5..92.75]', 'Sgpt: (40.0..60.0]', 'Sgot: (20.5..32.0]' => 'Drinks: (-inf..2.75]'
c1 rule: 'Alkphos: (54.25..73.5]', 'Sgpt: (-inf..23.5]', 'Gammagt: (52.5..89.75]' => 'Drinks: (-inf..2.75]'
c1 rule: 'Sgot: (32.0..46.0]', 'Gammagt: (28.25..52.5]', not 'Mcv: (90.5..96.75]' => 'Drinks: (-inf..2.75]'
c1 rule: 'Sgpt: (60.0..+inf)', not 'Mcv: (90.5..96.75]', not 'Gammagt: (89.75..+inf)' => 'Drinks: (-inf..2.75]'
c1 rule: 'Alkphos: (54.25..73.5]', 'Sgpt: (60.0..+inf)', not 'Gammagt: (89.75..+inf)' => 'Drinks: (-inf..2.75]'
c1 rule: 'Mcv: (90.5..96.75]', 'Alkphos: (54.25..73.5]', 'Sgpt: (60.0..+inf)' => 'Drinks: (-inf..2.75]'
c1 rule: 'Mcv: (-inf..84.25]', not 'Alkphos: (54.25..73.5]', not 'Gammagt: (-inf..28.25]' => 'Drinks: (-inf..2.75]'
c1 rule: 'Mcv: (-inf..84.25]', 'Sgpt: (23.5..40.0]', 'Gammagt: (28.25..52.5]' => 'Drinks: (-inf..2.75]'
c1 rule: 'Mcv: (-inf..84.25]', 'Alkphos: (-inf..54.25]', not 'Sgpt: (-inf..23.5]' => 'Drinks: (-inf..2.75]'
c1 rule: 'Alkphos: (-inf..54.25]', 'Gammagt: (28.25..52.5]', not 'Sgot: (20.5..32.0]' => 'Drinks: (-inf..2.75]'
c1 rule: 'Mcv: (-inf..84.25]', 'Alkphos: (-inf..54.25]', not 'Sgot: (20.5..32.0]' => 'Drinks: (-inf..2.75]'
c1 rule: 'Alkphos: (92.75..+inf)', 'Sgot: (20.5..32.0]', 'Gammagt: (52.5..89.75]' => 'Drinks: (-inf..2.75]'
c1 rule: 'Alkphos: (92.75..+inf)', 'Gammagt: (52.5..89.75]', not 'Mcv: (96.75..+inf)' => 'Drinks: (-inf..2.75]'
c1 rule: 'Mcv: (90.5..96.75]', 'Alkphos: (-inf..54.25]', 'Gammagt: (28.25..52.5]', not 'Sgpt: (23.5..40.0]' => 'Drinks: (-inf..2.75]'
c1 rule: 'Mcv: (84.25..90.5]', 'Sgot: (-inf..20.5]', 'Gammagt: (28.25..52.5]', not 'Sgpt: (23.5..40.0]' => 'Drinks: (-inf..2.75]'
c1 rule: 'Alkphos: (73.5..92.75]', 'Gammagt: (-inf..28.25]', not 'Sgpt: (-inf..23.5]', not 'Sgot: (20.5..32.0]' => 'Drinks: (-inf..2.75]'
c1 rule: 'Alkphos: (73.5..92.75]', 'Sgpt: (-inf..23.5]', not 'Mcv: (96.75..+inf)', not 'Gammagt: (-inf..28.25]' => 'Drinks: (-inf..2.75]'
c1 rule: 'Mcv: (84.25..90.5]', 'Sgpt: (40.0..60.0]', 'Sgot: (20.5..32.0]', not 'Gammagt: (-inf..28.25]' => 'Drinks: (-inf..2.75]'
c1 rule: 'Mcv: (84.25..90.5]', 'Gammagt: (52.5..89.75]', not 'Alkphos: (-inf..54.25]', not 'Sgot: (32.0..46.0]' => 'Drinks: (-inf..2.75]'
c1 rule: 'Alkphos: (-inf..54.25]', 'Sgot: (-inf..20.5]', not 'Mcv: (90.5..96.75]', not 'Sgpt: (-inf..23.5]' => 'Drinks: (-inf..2.75]'
c1 rule: 'Mcv: (90.5..96.75]', 'Sgot: (-inf..20.5]', not 'Sgpt: (-inf..23.5]', not 'Gammagt: (-inf..28.25]' => 'Drinks: (-inf..2.75]'
c1 rule: 'Sgot: (20.5..32.0]', 'Gammagt: (89.75..+inf)', not 'Alkphos: (54.25..73.5]', not 'Sgpt: (-inf..23.5]' => 'Drinks: (-inf..2.75]'
c1 rule: 'Sgot: (20.5..32.0]', 'Gammagt: (89.75..+inf)', not 'Mcv: (84.25..90.5]', not 'Sgpt: (-inf..23.5]' => 'Drinks: (-inf..2.75]'
c1 rule: 'Alkphos: (92.75..+inf)', 'Sgpt: (23.5..40.0]', 'Gammagt: (-inf..28.25]', not 'Sgot: (-inf..20.5]' => 'Drinks: (-inf..2.75]'
c1 rule: 'Mcv: (96.75..+inf)', 'Gammagt: (-inf..28.25]', not 'Alkphos: (73.5..92.75]', not 'Sgpt: (-inf..23.5]' => 'Drinks: (-inf..2.75]'
c1 rule: 'Mcv: (96.75..+inf)', 'Sgot: (20.5..32.0]', 'Gammagt: (-inf..28.25]', not 'Alkphos: (73.5..92.75]' => 'Drinks: (-inf..2.75]'
c1 rule: 'Mcv: (84.25..90.5]', 'Alkphos: (-inf..54.25]', 'Sgpt: (-inf..23.5]', 'Sgot: (20.5..32.0]', not 'Gammagt: (28.25..52.5]' => 'Drinks: (-inf..2.75]'
c1 # of rules: 36
c1 rule time: 0.0494

c1 computing class: (10.5..+inf)
c1 discrimination constraints: 171h
c1 coverage constraints: 6v+127h
c1 formula: 54v, 370c (322h+48s)
c1 enumerating rules (maxsat-based)
c1 rule: 'Alkphos: (92.75..+inf)', 'Sgpt: (40.0..60.0]', 'Gammagt: (89.75..+inf)' => 'Drinks: (10.5..+inf)'
c1 rule: 'Alkphos: (92.75..+inf)', 'Sgot: (32.0..46.0]', not 'Mcv: (90.5..96.75]' => 'Drinks: (10.5..+inf)'
c1 rule: 'Alkphos: (73.5..92.75]', 'Sgpt: (23.5..40.0]', 'Sgot: (32.0..46.0]' => 'Drinks: (10.5..+inf)'
c1 rule: 'Mcv: (96.75..+inf)', 'Alkphos: (73.5..92.75]', 'Gammagt: (28.25..52.5]' => 'Drinks: (10.5..+inf)'
c1 # of rules: 4
c1 rule time: 0.0044

c1 computing class: (2.75..6.5]
c1 discrimination constraints: 110h
c1 coverage constraints: 67v+1408h
c1 formula: 115v, 1590c (1542h+48s)
c1 enumerating rules (maxsat-based)
c1 rule: 'Alkphos: (-inf..54.25]', 'Gammagt: (89.75..+inf)' => 'Drinks: (2.75..6.5]'
c1 rule: 'Sgot: (46.0..+inf)', 'Gammagt: (28.25..52.5]' => 'Drinks: (2.75..6.5]'
c1 rule: 'Mcv: (84.25..90.5]', 'Sgot: (46.0..+inf)' => 'Drinks: (2.75..6.5]'
c1 rule: 'Mcv: (96.75..+inf)', 'Alkphos: (-inf..54.25]' => 'Drinks: (2.75..6.5]'
c1 rule: 'Mcv: (96.75..+inf)', 'Sgot: (32.0..46.0]', not 'Gammagt: (52.5..89.75]' => 'Drinks: (2.75..6.5]'
c1 rule: 'Alkphos: (-inf..54.25]', 'Sgot: (32.0..46.0]', 'Gammagt: (52.5..89.75]' => 'Drinks: (2.75..6.5]'
c1 rule: 'Sgot: (32.0..46.0]', 'Gammagt: (52.5..89.75]', not 'Sgpt: (40.0..60.0]' => 'Drinks: (2.75..6.5]'
c1 rule: 'Mcv: (96.75..+inf)', 'Alkphos: (54.25..73.5]', 'Gammagt: (89.75..+inf)' => 'Drinks: (2.75..6.5]'
c1 rule: 'Mcv: (96.75..+inf)', 'Sgpt: (40.0..60.0]', not 'Gammagt: (52.5..89.75]' => 'Drinks: (2.75..6.5]'
c1 rule: 'Mcv: (96.75..+inf)', 'Alkphos: (92.75..+inf)', not 'Sgpt: (40.0..60.0]' => 'Drinks: (2.75..6.5]'
c1 rule: 'Alkphos: (-inf..54.25]', 'Sgpt: (-inf..23.5]', 'Gammagt: (52.5..89.75]' => 'Drinks: (2.75..6.5]'
c1 rule: 'Mcv: (96.75..+inf)', 'Sgot: (20.5..32.0]', 'Gammagt: (52.5..89.75]' => 'Drinks: (2.75..6.5]'
c1 rule: 'Mcv: (-inf..84.25]', 'Alkphos: (54.25..73.5]', not 'Sgot: (-inf..20.5]' => 'Drinks: (2.75..6.5]'
c1 rule: 'Mcv: (-inf..84.25]', 'Alkphos: (92.75..+inf)', not 'Sgot: (-inf..20.5]' => 'Drinks: (2.75..6.5]'
c1 rule: 'Alkphos: (92.75..+inf)', 'Sgpt: (-inf..23.5]', 'Gammagt: (28.25..52.5]' => 'Drinks: (2.75..6.5]'
c1 rule: 'Alkphos: (54.25..73.5]', 'Sgpt: (-inf..23.5]', 'Gammagt: (28.25..52.5]' => 'Drinks: (2.75..6.5]'
c1 rule: 'Mcv: (84.25..90.5]', 'Sgpt: (23.5..40.0]', 'Gammagt: (89.75..+inf)' => 'Drinks: (2.75..6.5]'
c1 rule: 'Sgpt: (40.0..60.0]', 'Sgot: (32.0..46.0]', 'Gammagt: (28.25..52.5]' => 'Drinks: (2.75..6.5]'
c1 rule: 'Mcv: (-inf..84.25]', 'Gammagt: (52.5..89.75]', not 'Sgpt: (-inf..23.5]' => 'Drinks: (2.75..6.5]'
c1 rule: 'Mcv: (-inf..84.25]', 'Gammagt: (-inf..28.25]', not 'Alkphos: (73.5..92.75]', not 'Sgot: (-inf..20.5]' => 'Drinks: (2.75..6.5]'
c1 rule: 'Mcv: (84.25..90.5]', 'Sgpt: (-inf..23.5]', not 'Sgot: (-inf..20.5]', not 'Gammagt: (-inf..28.25]' => 'Drinks: (2.75..6.5]'
c1 rule: 'Mcv: (84.25..90.5]', 'Alkphos: (-inf..54.25]', 'Gammagt: (28.25..52.5]', not 'Sgot: (-inf..20.5]' => 'Drinks: (2.75..6.5]'
c1 rule: 'Sgot: (46.0..+inf)', not 'Alkphos: (54.25..73.5]', not 'Sgpt: (40.0..60.0]', not 'Gammagt: (89.75..+inf)' => 'Drinks: (2.75..6.5]'
c1 rule: 'Alkphos: (54.25..73.5]', 'Gammagt: (89.75..+inf)', not 'Sgpt: (60.0..+inf)', not 'Sgot: (20.5..32.0]' => 'Drinks: (2.75..6.5]'
c1 rule: 'Sgpt: (40.0..60.0]', 'Gammagt: (-inf..28.25]', not 'Alkphos: (54.25..73.5]', not 'Sgot: (32.0..46.0]' => 'Drinks: (2.75..6.5]'
c1 rule: 'Alkphos: (92.75..+inf)', 'Sgot: (-inf..20.5]', 'Gammagt: (28.25..52.5]', not 'Sgpt: (40.0..60.0]' => 'Drinks: (2.75..6.5]'
c1 rule: 'Mcv: (84.25..90.5]', 'Alkphos: (92.75..+inf)', 'Sgot: (-inf..20.5]', not 'Sgpt: (23.5..40.0]' => 'Drinks: (2.75..6.5]'
c1 rule: 'Mcv: (84.25..90.5]', 'Alkphos: (73.5..92.75]', 'Sgpt: (23.5..40.0]', 'Gammagt: (28.25..52.5]' => 'Drinks: (2.75..6.5]'
c1 # of rules: 28
c1 rule time: 0.0361

c1 computing class: (6.5..10.5]
c1 discrimination constraints: 149h
c1 coverage constraints: 28v+589h
c1 formula: 76v, 810c (762h+48s)
c1 enumerating rules (maxsat-based)
c1 rule: 'Sgpt: (-inf..23.5]', 'Gammagt: (89.75..+inf)' => 'Drinks: (6.5..10.5]'
c1 rule: 'Alkphos: (92.75..+inf)', 'Sgpt: (60.0..+inf)' => 'Drinks: (6.5..10.5]'
c1 rule: 'Mcv: (96.75..+inf)', 'Sgpt: (23.5..40.0]', 'Sgot: (46.0..+inf)' => 'Drinks: (6.5..10.5]'
c1 rule: 'Mcv: (-inf..84.25]', 'Alkphos: (92.75..+inf)', 'Sgpt: (23.5..40.0]' => 'Drinks: (6.5..10.5]'
c1 rule: 'Alkphos: (73.5..92.75]', 'Sgpt: (60.0..+inf)', 'Sgot: (20.5..32.0]' => 'Drinks: (6.5..10.5]'
c1 rule: 'Sgpt: (60.0..+inf)', 'Sgot: (20.5..32.0]', not 'Alkphos: (54.25..73.5]' => 'Drinks: (6.5..10.5]'
c1 rule: 'Mcv: (90.5..96.75]', 'Sgpt: (60.0..+inf)', 'Gammagt: (28.25..52.5]' => 'Drinks: (6.5..10.5]'
c1 rule: 'Mcv: (84.25..90.5]', 'Sgpt: (60.0..+inf)', 'Sgot: (32.0..46.0]' => 'Drinks: (6.5..10.5]'
c1 rule: 'Alkphos: (-inf..54.25]', 'Sgpt: (40.0..60.0]', 'Gammagt: (52.5..89.75]' => 'Drinks: (6.5..10.5]'
c1 rule: 'Alkphos: (54.25..73.5]', 'Sgot: (46.0..+inf)', not 'Sgpt: (60.0..+inf)' => 'Drinks: (6.5..10.5]'
c1 rule: 'Mcv: (96.75..+inf)', 'Gammagt: (-inf..28.25]', not 'Alkphos: (54.25..73.5]' => 'Drinks: (6.5..10.5]'
c1 rule: 'Sgpt: (40.0..60.0]', 'Sgot: (46.0..+inf)', not 'Gammagt: (28.25..52.5]' => 'Drinks: (6.5..10.5]'
c1 rule: 'Mcv: (84.25..90.5]', 'Sgpt: (40.0..60.0]', 'Sgot: (32.0..46.0]', 'Gammagt: (52.5..89.75]' => 'Drinks: (6.5..10.5]'
c1 rule: 'Mcv: (90.5..96.75]', 'Alkphos: (92.75..+inf)', 'Sgot: (-inf..20.5]', not 'Gammagt: (52.5..89.75]' => 'Drinks: (6.5..10.5]'
c1 rule: 'Alkphos: (-inf..54.25]', 'Sgot: (20.5..32.0]', 'Gammagt: (52.5..89.75]', not 'Mcv: (96.75..+inf)' => 'Drinks: (6.5..10.5]'
c1 rule: 'Mcv: (96.75..+inf)', 'Sgpt: (23.5..40.0]', 'Gammagt: (28.25..52.5]', not 'Alkphos: (73.5..92.75]' => 'Drinks: (6.5..10.5]'
c1 # of rules: 16
c1 rule time: 0.0138

c2 total rules: 84
c3 total time: 0.8800

Rules are saved to ../rules/all/q4_bupa_train4.csv.json