c0 # of samps: 276 (209 weighted)
c0 # of feats: 6 (24 binary)
c0 # of labls: 2
c0 parse time: 0.3080


c0 computing feature 1
c1 computing class: (-inf..84.25]
c1 discrimination constraints: 157h
c1 coverage constraints: 22v+463h
c1 formula: 70v, 692c (644h+48s)
c1 enumerating rules (maxsat-based)
c1 rule: 'Sgpt: (-inf..23.5]', 'Gammagt: (28.25..52.5]', 'Drinks: (6.5..10.5]' => 'Mcv: (-inf..84.25]'
c1 rule: 'Sgpt: (40.0..60.0]', 'Sgot: (-inf..20.5]', 'Gammagt: (28.25..52.5]' => 'Mcv: (-inf..84.25]'
c1 rule: 'Sgot: (32.0..46.0]', 'Gammagt: (28.25..52.5]', 'Drinks: (-inf..2.75]' => 'Mcv: (-inf..84.25]'
c1 rule: 'Alkphos: (73.5..92.75]', 'Sgot: (32.0..46.0]', 'Drinks: (-inf..2.75]' => 'Mcv: (-inf..84.25]'
c1 rule: 'Sgpt: (23.5..40.0]', 'Sgot: (32.0..46.0]', 'Drinks: (2.75..6.5]', not 'Gammagt: (89.75..+inf)' => 'Mcv: (-inf..84.25]'
c1 rule: 'Sgpt: (60.0..+inf)', 'Sgot: (32.0..46.0]', 'Gammagt: (89.75..+inf)', 'Drinks: (2.75..6.5]' => 'Mcv: (-inf..84.25]'
c1 rule: 'Alkphos: (54.25..73.5]', 'Sgpt: (-inf..23.5]', 'Drinks: (-inf..2.75]', not 'Gammagt: (-inf..28.25]' => 'Mcv: (-inf..84.25]'
c1 rule: 'Sgot: (-inf..20.5]', 'Gammagt: (52.5..89.75]', 'Drinks: (2.75..6.5]', not 'Sgpt: (-inf..23.5]' => 'Mcv: (-inf..84.25]'
c1 rule: 'Sgot: (-inf..20.5]', 'Drinks: (6.5..10.5]', not 'Alkphos: (54.25..73.5]', not 'Sgpt: (-inf..23.5]' => 'Mcv: (-inf..84.25]'
c1 # of rules: 9
c1 rule time: 0.0109

c1 computing class: (84.25..90.5]
c1 discrimination constraints: 113h
c1 coverage constraints: 66v+1387h
c1 formula: 114v, 1572c (1524h+48s)
c1 enumerating rules (maxsat-based)
c1 rule: 'Sgot: (-inf..20.5]', 'Gammagt: (89.75..+inf)' => 'Mcv: (84.25..90.5]'
c1 rule: 'Sgpt: (60.0..+inf)', 'Gammagt: (-inf..28.25]' => 'Mcv: (84.25..90.5]'
c1 rule: 'Sgot: (46.0..+inf)', 'Gammagt: (-inf..28.25]' => 'Mcv: (84.25..90.5]'
c1 rule: 'Sgpt: (60.0..+inf)', 'Gammagt: (89.75..+inf)', 'Drinks: (6.5..10.5]' => 'Mcv: (84.25..90.5]'
c1 rule: 'Alkphos: (73.5..92.75]', 'Gammagt: (89.75..+inf)', 'Drinks: (6.5..10.5]' => 'Mcv: (84.25..90.5]'
c1 rule: 'Sgpt: (40.0..60.0]', 'Sgot: (20.5..32.0]', not 'Gammagt: (28.25..52.5]' => 'Mcv: (84.25..90.5]'
c1 rule: 'Sgpt: (40.0..60.0]', 'Gammagt: (-inf..28.25]', not 'Alkphos: (92.75..+inf)' => 'Mcv: (84.25..90.5]'
c1 rule: 'Alkphos: (-inf..54.25]', 'Sgpt: (40.0..60.0]', not 'Sgot: (32.0..46.0]' => 'Mcv: (84.25..90.5]'
c1 rule: 'Alkphos: (-inf..54.25]', 'Sgot: (32.0..46.0]', not 'Gammagt: (89.75..+inf)' => 'Mcv: (84.25..90.5]'
c1 rule: 'Sgpt: (23.5..40.0]', 'Sgot: (32.0..46.0]', 'Drinks: (-inf..2.75]' => 'Mcv: (84.25..90.5]'
c1 rule: 'Alkphos: (-inf..54.25]', 'Gammagt: (52.5..89.75]', 'Drinks: (-inf..2.75]' => 'Mcv: (84.25..90.5]'
c1 rule: 'Sgpt: (-inf..23.5]', 'Gammagt: (28.25..52.5]', 'Drinks: (-inf..2.75]' => 'Mcv: (84.25..90.5]'
c1 rule: 'Alkphos: (54.25..73.5]', 'Sgot: (46.0..+inf)', 'Gammagt: (28.25..52.5]' => 'Mcv: (84.25..90.5]'
c1 rule: 'Alkphos: (-inf..54.25]', 'Drinks: (6.5..10.5]', not 'Sgpt: (23.5..40.0]' => 'Mcv: (84.25..90.5]'
c1 rule: 'Alkphos: (-inf..54.25]', 'Drinks: (6.5..10.5]', not 'Gammagt: (28.25..52.5]' => 'Mcv: (84.25..90.5]'
c1 rule: 'Sgot: (20.5..32.0]', 'Gammagt: (89.75..+inf)', 'Drinks: (2.75..6.5]' => 'Mcv: (84.25..90.5]'
c1 rule: 'Sgpt: (23.5..40.0]', 'Gammagt: (89.75..+inf)', 'Drinks: (2.75..6.5]' => 'Mcv: (84.25..90.5]'
c1 rule: 'Alkphos: (73.5..92.75]', 'Sgpt: (23.5..40.0]', 'Gammagt: (52.5..89.75]' => 'Mcv: (84.25..90.5]'
c1 rule: 'Alkphos: (-inf..54.25]', 'Sgot: (20.5..32.0]', 'Drinks: (-inf..2.75]', not 'Gammagt: (28.25..52.5]' => 'Mcv: (84.25..90.5]'
c1 rule: 'Alkphos: (-inf..54.25]', 'Sgpt: (23.5..40.0]', 'Sgot: (20.5..32.0]', 'Gammagt: (-inf..28.25]' => 'Mcv: (84.25..90.5]'
c1 rule: 'Sgot: (20.5..32.0]', 'Gammagt: (-inf..28.25]', 'Drinks: (6.5..10.5]', not 'Sgpt: (23.5..40.0]' => 'Mcv: (84.25..90.5]'
c1 rule: 'Alkphos: (54.25..73.5]', 'Sgot: (32.0..46.0]', 'Drinks: (6.5..10.5]', not 'Sgpt: (23.5..40.0]' => 'Mcv: (84.25..90.5]'
c1 rule: 'Alkphos: (54.25..73.5]', 'Sgot: (20.5..32.0]', 'Gammagt: (52.5..89.75]', not 'Drinks: (2.75..6.5]' => 'Mcv: (84.25..90.5]'
c1 rule: 'Alkphos: (92.75..+inf)', 'Sgot: (20.5..32.0]', 'Drinks: (-inf..2.75]', not 'Sgpt: (23.5..40.0]' => 'Mcv: (84.25..90.5]'
c1 rule: 'Alkphos: (92.75..+inf)', 'Sgpt: (23.5..40.0]', 'Gammagt: (-inf..28.25]', 'Drinks: (-inf..2.75]' => 'Mcv: (84.25..90.5]'
c1 rule: 'Alkphos: (92.75..+inf)', 'Sgot: (20.5..32.0]', 'Gammagt: (28.25..52.5]', 'Drinks: (-inf..2.75]' => 'Mcv: (84.25..90.5]'
c1 rule: 'Sgpt: (23.5..40.0]', 'Gammagt: (28.25..52.5]', 'Drinks: (2.75..6.5]', not 'Sgot: (20.5..32.0]' => 'Mcv: (84.25..90.5]'
c1 rule: 'Alkphos: (92.75..+inf)', 'Sgpt: (-inf..23.5]', 'Drinks: (2.75..6.5]', not 'Sgot: (20.5..32.0]' => 'Mcv: (84.25..90.5]'
c1 rule: 'Sgpt: (23.5..40.0]', 'Sgot: (-inf..20.5]', 'Drinks: (6.5..10.5]', not 'Alkphos: (92.75..+inf)' => 'Mcv: (84.25..90.5]'
c1 rule: 'Alkphos: (54.25..73.5]', 'Sgpt: (-inf..23.5]', 'Sgot: (20.5..32.0]', not 'Gammagt: (-inf..28.25]', not 'Drinks: (6.5..10.5]' => 'Mcv: (84.25..90.5]'
c1 # of rules: 30
c1 rule time: 0.0349

c1 computing class: (90.5..96.75]
c1 discrimination constraints: 110h
c1 coverage constraints: 69v+1450h
c1 formula: 117v, 1632c (1584h+48s)
c1 enumerating rules (maxsat-based)
c1 rule: 'Sgpt: (40.0..60.0]', 'Sgot: (46.0..+inf)' => 'Mcv: (90.5..96.75]'
c1 rule: 'Alkphos: (-inf..54.25]', 'Gammagt: (89.75..+inf)' => 'Mcv: (90.5..96.75]'
c1 rule: 'Alkphos: (92.75..+inf)', 'Gammagt: (89.75..+inf)' => 'Mcv: (90.5..96.75]'
c1 rule: 'Alkphos: (92.75..+inf)', 'Sgpt: (60.0..+inf)' => 'Mcv: (90.5..96.75]'
c1 rule: 'Sgot: (46.0..+inf)', 'Gammagt: (52.5..89.75]' => 'Mcv: (90.5..96.75]'
c1 rule: 'Sgpt: (60.0..+inf)', 'Drinks: (10.5..+inf)' => 'Mcv: (90.5..96.75]'
c1 rule: 'Alkphos: (54.25..73.5]', 'Drinks: (10.5..+inf)' => 'Mcv: (90.5..96.75]'
c1 rule: 'Sgpt: (60.0..+inf)', 'Gammagt: (52.5..89.75]' => 'Mcv: (90.5..96.75]'
c1 rule: 'Gammagt: (89.75..+inf)', 'Drinks: (10.5..+inf)' => 'Mcv: (90.5..96.75]'
c1 rule: 'Sgpt: (23.5..40.0]', 'Gammagt: (89.75..+inf)', not 'Drinks: (2.75..6.5]' => 'Mcv: (90.5..96.75]'
c1 rule: 'Alkphos: (92.75..+inf)', 'Sgpt: (23.5..40.0]', 'Gammagt: (52.5..89.75]' => 'Mcv: (90.5..96.75]'
c1 rule: 'Alkphos: (92.75..+inf)', 'Gammagt: (52.5..89.75]', not 'Sgot: (32.0..46.0]' => 'Mcv: (90.5..96.75]'
c1 rule: 'Alkphos: (92.75..+inf)', 'Sgpt: (40.0..60.0]', 'Gammagt: (-inf..28.25]' => 'Mcv: (90.5..96.75]'
c1 rule: 'Alkphos: (92.75..+inf)', 'Sgpt: (-inf..23.5]', not 'Gammagt: (-inf..28.25]' => 'Mcv: (90.5..96.75]'
c1 rule: 'Sgpt: (60.0..+inf)', 'Sgot: (20.5..32.0]', not 'Gammagt: (-inf..28.25]' => 'Mcv: (90.5..96.75]'
c1 rule: 'Alkphos: (54.25..73.5]', 'Sgpt: (-inf..23.5]', 'Gammagt: (89.75..+inf)' => 'Mcv: (90.5..96.75]'
c1 rule: 'Alkphos: (54.25..73.5]', 'Gammagt: (89.75..+inf)', 'Drinks: (-inf..2.75]' => 'Mcv: (90.5..96.75]'
c1 rule: 'Sgpt: (-inf..23.5]', 'Sgot: (32.0..46.0]', 'Drinks: (-inf..2.75]' => 'Mcv: (90.5..96.75]'
c1 rule: 'Alkphos: (73.5..92.75]', 'Sgpt: (40.0..60.0]', 'Drinks: (2.75..6.5]' => 'Mcv: (90.5..96.75]'
c1 rule: 'Alkphos: (73.5..92.75]', 'Gammagt: (28.25..52.5]', 'Drinks: (2.75..6.5]' => 'Mcv: (90.5..96.75]'
c1 rule: 'Sgpt: (60.0..+inf)', not 'Alkphos: (54.25..73.5]', not 'Drinks: (-inf..2.75]' => 'Mcv: (90.5..96.75]'
c1 rule: 'Sgot: (32.0..46.0]', 'Gammagt: (28.25..52.5]', not 'Sgpt: (60.0..+inf)' => 'Mcv: (90.5..96.75]'
c1 rule: 'Alkphos: (92.75..+inf)', 'Sgpt: (40.0..60.0]', 'Sgot: (20.5..32.0]' => 'Mcv: (90.5..96.75]'
c1 rule: 'Alkphos: (-inf..54.25]', 'Gammagt: (28.25..52.5]', 'Drinks: (6.5..10.5]' => 'Mcv: (90.5..96.75]'
c1 rule: 'Sgpt: (40.0..60.0]', 'Drinks: (6.5..10.5]', not 'Sgot: (32.0..46.0]' => 'Mcv: (90.5..96.75]'
c1 rule: 'Sgot: (-inf..20.5]', 'Gammagt: (28.25..52.5]', not 'Sgpt: (23.5..40.0]', not 'Drinks: (-inf..2.75]' => 'Mcv: (90.5..96.75]'
c1 rule: 'Alkphos: (92.75..+inf)', 'Drinks: (6.5..10.5]', not 'Sgpt: (23.5..40.0]', not 'Sgot: (20.5..32.0]' => 'Mcv: (90.5..96.75]'
c1 rule: 'Alkphos: (54.25..73.5]', 'Sgpt: (-inf..23.5]', 'Sgot: (-inf..20.5]', 'Drinks: (6.5..10.5]' => 'Mcv: (90.5..96.75]'
c1 rule: 'Alkphos: (92.75..+inf)', 'Sgpt: (-inf..23.5]', 'Sgot: (-inf..20.5]', not 'Drinks: (2.75..6.5]' => 'Mcv: (90.5..96.75]'
c1 rule: 'Alkphos: (73.5..92.75]', 'Sgpt: (23.5..40.0]', 'Gammagt: (28.25..52.5]', not 'Sgot: (20.5..32.0]' => 'Mcv: (90.5..96.75]'
c1 rule: 'Alkphos: (54.25..73.5]', 'Gammagt: (52.5..89.75]', 'Drinks: (2.75..6.5]', not 'Sgpt: (23.5..40.0]' => 'Mcv: (90.5..96.75]'
c1 rule: 'Alkphos: (-inf..54.25]', 'Drinks: (2.75..6.5]', not 'Sgpt: (-inf..23.5]', not 'Sgot: (20.5..32.0]' => 'Mcv: (90.5..96.75]'
c1 rule: 'Alkphos: (-inf..54.25]', 'Gammagt: (28.25..52.5]', not 'Sgpt: (-inf..23.5]', not 'Drinks: (-inf..2.75]' => 'Mcv: (90.5..96.75]'
c1 rule: 'Alkphos: (54.25..73.5]', 'Sgot: (20.5..32.0]', 'Drinks: (6.5..10.5]', not 'Sgpt: (-inf..23.5]', not 'Gammagt: (28.25..52.5]' => 'Mcv: (90.5..96.75]'
c1 # of rules: 34
c1 rule time: 0.0354

c1 computing class: (96.75..+inf)
c1 discrimination constraints: 157h
c1 coverage constraints: 22v+463h
c1 formula: 70v, 692c (644h+48s)
c1 enumerating rules (maxsat-based)
c1 rule: 'Drinks: (10.5..+inf)', not 'Sgot: (32.0..46.0]' => 'Mcv: (96.75..+inf)'
c1 rule: 'Drinks: (10.5..+inf)', not 'Gammagt: (89.75..+inf)' => 'Mcv: (96.75..+inf)'
c1 rule: 'Alkphos: (73.5..92.75]', 'Sgpt: (-inf..23.5]', 'Gammagt: (52.5..89.75]' => 'Mcv: (96.75..+inf)'
c1 rule: 'Alkphos: (92.75..+inf)', 'Sgot: (32.0..46.0]', 'Drinks: (2.75..6.5]' => 'Mcv: (96.75..+inf)'
c1 rule: 'Sgot: (46.0..+inf)', 'Gammagt: (89.75..+inf)', 'Drinks: (-inf..2.75]' => 'Mcv: (96.75..+inf)'
c1 rule: 'Sgot: (46.0..+inf)', 'Gammagt: (89.75..+inf)', not 'Alkphos: (-inf..54.25]' => 'Mcv: (96.75..+inf)'
c1 rule: 'Sgpt: (23.5..40.0]', 'Sgot: (32.0..46.0]', 'Drinks: (6.5..10.5]' => 'Mcv: (96.75..+inf)'
c1 rule: 'Alkphos: (73.5..92.75]', 'Sgpt: (23.5..40.0]', 'Drinks: (6.5..10.5]' => 'Mcv: (96.75..+inf)'
c1 rule: 'Sgot: (20.5..32.0]', 'Gammagt: (52.5..89.75]', 'Drinks: (2.75..6.5]', not 'Alkphos: (54.25..73.5]' => 'Mcv: (96.75..+inf)'
c1 rule: 'Alkphos: (54.25..73.5]', 'Sgpt: (23.5..40.0]', 'Drinks: (6.5..10.5]', not 'Gammagt: (-inf..28.25]' => 'Mcv: (96.75..+inf)'
c1 rule: 'Sgpt: (23.5..40.0]', 'Drinks: (6.5..10.5]', not 'Alkphos: (-inf..54.25]', not 'Gammagt: (-inf..28.25]' => 'Mcv: (96.75..+inf)'
c1 # of rules: 11
c1 rule time: 0.0070

c2 total rules: 84

c0 computing feature 2
c1 computing class: (-inf..54.25]
c1 discrimination constraints: 149h
c1 coverage constraints: 30v+631h
c1 formula: 78v, 852c (804h+48s)
c1 enumerating rules (maxsat-based)
c1 rule: 'Sgot: (46.0..+inf)', 'Gammagt: (89.75..+inf)', not 'Mcv: (96.75..+inf)' => 'Alkphos: (-inf..54.25]'
c1 rule: 'Mcv: (90.5..96.75]', 'Gammagt: (89.75..+inf)', 'Drinks: (2.75..6.5]' => 'Alkphos: (-inf..54.25]'
c1 rule: 'Mcv: (84.25..90.5]', 'Sgpt: (-inf..23.5]', 'Sgot: (32.0..46.0]' => 'Alkphos: (-inf..54.25]'
c1 rule: 'Sgot: (32.0..46.0]', 'Gammagt: (-inf..28.25]', not 'Mcv: (90.5..96.75]', not 'Sgpt: (23.5..40.0]' => 'Alkphos: (-inf..54.25]'
c1 rule: 'Mcv: (84.25..90.5]', 'Sgot: (-inf..20.5]', 'Drinks: (6.5..10.5]', not 'Sgpt: (23.5..40.0]' => 'Alkphos: (-inf..54.25]'
c1 rule: 'Mcv: (90.5..96.75]', 'Sgpt: (23.5..40.0]', 'Drinks: (6.5..10.5]', not 'Gammagt: (-inf..28.25]' => 'Alkphos: (-inf..54.25]'
c1 rule: 'Mcv: (-inf..84.25]', 'Sgpt: (23.5..40.0]', 'Drinks: (-inf..2.75]', not 'Sgot: (20.5..32.0]' => 'Alkphos: (-inf..54.25]'
c1 rule: 'Mcv: (96.75..+inf)', 'Sgpt: (-inf..23.5]', 'Gammagt: (28.25..52.5]', not 'Drinks: (10.5..+inf)' => 'Alkphos: (-inf..54.25]'
c1 rule: 'Sgpt: (23.5..40.0]', 'Drinks: (6.5..10.5]', not 'Mcv: (96.75..+inf)', not 'Gammagt: (-inf..28.25]' => 'Alkphos: (-inf..54.25]'
c1 # of rules: 9
c1 rule time: 0.0125

c1 computing class: (54.25..73.5]
c1 discrimination constraints: 109h
c1 coverage constraints: 70v+1471h
c1 formula: 118v, 1652c (1604h+48s)
c1 enumerating rules (maxsat-based)
c1 rule: 'Mcv: (84.25..90.5]', 'Sgpt: (60.0..+inf)' => 'Alkphos: (54.25..73.5]'
c1 rule: 'Mcv: (-inf..84.25]', 'Gammagt: (52.5..89.75]' => 'Alkphos: (54.25..73.5]'
c1 rule: 'Sgpt: (60.0..+inf)', 'Drinks: (2.75..6.5]', not 'Sgot: (46.0..+inf)' => 'Alkphos: (54.25..73.5]'
c1 rule: 'Sgpt: (60.0..+inf)', not 'Mcv: (90.5..96.75]', not 'Drinks: (-inf..2.75]' => 'Alkphos: (54.25..73.5]'
c1 rule: 'Mcv: (96.75..+inf)', 'Sgot: (-inf..20.5]', not 'Gammagt: (52.5..89.75]' => 'Alkphos: (54.25..73.5]'
c1 rule: 'Mcv: (96.75..+inf)', 'Sgpt: (23.5..40.0]', not 'Sgot: (20.5..32.0]' => 'Alkphos: (54.25..73.5]'
c1 rule: 'Mcv: (96.75..+inf)', 'Sgpt: (23.5..40.0]', 'Drinks: (-inf..2.75]' => 'Alkphos: (54.25..73.5]'
c1 rule: 'Mcv: (-inf..84.25]', 'Sgpt: (-inf..23.5]', not 'Gammagt: (-inf..28.25]' => 'Alkphos: (54.25..73.5]'
c1 rule: 'Mcv: (-inf..84.25]', not 'Gammagt: (-inf..28.25]', not 'Drinks: (-inf..2.75]' => 'Alkphos: (54.25..73.5]'
c1 rule: 'Sgot: (-inf..20.5]', 'Gammagt: (52.5..89.75]', 'Drinks: (2.75..6.5]' => 'Alkphos: (54.25..73.5]'
c1 rule: 'Sgot: (46.0..+inf)', 'Gammagt: (52.5..89.75]', 'Drinks: (-inf..2.75]' => 'Alkphos: (54.25..73.5]'
c1 rule: 'Mcv: (90.5..96.75]', 'Sgpt: (60.0..+inf)', 'Drinks: (-inf..2.75]' => 'Alkphos: (54.25..73.5]'
c1 rule: 'Sgot: (-inf..20.5]', 'Gammagt: (28.25..52.5]', not 'Drinks: (-inf..2.75]' => 'Alkphos: (54.25..73.5]'
c1 rule: 'Sgot: (32.0..46.0]', 'Gammagt: (28.25..52.5]', not 'Sgpt: (60.0..+inf)' => 'Alkphos: (54.25..73.5]'
c1 rule: 'Sgot: (32.0..46.0]', 'Gammagt: (52.5..89.75]', 'Drinks: (6.5..10.5]' => 'Alkphos: (54.25..73.5]'
c1 rule: 'Sgpt: (40.0..60.0]', 'Sgot: (20.5..32.0]', 'Gammagt: (52.5..89.75]' => 'Alkphos: (54.25..73.5]'
c1 rule: 'Mcv: (96.75..+inf)', 'Sgpt: (40.0..60.0]', 'Sgot: (20.5..32.0]' => 'Alkphos: (54.25..73.5]'
c1 rule: 'Sgpt: (23.5..40.0]', 'Sgot: (32.0..46.0]', 'Drinks: (2.75..6.5]' => 'Alkphos: (54.25..73.5]'
c1 rule: 'Sgot: (20.5..32.0]', 'Gammagt: (89.75..+inf)', 'Drinks: (2.75..6.5]' => 'Alkphos: (54.25..73.5]'
c1 rule: 'Mcv: (-inf..84.25]', 'Drinks: (2.75..6.5]', not 'Sgot: (20.5..32.0]' => 'Alkphos: (54.25..73.5]'
c1 rule: 'Mcv: (84.25..90.5]', 'Gammagt: (-inf..28.25]', 'Drinks: (6.5..10.5]', not 'Sgpt: (-inf..23.5]' => 'Alkphos: (54.25..73.5]'
c1 rule: 'Mcv: (90.5..96.75]', 'Sgpt: (23.5..40.0]', 'Drinks: (6.5..10.5]', not 'Gammagt: (28.25..52.5]' => 'Alkphos: (54.25..73.5]'
c1 rule: 'Mcv: (84.25..90.5]', 'Sgot: (20.5..32.0]', 'Gammagt: (52.5..89.75]', not 'Drinks: (6.5..10.5]' => 'Alkphos: (54.25..73.5]'
c1 rule: 'Mcv: (90.5..96.75]', 'Gammagt: (52.5..89.75]', 'Drinks: (2.75..6.5]', not 'Sgpt: (60.0..+inf)' => 'Alkphos: (54.25..73.5]'
c1 rule: 'Mcv: (84.25..90.5]', 'Gammagt: (28.25..52.5]', not 'Sgpt: (-inf..23.5]', not 'Sgot: (20.5..32.0]' => 'Alkphos: (54.25..73.5]'
c1 rule: 'Sgpt: (40.0..60.0]', 'Gammagt: (-inf..28.25]', not 'Sgot: (32.0..46.0]', not 'Drinks: (2.75..6.5]' => 'Alkphos: (54.25..73.5]'
c1 # of rules: 26
c1 rule time: 0.0360

c1 computing class: (73.5..92.75]
c1 discrimination constraints: 131h
c1 coverage constraints: 48v+1009h
c1 formula: 96v, 1212c (1164h+48s)
c1 enumerating rules (maxsat-based)
c1 rule: 'Drinks: (10.5..+inf)', not 'Sgot: (32.0..46.0]' => 'Alkphos: (73.5..92.75]'
c1 rule: 'Drinks: (10.5..+inf)', not 'Sgpt: (40.0..60.0]' => 'Alkphos: (73.5..92.75]'
c1 rule: 'Sgot: (-inf..20.5]', 'Gammagt: (89.75..+inf)' => 'Alkphos: (73.5..92.75]'
c1 rule: 'Sgpt: (-inf..23.5]', 'Sgot: (46.0..+inf)' => 'Alkphos: (73.5..92.75]'
c1 rule: 'Sgot: (46.0..+inf)', 'Drinks: (-inf..2.75]', not 'Mcv: (90.5..96.75]' => 'Alkphos: (73.5..92.75]'
c1 rule: 'Sgot: (46.0..+inf)', not 'Sgpt: (60.0..+inf)', not 'Gammagt: (52.5..89.75]' => 'Alkphos: (73.5..92.75]'
c1 rule: 'Mcv: (-inf..84.25]', 'Sgot: (32.0..46.0]', not 'Drinks: (2.75..6.5]' => 'Alkphos: (73.5..92.75]'
c1 rule: 'Gammagt: (89.75..+inf)', 'Drinks: (-inf..2.75]', not 'Mcv: (90.5..96.75]' => 'Alkphos: (73.5..92.75]'
c1 rule: 'Sgpt: (40.0..60.0]', 'Gammagt: (89.75..+inf)', not 'Mcv: (90.5..96.75]' => 'Alkphos: (73.5..92.75]'
c1 rule: 'Sgot: (32.0..46.0]', 'Gammagt: (28.25..52.5]', not 'Drinks: (2.75..6.5]' => 'Alkphos: (73.5..92.75]'
c1 rule: 'Sgot: (-inf..20.5]', 'Drinks: (6.5..10.5]', not 'Gammagt: (-inf..28.25]' => 'Alkphos: (73.5..92.75]'
c1 rule: 'Mcv: (96.75..+inf)', 'Gammagt: (-inf..28.25]', 'Drinks: (6.5..10.5]' => 'Alkphos: (73.5..92.75]'
c1 rule: 'Sgpt: (60.0..+inf)', 'Drinks: (6.5..10.5]', not 'Sgot: (32.0..46.0]' => 'Alkphos: (73.5..92.75]'
c1 rule: 'Sgot: (46.0..+inf)', 'Gammagt: (52.5..89.75]', 'Drinks: (2.75..6.5]' => 'Alkphos: (73.5..92.75]'
c1 rule: 'Sgpt: (-inf..23.5]', 'Gammagt: (28.25..52.5]', 'Drinks: (-inf..2.75]' => 'Alkphos: (73.5..92.75]'
c1 rule: 'Sgpt: (40.0..60.0]', 'Sgot: (20.5..32.0]', 'Drinks: (-inf..2.75]', not 'Mcv: (84.25..90.5]' => 'Alkphos: (73.5..92.75]'
c1 rule: 'Mcv: (-inf..84.25]', 'Sgot: (20.5..32.0]', not 'Gammagt: (28.25..52.5]', not 'Drinks: (2.75..6.5]' => 'Alkphos: (73.5..92.75]'
c1 rule: 'Mcv: (90.5..96.75]', 'Sgpt: (40.0..60.0]', 'Sgot: (20.5..32.0]', not 'Drinks: (6.5..10.5]' => 'Alkphos: (73.5..92.75]'
c1 # of rules: 18
c1 rule time: 0.0208

c1 computing class: (92.75..+inf)
c1 discrimination constraints: 148h
c1 coverage constraints: 31v+652h
c1 formula: 79v, 872c (824h+48s)
c1 enumerating rules (maxsat-based)
c1 rule: 'Sgpt: (40.0..60.0]', 'Sgot: (-inf..20.5]' => 'Alkphos: (92.75..+inf)'
c1 rule: 'Mcv: (90.5..96.75]', 'Sgpt: (-inf..23.5]', 'Sgot: (32.0..46.0]' => 'Alkphos: (92.75..+inf)'
c1 rule: 'Sgot: (32.0..46.0]', 'Gammagt: (-inf..28.25]', not 'Sgpt: (40.0..60.0]' => 'Alkphos: (92.75..+inf)'
c1 rule: 'Sgot: (32.0..46.0]', 'Gammagt: (-inf..28.25]', not 'Mcv: (84.25..90.5]' => 'Alkphos: (92.75..+inf)'
c1 rule: 'Mcv: (-inf..84.25]', 'Gammagt: (-inf..28.25]', 'Drinks: (6.5..10.5]' => 'Alkphos: (92.75..+inf)'
c1 rule: 'Mcv: (96.75..+inf)', 'Sgot: (32.0..46.0]', 'Drinks: (2.75..6.5]' => 'Alkphos: (92.75..+inf)'
c1 rule: 'Mcv: (90.5..96.75]', 'Sgpt: (-inf..23.5]', 'Gammagt: (52.5..89.75]', not 'Drinks: (2.75..6.5]' => 'Alkphos: (92.75..+inf)'
c1 rule: 'Mcv: (90.5..96.75]', 'Sgpt: (23.5..40.0]', 'Gammagt: (52.5..89.75]', not 'Drinks: (2.75..6.5]' => 'Alkphos: (92.75..+inf)'
c1 rule: 'Sgpt: (60.0..+inf)', 'Sgot: (46.0..+inf)', 'Gammagt: (28.25..52.5]', not 'Mcv: (84.25..90.5]' => 'Alkphos: (92.75..+inf)'
c1 rule: 'Mcv: (90.5..96.75]', 'Gammagt: (89.75..+inf)', 'Drinks: (6.5..10.5]', not 'Sgot: (20.5..32.0]' => 'Alkphos: (92.75..+inf)'
c1 rule: 'Mcv: (96.75..+inf)', 'Sgpt: (23.5..40.0]', 'Drinks: (2.75..6.5]', not 'Gammagt: (52.5..89.75]' => 'Alkphos: (92.75..+inf)'
c1 rule: 'Mcv: (90.5..96.75]', 'Sgpt: (-inf..23.5]', 'Gammagt: (28.25..52.5]', not 'Sgot: (-inf..20.5]' => 'Alkphos: (92.75..+inf)'
c1 # of rules: 12
c1 rule time: 0.0126

c2 total rules: 65

c0 computing feature 3
c1 computing class: (-inf..23.5]
c1 discrimination constraints: 117h
c1 coverage constraints: 62v+1303h
c1 formula: 110v, 1492c (1444h+48s)
c1 enumerating rules (maxsat-based)
c1 rule: 'Sgot: (46.0..+inf)', 'Gammagt: (-inf..28.25]' => 'Sgpt: (-inf..23.5]'
c1 rule: 'Sgot: (-inf..20.5]', 'Gammagt: (89.75..+inf)' => 'Sgpt: (-inf..23.5]'
c1 rule: 'Mcv: (96.75..+inf)', 'Sgot: (-inf..20.5]' => 'Sgpt: (-inf..23.5]'
c1 rule: 'Alkphos: (73.5..92.75]', 'Sgot: (-inf..20.5]', not 'Drinks: (-inf..2.75]' => 'Sgpt: (-inf..23.5]'
c1 rule: 'Mcv: (-inf..84.25]', 'Sgot: (20.5..32.0]', not 'Gammagt: (28.25..52.5]' => 'Sgpt: (-inf..23.5]'
c1 rule: 'Mcv: (-inf..84.25]', 'Alkphos: (54.25..73.5]', 'Drinks: (-inf..2.75]' => 'Sgpt: (-inf..23.5]'
c1 rule: 'Mcv: (96.75..+inf)', 'Alkphos: (-inf..54.25]', not 'Gammagt: (52.5..89.75]' => 'Sgpt: (-inf..23.5]'
c1 rule: 'Mcv: (-inf..84.25]', 'Alkphos: (54.25..73.5]', 'Gammagt: (-inf..28.25]' => 'Sgpt: (-inf..23.5]'
c1 rule: 'Mcv: (-inf..84.25]', 'Alkphos: (54.25..73.5]', not 'Drinks: (2.75..6.5]' => 'Sgpt: (-inf..23.5]'
c1 rule: 'Gammagt: (89.75..+inf)', 'Drinks: (6.5..10.5]', not 'Sgot: (32.0..46.0]' => 'Sgpt: (-inf..23.5]'
c1 rule: 'Mcv: (90.5..96.75]', 'Sgot: (-inf..20.5]', 'Drinks: (6.5..10.5]' => 'Sgpt: (-inf..23.5]'
c1 rule: 'Alkphos: (-inf..54.25]', 'Gammagt: (-inf..28.25]', 'Drinks: (6.5..10.5]' => 'Sgpt: (-inf..23.5]'
c1 rule: 'Alkphos: (-inf..54.25]', 'Sgot: (32.0..46.0]', 'Gammagt: (52.5..89.75]' => 'Sgpt: (-inf..23.5]'
c1 rule: 'Mcv: (84.25..90.5]', 'Alkphos: (92.75..+inf)', 'Drinks: (6.5..10.5]' => 'Sgpt: (-inf..23.5]'
c1 rule: 'Mcv: (84.25..90.5]', 'Sgot: (20.5..32.0]', 'Drinks: (6.5..10.5]', not 'Gammagt: (52.5..89.75]' => 'Sgpt: (-inf..23.5]'
c1 rule: 'Mcv: (84.25..90.5]', 'Alkphos: (73.5..92.75]', 'Gammagt: (28.25..52.5]', not 'Sgot: (20.5..32.0]' => 'Sgpt: (-inf..23.5]'
c1 rule: 'Mcv: (96.75..+inf)', 'Alkphos: (73.5..92.75]', 'Gammagt: (-inf..28.25]', not 'Drinks: (6.5..10.5]' => 'Sgpt: (-inf..23.5]'
c1 rule: 'Mcv: (90.5..96.75]', 'Sgot: (-inf..20.5]', not 'Gammagt: (-inf..28.25]', not 'Drinks: (-inf..2.75]' => 'Sgpt: (-inf..23.5]'
c1 rule: 'Mcv: (84.25..90.5]', 'Alkphos: (-inf..54.25]', 'Drinks: (2.75..6.5]', not 'Gammagt: (-inf..28.25]' => 'Sgpt: (-inf..23.5]'
c1 rule: 'Alkphos: (-inf..54.25]', 'Drinks: (2.75..6.5]', not 'Mcv: (90.5..96.75]', not 'Sgot: (20.5..32.0]' => 'Sgpt: (-inf..23.5]'
c1 rule: 'Alkphos: (-inf..54.25]', 'Gammagt: (-inf..28.25]', not 'Mcv: (84.25..90.5]', not 'Sgot: (-inf..20.5]' => 'Sgpt: (-inf..23.5]'
c1 rule: 'Alkphos: (92.75..+inf)', 'Sgot: (-inf..20.5]', 'Gammagt: (-inf..28.25]', 'Drinks: (-inf..2.75]' => 'Sgpt: (-inf..23.5]'
c1 rule: 'Alkphos: (92.75..+inf)', 'Gammagt: (-inf..28.25]', not 'Sgot: (-inf..20.5]', not 'Drinks: (-inf..2.75]' => 'Sgpt: (-inf..23.5]'
c1 rule: 'Mcv: (90.5..96.75]', 'Alkphos: (92.75..+inf)', 'Sgot: (20.5..32.0]', 'Drinks: (2.75..6.5]' => 'Sgpt: (-inf..23.5]'
c1 # of rules: 24
c1 rule time: 0.0297

c1 computing class: (23.5..40.0]
c1 discrimination constraints: 110h
c1 coverage constraints: 69v+1450h
c1 formula: 117v, 1632c (1584h+48s)
c1 enumerating rules (maxsat-based)
c1 rule: 'Mcv: (96.75..+inf)', 'Sgot: (32.0..46.0]', 'Drinks: (6.5..10.5]' => 'Sgpt: (23.5..40.0]'
c1 rule: 'Mcv: (96.75..+inf)', 'Drinks: (6.5..10.5]', not 'Alkphos: (73.5..92.75]' => 'Sgpt: (23.5..40.0]'
c1 rule: 'Mcv: (96.75..+inf)', 'Drinks: (6.5..10.5]', not 'Gammagt: (52.5..89.75]' => 'Sgpt: (23.5..40.0]'
c1 rule: 'Alkphos: (92.75..+inf)', 'Gammagt: (89.75..+inf)', 'Drinks: (-inf..2.75]' => 'Sgpt: (23.5..40.0]'
c1 rule: 'Mcv: (-inf..84.25]', 'Drinks: (6.5..10.5]', not 'Gammagt: (28.25..52.5]' => 'Sgpt: (23.5..40.0]'
c1 rule: 'Alkphos: (-inf..54.25]', 'Drinks: (6.5..10.5]', not 'Gammagt: (-inf..28.25]' => 'Sgpt: (23.5..40.0]'
c1 rule: 'Alkphos: (-inf..54.25]', 'Sgot: (-inf..20.5]', not 'Gammagt: (-inf..28.25]' => 'Sgpt: (23.5..40.0]'
c1 rule: 'Mcv: (90.5..96.75]', 'Alkphos: (-inf..54.25]', 'Gammagt: (28.25..52.5]' => 'Sgpt: (23.5..40.0]'
c1 rule: 'Mcv: (90.5..96.75]', 'Gammagt: (28.25..52.5]', 'Drinks: (-inf..2.75]' => 'Sgpt: (23.5..40.0]'
c1 rule: 'Mcv: (96.75..+inf)', 'Sgot: (20.5..32.0]', 'Gammagt: (52.5..89.75]' => 'Sgpt: (23.5..40.0]'
c1 rule: 'Sgot: (20.5..32.0]', 'Gammagt: (52.5..89.75]', 'Drinks: (2.75..6.5]' => 'Sgpt: (23.5..40.0]'
c1 rule: 'Mcv: (84.25..90.5]', 'Sgot: (-inf..20.5]', 'Gammagt: (52.5..89.75]' => 'Sgpt: (23.5..40.0]'
c1 rule: 'Mcv: (84.25..90.5]', 'Alkphos: (92.75..+inf)', not 'Gammagt: (-inf..28.25]' => 'Sgpt: (23.5..40.0]'
c1 rule: 'Mcv: (-inf..84.25]', 'Alkphos: (-inf..54.25]', not 'Gammagt: (-inf..28.25]' => 'Sgpt: (23.5..40.0]'
c1 rule: 'Alkphos: (54.25..73.5]', 'Gammagt: (28.25..52.5]', 'Drinks: (-inf..2.75]' => 'Sgpt: (23.5..40.0]'
c1 rule: 'Mcv: (-inf..84.25]', 'Gammagt: (52.5..89.75]', not 'Sgot: (-inf..20.5]' => 'Sgpt: (23.5..40.0]'
c1 rule: 'Mcv: (-inf..84.25]', 'Gammagt: (52.5..89.75]', not 'Drinks: (-inf..2.75]' => 'Sgpt: (23.5..40.0]'
c1 rule: 'Mcv: (84.25..90.5]', 'Alkphos: (92.75..+inf)', 'Sgot: (32.0..46.0]' => 'Sgpt: (23.5..40.0]'
c1 rule: 'Mcv: (96.75..+inf)', 'Alkphos: (92.75..+inf)', not 'Gammagt: (52.5..89.75]' => 'Sgpt: (23.5..40.0]'
c1 rule: 'Alkphos: (92.75..+inf)', 'Sgot: (20.5..32.0]', 'Gammagt: (52.5..89.75]' => 'Sgpt: (23.5..40.0]'
c1 rule: 'Sgot: (20.5..32.0]', 'Gammagt: (89.75..+inf)', 'Drinks: (2.75..6.5]' => 'Sgpt: (23.5..40.0]'
c1 rule: 'Mcv: (84.25..90.5]', 'Sgot: (32.0..46.0]', 'Gammagt: (89.75..+inf)', not 'Drinks: (6.5..10.5]' => 'Sgpt: (23.5..40.0]'
c1 rule: 'Mcv: (90.5..96.75]', 'Sgot: (20.5..32.0]', 'Drinks: (-inf..2.75]', not 'Gammagt: (-inf..28.25]' => 'Sgpt: (23.5..40.0]'
c1 rule: 'Mcv: (84.25..90.5]', 'Sgot: (-inf..20.5]', not 'Alkphos: (73.5..92.75]', not 'Gammagt: (-inf..28.25]' => 'Sgpt: (23.5..40.0]'
c1 rule: 'Mcv: (84.25..90.5]', 'Alkphos: (-inf..54.25]', 'Sgot: (-inf..20.5]', 'Drinks: (-inf..2.75]' => 'Sgpt: (23.5..40.0]'
c1 rule: 'Mcv: (90.5..96.75]', 'Alkphos: (92.75..+inf)', 'Drinks: (2.75..6.5]', not 'Gammagt: (28.25..52.5]' => 'Sgpt: (23.5..40.0]'
c1 rule: 'Alkphos: (54.25..73.5]', 'Sgot: (-inf..20.5]', 'Drinks: (6.5..10.5]', not 'Mcv: (90.5..96.75]' => 'Sgpt: (23.5..40.0]'
c1 rule: 'Gammagt: (-inf..28.25]', 'Drinks: (6.5..10.5]', not 'Mcv: (84.25..90.5]', not 'Sgot: (-inf..20.5]' => 'Sgpt: (23.5..40.0]'
c1 # of rules: 28
c1 rule time: 0.0320

c1 computing class: (40.0..60.0]
c1 discrimination constraints: 148h
c1 coverage constraints: 31v+652h
c1 formula: 79v, 872c (824h+48s)
c1 enumerating rules (maxsat-based)
c1 rule: 'Alkphos: (92.75..+inf)', 'Drinks: (10.5..+inf)' => 'Sgpt: (40.0..60.0]'
c1 rule: 'Drinks: (10.5..+inf)', not 'Alkphos: (73.5..92.75]' => 'Sgpt: (40.0..60.0]'
c1 rule: 'Gammagt: (52.5..89.75]', 'Drinks: (10.5..+inf)' => 'Sgpt: (40.0..60.0]'
c1 rule: 'Sgot: (46.0..+inf)', 'Drinks: (6.5..10.5]' => 'Sgpt: (40.0..60.0]'
c1 rule: 'Sgot: (32.0..46.0]', 'Gammagt: (-inf..28.25]', not 'Alkphos: (92.75..+inf)' => 'Sgpt: (40.0..60.0]'
c1 rule: 'Mcv: (84.25..90.5]', 'Alkphos: (73.5..92.75]', 'Sgot: (32.0..46.0]' => 'Sgpt: (40.0..60.0]'
c1 rule: 'Sgot: (32.0..46.0]', 'Gammagt: (28.25..52.5]', not 'Alkphos: (73.5..92.75]' => 'Sgpt: (40.0..60.0]'
c1 rule: 'Alkphos: (92.75..+inf)', 'Gammagt: (89.75..+inf)', not 'Sgot: (20.5..32.0]' => 'Sgpt: (40.0..60.0]'
c1 rule: 'Mcv: (-inf..84.25]', 'Gammagt: (89.75..+inf)', not 'Alkphos: (54.25..73.5]' => 'Sgpt: (40.0..60.0]'
c1 rule: 'Alkphos: (73.5..92.75]', 'Sgot: (20.5..32.0]', 'Gammagt: (89.75..+inf)' => 'Sgpt: (40.0..60.0]'
c1 rule: 'Alkphos: (-inf..54.25]', 'Gammagt: (89.75..+inf)', not 'Sgot: (46.0..+inf)' => 'Sgpt: (40.0..60.0]'
c1 rule: 'Alkphos: (92.75..+inf)', 'Gammagt: (52.5..89.75]', not 'Drinks: (-inf..2.75]' => 'Sgpt: (40.0..60.0]'
c1 rule: 'Alkphos: (92.75..+inf)', 'Sgot: (-inf..20.5]', 'Gammagt: (28.25..52.5]' => 'Sgpt: (40.0..60.0]'
c1 rule: 'Mcv: (-inf..84.25]', 'Gammagt: (28.25..52.5]', 'Drinks: (2.75..6.5]' => 'Sgpt: (40.0..60.0]'
c1 rule: 'Alkphos: (73.5..92.75]', 'Sgot: (46.0..+inf)', 'Gammagt: (28.25..52.5]' => 'Sgpt: (40.0..60.0]'
c1 rule: 'Mcv: (84.25..90.5]', 'Alkphos: (54.25..73.5]', 'Gammagt: (52.5..89.75]', not 'Sgot: (20.5..32.0]' => 'Sgpt: (40.0..60.0]'
c1 rule: 'Mcv: (96.75..+inf)', 'Alkphos: (54.25..73.5]', 'Gammagt: (28.25..52.5]', not 'Drinks: (6.5..10.5]' => 'Sgpt: (40.0..60.0]'
c1 rule: 'Mcv: (90.5..96.75]', 'Alkphos: (54.25..73.5]', 'Gammagt: (28.25..52.5]', 'Drinks: (6.5..10.5]' => 'Sgpt: (40.0..60.0]'
c1 rule: 'Mcv: (90.5..96.75]', 'Alkphos: (92.75..+inf)', 'Gammagt: (28.25..52.5]', not 'Drinks: (2.75..6.5]' => 'Sgpt: (40.0..60.0]'
c1 # of rules: 19
c1 rule time: 0.0166

c1 computing class: (60.0..+inf)
c1 discrimination constraints: 162h
c1 coverage constraints: 17v+358h
c1 formula: 65v, 592c (544h+48s)
c1 enumerating rules (maxsat-based)
c1 rule: 'Alkphos: (-inf..54.25]', 'Sgot: (46.0..+inf)' => 'Sgpt: (60.0..+inf)'
c1 rule: 'Sgot: (46.0..+inf)', 'Gammagt: (89.75..+inf)' => 'Sgpt: (60.0..+inf)'
c1 rule: 'Alkphos: (92.75..+inf)', 'Sgot: (46.0..+inf)' => 'Sgpt: (60.0..+inf)'
c1 rule: 'Sgot: (46.0..+inf)', 'Drinks: (-inf..2.75]' => 'Sgpt: (60.0..+inf)'
c1 rule: 'Sgot: (32.0..46.0]', 'Gammagt: (28.25..52.5]', not 'Drinks: (2.75..6.5]' => 'Sgpt: (60.0..+inf)'
c1 rule: 'Alkphos: (54.25..73.5]', 'Sgot: (32.0..46.0]', 'Drinks: (-inf..2.75]' => 'Sgpt: (60.0..+inf)'
c1 rule: 'Mcv: (-inf..84.25]', 'Gammagt: (89.75..+inf)', not 'Drinks: (-inf..2.75]' => 'Sgpt: (60.0..+inf)'
c1 rule: 'Mcv: (84.25..90.5]', 'Sgot: (46.0..+inf)', not 'Gammagt: (-inf..28.25]' => 'Sgpt: (60.0..+inf)'
c1 rule: 'Sgot: (46.0..+inf)', 'Gammagt: (52.5..89.75]', not 'Drinks: (6.5..10.5]' => 'Sgpt: (60.0..+inf)'
c1 rule: 'Alkphos: (73.5..92.75]', 'Sgot: (20.5..32.0]', 'Gammagt: (52.5..89.75]' => 'Sgpt: (60.0..+inf)'
c1 rule: 'Mcv: (90.5..96.75]', 'Sgot: (32.0..46.0]', 'Gammagt: (52.5..89.75]' => 'Sgpt: (60.0..+inf)'
c1 rule: 'Mcv: (84.25..90.5]', 'Alkphos: (54.25..73.5]', 'Gammagt: (89.75..+inf)', not 'Drinks: (2.75..6.5]' => 'Sgpt: (60.0..+inf)'
c1 # of rules: 12
c1 rule time: 0.0089

c2 total rules: 83

c0 computing feature 4
c1 computing class: (-inf..20.5]
c1 discrimination constraints: 128h
c1 coverage constraints: 51v+1072h
c1 formula: 99v, 1272c (1224h+48s)
c1 enumerating rules (maxsat-based)
c1 rule: 'Sgpt: (-inf..23.5]', 'Gammagt: (52.5..89.75]', not 'Mcv: (84.25..90.5]' => 'Sgot: (-inf..20.5]'
c1 rule: 'Mcv: (96.75..+inf)', 'Gammagt: (-inf..28.25]', 'Drinks: (2.75..6.5]' => 'Sgot: (-inf..20.5]'
c1 rule: 'Mcv: (-inf..84.25]', 'Sgpt: (23.5..40.0]', 'Gammagt: (-inf..28.25]' => 'Sgot: (-inf..20.5]'
c1 rule: 'Mcv: (-inf..84.25]', 'Alkphos: (54.25..73.5]', 'Drinks: (-inf..2.75]' => 'Sgot: (-inf..20.5]'
c1 rule: 'Sgpt: (-inf..23.5]', 'Gammagt: (89.75..+inf)', not 'Drinks: (6.5..10.5]' => 'Sgot: (-inf..20.5]'
c1 rule: 'Alkphos: (-inf..54.25]', 'Gammagt: (-inf..28.25]', 'Drinks: (6.5..10.5]' => 'Sgot: (-inf..20.5]'
c1 rule: 'Alkphos: (-inf..54.25]', 'Gammagt: (52.5..89.75]', 'Drinks: (-inf..2.75]' => 'Sgot: (-inf..20.5]'
c1 rule: 'Mcv: (-inf..84.25]', 'Alkphos: (92.75..+inf)', 'Sgpt: (40.0..60.0]' => 'Sgot: (-inf..20.5]'
c1 rule: 'Alkphos: (73.5..92.75]', 'Gammagt: (52.5..89.75]', 'Drinks: (-inf..2.75]' => 'Sgot: (-inf..20.5]'
c1 rule: 'Alkphos: (-inf..54.25]', 'Gammagt: (-inf..28.25]', not 'Mcv: (84.25..90.5]', not 'Sgpt: (-inf..23.5]' => 'Sgot: (-inf..20.5]'
c1 rule: 'Mcv: (90.5..96.75]', 'Alkphos: (-inf..54.25]', not 'Gammagt: (28.25..52.5]', not 'Drinks: (2.75..6.5]' => 'Sgot: (-inf..20.5]'
c1 rule: 'Alkphos: (-inf..54.25]', not 'Mcv: (84.25..90.5]', not 'Gammagt: (28.25..52.5]', not 'Drinks: (2.75..6.5]' => 'Sgot: (-inf..20.5]'
c1 rule: 'Mcv: (90.5..96.75]', 'Alkphos: (54.25..73.5]', 'Sgpt: (-inf..23.5]', 'Gammagt: (28.25..52.5]' => 'Sgot: (-inf..20.5]'
c1 rule: 'Alkphos: (92.75..+inf)', 'Drinks: (-inf..2.75]', not 'Sgpt: (23.5..40.0]', not 'Gammagt: (-inf..28.25]' => 'Sgot: (-inf..20.5]'
c1 rule: 'Mcv: (90.5..96.75]', 'Alkphos: (92.75..+inf)', 'Sgpt: (23.5..40.0]', not 'Drinks: (-inf..2.75]' => 'Sgot: (-inf..20.5]'
c1 rule: 'Alkphos: (92.75..+inf)', 'Sgpt: (23.5..40.0]', not 'Gammagt: (28.25..52.5]', not 'Drinks: (-inf..2.75]' => 'Sgot: (-inf..20.5]'
c1 rule: 'Mcv: (90.5..96.75]', 'Alkphos: (92.75..+inf)', 'Gammagt: (-inf..28.25]', not 'Drinks: (-inf..2.75]' => 'Sgot: (-inf..20.5]'
c1 rule: 'Mcv: (84.25..90.5]', 'Sgpt: (23.5..40.0]', 'Gammagt: (-inf..28.25]', 'Drinks: (6.5..10.5]' => 'Sgot: (-inf..20.5]'
c1 rule: 'Gammagt: (-inf..28.25]', 'Drinks: (6.5..10.5]', not 'Mcv: (84.25..90.5]', not 'Sgpt: (23.5..40.0]' => 'Sgot: (-inf..20.5]'
c1 rule: 'Mcv: (84.25..90.5]', 'Alkphos: (-inf..54.25]', 'Sgpt: (-inf..23.5]', 'Gammagt: (-inf..28.25]', 'Drinks: (2.75..6.5]' => 'Sgot: (-inf..20.5]'
c1 # of rules: 20
c1 rule time: 0.0261

c1 computing class: (20.5..32.0]
c1 discrimination constraints: 89h
c1 coverage constraints: 90v+1891h
c1 formula: 138v, 2052c (2004h+48s)
c1 enumerating rules (maxsat-based)
c1 rule: 'Gammagt: (28.25..52.5]', 'Drinks: (10.5..+inf)' => 'Sgot: (20.5..32.0]'
c1 rule: 'Mcv: (96.75..+inf)', 'Gammagt: (28.25..52.5]' => 'Sgot: (20.5..32.0]'
c1 rule: 'Mcv: (96.75..+inf)', 'Alkphos: (-inf..54.25]' => 'Sgot: (20.5..32.0]'
c1 rule: 'Sgpt: (60.0..+inf)', 'Gammagt: (-inf..28.25]' => 'Sgot: (20.5..32.0]'
c1 rule: 'Alkphos: (-inf..54.25]', 'Gammagt: (28.25..52.5]' => 'Sgot: (20.5..32.0]'
c1 rule: 'Mcv: (96.75..+inf)', 'Drinks: (6.5..10.5]', not 'Gammagt: (52.5..89.75]' => 'Sgot: (20.5..32.0]'
c1 rule: 'Mcv: (96.75..+inf)', 'Sgpt: (23.5..40.0]', 'Gammagt: (-inf..28.25]' => 'Sgot: (20.5..32.0]'
c1 rule: 'Mcv: (96.75..+inf)', 'Sgpt: (23.5..40.0]', not 'Drinks: (6.5..10.5]' => 'Sgot: (20.5..32.0]'
c1 rule: 'Mcv: (96.75..+inf)', 'Gammagt: (-inf..28.25]', not 'Alkphos: (54.25..73.5]' => 'Sgot: (20.5..32.0]'
c1 rule: 'Mcv: (-inf..84.25]', 'Drinks: (6.5..10.5]', not 'Gammagt: (-inf..28.25]' => 'Sgot: (20.5..32.0]'
c1 rule: 'Sgpt: (-inf..23.5]', 'Gammagt: (89.75..+inf)', 'Drinks: (6.5..10.5]' => 'Sgot: (20.5..32.0]'
c1 rule: 'Alkphos: (92.75..+inf)', 'Gammagt: (89.75..+inf)', not 'Sgpt: (40.0..60.0]' => 'Sgot: (20.5..32.0]'
c1 rule: 'Mcv: (84.25..90.5]', 'Alkphos: (92.75..+inf)', 'Drinks: (6.5..10.5]' => 'Sgot: (20.5..32.0]'
c1 rule: 'Mcv: (84.25..90.5]', 'Alkphos: (92.75..+inf)', not 'Gammagt: (-inf..28.25]' => 'Sgot: (20.5..32.0]'
c1 rule: 'Alkphos: (92.75..+inf)', 'Sgpt: (23.5..40.0]', not 'Gammagt: (-inf..28.25]' => 'Sgot: (20.5..32.0]'
c1 rule: 'Mcv: (84.25..90.5]', 'Sgpt: (40.0..60.0]', 'Drinks: (2.75..6.5]' => 'Sgot: (20.5..32.0]'
c1 rule: 'Mcv: (84.25..90.5]', 'Sgpt: (40.0..60.0]', 'Gammagt: (28.25..52.5]' => 'Sgot: (20.5..32.0]'
c1 rule: 'Sgpt: (40.0..60.0]', 'Gammagt: (28.25..52.5]', 'Drinks: (6.5..10.5]' => 'Sgot: (20.5..32.0]'
c1 rule: 'Mcv: (-inf..84.25]', 'Gammagt: (28.25..52.5]', not 'Drinks: (-inf..2.75]' => 'Sgot: (20.5..32.0]'
c1 rule: 'Mcv: (-inf..84.25]', 'Sgpt: (23.5..40.0]', 'Gammagt: (28.25..52.5]' => 'Sgot: (20.5..32.0]'
c1 rule: 'Alkphos: (54.25..73.5]', 'Sgpt: (40.0..60.0]', 'Gammagt: (-inf..28.25]' => 'Sgot: (20.5..32.0]'
c1 rule: 'Alkphos: (73.5..92.75]', 'Sgpt: (23.5..40.0]', 'Drinks: (2.75..6.5]' => 'Sgot: (20.5..32.0]'
c1 rule: 'Alkphos: (73.5..92.75]', 'Gammagt: (-inf..28.25]', 'Drinks: (6.5..10.5]' => 'Sgot: (20.5..32.0]'
c1 rule: 'Mcv: (90.5..96.75]', 'Sgpt: (23.5..40.0]', 'Drinks: (6.5..10.5]' => 'Sgot: (20.5..32.0]'
c1 rule: 'Alkphos: (-inf..54.25]', 'Sgpt: (23.5..40.0]', 'Drinks: (6.5..10.5]' => 'Sgot: (20.5..32.0]'
c1 rule: 'Mcv: (84.25..90.5]', 'Gammagt: (89.75..+inf)', 'Drinks: (-inf..2.75]' => 'Sgot: (20.5..32.0]'
c1 rule: 'Sgpt: (23.5..40.0]', 'Gammagt: (89.75..+inf)', 'Drinks: (-inf..2.75]' => 'Sgot: (20.5..32.0]'
c1 rule: 'Mcv: (90.5..96.75]', 'Sgpt: (23.5..40.0]', 'Gammagt: (52.5..89.75]' => 'Sgot: (20.5..32.0]'
c1 rule: 'Sgpt: (60.0..+inf)', 'Gammagt: (52.5..89.75]', 'Drinks: (6.5..10.5]' => 'Sgot: (20.5..32.0]'
c1 rule: 'Alkphos: (54.25..73.5]', 'Sgpt: (40.0..60.0]', 'Drinks: (-inf..2.75]' => 'Sgot: (20.5..32.0]'
c1 rule: 'Mcv: (-inf..84.25]', 'Drinks: (2.75..6.5]', not 'Alkphos: (54.25..73.5]' => 'Sgot: (20.5..32.0]'
c1 rule: 'Alkphos: (92.75..+inf)', 'Sgpt: (-inf..23.5]', 'Gammagt: (28.25..52.5]' => 'Sgot: (20.5..32.0]'
c1 rule: 'Mcv: (-inf..84.25]', 'Alkphos: (73.5..92.75]', 'Gammagt: (-inf..28.25]' => 'Sgot: (20.5..32.0]'
c1 rule: 'Alkphos: (92.75..+inf)', 'Sgpt: (-inf..23.5]', 'Drinks: (-inf..2.75]', not 'Mcv: (90.5..96.75]' => 'Sgot: (20.5..32.0]'
c1 rule: 'Mcv: (90.5..96.75]', 'Alkphos: (54.25..73.5]', 'Sgpt: (60.0..+inf)', 'Gammagt: (28.25..52.5]' => 'Sgot: (20.5..32.0]'
c1 rule: 'Mcv: (90.5..96.75]', 'Sgpt: (23.5..40.0]', 'Drinks: (2.75..6.5]', not 'Gammagt: (-inf..28.25]' => 'Sgot: (20.5..32.0]'
c1 rule: 'Sgpt: (23.5..40.0]', 'Gammagt: (28.25..52.5]', not 'Mcv: (90.5..96.75]', not 'Alkphos: (54.25..73.5]' => 'Sgot: (20.5..32.0]'
c1 rule: 'Sgpt: (40.0..60.0]', 'Gammagt: (28.25..52.5]', not 'Mcv: (90.5..96.75]', not 'Alkphos: (92.75..+inf)' => 'Sgot: (20.5..32.0]'
c1 rule: 'Mcv: (84.25..90.5]', 'Alkphos: (54.25..73.5]', 'Sgpt: (-inf..23.5]', not 'Gammagt: (-inf..28.25]' => 'Sgot: (20.5..32.0]'
c1 rule: 'Mcv: (84.25..90.5]', 'Alkphos: (-inf..54.25]', 'Sgpt: (23.5..40.0]', not 'Drinks: (-inf..2.75]' => 'Sgot: (20.5..32.0]'
c1 rule: 'Mcv: (84.25..90.5]', 'Alkphos: (-inf..54.25]', 'Sgpt: (-inf..23.5]', 'Drinks: (-inf..2.75]' => 'Sgot: (20.5..32.0]'
c1 rule: 'Mcv: (84.25..90.5]', 'Alkphos: (54.25..73.5]', 'Gammagt: (52.5..89.75]', 'Drinks: (-inf..2.75]' => 'Sgot: (20.5..32.0]'
c1 rule: 'Mcv: (84.25..90.5]', 'Gammagt: (52.5..89.75]', 'Drinks: (2.75..6.5]', not 'Alkphos: (-inf..54.25]' => 'Sgot: (20.5..32.0]'
c1 rule: 'Mcv: (84.25..90.5]', 'Alkphos: (54.25..73.5]', 'Sgpt: (-inf..23.5]', 'Drinks: (6.5..10.5]' => 'Sgot: (20.5..32.0]'
c1 # of rules: 44
c1 rule time: 0.0528

c1 computing class: (32.0..46.0]
c1 discrimination constraints: 152h
c1 coverage constraints: 27v+568h
c1 formula: 75v, 792c (744h+48s)
c1 enumerating rules (maxsat-based)
c1 rule: 'Gammagt: (89.75..+inf)', 'Drinks: (10.5..+inf)' => 'Sgot: (32.0..46.0]'
c1 rule: 'Gammagt: (52.5..89.75]', 'Drinks: (10.5..+inf)' => 'Sgot: (32.0..46.0]'
c1 rule: 'Mcv: (-inf..84.25]', 'Sgpt: (60.0..+inf)' => 'Sgot: (32.0..46.0]'
c1 rule: 'Mcv: (-inf..84.25]', 'Gammagt: (89.75..+inf)' => 'Sgot: (32.0..46.0]'
c1 rule: 'Alkphos: (73.5..92.75]', 'Gammagt: (28.25..52.5]', 'Drinks: (6.5..10.5]' => 'Sgot: (32.0..46.0]'
c1 rule: 'Sgpt: (40.0..60.0]', 'Drinks: (6.5..10.5]', not 'Mcv: (90.5..96.75]' => 'Sgot: (32.0..46.0]'
c1 rule: 'Sgpt: (60.0..+inf)', 'Drinks: (6.5..10.5]', not 'Alkphos: (73.5..92.75]' => 'Sgot: (32.0..46.0]'
c1 rule: 'Gammagt: (89.75..+inf)', 'Drinks: (6.5..10.5]', not 'Sgpt: (-inf..23.5]' => 'Sgot: (32.0..46.0]'
c1 rule: 'Mcv: (90.5..96.75]', 'Sgpt: (40.0..60.0]', 'Gammagt: (89.75..+inf)' => 'Sgot: (32.0..46.0]'
c1 rule: 'Mcv: (84.25..90.5]', 'Sgpt: (-inf..23.5]', 'Gammagt: (52.5..89.75]' => 'Sgot: (32.0..46.0]'
c1 rule: 'Alkphos: (92.75..+inf)', 'Gammagt: (52.5..89.75]', not 'Mcv: (90.5..96.75]' => 'Sgot: (32.0..46.0]'
c1 rule: 'Sgpt: (40.0..60.0]', 'Gammagt: (-inf..28.25]', not 'Mcv: (84.25..90.5]' => 'Sgot: (32.0..46.0]'
c1 rule: 'Mcv: (96.75..+inf)', 'Gammagt: (52.5..89.75]', 'Drinks: (6.5..10.5]', not 'Alkphos: (73.5..92.75]' => 'Sgot: (32.0..46.0]'
c1 rule: 'Mcv: (90.5..96.75]', 'Sgpt: (60.0..+inf)', not 'Gammagt: (52.5..89.75]', not 'Drinks: (2.75..6.5]' => 'Sgot: (32.0..46.0]'
c1 rule: 'Sgpt: (40.0..60.0]', 'Gammagt: (-inf..28.25]', not 'Alkphos: (54.25..73.5]', not 'Drinks: (2.75..6.5]' => 'Sgot: (32.0..46.0]'
c1 rule: 'Mcv: (90.5..96.75]', 'Sgpt: (40.0..60.0]', 'Drinks: (2.75..6.5]', not 'Alkphos: (73.5..92.75]' => 'Sgot: (32.0..46.0]'
c1 rule: 'Sgpt: (60.0..+inf)', 'Gammagt: (52.5..89.75]', 'Drinks: (2.75..6.5]', not 'Alkphos: (73.5..92.75]' => 'Sgot: (32.0..46.0]'
c1 # of rules: 17
c1 rule time: 0.0150

c1 computing class: (46.0..+inf)
c1 discrimination constraints: 168h
c1 coverage constraints: 11v+232h
c1 formula: 59v, 472c (424h+48s)
c1 enumerating rules (maxsat-based)
c1 rule: 'Alkphos: (92.75..+inf)', 'Sgpt: (60.0..+inf)' => 'Sgot: (46.0..+inf)'
c1 rule: 'Alkphos: (-inf..54.25]', 'Sgpt: (60.0..+inf)' => 'Sgot: (46.0..+inf)'
c1 rule: 'Mcv: (96.75..+inf)', 'Sgpt: (60.0..+inf)' => 'Sgot: (46.0..+inf)'
c1 rule: 'Alkphos: (73.5..92.75]', 'Gammagt: (52.5..89.75]', 'Drinks: (2.75..6.5]' => 'Sgot: (46.0..+inf)'
c1 rule: 'Sgpt: (60.0..+inf)', 'Gammagt: (52.5..89.75]', 'Drinks: (-inf..2.75]' => 'Sgot: (46.0..+inf)'
c1 rule: 'Mcv: (84.25..90.5]', 'Sgpt: (60.0..+inf)', 'Drinks: (2.75..6.5]' => 'Sgot: (46.0..+inf)'
c1 rule: 'Alkphos: (73.5..92.75]', 'Sgpt: (40.0..60.0]', 'Drinks: (6.5..10.5]', not 'Mcv: (84.25..90.5]' => 'Sgot: (46.0..+inf)'
c1 rule: 'Alkphos: (54.25..73.5]', 'Sgpt: (40.0..60.0]', 'Gammagt: (52.5..89.75]', not 'Mcv: (84.25..90.5]' => 'Sgot: (46.0..+inf)'
c1 # of rules: 8
c1 rule time: 0.0058

c2 total rules: 89

c0 computing feature 5
c1 computing class: (-inf..28.25]
c1 discrimination constraints: 99h
c1 coverage constraints: 80v+1681h
c1 formula: 128v, 1852c (1804h+48s)
c1 enumerating rules (maxsat-based)
c1 rule: 'Sgpt: (-inf..23.5]', 'Sgot: (46.0..+inf)' => 'Gammagt: (-inf..28.25]'
c1 rule: 'Alkphos: (92.75..+inf)', 'Sgot: (-inf..20.5]', 'Drinks: (2.75..6.5]' => 'Gammagt: (-inf..28.25]'
c1 rule: 'Alkphos: (92.75..+inf)', 'Sgot: (-inf..20.5]', 'Drinks: (6.5..10.5]' => 'Gammagt: (-inf..28.25]'
c1 rule: 'Alkphos: (-inf..54.25]', 'Sgot: (-inf..20.5]', not 'Sgpt: (23.5..40.0]' => 'Gammagt: (-inf..28.25]'
c1 rule: 'Mcv: (90.5..96.75]', 'Alkphos: (-inf..54.25]', 'Sgot: (-inf..20.5]' => 'Gammagt: (-inf..28.25]'
c1 rule: 'Alkphos: (-inf..54.25]', 'Sgot: (-inf..20.5]', not 'Mcv: (84.25..90.5]' => 'Gammagt: (-inf..28.25]'
c1 rule: 'Alkphos: (-inf..54.25]', 'Sgpt: (-inf..23.5]', not 'Drinks: (2.75..6.5]' => 'Gammagt: (-inf..28.25]'
c1 rule: 'Mcv: (84.25..90.5]', 'Sgpt: (40.0..60.0]', 'Drinks: (2.75..6.5]' => 'Gammagt: (-inf..28.25]'
c1 rule: 'Sgpt: (23.5..40.0]', 'Sgot: (-inf..20.5]', 'Drinks: (6.5..10.5]' => 'Gammagt: (-inf..28.25]'
c1 rule: 'Sgot: (-inf..20.5]', 'Drinks: (6.5..10.5]', not 'Alkphos: (73.5..92.75]' => 'Gammagt: (-inf..28.25]'
c1 rule: 'Alkphos: (73.5..92.75]', 'Sgpt: (23.5..40.0]', 'Drinks: (6.5..10.5]' => 'Gammagt: (-inf..28.25]'
c1 rule: 'Alkphos: (92.75..+inf)', 'Sgpt: (23.5..40.0]', not 'Sgot: (20.5..32.0]' => 'Gammagt: (-inf..28.25]'
c1 rule: 'Alkphos: (92.75..+inf)', 'Sgpt: (-inf..23.5]', not 'Mcv: (90.5..96.75]' => 'Gammagt: (-inf..28.25]'
c1 rule: 'Mcv: (84.25..90.5]', 'Sgpt: (60.0..+inf)', 'Sgot: (20.5..32.0]' => 'Gammagt: (-inf..28.25]'
c1 rule: 'Mcv: (90.5..96.75]', 'Alkphos: (73.5..92.75]', 'Sgpt: (-inf..23.5]' => 'Gammagt: (-inf..28.25]'
c1 rule: 'Mcv: (96.75..+inf)', 'Sgpt: (-inf..23.5]', 'Drinks: (-inf..2.75]' => 'Gammagt: (-inf..28.25]'
c1 rule: 'Mcv: (96.75..+inf)', 'Drinks: (-inf..2.75]', not 'Sgpt: (60.0..+inf)' => 'Gammagt: (-inf..28.25]'
c1 rule: 'Mcv: (96.75..+inf)', 'Sgot: (-inf..20.5]', not 'Drinks: (6.5..10.5]' => 'Gammagt: (-inf..28.25]'
c1 rule: 'Mcv: (90.5..96.75]', 'Alkphos: (-inf..54.25]', 'Sgpt: (-inf..23.5]' => 'Gammagt: (-inf..28.25]'
c1 rule: 'Alkphos: (92.75..+inf)', 'Sgot: (32.0..46.0]', 'Drinks: (-inf..2.75]' => 'Gammagt: (-inf..28.25]'
c1 rule: 'Mcv: (84.25..90.5]', 'Sgot: (32.0..46.0]', 'Drinks: (-inf..2.75]' => 'Gammagt: (-inf..28.25]'
c1 rule: 'Mcv: (84.25..90.5]', 'Sgpt: (-inf..23.5]', 'Drinks: (6.5..10.5]' => 'Gammagt: (-inf..28.25]'
c1 rule: 'Mcv: (-inf..84.25]', 'Alkphos: (73.5..92.75]', 'Sgpt: (-inf..23.5]' => 'Gammagt: (-inf..28.25]'
c1 rule: 'Mcv: (-inf..84.25]', 'Sgpt: (-inf..23.5]', not 'Alkphos: (54.25..73.5]' => 'Gammagt: (-inf..28.25]'
c1 rule: 'Mcv: (-inf..84.25]', 'Sgpt: (-inf..23.5]', 'Drinks: (2.75..6.5]' => 'Gammagt: (-inf..28.25]'
c1 rule: 'Mcv: (84.25..90.5]', 'Alkphos: (-inf..54.25]', 'Sgpt: (23.5..40.0]', 'Drinks: (2.75..6.5]' => 'Gammagt: (-inf..28.25]'
c1 rule: 'Mcv: (84.25..90.5]', 'Alkphos: (54.25..73.5]', 'Sgpt: (-inf..23.5]', not 'Sgot: (20.5..32.0]' => 'Gammagt: (-inf..28.25]'
c1 rule: 'Alkphos: (73.5..92.75]', 'Drinks: (2.75..6.5]', not 'Mcv: (90.5..96.75]', not 'Sgpt: (-inf..23.5]' => 'Gammagt: (-inf..28.25]'
c1 rule: 'Mcv: (90.5..96.75]', 'Sgpt: (-inf..23.5]', 'Drinks: (-inf..2.75]', not 'Alkphos: (92.75..+inf)' => 'Gammagt: (-inf..28.25]'
c1 rule: 'Mcv: (84.25..90.5]', 'Alkphos: (54.25..73.5]', 'Sgpt: (-inf..23.5]', 'Drinks: (-inf..2.75]' => 'Gammagt: (-inf..28.25]'
c1 rule: 'Mcv: (90.5..96.75]', 'Sgot: (-inf..20.5]', not 'Sgpt: (-inf..23.5]', not 'Drinks: (-inf..2.75]' => 'Gammagt: (-inf..28.25]'
c1 rule: 'Mcv: (84.25..90.5]', 'Alkphos: (73.5..92.75]', 'Sgot: (20.5..32.0]', not 'Drinks: (-inf..2.75]' => 'Gammagt: (-inf..28.25]'
c1 rule: 'Alkphos: (54.25..73.5]', 'Sgpt: (23.5..40.0]', 'Drinks: (6.5..10.5]', not 'Mcv: (96.75..+inf)' => 'Gammagt: (-inf..28.25]'
c1 rule: 'Mcv: (90.5..96.75]', 'Sgpt: (-inf..23.5]', not 'Alkphos: (92.75..+inf)', not 'Sgot: (-inf..20.5]', not 'Drinks: (6.5..10.5]' => 'Gammagt: (-inf..28.25]'
c1 # of rules: 34
c1 rule time: 0.0382

c1 computing class: (28.25..52.5]
c1 discrimination constraints: 131h
c1 coverage constraints: 48v+1009h
c1 formula: 96v, 1212c (1164h+48s)
c1 enumerating rules (maxsat-based)
c1 rule: 'Alkphos: (92.75..+inf)', 'Sgpt: (60.0..+inf)' => 'Gammagt: (28.25..52.5]'
c1 rule: 'Sgpt: (-inf..23.5]', 'Drinks: (10.5..+inf)' => 'Gammagt: (28.25..52.5]'
c1 rule: 'Drinks: (10.5..+inf)', not 'Sgot: (32.0..46.0]' => 'Gammagt: (28.25..52.5]'
c1 rule: 'Mcv: (84.25..90.5]', 'Sgot: (46.0..+inf)', not 'Alkphos: (73.5..92.75]' => 'Gammagt: (28.25..52.5]'
c1 rule: 'Sgpt: (40.0..60.0]', 'Sgot: (46.0..+inf)', 'Drinks: (2.75..6.5]' => 'Gammagt: (28.25..52.5]'
c1 rule: 'Alkphos: (73.5..92.75]', 'Sgpt: (40.0..60.0]', 'Drinks: (2.75..6.5]' => 'Gammagt: (28.25..52.5]'
c1 rule: 'Sgpt: (40.0..60.0]', 'Sgot: (20.5..32.0]', not 'Mcv: (84.25..90.5]' => 'Gammagt: (28.25..52.5]'
c1 rule: 'Sgpt: (40.0..60.0]', 'Sgot: (-inf..20.5]', not 'Mcv: (90.5..96.75]' => 'Gammagt: (28.25..52.5]'
c1 rule: 'Mcv: (-inf..84.25]', 'Sgot: (20.5..32.0]', not 'Sgpt: (-inf..23.5]' => 'Gammagt: (28.25..52.5]'
c1 rule: 'Mcv: (-inf..84.25]', 'Sgpt: (-inf..23.5]', 'Drinks: (6.5..10.5]' => 'Gammagt: (28.25..52.5]'
c1 rule: 'Mcv: (-inf..84.25]', 'Sgpt: (60.0..+inf)', not 'Drinks: (2.75..6.5]' => 'Gammagt: (28.25..52.5]'
c1 rule: 'Mcv: (90.5..96.75]', 'Alkphos: (-inf..54.25]', 'Drinks: (6.5..10.5]' => 'Gammagt: (28.25..52.5]'
c1 rule: 'Mcv: (96.75..+inf)', 'Alkphos: (-inf..54.25]', not 'Sgpt: (23.5..40.0]' => 'Gammagt: (28.25..52.5]'
c1 rule: 'Mcv: (96.75..+inf)', 'Alkphos: (92.75..+inf)', not 'Sgot: (32.0..46.0]' => 'Gammagt: (28.25..52.5]'
c1 rule: 'Sgpt: (60.0..+inf)', 'Sgot: (20.5..32.0]', 'Drinks: (2.75..6.5]' => 'Gammagt: (28.25..52.5]'
c1 rule: 'Mcv: (96.75..+inf)', 'Drinks: (6.5..10.5]', not 'Alkphos: (73.5..92.75]', not 'Sgot: (32.0..46.0]' => 'Gammagt: (28.25..52.5]'
c1 rule: 'Alkphos: (54.25..73.5]', 'Sgpt: (40.0..60.0]', 'Drinks: (2.75..6.5]', not 'Mcv: (84.25..90.5]' => 'Gammagt: (28.25..52.5]'
c1 rule: 'Mcv: (90.5..96.75]', 'Alkphos: (92.75..+inf)', 'Sgpt: (-inf..23.5]', 'Drinks: (2.75..6.5]' => 'Gammagt: (28.25..52.5]'
c1 rule: 'Alkphos: (92.75..+inf)', 'Sgpt: (23.5..40.0]', 'Sgot: (20.5..32.0]', not 'Drinks: (-inf..2.75]' => 'Gammagt: (28.25..52.5]'
c1 rule: 'Mcv: (90.5..96.75]', 'Alkphos: (73.5..92.75]', 'Sgot: (32.0..46.0]', not 'Drinks: (10.5..+inf)' => 'Gammagt: (28.25..52.5]'
c1 rule: 'Mcv: (90.5..96.75]', 'Alkphos: (-inf..54.25]', not 'Sgot: (-inf..20.5]', not 'Drinks: (2.75..6.5]' => 'Gammagt: (28.25..52.5]'
c1 rule: 'Alkphos: (-inf..54.25]', 'Sgpt: (40.0..60.0]', not 'Sgot: (32.0..46.0]', not 'Drinks: (2.75..6.5]' => 'Gammagt: (28.25..52.5]'
c1 rule: 'Mcv: (90.5..96.75]', 'Alkphos: (-inf..54.25]', 'Sgpt: (23.5..40.0]', 'Sgot: (20.5..32.0]' => 'Gammagt: (28.25..52.5]'
c1 rule: 'Mcv: (84.25..90.5]', 'Alkphos: (-inf..54.25]', 'Sgpt: (-inf..23.5]', 'Sgot: (20.5..32.0]', not 'Drinks: (-inf..2.75]' => 'Gammagt: (28.25..52.5]'
c1 # of rules: 24
c1 rule time: 0.0241

c1 computing class: (52.5..89.75]
c1 discrimination constraints: 150h
c1 coverage constraints: 29v+610h
c1 formula: 77v, 832c (784h+48s)
c1 enumerating rules (maxsat-based)
c1 rule: 'Mcv: (96.75..+inf)', 'Sgot: (32.0..46.0]' => 'Gammagt: (52.5..89.75]'
c1 rule: 'Sgot: (46.0..+inf)', 'Drinks: (6.5..10.5]' => 'Gammagt: (52.5..89.75]'
c1 rule: 'Mcv: (90.5..96.75]', 'Sgpt: (40.0..60.0]', 'Sgot: (-inf..20.5]' => 'Gammagt: (52.5..89.75]'
c1 rule: 'Mcv: (-inf..84.25]', 'Sgpt: (23.5..40.0]', 'Sgot: (32.0..46.0]' => 'Gammagt: (52.5..89.75]'
c1 rule: 'Mcv: (-inf..84.25]', 'Alkphos: (54.25..73.5]', 'Sgpt: (23.5..40.0]' => 'Gammagt: (52.5..89.75]'
c1 rule: 'Mcv: (96.75..+inf)', 'Alkphos: (-inf..54.25]', 'Sgpt: (23.5..40.0]' => 'Gammagt: (52.5..89.75]'
c1 rule: 'Sgpt: (-inf..23.5]', 'Sgot: (32.0..46.0]', not 'Drinks: (-inf..2.75]' => 'Gammagt: (52.5..89.75]'
c1 rule: 'Mcv: (96.75..+inf)', 'Alkphos: (73.5..92.75]', 'Sgot: (-inf..20.5]' => 'Gammagt: (52.5..89.75]'
c1 rule: 'Sgot: (46.0..+inf)', 'Drinks: (-inf..2.75]', not 'Mcv: (96.75..+inf)' => 'Gammagt: (52.5..89.75]'
c1 rule: 'Alkphos: (73.5..92.75]', 'Sgpt: (60.0..+inf)', 'Sgot: (20.5..32.0]' => 'Gammagt: (52.5..89.75]'
c1 rule: 'Alkphos: (73.5..92.75]', 'Sgpt: (60.0..+inf)', 'Drinks: (2.75..6.5]' => 'Gammagt: (52.5..89.75]'
c1 rule: 'Alkphos: (-inf..54.25]', 'Drinks: (6.5..10.5]', not 'Mcv: (90.5..96.75]', not 'Sgpt: (-inf..23.5]' => 'Gammagt: (52.5..89.75]'
c1 rule: 'Alkphos: (54.25..73.5]', 'Sgpt: (40.0..60.0]', not 'Mcv: (90.5..96.75]', not 'Sgot: (20.5..32.0]' => 'Gammagt: (52.5..89.75]'
c1 rule: 'Mcv: (90.5..96.75]', 'Sgot: (32.0..46.0]', 'Drinks: (2.75..6.5]', not 'Sgpt: (40.0..60.0]' => 'Gammagt: (52.5..89.75]'
c1 rule: 'Mcv: (96.75..+inf)', 'Sgpt: (23.5..40.0]', 'Drinks: (2.75..6.5]', not 'Alkphos: (92.75..+inf)' => 'Gammagt: (52.5..89.75]'
c1 # of rules: 15
c1 rule time: 0.0144

c1 computing class: (89.75..+inf)
c1 discrimination constraints: 157h
c1 coverage constraints: 22v+463h
c1 formula: 70v, 692c (644h+48s)
c1 enumerating rules (maxsat-based)
c1 rule: 'Alkphos: (54.25..73.5]', 'Drinks: (10.5..+inf)' => 'Gammagt: (89.75..+inf)'
c1 rule: 'Drinks: (10.5..+inf)', not 'Mcv: (96.75..+inf)' => 'Gammagt: (89.75..+inf)'
c1 rule: 'Alkphos: (-inf..54.25]', 'Sgot: (46.0..+inf)' => 'Gammagt: (89.75..+inf)'
c1 rule: 'Mcv: (96.75..+inf)', 'Sgpt: (60.0..+inf)' => 'Gammagt: (89.75..+inf)'
c1 rule: 'Alkphos: (54.25..73.5]', 'Sgot: (32.0..46.0]', 'Drinks: (-inf..2.75]' => 'Gammagt: (89.75..+inf)'
c1 rule: 'Alkphos: (-inf..54.25]', 'Sgot: (32.0..46.0]', not 'Mcv: (84.25..90.5]' => 'Gammagt: (89.75..+inf)'
c1 rule: 'Mcv: (-inf..84.25]', 'Sgpt: (60.0..+inf)', not 'Drinks: (-inf..2.75]' => 'Gammagt: (89.75..+inf)'
c1 rule: 'Mcv: (84.25..90.5]', 'Sgpt: (60.0..+inf)', 'Sgot: (32.0..46.0]' => 'Gammagt: (89.75..+inf)'
c1 rule: 'Mcv: (84.25..90.5]', 'Alkphos: (73.5..92.75]', 'Sgot: (32.0..46.0]' => 'Gammagt: (89.75..+inf)'
c1 rule: 'Alkphos: (92.75..+inf)', 'Sgot: (32.0..46.0]', 'Drinks: (6.5..10.5]' => 'Gammagt: (89.75..+inf)'
c1 rule: 'Mcv: (-inf..84.25]', 'Sgpt: (40.0..60.0]', 'Sgot: (32.0..46.0]' => 'Gammagt: (89.75..+inf)'
c1 rule: 'Mcv: (84.25..90.5]', 'Alkphos: (54.25..73.5]', 'Sgot: (32.0..46.0]', not 'Sgpt: (40.0..60.0]' => 'Gammagt: (89.75..+inf)'
c1 rule: 'Mcv: (90.5..96.75]', 'Sgpt: (-inf..23.5]', 'Sgot: (20.5..32.0]', 'Drinks: (6.5..10.5]' => 'Gammagt: (89.75..+inf)'
c1 # of rules: 13
c1 rule time: 0.0108

c2 total rules: 86

c0 computing feature 6
c1 computing class: (-inf..2.75]
c1 discrimination constraints: 107h
c1 coverage constraints: 72v+1513h
c1 formula: 120v, 1692c (1644h+48s)
c1 enumerating rules (maxsat-based)
c1 rule: 'Sgot: (32.0..46.0]', 'Gammagt: (-inf..28.25]' => 'Drinks: (-inf..2.75]'
c1 rule: 'Sgpt: (60.0..+inf)', 'Gammagt: (-inf..28.25]' => 'Drinks: (-inf..2.75]'
c1 rule: 'Sgpt: (40.0..60.0]', 'Sgot: (-inf..20.5]' => 'Drinks: (-inf..2.75]'
c1 rule: 'Alkphos: (92.75..+inf)', 'Sgpt: (23.5..40.0]', 'Gammagt: (89.75..+inf)' => 'Drinks: (-inf..2.75]'
c1 rule: 'Mcv: (84.25..90.5]', 'Sgpt: (40.0..60.0]', 'Gammagt: (28.25..52.5]' => 'Drinks: (-inf..2.75]'
c1 rule: 'Mcv: (84.25..90.5]', 'Alkphos: (73.5..92.75]', 'Gammagt: (28.25..52.5]' => 'Drinks: (-inf..2.75]'
c1 rule: 'Mcv: (-inf..84.25]', 'Sgpt: (40.0..60.0]', not 'Sgot: (20.5..32.0]' => 'Drinks: (-inf..2.75]'
c1 rule: 'Mcv: (-inf..84.25]', 'Sgpt: (40.0..60.0]', not 'Alkphos: (54.25..73.5]' => 'Drinks: (-inf..2.75]'
c1 rule: 'Sgpt: (40.0..60.0]', 'Sgot: (20.5..32.0]', 'Gammagt: (52.5..89.75]' => 'Drinks: (-inf..2.75]'
c1 rule: 'Alkphos: (73.5..92.75]', 'Sgpt: (23.5..40.0]', 'Gammagt: (52.5..89.75]' => 'Drinks: (-inf..2.75]'
c1 rule: 'Mcv: (-inf..84.25]', 'Alkphos: (73.5..92.75]', not 'Sgot: (20.5..32.0]' => 'Drinks: (-inf..2.75]'
c1 rule: 'Mcv: (-inf..84.25]', not 'Alkphos: (54.25..73.5]', not 'Gammagt: (-inf..28.25]' => 'Drinks: (-inf..2.75]'
c1 rule: 'Mcv: (-inf..84.25]', 'Gammagt: (52.5..89.75]', not 'Sgpt: (23.5..40.0]' => 'Drinks: (-inf..2.75]'
c1 rule: 'Alkphos: (92.75..+inf)', 'Sgpt: (-inf..23.5]', 'Gammagt: (52.5..89.75]' => 'Drinks: (-inf..2.75]'
c1 rule: 'Alkphos: (73.5..92.75]', 'Sgot: (-inf..20.5]', not 'Sgpt: (-inf..23.5]' => 'Drinks: (-inf..2.75]'
c1 rule: 'Sgpt: (60.0..+inf)', not 'Mcv: (90.5..96.75]', not 'Alkphos: (54.25..73.5]' => 'Drinks: (-inf..2.75]'
c1 rule: 'Alkphos: (92.75..+inf)', 'Sgot: (20.5..32.0]', 'Gammagt: (52.5..89.75]' => 'Drinks: (-inf..2.75]'
c1 rule: 'Alkphos: (-inf..54.25]', 'Sgot: (-inf..20.5]', not 'Gammagt: (-inf..28.25]' => 'Drinks: (-inf..2.75]'
c1 rule: 'Alkphos: (73.5..92.75]', 'Sgot: (20.5..32.0]', 'Gammagt: (89.75..+inf)' => 'Drinks: (-inf..2.75]'
c1 rule: 'Mcv: (-inf..84.25]', 'Alkphos: (-inf..54.25]', not 'Sgot: (20.5..32.0]' => 'Drinks: (-inf..2.75]'
c1 rule: 'Sgot: (20.5..32.0]', 'Gammagt: (89.75..+inf)', not 'Mcv: (84.25..90.5]', not 'Sgpt: (-inf..23.5]' => 'Drinks: (-inf..2.75]'
c1 rule: 'Mcv: (90.5..96.75]', 'Alkphos: (54.25..73.5]', 'Sgpt: (60.0..+inf)', 'Gammagt: (89.75..+inf)' => 'Drinks: (-inf..2.75]'
c1 rule: 'Mcv: (96.75..+inf)', 'Sgot: (20.5..32.0]', not 'Sgpt: (23.5..40.0]', not 'Gammagt: (28.25..52.5]' => 'Drinks: (-inf..2.75]'
c1 rule: 'Mcv: (96.75..+inf)', 'Gammagt: (-inf..28.25]', not 'Alkphos: (73.5..92.75]', not 'Sgot: (-inf..20.5]' => 'Drinks: (-inf..2.75]'
c1 rule: 'Alkphos: (-inf..54.25]', 'Sgot: (-inf..20.5]', not 'Mcv: (90.5..96.75]', not 'Sgpt: (-inf..23.5]' => 'Drinks: (-inf..2.75]'
c1 rule: 'Mcv: (90.5..96.75]', 'Sgot: (-inf..20.5]', not 'Sgpt: (-inf..23.5]', not 'Gammagt: (-inf..28.25]' => 'Drinks: (-inf..2.75]'
c1 rule: 'Mcv: (90.5..96.75]', 'Alkphos: (54.25..73.5]', 'Sgot: (46.0..+inf)', not 'Sgpt: (40.0..60.0]' => 'Drinks: (-inf..2.75]'
c1 rule: 'Alkphos: (92.75..+inf)', 'Sgpt: (23.5..40.0]', not 'Sgot: (-inf..20.5]', not 'Gammagt: (28.25..52.5]' => 'Drinks: (-inf..2.75]'
c1 rule: 'Alkphos: (-inf..54.25]', 'Sgpt: (23.5..40.0]', 'Gammagt: (28.25..52.5]', not 'Mcv: (90.5..96.75]' => 'Drinks: (-inf..2.75]'
c1 rule: 'Mcv: (84.25..90.5]', 'Alkphos: (-inf..54.25]', 'Sgpt: (-inf..23.5]', 'Sgot: (20.5..32.0]', 'Gammagt: (-inf..28.25]' => 'Drinks: (-inf..2.75]'
c1 # of rules: 30
c1 rule time: 0.0360

c1 computing class: (10.5..+inf)
c1 discrimination constraints: 171h
c1 coverage constraints: 8v+169h
c1 formula: 56v, 412c (364h+48s)
c1 enumerating rules (maxsat-based)
c1 rule: 'Mcv: (90.5..96.75]', 'Sgpt: (23.5..40.0]', 'Sgot: (32.0..46.0]' => 'Drinks: (10.5..+inf)'
c1 rule: 'Mcv: (90.5..96.75]', 'Alkphos: (73.5..92.75]', 'Gammagt: (89.75..+inf)' => 'Drinks: (10.5..+inf)'
c1 rule: 'Alkphos: (54.25..73.5]', 'Sgpt: (40.0..60.0]', 'Gammagt: (89.75..+inf)' => 'Drinks: (10.5..+inf)'
c1 rule: 'Alkphos: (73.5..92.75]', 'Sgot: (32.0..46.0]', 'Gammagt: (52.5..89.75]' => 'Drinks: (10.5..+inf)'
c1 rule: 'Mcv: (96.75..+inf)', 'Alkphos: (73.5..92.75]', 'Gammagt: (28.25..52.5]' => 'Drinks: (10.5..+inf)'
c1 # of rules: 5
c1 rule time: 0.0044

c1 computing class: (2.75..6.5]
c1 discrimination constraints: 109h
c1 coverage constraints: 70v+1471h
c1 formula: 118v, 1652c (1604h+48s)
c1 enumerating rules (maxsat-based)
c1 rule: 'Mcv: (96.75..+inf)', 'Alkphos: (-inf..54.25]' => 'Drinks: (2.75..6.5]'
c1 rule: 'Alkphos: (-inf..54.25]', 'Gammagt: (89.75..+inf)' => 'Drinks: (2.75..6.5]'
c1 rule: 'Alkphos: (92.75..+inf)', 'Sgpt: (60.0..+inf)' => 'Drinks: (2.75..6.5]'
c1 rule: 'Sgot: (46.0..+inf)', 'Gammagt: (-inf..28.25]' => 'Drinks: (2.75..6.5]'
c1 rule: 'Sgot: (-inf..20.5]', 'Gammagt: (89.75..+inf)' => 'Drinks: (2.75..6.5]'
c1 rule: 'Mcv: (84.25..90.5]', 'Sgot: (46.0..+inf)' => 'Drinks: (2.75..6.5]'
c1 rule: 'Sgot: (46.0..+inf)', 'Gammagt: (28.25..52.5]' => 'Drinks: (2.75..6.5]'
c1 rule: 'Mcv: (96.75..+inf)', 'Gammagt: (89.75..+inf)', not 'Alkphos: (73.5..92.75]' => 'Drinks: (2.75..6.5]'
c1 rule: 'Mcv: (96.75..+inf)', 'Sgot: (20.5..32.0]', 'Gammagt: (52.5..89.75]' => 'Drinks: (2.75..6.5]'
c1 rule: 'Sgpt: (23.5..40.0]', 'Gammagt: (89.75..+inf)', not 'Mcv: (90.5..96.75]' => 'Drinks: (2.75..6.5]'
c1 rule: 'Mcv: (84.25..90.5]', 'Alkphos: (92.75..+inf)', 'Sgot: (-inf..20.5]' => 'Drinks: (2.75..6.5]'
c1 rule: 'Alkphos: (92.75..+inf)', 'Sgpt: (-inf..23.5]', 'Gammagt: (28.25..52.5]' => 'Drinks: (2.75..6.5]'
c1 rule: 'Mcv: (-inf..84.25]', 'Alkphos: (92.75..+inf)', 'Sgpt: (-inf..23.5]' => 'Drinks: (2.75..6.5]'
c1 rule: 'Mcv: (90.5..96.75]', 'Sgpt: (-inf..23.5]', 'Gammagt: (28.25..52.5]' => 'Drinks: (2.75..6.5]'
c1 rule: 'Mcv: (-inf..84.25]', 'Alkphos: (54.25..73.5]', not 'Sgpt: (-inf..23.5]' => 'Drinks: (2.75..6.5]'
c1 rule: 'Mcv: (96.75..+inf)', 'Alkphos: (54.25..73.5]', 'Sgpt: (40.0..60.0]' => 'Drinks: (2.75..6.5]'
c1 rule: 'Alkphos: (-inf..54.25]', 'Gammagt: (52.5..89.75]', not 'Sgpt: (23.5..40.0]' => 'Drinks: (2.75..6.5]'
c1 rule: 'Alkphos: (-inf..54.25]', 'Sgpt: (-inf..23.5]', not 'Gammagt: (-inf..28.25]' => 'Drinks: (2.75..6.5]'
c1 rule: 'Sgot: (32.0..46.0]', 'Gammagt: (28.25..52.5]', not 'Alkphos: (73.5..92.75]' => 'Drinks: (2.75..6.5]'
c1 rule: 'Mcv: (90.5..96.75]', 'Sgot: (32.0..46.0]', 'Gammagt: (52.5..89.75]' => 'Drinks: (2.75..6.5]'
c1 rule: 'Sgpt: (60.0..+inf)', 'Gammagt: (28.25..52.5]', not 'Sgot: (32.0..46.0]' => 'Drinks: (2.75..6.5]'
c1 rule: 'Alkphos: (73.5..92.75]', 'Sgpt: (60.0..+inf)', 'Sgot: (46.0..+inf)', not 'Gammagt: (89.75..+inf)' => 'Drinks: (2.75..6.5]'
c1 rule: 'Mcv: (84.25..90.5]', 'Alkphos: (54.25..73.5]', 'Gammagt: (28.25..52.5]', not 'Sgpt: (23.5..40.0]' => 'Drinks: (2.75..6.5]'
c1 rule: 'Sgpt: (40.0..60.0]', 'Gammagt: (-inf..28.25]', not 'Alkphos: (54.25..73.5]', not 'Sgot: (32.0..46.0]' => 'Drinks: (2.75..6.5]'
c1 rule: 'Alkphos: (-inf..54.25]', 'Gammagt: (-inf..28.25]', not 'Mcv: (84.25..90.5]', not 'Sgot: (-inf..20.5]' => 'Drinks: (2.75..6.5]'
c1 rule: 'Mcv: (90.5..96.75]', 'Sgpt: (-inf..23.5]', 'Gammagt: (52.5..89.75]', not 'Alkphos: (92.75..+inf)' => 'Drinks: (2.75..6.5]'
c1 rule: 'Mcv: (90.5..96.75]', 'Alkphos: (54.25..73.5]', 'Gammagt: (52.5..89.75]', not 'Sgot: (46.0..+inf)' => 'Drinks: (2.75..6.5]'
c1 rule: 'Mcv: (-inf..84.25]', 'Gammagt: (-inf..28.25]', not 'Alkphos: (73.5..92.75]', not 'Sgot: (-inf..20.5]' => 'Drinks: (2.75..6.5]'
c1 rule: 'Mcv: (90.5..96.75]', 'Alkphos: (73.5..92.75]', 'Sgpt: (40.0..60.0]', not 'Gammagt: (52.5..89.75]' => 'Drinks: (2.75..6.5]'
c1 rule: 'Mcv: (90.5..96.75]', 'Alkphos: (92.75..+inf)', 'Sgpt: (23.5..40.0]', 'Gammagt: (-inf..28.25]' => 'Drinks: (2.75..6.5]'
c1 # of rules: 30
c1 rule time: 0.0417

c1 computing class: (6.5..10.5]
c1 discrimination constraints: 150h
c1 coverage constraints: 29v+610h
c1 formula: 77v, 832c (784h+48s)
c1 enumerating rules (maxsat-based)
c1 rule: 'Alkphos: (54.25..73.5]', 'Sgpt: (-inf..23.5]', 'Gammagt: (89.75..+inf)' => 'Drinks: (6.5..10.5]'
c1 rule: 'Sgpt: (-inf..23.5]', 'Gammagt: (89.75..+inf)', not 'Sgot: (-inf..20.5]' => 'Drinks: (6.5..10.5]'
c1 rule: 'Mcv: (-inf..84.25]', 'Sgpt: (-inf..23.5]', 'Gammagt: (28.25..52.5]' => 'Drinks: (6.5..10.5]'
c1 rule: 'Mcv: (-inf..84.25]', 'Alkphos: (92.75..+inf)', 'Sgpt: (23.5..40.0]' => 'Drinks: (6.5..10.5]'
c1 rule: 'Mcv: (96.75..+inf)', 'Sgpt: (23.5..40.0]', not 'Sgot: (20.5..32.0]' => 'Drinks: (6.5..10.5]'
c1 rule: 'Alkphos: (73.5..92.75]', 'Sgot: (20.5..32.0]', 'Gammagt: (52.5..89.75]' => 'Drinks: (6.5..10.5]'
c1 rule: 'Sgot: (46.0..+inf)', 'Gammagt: (52.5..89.75]', not 'Sgpt: (60.0..+inf)' => 'Drinks: (6.5..10.5]'
c1 rule: 'Mcv: (96.75..+inf)', 'Sgot: (-inf..20.5]', not 'Gammagt: (-inf..28.25]' => 'Drinks: (6.5..10.5]'
c1 rule: 'Alkphos: (92.75..+inf)', 'Sgpt: (40.0..60.0]', 'Sgot: (20.5..32.0]' => 'Drinks: (6.5..10.5]'
c1 rule: 'Mcv: (84.25..90.5]', 'Alkphos: (73.5..92.75]', 'Sgot: (32.0..46.0]' => 'Drinks: (6.5..10.5]'
c1 rule: 'Mcv: (84.25..90.5]', 'Sgpt: (60.0..+inf)', 'Sgot: (32.0..46.0]' => 'Drinks: (6.5..10.5]'
c1 rule: 'Mcv: (96.75..+inf)', 'Gammagt: (-inf..28.25]', not 'Alkphos: (54.25..73.5]', not 'Sgpt: (-inf..23.5]' => 'Drinks: (6.5..10.5]'
c1 rule: 'Mcv: (90.5..96.75]', 'Sgpt: (40.0..60.0]', 'Sgot: (20.5..32.0]', not 'Alkphos: (73.5..92.75]' => 'Drinks: (6.5..10.5]'
c1 rule: 'Mcv: (84.25..90.5]', 'Sgpt: (40.0..60.0]', not 'Alkphos: (-inf..54.25]', not 'Sgot: (20.5..32.0]' => 'Drinks: (6.5..10.5]'
c1 rule: 'Mcv: (84.25..90.5]', 'Sgot: (20.5..32.0]', 'Gammagt: (52.5..89.75]', not 'Alkphos: (54.25..73.5]' => 'Drinks: (6.5..10.5]'
c1 rule: 'Mcv: (90.5..96.75]', 'Alkphos: (73.5..92.75]', 'Sgot: (32.0..46.0]', not 'Gammagt: (89.75..+inf)' => 'Drinks: (6.5..10.5]'
c1 rule: 'Mcv: (96.75..+inf)', 'Alkphos: (54.25..73.5]', 'Gammagt: (28.25..52.5]', not 'Sgpt: (40.0..60.0]' => 'Drinks: (6.5..10.5]'
c1 # of rules: 17
c1 rule time: 0.0191

c2 total rules: 82
c3 total time: 0.8777

Rules are saved to ../rules/all/q4_bupa_train5.csv.json