c0 # of samps: 80 (52 weighted)
c0 # of feats: 16 (20 binary)
c0 # of labls: 7
c0 parse time: 0.2911


c0 computing feature 1
c1 computing class: 0
c1 discrimination constraints: 18h
c1 coverage constraints: 34v+681h
c1 formula: 76v, 762c (720h+42s)
c1 enumerating rules (maxsat-based)
c1 rule: 'legs: (4.0..5.0]' => 'hair: 0'
c1 rule: 'legs: (6.0..+inf)' => 'hair: 0'
c1 rule: 'breathes: 0' => 'hair: 0'
c1 rule: not 'feathers: 0' => 'hair: 0'
c1 rule: not 'venomous: 0', not 'legs: (5.0..6.0]' => 'hair: 0'
c1 rule: 'milk: 0', not 'backbone: 0' => 'hair: 0'
c1 rule: 'milk: 0', 'airborne: 0' => 'hair: 0'
c1 rule: 'milk: 0', not 'predator: 0' => 'hair: 0'
c1 # of rules: 8
c1 rule time: 0.0044

c1 computing class: 1
c1 discrimination constraints: 34h
c1 coverage constraints: 18v+361h
c1 formula: 60v, 458c (416h+42s)
c1 enumerating rules (maxsat-based)
c1 rule: 'legs: (5.0..6.0]', not 'venomous: 0' => 'hair: 1'
c1 rule: not 'airborne: 0', not 'toothed: 0' => 'hair: 1'
c1 rule: 'eggs: 0', 'tail: 0' => 'hair: 1'
c1 rule: 'fins: 0', not 'milk: 0' => 'hair: 1'
c1 # of rules: 4
c1 rule time: 0.0028

c2 total rules: 12

c0 computing feature 2
c1 computing class: 0
c1 discrimination constraints: 10h
c1 coverage constraints: 42v+841h
c1 formula: 84v, 914c (872h+42s)
c1 enumerating rules (maxsat-based)
c1 rule: not 'fins: 0' => 'feathers: 0'
c1 rule: not 'toothed: 0' => 'feathers: 0'
c1 rule: 'eggs: 0' => 'feathers: 0'
c1 rule: not 'venomous: 0' => 'feathers: 0'
c1 rule: 'breathes: 0' => 'feathers: 0'
c1 rule: 'legs: (2.0..4.0]' => 'feathers: 0'
c1 rule: 'backbone: 0' => 'feathers: 0'
c1 # of rules: 7
c1 rule time: 0.0040

c1 computing class: 1
c1 discrimination constraints: 42h
c1 coverage constraints: 10v+201h
c1 formula: 52v, 306c (264h+42s)
c1 enumerating rules (maxsat-based)
c1 rule: not 'airborne: 0', not 'catsize: 0' => 'feathers: 1'
c1 rule: 'hair: 0', not 'domestic: 0' => 'feathers: 1'
c1 rule: not 'airborne: 0', not 'aquatic: 0' => 'feathers: 1'
c1 rule: 'toothed: 0', 'catsize: 0', not 'backbone: 0' => 'feathers: 1'
c1 rule: 'toothed: 0', 'legs: (-inf..2.0]', not 'tail: 0' => 'feathers: 1'
c1 # of rules: 5
c1 rule time: 0.0028

c2 total rules: 12

c0 computing feature 3
c1 computing class: 0
c1 discrimination constraints: 34h
c1 coverage constraints: 18v+361h
c1 formula: 60v, 458c (416h+42s)
c1 enumerating rules (maxsat-based)
c1 rule: 'legs: (6.0..+inf)', not 'tail: 0' => 'eggs: 0'
c1 rule: 'hair: 0', not 'milk: 0' => 'eggs: 0'
c1 rule: 'airborne: 0', not 'domestic: 0' => 'eggs: 0'
c1 rule: not 'airborne: 0', not 'toothed: 0' => 'eggs: 0'
c1 rule: 'catsize: 0', not 'milk: 0' => 'eggs: 0'
c1 rule: not 'milk: 0', not 'legs: (2.0..4.0]' => 'eggs: 0'
c1 rule: not 'hair: 0', not 'toothed: 0' => 'eggs: 0'
c1 rule: 'breathes: 0', not 'venomous: 0', not 'tail: 0' => 'eggs: 0'
c1 # of rules: 8
c1 rule time: 0.0037

c1 computing class: 1
c1 discrimination constraints: 18h
c1 coverage constraints: 34v+681h
c1 formula: 76v, 762c (720h+42s)
c1 enumerating rules (maxsat-based)
c1 rule: 'legs: (5.0..6.0]' => 'eggs: 1'
c1 rule: 'milk: 0', 'venomous: 0' => 'eggs: 1'
c1 rule: 'toothed: 0', not 'catsize: 0' => 'eggs: 1'
c1 rule: 'milk: 0', 'aquatic: 0', not 'backbone: 0' => 'eggs: 1'
c1 # of rules: 4
c1 rule time: 0.0033

c2 total rules: 12

c0 computing feature 4
c1 computing class: 0
c1 discrimination constraints: 17h
c1 coverage constraints: 35v+701h
c1 formula: 77v, 781c (739h+42s)
c1 enumerating rules (maxsat-based)
c1 # of rules: 0
c1 rule time: 0.0016

c1 computing class: 1
c1 discrimination constraints: 35h
c1 coverage constraints: 17v+341h
c1 formula: 59v, 439c (397h+42s)
c1 enumerating rules (maxsat-based)
c1 # of rules: 0
c1 rule time: 0.0010

c2 total rules: 0

c0 computing feature 5
c1 computing class: 0
c1 discrimination constraints: 13h
c1 coverage constraints: 39v+781h
c1 formula: 81v, 857c (815h+42s)
c1 enumerating rules (maxsat-based)
c1 rule: 'legs: (6.0..+inf)' => 'airborne: 0'
c1 rule: 'legs: (2.0..4.0]' => 'airborne: 0'
c1 rule: 'breathes: 0' => 'airborne: 0'
c1 rule: 'backbone: 0', 'legs: (-inf..2.0]' => 'airborne: 0'
c1 # of rules: 4
c1 rule time: 0.0036

c1 computing class: 1
c1 discrimination constraints: 39h
c1 coverage constraints: 13v+261h
c1 formula: 55v, 363c (321h+42s)
c1 enumerating rules (maxsat-based)
c1 rule: not 'feathers: 0', not 'aquatic: 0' => 'airborne: 1'
c1 rule: 'predator: 0', not 'feathers: 0' => 'airborne: 1'
c1 rule: 'aquatic: 0', 'legs: (5.0..6.0]', not 'predator: 0' => 'airborne: 1'
c1 # of rules: 3
c1 rule time: 0.0024

c2 total rules: 7

c0 computing feature 6
c1 computing class: 0
c1 discrimination constraints: 21h
c1 coverage constraints: 31v+621h
c1 formula: 73v, 705c (663h+42s)
c1 enumerating rules (maxsat-based)
c1 rule: not 'domestic: 0' => 'aquatic: 0'
c1 rule: 'backbone: 0', not 'tail: 0' => 'aquatic: 0'
c1 rule: 'backbone: 0', not 'breathes: 0' => 'aquatic: 0'
c1 rule: 'catsize: 0', not 'milk: 0' => 'aquatic: 0'
c1 rule: 'eggs: 0', 'predator: 0' => 'aquatic: 0'
c1 rule: 'backbone: 0', 'venomous: 0', 'legs: (-inf..2.0]' => 'aquatic: 0'
c1 rule: 'airborne: 0', 'predator: 0', 'toothed: 0' => 'aquatic: 0'
c1 rule: not 'airborne: 0', not 'predator: 0', not 'catsize: 0' => 'aquatic: 0'
c1 rule: not 'breathes: 0', not 'venomous: 0', not 'tail: 0' => 'aquatic: 0'
c1 rule: 'fins: 0', 'tail: 0', not 'milk: 0' => 'aquatic: 0'
c1 rule: 'milk: 0', 'airborne: 0', not 'breathes: 0', not 'legs: (2.0..4.0]' => 'aquatic: 0'
c1 # of rules: 11
c1 rule time: 0.0023

c1 computing class: 1
c1 discrimination constraints: 31h
c1 coverage constraints: 21v+421h
c1 formula: 63v, 515c (473h+42s)
c1 enumerating rules (maxsat-based)
c1 rule: 'legs: (4.0..5.0]' => 'aquatic: 1'
c1 rule: not 'fins: 0' => 'aquatic: 1'
c1 rule: 'breathes: 0', not 'legs: (-inf..2.0]' => 'aquatic: 1'
c1 rule: 'breathes: 0', not 'venomous: 0' => 'aquatic: 1'
c1 rule: 'toothed: 0', not 'milk: 0' => 'aquatic: 1'
c1 rule: 'legs: (2.0..4.0]', not 'venomous: 0' => 'aquatic: 1'
c1 rule: 'milk: 0', 'predator: 0', not 'toothed: 0' => 'aquatic: 1'
c1 rule: 'milk: 0', 'tail: 0', not 'toothed: 0' => 'aquatic: 1'
c1 # of rules: 8
c1 rule time: 0.0045

c2 total rules: 19

c0 computing feature 7
c1 computing class: 0
c1 discrimination constraints: 32h
c1 coverage constraints: 20v+401h
c1 formula: 62v, 496c (454h+42s)
c1 enumerating rules (maxsat-based)
c1 rule: 'hair: 0', not 'domestic: 0' => 'predator: 0'
c1 rule: not 'airborne: 0', not 'toothed: 0' => 'predator: 0'
c1 rule: 'hair: 0', 'legs: (2.0..4.0]', not 'catsize: 0' => 'predator: 0'
c1 rule: 'backbone: 0', 'legs: (-inf..2.0]', not 'breathes: 0' => 'predator: 0'
c1 rule: 'legs: (-inf..2.0]', 'catsize: 0', not 'milk: 0' => 'predator: 0'
c1 rule: 'fins: 0', 'legs: (-inf..2.0]', not 'hair: 0', not 'tail: 0' => 'predator: 0'
c1 rule: 'fins: 0', 'legs: (-inf..2.0]', 'domestic: 0', not 'hair: 0' => 'predator: 0'
c1 # of rules: 7
c1 rule time: 0.0057

c1 computing class: 1
c1 discrimination constraints: 20h
c1 coverage constraints: 32v+641h
c1 formula: 74v, 724c (682h+42s)
c1 enumerating rules (maxsat-based)
c1 rule: 'legs: (6.0..+inf)' => 'predator: 1'
c1 rule: 'breathes: 0', 'tail: 0' => 'predator: 1'
c1 rule: not 'backbone: 0', not 'venomous: 0' => 'predator: 1'
c1 rule: 'breathes: 0', not 'catsize: 0' => 'predator: 1'
c1 rule: 'tail: 0', not 'backbone: 0', not 'domestic: 0' => 'predator: 1'
c1 rule: 'legs: (2.0..4.0]', not 'aquatic: 0', not 'tail: 0' => 'predator: 1'
c1 rule: 'eggs: 0', 'legs: (2.0..4.0]', 'tail: 0' => 'predator: 1'
c1 # of rules: 7
c1 rule time: 0.0051

c2 total rules: 14

c0 computing feature 8
c1 computing class: 0
c1 discrimination constraints: 27h
c1 coverage constraints: 25v+501h
c1 formula: 67v, 591c (549h+42s)
c1 enumerating rules (maxsat-based)
c1 rule: 'legs: (6.0..+inf)' => 'toothed: 0'
c1 rule: 'backbone: 0' => 'toothed: 0'
c1 # of rules: 2
c1 rule time: 0.0025

c1 computing class: 1
c1 discrimination constraints: 25h
c1 coverage constraints: 27v+541h
c1 formula: 69v, 629c (587h+42s)
c1 enumerating rules (maxsat-based)
c1 # of rules: 0
c1 rule time: 0.0014

c2 total rules: 2

c0 computing feature 9
c1 computing class: 0
c1 discrimination constraints: 39h
c1 coverage constraints: 13v+261h
c1 formula: 55v, 363c (321h+42s)
c1 enumerating rules (maxsat-based)
c1 rule: 'legs: (6.0..+inf)' => 'backbone: 0'
c1 # of rules: 1
c1 rule time: 0.0016

c1 computing class: 1
c1 discrimination constraints: 13h
c1 coverage constraints: 39v+781h
c1 formula: 81v, 857c (815h+42s)
c1 enumerating rules (maxsat-based)
c1 rule: not 'legs: (6.0..+inf)', not 'tail: 0' => 'backbone: 1'
c1 # of rules: 1
c1 rule time: 0.0026

c2 total rules: 2

c0 computing feature 10
c1 computing class: 0
c1 discrimination constraints: 42h
c1 coverage constraints: 10v+201h
c1 formula: 52v, 306c (264h+42s)
c1 enumerating rules (maxsat-based)
c1 # of rules: 0
c1 rule time: 0.0009

c1 computing class: 1
c1 discrimination constraints: 10h
c1 coverage constraints: 42v+841h
c1 formula: 84v, 914c (872h+42s)
c1 enumerating rules (maxsat-based)
c1 rule: not 'milk: 0' => 'breathes: 1'
c1 rule: not 'venomous: 0', not 'legs: (-inf..2.0]' => 'breathes: 1'
c1 rule: 'legs: (2.0..4.0]', not 'toothed: 0' => 'breathes: 1'
c1 rule: 'aquatic: 0', not 'tail: 0' => 'breathes: 1'
c1 # of rules: 4
c1 rule time: 0.0037

c2 total rules: 4

c0 computing feature 11
c1 computing class: 0
c1 discrimination constraints: 6h
c1 coverage constraints: 46v+921h
c1 formula: 88v, 990c (948h+42s)
c1 enumerating rules (maxsat-based)
c1 rule: 'predator: 0', not 'legs: (5.0..6.0]' => 'venomous: 0'
c1 rule: 'predator: 0', 'domestic: 0' => 'venomous: 0'
c1 # of rules: 2
c1 rule time: 0.0037

c1 computing class: 1
c1 discrimination constraints: 46h
c1 coverage constraints: 6v+121h
c1 formula: 48v, 230c (188h+42s)
c1 enumerating rules (maxsat-based)
c1 rule: 'backbone: 0', not 'domestic: 0' => 'venomous: 1'
c1 # of rules: 1
c1 rule time: 0.0016

c2 total rules: 3

c0 computing feature 12
c1 computing class: 0
c1 discrimination constraints: 6h
c1 coverage constraints: 46v+921h
c1 formula: 88v, 990c (948h+42s)
c1 enumerating rules (maxsat-based)
c1 rule: not 'legs: (-inf..2.0]' => 'fins: 0'
c1 rule: 'backbone: 0' => 'fins: 0'
c1 rule: not 'venomous: 0' => 'fins: 0'
c1 # of rules: 3
c1 rule time: 0.0029

c1 computing class: 1
c1 discrimination constraints: 46h
c1 coverage constraints: 6v+121h
c1 formula: 48v, 230c (188h+42s)
c1 enumerating rules (maxsat-based)
c1 rule: 'predator: 0', 'breathes: 0' => 'fins: 1'
c1 rule: 'breathes: 0', not 'eggs: 0', not 'backbone: 0' => 'fins: 1'
c1 # of rules: 2
c1 rule time: 0.0020

c2 total rules: 5

c0 computing feature 13
c1 computing class: (-inf..2.0]
c1 discrimination constraints: 25h
c1 coverage constraints: 27v+433h
c1 formula: 67v, 518c (478h+40s)
c1 enumerating rules (maxsat-based)
c1 rule: not 'feathers: 0' => 'legs: (-inf..2.0]'
c1 rule: not 'fins: 0' => 'legs: (-inf..2.0]'
c1 rule: 'eggs: 0', 'breathes: 0' => 'legs: (-inf..2.0]'
c1 rule: 'aquatic: 0', 'breathes: 0' => 'legs: (-inf..2.0]'
c1 rule: 'breathes: 0', not 'venomous: 0' => 'legs: (-inf..2.0]'
c1 rule: not 'airborne: 0', not 'toothed: 0' => 'legs: (-inf..2.0]'
c1 rule: 'eggs: 0', 'predator: 0', 'tail: 0' => 'legs: (-inf..2.0]'
c1 rule: 'eggs: 0', 'tail: 0', not 'domestic: 0' => 'legs: (-inf..2.0]'
c1 rule: 'aquatic: 0', not 'toothed: 0', not 'venomous: 0' => 'legs: (-inf..2.0]'
c1 # of rules: 9
c1 rule time: 0.0016

c1 computing class: (2.0..4.0]
c1 discrimination constraints: 36h
c1 coverage constraints: 16v+257h
c1 formula: 56v, 353c (313h+40s)
c1 enumerating rules (maxsat-based)
c1 rule: 'toothed: 0', not 'milk: 0' => 'legs: (2.0..4.0]'
c1 rule: 'airborne: 0', 'predator: 0', not 'domestic: 0' => 'legs: (2.0..4.0]'
c1 rule: 'catsize: 0', not 'hair: 0', not 'predator: 0' => 'legs: (2.0..4.0]'
c1 rule: 'milk: 0', 'tail: 0', not 'toothed: 0' => 'legs: (2.0..4.0]'
c1 rule: 'fins: 0', not 'hair: 0', not 'aquatic: 0' => 'legs: (2.0..4.0]'
c1 rule: 'feathers: 0', 'toothed: 0', not 'backbone: 0' => 'legs: (2.0..4.0]'
c1 rule: not 'hair: 0', not 'tail: 0', not 'domestic: 0' => 'legs: (2.0..4.0]'
c1 rule: 'catsize: 0', not 'aquatic: 0', not 'toothed: 0', not 'breathes: 0' => 'legs: (2.0..4.0]'
c1 rule: 'fins: 0', 'domestic: 0', not 'hair: 0', not 'predator: 0' => 'legs: (2.0..4.0]'
c1 # of rules: 9
c1 rule time: 0.0046

c1 computing class: (4.0..5.0]
c1 discrimination constraints: 51h
c1 coverage constraints: 1v+17h
c1 formula: 41v, 128c (88h+40s)
c1 enumerating rules (maxsat-based)
c1 # of rules: 0
c1 rule time: 0.0010

c1 computing class: (5.0..6.0]
c1 discrimination constraints: 46h
c1 coverage constraints: 6v+97h
c1 formula: 46v, 203c (163h+40s)
c1 enumerating rules (maxsat-based)
c1 rule: 'backbone: 0', not 'airborne: 0' => 'legs: (5.0..6.0]'
c1 # of rules: 1
c1 rule time: 0.0014

c1 computing class: (6.0..+inf)
c1 discrimination constraints: 50h
c1 coverage constraints: 2v+33h
c1 formula: 42v, 143c (103h+40s)
c1 enumerating rules (maxsat-based)
c1 rule: 'eggs: 0', 'toothed: 0' => 'legs: (6.0..+inf)'
c1 rule: 'backbone: 0', not 'catsize: 0' => 'legs: (6.0..+inf)'
c1 # of rules: 2
c1 rule time: 0.0014

c2 total rules: 21

c0 computing feature 14
c1 computing class: 0
c1 discrimination constraints: 33h
c1 coverage constraints: 19v+381h
c1 formula: 61v, 477c (435h+42s)
c1 enumerating rules (maxsat-based)
c1 # of rules: 0
c1 rule time: 0.0024

c1 computing class: 1
c1 discrimination constraints: 19h
c1 coverage constraints: 33v+661h
c1 formula: 75v, 743c (701h+42s)
c1 enumerating rules (maxsat-based)
c1 rule: not 'feathers: 0' => 'tail: 1'
c1 rule: 'toothed: 0', not 'backbone: 0' => 'tail: 1'
c1 rule: 'eggs: 0', 'catsize: 0' => 'tail: 1'
c1 # of rules: 3
c1 rule time: 0.0039

c2 total rules: 3

c0 computing feature 15
c1 computing class: 0
c1 discrimination constraints: 5h
c1 coverage constraints: 47v+941h
c1 formula: 89v, 1009c (967h+42s)
c1 enumerating rules (maxsat-based)
c1 rule: not 'feathers: 0', not 'catsize: 0' => 'domestic: 0'
c1 rule: 'catsize: 0', not 'predator: 0' => 'domestic: 0'
c1 rule: 'legs: (2.0..4.0]', 'catsize: 0' => 'domestic: 0'
c1 # of rules: 3
c1 rule time: 0.0040

c1 computing class: 1
c1 discrimination constraints: 47h
c1 coverage constraints: 5v+101h
c1 formula: 47v, 211c (169h+42s)
c1 enumerating rules (maxsat-based)
c1 # of rules: 0
c1 rule time: 0.0014

c2 total rules: 3

c0 computing feature 16
c1 computing class: 0
c1 discrimination constraints: 20h
c1 coverage constraints: 32v+641h
c1 formula: 74v, 724c (682h+42s)
c1 enumerating rules (maxsat-based)
c1 rule: not 'venomous: 0' => 'catsize: 0'
c1 rule: 'hair: 0', not 'toothed: 0', not 'legs: (-inf..2.0]' => 'catsize: 0'
c1 rule: 'hair: 0', 'fins: 0', not 'toothed: 0' => 'catsize: 0'
c1 # of rules: 3
c1 rule time: 0.0041

c1 computing class: 1
c1 discrimination constraints: 32h
c1 coverage constraints: 20v+401h
c1 formula: 62v, 496c (454h+42s)
c1 enumerating rules (maxsat-based)
c1 rule: 'legs: (6.0..+inf)', 'tail: 0' => 'catsize: 1'
c1 # of rules: 1
c1 rule time: 0.0028

c2 total rules: 4
c3 total time: 0.4098

Rules are saved to ../rules/size/q5_zoo_train1.csv_size5.json