c0 # of samps: 1383 (1383 weighted)
c0 # of feats: 6 (21 binary)
c0 # of labls: 2
c0 parse time: 0.3268


c0 computing feature 1
c1 computing class: 0
c1 discrimination constraints: 1030h
c1 coverage constraints: 353v+6355h
c1 formula: 395v, 7448c (7406h+42s)
c1 enumerating rules (maxsat-based)
c1 rule: 'f2: 3', 'f3: 1', 'f4: 1', 'f5: 2', 'f6: 2' => 'f1: 0'
c1 # of rules: 1
c1 rule time: 0.5407

c1 computing class: 1
c1 discrimination constraints: 1035h
c1 coverage constraints: 348v+6265h
c1 formula: 390v, 7363c (7321h+42s)
c1 enumerating rules (maxsat-based)
c1 rule: 'f2: 3', 'f3: 3', 'f4: 2', 'f5: 0', 'f6: 1' => 'f1: 1'
c1 rule: 'f2: 1', 'f3: 3', 'f4: 2', 'f5: 1', 'f6: 1' => 'f1: 1'
c1 rule: 'f2: 0', 'f3: 1', 'f4: 1', 'f5: 2', 'f6: 2' => 'f1: 1'
c1 rule: 'f2: 1', 'f3: 1', 'f4: 1', 'f5: 1', 'f6: 2' => 'f1: 1'
c1 # of rules: 4
c1 rule time: 0.5074

c1 computing class: 2
c1 discrimination constraints: 1042h
c1 coverage constraints: 341v+6139h
c1 formula: 383v, 7244c (7202h+42s)
c1 enumerating rules (maxsat-based)
c1 rule: 'f2: 0', 'f3: 3', 'f4: 1', 'f5: 1', 'f6: 2' => 'f1: 2'
c1 rule: 'f2: 3', 'f3: 0', 'f4: 1', 'f5: 1', 'f6: 1' => 'f1: 2'
c1 rule: 'f2: 0', 'f3: 3', 'f4: 1', 'f5: 2', 'f6: 0' => 'f1: 2'
c1 # of rules: 3
c1 rule time: 0.4876

c1 computing class: 3
c1 discrimination constraints: 1042h
c1 coverage constraints: 341v+6139h
c1 formula: 383v, 7244c (7202h+42s)
c1 enumerating rules (maxsat-based)
c1 rule: 'f2: 0', 'f3: 1', 'f4: 0', 'f5: 2', 'f6: 1' => 'f1: 3'
c1 # of rules: 1
c1 rule time: 0.5174

c2 total rules: 9

c0 computing feature 2
c1 computing class: 0
c1 discrimination constraints: 1047h
c1 coverage constraints: 336v+6049h
c1 formula: 378v, 7159c (7117h+42s)
c1 enumerating rules (maxsat-based)
c1 rule: 'f1: 0', 'f3: 0', 'f4: 1', 'f5: 1', 'f6: 1' => 'f2: 0'
c1 rule: 'f1: 3', 'f3: 2', 'f4: 0', 'f5: 2', 'f6: 2' => 'f2: 0'
c1 rule: 'f1: 1', 'f3: 3', 'f4: 0', 'f5: 0', 'f6: 1' => 'f2: 0'
c1 rule: 'f1: 0', 'f3: 3', 'f4: 0', 'f5: 0', 'f6: 1' => 'f2: 0'
c1 # of rules: 4
c1 rule time: 0.5318

c1 computing class: 1
c1 discrimination constraints: 1027h
c1 coverage constraints: 356v+6409h
c1 formula: 398v, 7499c (7457h+42s)
c1 enumerating rules (maxsat-based)
c1 rule: 'f1: 1', 'f3: 2', 'f4: 2', 'f5: 0', 'f6: 2' => 'f2: 1'
c1 rule: 'f1: 3', 'f3: 2', 'f4: 1', 'f5: 1', 'f6: 1' => 'f2: 1'
c1 rule: 'f1: 1', 'f3: 2', 'f4: 0', 'f5: 2', 'f6: 1' => 'f2: 1'
c1 # of rules: 3
c1 rule time: 0.6141

c1 computing class: 2
c1 discrimination constraints: 1038h
c1 coverage constraints: 345v+6211h
c1 formula: 387v, 7312c (7270h+42s)
c1 enumerating rules (maxsat-based)
c1 rule: 'f1: 2', 'f3: 2', 'f4: 2', 'f5: 0', 'f6: 1' => 'f2: 2'
c1 rule: 'f1: 3', 'f3: 1', 'f4: 1', 'f5: 1', 'f6: 2' => 'f2: 2'
c1 rule: 'f1: 2', 'f3: 0', 'f4: 0', 'f5: 1', 'f6: 1' => 'f2: 2'
c1 # of rules: 3
c1 rule time: 0.5818

c1 computing class: 3
c1 discrimination constraints: 1037h
c1 coverage constraints: 346v+6229h
c1 formula: 388v, 7329c (7287h+42s)
c1 enumerating rules (maxsat-based)
c1 rule: 'f1: 1', 'f3: 0', 'f4: 2', 'f5: 1', 'f6: 1' => 'f2: 3'
c1 rule: 'f1: 2', 'f3: 0', 'f4: 0', 'f5: 1', 'f6: 0' => 'f2: 3'
c1 # of rules: 2
c1 rule time: 0.4583

c2 total rules: 12

c0 computing feature 3
c1 computing class: 0
c1 discrimination constraints: 1030h
c1 coverage constraints: 353v+6355h
c1 formula: 395v, 7448c (7406h+42s)
c1 enumerating rules (maxsat-based)
c1 rule: 'f1: 2', 'f2: 3', 'f4: 2', 'f5: 0', 'f6: 1' => 'f3: 0'
c1 rule: 'f1: 1', 'f2: 2', 'f4: 0', 'f5: 0', 'f6: 1' => 'f3: 0'
c1 rule: 'f1: 1', 'f2: 3', 'f4: 2', 'f5: 1', 'f6: 0' => 'f3: 0'
c1 rule: 'f1: 3', 'f2: 2', 'f4: 2', 'f5: 0', 'f6: 1' => 'f3: 0'
c1 # of rules: 4
c1 rule time: 0.5229

c1 computing class: 1
c1 discrimination constraints: 1047h
c1 coverage constraints: 336v+6049h
c1 formula: 378v, 7159c (7117h+42s)
c1 enumerating rules (maxsat-based)
c1 rule: 'f1: 3', 'f2: 0', 'f4: 1', 'f5: 2', 'f6: 0' => 'f3: 1'
c1 rule: 'f1: 1', 'f2: 3', 'f4: 2', 'f5: 0', 'f6: 0' => 'f3: 1'
c1 rule: 'f1: 2', 'f2: 1', 'f4: 0', 'f5: 1', 'f6: 1' => 'f3: 1'
c1 # of rules: 3
c1 rule time: 0.4811

c1 computing class: 2
c1 discrimination constraints: 1035h
c1 coverage constraints: 348v+6265h
c1 formula: 390v, 7363c (7321h+42s)
c1 enumerating rules (maxsat-based)
c1 rule: 'f1: 3', 'f2: 2', 'f4: 2', 'f5: 1', 'f6: 2' => 'f3: 2'
c1 rule: 'f1: 0', 'f2: 2', 'f4: 0', 'f5: 0', 'f6: 2' => 'f3: 2'
c1 # of rules: 2
c1 rule time: 0.4901

c1 computing class: 3
c1 discrimination constraints: 1037h
c1 coverage constraints: 346v+6229h
c1 formula: 388v, 7329c (7287h+42s)
c1 enumerating rules (maxsat-based)
c1 rule: 'f1: 2', 'f2: 0', 'f4: 0', 'f5: 0', 'f6: 1' => 'f3: 3'
c1 rule: 'f1: 2', 'f2: 3', 'f4: 2', 'f5: 0', 'f6: 2' => 'f3: 3'
c1 # of rules: 2
c1 rule time: 0.5267

c2 total rules: 11

c0 computing feature 4
c1 computing class: 0
c1 discrimination constraints: 927h
c1 coverage constraints: 456v+8665h
c1 formula: 498v, 9655c (9613h+42s)
c1 enumerating rules (maxsat-based)
c1 rule: 'f1: 3', 'f2: 2', 'f3: 2', 'f5: 1', 'f6: 1' => 'f4: 0'
c1 rule: 'f1: 1', 'f2: 0', 'f3: 2', 'f5: 0', 'f6: 2' => 'f4: 0'
c1 rule: 'f1: 1', 'f2: 1', 'f3: 2', 'f5: 0', 'f6: 1' => 'f4: 0'
c1 rule: 'f1: 1', 'f2: 2', 'f3: 2', 'f5: 1', 'f6: 0' => 'f4: 0'
c1 rule: 'f1: 1', 'f2: 3', 'f3: 2', 'f5: 1', 'f6: 0' => 'f4: 0'
c1 rule: 'f1: 3', 'f2: 3', 'f3: 3', 'f5: 1', 'f6: 0' => 'f4: 0'
c1 rule: 'f1: 3', 'f2: 3', 'f3: 0', 'f5: 0', 'f6: 0' => 'f4: 0'
c1 rule: 'f1: 0', 'f2: 1', 'f3: 1', 'f5: 0', 'f6: 0' => 'f4: 0'
c1 rule: 'f1: 2', 'f2: 3', 'f3: 1', 'f5: 0', 'f6: 1' => 'f4: 0'
c1 rule: 'f1: 3', 'f2: 3', 'f3: 1', 'f5: 2', 'f6: 2' => 'f4: 0'
c1 rule: 'f1: 3', 'f2: 0', 'f3: 1', 'f5: 2', 'f6: 2' => 'f4: 0'
c1 rule: 'f1: 3', 'f2: 0', 'f3: 2', 'f5: 1', 'f6: 1' => 'f4: 0'
c1 rule: 'f1: 3', 'f2: 2', 'f3: 2', 'f5: 0', 'f6: 2' => 'f4: 0'
c1 rule: 'f1: 0', 'f2: 2', 'f3: 1', 'f5: 2', 'f6: 2' => 'f4: 0'
c1 rule: 'f1: 1', 'f2: 2', 'f3: 0', 'f5: 1', 'f6: 1' => 'f4: 0'
c1 rule: 'f1: 1', 'f2: 2', 'f3: 1', 'f5: 1', 'f6: 2' => 'f4: 0'
c1 rule: 'f1: 2', 'f2: 1', 'f3: 1', 'f5: 1', 'f6: 2' => 'f4: 0'
c1 rule: 'f1: 3', 'f2: 1', 'f3: 3', 'f5: 1', 'f6: 1' => 'f4: 0'
c1 # of rules: 18
c1 rule time: 1.0736

c1 computing class: 1
c1 discrimination constraints: 915h
c1 coverage constraints: 468v+8893h
c1 formula: 510v, 9871c (9829h+42s)
c1 enumerating rules (maxsat-based)
c1 rule: 'f1: 2', 'f2: 2', 'f3: 0', 'f5: 1', 'f6: 2' => 'f4: 1'
c1 rule: 'f1: 2', 'f2: 0', 'f3: 1', 'f5: 1', 'f6: 0' => 'f4: 1'
c1 rule: 'f1: 2', 'f2: 3', 'f3: 3', 'f5: 0', 'f6: 0' => 'f4: 1'
c1 rule: 'f1: 2', 'f2: 3', 'f3: 3', 'f5: 2', 'f6: 1' => 'f4: 1'
c1 rule: 'f1: 2', 'f2: 0', 'f3: 2', 'f5: 2', 'f6: 0' => 'f4: 1'
c1 rule: 'f1: 2', 'f2: 0', 'f3: 0', 'f5: 2', 'f6: 2' => 'f4: 1'
c1 rule: 'f1: 3', 'f2: 0', 'f3: 1', 'f5: 0', 'f6: 2' => 'f4: 1'
c1 rule: 'f1: 3', 'f2: 1', 'f3: 1', 'f5: 2', 'f6: 2' => 'f4: 1'
c1 rule: 'f1: 3', 'f2: 2', 'f3: 2', 'f5: 2', 'f6: 2' => 'f4: 1'
c1 rule: 'f1: 3', 'f2: 1', 'f3: 2', 'f5: 0', 'f6: 2' => 'f4: 1'
c1 rule: 'f1: 0', 'f2: 1', 'f3: 3', 'f5: 0', 'f6: 0' => 'f4: 1'
c1 rule: 'f1: 0', 'f2: 3', 'f3: 3', 'f5: 1', 'f6: 2' => 'f4: 1'
c1 rule: 'f1: 3', 'f2: 3', 'f3: 2', 'f5: 2', 'f6: 0' => 'f4: 1'
c1 rule: 'f1: 2', 'f2: 3', 'f3: 2', 'f5: 0', 'f6: 1' => 'f4: 1'
c1 rule: 'f1: 3', 'f2: 2', 'f3: 3', 'f5: 0', 'f6: 1' => 'f4: 1'
c1 rule: 'f1: 3', 'f2: 2', 'f3: 0', 'f5: 1', 'f6: 2' => 'f4: 1'
c1 rule: 'f1: 2', 'f2: 1', 'f3: 3', 'f5: 1', 'f6: 1' => 'f4: 1'
c1 rule: 'f1: 2', 'f2: 0', 'f3: 2', 'f5: 0', 'f6: 1' => 'f4: 1'
c1 rule: 'f1: 2', 'f2: 1', 'f3: 2', 'f5: 2', 'f6: 0' => 'f4: 1'
c1 rule: 'f1: 0', 'f2: 2', 'f3: 1', 'f5: 0', 'f6: 0' => 'f4: 1'
c1 rule: 'f1: 0', 'f2: 0', 'f3: 1', 'f5: 1', 'f6: 1' => 'f4: 1'
c1 rule: 'f1: 1', 'f2: 0', 'f3: 2', 'f5: 1', 'f6: 2' => 'f4: 1'
c1 # of rules: 22
c1 rule time: 1.1606

c1 computing class: 2
c1 discrimination constraints: 924h
c1 coverage constraints: 459v+8722h
c1 formula: 501v, 9709c (9667h+42s)
c1 enumerating rules (maxsat-based)
c1 rule: 'f1: 1', 'f2: 3', 'f3: 0', 'f5: 1', 'f6: 1' => 'f4: 2'
c1 rule: 'f1: 1', 'f2: 0', 'f3: 0', 'f5: 0', 'f6: 1' => 'f4: 2'
c1 rule: 'f1: 0', 'f2: 0', 'f3: 1', 'f5: 2', 'f6: 1' => 'f4: 2'
c1 rule: 'f1: 0', 'f2: 3', 'f3: 1', 'f5: 2', 'f6: 0' => 'f4: 2'
c1 rule: 'f1: 0', 'f2: 3', 'f3: 3', 'f5: 2', 'f6: 2' => 'f4: 2'
c1 rule: 'f1: 0', 'f2: 2', 'f3: 0', 'f5: 2', 'f6: 2' => 'f4: 2'
c1 rule: 'f1: 1', 'f2: 2', 'f3: 2', 'f5: 2', 'f6: 1' => 'f4: 2'
c1 rule: 'f1: 3', 'f2: 2', 'f3: 3', 'f5: 2', 'f6: 1' => 'f4: 2'
c1 rule: 'f1: 0', 'f2: 1', 'f3: 0', 'f5: 2', 'f6: 1' => 'f4: 2'
c1 rule: 'f1: 2', 'f2: 1', 'f3: 3', 'f5: 2', 'f6: 1' => 'f4: 2'
c1 rule: 'f1: 3', 'f2: 0', 'f3: 2', 'f5: 2', 'f6: 0' => 'f4: 2'
c1 rule: 'f1: 3', 'f2: 0', 'f3: 0', 'f5: 2', 'f6: 0' => 'f4: 2'
c1 rule: 'f1: 0', 'f2: 0', 'f3: 3', 'f5: 2', not 'f6: 2' => 'f4: 2'
c1 rule: 'f1: 0', 'f2: 1', 'f3: 1', 'f5: 1', 'f6: 2' => 'f4: 2'
c1 rule: 'f1: 3', 'f2: 3', 'f3: 1', 'f5: 1', 'f6: 2' => 'f4: 2'
c1 rule: 'f1: 1', 'f2: 3', 'f3: 0', 'f5: 0', 'f6: 2' => 'f4: 2'
c1 rule: 'f1: 1', 'f2: 3', 'f3: 1', 'f5: 2', 'f6: 2' => 'f4: 2'
c1 rule: 'f1: 3', 'f2: 3', 'f3: 2', 'f5: 1', 'f6: 1' => 'f4: 2'
c1 rule: 'f1: 3', 'f2: 0', 'f3: 3', 'f5: 1', 'f6: 2' => 'f4: 2'
c1 rule: 'f1: 2', 'f2: 0', 'f3: 0', 'f5: 1', 'f6: 0' => 'f4: 2'
c1 rule: 'f1: 0', 'f2: 2', 'f3: 0', 'f5: 1', 'f6: 1' => 'f4: 2'
c1 rule: 'f1: 3', 'f2: 2', 'f3: 0', 'f5: 0', 'f6: 2' => 'f4: 2'
c1 rule: 'f1: 1', 'f2: 3', 'f3: 3', 'f5: 1', 'f6: 1' => 'f4: 2'
c1 # of rules: 23
c1 rule time: 1.5870

c2 total rules: 63

c0 computing feature 5
c1 computing class: 0
c1 discrimination constraints: 925h
c1 coverage constraints: 458v+8703h
c1 formula: 500v, 9691c (9649h+42s)
c1 enumerating rules (maxsat-based)
c1 rule: 'f1: 1', 'f2: 2', 'f3: 3', 'f4: 2', 'f6: 1' => 'f5: 0'
c1 rule: 'f1: 1', 'f2: 3', 'f3: 1', 'f4: 2', 'f6: 1' => 'f5: 0'
c1 rule: 'f1: 1', 'f2: 3', 'f3: 0', 'f4: 1', 'f6: 1' => 'f5: 0'
c1 rule: 'f1: 1', 'f2: 3', 'f3: 0', 'f4: 0', 'f6: 0' => 'f5: 0'
c1 rule: 'f1: 3', 'f2: 1', 'f3: 0', 'f4: 2', 'f6: 0' => 'f5: 0'
c1 rule: 'f1: 2', 'f2: 2', 'f3: 0', 'f4: 2', 'f6: 2' => 'f5: 0'
c1 rule: 'f1: 3', 'f2: 2', 'f3: 1', 'f4: 2', 'f6: 2' => 'f5: 0'
c1 rule: 'f1: 3', 'f2: 3', 'f3: 1', 'f4: 1', 'f6: 2' => 'f5: 0'
c1 rule: 'f1: 3', 'f2: 1', 'f3: 3', 'f4: 1', 'f6: 1' => 'f5: 0'
c1 rule: 'f1: 0', 'f2: 1', 'f3: 0', 'f4: 1', 'f6: 1' => 'f5: 0'
c1 rule: 'f1: 2', 'f2: 1', 'f3: 3', 'f4: 0', 'f6: 1' => 'f5: 0'
c1 rule: 'f1: 3', 'f2: 0', 'f3: 2', 'f4: 2', 'f6: 1' => 'f5: 0'
c1 rule: 'f1: 2', 'f2: 0', 'f3: 2', 'f4: 2', 'f6: 0' => 'f5: 0'
c1 rule: 'f1: 0', 'f2: 3', 'f3: 3', 'f4: 0', 'f6: 2' => 'f5: 0'
c1 rule: 'f1: 3', 'f2: 0', 'f3: 3', 'f4: 0', 'f6: 2' => 'f5: 0'
c1 rule: 'f1: 3', 'f2: 0', 'f3: 1', 'f4: 1', 'f6: 2' => 'f5: 0'
c1 rule: 'f1: 0', 'f2: 0', 'f3: 1', 'f4: 0', 'f6: 1' => 'f5: 0'
c1 # of rules: 17
c1 rule time: 1.1000

c1 computing class: 1
c1 discrimination constraints: 920h
c1 coverage constraints: 463v+8798h
c1 formula: 505v, 9781c (9739h+42s)
c1 enumerating rules (maxsat-based)
c1 rule: 'f1: 0', 'f2: 0', 'f3: 3', 'f4: 0', 'f6: 0' => 'f5: 1'
c1 rule: 'f1: 0', 'f2: 3', 'f3: 1', 'f4: 1', 'f6: 0' => 'f5: 1'
c1 rule: 'f1: 1', 'f2: 3', 'f3: 0', 'f4: 0', 'f6: 2' => 'f5: 1'
c1 rule: 'f1: 1', 'f2: 2', 'f3: 2', 'f4: 0', 'f6: 1' => 'f5: 1'
c1 rule: 'f1: 0', 'f2: 2', 'f3: 0', 'f4: 0', 'f6: 2' => 'f5: 1'
c1 rule: 'f1: 3', 'f2: 0', 'f3: 2', 'f4: 0', 'f6: 0' => 'f5: 1'
c1 rule: 'f1: 2', 'f2: 0', 'f3: 2', 'f4: 0', 'f6: 0' => 'f5: 1'
c1 rule: 'f1: 3', 'f2: 1', 'f3: 2', 'f4: 0', 'f6: 2' => 'f5: 1'
c1 rule: 'f1: 3', 'f2: 0', 'f3: 1', 'f4: 2', 'f6: 2' => 'f5: 1'
c1 rule: 'f1: 3', 'f2: 3', 'f3: 1', 'f4: 2', 'f6: 2' => 'f5: 1'
c1 rule: 'f1: 1', 'f2: 3', 'f3: 1', 'f4: 0', 'f6: 2' => 'f5: 1'
c1 rule: 'f1: 3', 'f2: 2', 'f3: 2', 'f4: 2', 'f6: 2' => 'f5: 1'
c1 rule: 'f1: 3', 'f2: 2', 'f3: 3', 'f4: 0', 'f6: 1' => 'f5: 1'
c1 rule: 'f1: 2', 'f2: 3', 'f3: 3', 'f4: 2', 'f6: 1' => 'f5: 1'
c1 rule: 'f1: 2', 'f2: 3', 'f3: 1', 'f4: 1', 'f6: 1' => 'f5: 1'
c1 rule: 'f1: 2', 'f2: 0', 'f3: 1', 'f4: 1', 'f6: 2' => 'f5: 1'
c1 rule: 'f1: 0', 'f2: 1', 'f3: 3', 'f4: 0', 'f6: 0' => 'f5: 1'
c1 rule: 'f1: 2', 'f2: 0', 'f3: 1', 'f4: 0', 'f6: 1' => 'f5: 1'
c1 # of rules: 18
c1 rule time: 1.4295

c1 computing class: 2
c1 discrimination constraints: 921h
c1 coverage constraints: 462v+8779h
c1 formula: 504v, 9763c (9721h+42s)
c1 enumerating rules (maxsat-based)
c1 rule: 'f1: 2', 'f2: 2', 'f3: 1', 'f4: 0', 'f6: 0' => 'f5: 2'
c1 rule: 'f1: 2', 'f2: 2', 'f3: 1', 'f4: 0', not 'f6: 1' => 'f5: 2'
c1 rule: 'f1: 2', 'f2: 1', 'f3: 1', 'f4: 2', 'f6: 2' => 'f5: 2'
c1 rule: 'f1: 2', 'f2: 1', 'f3: 3', 'f4: 2', 'f6: 0' => 'f5: 2'
c1 rule: 'f1: 2', 'f2: 1', 'f3: 0', 'f4: 0', 'f6: 0' => 'f5: 2'
c1 rule: 'f1: 2', 'f2: 0', 'f3: 0', 'f4: 0', 'f6: 1' => 'f5: 2'
c1 rule: 'f1: 3', 'f2: 2', 'f3: 0', 'f4: 0', 'f6: 2' => 'f5: 2'
c1 rule: 'f1: 1', 'f2: 2', 'f3: 1', 'f4: 0', 'f6: 1' => 'f5: 2'
c1 rule: 'f1: 3', 'f2: 2', 'f3: 2', 'f4: 2', 'f6: 1' => 'f5: 2'
c1 rule: 'f1: 3', 'f2: 0', 'f3: 2', 'f4: 1', 'f6: 1' => 'f5: 2'
c1 rule: 'f1: 2', 'f2: 2', 'f3: 0', 'f4: 0', 'f6: 0' => 'f5: 2'
c1 rule: 'f1: 2', 'f2: 0', 'f3: 3', 'f4: 0', 'f6: 2' => 'f5: 2'
c1 rule: 'f1: 1', 'f2: 3', 'f3: 3', 'f4: 0', 'f6: 1' => 'f5: 2'
c1 rule: 'f1: 1', 'f2: 3', 'f3: 3', 'f4: 2', 'f6: 0' => 'f5: 2'
c1 rule: 'f1: 1', 'f2: 0', 'f3: 3', 'f4: 2', 'f6: 0' => 'f5: 2'
c1 rule: 'f1: 3', 'f2: 2', 'f3: 2', 'f4: 1', 'f6: 2' => 'f5: 2'
c1 rule: 'f1: 3', 'f2: 2', 'f3: 3', 'f4: 2', 'f6: 2' => 'f5: 2'
c1 rule: 'f1: 1', 'f2: 2', 'f3: 2', 'f4: 2', 'f6: 2' => 'f5: 2'
c1 rule: 'f1: 1', 'f2: 0', 'f3: 2', 'f4: 2', 'f6: 2' => 'f5: 2'
c1 rule: 'f1: 1', 'f2: 3', 'f3: 2', 'f4: 2', 'f6: 0' => 'f5: 2'
c1 rule: 'f1: 1', 'f2: 1', 'f3: 2', 'f4: 1', 'f6: 1' => 'f5: 2'
c1 rule: 'f1: 1', 'f2: 2', 'f3: 1', 'f4: 1', 'f6: 2' => 'f5: 2'
c1 # of rules: 22
c1 rule time: 1.1557

c2 total rules: 57

c0 computing feature 6
c1 computing class: 0
c1 discrimination constraints: 911h
c1 coverage constraints: 472v+8969h
c1 formula: 514v, 9943c (9901h+42s)
c1 enumerating rules (maxsat-based)
c1 rule: 'f1: 1', 'f2: 0', 'f3: 0', 'f4: 0', 'f5: 0' => 'f6: 0'
c1 rule: 'f1: 0', 'f2: 2', 'f3: 3', 'f4: 0', 'f5: 0' => 'f6: 0'
c1 rule: 'f1: 2', 'f2: 1', 'f3: 3', 'f4: 1', 'f5: 2' => 'f6: 0'
c1 rule: 'f1: 2', 'f2: 0', 'f3: 2', 'f4: 1', 'f5: 2' => 'f6: 0'
c1 rule: 'f1: 3', 'f2: 0', 'f3: 2', 'f4: 2', 'f5: 1' => 'f6: 0'
c1 rule: 'f1: 3', 'f2: 2', 'f3: 2', 'f4: 1', 'f5: 1' => 'f6: 0'
c1 rule: 'f1: 0', 'f2: 1', 'f3: 0', 'f4: 1', 'f5: 1' => 'f6: 0'
c1 rule: 'f1: 3', 'f2: 2', 'f3: 0', 'f4: 1', 'f5: 0' => 'f6: 0'
c1 rule: 'f1: 3', 'f2: 2', 'f3: 3', 'f4: 2', 'f5: 0' => 'f6: 0'
c1 rule: 'f1: 1', 'f2: 1', 'f3: 3', 'f4: 1', 'f5: 1' => 'f6: 0'
c1 rule: 'f1: 1', 'f2: 1', 'f3: 2', 'f4: 1', 'f5: 0' => 'f6: 0'
c1 rule: 'f1: 3', 'f2: 3', 'f3: 1', 'f4: 0', 'f5: 1' => 'f6: 0'
c1 rule: 'f1: 2', 'f2: 3', 'f3: 1', 'f4: 1', 'f5: 2' => 'f6: 0'
c1 rule: 'f1: 0', 'f2: 0', 'f3: 1', 'f4: 1', 'f5: 2' => 'f6: 0'
c1 rule: 'f1: 2', 'f2: 3', 'f3: 1', 'f4: 2', 'f5: 0' => 'f6: 0'
c1 rule: 'f1: 2', 'f2: 3', 'f3: 2', 'f4: 2', 'f5: 0' => 'f6: 0'
c1 rule: 'f1: 2', 'f2: 3', 'f3: 3', 'f4: 2', 'f5: 2' => 'f6: 0'
c1 rule: 'f1: 2', 'f2: 0', 'f3: 2', 'f4: 2', 'f5: 0' => 'f6: 0'
c1 # of rules: 18
c1 rule time: 1.3069

c1 computing class: 1
c1 discrimination constraints: 924h
c1 coverage constraints: 459v+8722h
c1 formula: 501v, 9709c (9667h+42s)
c1 enumerating rules (maxsat-based)
c1 rule: 'f1: 3', 'f2: 3', 'f3: 2', 'f4: 0', 'f5: 2' => 'f6: 1'
c1 rule: 'f1: 3', 'f2: 3', 'f3: 3', 'f4: 1', 'f5: 1' => 'f6: 1'
c1 rule: 'f1: 2', 'f2: 2', 'f3: 0', 'f4: 0', 'f5: 1' => 'f6: 1'
c1 rule: 'f1: 1', 'f2: 2', 'f3: 2', 'f4: 2', 'f5: 1' => 'f6: 1'
c1 rule: 'f1: 2', 'f2: 2', 'f3: 2', 'f4: 1', 'f5: 2' => 'f6: 1'
c1 rule: 'f1: 0', 'f2: 3', 'f3: 3', 'f4: 1', 'f5: 2' => 'f6: 1'
c1 rule: 'f1: 0', 'f2: 3', 'f3: 1', 'f4: 1', 'f5: 0' => 'f6: 1'
c1 rule: 'f1: 2', 'f2: 1', 'f3: 1', 'f4: 1', 'f5: 1' => 'f6: 1'
c1 rule: 'f1: 2', 'f2: 1', 'f3: 0', 'f4: 1', 'f5: 2' => 'f6: 1'
c1 rule: 'f1: 2', 'f2: 1', 'f3: 0', 'f4: 0', 'f5: 0' => 'f6: 1'
c1 rule: 'f1: 2', 'f2: 2', 'f3: 1', 'f4: 0', not 'f5: 2' => 'f6: 1'
c1 rule: 'f1: 3', 'f2: 3', 'f3: 0', 'f4: 2', 'f5: 0' => 'f6: 1'
c1 rule: 'f1: 0', 'f2: 3', 'f3: 2', 'f4: 1', 'f5: 1' => 'f6: 1'
c1 rule: 'f1: 1', 'f2: 3', 'f3: 2', 'f4: 2', 'f5: 0' => 'f6: 1'
c1 rule: 'f1: 1', 'f2: 3', 'f3: 0', 'f4: 0', 'f5: 2' => 'f6: 1'
c1 rule: 'f1: 2', 'f2: 1', 'f3: 1', 'f4: 2', 'f5: 0' => 'f6: 1'
c1 rule: 'f1: 2', 'f2: 0', 'f3: 1', 'f4: 1', 'f5: 2' => 'f6: 1'
c1 rule: 'f1: 3', 'f2: 2', 'f3: 0', 'f4: 2', 'f5: 1' => 'f6: 1'
c1 rule: 'f1: 3', 'f2: 0', 'f3: 1', 'f4: 2', 'f5: 2' => 'f6: 1'
c1 rule: 'f1: 2', 'f2: 0', 'f3: 1', 'f4: 0', 'f5: 1' => 'f6: 1'
c1 rule: 'f1: 0', 'f2: 2', 'f3: 1', 'f4: 0', 'f5: 0' => 'f6: 1'
c1 rule: 'f1: 2', 'f2: 1', 'f3: 3', 'f4: 2', 'f5: 0' => 'f6: 1'
c1 # of rules: 22
c1 rule time: 1.5573

c1 computing class: 2
c1 discrimination constraints: 931h
c1 coverage constraints: 452v+8589h
c1 formula: 494v, 9583c (9541h+42s)
c1 enumerating rules (maxsat-based)
c1 rule: 'f1: 1', 'f2: 3', 'f3: 0', 'f4: 0', 'f5: 1' => 'f6: 2'
c1 rule: 'f1: 0', 'f2: 1', 'f3: 3', 'f4: 0', 'f5: 0' => 'f6: 2'
c1 rule: 'f1: 0', 'f2: 0', 'f3: 2', 'f4: 1', 'f5: 0' => 'f6: 2'
c1 rule: 'f1: 2', 'f2: 0', 'f3: 2', 'f4: 0', 'f5: 0' => 'f6: 2'
c1 rule: 'f1: 2', 'f2: 3', 'f3: 3', 'f4: 2', 'f5: 0' => 'f6: 2'
c1 rule: 'f1: 2', 'f2: 1', 'f3: 0', 'f4: 0', 'f5: 1' => 'f6: 2'
c1 rule: 'f1: 3', 'f2: 1', 'f3: 0', 'f4: 2', 'f5: 2' => 'f6: 2'
c1 rule: 'f1: 3', 'f2: 1', 'f3: 3', 'f4: 2', 'f5: 1' => 'f6: 2'
c1 rule: 'f1: 3', 'f2: 2', 'f3: 3', 'f4: 1', 'f5: 2' => 'f6: 2'
c1 rule: 'f1: 3', 'f2: 0', 'f3: 1', 'f4: 0', 'f5: 1' => 'f6: 2'
c1 rule: 'f1: 1', 'f2: 2', 'f3: 3', 'f4: 2', 'f5: 2' => 'f6: 2'
c1 rule: 'f1: 0', 'f2: 0', 'f3: 3', 'f5: 2', not 'f4: 2' => 'f6: 2'
c1 rule: 'f1: 2', 'f2: 0', 'f3: 0', 'f4: 0', 'f5: 1' => 'f6: 2'
c1 rule: 'f1: 0', 'f2: 1', 'f3: 2', 'f4: 2', 'f5: 2' => 'f6: 2'
c1 rule: 'f1: 2', 'f2: 1', 'f3: 3', 'f4: 2', 'f5: 1' => 'f6: 2'
c1 rule: 'f1: 1', 'f2: 3', 'f3: 1', 'f4: 2', 'f5: 1' => 'f6: 2'
c1 # of rules: 16
c1 rule time: 1.1450

c2 total rules: 56
c3 total time: 18.2217

Rules are saved to ../rules/all/q6_car_train5.csv.json