c0 # of samps: 81 (52 weighted)
c0 # of feats: 16 (20 binary)
c0 # of labls: 7
c0 parse time: 0.3032


c0 computing feature 1
c1 computing class: 0
c1 discrimination constraints: 19h
c1 coverage constraints: 33v+661h
c1 formula: 75v, 743c (701h+42s)
c1 enumerating rules (maxsat-based)
c1 rule: 'legs: (4.0..5.0]' => 'hair: 0'
c1 rule: 'legs: (6.0..+inf)' => 'hair: 0'
c1 rule: 'breathes: 0' => 'hair: 0'
c1 rule: not 'feathers: 0' => 'hair: 0'
c1 rule: 'milk: 0', 'legs: (2.0..4.0]' => 'hair: 0'
c1 rule: 'toothed: 0', 'legs: (-inf..2.0]' => 'hair: 0'
c1 rule: 'legs: (-inf..2.0]', not 'eggs: 0' => 'hair: 0'
c1 rule: 'milk: 0', 'airborne: 0' => 'hair: 0'
c1 rule: 'milk: 0', not 'predator: 0' => 'hair: 0'
c1 # of rules: 9
c1 rule time: 0.0007

c1 computing class: 1
c1 discrimination constraints: 33h
c1 coverage constraints: 19v+381h
c1 formula: 61v, 477c (435h+42s)
c1 enumerating rules (maxsat-based)
c1 rule: 'eggs: 0', 'tail: 0' => 'hair: 1'
c1 rule: 'eggs: 0', 'legs: (2.0..4.0]' => 'hair: 1'
c1 rule: 'toothed: 0', not 'milk: 0' => 'hair: 1'
c1 rule: not 'venomous: 0', not 'domestic: 0' => 'hair: 1'
c1 rule: not 'airborne: 0', not 'toothed: 0' => 'hair: 1'
c1 rule: 'catsize: 0', not 'milk: 0' => 'hair: 1'
c1 rule: 'predator: 0', not 'venomous: 0' => 'hair: 1'
c1 # of rules: 7
c1 rule time: 0.0035

c2 total rules: 16

c0 computing feature 2
c1 computing class: 0
c1 discrimination constraints: 12h
c1 coverage constraints: 40v+801h
c1 formula: 82v, 876c (834h+42s)
c1 enumerating rules (maxsat-based)
c1 rule: 'eggs: 0' => 'feathers: 0'
c1 rule: 'legs: (5.0..6.0]' => 'feathers: 0'
c1 rule: not 'toothed: 0' => 'feathers: 0'
c1 rule: not 'venomous: 0' => 'feathers: 0'
c1 rule: 'breathes: 0' => 'feathers: 0'
c1 rule: 'backbone: 0' => 'feathers: 0'
c1 # of rules: 6
c1 rule time: 0.0035

c1 computing class: 1
c1 discrimination constraints: 40h
c1 coverage constraints: 12v+241h
c1 formula: 54v, 344c (302h+42s)
c1 enumerating rules (maxsat-based)
c1 rule: not 'airborne: 0', not 'aquatic: 0' => 'feathers: 1'
c1 rule: not 'airborne: 0', not 'catsize: 0' => 'feathers: 1'
c1 rule: not 'airborne: 0', not 'backbone: 0', not 'domestic: 0' => 'feathers: 1'
c1 rule: not 'airborne: 0', not 'predator: 0', not 'backbone: 0' => 'feathers: 1'
c1 rule: 'toothed: 0', 'legs: (-inf..2.0]', not 'backbone: 0' => 'feathers: 1'
c1 # of rules: 5
c1 rule time: 0.0030

c2 total rules: 11

c0 computing feature 3
c1 computing class: 0
c1 discrimination constraints: 34h
c1 coverage constraints: 18v+361h
c1 formula: 60v, 458c (416h+42s)
c1 enumerating rules (maxsat-based)
c1 rule: 'legs: (6.0..+inf)' => 'eggs: 0'
c1 rule: not 'hair: 0', not 'toothed: 0' => 'eggs: 0'
c1 rule: not 'milk: 0', not 'toothed: 0' => 'eggs: 0'
c1 rule: 'breathes: 0', 'fins: 0', not 'tail: 0' => 'eggs: 0'
c1 # of rules: 4
c1 rule time: 0.0025

c1 computing class: 1
c1 discrimination constraints: 18h
c1 coverage constraints: 34v+681h
c1 formula: 76v, 762c (720h+42s)
c1 enumerating rules (maxsat-based)
c1 rule: 'legs: (5.0..6.0]' => 'eggs: 1'
c1 rule: 'milk: 0', not 'fins: 0' => 'eggs: 1'
c1 rule: 'milk: 0', 'venomous: 0' => 'eggs: 1'
c1 rule: 'toothed: 0', not 'legs: (6.0..+inf)' => 'eggs: 1'
c1 rule: 'milk: 0', 'legs: (-inf..2.0]', not 'breathes: 0' => 'eggs: 1'
c1 # of rules: 5
c1 rule time: 0.0034

c2 total rules: 9

c0 computing feature 4
c1 computing class: 0
c1 discrimination constraints: 17h
c1 coverage constraints: 35v+701h
c1 formula: 77v, 781c (739h+42s)
c1 enumerating rules (maxsat-based)
c1 rule: 'legs: (5.0..6.0]' => 'milk: 0'
c1 # of rules: 1
c1 rule time: 0.0021

c1 computing class: 1
c1 discrimination constraints: 35h
c1 coverage constraints: 17v+341h
c1 formula: 59v, 439c (397h+42s)
c1 enumerating rules (maxsat-based)
c1 # of rules: 0
c1 rule time: 0.0010

c2 total rules: 1

c0 computing feature 5
c1 computing class: 0
c1 discrimination constraints: 14h
c1 coverage constraints: 38v+761h
c1 formula: 80v, 838c (796h+42s)
c1 enumerating rules (maxsat-based)
c1 rule: 'legs: (6.0..+inf)' => 'airborne: 0'
c1 rule: 'legs: (-inf..2.0]', 'tail: 0' => 'airborne: 0'
c1 rule: not 'aquatic: 0', not 'predator: 0', not 'catsize: 0' => 'airborne: 0'
c1 # of rules: 3
c1 rule time: 0.0035

c1 computing class: 1
c1 discrimination constraints: 38h
c1 coverage constraints: 14v+281h
c1 formula: 56v, 382c (340h+42s)
c1 enumerating rules (maxsat-based)
c1 rule: 'toothed: 0', not 'domestic: 0' => 'airborne: 1'
c1 rule: 'predator: 0', 'catsize: 0', not 'feathers: 0' => 'airborne: 1'
c1 rule: 'legs: (5.0..6.0]', not 'predator: 0', not 'breathes: 0' => 'airborne: 1'
c1 rule: 'predator: 0', not 'aquatic: 0', not 'catsize: 0' => 'airborne: 1'
c1 rule: 'catsize: 0', not 'feathers: 0', not 'aquatic: 0' => 'airborne: 1'
c1 # of rules: 5
c1 rule time: 0.0032

c2 total rules: 8

c0 computing feature 6
c1 computing class: 0
c1 discrimination constraints: 22h
c1 coverage constraints: 30v+601h
c1 formula: 72v, 686c (644h+42s)
c1 enumerating rules (maxsat-based)
c1 rule: 'legs: (6.0..+inf)' => 'aquatic: 0'
c1 rule: 'legs: (5.0..6.0]', not 'breathes: 0' => 'aquatic: 0'
c1 rule: 'backbone: 0', not 'breathes: 0' => 'aquatic: 0'
c1 rule: not 'breathes: 0', not 'venomous: 0' => 'aquatic: 0'
c1 rule: 'catsize: 0', not 'hair: 0' => 'aquatic: 0'
c1 rule: not 'hair: 0', not 'domestic: 0' => 'aquatic: 0'
c1 rule: not 'breathes: 0', not 'domestic: 0' => 'aquatic: 0'
c1 rule: 'fins: 0', 'tail: 0', not 'catsize: 0' => 'aquatic: 0'
c1 rule: 'feathers: 0', 'venomous: 0', 'fins: 0', 'legs: (-inf..2.0]' => 'aquatic: 0'
c1 # of rules: 9
c1 rule time: 0.0057

c1 computing class: 1
c1 discrimination constraints: 30h
c1 coverage constraints: 22v+441h
c1 formula: 64v, 534c (492h+42s)
c1 enumerating rules (maxsat-based)
c1 rule: 'legs: (4.0..5.0]' => 'aquatic: 1'
c1 rule: 'breathes: 0' => 'aquatic: 1'
c1 rule: not 'fins: 0' => 'aquatic: 1'
c1 rule: not 'eggs: 0', not 'milk: 0' => 'aquatic: 1'
c1 rule: 'milk: 0', 'legs: (2.0..4.0]' => 'aquatic: 1'
c1 # of rules: 5
c1 rule time: 0.0032

c2 total rules: 14

c0 computing feature 7
c1 computing class: 0
c1 discrimination constraints: 30h
c1 coverage constraints: 22v+441h
c1 formula: 64v, 534c (492h+42s)
c1 enumerating rules (maxsat-based)
c1 rule: not 'fins: 0', not 'domestic: 0' => 'predator: 0'
c1 rule: 'hair: 0', not 'domestic: 0' => 'predator: 0'
c1 rule: 'catsize: 0', not 'domestic: 0' => 'predator: 0'
c1 rule: 'catsize: 0', not 'milk: 0', not 'legs: (2.0..4.0]' => 'predator: 0'
c1 rule: 'aquatic: 0', 'backbone: 0', 'legs: (-inf..2.0]' => 'predator: 0'
c1 rule: 'aquatic: 0', 'legs: (-inf..2.0]', 'domestic: 0', not 'milk: 0' => 'predator: 0'
c1 # of rules: 6
c1 rule time: 0.0056

c1 computing class: 1
c1 discrimination constraints: 22h
c1 coverage constraints: 30v+601h
c1 formula: 72v, 686c (644h+42s)
c1 enumerating rules (maxsat-based)
c1 rule: 'legs: (4.0..5.0]' => 'predator: 1'
c1 rule: 'legs: (5.0..6.0]', not 'aquatic: 0' => 'predator: 1'
c1 rule: 'backbone: 0', not 'aquatic: 0' => 'predator: 1'
c1 rule: 'legs: (2.0..4.0]', 'tail: 0', not 'catsize: 0' => 'predator: 1'
c1 rule: 'milk: 0', 'legs: (2.0..4.0]', not 'tail: 0' => 'predator: 1'
c1 rule: 'eggs: 0', not 'legs: (2.0..4.0]', not 'domestic: 0' => 'predator: 1'
c1 rule: 'milk: 0', 'aquatic: 0', not 'toothed: 0' => 'predator: 1'
c1 rule: 'domestic: 0', 'catsize: 0', not 'legs: (-inf..2.0]', not 'tail: 0' => 'predator: 1'
c1 # of rules: 8
c1 rule time: 0.0053

c2 total rules: 14

c0 computing feature 8
c1 computing class: 0
c1 discrimination constraints: 27h
c1 coverage constraints: 25v+501h
c1 formula: 67v, 591c (549h+42s)
c1 enumerating rules (maxsat-based)
c1 rule: 'legs: (6.0..+inf)' => 'toothed: 0'
c1 rule: 'legs: (4.0..5.0]' => 'toothed: 0'
c1 rule: 'backbone: 0' => 'toothed: 0'
c1 # of rules: 3
c1 rule time: 0.0027

c1 computing class: 1
c1 discrimination constraints: 25h
c1 coverage constraints: 27v+541h
c1 formula: 69v, 629c (587h+42s)
c1 enumerating rules (maxsat-based)
c1 rule: 'predator: 0', 'legs: (2.0..4.0]' => 'toothed: 1'
c1 rule: 'tail: 0', not 'backbone: 0' => 'toothed: 1'
c1 rule: 'milk: 0', not 'backbone: 0', not 'legs: (-inf..2.0]' => 'toothed: 1'
c1 # of rules: 3
c1 rule time: 0.0027

c2 total rules: 6

c0 computing feature 9
c1 computing class: 0
c1 discrimination constraints: 40h
c1 coverage constraints: 12v+241h
c1 formula: 54v, 344c (302h+42s)
c1 enumerating rules (maxsat-based)
c1 # of rules: 0
c1 rule time: 0.0011

c1 computing class: 1
c1 discrimination constraints: 12h
c1 coverage constraints: 40v+801h
c1 formula: 82v, 876c (834h+42s)
c1 enumerating rules (maxsat-based)
c1 # of rules: 0
c1 rule time: 0.0017

c2 total rules: 0

c0 computing feature 10
c1 computing class: 0
c1 discrimination constraints: 42h
c1 coverage constraints: 10v+201h
c1 formula: 52v, 306c (264h+42s)
c1 enumerating rules (maxsat-based)
c1 rule: not 'eggs: 0', not 'fins: 0' => 'breathes: 0'
c1 # of rules: 1
c1 rule time: 0.0020

c1 computing class: 1
c1 discrimination constraints: 10h
c1 coverage constraints: 42v+841h
c1 formula: 84v, 914c (872h+42s)
c1 enumerating rules (maxsat-based)
c1 rule: not 'milk: 0' => 'breathes: 1'
c1 rule: 'predator: 0', 'tail: 0' => 'breathes: 1'
c1 rule: 'tail: 0', not 'toothed: 0' => 'breathes: 1'
c1 # of rules: 3
c1 rule time: 0.0030

c2 total rules: 4

c0 computing feature 11
c1 computing class: 0
c1 discrimination constraints: 7h
c1 coverage constraints: 45v+901h
c1 formula: 87v, 971c (929h+42s)
c1 enumerating rules (maxsat-based)
c1 rule: 'legs: (2.0..4.0]' => 'venomous: 0'
c1 rule: not 'milk: 0' => 'venomous: 0'
c1 rule: 'legs: (4.0..5.0]' => 'venomous: 0'
c1 rule: 'hair: 0', 'legs: (5.0..6.0]' => 'venomous: 0'
c1 rule: 'catsize: 0', not 'fins: 0' => 'venomous: 0'
c1 # of rules: 5
c1 rule time: 0.0043

c1 computing class: 1
c1 discrimination constraints: 45h
c1 coverage constraints: 7v+141h
c1 formula: 49v, 249c (207h+42s)
c1 enumerating rules (maxsat-based)
c1 rule: 'backbone: 0', not 'domestic: 0' => 'venomous: 1'
c1 # of rules: 1
c1 rule time: 0.0015

c2 total rules: 6

c0 computing feature 12
c1 computing class: 0
c1 discrimination constraints: 8h
c1 coverage constraints: 44v+881h
c1 formula: 86v, 952c (910h+42s)
c1 enumerating rules (maxsat-based)
c1 rule: 'legs: (2.0..4.0]' => 'fins: 0'
c1 rule: not 'legs: (-inf..2.0]' => 'fins: 0'
c1 # of rules: 2
c1 rule time: 0.0027

c1 computing class: 1
c1 discrimination constraints: 44h
c1 coverage constraints: 8v+161h
c1 formula: 50v, 268c (226h+42s)
c1 enumerating rules (maxsat-based)
c1 # of rules: 0
c1 rule time: 0.0007

c2 total rules: 2

c0 computing feature 13
c1 computing class: (-inf..2.0]
c1 discrimination constraints: 23h
c1 coverage constraints: 29v+465h
c1 formula: 69v, 548c (508h+40s)
c1 enumerating rules (maxsat-based)
c1 rule: not 'feathers: 0' => 'legs: (-inf..2.0]'
c1 rule: not 'fins: 0' => 'legs: (-inf..2.0]'
c1 rule: 'breathes: 0', not 'toothed: 0' => 'legs: (-inf..2.0]'
c1 rule: 'breathes: 0', not 'venomous: 0' => 'legs: (-inf..2.0]'
c1 rule: not 'backbone: 0', not 'venomous: 0' => 'legs: (-inf..2.0]'
c1 rule: 'eggs: 0', not 'airborne: 0' => 'legs: (-inf..2.0]'
c1 rule: 'tail: 0', not 'predator: 0', not 'domestic: 0' => 'legs: (-inf..2.0]'
c1 rule: 'aquatic: 0', not 'eggs: 0', not 'backbone: 0' => 'legs: (-inf..2.0]'
c1 rule: 'predator: 0', 'tail: 0', not 'catsize: 0' => 'legs: (-inf..2.0]'
c1 rule: 'eggs: 0', 'predator: 0', 'domestic: 0', 'catsize: 0' => 'legs: (-inf..2.0]'
c1 # of rules: 10
c1 rule time: 0.0048

c1 computing class: (2.0..4.0]
c1 discrimination constraints: 38h
c1 coverage constraints: 14v+225h
c1 formula: 54v, 323c (283h+40s)
c1 enumerating rules (maxsat-based)
c1 rule: not 'eggs: 0', not 'milk: 0' => 'legs: (2.0..4.0]'
c1 rule: not 'predator: 0', not 'tail: 0', not 'domestic: 0' => 'legs: (2.0..4.0]'
c1 rule: not 'tail: 0', not 'domestic: 0', not 'catsize: 0' => 'legs: (2.0..4.0]'
c1 rule: 'catsize: 0', not 'milk: 0', not 'domestic: 0' => 'legs: (2.0..4.0]'
c1 rule: 'catsize: 0', not 'hair: 0', not 'predator: 0' => 'legs: (2.0..4.0]'
c1 rule: 'fins: 0', not 'milk: 0', not 'aquatic: 0' => 'legs: (2.0..4.0]'
c1 rule: 'hair: 0', 'tail: 0', not 'toothed: 0' => 'legs: (2.0..4.0]'
c1 rule: 'predator: 0', not 'hair: 0', not 'tail: 0', not 'catsize: 0' => 'legs: (2.0..4.0]'
c1 rule: 'aquatic: 0', not 'hair: 0', not 'tail: 0', not 'catsize: 0' => 'legs: (2.0..4.0]'
c1 rule: 'aquatic: 0', 'domestic: 0', not 'hair: 0', not 'predator: 0' => 'legs: (2.0..4.0]'
c1 rule: 'venomous: 0', 'fins: 0', not 'aquatic: 0', not 'toothed: 0' => 'legs: (2.0..4.0]'
c1 # of rules: 11
c1 rule time: 0.0047

c1 computing class: (4.0..5.0]
c1 discrimination constraints: 51h
c1 coverage constraints: 1v+17h
c1 formula: 41v, 128c (88h+40s)
c1 enumerating rules (maxsat-based)
c1 # of rules: 0
c1 rule time: 0.0011

c1 computing class: (5.0..6.0]
c1 discrimination constraints: 45h
c1 coverage constraints: 7v+113h
c1 formula: 47v, 218c (178h+40s)
c1 enumerating rules (maxsat-based)
c1 rule: 'backbone: 0', not 'hair: 0' => 'legs: (5.0..6.0]'
c1 rule: 'tail: 0', not 'airborne: 0' => 'legs: (5.0..6.0]'
c1 # of rules: 2
c1 rule time: 0.0018

c1 computing class: (6.0..+inf)
c1 discrimination constraints: 51h
c1 coverage constraints: 1v+17h
c1 formula: 41v, 128c (88h+40s)
c1 enumerating rules (maxsat-based)
c1 rule: 'backbone: 0', not 'tail: 0' => 'legs: (6.0..+inf)'
c1 # of rules: 1
c1 rule time: 0.0010

c2 total rules: 24

c0 computing feature 14
c1 computing class: 0
c1 discrimination constraints: 34h
c1 coverage constraints: 18v+361h
c1 formula: 60v, 458c (416h+42s)
c1 enumerating rules (maxsat-based)
c1 # of rules: 0
c1 rule time: 0.0020

c1 computing class: 1
c1 discrimination constraints: 18h
c1 coverage constraints: 34v+681h
c1 formula: 76v, 762c (720h+42s)
c1 enumerating rules (maxsat-based)
c1 rule: 'catsize: 0', not 'toothed: 0', not 'legs: (2.0..4.0]' => 'tail: 1'
c1 rule: 'domestic: 0', 'catsize: 0', not 'milk: 0' => 'tail: 1'
c1 # of rules: 2
c1 rule time: 0.0035

c2 total rules: 2

c0 computing feature 15
c1 computing class: 0
c1 discrimination constraints: 8h
c1 coverage constraints: 44v+881h
c1 formula: 86v, 952c (910h+42s)
c1 enumerating rules (maxsat-based)
c1 # of rules: 0
c1 rule time: 0.0039

c1 computing class: 1
c1 discrimination constraints: 44h
c1 coverage constraints: 8v+161h
c1 formula: 50v, 268c (226h+42s)
c1 enumerating rules (maxsat-based)
c1 # of rules: 0
c1 rule time: 0.0019

c2 total rules: 0

c0 computing feature 16
c1 computing class: 0
c1 discrimination constraints: 20h
c1 coverage constraints: 32v+641h
c1 formula: 74v, 724c (682h+42s)
c1 enumerating rules (maxsat-based)
c1 rule: 'legs: (6.0..+inf)' => 'catsize: 0'
c1 rule: 'backbone: 0' => 'catsize: 0'
c1 rule: 'hair: 0', not 'legs: (-inf..2.0]' => 'catsize: 0'
c1 rule: 'eggs: 0', 'milk: 0' => 'catsize: 0'
c1 rule: not 'breathes: 0', not 'venomous: 0' => 'catsize: 0'
c1 rule: 'feathers: 0', 'milk: 0', not 'breathes: 0' => 'catsize: 0'
c1 # of rules: 6
c1 rule time: 0.0026

c1 computing class: 1
c1 discrimination constraints: 32h
c1 coverage constraints: 20v+401h
c1 formula: 62v, 496c (454h+42s)
c1 enumerating rules (maxsat-based)
c1 # of rules: 0
c1 rule time: 0.0026

c2 total rules: 6
c3 total time: 0.4221

Rules are saved to ../rules/size/q5_zoo_train3.csv_size5.json