c0 # of samps: 130 (126 weighted)
c0 # of feats: 9 (49 binary)
c0 # of labls: 2
c0 parse time: 0.2932


c0 computing feature 1
c1 computing class: (-inf..1.52]
c1 discrimination constraints: 25h
c1 coverage constraints: 101v+4950h
c1 formula: 201v, 5125c (5025h+100s)
c1 enumerating rules (maxsat-based)
c1 rule: 'Silicon: (72.35..72.66]' => 'Refractive Index: (-inf..1.52]'
c1 rule: 'Sodium: (12.69..12.93]' => 'Refractive Index: (-inf..1.52]'
c1 rule: 'Barium: (0.1..0.14]' => 'Refractive Index: (-inf..1.52]'
c1 rule: 'Calcium: (-inf..8.1]' => 'Refractive Index: (-inf..1.52]'
c1 rule: 'Magnesium: (3.4..3.53]' => 'Refractive Index: (-inf..1.52]'
c1 rule: 'Calcium: (8.1..8.39]' => 'Refractive Index: (-inf..1.52]'
c1 rule: 'Barium: (0.07..0.1]' => 'Refractive Index: (-inf..1.52]'
c1 rule: 'Magnesium: (3.53..3.66]', 'Calcium: (8.39..8.64]' => 'Refractive Index: (-inf..1.52]'
c1 rule: 'Magnesium: (2.89..3.4]', 'Calcium: (8.39..8.64]' => 'Refractive Index: (-inf..1.52]'
c1 rule: 'Magnesium: (3.66..3.8]', 'Calcium: (8.64..8.99]' => 'Refractive Index: (-inf..1.52]'
c1 rule: 'Magnesium: (2.89..3.4]', 'Calcium: (8.64..8.99]' => 'Refractive Index: (-inf..1.52]'
c1 rule: 'Iron: (0.19..0.25]', not 'Silicon: (-inf..71.95]' => 'Refractive Index: (-inf..1.52]'
c1 rule: 'Potassium: (0.66..+inf)', not 'Silicon: (71.95..72.35]' => 'Refractive Index: (-inf..1.52]'
c1 rule: 'Silicon: (71.95..72.35]', 'Potassium: (-inf..0.11]' => 'Refractive Index: (-inf..1.52]'
c1 rule: 'Sodium: (-inf..12.69]', not 'Magnesium: (-inf..2.89]' => 'Refractive Index: (-inf..1.52]'
c1 rule: 'Potassium: (0.57..0.66]', not 'Magnesium: (-inf..2.89]' => 'Refractive Index: (-inf..1.52]'
c1 rule: 'Iron: (0.25..0.3]', not 'Aluminum: (1.63..+inf)' => 'Refractive Index: (-inf..1.52]'
c1 rule: 'Silicon: (72.66..72.89]', 'Calcium: (8.99..9.75]' => 'Refractive Index: (-inf..1.52]'
c1 rule: 'Sodium: (12.93..13.22]', 'Calcium: (8.99..9.75]' => 'Refractive Index: (-inf..1.52]'
c1 rule: 'Sodium: (13.47..13.8]', 'Silicon: (73.12..+inf)' => 'Refractive Index: (-inf..1.52]'
c1 # of rules: 20
c1 rule time: 0.0205

c1 computing class: (1.52..+inf)
c1 discrimination constraints: 101h
c1 coverage constraints: 25v+1226h
c1 formula: 125v, 1477c (1377h+100s)
c1 enumerating rules (maxsat-based)
c1 rule: 'Barium: (0.55..+inf)' => 'Refractive Index: (1.52..+inf)'
c1 rule: 'Barium: (0.19..0.55]' => 'Refractive Index: (1.52..+inf)'
c1 rule: 'Calcium: (9.75..+inf)', not 'Silicon: (73.12..+inf)' => 'Refractive Index: (1.52..+inf)'
c1 rule: 'Calcium: (8.99..9.75]', 'Iron: (0.3..+inf)' => 'Refractive Index: (1.52..+inf)'
c1 rule: 'Potassium: (-inf..0.11]', 'Calcium: (8.64..8.99]' => 'Refractive Index: (1.52..+inf)'
c1 rule: 'Silicon: (-inf..71.95]', 'Potassium: (-inf..0.11]' => 'Refractive Index: (1.52..+inf)'
c1 rule: 'Aluminum: (0.82..1.13]', 'Silicon: (-inf..71.95]' => 'Refractive Index: (1.52..+inf)'
c1 rule: 'Magnesium: (3.8..+inf)', 'Silicon: (-inf..71.95]' => 'Refractive Index: (1.52..+inf)'
c1 rule: 'Magnesium: (3.66..3.8]', 'Potassium: (0.48..0.57]' => 'Refractive Index: (1.52..+inf)'
c1 rule: 'Sodium: (-inf..12.69]', 'Potassium: (-inf..0.11]' => 'Refractive Index: (1.52..+inf)'
c1 # of rules: 10
c1 rule time: 0.0100

c2 total rules: 30

c0 computing feature 2
c1 computing class: (-inf..12.69]
c1 discrimination constraints: 110h
c1 coverage constraints: 16v+705h
c1 formula: 114v, 962c (864h+98s)
c1 enumerating rules (maxsat-based)
c1 rule: 'Barium: (0.55..+inf)' => 'Sodium: (-inf..12.69]'
c1 rule: 'Potassium: (0.66..+inf)', 'Calcium: (8.39..8.64]' => 'Sodium: (-inf..12.69]'
c1 rule: 'Silicon: (-inf..71.95]', 'Iron: (0.19..0.25]' => 'Sodium: (-inf..12.69]'
c1 rule: 'Potassium: (0.23..0.48]', 'Iron: (0.19..0.25]' => 'Sodium: (-inf..12.69]'
c1 rule: 'Silicon: (72.89..73.12]', 'Iron: (0.09..0.14]' => 'Sodium: (-inf..12.69]'
c1 rule: 'Silicon: (72.89..73.12]', not 'Refractive Index: (-inf..1.52]' => 'Sodium: (-inf..12.69]'
c1 rule: 'Calcium: (8.99..9.75]', 'Iron: (0.19..0.25]' => 'Sodium: (-inf..12.69]'
c1 rule: 'Aluminum: (1.63..+inf)', 'Silicon: (73.12..+inf)' => 'Sodium: (-inf..12.69]'
c1 rule: 'Silicon: (73.12..+inf)', not 'Refractive Index: (-inf..1.52]' => 'Sodium: (-inf..12.69]'
c1 rule: 'Potassium: (0.66..+inf)', not 'Refractive Index: (-inf..1.52]' => 'Sodium: (-inf..12.69]'
c1 rule: 'Potassium: (0.66..+inf)', 'Calcium: (8.99..9.75]' => 'Sodium: (-inf..12.69]'
c1 rule: 'Aluminum: (1.28..1.44]', 'Silicon: (73.12..+inf)', 'Calcium: (8.39..8.64]' => 'Sodium: (-inf..12.69]'
c1 rule: 'Magnesium: (3.4..3.53]', 'Aluminum: (1.28..1.44]', 'Silicon: (72.66..72.89]' => 'Sodium: (-inf..12.69]'
c1 rule: 'Aluminum: (1.13..1.28]', 'Iron: (0.19..0.25]', not 'Silicon: (72.89..73.12]' => 'Sodium: (-inf..12.69]'
c1 rule: 'Silicon: (72.89..73.12]', 'Calcium: (8.64..8.99]', not 'Potassium: (0.57..0.66]' => 'Sodium: (-inf..12.69]'
c1 rule: 'Magnesium: (3.66..3.8]', 'Silicon: (72.89..73.12]', 'Calcium: (8.64..8.99]' => 'Sodium: (-inf..12.69]'
c1 # of rules: 16
c1 rule time: 0.0132

c1 computing class: (12.69..12.93]
c1 discrimination constraints: 102h
c1 coverage constraints: 24v+1057h
c1 formula: 122v, 1306c (1208h+98s)
c1 enumerating rules (maxsat-based)
c1 rule: 'Calcium: (8.39..8.64]', 'Iron: (0.09..0.14]' => 'Sodium: (12.69..12.93]'
c1 rule: 'Magnesium: (-inf..2.89]', 'Calcium: (8.64..8.99]' => 'Sodium: (12.69..12.93]'
c1 rule: 'Aluminum: (1.44..1.63]', 'Iron: (0.19..0.25]' => 'Sodium: (12.69..12.93]'
c1 rule: 'Aluminum: (1.44..1.63]', 'Calcium: (8.39..8.64]' => 'Sodium: (12.69..12.93]'
c1 rule: 'Calcium: (8.39..8.64]', 'Iron: (0.19..0.25]' => 'Sodium: (12.69..12.93]'
c1 rule: 'Magnesium: (3.66..3.8]', 'Iron: (0.19..0.25]' => 'Sodium: (12.69..12.93]'
c1 rule: 'Calcium: (8.1..8.39]', 'Iron: (0.19..0.25]' => 'Sodium: (12.69..12.93]'
c1 rule: 'Magnesium: (3.4..3.53]', 'Iron: (0.19..0.25]' => 'Sodium: (12.69..12.93]'
c1 rule: 'Calcium: (8.64..8.99]', 'Iron: (0.3..+inf)' => 'Sodium: (12.69..12.93]'
c1 rule: 'Silicon: (73.12..+inf)', 'Potassium: (0.66..+inf)', not 'Aluminum: (1.63..+inf)' => 'Sodium: (12.69..12.93]'
c1 rule: 'Aluminum: (1.44..1.63]', 'Silicon: (73.12..+inf)', 'Iron: (-inf..0.09]' => 'Sodium: (12.69..12.93]'
c1 rule: 'Magnesium: (3.4..3.53]', 'Silicon: (72.89..73.12]', 'Calcium: (8.64..8.99]' => 'Sodium: (12.69..12.93]'
c1 rule: 'Magnesium: (3.4..3.53]', 'Silicon: (72.89..73.12]', 'Iron: (-inf..0.09]' => 'Sodium: (12.69..12.93]'
c1 rule: 'Silicon: (72.89..73.12]', 'Potassium: (0.57..0.66]', 'Calcium: (8.39..8.64]' => 'Sodium: (12.69..12.93]'
c1 rule: 'Aluminum: (1.44..1.63]', 'Silicon: (72.89..73.12]', 'Potassium: (0.57..0.66]' => 'Sodium: (12.69..12.93]'
c1 rule: 'Magnesium: (3.4..3.53]', 'Aluminum: (1.13..1.28]', 'Silicon: (73.12..+inf)' => 'Sodium: (12.69..12.93]'
c1 rule: 'Aluminum: (1.13..1.28]', 'Silicon: (73.12..+inf)', 'Iron: (-inf..0.09]' => 'Sodium: (12.69..12.93]'
c1 rule: 'Silicon: (72.66..72.89]', 'Calcium: (8.64..8.99]', not 'Aluminum: (1.13..1.28]' => 'Sodium: (12.69..12.93]'
c1 rule: 'Aluminum: (1.13..1.28]', 'Iron: (0.14..0.19]', not 'Calcium: (8.64..8.99]' => 'Sodium: (12.69..12.93]'
c1 rule: 'Magnesium: (3.4..3.53]', 'Aluminum: (1.63..+inf)', not 'Potassium: (0.57..0.66]' => 'Sodium: (12.69..12.93]'
c1 rule: 'Magnesium: (3.53..3.66]', 'Aluminum: (1.28..1.44]', 'Silicon: (72.35..72.66]' => 'Sodium: (12.69..12.93]'
c1 # of rules: 21
c1 rule time: 0.0216

c1 computing class: (12.93..13.22]
c1 discrimination constraints: 99h
c1 coverage constraints: 27v+1189h
c1 formula: 125v, 1435c (1337h+98s)
c1 enumerating rules (maxsat-based)
c1 rule: 'Silicon: (72.89..73.12]', 'Barium: (0.1..0.14]' => 'Sodium: (12.93..13.22]'
c1 rule: 'Magnesium: (3.4..3.53]', 'Potassium: (-inf..0.11]' => 'Sodium: (12.93..13.22]'
c1 rule: 'Aluminum: (0.82..1.13]', 'Potassium: (0.48..0.57]' => 'Sodium: (12.93..13.22]'
c1 rule: 'Aluminum: (0.82..1.13]', 'Calcium: (8.1..8.39]' => 'Sodium: (12.93..13.22]'
c1 rule: 'Aluminum: (0.82..1.13]', 'Iron: (0.14..0.19]' => 'Sodium: (12.93..13.22]'
c1 rule: 'Calcium: (8.39..8.64]', not 'Refractive Index: (-inf..1.52]' => 'Sodium: (12.93..13.22]'
c1 rule: 'Potassium: (0.57..0.66]', 'Iron: (0.14..0.19]' => 'Sodium: (12.93..13.22]'
c1 rule: 'Calcium: (8.64..8.99]', 'Iron: (0.14..0.19]' => 'Sodium: (12.93..13.22]'
c1 rule: 'Magnesium: (-inf..2.89]', 'Aluminum: (1.13..1.28]' => 'Sodium: (12.93..13.22]'
c1 rule: 'Silicon: (72.35..72.66]', 'Calcium: (8.99..9.75]' => 'Sodium: (12.93..13.22]'
c1 rule: 'Aluminum: (1.63..+inf)', 'Calcium: (8.1..8.39]' => 'Sodium: (12.93..13.22]'
c1 rule: 'Magnesium: (3.8..+inf)', 'Calcium: (8.39..8.64]' => 'Sodium: (12.93..13.22]'
c1 rule: 'Magnesium: (3.53..3.66]', 'Aluminum: (1.63..+inf)' => 'Sodium: (12.93..13.22]'
c1 rule: 'Magnesium: (2.89..3.4]', 'Aluminum: (1.28..1.44]' => 'Sodium: (12.93..13.22]'
c1 rule: 'Magnesium: (2.89..3.4]', 'Calcium: (8.39..8.64]' => 'Sodium: (12.93..13.22]'
c1 rule: 'Silicon: (72.89..73.12]', 'Calcium: (8.99..9.75]' => 'Sodium: (12.93..13.22]'
c1 rule: 'Silicon: (72.66..72.89]', 'Potassium: (0.57..0.66]', 'Calcium: (8.39..8.64]' => 'Sodium: (12.93..13.22]'
c1 rule: 'Magnesium: (3.4..3.53]', 'Silicon: (72.66..72.89]', 'Potassium: (0.57..0.66]' => 'Sodium: (12.93..13.22]'
c1 rule: 'Magnesium: (3.4..3.53]', 'Silicon: (72.35..72.66]', not 'Calcium: (-inf..8.1]' => 'Sodium: (12.93..13.22]'
c1 rule: 'Magnesium: (3.4..3.53]', 'Aluminum: (1.44..1.63]', 'Silicon: (72.66..72.89]' => 'Sodium: (12.93..13.22]'
c1 rule: 'Magnesium: (3.53..3.66]', 'Aluminum: (1.13..1.28]', 'Calcium: (8.39..8.64]' => 'Sodium: (12.93..13.22]'
c1 rule: 'Silicon: (72.89..73.12]', 'Potassium: (0.66..+inf)', not 'Aluminum: (1.28..1.44]' => 'Sodium: (12.93..13.22]'
c1 rule: 'Magnesium: (2.89..3.4]', 'Aluminum: (1.13..1.28]', 'Silicon: (72.89..73.12]' => 'Sodium: (12.93..13.22]'
c1 # of rules: 23
c1 rule time: 0.0227

c1 computing class: (13.22..13.47]
c1 discrimination constraints: 103h
c1 coverage constraints: 23v+1013h
c1 formula: 121v, 1263c (1165h+98s)
c1 enumerating rules (maxsat-based)
c1 rule: 'Silicon: (72.35..72.66]', 'Potassium: (0.66..+inf)' => 'Sodium: (13.22..13.47]'
c1 rule: 'Potassium: (0.48..0.57]', 'Calcium: (-inf..8.1]' => 'Sodium: (13.22..13.47]'
c1 rule: 'Aluminum: (1.13..1.28]', 'Potassium: (0.66..+inf)' => 'Sodium: (13.22..13.47]'
c1 rule: 'Silicon: (72.35..72.66]', 'Potassium: (0.48..0.57]' => 'Sodium: (13.22..13.47]'
c1 rule: 'Potassium: (0.48..0.57]', 'Iron: (0.09..0.14]' => 'Sodium: (13.22..13.47]'
c1 rule: 'Aluminum: (1.44..1.63]', 'Iron: (0.25..0.3]' => 'Sodium: (13.22..13.47]'
c1 rule: 'Magnesium: (2.89..3.4]', 'Potassium: (0.23..0.48]' => 'Sodium: (13.22..13.47]'
c1 rule: 'Magnesium: (3.8..+inf)', 'Silicon: (72.66..72.89]' => 'Sodium: (13.22..13.47]'
c1 rule: 'Magnesium: (3.66..3.8]', 'Aluminum: (1.28..1.44]' => 'Sodium: (13.22..13.47]'
c1 rule: 'Magnesium: (2.89..3.4]', 'Calcium: (8.1..8.39]', not 'Silicon: (73.12..+inf)' => 'Sodium: (13.22..13.47]'
c1 rule: 'Silicon: (72.35..72.66]', 'Calcium: (8.1..8.39]', not 'Aluminum: (1.63..+inf)' => 'Sodium: (13.22..13.47]'
c1 rule: 'Aluminum: (1.13..1.28]', 'Silicon: (72.89..73.12]', 'Calcium: (8.1..8.39]' => 'Sodium: (13.22..13.47]'
c1 rule: 'Silicon: (71.95..72.35]', 'Calcium: (8.64..8.99]', not 'Potassium: (0.57..0.66]' => 'Sodium: (13.22..13.47]'
c1 rule: 'Silicon: (72.35..72.66]', 'Calcium: (-inf..8.1]', not 'Magnesium: (3.4..3.53]' => 'Sodium: (13.22..13.47]'
c1 rule: 'Magnesium: (3.53..3.66]', not 'Refractive Index: (-inf..1.52]', not 'Iron: (0.14..0.19]' => 'Sodium: (13.22..13.47]'
c1 rule: 'Aluminum: (1.28..1.44]', 'Potassium: (0.57..0.66]', 'Calcium: (-inf..8.1]' => 'Sodium: (13.22..13.47]'
c1 rule: 'Magnesium: (3.4..3.53]', 'Silicon: (72.66..72.89]', 'Potassium: (0.48..0.57]', not 'Aluminum: (1.28..1.44]' => 'Sodium: (13.22..13.47]'
c1 # of rules: 17
c1 rule time: 0.0188

c1 computing class: (13.47..13.8]
c1 discrimination constraints: 105h
c1 coverage constraints: 21v+925h
c1 formula: 119v, 1177c (1079h+98s)
c1 enumerating rules (maxsat-based)
c1 rule: 'Barium: (0.14..0.19]' => 'Sodium: (13.47..13.8]'
c1 rule: 'Barium: (0.19..0.55]' => 'Sodium: (13.47..13.8]'
c1 rule: 'Potassium: (0.48..0.57]', 'Iron: (0.3..+inf)' => 'Sodium: (13.47..13.8]'
c1 rule: 'Potassium: (0.48..0.57]', 'Calcium: (9.75..+inf)' => 'Sodium: (13.47..13.8]'
c1 rule: 'Calcium: (9.75..+inf)', 'Iron: (0.09..0.14]' => 'Sodium: (13.47..13.8]'
c1 rule: 'Iron: (0.09..0.14]', not 'Refractive Index: (-inf..1.52]' => 'Sodium: (13.47..13.8]'
c1 rule: 'Refractive Index: (-inf..1.52]', 'Calcium: (9.75..+inf)' => 'Sodium: (13.47..13.8]'
c1 rule: 'Aluminum: (1.28..1.44]', not 'Refractive Index: (-inf..1.52]' => 'Sodium: (13.47..13.8]'
c1 rule: 'Silicon: (72.35..72.66]', 'Potassium: (0.11..0.23]' => 'Sodium: (13.47..13.8]'
c1 rule: 'Aluminum: (1.13..1.28]', 'Silicon: (71.95..72.35]' => 'Sodium: (13.47..13.8]'
c1 rule: 'Magnesium: (3.4..3.53]', 'Silicon: (71.95..72.35]' => 'Sodium: (13.47..13.8]'
c1 rule: 'Magnesium: (3.4..3.53]', 'Calcium: (8.99..9.75]' => 'Sodium: (13.47..13.8]'
c1 rule: 'Magnesium: (3.66..3.8]', 'Calcium: (9.75..+inf)' => 'Sodium: (13.47..13.8]'
c1 rule: 'Potassium: (-inf..0.11]', 'Calcium: (8.64..8.99]' => 'Sodium: (13.47..13.8]'
c1 rule: 'Magnesium: (2.89..3.4]', 'Aluminum: (-inf..0.82]' => 'Sodium: (13.47..13.8]'
c1 rule: 'Magnesium: (3.53..3.66]', 'Potassium: (-inf..0.11]' => 'Sodium: (13.47..13.8]'
c1 rule: 'Potassium: (0.23..0.48]', 'Calcium: (-inf..8.1]', not 'Silicon: (72.66..72.89]' => 'Sodium: (13.47..13.8]'
c1 rule: 'Silicon: (71.95..72.35]', 'Potassium: (0.57..0.66]', not 'Aluminum: (0.82..1.13]' => 'Sodium: (13.47..13.8]'
c1 rule: 'Aluminum: (-inf..0.82]', not 'Silicon: (71.95..72.35]', not 'Potassium: (-inf..0.11]' => 'Sodium: (13.47..13.8]'
c1 rule: 'Aluminum: (1.13..1.28]', 'Potassium: (0.57..0.66]', 'Calcium: (-inf..8.1]' => 'Sodium: (13.47..13.8]'
c1 rule: 'Silicon: (72.35..72.66]', 'Calcium: (-inf..8.1]', not 'Aluminum: (1.44..1.63]' => 'Sodium: (13.47..13.8]'
c1 # of rules: 21
c1 rule time: 0.0134

c1 computing class: (13.8..+inf)
c1 discrimination constraints: 111h
c1 coverage constraints: 15v+661h
c1 formula: 113v, 919c (821h+98s)
c1 enumerating rules (maxsat-based)
c1 rule: 'Aluminum: (1.63..+inf)', 'Iron: (0.09..0.14]' => 'Sodium: (13.8..+inf)'
c1 rule: 'Potassium: (0.23..0.48]', 'Iron: (0.09..0.14]' => 'Sodium: (13.8..+inf)'
c1 rule: 'Silicon: (72.66..72.89]', 'Potassium: (0.23..0.48]' => 'Sodium: (13.8..+inf)'
c1 rule: 'Silicon: (72.66..72.89]', 'Calcium: (9.75..+inf)' => 'Sodium: (13.8..+inf)'
c1 rule: 'Aluminum: (1.44..1.63]', 'Calcium: (9.75..+inf)' => 'Sodium: (13.8..+inf)'
c1 rule: 'Silicon: (71.95..72.35]', 'Potassium: (-inf..0.11]' => 'Sodium: (13.8..+inf)'
c1 rule: 'Silicon: (-inf..71.95]', 'Barium: (0.1..0.14]' => 'Sodium: (13.8..+inf)'
c1 rule: 'Magnesium: (3.66..3.8]', 'Potassium: (0.11..0.23]' => 'Sodium: (13.8..+inf)'
c1 rule: 'Magnesium: (3.66..3.8]', 'Calcium: (8.99..9.75]' => 'Sodium: (13.8..+inf)'
c1 rule: 'Aluminum: (1.13..1.28]', 'Silicon: (-inf..71.95]' => 'Sodium: (13.8..+inf)'
c1 rule: 'Magnesium: (2.89..3.4]', 'Calcium: (-inf..8.1]' => 'Sodium: (13.8..+inf)'
c1 rule: 'Potassium: (-inf..0.11]', 'Calcium: (8.99..9.75]' => 'Sodium: (13.8..+inf)'
c1 rule: 'Silicon: (71.95..72.35]', 'Calcium: (8.1..8.39]', not 'Magnesium: (3.8..+inf)' => 'Sodium: (13.8..+inf)'
c1 rule: 'Aluminum: (0.82..1.13]', 'Calcium: (8.99..9.75]', 'Iron: (-inf..0.09]' => 'Sodium: (13.8..+inf)'
c1 # of rules: 14
c1 rule time: 0.0124

c2 total rules: 112

c0 computing feature 3
c1 computing class: (-inf..2.89]
c1 discrimination constraints: 107h
c1 coverage constraints: 19v+837h
c1 formula: 117v, 1091c (993h+98s)
c1 enumerating rules (maxsat-based)
c1 rule: 'Barium: (0.19..0.55]' => 'Magnesium: (-inf..2.89]'
c1 rule: 'Barium: (0.55..+inf)' => 'Magnesium: (-inf..2.89]'
c1 rule: 'Sodium: (12.69..12.93]', 'Barium: (0.1..0.14]' => 'Magnesium: (-inf..2.89]'
c1 rule: 'Potassium: (0.48..0.57]', 'Iron: (0.19..0.25]' => 'Magnesium: (-inf..2.89]'
c1 rule: 'Sodium: (-inf..12.69]', 'Potassium: (0.11..0.23]' => 'Magnesium: (-inf..2.89]'
c1 rule: 'Sodium: (-inf..12.69]', 'Silicon: (71.95..72.35]' => 'Magnesium: (-inf..2.89]'
c1 rule: 'Sodium: (-inf..12.69]', not 'Refractive Index: (-inf..1.52]' => 'Magnesium: (-inf..2.89]'
c1 rule: 'Refractive Index: (-inf..1.52]', 'Calcium: (9.75..+inf)' => 'Magnesium: (-inf..2.89]'
c1 rule: 'Potassium: (0.48..0.57]', 'Calcium: (9.75..+inf)' => 'Magnesium: (-inf..2.89]'
c1 rule: 'Aluminum: (0.82..1.13]', 'Potassium: (0.23..0.48]' => 'Magnesium: (-inf..2.89]'
c1 rule: 'Silicon: (-inf..71.95]', 'Potassium: (0.23..0.48]' => 'Magnesium: (-inf..2.89]'
c1 rule: 'Silicon: (71.95..72.35]', 'Potassium: (0.23..0.48]' => 'Magnesium: (-inf..2.89]'
c1 rule: 'Potassium: (0.66..+inf)', 'Calcium: (8.99..9.75]' => 'Magnesium: (-inf..2.89]'
c1 rule: 'Aluminum: (1.28..1.44]', 'Potassium: (0.11..0.23]' => 'Magnesium: (-inf..2.89]'
c1 rule: 'Silicon: (72.89..73.12]', 'Calcium: (8.99..9.75]' => 'Magnesium: (-inf..2.89]'
c1 rule: 'Sodium: (-inf..12.69]', 'Potassium: (0.66..+inf)' => 'Magnesium: (-inf..2.89]'
c1 rule: 'Silicon: (72.66..72.89]', 'Calcium: (8.99..9.75]' => 'Magnesium: (-inf..2.89]'
c1 rule: 'Silicon: (72.66..72.89]', 'Calcium: (9.75..+inf)' => 'Magnesium: (-inf..2.89]'
c1 # of rules: 18
c1 rule time: 0.0084

c1 computing class: (2.89..3.4]
c1 discrimination constraints: 110h
c1 coverage constraints: 16v+705h
c1 formula: 114v, 962c (864h+98s)
c1 enumerating rules (maxsat-based)
c1 rule: 'Sodium: (12.93..13.22]', 'Calcium: (8.64..8.99]' => 'Magnesium: (2.89..3.4]'
c1 rule: 'Sodium: (13.22..13.47]', 'Calcium: (8.64..8.99]' => 'Magnesium: (2.89..3.4]'
c1 rule: 'Aluminum: (1.13..1.28]', 'Calcium: (9.75..+inf)' => 'Magnesium: (2.89..3.4]'
c1 rule: 'Silicon: (72.35..72.66]', 'Calcium: (8.99..9.75]' => 'Magnesium: (2.89..3.4]'
c1 rule: 'Sodium: (13.22..13.47]', 'Potassium: (0.23..0.48]' => 'Magnesium: (2.89..3.4]'
c1 rule: 'Sodium: (13.8..+inf)', 'Potassium: (0.66..+inf)' => 'Magnesium: (2.89..3.4]'
c1 rule: 'Aluminum: (1.13..1.28]', 'Silicon: (73.12..+inf)', not 'Sodium: (12.69..12.93]' => 'Magnesium: (2.89..3.4]'
c1 rule: 'Sodium: (12.93..13.22]', 'Silicon: (72.89..73.12]', 'Calcium: (8.39..8.64]' => 'Magnesium: (2.89..3.4]'
c1 rule: 'Sodium: (12.93..13.22]', 'Aluminum: (1.28..1.44]', 'Silicon: (72.66..72.89]' => 'Magnesium: (2.89..3.4]'
c1 rule: 'Aluminum: (1.13..1.28]', 'Silicon: (71.95..72.35]', not 'Iron: (0.3..+inf)' => 'Magnesium: (2.89..3.4]'
c1 rule: 'Silicon: (-inf..71.95]', 'Calcium: (9.75..+inf)', 'Iron: (-inf..0.09]' => 'Magnesium: (2.89..3.4]'
c1 rule: 'Silicon: (73.12..+inf)', 'Potassium: (0.66..+inf)', 'Calcium: (8.1..8.39]' => 'Magnesium: (2.89..3.4]'
c1 rule: 'Aluminum: (1.13..1.28]', 'Silicon: (72.66..72.89]', 'Potassium: (0.57..0.66]', not 'Sodium: (12.93..13.22]' => 'Magnesium: (2.89..3.4]'
c1 # of rules: 13
c1 rule time: 0.0138

c1 computing class: (3.4..3.53]
c1 discrimination constraints: 96h
c1 coverage constraints: 30v+1321h
c1 formula: 128v, 1564c (1466h+98s)
c1 enumerating rules (maxsat-based)
c1 rule: 'Aluminum: (1.28..1.44]', 'Potassium: (0.66..+inf)' => 'Magnesium: (3.4..3.53]'
c1 rule: 'Sodium: (-inf..12.69]', 'Calcium: (-inf..8.1]' => 'Magnesium: (3.4..3.53]'
c1 rule: 'Silicon: (72.89..73.12]', 'Iron: (0.3..+inf)' => 'Magnesium: (3.4..3.53]'
c1 rule: 'Sodium: (13.22..13.47]', 'Silicon: (73.12..+inf)' => 'Magnesium: (3.4..3.53]'
c1 rule: 'Silicon: (73.12..+inf)', 'Calcium: (-inf..8.1]' => 'Magnesium: (3.4..3.53]'
c1 rule: 'Potassium: (0.23..0.48]', 'Iron: (0.09..0.14]' => 'Magnesium: (3.4..3.53]'
c1 rule: 'Silicon: (-inf..71.95]', 'Potassium: (0.48..0.57]' => 'Magnesium: (3.4..3.53]'
c1 rule: 'Aluminum: (1.13..1.28]', not 'Barium: (-inf..0.07]' => 'Magnesium: (3.4..3.53]'
c1 rule: 'Silicon: (72.35..72.66]', 'Iron: (0.14..0.19]' => 'Magnesium: (3.4..3.53]'
c1 rule: 'Aluminum: (1.63..+inf)', 'Silicon: (72.35..72.66]' => 'Magnesium: (3.4..3.53]'
c1 rule: 'Sodium: (12.69..12.93]', 'Potassium: (0.23..0.48]' => 'Magnesium: (3.4..3.53]'
c1 rule: 'Aluminum: (1.44..1.63]', 'Potassium: (-inf..0.11]' => 'Magnesium: (3.4..3.53]'
c1 rule: 'Aluminum: (0.82..1.13]', 'Silicon: (72.89..73.12]' => 'Magnesium: (3.4..3.53]'
c1 rule: 'Aluminum: (1.63..+inf)', 'Calcium: (8.1..8.39]' => 'Magnesium: (3.4..3.53]'
c1 rule: 'Sodium: (12.69..12.93]', 'Aluminum: (1.63..+inf)' => 'Magnesium: (3.4..3.53]'
c1 rule: 'Potassium: (0.66..+inf)', 'Iron: (0.09..0.14]' => 'Magnesium: (3.4..3.53]'
c1 rule: 'Sodium: (12.93..13.22]', 'Potassium: (0.66..+inf)', not 'Silicon: (72.89..73.12]' => 'Magnesium: (3.4..3.53]'
c1 rule: 'Sodium: (12.93..13.22]', 'Aluminum: (1.44..1.63]', not 'Calcium: (-inf..8.1]' => 'Magnesium: (3.4..3.53]'
c1 rule: 'Sodium: (12.93..13.22]', 'Aluminum: (1.28..1.44]', 'Silicon: (72.35..72.66]' => 'Magnesium: (3.4..3.53]'
c1 rule: 'Aluminum: (1.44..1.63]', 'Calcium: (8.64..8.99]', not 'Potassium: (0.48..0.57]' => 'Magnesium: (3.4..3.53]'
c1 rule: 'Sodium: (-inf..12.69]', 'Potassium: (0.57..0.66]', 'Calcium: (8.39..8.64]' => 'Magnesium: (3.4..3.53]'
c1 rule: 'Sodium: (-inf..12.69]', 'Calcium: (8.39..8.64]', not 'Potassium: (0.66..+inf)' => 'Magnesium: (3.4..3.53]'
c1 rule: 'Silicon: (73.12..+inf)', 'Calcium: (8.39..8.64]', not 'Aluminum: (1.63..+inf)' => 'Magnesium: (3.4..3.53]'
c1 rule: 'Aluminum: (1.13..1.28]', 'Calcium: (8.39..8.64]', not 'Sodium: (12.93..13.22]' => 'Magnesium: (3.4..3.53]'
c1 rule: 'Sodium: (12.69..12.93]', 'Silicon: (72.89..73.12]', 'Potassium: (0.48..0.57]' => 'Magnesium: (3.4..3.53]'
c1 rule: 'Aluminum: (1.13..1.28]', 'Calcium: (8.39..8.64]', not 'Silicon: (72.35..72.66]', not 'Potassium: (0.48..0.57]' => 'Magnesium: (3.4..3.53]'
c1 # of rules: 26
c1 rule time: 0.0196

c1 computing class: (3.53..3.66]
c1 discrimination constraints: 91h
c1 coverage constraints: 35v+1541h
c1 formula: 133v, 1779c (1681h+98s)
c1 enumerating rules (maxsat-based)
c1 rule: 'Barium: (0.14..0.19]' => 'Magnesium: (3.53..3.66]'
c1 rule: 'Aluminum: (0.82..1.13]', 'Potassium: (0.48..0.57]' => 'Magnesium: (3.53..3.66]'
c1 rule: 'Potassium: (0.48..0.57]', 'Calcium: (-inf..8.1]' => 'Magnesium: (3.53..3.66]'
c1 rule: 'Sodium: (13.8..+inf)', 'Calcium: (8.1..8.39]' => 'Magnesium: (3.53..3.66]'
c1 rule: 'Potassium: (-inf..0.11]', 'Calcium: (8.39..8.64]' => 'Magnesium: (3.53..3.66]'
c1 rule: 'Silicon: (72.89..73.12]', 'Iron: (0.09..0.14]' => 'Magnesium: (3.53..3.66]'
c1 rule: 'Sodium: (12.69..12.93]', 'Iron: (0.09..0.14]' => 'Magnesium: (3.53..3.66]'
c1 rule: 'Aluminum: (1.13..1.28]', 'Potassium: (0.66..+inf)' => 'Magnesium: (3.53..3.66]'
c1 rule: 'Aluminum: (1.44..1.63]', 'Iron: (0.19..0.25]' => 'Magnesium: (3.53..3.66]'
c1 rule: 'Aluminum: (1.44..1.63]', 'Calcium: (8.39..8.64]' => 'Magnesium: (3.53..3.66]'
c1 rule: 'Sodium: (13.22..13.47]', 'Aluminum: (-inf..0.82]' => 'Magnesium: (3.53..3.66]'
c1 rule: 'Silicon: (72.35..72.66]', 'Iron: (0.25..0.3]' => 'Magnesium: (3.53..3.66]'
c1 rule: 'Sodium: (12.69..12.93]', 'Iron: (0.14..0.19]' => 'Magnesium: (3.53..3.66]'
c1 rule: 'Potassium: (0.11..0.23]', 'Calcium: (8.64..8.99]' => 'Magnesium: (3.53..3.66]'
c1 rule: 'Potassium: (0.11..0.23]', not 'Silicon: (-inf..71.95]' => 'Magnesium: (3.53..3.66]'
c1 rule: 'Aluminum: (0.82..1.13]', 'Iron: (0.14..0.19]' => 'Magnesium: (3.53..3.66]'
c1 rule: 'Aluminum: (1.28..1.44]', 'Silicon: (72.66..72.89]', not 'Calcium: (8.39..8.64]' => 'Magnesium: (3.53..3.66]'
c1 rule: 'Sodium: (-inf..12.69]', 'Aluminum: (1.28..1.44]', 'Silicon: (72.89..73.12]' => 'Magnesium: (3.53..3.66]'
c1 rule: 'Aluminum: (1.28..1.44]', 'Calcium: (8.64..8.99]', 'Barium: (-inf..0.07]' => 'Magnesium: (3.53..3.66]'
c1 rule: 'Sodium: (13.47..13.8]', 'Silicon: (72.89..73.12]', not 'Aluminum: (1.13..1.28]' => 'Magnesium: (3.53..3.66]'
c1 rule: 'Aluminum: (1.44..1.63]', 'Silicon: (72.89..73.12]', not 'Potassium: (0.23..0.48]' => 'Magnesium: (3.53..3.66]'
c1 rule: 'Sodium: (13.22..13.47]', 'Silicon: (72.89..73.12]', not 'Aluminum: (1.44..1.63]' => 'Magnesium: (3.53..3.66]'
c1 rule: 'Sodium: (13.22..13.47]', 'Silicon: (72.66..72.89]', not 'Aluminum: (1.13..1.28]' => 'Magnesium: (3.53..3.66]'
c1 rule: 'Sodium: (13.22..13.47]', 'Potassium: (0.66..+inf)', not 'Iron: (0.09..0.14]' => 'Magnesium: (3.53..3.66]'
c1 rule: 'Aluminum: (1.44..1.63]', 'Silicon: (72.35..72.66]', not 'Iron: (0.09..0.14]' => 'Magnesium: (3.53..3.66]'
c1 rule: 'Silicon: (72.66..72.89]', 'Potassium: (0.57..0.66]', 'Calcium: (-inf..8.1]' => 'Magnesium: (3.53..3.66]'
c1 rule: 'Aluminum: (1.63..+inf)', 'Potassium: (0.48..0.57]', not 'Silicon: (71.95..72.35]' => 'Magnesium: (3.53..3.66]'
c1 rule: 'Sodium: (12.69..12.93]', 'Aluminum: (1.13..1.28]', 'Calcium: (8.1..8.39]' => 'Magnesium: (3.53..3.66]'
c1 rule: 'Silicon: (72.66..72.89]', 'Iron: (0.09..0.14]', not 'Sodium: (13.8..+inf)' => 'Magnesium: (3.53..3.66]'
c1 rule: 'Refractive Index: (-inf..1.52]', 'Sodium: (12.93..13.22]', 'Silicon: (72.66..72.89]', 'Calcium: (8.39..8.64]', not 'Potassium: (0.57..0.66]' => 'Magnesium: (3.53..3.66]'
c1 # of rules: 30
c1 rule time: 0.0324

c1 computing class: (3.66..3.8]
c1 discrimination constraints: 114h
c1 coverage constraints: 12v+529h
c1 formula: 110v, 790c (692h+98s)
c1 enumerating rules (maxsat-based)
c1 rule: 'Silicon: (-inf..71.95]', 'Calcium: (-inf..8.1]' => 'Magnesium: (3.66..3.8]'
c1 rule: 'Silicon: (71.95..72.35]', 'Potassium: (-inf..0.11]' => 'Magnesium: (3.66..3.8]'
c1 rule: 'Aluminum: (-inf..0.82]', 'Iron: (0.14..0.19]' => 'Magnesium: (3.66..3.8]'
c1 rule: 'Silicon: (71.95..72.35]', 'Iron: (0.19..0.25]' => 'Magnesium: (3.66..3.8]'
c1 rule: 'Calcium: (8.39..8.64]', not 'Refractive Index: (-inf..1.52]' => 'Magnesium: (3.66..3.8]'
c1 rule: 'Sodium: (12.69..12.93]', 'Iron: (0.3..+inf)' => 'Magnesium: (3.66..3.8]'
c1 rule: 'Silicon: (-inf..71.95]', 'Iron: (0.3..+inf)' => 'Magnesium: (3.66..3.8]'
c1 rule: 'Sodium: (13.47..13.8]', 'Aluminum: (1.13..1.28]', not 'Silicon: (71.95..72.35]' => 'Magnesium: (3.66..3.8]'
c1 rule: 'Silicon: (71.95..72.35]', 'Calcium: (-inf..8.1]', not 'Sodium: (13.8..+inf)' => 'Magnesium: (3.66..3.8]'
c1 rule: 'Sodium: (-inf..12.69]', 'Aluminum: (1.13..1.28]', not 'Silicon: (73.12..+inf)' => 'Magnesium: (3.66..3.8]'
c1 rule: 'Sodium: (13.22..13.47]', 'Calcium: (8.39..8.64]', not 'Potassium: (0.48..0.57]' => 'Magnesium: (3.66..3.8]'
c1 # of rules: 11
c1 rule time: 0.0113

c1 computing class: (3.8..+inf)
c1 discrimination constraints: 112h
c1 coverage constraints: 14v+617h
c1 formula: 112v, 876c (778h+98s)
c1 enumerating rules (maxsat-based)
c1 rule: 'Potassium: (0.48..0.57]', 'Iron: (0.3..+inf)' => 'Magnesium: (3.8..+inf)'
c1 rule: 'Calcium: (8.64..8.99]', not 'Refractive Index: (-inf..1.52]' => 'Magnesium: (3.8..+inf)'
c1 rule: 'Silicon: (71.95..72.35]', 'Calcium: (8.39..8.64]' => 'Magnesium: (3.8..+inf)'
c1 rule: 'Silicon: (71.95..72.35]', 'Iron: (0.09..0.14]' => 'Magnesium: (3.8..+inf)'
c1 rule: 'Aluminum: (0.82..1.13]', 'Iron: (0.09..0.14]' => 'Magnesium: (3.8..+inf)'
c1 rule: 'Silicon: (-inf..71.95]', 'Potassium: (0.11..0.23]', 'Iron: (-inf..0.09]' => 'Magnesium: (3.8..+inf)'
c1 rule: 'Aluminum: (0.82..1.13]', 'Silicon: (-inf..71.95]', 'Iron: (-inf..0.09]' => 'Magnesium: (3.8..+inf)'
c1 rule: 'Silicon: (72.35..72.66]', 'Potassium: (0.48..0.57]', not 'Iron: (-inf..0.09]' => 'Magnesium: (3.8..+inf)'
c1 rule: 'Silicon: (72.35..72.66]', 'Potassium: (0.48..0.57]', not 'Calcium: (8.64..8.99]' => 'Magnesium: (3.8..+inf)'
c1 rule: 'Aluminum: (1.13..1.28]', 'Silicon: (72.35..72.66]', 'Calcium: (8.1..8.39]' => 'Magnesium: (3.8..+inf)'
c1 rule: 'Aluminum: (1.13..1.28]', 'Silicon: (72.35..72.66]', 'Calcium: (8.39..8.64]' => 'Magnesium: (3.8..+inf)'
c1 rule: 'Sodium: (13.22..13.47]', 'Potassium: (0.48..0.57]', 'Calcium: (8.1..8.39]', not 'Iron: (0.09..0.14]' => 'Magnesium: (3.8..+inf)'
c1 # of rules: 12
c1 rule time: 0.0134

c2 total rules: 110

c0 computing feature 4
c1 computing class: (-inf..0.82]
c1 discrimination constraints: 115h
c1 coverage constraints: 11v+485h
c1 formula: 109v, 747c (649h+98s)
c1 enumerating rules (maxsat-based)
c1 rule: 'Barium: (0.14..0.19]' => 'Aluminum: (-inf..0.82]'
c1 rule: 'Silicon: (71.95..72.35]', 'Potassium: (-inf..0.11]' => 'Aluminum: (-inf..0.82]'
c1 rule: 'Sodium: (13.22..13.47]', not 'Refractive Index: (-inf..1.52]' => 'Aluminum: (-inf..0.82]'
c1 rule: 'Refractive Index: (-inf..1.52]', 'Calcium: (9.75..+inf)' => 'Aluminum: (-inf..0.82]'
c1 rule: 'Silicon: (73.12..+inf)', not 'Refractive Index: (-inf..1.52]' => 'Aluminum: (-inf..0.82]'
c1 rule: 'Sodium: (-inf..12.69]', 'Potassium: (-inf..0.11]' => 'Aluminum: (-inf..0.82]'
c1 rule: 'Magnesium: (3.66..3.8]', 'Calcium: (9.75..+inf)' => 'Aluminum: (-inf..0.82]'
c1 rule: 'Magnesium: (3.66..3.8]', 'Potassium: (-inf..0.11]' => 'Aluminum: (-inf..0.82]'
c1 rule: 'Potassium: (-inf..0.11]', 'Calcium: (9.75..+inf)', not 'Sodium: (13.8..+inf)' => 'Aluminum: (-inf..0.82]'
c1 rule: 'Potassium: (0.11..0.23]', 'Iron: (-inf..0.09]', not 'Sodium: (13.8..+inf)', not 'Calcium: (8.64..8.99]' => 'Aluminum: (-inf..0.82]'
c1 # of rules: 10
c1 rule time: 0.0063

c1 computing class: (0.82..1.13]
c1 discrimination constraints: 109h
c1 coverage constraints: 17v+749h
c1 formula: 115v, 1005c (907h+98s)
c1 enumerating rules (maxsat-based)
c1 rule: 'Sodium: (12.93..13.22]', 'Barium: (0.07..0.1]' => 'Aluminum: (0.82..1.13]'
c1 rule: 'Sodium: (12.93..13.22]', 'Potassium: (0.11..0.23]' => 'Aluminum: (0.82..1.13]'
c1 rule: 'Sodium: (13.47..13.8]', 'Calcium: (8.39..8.64]' => 'Aluminum: (0.82..1.13]'
c1 rule: 'Calcium: (8.64..8.99]', not 'Refractive Index: (-inf..1.52]' => 'Aluminum: (0.82..1.13]'
c1 rule: 'Iron: (0.19..0.25]', not 'Refractive Index: (-inf..1.52]' => 'Aluminum: (0.82..1.13]'
c1 rule: 'Silicon: (72.66..72.89]', 'Potassium: (-inf..0.11]' => 'Aluminum: (0.82..1.13]'
c1 rule: 'Potassium: (0.23..0.48]', 'Calcium: (8.99..9.75]' => 'Aluminum: (0.82..1.13]'
c1 rule: 'Silicon: (-inf..71.95]', 'Iron: (0.3..+inf)' => 'Aluminum: (0.82..1.13]'
c1 rule: 'Sodium: (12.93..13.22]', 'Iron: (0.3..+inf)' => 'Aluminum: (0.82..1.13]'
c1 rule: 'Magnesium: (3.53..3.66]', 'Calcium: (8.99..9.75]' => 'Aluminum: (0.82..1.13]'
c1 rule: 'Silicon: (71.95..72.35]', 'Iron: (0.19..0.25]' => 'Aluminum: (0.82..1.13]'
c1 rule: 'Refractive Index: (-inf..1.52]', 'Potassium: (0.11..0.23]', 'Iron: (-inf..0.09]' => 'Aluminum: (0.82..1.13]'
c1 rule: 'Silicon: (-inf..71.95]', 'Calcium: (8.99..9.75]', not 'Iron: (-inf..0.09]' => 'Aluminum: (0.82..1.13]'
c1 rule: 'Potassium: (0.11..0.23]', 'Calcium: (8.99..9.75]', not 'Sodium: (13.47..13.8]' => 'Aluminum: (0.82..1.13]'
c1 rule: 'Magnesium: (3.53..3.66]', 'Silicon: (73.12..+inf)', not 'Sodium: (12.69..12.93]' => 'Aluminum: (0.82..1.13]'
c1 rule: 'Sodium: (12.69..12.93]', 'Magnesium: (3.4..3.53]', 'Calcium: (8.64..8.99]' => 'Aluminum: (0.82..1.13]'
c1 # of rules: 16
c1 rule time: 0.0158

c1 computing class: (1.13..1.28]
c1 discrimination constraints: 94h
c1 coverage constraints: 32v+1409h
c1 formula: 130v, 1650c (1552h+98s)
c1 enumerating rules (maxsat-based)
c1 rule: 'Potassium: (0.23..0.48]', 'Iron: (0.09..0.14]' => 'Aluminum: (1.13..1.28]'
c1 rule: 'Silicon: (72.66..72.89]', 'Iron: (0.09..0.14]' => 'Aluminum: (1.13..1.28]'
c1 rule: 'Magnesium: (3.8..+inf)', 'Silicon: (72.66..72.89]' => 'Aluminum: (1.13..1.28]'
c1 rule: 'Magnesium: (3.66..3.8]', 'Silicon: (72.66..72.89]' => 'Aluminum: (1.13..1.28]'
c1 rule: 'Calcium: (8.64..8.99]', 'Iron: (0.14..0.19]' => 'Aluminum: (1.13..1.28]'
c1 rule: 'Calcium: (8.64..8.99]', 'Iron: (0.3..+inf)' => 'Aluminum: (1.13..1.28]'
c1 rule: 'Sodium: (-inf..12.69]', 'Magnesium: (2.89..3.4]' => 'Aluminum: (1.13..1.28]'
c1 rule: 'Potassium: (0.48..0.57]', 'Iron: (0.3..+inf)' => 'Aluminum: (1.13..1.28]'
c1 rule: 'Magnesium: (2.89..3.4]', not 'Iron: (-inf..0.09]' => 'Aluminum: (1.13..1.28]'
c1 rule: 'Magnesium: (2.89..3.4]', 'Silicon: (72.35..72.66]' => 'Aluminum: (1.13..1.28]'
c1 rule: 'Sodium: (-inf..12.69]', 'Magnesium: (3.66..3.8]' => 'Aluminum: (1.13..1.28]'
c1 rule: 'Magnesium: (3.8..+inf)', 'Potassium: (0.57..0.66]' => 'Aluminum: (1.13..1.28]'
c1 rule: 'Barium: (0.07..0.1]', not 'Magnesium: (3.53..3.66]' => 'Aluminum: (1.13..1.28]'
c1 rule: 'Magnesium: (3.66..3.8]', 'Silicon: (72.89..73.12]' => 'Aluminum: (1.13..1.28]'
c1 rule: 'Silicon: (73.12..+inf)', 'Iron: (0.14..0.19]', not 'Sodium: (12.93..13.22]' => 'Aluminum: (1.13..1.28]'
c1 rule: 'Magnesium: (3.53..3.66]', 'Silicon: (73.12..+inf)', not 'Sodium: (12.93..13.22]' => 'Aluminum: (1.13..1.28]'
c1 rule: 'Magnesium: (3.4..3.53]', 'Silicon: (73.12..+inf)', 'Potassium: (0.48..0.57]' => 'Aluminum: (1.13..1.28]'
c1 rule: 'Silicon: (73.12..+inf)', 'Calcium: (8.39..8.64]', not 'Sodium: (-inf..12.69]' => 'Aluminum: (1.13..1.28]'
c1 rule: 'Sodium: (13.22..13.47]', 'Silicon: (72.66..72.89]', not 'Magnesium: (3.53..3.66]' => 'Aluminum: (1.13..1.28]'
c1 rule: 'Silicon: (72.66..72.89]', 'Calcium: (8.99..9.75]', not 'Potassium: (0.66..+inf)' => 'Aluminum: (1.13..1.28]'
c1 rule: 'Magnesium: (3.53..3.66]', 'Silicon: (72.66..72.89]', 'Potassium: (0.66..+inf)' => 'Aluminum: (1.13..1.28]'
c1 rule: 'Potassium: (0.48..0.57]', 'Calcium: (-inf..8.1]', not 'Silicon: (72.66..72.89]' => 'Aluminum: (1.13..1.28]'
c1 rule: 'Silicon: (72.35..72.66]', 'Potassium: (0.48..0.57]', 'Iron: (0.09..0.14]' => 'Aluminum: (1.13..1.28]'
c1 rule: 'Magnesium: (2.89..3.4]', 'Silicon: (71.95..72.35]', 'Potassium: (0.57..0.66]' => 'Aluminum: (1.13..1.28]'
c1 rule: 'Magnesium: (2.89..3.4]', 'Potassium: (0.48..0.57]', not 'Silicon: (71.95..72.35]' => 'Aluminum: (1.13..1.28]'
c1 rule: 'Sodium: (13.22..13.47]', 'Silicon: (72.89..73.12]', 'Potassium: (0.57..0.66]' => 'Aluminum: (1.13..1.28]'
c1 rule: 'Sodium: (13.8..+inf)', 'Calcium: (9.75..+inf)', not 'Magnesium: (-inf..2.89]' => 'Aluminum: (1.13..1.28]'
c1 rule: 'Sodium: (12.93..13.22]', 'Magnesium: (3.4..3.53]', 'Silicon: (72.66..72.89]', 'Calcium: (8.39..8.64]' => 'Aluminum: (1.13..1.28]'
c1 # of rules: 28
c1 rule time: 0.0279

c1 computing class: (1.28..1.44]
c1 discrimination constraints: 97h
c1 coverage constraints: 29v+1277h
c1 formula: 127v, 1521c (1423h+98s)
c1 enumerating rules (maxsat-based)
c1 rule: 'Barium: (0.1..0.14]' => 'Aluminum: (1.28..1.44]'
c1 rule: 'Sodium: (13.22..13.47]', 'Silicon: (73.12..+inf)' => 'Aluminum: (1.28..1.44]'
c1 rule: 'Magnesium: (3.4..3.53]', 'Calcium: (8.99..9.75]' => 'Aluminum: (1.28..1.44]'
c1 rule: 'Silicon: (71.95..72.35]', 'Calcium: (8.39..8.64]' => 'Aluminum: (1.28..1.44]'
c1 rule: 'Potassium: (0.48..0.57]', 'Calcium: (9.75..+inf)' => 'Aluminum: (1.28..1.44]'
c1 rule: 'Sodium: (-inf..12.69]', 'Potassium: (0.48..0.57]' => 'Aluminum: (1.28..1.44]'
c1 rule: 'Sodium: (13.8..+inf)', 'Potassium: (0.48..0.57]' => 'Aluminum: (1.28..1.44]'
c1 rule: 'Silicon: (71.95..72.35]', 'Iron: (0.09..0.14]' => 'Aluminum: (1.28..1.44]'
c1 rule: 'Calcium: (8.64..8.99]', 'Iron: (0.09..0.14]' => 'Aluminum: (1.28..1.44]'
c1 rule: 'Silicon: (72.89..73.12]', 'Calcium: (8.99..9.75]' => 'Aluminum: (1.28..1.44]'
c1 rule: 'Sodium: (13.8..+inf)', 'Magnesium: (3.53..3.66]' => 'Aluminum: (1.28..1.44]'
c1 rule: 'Sodium: (13.22..13.47]', 'Magnesium: (3.66..3.8]' => 'Aluminum: (1.28..1.44]'
c1 rule: 'Calcium: (9.75..+inf)', 'Iron: (0.09..0.14]' => 'Aluminum: (1.28..1.44]'
c1 rule: 'Calcium: (8.1..8.39]', 'Iron: (0.19..0.25]' => 'Aluminum: (1.28..1.44]'
c1 rule: 'Potassium: (0.66..+inf)', 'Iron: (0.19..0.25]' => 'Aluminum: (1.28..1.44]'
c1 rule: 'Silicon: (71.95..72.35]', 'Potassium: (0.23..0.48]' => 'Aluminum: (1.28..1.44]'
c1 rule: 'Sodium: (12.69..12.93]', 'Silicon: (72.35..72.66]', 'Iron: (-inf..0.09]' => 'Aluminum: (1.28..1.44]'
c1 rule: 'Magnesium: (3.53..3.66]', 'Silicon: (72.89..73.12]', 'Calcium: (8.39..8.64]' => 'Aluminum: (1.28..1.44]'
c1 rule: 'Sodium: (12.69..12.93]', 'Magnesium: (3.53..3.66]', 'Calcium: (8.64..8.99]' => 'Aluminum: (1.28..1.44]'
c1 rule: 'Sodium: (-inf..12.69]', 'Magnesium: (3.4..3.53]', 'Calcium: (8.39..8.64]' => 'Aluminum: (1.28..1.44]'
c1 rule: 'Magnesium: (2.89..3.4]', 'Calcium: (8.39..8.64]', not 'Silicon: (72.89..73.12]' => 'Aluminum: (1.28..1.44]'
c1 rule: 'Magnesium: (3.4..3.53]', 'Silicon: (72.35..72.66]', 'Calcium: (8.39..8.64]' => 'Aluminum: (1.28..1.44]'
c1 rule: 'Magnesium: (3.4..3.53]', 'Silicon: (72.89..73.12]', 'Potassium: (0.48..0.57]' => 'Aluminum: (1.28..1.44]'
c1 rule: 'Magnesium: (3.8..+inf)', 'Silicon: (72.35..72.66]', not 'Potassium: (0.57..0.66]', not 'Iron: (0.09..0.14]' => 'Aluminum: (1.28..1.44]'
c1 rule: 'Sodium: (12.69..12.93]', 'Calcium: (8.39..8.64]', 'Iron: (-inf..0.09]', not 'Silicon: (73.12..+inf)' => 'Aluminum: (1.28..1.44]'
c1 # of rules: 25
c1 rule time: 0.0191

c1 computing class: (1.44..1.63]
c1 discrimination constraints: 102h
c1 coverage constraints: 24v+1057h
c1 formula: 122v, 1306c (1208h+98s)
c1 enumerating rules (maxsat-based)
c1 rule: 'Sodium: (12.69..12.93]', 'Potassium: (0.23..0.48]' => 'Aluminum: (1.44..1.63]'
c1 rule: 'Potassium: (0.23..0.48]', 'Calcium: (8.1..8.39]' => 'Aluminum: (1.44..1.63]'
c1 rule: 'Sodium: (12.69..12.93]', 'Iron: (0.09..0.14]' => 'Aluminum: (1.44..1.63]'
c1 rule: 'Magnesium: (3.4..3.53]', 'Silicon: (71.95..72.35]' => 'Aluminum: (1.44..1.63]'
c1 rule: 'Potassium: (0.23..0.48]', 'Iron: (0.14..0.19]' => 'Aluminum: (1.44..1.63]'
c1 rule: 'Potassium: (-inf..0.11]', 'Calcium: (8.1..8.39]' => 'Aluminum: (1.44..1.63]'
c1 rule: 'Calcium: (-inf..8.1]', 'Iron: (0.25..0.3]' => 'Aluminum: (1.44..1.63]'
c1 rule: 'Sodium: (12.93..13.22]', 'Calcium: (-inf..8.1]' => 'Aluminum: (1.44..1.63]'
c1 rule: 'Sodium: (12.69..12.93]', 'Magnesium: (2.89..3.4]' => 'Aluminum: (1.44..1.63]'
c1 rule: 'Potassium: (0.66..+inf)', 'Iron: (0.09..0.14]' => 'Aluminum: (1.44..1.63]'
c1 rule: 'Potassium: (0.66..+inf)', 'Calcium: (8.99..9.75]' => 'Aluminum: (1.44..1.63]'
c1 rule: 'Silicon: (72.89..73.12]', 'Potassium: (0.23..0.48]' => 'Aluminum: (1.44..1.63]'
c1 rule: 'Silicon: (72.35..72.66]', 'Potassium: (0.66..+inf)' => 'Aluminum: (1.44..1.63]'
c1 rule: 'Sodium: (12.69..12.93]', 'Silicon: (72.66..72.89]', 'Potassium: (0.48..0.57]' => 'Aluminum: (1.44..1.63]'
c1 rule: 'Silicon: (71.95..72.35]', 'Potassium: (0.48..0.57]', 'Calcium: (8.64..8.99]' => 'Aluminum: (1.44..1.63]'
c1 rule: 'Potassium: (0.48..0.57]', 'Calcium: (-inf..8.1]', not 'Silicon: (72.89..73.12]' => 'Aluminum: (1.44..1.63]'
c1 rule: 'Sodium: (13.22..13.47]', 'Magnesium: (3.53..3.66]', 'Silicon: (72.35..72.66]' => 'Aluminum: (1.44..1.63]'
c1 rule: 'Magnesium: (3.53..3.66]', 'Potassium: (0.57..0.66]', 'Calcium: (-inf..8.1]' => 'Aluminum: (1.44..1.63]'
c1 rule: 'Sodium: (12.69..12.93]', 'Potassium: (0.57..0.66]', 'Calcium: (-inf..8.1]' => 'Aluminum: (1.44..1.63]'
c1 rule: 'Sodium: (12.69..12.93]', 'Magnesium: (3.53..3.66]', 'Silicon: (72.89..73.12]', not 'Calcium: (8.39..8.64]' => 'Aluminum: (1.44..1.63]'
c1 # of rules: 20
c1 rule time: 0.0188

c1 computing class: (1.63..+inf)
c1 discrimination constraints: 113h
c1 coverage constraints: 13v+573h
c1 formula: 111v, 833c (735h+98s)
c1 enumerating rules (maxsat-based)
c1 rule: 'Barium: (0.55..+inf)' => 'Aluminum: (1.63..+inf)'
c1 rule: 'Barium: (0.19..0.55]' => 'Aluminum: (1.63..+inf)'
c1 rule: 'Silicon: (71.95..72.35]', 'Calcium: (-inf..8.1]' => 'Aluminum: (1.63..+inf)'
c1 rule: 'Silicon: (71.95..72.35]', 'Potassium: (0.66..+inf)' => 'Aluminum: (1.63..+inf)'
c1 rule: 'Potassium: (0.66..+inf)', 'Calcium: (8.39..8.64]' => 'Aluminum: (1.63..+inf)'
c1 rule: 'Silicon: (-inf..71.95]', 'Calcium: (-inf..8.1]' => 'Aluminum: (1.63..+inf)'
c1 rule: 'Sodium: (-inf..12.69]', 'Calcium: (-inf..8.1]' => 'Aluminum: (1.63..+inf)'
c1 rule: 'Silicon: (72.35..72.66]', 'Iron: (0.14..0.19]' => 'Aluminum: (1.63..+inf)'
c1 rule: 'Silicon: (72.35..72.66]', 'Calcium: (-inf..8.1]', not 'Sodium: (13.22..13.47]' => 'Aluminum: (1.63..+inf)'
c1 rule: 'Sodium: (12.69..12.93]', 'Silicon: (72.66..72.89]', not 'Magnesium: (3.53..3.66]' => 'Aluminum: (1.63..+inf)'
c1 # of rules: 10
c1 rule time: 0.0100

c2 total rules: 109

c0 computing feature 5
c1 computing class: (-inf..71.95]
c1 discrimination constraints: 108h
c1 coverage constraints: 18v+793h
c1 formula: 116v, 1048c (950h+98s)
c1 enumerating rules (maxsat-based)
c1 rule: 'Barium: (0.55..+inf)' => 'Silicon: (-inf..71.95]'
c1 rule: 'Potassium: (0.23..0.48]', 'Iron: (0.14..0.19]' => 'Silicon: (-inf..71.95]'
c1 rule: 'Potassium: (0.11..0.23]', 'Calcium: (-inf..8.1]' => 'Silicon: (-inf..71.95]'
c1 rule: 'Potassium: (0.11..0.23]', not 'Magnesium: (3.53..3.66]' => 'Silicon: (-inf..71.95]'
c1 rule: 'Calcium: (8.64..8.99]', not 'Refractive Index: (-inf..1.52]' => 'Silicon: (-inf..71.95]'
c1 rule: 'Aluminum: (1.13..1.28]', 'Calcium: (9.75..+inf)' => 'Silicon: (-inf..71.95]'
c1 rule: 'Sodium: (13.8..+inf)', 'Calcium: (8.64..8.99]' => 'Silicon: (-inf..71.95]'
c1 rule: 'Magnesium: (3.66..3.8]', 'Calcium: (9.75..+inf)' => 'Silicon: (-inf..71.95]'
c1 rule: 'Magnesium: (3.8..+inf)', 'Calcium: (8.99..9.75]' => 'Silicon: (-inf..71.95]'
c1 rule: 'Magnesium: (2.89..3.4]', not 'Refractive Index: (-inf..1.52]' => 'Silicon: (-inf..71.95]'
c1 rule: 'Magnesium: (3.4..3.53]', 'Calcium: (8.99..9.75]' => 'Silicon: (-inf..71.95]'
c1 rule: 'Sodium: (13.8..+inf)', not 'Refractive Index: (-inf..1.52]', not 'Aluminum: (0.82..1.13]' => 'Silicon: (-inf..71.95]'
c1 # of rules: 12
c1 rule time: 0.0110

c1 computing class: (71.95..72.35]
c1 discrimination constraints: 108h
c1 coverage constraints: 18v+793h
c1 formula: 116v, 1048c (950h+98s)
c1 enumerating rules (maxsat-based)
c1 rule: 'Barium: (0.19..0.55]' => 'Silicon: (71.95..72.35]'
c1 rule: 'Sodium: (13.22..13.47]', 'Aluminum: (-inf..0.82]' => 'Silicon: (71.95..72.35]'
c1 rule: 'Magnesium: (3.53..3.66]', 'Calcium: (9.75..+inf)' => 'Silicon: (71.95..72.35]'
c1 rule: 'Magnesium: (3.53..3.66]', 'Calcium: (8.99..9.75]' => 'Silicon: (71.95..72.35]'
c1 rule: 'Sodium: (13.47..13.8]', 'Calcium: (8.1..8.39]' => 'Silicon: (71.95..72.35]'
c1 rule: 'Magnesium: (-inf..2.89]', 'Iron: (0.3..+inf)' => 'Silicon: (71.95..72.35]'
c1 rule: 'Aluminum: (1.28..1.44]', 'Iron: (0.14..0.19]' => 'Silicon: (71.95..72.35]'
c1 rule: 'Magnesium: (3.66..3.8]', 'Iron: (0.19..0.25]' => 'Silicon: (71.95..72.35]'
c1 rule: 'Sodium: (12.93..13.22]', 'Iron: (0.25..0.3]' => 'Silicon: (71.95..72.35]'
c1 rule: 'Magnesium: (2.89..3.4]', 'Calcium: (-inf..8.1]' => 'Silicon: (71.95..72.35]'
c1 rule: 'Aluminum: (1.44..1.63]', 'Calcium: (8.64..8.99]' => 'Silicon: (71.95..72.35]'
c1 rule: 'Sodium: (13.8..+inf)', 'Calcium: (8.1..8.39]' => 'Silicon: (71.95..72.35]'
c1 rule: 'Magnesium: (3.66..3.8]', 'Aluminum: (1.63..+inf)', not 'Potassium: (0.11..0.23]' => 'Silicon: (71.95..72.35]'
c1 rule: 'Sodium: (13.47..13.8]', 'Potassium: (0.57..0.66]', not 'Calcium: (-inf..8.1]' => 'Silicon: (71.95..72.35]'
c1 rule: 'Sodium: (13.47..13.8]', 'Potassium: (0.23..0.48]', not 'Aluminum: (1.44..1.63]' => 'Silicon: (71.95..72.35]'
c1 rule: 'Refractive Index: (-inf..1.52]', 'Potassium: (-inf..0.11]', 'Calcium: (8.99..9.75]' => 'Silicon: (71.95..72.35]'
c1 rule: 'Magnesium: (3.8..+inf)', 'Aluminum: (1.28..1.44]', not 'Iron: (-inf..0.09]' => 'Silicon: (71.95..72.35]'
c1 # of rules: 17
c1 rule time: 0.0156

c1 computing class: (72.35..72.66]
c1 discrimination constraints: 107h
c1 coverage constraints: 19v+837h
c1 formula: 117v, 1091c (993h+98s)
c1 enumerating rules (maxsat-based)
c1 rule: 'Barium: (0.14..0.19]' => 'Silicon: (72.35..72.66]'
c1 rule: 'Potassium: (0.11..0.23]', 'Calcium: (8.64..8.99]' => 'Silicon: (72.35..72.66]'
c1 rule: 'Magnesium: (2.89..3.4]', 'Calcium: (8.99..9.75]' => 'Silicon: (72.35..72.66]'
c1 rule: 'Sodium: (12.69..12.93]', 'Iron: (0.3..+inf)' => 'Silicon: (72.35..72.66]'
c1 rule: 'Sodium: (13.22..13.47]', 'Magnesium: (3.66..3.8]' => 'Silicon: (72.35..72.66]'
c1 rule: 'Magnesium: (3.8..+inf)', 'Potassium: (0.57..0.66]' => 'Silicon: (72.35..72.66]'
c1 rule: 'Sodium: (13.22..13.47]', 'Iron: (0.25..0.3]' => 'Silicon: (72.35..72.66]'
c1 rule: 'Calcium: (8.39..8.64]', 'Iron: (0.09..0.14]' => 'Silicon: (72.35..72.66]'
c1 rule: 'Aluminum: (1.44..1.63]', 'Iron: (0.09..0.14]' => 'Silicon: (72.35..72.66]'
c1 rule: 'Magnesium: (3.4..3.53]', 'Iron: (0.14..0.19]', not 'Potassium: (-inf..0.11]' => 'Silicon: (72.35..72.66]'
c1 rule: 'Sodium: (12.93..13.22]', 'Magnesium: (3.4..3.53]', 'Aluminum: (1.28..1.44]' => 'Silicon: (72.35..72.66]'
c1 rule: 'Sodium: (13.47..13.8]', 'Magnesium: (3.4..3.53]', 'Aluminum: (1.63..+inf)' => 'Silicon: (72.35..72.66]'
c1 rule: 'Magnesium: (3.8..+inf)', 'Aluminum: (1.13..1.28]', 'Iron: (0.09..0.14]' => 'Silicon: (72.35..72.66]'
c1 rule: 'Potassium: (0.66..+inf)', 'Calcium: (8.1..8.39]', not 'Sodium: (12.69..12.93]' => 'Silicon: (72.35..72.66]'
c1 rule: 'Magnesium: (3.8..+inf)', 'Aluminum: (1.28..1.44]', 'Iron: (-inf..0.09]' => 'Silicon: (72.35..72.66]'
c1 rule: 'Sodium: (13.22..13.47]', 'Calcium: (8.64..8.99]', not 'Aluminum: (1.44..1.63]' => 'Silicon: (72.35..72.66]'
c1 # of rules: 16
c1 rule time: 0.0163

c1 computing class: (72.66..72.89]
c1 discrimination constraints: 98h
c1 coverage constraints: 28v+1233h
c1 formula: 126v, 1478c (1380h+98s)
c1 enumerating rules (maxsat-based)
c1 rule: 'Sodium: (12.93..13.22]', 'Barium: (0.07..0.1]' => 'Silicon: (72.66..72.89]'
c1 rule: 'Calcium: (8.64..8.99]', 'Iron: (0.14..0.19]' => 'Silicon: (72.66..72.89]'
c1 rule: 'Aluminum: (1.13..1.28]', 'Potassium: (0.66..+inf)' => 'Silicon: (72.66..72.89]'
c1 rule: 'Magnesium: (-inf..2.89]', 'Aluminum: (1.13..1.28]' => 'Silicon: (72.66..72.89]'
c1 rule: 'Sodium: (-inf..12.69]', 'Aluminum: (1.44..1.63]' => 'Silicon: (72.66..72.89]'
c1 rule: 'Magnesium: (3.66..3.8]', 'Potassium: (0.48..0.57]' => 'Silicon: (72.66..72.89]'
c1 rule: 'Sodium: (13.47..13.8]', 'Calcium: (8.39..8.64]' => 'Silicon: (72.66..72.89]'
c1 rule: 'Calcium: (8.39..8.64]', 'Iron: (0.14..0.19]' => 'Silicon: (72.66..72.89]'
c1 rule: 'Aluminum: (1.13..1.28]', 'Potassium: (0.23..0.48]' => 'Silicon: (72.66..72.89]'
c1 rule: 'Magnesium: (3.53..3.66]', 'Aluminum: (1.63..+inf)' => 'Silicon: (72.66..72.89]'
c1 rule: 'Sodium: (12.69..12.93]', 'Aluminum: (1.63..+inf)' => 'Silicon: (72.66..72.89]'
c1 rule: 'Sodium: (13.22..13.47]', 'Calcium: (8.39..8.64]', not 'Magnesium: (3.66..3.8]' => 'Silicon: (72.66..72.89]'
c1 rule: 'Sodium: (13.22..13.47]', 'Magnesium: (3.53..3.66]', 'Iron: (0.09..0.14]' => 'Silicon: (72.66..72.89]'
c1 rule: 'Magnesium: (3.4..3.53]', 'Aluminum: (1.13..1.28]', not 'Sodium: (12.69..12.93]' => 'Silicon: (72.66..72.89]'
c1 rule: 'Magnesium: (3.53..3.66]', 'Aluminum: (1.13..1.28]', 'Calcium: (8.39..8.64]' => 'Silicon: (72.66..72.89]'
c1 rule: 'Magnesium: (2.89..3.4]', 'Calcium: (8.39..8.64]', not 'Potassium: (0.48..0.57]' => 'Silicon: (72.66..72.89]'
c1 rule: 'Sodium: (13.22..13.47]', 'Magnesium: (2.89..3.4]', 'Potassium: (0.57..0.66]' => 'Silicon: (72.66..72.89]'
c1 rule: 'Sodium: (-inf..12.69]', 'Potassium: (0.48..0.57]', 'Calcium: (8.39..8.64]' => 'Silicon: (72.66..72.89]'
c1 rule: 'Magnesium: (3.53..3.66]', 'Aluminum: (1.28..1.44]', 'Calcium: (-inf..8.1]' => 'Silicon: (72.66..72.89]'
c1 rule: 'Magnesium: (3.4..3.53]', 'Potassium: (0.66..+inf)', 'Iron: (-inf..0.09]' => 'Silicon: (72.66..72.89]'
c1 rule: 'Sodium: (12.93..13.22]', 'Calcium: (-inf..8.1]', not 'Potassium: (0.66..+inf)' => 'Silicon: (72.66..72.89]'
c1 rule: 'Sodium: (12.93..13.22]', 'Aluminum: (1.63..+inf)', 'Iron: (-inf..0.09]' => 'Silicon: (72.66..72.89]'
c1 rule: 'Sodium: (12.93..13.22]', 'Aluminum: (1.44..1.63]', 'Potassium: (0.57..0.66]' => 'Silicon: (72.66..72.89]'
c1 rule: 'Aluminum: (0.82..1.13]', 'Calcium: (9.75..+inf)', 'Iron: (-inf..0.09]' => 'Silicon: (72.66..72.89]'
c1 rule: 'Aluminum: (1.44..1.63]', 'Potassium: (0.48..0.57]', not 'Calcium: (8.64..8.99]' => 'Silicon: (72.66..72.89]'
c1 rule: 'Aluminum: (1.13..1.28]', 'Calcium: (8.1..8.39]', 'Iron: (-inf..0.09]', not 'Potassium: (0.57..0.66]' => 'Silicon: (72.66..72.89]'
c1 # of rules: 26
c1 rule time: 0.0314

c1 computing class: (72.89..73.12]
c1 discrimination constraints: 102h
c1 coverage constraints: 24v+1057h
c1 formula: 122v, 1306c (1208h+98s)
c1 enumerating rules (maxsat-based)
c1 rule: 'Aluminum: (1.13..1.28]', not 'Barium: (-inf..0.07]' => 'Silicon: (72.89..73.12]'
c1 rule: 'Barium: (0.1..0.14]', not 'Potassium: (0.48..0.57]' => 'Silicon: (72.89..73.12]'
c1 rule: 'Sodium: (-inf..12.69]', 'Magnesium: (3.53..3.66]' => 'Silicon: (72.89..73.12]'
c1 rule: 'Sodium: (-inf..12.69]', 'Magnesium: (3.66..3.8]' => 'Silicon: (72.89..73.12]'
c1 rule: 'Sodium: (12.93..13.22]', 'Iron: (0.19..0.25]' => 'Silicon: (72.89..73.12]'
c1 rule: 'Sodium: (12.93..13.22]', 'Iron: (0.3..+inf)' => 'Silicon: (72.89..73.12]'
c1 rule: 'Magnesium: (3.4..3.53]', 'Aluminum: (0.82..1.13]' => 'Silicon: (72.89..73.12]'
c1 rule: 'Sodium: (13.22..13.47]', 'Potassium: (0.23..0.48]' => 'Silicon: (72.89..73.12]'
c1 rule: 'Potassium: (0.23..0.48]', 'Calcium: (8.1..8.39]' => 'Silicon: (72.89..73.12]'
c1 rule: 'Aluminum: (1.44..1.63]', 'Iron: (0.19..0.25]' => 'Silicon: (72.89..73.12]'
c1 rule: 'Calcium: (8.1..8.39]', 'Iron: (0.19..0.25]' => 'Silicon: (72.89..73.12]'
c1 rule: 'Sodium: (13.47..13.8]', 'Aluminum: (1.44..1.63]', not 'Potassium: (0.57..0.66]' => 'Silicon: (72.89..73.12]'
c1 rule: 'Sodium: (13.47..13.8]', 'Calcium: (-inf..8.1]', not 'Aluminum: (1.63..+inf)' => 'Silicon: (72.89..73.12]'
c1 rule: 'Sodium: (12.93..13.22]', 'Potassium: (0.66..+inf)', not 'Magnesium: (3.4..3.53]' => 'Silicon: (72.89..73.12]'
c1 rule: 'Aluminum: (1.13..1.28]', 'Potassium: (0.48..0.57]', 'Calcium: (-inf..8.1]' => 'Silicon: (72.89..73.12]'
c1 rule: 'Magnesium: (3.53..3.66]', 'Aluminum: (1.28..1.44]', 'Calcium: (8.39..8.64]' => 'Silicon: (72.89..73.12]'
c1 rule: 'Sodium: (12.69..12.93]', 'Aluminum: (1.28..1.44]', 'Calcium: (8.39..8.64]' => 'Silicon: (72.89..73.12]'
c1 rule: 'Sodium: (12.93..13.22]', 'Aluminum: (1.28..1.44]', not 'Calcium: (8.39..8.64]' => 'Silicon: (72.89..73.12]'
c1 rule: 'Magnesium: (2.89..3.4]', 'Calcium: (8.39..8.64]', not 'Potassium: (0.57..0.66]' => 'Silicon: (72.89..73.12]'
c1 rule: 'Sodium: (13.22..13.47]', 'Magnesium: (3.53..3.66]', 'Aluminum: (1.13..1.28]', 'Potassium: (0.57..0.66]' => 'Silicon: (72.89..73.12]'
c1 rule: 'Magnesium: (3.53..3.66]', 'Potassium: (0.57..0.66]', 'Calcium: (8.1..8.39]', not 'Aluminum: (1.13..1.28]' => 'Silicon: (72.89..73.12]'
c1 # of rules: 21
c1 rule time: 0.0208

c1 computing class: (73.12..+inf)
c1 discrimination constraints: 107h
c1 coverage constraints: 19v+837h
c1 formula: 117v, 1091c (993h+98s)
c1 enumerating rules (maxsat-based)
c1 rule: 'Sodium: (-inf..12.69]', 'Calcium: (-inf..8.1]' => 'Silicon: (73.12..+inf)'
c1 rule: 'Sodium: (-inf..12.69]', 'Magnesium: (2.89..3.4]' => 'Silicon: (73.12..+inf)'
c1 rule: 'Refractive Index: (-inf..1.52]', 'Calcium: (9.75..+inf)' => 'Silicon: (73.12..+inf)'
c1 rule: 'Magnesium: (3.4..3.53]', 'Potassium: (-inf..0.11]' => 'Silicon: (73.12..+inf)'
c1 rule: 'Magnesium: (-inf..2.89]', 'Barium: (0.1..0.14]' => 'Silicon: (73.12..+inf)'
c1 rule: 'Sodium: (12.69..12.93]', 'Magnesium: (2.89..3.4]' => 'Silicon: (73.12..+inf)'
c1 rule: 'Magnesium: (-inf..2.89]', 'Calcium: (8.39..8.64]' => 'Silicon: (73.12..+inf)'
c1 rule: 'Potassium: (0.23..0.48]', 'Iron: (0.19..0.25]' => 'Silicon: (73.12..+inf)'
c1 rule: 'Potassium: (0.48..0.57]', 'Iron: (0.19..0.25]' => 'Silicon: (73.12..+inf)'
c1 rule: 'Aluminum: (1.28..1.44]', 'Calcium: (-inf..8.1]', not 'Iron: (-inf..0.09]' => 'Silicon: (73.12..+inf)'
c1 rule: 'Aluminum: (1.28..1.44]', 'Calcium: (-inf..8.1]', not 'Potassium: (0.23..0.48]' => 'Silicon: (73.12..+inf)'
c1 rule: 'Sodium: (12.69..12.93]', 'Aluminum: (1.13..1.28]', not 'Potassium: (0.57..0.66]' => 'Silicon: (73.12..+inf)'
c1 rule: 'Sodium: (12.69..12.93]', 'Magnesium: (3.53..3.66]', 'Aluminum: (1.13..1.28]' => 'Silicon: (73.12..+inf)'
c1 rule: 'Sodium: (12.69..12.93]', 'Aluminum: (1.13..1.28]', 'Iron: (-inf..0.09]' => 'Silicon: (73.12..+inf)'
c1 rule: 'Sodium: (12.93..13.22]', 'Calcium: (8.1..8.39]', not 'Potassium: (0.57..0.66]' => 'Silicon: (73.12..+inf)'
c1 rule: 'Sodium: (-inf..12.69]', 'Potassium: (0.57..0.66]', 'Calcium: (8.39..8.64]' => 'Silicon: (73.12..+inf)'
c1 rule: 'Magnesium: (3.4..3.53]', 'Aluminum: (1.44..1.63]', 'Calcium: (-inf..8.1]', not 'Potassium: (0.66..+inf)' => 'Silicon: (73.12..+inf)'
c1 # of rules: 17
c1 rule time: 0.0164

c2 total rules: 109

c0 computing feature 6
c1 computing class: (-inf..0.11]
c1 discrimination constraints: 112h
c1 coverage constraints: 14v+617h
c1 formula: 112v, 876c (778h+98s)
c1 enumerating rules (maxsat-based)
c1 rule: 'Magnesium: (2.89..3.4]', 'Aluminum: (-inf..0.82]' => 'Potassium: (-inf..0.11]'
c1 rule: 'Magnesium: (3.66..3.8]', 'Aluminum: (-inf..0.82]' => 'Potassium: (-inf..0.11]'
c1 rule: 'Sodium: (13.8..+inf)', 'Aluminum: (-inf..0.82]' => 'Potassium: (-inf..0.11]'
c1 rule: 'Magnesium: (-inf..2.89]', 'Aluminum: (-inf..0.82]' => 'Potassium: (-inf..0.11]'
c1 rule: 'Silicon: (72.66..72.89]', 'Calcium: (9.75..+inf)' => 'Potassium: (-inf..0.11]'
c1 rule: 'Calcium: (8.64..8.99]', not 'Refractive Index: (-inf..1.52]' => 'Potassium: (-inf..0.11]'
c1 rule: 'Magnesium: (2.89..3.4]', not 'Refractive Index: (-inf..1.52]' => 'Potassium: (-inf..0.11]'
c1 rule: 'Sodium: (13.47..13.8]', 'Silicon: (72.66..72.89]' => 'Potassium: (-inf..0.11]'
c1 rule: 'Magnesium: (3.4..3.53]', 'Silicon: (73.12..+inf)', 'Calcium: (8.1..8.39]' => 'Potassium: (-inf..0.11]'
c1 # of rules: 9
c1 rule time: 0.0094

c1 computing class: (0.11..0.23]
c1 discrimination constraints: 115h
c1 coverage constraints: 11v+485h
c1 formula: 109v, 747c (649h+98s)
c1 enumerating rules (maxsat-based)
c1 rule: 'Barium: (0.14..0.19]' => 'Potassium: (0.11..0.23]'
c1 rule: 'Aluminum: (0.82..1.13]', 'Silicon: (72.35..72.66]' => 'Potassium: (0.11..0.23]'
c1 rule: 'Calcium: (8.99..9.75]', 'Iron: (0.3..+inf)' => 'Potassium: (0.11..0.23]'
c1 rule: 'Sodium: (12.93..13.22]', 'Calcium: (9.75..+inf)' => 'Potassium: (0.11..0.23]'
c1 rule: 'Magnesium: (3.53..3.66]', not 'Refractive Index: (-inf..1.52]' => 'Potassium: (0.11..0.23]'
c1 rule: 'Calcium: (9.75..+inf)', 'Iron: (0.09..0.14]' => 'Potassium: (0.11..0.23]'
c1 rule: 'Aluminum: (1.63..+inf)', 'Iron: (0.09..0.14]' => 'Potassium: (0.11..0.23]'
c1 rule: 'Silicon: (-inf..71.95]', 'Iron: (0.09..0.14]' => 'Potassium: (0.11..0.23]'
c1 rule: 'Silicon: (-inf..71.95]', 'Iron: (0.19..0.25]' => 'Potassium: (0.11..0.23]'
c1 rule: 'Aluminum: (-inf..0.82]', not 'Sodium: (13.8..+inf)', not 'Calcium: (9.75..+inf)' => 'Potassium: (0.11..0.23]'
c1 # of rules: 10
c1 rule time: 0.0092

c1 computing class: (0.23..0.48]
c1 discrimination constraints: 118h
c1 coverage constraints: 8v+353h
c1 formula: 106v, 618c (520h+98s)
c1 enumerating rules (maxsat-based)
c1 rule: 'Aluminum: (1.44..1.63]', not 'Refractive Index: (-inf..1.52]' => 'Potassium: (0.23..0.48]'
c1 rule: 'Sodium: (13.8..+inf)', 'Magnesium: (3.4..3.53]', not 'Iron: (-inf..0.09]' => 'Potassium: (0.23..0.48]'
c1 rule: 'Aluminum: (0.82..1.13]', 'Silicon: (73.12..+inf)', not 'Iron: (-inf..0.09]' => 'Potassium: (0.23..0.48]'
c1 rule: 'Sodium: (13.22..13.47]', 'Aluminum: (1.44..1.63]', 'Silicon: (72.89..73.12]' => 'Potassium: (0.23..0.48]'
c1 rule: 'Aluminum: (1.44..1.63]', 'Silicon: (72.89..73.12]', not 'Magnesium: (3.53..3.66]' => 'Potassium: (0.23..0.48]'
c1 rule: 'Aluminum: (1.28..1.44]', 'Calcium: (9.75..+inf)', 'Iron: (-inf..0.09]' => 'Potassium: (0.23..0.48]'
c1 rule: 'Sodium: (13.47..13.8]', 'Silicon: (72.89..73.12]', not 'Aluminum: (1.13..1.28]' => 'Potassium: (0.23..0.48]'
c1 rule: 'Sodium: (13.8..+inf)', 'Magnesium: (3.53..3.66]', not 'Silicon: (71.95..72.35]' => 'Potassium: (0.23..0.48]'
c1 # of rules: 8
c1 rule time: 0.0095

c1 computing class: (0.48..0.57]
c1 discrimination constraints: 92h
c1 coverage constraints: 34v+1497h
c1 formula: 132v, 1736c (1638h+98s)
c1 enumerating rules (maxsat-based)
c1 rule: 'Barium: (0.19..0.55]' => 'Potassium: (0.48..0.57]'
c1 rule: 'Sodium: (12.93..13.22]', 'Magnesium: (3.66..3.8]' => 'Potassium: (0.48..0.57]'
c1 rule: 'Sodium: (12.93..13.22]', 'Magnesium: (-inf..2.89]' => 'Potassium: (0.48..0.57]'
c1 rule: 'Magnesium: (3.53..3.66]', 'Aluminum: (1.63..+inf)' => 'Potassium: (0.48..0.57]'
c1 rule: 'Sodium: (12.69..12.93]', 'Magnesium: (-inf..2.89]' => 'Potassium: (0.48..0.57]'
c1 rule: 'Barium: (0.1..0.14]', not 'Sodium: (12.93..13.22]' => 'Potassium: (0.48..0.57]'
c1 rule: 'Aluminum: (0.82..1.13]', not 'Barium: (-inf..0.07]' => 'Potassium: (0.48..0.57]'
c1 rule: 'Magnesium: (3.4..3.53]', 'Silicon: (-inf..71.95]' => 'Potassium: (0.48..0.57]'
c1 rule: 'Aluminum: (1.28..1.44]', 'Iron: (0.14..0.19]' => 'Potassium: (0.48..0.57]'
c1 rule: 'Sodium: (12.69..12.93]', 'Iron: (0.14..0.19]' => 'Potassium: (0.48..0.57]'
c1 rule: 'Calcium: (8.64..8.99]', 'Iron: (0.14..0.19]' => 'Potassium: (0.48..0.57]'
c1 rule: 'Magnesium: (3.8..+inf)', 'Iron: (0.3..+inf)' => 'Potassium: (0.48..0.57]'
c1 rule: 'Magnesium: (3.8..+inf)', 'Silicon: (72.66..72.89]' => 'Potassium: (0.48..0.57]'
c1 rule: 'Magnesium: (3.8..+inf)', 'Aluminum: (1.28..1.44]' => 'Potassium: (0.48..0.57]'
c1 rule: 'Silicon: (71.95..72.35]', 'Calcium: (8.1..8.39]' => 'Potassium: (0.48..0.57]'
c1 rule: 'Sodium: (13.22..13.47]', 'Calcium: (8.64..8.99]' => 'Potassium: (0.48..0.57]'
c1 rule: 'Aluminum: (1.28..1.44]', 'Calcium: (8.99..9.75]' => 'Potassium: (0.48..0.57]'
c1 rule: 'Calcium: (8.1..8.39]', 'Iron: (0.09..0.14]' => 'Potassium: (0.48..0.57]'
c1 rule: 'Sodium: (13.22..13.47]', 'Magnesium: (3.4..3.53]', not 'Calcium: (-inf..8.1]' => 'Potassium: (0.48..0.57]'
c1 rule: 'Magnesium: (3.53..3.66]', 'Aluminum: (1.13..1.28]', 'Calcium: (8.39..8.64]' => 'Potassium: (0.48..0.57]'
c1 rule: 'Silicon: (72.89..73.12]', 'Calcium: (8.39..8.64]', not 'Sodium: (12.69..12.93]' => 'Potassium: (0.48..0.57]'
c1 rule: 'Sodium: (-inf..12.69]', 'Calcium: (8.39..8.64]', not 'Silicon: (73.12..+inf)' => 'Potassium: (0.48..0.57]'
c1 rule: 'Sodium: (-inf..12.69]', 'Magnesium: (3.53..3.66]', 'Iron: (-inf..0.09]' => 'Potassium: (0.48..0.57]'
c1 rule: 'Sodium: (13.22..13.47]', 'Silicon: (72.89..73.12]', 'Calcium: (-inf..8.1]' => 'Potassium: (0.48..0.57]'
c1 rule: 'Aluminum: (0.82..1.13]', 'Calcium: (8.1..8.39]', not 'Silicon: (72.89..73.12]' => 'Potassium: (0.48..0.57]'
c1 # of rules: 25
c1 rule time: 0.0245

c1 computing class: (0.57..0.66]
c1 discrimination constraints: 80h
c1 coverage constraints: 46v+2025h
c1 formula: 144v, 2252c (2154h+98s)
c1 enumerating rules (maxsat-based)
c1 rule: 'Barium: (0.55..+inf)' => 'Potassium: (0.57..0.66]'
c1 rule: 'Barium: (0.07..0.1]', 'Iron: (0.19..0.25]' => 'Potassium: (0.57..0.66]'
c1 rule: 'Calcium: (8.39..8.64]', 'Iron: (0.09..0.14]' => 'Potassium: (0.57..0.66]'
c1 rule: 'Silicon: (72.35..72.66]', 'Calcium: (8.39..8.64]' => 'Potassium: (0.57..0.66]'
c1 rule: 'Sodium: (12.93..13.22]', 'Iron: (0.09..0.14]' => 'Potassium: (0.57..0.66]'
c1 rule: 'Magnesium: (3.4..3.53]', 'Silicon: (71.95..72.35]' => 'Potassium: (0.57..0.66]'
c1 rule: 'Magnesium: (2.89..3.4]', 'Aluminum: (1.28..1.44]' => 'Potassium: (0.57..0.66]'
c1 rule: 'Silicon: (72.35..72.66]', 'Iron: (0.25..0.3]' => 'Potassium: (0.57..0.66]'
c1 rule: 'Sodium: (12.93..13.22]', 'Silicon: (72.35..72.66]' => 'Potassium: (0.57..0.66]'
c1 rule: 'Calcium: (8.64..8.99]', 'Iron: (0.09..0.14]' => 'Potassium: (0.57..0.66]'
c1 rule: 'Sodium: (12.93..13.22]', 'Iron: (0.19..0.25]' => 'Potassium: (0.57..0.66]'
c1 rule: 'Silicon: (71.95..72.35]', 'Iron: (0.19..0.25]' => 'Potassium: (0.57..0.66]'
c1 rule: 'Magnesium: (3.53..3.66]', 'Calcium: (8.99..9.75]' => 'Potassium: (0.57..0.66]'
c1 rule: 'Magnesium: (3.4..3.53]', 'Aluminum: (0.82..1.13]' => 'Potassium: (0.57..0.66]'
c1 rule: 'Aluminum: (1.63..+inf)', 'Silicon: (72.35..72.66]' => 'Potassium: (0.57..0.66]'
c1 rule: 'Aluminum: (1.63..+inf)', 'Calcium: (8.1..8.39]' => 'Potassium: (0.57..0.66]'
c1 rule: 'Sodium: (-inf..12.69]', 'Calcium: (-inf..8.1]' => 'Potassium: (0.57..0.66]'
c1 rule: 'Sodium: (-inf..12.69]', 'Aluminum: (1.13..1.28]' => 'Potassium: (0.57..0.66]'
c1 rule: 'Magnesium: (3.66..3.8]', 'Calcium: (8.64..8.99]' => 'Potassium: (0.57..0.66]'
c1 rule: 'Sodium: (12.69..12.93]', 'Silicon: (72.35..72.66]' => 'Potassium: (0.57..0.66]'
c1 rule: 'Aluminum: (1.44..1.63]', 'Iron: (0.19..0.25]' => 'Potassium: (0.57..0.66]'
c1 rule: 'Sodium: (13.22..13.47]', 'Silicon: (73.12..+inf)' => 'Potassium: (0.57..0.66]'
c1 rule: 'Magnesium: (3.66..3.8]', 'Silicon: (72.89..73.12]' => 'Potassium: (0.57..0.66]'
c1 rule: 'Sodium: (13.47..13.8]', 'Calcium: (-inf..8.1]', not 'Aluminum: (1.44..1.63]' => 'Potassium: (0.57..0.66]'
c1 rule: 'Silicon: (72.35..72.66]', 'Calcium: (-inf..8.1]', not 'Iron: (0.09..0.14]' => 'Potassium: (0.57..0.66]'
c1 rule: 'Magnesium: (2.89..3.4]', 'Calcium: (8.1..8.39]', not 'Aluminum: (1.44..1.63]' => 'Potassium: (0.57..0.66]'
c1 rule: 'Aluminum: (1.44..1.63]', 'Silicon: (73.12..+inf)', not 'Calcium: (8.1..8.39]' => 'Potassium: (0.57..0.66]'
c1 rule: 'Sodium: (12.69..12.93]', 'Calcium: (8.64..8.99]', not 'Iron: (0.19..0.25]' => 'Potassium: (0.57..0.66]'
c1 rule: 'Aluminum: (1.28..1.44]', 'Silicon: (73.12..+inf)', 'Iron: (-inf..0.09]' => 'Potassium: (0.57..0.66]'
c1 rule: 'Silicon: (72.66..72.89]', 'Calcium: (8.1..8.39]', not 'Sodium: (13.22..13.47]' => 'Potassium: (0.57..0.66]'
c1 rule: 'Magnesium: (3.53..3.66]', 'Calcium: (8.39..8.64]', not 'Silicon: (72.66..72.89]' => 'Potassium: (0.57..0.66]'
c1 rule: 'Sodium: (12.69..12.93]', 'Magnesium: (3.53..3.66]', 'Iron: (-inf..0.09]' => 'Potassium: (0.57..0.66]'
c1 rule: 'Aluminum: (1.13..1.28]', 'Silicon: (72.89..73.12]', 'Calcium: (8.1..8.39]' => 'Potassium: (0.57..0.66]'
c1 rule: 'Sodium: (13.47..13.8]', 'Aluminum: (1.13..1.28]', not 'Magnesium: (3.8..+inf)' => 'Potassium: (0.57..0.66]'
c1 rule: 'Sodium: (12.93..13.22]', 'Magnesium: (3.4..3.53]', 'Aluminum: (1.13..1.28]' => 'Potassium: (0.57..0.66]'
c1 rule: 'Aluminum: (1.13..1.28]', 'Calcium: (8.1..8.39]', 'Iron: (-inf..0.09]', not 'Silicon: (72.66..72.89]' => 'Potassium: (0.57..0.66]'
c1 rule: 'Sodium: (12.93..13.22]', 'Magnesium: (3.53..3.66]', 'Silicon: (72.66..72.89]', not 'Calcium: (8.39..8.64]' => 'Potassium: (0.57..0.66]'
c1 # of rules: 37
c1 rule time: 0.0358

c1 computing class: (0.66..+inf)
c1 discrimination constraints: 113h
c1 coverage constraints: 13v+573h
c1 formula: 111v, 833c (735h+98s)
c1 enumerating rules (maxsat-based)
c1 rule: 'Magnesium: (2.89..3.4]', 'Aluminum: (1.63..+inf)' => 'Potassium: (0.66..+inf)'
c1 rule: 'Sodium: (12.69..12.93]', 'Magnesium: (2.89..3.4]' => 'Potassium: (0.66..+inf)'
c1 rule: 'Sodium: (12.69..12.93]', 'Aluminum: (1.63..+inf)' => 'Potassium: (0.66..+inf)'
c1 rule: 'Sodium: (-inf..12.69]', 'Aluminum: (1.44..1.63]' => 'Potassium: (0.66..+inf)'
c1 rule: 'Magnesium: (-inf..2.89]', 'Calcium: (8.39..8.64]' => 'Potassium: (0.66..+inf)'
c1 rule: 'Sodium: (-inf..12.69]', 'Silicon: (71.95..72.35]' => 'Potassium: (0.66..+inf)'
c1 rule: 'Calcium: (8.1..8.39]', 'Iron: (0.19..0.25]' => 'Potassium: (0.66..+inf)'
c1 rule: 'Sodium: (13.22..13.47]', 'Calcium: (-inf..8.1]', 'Iron: (0.09..0.14]' => 'Potassium: (0.66..+inf)'
c1 rule: 'Sodium: (12.93..13.22]', 'Calcium: (-inf..8.1]', not 'Silicon: (72.66..72.89]' => 'Potassium: (0.66..+inf)'
c1 rule: 'Sodium: (12.93..13.22]', 'Calcium: (-inf..8.1]', not 'Magnesium: (3.53..3.66]' => 'Potassium: (0.66..+inf)'
c1 rule: 'Magnesium: (3.4..3.53]', 'Calcium: (-inf..8.1]', 'Iron: (0.19..0.25]' => 'Potassium: (0.66..+inf)'
c1 rule: 'Magnesium: (3.53..3.66]', 'Silicon: (72.35..72.66]', 'Calcium: (8.1..8.39]' => 'Potassium: (0.66..+inf)'
c1 rule: 'Aluminum: (1.13..1.28]', 'Silicon: (72.66..72.89]', 'Calcium: (-inf..8.1]', 'Iron: (-inf..0.09]' => 'Potassium: (0.66..+inf)'
c1 # of rules: 13
c1 rule time: 0.0106

c2 total rules: 102

c0 computing feature 7
c1 computing class: (-inf..8.1]
c1 discrimination constraints: 102h
c1 coverage constraints: 24v+1057h
c1 formula: 122v, 1306c (1208h+98s)
c1 enumerating rules (maxsat-based)
c1 rule: 'Aluminum: (1.63..+inf)', 'Potassium: (0.11..0.23]' => 'Calcium: (-inf..8.1]'
c1 rule: 'Sodium: (13.22..13.47]', 'Silicon: (73.12..+inf)' => 'Calcium: (-inf..8.1]'
c1 rule: 'Sodium: (12.69..12.93]', 'Aluminum: (1.63..+inf)' => 'Calcium: (-inf..8.1]'
c1 rule: 'Magnesium: (2.89..3.4]', 'Aluminum: (1.63..+inf)' => 'Calcium: (-inf..8.1]'
c1 rule: 'Magnesium: (3.66..3.8]', 'Aluminum: (1.63..+inf)' => 'Calcium: (-inf..8.1]'
c1 rule: 'Magnesium: (3.53..3.66]', 'Potassium: (0.23..0.48]' => 'Calcium: (-inf..8.1]'
c1 rule: 'Silicon: (72.66..72.89]', 'Potassium: (0.23..0.48]' => 'Calcium: (-inf..8.1]'
c1 rule: 'Magnesium: (3.4..3.53]', 'Iron: (0.09..0.14]' => 'Calcium: (-inf..8.1]'
c1 rule: 'Sodium: (13.47..13.8]', 'Silicon: (72.89..73.12]' => 'Calcium: (-inf..8.1]'
c1 rule: 'Aluminum: (1.13..1.28]', 'Potassium: (0.66..+inf)' => 'Calcium: (-inf..8.1]'
c1 rule: 'Sodium: (12.93..13.22]', 'Potassium: (0.66..+inf)' => 'Calcium: (-inf..8.1]'
c1 rule: 'Magnesium: (3.53..3.66]', 'Iron: (0.25..0.3]' => 'Calcium: (-inf..8.1]'
c1 rule: 'Aluminum: (1.44..1.63]', 'Iron: (0.19..0.25]' => 'Calcium: (-inf..8.1]'
c1 rule: 'Sodium: (13.47..13.8]', 'Aluminum: (1.63..+inf)', not 'Barium: (0.19..0.55]' => 'Calcium: (-inf..8.1]'
c1 rule: 'Sodium: (12.93..13.22]', 'Magnesium: (3.53..3.66]', 'Aluminum: (1.44..1.63]' => 'Calcium: (-inf..8.1]'
c1 rule: 'Aluminum: (1.63..+inf)', not 'Sodium: (12.93..13.22]', not 'Magnesium: (-inf..2.89]' => 'Calcium: (-inf..8.1]'
c1 rule: 'Sodium: (13.22..13.47]', 'Aluminum: (1.44..1.63]', 'Silicon: (72.66..72.89]' => 'Calcium: (-inf..8.1]'
c1 rule: 'Sodium: (13.22..13.47]', 'Aluminum: (1.44..1.63]', 'Potassium: (0.57..0.66]' => 'Calcium: (-inf..8.1]'
c1 rule: 'Aluminum: (1.28..1.44]', 'Potassium: (0.66..+inf)', not 'Silicon: (72.89..73.12]' => 'Calcium: (-inf..8.1]'
c1 rule: 'Aluminum: (1.44..1.63]', 'Silicon: (73.12..+inf)', 'Potassium: (0.57..0.66]' => 'Calcium: (-inf..8.1]'
c1 rule: 'Sodium: (13.22..13.47]', 'Silicon: (72.89..73.12]', 'Potassium: (0.48..0.57]' => 'Calcium: (-inf..8.1]'
c1 # of rules: 21
c1 rule time: 0.0208

c1 computing class: (8.1..8.39]
c1 discrimination constraints: 102h
c1 coverage constraints: 24v+1057h
c1 formula: 122v, 1306c (1208h+98s)
c1 enumerating rules (maxsat-based)
c1 rule: 'Magnesium: (3.8..+inf)', 'Iron: (0.3..+inf)' => 'Calcium: (8.1..8.39]'
c1 rule: 'Sodium: (13.22..13.47]', 'Magnesium: (3.8..+inf)' => 'Calcium: (8.1..8.39]'
c1 rule: 'Potassium: (0.48..0.57]', 'Iron: (0.09..0.14]' => 'Calcium: (8.1..8.39]'
c1 rule: 'Sodium: (12.93..13.22]', 'Potassium: (-inf..0.11]' => 'Calcium: (8.1..8.39]'
c1 rule: 'Sodium: (12.93..13.22]', 'Silicon: (73.12..+inf)' => 'Calcium: (8.1..8.39]'
c1 rule: 'Magnesium: (3.53..3.66]', 'Silicon: (73.12..+inf)' => 'Calcium: (8.1..8.39]'
c1 rule: 'Sodium: (12.69..12.93]', 'Magnesium: (2.89..3.4]' => 'Calcium: (8.1..8.39]'
c1 rule: 'Magnesium: (2.89..3.4]', 'Potassium: (0.23..0.48]' => 'Calcium: (8.1..8.39]'
c1 rule: 'Sodium: (12.69..12.93]', 'Potassium: (0.23..0.48]' => 'Calcium: (8.1..8.39]'
c1 rule: 'Silicon: (72.89..73.12]', 'Iron: (0.3..+inf)' => 'Calcium: (8.1..8.39]'
c1 rule: 'Silicon: (72.35..72.66]', 'Iron: (0.14..0.19]' => 'Calcium: (8.1..8.39]'
c1 rule: 'Aluminum: (1.28..1.44]', 'Silicon: (72.89..73.12]', 'Iron: (0.19..0.25]' => 'Calcium: (8.1..8.39]'
c1 rule: 'Silicon: (72.35..72.66]', 'Potassium: (0.66..+inf)', 'Iron: (-inf..0.09]' => 'Calcium: (8.1..8.39]'
c1 rule: 'Magnesium: (3.53..3.66]', 'Aluminum: (1.13..1.28]', 'Potassium: (0.57..0.66]' => 'Calcium: (8.1..8.39]'
c1 rule: 'Aluminum: (1.63..+inf)', 'Silicon: (72.66..72.89]', 'Potassium: (0.57..0.66]' => 'Calcium: (8.1..8.39]'
c1 rule: 'Magnesium: (3.53..3.66]', 'Silicon: (71.95..72.35]', 'Potassium: (0.48..0.57]' => 'Calcium: (8.1..8.39]'
c1 rule: 'Magnesium: (2.89..3.4]', 'Silicon: (72.66..72.89]', not 'Sodium: (12.93..13.22]' => 'Calcium: (8.1..8.39]'
c1 rule: 'Sodium: (12.69..12.93]', 'Iron: (-inf..0.09]', not 'Magnesium: (3.4..3.53]', not 'Aluminum: (1.28..1.44]' => 'Calcium: (8.1..8.39]'
c1 rule: 'Sodium: (12.93..13.22]', 'Aluminum: (1.44..1.63]', not 'Magnesium: (3.53..3.66]', not 'Potassium: (0.66..+inf)' => 'Calcium: (8.1..8.39]'
c1 # of rules: 19
c1 rule time: 0.0192

c1 computing class: (8.39..8.64]
c1 discrimination constraints: 102h
c1 coverage constraints: 24v+1057h
c1 formula: 122v, 1306c (1208h+98s)
c1 enumerating rules (maxsat-based)
c1 rule: 'Barium: (0.07..0.1]' => 'Calcium: (8.39..8.64]'
c1 rule: 'Magnesium: (3.66..3.8]', 'Aluminum: (1.28..1.44]' => 'Calcium: (8.39..8.64]'
c1 rule: 'Sodium: (13.47..13.8]', 'Silicon: (72.66..72.89]' => 'Calcium: (8.39..8.64]'
c1 rule: 'Magnesium: (3.53..3.66]', 'Aluminum: (1.63..+inf)' => 'Calcium: (8.39..8.64]'
c1 rule: 'Magnesium: (3.8..+inf)', 'Iron: (0.25..0.3]' => 'Calcium: (8.39..8.64]'
c1 rule: 'Sodium: (12.69..12.93]', 'Iron: (0.09..0.14]' => 'Calcium: (8.39..8.64]'
c1 rule: 'Sodium: (12.93..13.22]', 'Magnesium: (3.8..+inf)' => 'Calcium: (8.39..8.64]'
c1 rule: 'Magnesium: (3.66..3.8]', 'Potassium: (0.48..0.57]' => 'Calcium: (8.39..8.64]'
c1 rule: 'Magnesium: (3.4..3.53]', 'Potassium: (0.48..0.57]', not 'Aluminum: (1.28..1.44]' => 'Calcium: (8.39..8.64]'
c1 rule: 'Magnesium: (3.4..3.53]', 'Potassium: (0.48..0.57]', not 'Silicon: (-inf..71.95]' => 'Calcium: (8.39..8.64]'
c1 rule: 'Sodium: (12.69..12.93]', 'Potassium: (0.48..0.57]', not 'Silicon: (73.12..+inf)' => 'Calcium: (8.39..8.64]'
c1 rule: 'Sodium: (12.93..13.22]', 'Magnesium: (3.53..3.66]', 'Aluminum: (1.13..1.28]' => 'Calcium: (8.39..8.64]'
c1 rule: 'Magnesium: (3.4..3.53]', 'Aluminum: (1.13..1.28]', 'Iron: (-inf..0.09]' => 'Calcium: (8.39..8.64]'
c1 rule: 'Silicon: (73.12..+inf)', 'Potassium: (0.66..+inf)', not 'Sodium: (12.69..12.93]' => 'Calcium: (8.39..8.64]'
c1 rule: 'Sodium: (-inf..12.69]', 'Magnesium: (3.4..3.53]', not 'Aluminum: (1.63..+inf)' => 'Calcium: (8.39..8.64]'
c1 rule: 'Magnesium: (2.89..3.4]', 'Silicon: (72.89..73.12]', 'Potassium: (0.48..0.57]' => 'Calcium: (8.39..8.64]'
c1 rule: 'Sodium: (12.93..13.22]', 'Silicon: (72.35..72.66]', 'Iron: (-inf..0.09]' => 'Calcium: (8.39..8.64]'
c1 rule: 'Sodium: (12.93..13.22]', 'Aluminum: (1.28..1.44]', not 'Silicon: (72.89..73.12]' => 'Calcium: (8.39..8.64]'
c1 rule: 'Sodium: (12.69..12.93]', 'Magnesium: (3.53..3.66]', 'Silicon: (72.89..73.12]', not 'Aluminum: (1.44..1.63]' => 'Calcium: (8.39..8.64]'
c1 rule: 'Sodium: (12.69..12.93]', 'Aluminum: (1.28..1.44]', 'Silicon: (72.89..73.12]', not 'Iron: (0.19..0.25]' => 'Calcium: (8.39..8.64]'
c1 # of rules: 20
c1 rule time: 0.0230

c1 computing class: (8.64..8.99]
c1 discrimination constraints: 105h
c1 coverage constraints: 21v+925h
c1 formula: 119v, 1177c (1079h+98s)
c1 enumerating rules (maxsat-based)
c1 rule: 'Barium: (0.1..0.14]' => 'Calcium: (8.64..8.99]'
c1 rule: 'Barium: (0.14..0.19]' => 'Calcium: (8.64..8.99]'
c1 rule: 'Sodium: (-inf..12.69]', 'Magnesium: (3.53..3.66]' => 'Calcium: (8.64..8.99]'
c1 rule: 'Sodium: (-inf..12.69]', 'Aluminum: (1.13..1.28]' => 'Calcium: (8.64..8.99]'
c1 rule: 'Sodium: (12.93..13.22]', 'Iron: (0.19..0.25]' => 'Calcium: (8.64..8.99]'
c1 rule: 'Sodium: (12.69..12.93]', 'Iron: (0.3..+inf)' => 'Calcium: (8.64..8.99]'
c1 rule: 'Aluminum: (0.82..1.13]', 'Silicon: (72.35..72.66]' => 'Calcium: (8.64..8.99]'
c1 rule: 'Magnesium: (3.4..3.53]', 'Silicon: (71.95..72.35]' => 'Calcium: (8.64..8.99]'
c1 rule: 'Sodium: (12.69..12.93]', 'Silicon: (71.95..72.35]' => 'Calcium: (8.64..8.99]'
c1 rule: 'Magnesium: (2.89..3.4]', 'Iron: (0.14..0.19]' => 'Calcium: (8.64..8.99]'
c1 rule: 'Sodium: (12.69..12.93]', 'Aluminum: (0.82..1.13]' => 'Calcium: (8.64..8.99]'
c1 rule: 'Aluminum: (1.44..1.63]', 'Silicon: (71.95..72.35]' => 'Calcium: (8.64..8.99]'
c1 rule: 'Magnesium: (3.53..3.66]', 'Silicon: (72.35..72.66]', not 'Aluminum: (1.44..1.63]' => 'Calcium: (8.64..8.99]'
c1 rule: 'Sodium: (13.47..13.8]', 'Magnesium: (2.89..3.4]', not 'Silicon: (-inf..71.95]' => 'Calcium: (8.64..8.99]'
c1 rule: 'Magnesium: (2.89..3.4]', 'Silicon: (72.35..72.66]', not 'Potassium: (0.57..0.66]' => 'Calcium: (8.64..8.99]'
c1 rule: 'Sodium: (12.69..12.93]', 'Aluminum: (1.28..1.44]', 'Silicon: (72.66..72.89]' => 'Calcium: (8.64..8.99]'
c1 rule: 'Magnesium: (3.8..+inf)', 'Potassium: (-inf..0.11]', not 'Sodium: (13.8..+inf)' => 'Calcium: (8.64..8.99]'
c1 # of rules: 17
c1 rule time: 0.0161

c1 computing class: (8.99..9.75]
c1 discrimination constraints: 109h
c1 coverage constraints: 17v+749h
c1 formula: 115v, 1005c (907h+98s)
c1 enumerating rules (maxsat-based)
c1 rule: 'Barium: (0.19..0.55]' => 'Calcium: (8.99..9.75]'
c1 rule: 'Silicon: (71.95..72.35]', 'Potassium: (-inf..0.11]' => 'Calcium: (8.99..9.75]'
c1 rule: 'Sodium: (13.8..+inf)', 'Aluminum: (-inf..0.82]' => 'Calcium: (8.99..9.75]'
c1 rule: 'Sodium: (13.8..+inf)', 'Magnesium: (3.8..+inf)' => 'Calcium: (8.99..9.75]'
c1 rule: 'Magnesium: (3.8..+inf)', 'Aluminum: (-inf..0.82]' => 'Calcium: (8.99..9.75]'
c1 rule: 'Aluminum: (0.82..1.13]', 'Potassium: (0.23..0.48]' => 'Calcium: (8.99..9.75]'
c1 rule: 'Potassium: (0.11..0.23]', 'Iron: (0.3..+inf)' => 'Calcium: (8.99..9.75]'
c1 rule: 'Aluminum: (0.82..1.13]', 'Iron: (0.09..0.14]' => 'Calcium: (8.99..9.75]'
c1 rule: 'Sodium: (12.93..13.22]', 'Iron: (0.09..0.14]' => 'Calcium: (8.99..9.75]'
c1 rule: 'Magnesium: (-inf..2.89]', 'Aluminum: (1.13..1.28]' => 'Calcium: (8.99..9.75]'
c1 rule: 'Sodium: (12.93..13.22]', 'Magnesium: (-inf..2.89]' => 'Calcium: (8.99..9.75]'
c1 rule: 'Sodium: (-inf..12.69]', 'Aluminum: (1.44..1.63]' => 'Calcium: (8.99..9.75]'
c1 rule: 'Sodium: (13.47..13.8]', 'Potassium: (0.48..0.57]', 'Iron: (-inf..0.09]' => 'Calcium: (8.99..9.75]'
c1 rule: 'Sodium: (-inf..12.69]', 'Magnesium: (-inf..2.89]', 'Aluminum: (1.28..1.44]' => 'Calcium: (8.99..9.75]'
c1 rule: 'Sodium: (12.93..13.22]', 'Silicon: (71.95..72.35]', 'Potassium: (0.57..0.66]' => 'Calcium: (8.99..9.75]'
c1 # of rules: 15
c1 rule time: 0.0148

c1 computing class: (9.75..+inf)
c1 discrimination constraints: 110h
c1 coverage constraints: 16v+705h
c1 formula: 114v, 962c (864h+98s)
c1 enumerating rules (maxsat-based)
c1 rule: 'Barium: (0.55..+inf)' => 'Calcium: (9.75..+inf)'
c1 rule: 'Sodium: (13.22..13.47]', not 'Refractive Index: (-inf..1.52]' => 'Calcium: (9.75..+inf)'
c1 rule: 'Sodium: (13.47..13.8]', 'Silicon: (73.12..+inf)' => 'Calcium: (9.75..+inf)'
c1 rule: 'Silicon: (-inf..71.95]', 'Iron: (0.19..0.25]' => 'Calcium: (9.75..+inf)'
c1 rule: 'Silicon: (-inf..71.95]', 'Potassium: (0.23..0.48]' => 'Calcium: (9.75..+inf)'
c1 rule: 'Silicon: (71.95..72.35]', 'Potassium: (0.23..0.48]' => 'Calcium: (9.75..+inf)'
c1 rule: 'Aluminum: (1.28..1.44]', 'Iron: (0.14..0.19]' => 'Calcium: (9.75..+inf)'
c1 rule: 'Aluminum: (1.28..1.44]', not 'Refractive Index: (-inf..1.52]' => 'Calcium: (9.75..+inf)'
c1 rule: 'Sodium: (-inf..12.69]', 'Silicon: (71.95..72.35]' => 'Calcium: (9.75..+inf)'
c1 rule: 'Sodium: (-inf..12.69]', not 'Refractive Index: (-inf..1.52]' => 'Calcium: (9.75..+inf)'
c1 rule: 'Magnesium: (-inf..2.89]', 'Potassium: (-inf..0.11]' => 'Calcium: (9.75..+inf)'
c1 rule: 'Magnesium: (3.66..3.8]', 'Iron: (0.14..0.19]' => 'Calcium: (9.75..+inf)'
c1 rule: 'Potassium: (0.11..0.23]', 'Iron: (0.14..0.19]' => 'Calcium: (9.75..+inf)'
c1 rule: 'Magnesium: (2.89..3.4]', 'Aluminum: (-inf..0.82]' => 'Calcium: (9.75..+inf)'
c1 rule: 'Magnesium: (2.89..3.4]', 'Silicon: (-inf..71.95]' => 'Calcium: (9.75..+inf)'
c1 # of rules: 15
c1 rule time: 0.0120

c2 total rules: 107

c0 computing feature 8
c1 computing class: (-inf..0.07]
c1 discrimination constraints: 8h
c1 coverage constraints: 118v+5193h
c1 formula: 216v, 5348c (5250h+98s)
c1 enumerating rules (maxsat-based)
c1 rule: 'Potassium: (0.66..+inf)' => 'Barium: (-inf..0.07]'
c1 rule: 'Iron: (0.3..+inf)' => 'Barium: (-inf..0.07]'
c1 rule: 'Iron: (0.09..0.14]' => 'Barium: (-inf..0.07]'
c1 rule: 'Magnesium: (3.8..+inf)' => 'Barium: (-inf..0.07]'
c1 rule: 'Calcium: (8.1..8.39]' => 'Barium: (-inf..0.07]'
c1 rule: 'Sodium: (13.22..13.47]' => 'Barium: (-inf..0.07]'
c1 rule: 'Magnesium: (3.66..3.8]' => 'Barium: (-inf..0.07]'
c1 rule: 'Aluminum: (1.44..1.63]' => 'Barium: (-inf..0.07]'
c1 rule: 'Calcium: (-inf..8.1]' => 'Barium: (-inf..0.07]'
c1 rule: 'Potassium: (0.23..0.48]' => 'Barium: (-inf..0.07]'
c1 rule: 'Potassium: (-inf..0.11]' => 'Barium: (-inf..0.07]'
c1 rule: 'Magnesium: (3.53..3.66]', 'Potassium: (0.57..0.66]' => 'Barium: (-inf..0.07]'
c1 rule: 'Magnesium: (3.53..3.66]', 'Silicon: (72.89..73.12]' => 'Barium: (-inf..0.07]'
c1 rule: 'Silicon: (72.66..72.89]', not 'Potassium: (0.48..0.57]' => 'Barium: (-inf..0.07]'
c1 rule: 'Silicon: (72.66..72.89]', not 'Aluminum: (0.82..1.13]' => 'Barium: (-inf..0.07]'
c1 rule: 'Iron: (0.14..0.19]', not 'Potassium: (0.48..0.57]' => 'Barium: (-inf..0.07]'
c1 rule: 'Silicon: (72.89..73.12]', not 'Potassium: (0.57..0.66]' => 'Barium: (-inf..0.07]'
c1 rule: 'Aluminum: (1.13..1.28]', not 'Potassium: (0.57..0.66]' => 'Barium: (-inf..0.07]'
c1 rule: 'Aluminum: (1.13..1.28]', not 'Magnesium: (3.4..3.53]' => 'Barium: (-inf..0.07]'
c1 rule: 'Aluminum: (1.13..1.28]', not 'Silicon: (72.89..73.12]' => 'Barium: (-inf..0.07]'
c1 rule: 'Potassium: (0.11..0.23]', not 'Iron: (0.19..0.25]' => 'Barium: (-inf..0.07]'
c1 rule: 'Magnesium: (-inf..2.89]', 'Potassium: (0.11..0.23]' => 'Barium: (-inf..0.07]'
c1 rule: 'Calcium: (9.75..+inf)', not 'Silicon: (-inf..71.95]' => 'Barium: (-inf..0.07]'
c1 rule: 'Sodium: (-inf..12.69]', not 'Silicon: (-inf..71.95]' => 'Barium: (-inf..0.07]'
c1 rule: 'Aluminum: (0.82..1.13]', not 'Calcium: (8.39..8.64]' => 'Barium: (-inf..0.07]'
c1 rule: 'Sodium: (13.47..13.8]', 'Silicon: (-inf..71.95]' => 'Barium: (-inf..0.07]'
c1 rule: 'Iron: (-inf..0.09]', not 'Calcium: (8.64..8.99]' => 'Barium: (-inf..0.07]'
c1 # of rules: 27
c1 rule time: 0.0290

c1 computing class: (0.07..0.1]
c1 discrimination constraints: 124h
c1 coverage constraints: 2v+89h
c1 formula: 100v, 360c (262h+98s)
c1 enumerating rules (maxsat-based)
c1 rule: 'Calcium: (8.39..8.64]', 'Iron: (0.19..0.25]' => 'Barium: (0.07..0.1]'
c1 rule: 'Calcium: (8.39..8.64]', 'Iron: (0.14..0.19]', not 'Aluminum: (1.44..1.63]' => 'Barium: (0.07..0.1]'
c1 # of rules: 2
c1 rule time: 0.0049

c1 computing class: (0.1..0.14]
c1 discrimination constraints: 123h
c1 coverage constraints: 3v+133h
c1 formula: 101v, 403c (305h+98s)
c1 enumerating rules (maxsat-based)
c1 rule: 'Sodium: (13.8..+inf)', 'Calcium: (8.64..8.99]' => 'Barium: (0.1..0.14]'
c1 rule: 'Magnesium: (-inf..2.89]', 'Calcium: (8.64..8.99]' => 'Barium: (0.1..0.14]'
c1 rule: 'Magnesium: (2.89..3.4]', 'Aluminum: (1.28..1.44]', 'Silicon: (72.89..73.12]' => 'Barium: (0.1..0.14]'
c1 # of rules: 3
c1 rule time: 0.0050

c1 computing class: (0.14..0.19]
c1 discrimination constraints: 125h
c1 coverage constraints: 1v+45h
c1 formula: 99v, 317c (219h+98s)
c1 enumerating rules (maxsat-based)
c1 rule: 'Aluminum: (-inf..0.82]', 'Silicon: (72.35..72.66]' => 'Barium: (0.14..0.19]'
c1 # of rules: 1
c1 rule time: 0.0023

c1 computing class: (0.19..0.55]
c1 discrimination constraints: 125h
c1 coverage constraints: 1v+45h
c1 formula: 99v, 317c (219h+98s)
c1 enumerating rules (maxsat-based)
c1 rule: 'Aluminum: (1.63..+inf)', 'Calcium: (8.99..9.75]' => 'Barium: (0.19..0.55]'
c1 # of rules: 1
c1 rule time: 0.0023

c1 computing class: (0.55..+inf)
c1 discrimination constraints: 125h
c1 coverage constraints: 1v+45h
c1 formula: 99v, 317c (219h+98s)
c1 enumerating rules (maxsat-based)
c1 rule: 'Silicon: (-inf..71.95]', 'Iron: (0.25..0.3]' => 'Barium: (0.55..+inf)'
c1 # of rules: 1
c1 rule time: 0.0022

c2 total rules: 35

c0 computing feature 9
c1 computing class: (-inf..0.09]
c1 discrimination constraints: 43h
c1 coverage constraints: 83v+3653h
c1 formula: 181v, 3843c (3745h+98s)
c1 enumerating rules (maxsat-based)
c1 rule: 'Magnesium: (3.66..3.8]', 'Aluminum: (1.28..1.44]' => 'Iron: (-inf..0.09]'
c1 rule: 'Sodium: (12.93..13.22]', 'Magnesium: (3.66..3.8]' => 'Iron: (-inf..0.09]'
c1 rule: 'Aluminum: (1.13..1.28]', not 'Refractive Index: (-inf..1.52]' => 'Iron: (-inf..0.09]'
c1 rule: 'Magnesium: (-inf..2.89]', 'Aluminum: (1.13..1.28]' => 'Iron: (-inf..0.09]'
c1 rule: 'Magnesium: (-inf..2.89]', 'Silicon: (72.66..72.89]' => 'Iron: (-inf..0.09]'
c1 rule: 'Silicon: (71.95..72.35]', 'Potassium: (0.23..0.48]' => 'Iron: (-inf..0.09]'
c1 rule: 'Sodium: (13.8..+inf)', 'Silicon: (71.95..72.35]' => 'Iron: (-inf..0.09]'
c1 rule: 'Sodium: (13.8..+inf)', 'Aluminum: (-inf..0.82]' => 'Iron: (-inf..0.09]'
c1 rule: 'Aluminum: (-inf..0.82]', not 'Sodium: (13.47..13.8]' => 'Iron: (-inf..0.09]'
c1 rule: 'Aluminum: (-inf..0.82]', 'Calcium: (8.99..9.75]' => 'Iron: (-inf..0.09]'
c1 rule: 'Magnesium: (2.89..3.4]', 'Silicon: (71.95..72.35]' => 'Iron: (-inf..0.09]'
c1 rule: 'Magnesium: (2.89..3.4]', 'Aluminum: (1.28..1.44]' => 'Iron: (-inf..0.09]'
c1 rule: 'Magnesium: (2.89..3.4]', not 'Aluminum: (1.13..1.28]' => 'Iron: (-inf..0.09]'
c1 rule: 'Aluminum: (1.28..1.44]', 'Silicon: (72.35..72.66]' => 'Iron: (-inf..0.09]'
c1 rule: 'Sodium: (13.8..+inf)', 'Aluminum: (1.28..1.44]' => 'Iron: (-inf..0.09]'
c1 rule: 'Silicon: (-inf..71.95]', 'Potassium: (0.48..0.57]' => 'Iron: (-inf..0.09]'
c1 rule: 'Silicon: (72.89..73.12]', 'Potassium: (0.48..0.57]' => 'Iron: (-inf..0.09]'
c1 rule: 'Sodium: (13.22..13.47]', 'Silicon: (73.12..+inf)' => 'Iron: (-inf..0.09]'
c1 rule: 'Sodium: (13.22..13.47]', 'Calcium: (8.64..8.99]' => 'Iron: (-inf..0.09]'
c1 rule: 'Magnesium: (3.4..3.53]', 'Calcium: (8.64..8.99]' => 'Iron: (-inf..0.09]'
c1 rule: 'Potassium: (0.48..0.57]', 'Calcium: (-inf..8.1]' => 'Iron: (-inf..0.09]'
c1 rule: 'Sodium: (-inf..12.69]', 'Calcium: (-inf..8.1]' => 'Iron: (-inf..0.09]'
c1 rule: 'Sodium: (12.69..12.93]', 'Potassium: (0.23..0.48]' => 'Iron: (-inf..0.09]'
c1 rule: 'Silicon: (72.89..73.12]', 'Potassium: (0.23..0.48]' => 'Iron: (-inf..0.09]'
c1 rule: 'Refractive Index: (-inf..1.52]', 'Calcium: (9.75..+inf)' => 'Iron: (-inf..0.09]'
c1 rule: 'Sodium: (13.47..13.8]', 'Silicon: (72.89..73.12]' => 'Iron: (-inf..0.09]'
c1 rule: 'Magnesium: (3.66..3.8]', 'Silicon: (72.89..73.12]' => 'Iron: (-inf..0.09]'
c1 rule: 'Silicon: (71.95..72.35]', 'Calcium: (-inf..8.1]' => 'Iron: (-inf..0.09]'
c1 rule: 'Sodium: (12.69..12.93]', 'Aluminum: (1.63..+inf)' => 'Iron: (-inf..0.09]'
c1 rule: 'Aluminum: (1.63..+inf)', 'Silicon: (73.12..+inf)' => 'Iron: (-inf..0.09]'
c1 rule: 'Sodium: (-inf..12.69]', 'Magnesium: (3.4..3.53]' => 'Iron: (-inf..0.09]'
c1 rule: 'Aluminum: (1.13..1.28]', 'Potassium: (0.66..+inf)' => 'Iron: (-inf..0.09]'
c1 rule: 'Sodium: (12.93..13.22]', 'Potassium: (0.66..+inf)' => 'Iron: (-inf..0.09]'
c1 rule: 'Magnesium: (3.53..3.66]', 'Potassium: (0.66..+inf)' => 'Iron: (-inf..0.09]'
c1 rule: 'Magnesium: (3.53..3.66]', 'Aluminum: (1.63..+inf)' => 'Iron: (-inf..0.09]'
c1 rule: 'Sodium: (12.93..13.22]', 'Calcium: (-inf..8.1]' => 'Iron: (-inf..0.09]'
c1 rule: 'Potassium: (-inf..0.11]', 'Calcium: (8.64..8.99]' => 'Iron: (-inf..0.09]'
c1 rule: 'Magnesium: (3.8..+inf)', 'Silicon: (72.66..72.89]' => 'Iron: (-inf..0.09]'
c1 rule: 'Sodium: (13.22..13.47]', 'Silicon: (72.89..73.12]' => 'Iron: (-inf..0.09]'
c1 rule: 'Sodium: (13.22..13.47]', 'Magnesium: (2.89..3.4]' => 'Iron: (-inf..0.09]'
c1 rule: 'Sodium: (13.22..13.47]', 'Calcium: (8.39..8.64]' => 'Iron: (-inf..0.09]'
c1 rule: 'Sodium: (13.47..13.8]', 'Calcium: (8.39..8.64]' => 'Iron: (-inf..0.09]'
c1 rule: 'Sodium: (13.47..13.8]', 'Potassium: (0.57..0.66]' => 'Iron: (-inf..0.09]'
c1 rule: 'Aluminum: (0.82..1.13]', 'Silicon: (72.35..72.66]' => 'Iron: (-inf..0.09]'
c1 rule: 'Magnesium: (3.8..+inf)', 'Potassium: (0.57..0.66]' => 'Iron: (-inf..0.09]'
c1 rule: 'Silicon: (73.12..+inf)', 'Calcium: (8.39..8.64]' => 'Iron: (-inf..0.09]'
c1 rule: 'Aluminum: (1.28..1.44]', 'Silicon: (72.66..72.89]' => 'Iron: (-inf..0.09]'
c1 rule: 'Potassium: (-inf..0.11]', 'Calcium: (8.99..9.75]' => 'Iron: (-inf..0.09]'
c1 rule: 'Sodium: (13.8..+inf)', 'Magnesium: (3.8..+inf)' => 'Iron: (-inf..0.09]'
c1 rule: 'Aluminum: (1.63..+inf)', 'Silicon: (72.66..72.89]' => 'Iron: (-inf..0.09]'
c1 rule: 'Silicon: (72.66..72.89]', 'Potassium: (0.57..0.66]' => 'Iron: (-inf..0.09]'
c1 rule: 'Sodium: (12.93..13.22]', 'Aluminum: (1.13..1.28]', not 'Magnesium: (2.89..3.4]' => 'Iron: (-inf..0.09]'
c1 rule: 'Potassium: (0.57..0.66]', 'Calcium: (-inf..8.1]', not 'Magnesium: (3.53..3.66]' => 'Iron: (-inf..0.09]'
c1 rule: 'Aluminum: (1.44..1.63]', 'Calcium: (8.1..8.39]', not 'Potassium: (-inf..0.11]' => 'Iron: (-inf..0.09]'
c1 rule: 'Silicon: (72.89..73.12]', 'Calcium: (8.39..8.64]', not 'Magnesium: (3.4..3.53]' => 'Iron: (-inf..0.09]'
c1 rule: 'Silicon: (72.89..73.12]', 'Calcium: (8.39..8.64]', not 'Aluminum: (1.13..1.28]' => 'Iron: (-inf..0.09]'
c1 rule: 'Potassium: (0.57..0.66]', 'Calcium: (8.1..8.39]', not 'Sodium: (12.93..13.22]' => 'Iron: (-inf..0.09]'
c1 rule: 'Aluminum: (0.82..1.13]', 'Calcium: (8.1..8.39]', not 'Potassium: (0.57..0.66]' => 'Iron: (-inf..0.09]'
c1 # of rules: 58
c1 rule time: 0.0698

c1 computing class: (0.09..0.14]
c1 discrimination constraints: 115h
c1 coverage constraints: 11v+485h
c1 formula: 109v, 747c (649h+98s)
c1 enumerating rules (maxsat-based)
c1 rule: 'Aluminum: (1.28..1.44]', 'Potassium: (0.11..0.23]' => 'Iron: (0.09..0.14]'
c1 rule: 'Potassium: (0.11..0.23]', 'Calcium: (-inf..8.1]' => 'Iron: (0.09..0.14]'
c1 rule: 'Aluminum: (1.13..1.28]', 'Potassium: (0.23..0.48]' => 'Iron: (0.09..0.14]'
c1 rule: 'Magnesium: (2.89..3.4]', 'Calcium: (8.99..9.75]' => 'Iron: (0.09..0.14]'
c1 rule: 'Silicon: (72.35..72.66]', 'Potassium: (0.66..+inf)', not 'Calcium: (8.1..8.39]' => 'Iron: (0.09..0.14]'
c1 rule: 'Sodium: (13.47..13.8]', 'Aluminum: (0.82..1.13]', 'Calcium: (8.99..9.75]' => 'Iron: (0.09..0.14]'
c1 rule: 'Aluminum: (1.44..1.63]', 'Potassium: (0.57..0.66]', 'Calcium: (8.39..8.64]' => 'Iron: (0.09..0.14]'
c1 rule: 'Sodium: (13.22..13.47]', 'Magnesium: (3.8..+inf)', 'Silicon: (71.95..72.35]' => 'Iron: (0.09..0.14]'
c1 rule: 'Sodium: (-inf..12.69]', 'Magnesium: (3.53..3.66]', 'Potassium: (0.57..0.66]' => 'Iron: (0.09..0.14]'
c1 rule: 'Magnesium: (3.53..3.66]', 'Silicon: (72.66..72.89]', 'Calcium: (8.1..8.39]' => 'Iron: (0.09..0.14]'
c1 rule: 'Silicon: (72.35..72.66]', 'Potassium: (0.48..0.57]', not 'Aluminum: (1.28..1.44]', not 'Calcium: (8.64..8.99]' => 'Iron: (0.09..0.14]'
c1 # of rules: 11
c1 rule time: 0.0146

c1 computing class: (0.14..0.19]
c1 discrimination constraints: 114h
c1 coverage constraints: 12v+529h
c1 formula: 110v, 790c (692h+98s)
c1 enumerating rules (maxsat-based)
c1 rule: 'Barium: (0.19..0.55]' => 'Iron: (0.14..0.19]'
c1 rule: 'Magnesium: (3.66..3.8]', 'Calcium: (9.75..+inf)' => 'Iron: (0.14..0.19]'
c1 rule: 'Magnesium: (3.4..3.53]', 'Potassium: (-inf..0.11]' => 'Iron: (0.14..0.19]'
c1 rule: 'Aluminum: (0.82..1.13]', not 'Barium: (-inf..0.07]' => 'Iron: (0.14..0.19]'
c1 rule: 'Sodium: (12.93..13.22]', 'Potassium: (0.11..0.23]' => 'Iron: (0.14..0.19]'
c1 rule: 'Silicon: (-inf..71.95]', 'Potassium: (0.23..0.48]' => 'Iron: (0.14..0.19]'
c1 rule: 'Magnesium: (3.53..3.66]', 'Calcium: (8.99..9.75]' => 'Iron: (0.14..0.19]'
c1 rule: 'Potassium: (0.48..0.57]', 'Calcium: (9.75..+inf)' => 'Iron: (0.14..0.19]'
c1 rule: 'Aluminum: (1.44..1.63]', 'Calcium: (8.39..8.64]', not 'Silicon: (72.35..72.66]' => 'Iron: (0.14..0.19]'
c1 rule: 'Sodium: (12.69..12.93]', 'Magnesium: (3.53..3.66]', 'Potassium: (0.48..0.57]' => 'Iron: (0.14..0.19]'
c1 rule: 'Aluminum: (1.63..+inf)', 'Calcium: (8.1..8.39]', not 'Silicon: (72.66..72.89]' => 'Iron: (0.14..0.19]'
c1 rule: 'Magnesium: (2.89..3.4]', 'Silicon: (72.66..72.89]', not 'Potassium: (0.57..0.66]' => 'Iron: (0.14..0.19]'
c1 # of rules: 12
c1 rule time: 0.0089

c1 computing class: (0.19..0.25]
c1 discrimination constraints: 114h
c1 coverage constraints: 12v+529h
c1 formula: 110v, 790c (692h+98s)
c1 enumerating rules (maxsat-based)
c1 rule: 'Barium: (0.14..0.19]' => 'Iron: (0.19..0.25]'
c1 rule: 'Silicon: (73.12..+inf)', 'Calcium: (8.99..9.75]' => 'Iron: (0.19..0.25]'
c1 rule: 'Sodium: (12.69..12.93]', 'Magnesium: (-inf..2.89]' => 'Iron: (0.19..0.25]'
c1 rule: 'Sodium: (12.69..12.93]', 'Barium: (0.07..0.1]' => 'Iron: (0.19..0.25]'
c1 rule: 'Sodium: (12.69..12.93]', 'Silicon: (71.95..72.35]' => 'Iron: (0.19..0.25]'
c1 rule: 'Sodium: (-inf..12.69]', 'Aluminum: (0.82..1.13]' => 'Iron: (0.19..0.25]'
c1 rule: 'Silicon: (73.12..+inf)', 'Calcium: (8.64..8.99]' => 'Iron: (0.19..0.25]'
c1 rule: 'Aluminum: (1.28..1.44]', 'Potassium: (0.66..+inf)' => 'Iron: (0.19..0.25]'
c1 rule: 'Sodium: (12.69..12.93]', 'Silicon: (72.89..73.12]', 'Calcium: (-inf..8.1]' => 'Iron: (0.19..0.25]'
c1 rule: 'Sodium: (12.93..13.22]', 'Aluminum: (1.13..1.28]', 'Silicon: (72.89..73.12]', not 'Calcium: (8.39..8.64]' => 'Iron: (0.19..0.25]'
c1 # of rules: 10
c1 rule time: 0.0107

c1 computing class: (0.25..0.3]
c1 discrimination constraints: 123h
c1 coverage constraints: 3v+133h
c1 formula: 101v, 403c (305h+98s)
c1 enumerating rules (maxsat-based)
c1 rule: 'Barium: (0.55..+inf)' => 'Iron: (0.25..0.3]'
c1 rule: 'Silicon: (71.95..72.35]', 'Calcium: (8.39..8.64]' => 'Iron: (0.25..0.3]'
c1 # of rules: 2
c1 rule time: 0.0039

c1 computing class: (0.3..+inf)
c1 discrimination constraints: 121h
c1 coverage constraints: 5v+221h
c1 formula: 103v, 489c (391h+98s)
c1 enumerating rules (maxsat-based)
c1 rule: 'Sodium: (13.47..13.8]', 'Calcium: (8.1..8.39]' => 'Iron: (0.3..+inf)'
c1 rule: 'Potassium: (0.66..+inf)', not 'Refractive Index: (-inf..1.52]' => 'Iron: (0.3..+inf)'
c1 rule: 'Sodium: (12.93..13.22]', 'Silicon: (72.89..73.12]', 'Calcium: (8.1..8.39]' => 'Iron: (0.3..+inf)'
c1 rule: 'Potassium: (0.11..0.23]', 'Calcium: (8.99..9.75]', not 'Magnesium: (3.8..+inf)' => 'Iron: (0.3..+inf)'
c1 rule: 'Sodium: (12.69..12.93]', 'Aluminum: (1.13..1.28]', 'Silicon: (72.35..72.66]' => 'Iron: (0.3..+inf)'
c1 # of rules: 5
c1 rule time: 0.0077

c2 total rules: 98
c3 total time: 1.1415

Rules are saved to ../rules/size/q6_glass2_train2.csv_size5.json