c0 # of samps: 130 (119 weighted)
c0 # of feats: 9 (41 binary)
c0 # of labls: 2
c0 parse time: 0.2838


c0 computing feature 1
c1 computing class: (-inf..1.52]
c1 discrimination constraints: 26h
c1 coverage constraints: 93v+3814h
c1 formula: 177v, 3966c (3882h+84s)
c1 enumerating rules (maxsat-based)
c1 rule: 'Barium: (0.12..0.15]' => 'Refractive Index: (-inf..1.52]'
c1 rule: 'Calcium: (8.16..8.5]' => 'Refractive Index: (-inf..1.52]'
c1 rule: 'Calcium: (-inf..8.16]' => 'Refractive Index: (-inf..1.52]'
c1 rule: 'Barium: (0.08..0.12]' => 'Refractive Index: (-inf..1.52]'
c1 rule: 'Sodium: (12.74..13.03]' => 'Refractive Index: (-inf..1.52]'
c1 rule: 'Sodium: (13.03..13.38]', 'Magnesium: (3.1..3.45]' => 'Refractive Index: (-inf..1.52]'
c1 rule: 'Sodium: (13.03..13.38]', 'Potassium: (0.54..0.64]' => 'Refractive Index: (-inf..1.52]'
c1 rule: 'Potassium: (0.54..0.64]', not 'Sodium: (-inf..12.74]' => 'Refractive Index: (-inf..1.52]'
c1 rule: 'Potassium: (0.54..0.64]', 'Iron: (-inf..0.1]' => 'Refractive Index: (-inf..1.52]'
c1 rule: 'Potassium: (0.54..0.64]', not 'Barium: (0.44..+inf)' => 'Refractive Index: (-inf..1.52]'
c1 rule: 'Sodium: (13.03..13.38]', 'Aluminum: (1.19..1.37]' => 'Refractive Index: (-inf..1.52]'
c1 rule: 'Aluminum: (1.19..1.37]', not 'Magnesium: (-inf..3.1]' => 'Refractive Index: (-inf..1.52]'
c1 rule: 'Silicon: (72.02..72.49]', 'Potassium: (-inf..0.13]' => 'Refractive Index: (-inf..1.52]'
c1 rule: 'Magnesium: (3.61..3.77]', 'Calcium: (8.81..9.59]' => 'Refractive Index: (-inf..1.52]'
c1 rule: 'Aluminum: (1.58..+inf)', 'Calcium: (8.5..8.81]' => 'Refractive Index: (-inf..1.52]'
c1 rule: 'Potassium: (0.13..0.37]', 'Calcium: (8.5..8.81]' => 'Refractive Index: (-inf..1.52]'
c1 rule: 'Silicon: (72.49..72.8]', 'Potassium: (-inf..0.13]' => 'Refractive Index: (-inf..1.52]'
c1 rule: 'Potassium: (0.64..+inf)', 'Calcium: (8.81..9.59]' => 'Refractive Index: (-inf..1.52]'
c1 rule: 'Silicon: (73.08..+inf)', not 'Sodium: (-inf..12.74]' => 'Refractive Index: (-inf..1.52]'
c1 # of rules: 19
c1 rule time: 0.0190

c1 computing class: (1.52..+inf)
c1 discrimination constraints: 93h
c1 coverage constraints: 26v+1067h
c1 formula: 110v, 1286c (1202h+84s)
c1 enumerating rules (maxsat-based)
c1 rule: 'Barium: (0.15..0.44]' => 'Refractive Index: (1.52..+inf)'
c1 rule: 'Silicon: (-inf..72.02]', 'Iron: (0.16..0.22]' => 'Refractive Index: (1.52..+inf)'
c1 rule: 'Sodium: (13.03..13.38]', 'Silicon: (-inf..72.02]' => 'Refractive Index: (1.52..+inf)'
c1 rule: 'Aluminum: (0.88..1.19]', 'Silicon: (-inf..72.02]' => 'Refractive Index: (1.52..+inf)'
c1 rule: 'Aluminum: (-inf..0.88]', 'Silicon: (72.02..72.49]' => 'Refractive Index: (1.52..+inf)'
c1 rule: 'Magnesium: (3.77..+inf)', 'Aluminum: (-inf..0.88]' => 'Refractive Index: (1.52..+inf)'
c1 rule: 'Magnesium: (3.61..3.77]', 'Calcium: (9.59..+inf)' => 'Refractive Index: (1.52..+inf)'
c1 rule: 'Calcium: (9.59..+inf)', not 'Magnesium: (-inf..3.1]' => 'Refractive Index: (1.52..+inf)'
c1 rule: 'Sodium: (-inf..12.74]', 'Silicon: (-inf..72.02]' => 'Refractive Index: (1.52..+inf)'
c1 rule: 'Sodium: (-inf..12.74]', 'Potassium: (-inf..0.13]' => 'Refractive Index: (1.52..+inf)'
c1 rule: 'Sodium: (-inf..12.74]', 'Calcium: (9.59..+inf)' => 'Refractive Index: (1.52..+inf)'
c1 rule: 'Silicon: (-inf..72.02]', 'Calcium: (9.59..+inf)' => 'Refractive Index: (1.52..+inf)'
c1 rule: 'Magnesium: (3.61..3.77]', 'Potassium: (0.37..0.54]' => 'Refractive Index: (1.52..+inf)'
c1 rule: 'Calcium: (9.59..+inf)', not 'Sodium: (13.38..13.72]' => 'Refractive Index: (1.52..+inf)'
c1 # of rules: 14
c1 rule time: 0.0120

c2 total rules: 33

c0 computing feature 2
c1 computing class: (-inf..12.74]
c1 discrimination constraints: 103h
c1 coverage constraints: 16v+593h
c1 formula: 98v, 819c (737h+82s)
c1 enumerating rules (maxsat-based)
c1 rule: 'Calcium: (9.59..+inf)', not 'Barium: (-inf..0.08]' => 'Sodium: (-inf..12.74]'
c1 rule: 'Silicon: (72.8..73.08]', 'Potassium: (-inf..0.13]' => 'Sodium: (-inf..12.74]'
c1 rule: 'Silicon: (73.08..+inf)', 'Calcium: (8.81..9.59]' => 'Sodium: (-inf..12.74]'
c1 rule: 'Calcium: (9.59..+inf)', 'Iron: (0.29..+inf)' => 'Sodium: (-inf..12.74]'
c1 rule: 'Potassium: (0.64..+inf)', 'Calcium: (8.16..8.5]' => 'Sodium: (-inf..12.74]'
c1 rule: 'Silicon: (73.08..+inf)', not 'Refractive Index: (-inf..1.52]' => 'Sodium: (-inf..12.74]'
c1 rule: 'Magnesium: (3.1..3.45]', 'Aluminum: (0.88..1.19]' => 'Sodium: (-inf..12.74]'
c1 rule: 'Potassium: (0.64..+inf)', 'Calcium: (8.81..9.59]' => 'Sodium: (-inf..12.74]'
c1 rule: 'Magnesium: (-inf..3.1]', 'Potassium: (0.64..+inf)' => 'Sodium: (-inf..12.74]'
c1 rule: 'Silicon: (73.08..+inf)', 'Iron: (0.22..0.29]' => 'Sodium: (-inf..12.74]'
c1 rule: 'Magnesium: (-inf..3.1]', 'Aluminum: (-inf..0.88]', not 'Silicon: (73.08..+inf)' => 'Sodium: (-inf..12.74]'
c1 rule: 'Aluminum: (1.37..1.58]', 'Silicon: (73.08..+inf)', 'Calcium: (8.5..8.81]' => 'Sodium: (-inf..12.74]'
c1 rule: 'Silicon: (73.08..+inf)', 'Calcium: (8.5..8.81]', not 'Aluminum: (0.88..1.19]' => 'Sodium: (-inf..12.74]'
c1 # of rules: 13
c1 rule time: 0.0105

c1 computing class: (12.74..13.03]
c1 discrimination constraints: 94h
c1 coverage constraints: 25v+926h
c1 formula: 107v, 1143c (1061h+82s)
c1 enumerating rules (maxsat-based)
c1 rule: 'Magnesium: (-inf..3.1]', 'Barium: (0.12..0.15]' => 'Sodium: (12.74..13.03]'
c1 rule: 'Magnesium: (3.45..3.61]', 'Iron: (0.29..+inf)' => 'Sodium: (12.74..13.03]'
c1 rule: 'Magnesium: (3.61..3.77]', 'Iron: (0.29..+inf)' => 'Sodium: (12.74..13.03]'
c1 rule: 'Silicon: (72.8..73.08]', 'Iron: (0.22..0.29]' => 'Sodium: (12.74..13.03]'
c1 rule: 'Calcium: (-inf..8.16]', 'Iron: (0.16..0.22]' => 'Sodium: (12.74..13.03]'
c1 rule: 'Aluminum: (1.19..1.37]', 'Iron: (0.16..0.22]' => 'Sodium: (12.74..13.03]'
c1 rule: 'Magnesium: (3.77..+inf)', 'Silicon: (72.8..73.08]' => 'Sodium: (12.74..13.03]'
c1 rule: 'Magnesium: (3.45..3.61]', 'Iron: (0.16..0.22]' => 'Sodium: (12.74..13.03]'
c1 rule: 'Aluminum: (1.37..1.58]', 'Silicon: (72.8..73.08]', not 'Magnesium: (3.45..3.61]' => 'Sodium: (12.74..13.03]'
c1 rule: 'Magnesium: (3.45..3.61]', 'Potassium: (0.54..0.64]', not 'Iron: (-inf..0.1]' => 'Sodium: (12.74..13.03]'
c1 rule: 'Magnesium: (3.45..3.61]', 'Aluminum: (0.88..1.19]', 'Potassium: (0.54..0.64]' => 'Sodium: (12.74..13.03]'
c1 rule: 'Magnesium: (3.61..3.77]', 'Calcium: (8.81..9.59]', not 'Potassium: (-inf..0.13]' => 'Sodium: (12.74..13.03]'
c1 rule: 'Refractive Index: (-inf..1.52]', 'Aluminum: (1.58..+inf)', 'Potassium: (0.37..0.54]' => 'Sodium: (12.74..13.03]'
c1 rule: 'Magnesium: (3.45..3.61]', 'Aluminum: (1.58..+inf)', not 'Silicon: (72.49..72.8]' => 'Sodium: (12.74..13.03]'
c1 rule: 'Magnesium: (3.45..3.61]', 'Potassium: (0.64..+inf)', not 'Calcium: (-inf..8.16]' => 'Sodium: (12.74..13.03]'
c1 rule: 'Magnesium: (3.61..3.77]', 'Aluminum: (1.19..1.37]', 'Calcium: (8.5..8.81]' => 'Sodium: (12.74..13.03]'
c1 rule: 'Magnesium: (3.45..3.61]', 'Silicon: (72.49..72.8]', 'Calcium: (8.5..8.81]' => 'Sodium: (12.74..13.03]'
c1 # of rules: 17
c1 rule time: 0.0165

c1 computing class: (13.03..13.38]
c1 discrimination constraints: 87h
c1 coverage constraints: 32v+1185h
c1 formula: 114v, 1395c (1313h+82s)
c1 enumerating rules (maxsat-based)
c1 rule: 'Magnesium: (3.77..+inf)', 'Silicon: (72.49..72.8]' => 'Sodium: (13.03..13.38]'
c1 rule: 'Silicon: (72.49..72.8]', not 'Refractive Index: (-inf..1.52]' => 'Sodium: (13.03..13.38]'
c1 rule: 'Aluminum: (0.88..1.19]', 'Potassium: (0.37..0.54]' => 'Sodium: (13.03..13.38]'
c1 rule: 'Barium: (0.08..0.12]', not 'Calcium: (8.5..8.81]' => 'Sodium: (13.03..13.38]'
c1 rule: 'Magnesium: (3.61..3.77]', 'Aluminum: (1.37..1.58]' => 'Sodium: (13.03..13.38]'
c1 rule: 'Aluminum: (1.37..1.58]', 'Potassium: (-inf..0.13]' => 'Sodium: (13.03..13.38]'
c1 rule: 'Magnesium: (3.1..3.45]', 'Iron: (0.1..0.16]' => 'Sodium: (13.03..13.38]'
c1 rule: 'Silicon: (72.02..72.49]', 'Iron: (0.22..0.29]' => 'Sodium: (13.03..13.38]'
c1 rule: 'Magnesium: (3.1..3.45]', 'Iron: (0.16..0.22]' => 'Sodium: (13.03..13.38]'
c1 rule: 'Aluminum: (-inf..0.88]', 'Iron: (0.16..0.22]' => 'Sodium: (13.03..13.38]'
c1 rule: 'Magnesium: (3.45..3.61]', 'Calcium: (9.59..+inf)' => 'Sodium: (13.03..13.38]'
c1 rule: 'Magnesium: (-inf..3.1]', 'Potassium: (0.37..0.54]', not 'Iron: (0.16..0.22]' => 'Sodium: (13.03..13.38]'
c1 rule: 'Silicon: (72.8..73.08]', 'Potassium: (0.37..0.54]', not 'Aluminum: (1.37..1.58]' => 'Sodium: (13.03..13.38]'
c1 rule: 'Aluminum: (1.37..1.58]', 'Potassium: (0.54..0.64]', 'Calcium: (8.16..8.5]' => 'Sodium: (13.03..13.38]'
c1 rule: 'Silicon: (72.02..72.49]', 'Calcium: (8.16..8.5]', not 'Aluminum: (1.19..1.37]' => 'Sodium: (13.03..13.38]'
c1 rule: 'Silicon: (72.02..72.49]', 'Calcium: (8.16..8.5]', not 'Magnesium: (3.45..3.61]' => 'Sodium: (13.03..13.38]'
c1 rule: 'Magnesium: (3.45..3.61]', 'Aluminum: (1.37..1.58]', 'Calcium: (8.16..8.5]' => 'Sodium: (13.03..13.38]'
c1 rule: 'Magnesium: (-inf..3.1]', 'Aluminum: (1.19..1.37]', 'Silicon: (72.8..73.08]' => 'Sodium: (13.03..13.38]'
c1 rule: 'Aluminum: (1.37..1.58]', 'Silicon: (72.8..73.08]', 'Potassium: (0.64..+inf)' => 'Sodium: (13.03..13.38]'
c1 rule: 'Silicon: (73.08..+inf)', 'Calcium: (-inf..8.16]', not 'Potassium: (0.64..+inf)' => 'Sodium: (13.03..13.38]'
c1 rule: 'Aluminum: (1.19..1.37]', 'Calcium: (-inf..8.16]', not 'Magnesium: (3.45..3.61]' => 'Sodium: (13.03..13.38]'
c1 rule: 'Aluminum: (1.37..1.58]', 'Silicon: (73.08..+inf)', 'Potassium: (0.37..0.54]' => 'Sodium: (13.03..13.38]'
c1 rule: 'Magnesium: (3.61..3.77]', 'Calcium: (8.16..8.5]', not 'Aluminum: (0.88..1.19]' => 'Sodium: (13.03..13.38]'
c1 rule: 'Aluminum: (1.58..+inf)', 'Silicon: (72.49..72.8]', 'Potassium: (0.64..+inf)' => 'Sodium: (13.03..13.38]'
c1 rule: 'Aluminum: (1.19..1.37]', 'Silicon: (72.49..72.8]', 'Calcium: (8.16..8.5]', not 'Magnesium: (3.1..3.45]' => 'Sodium: (13.03..13.38]'
c1 rule: 'Magnesium: (3.1..3.45]', 'Silicon: (72.49..72.8]', not 'Potassium: (0.37..0.54]', not 'Calcium: (8.16..8.5]' => 'Sodium: (13.03..13.38]'
c1 # of rules: 26
c1 rule time: 0.0236

c1 computing class: (13.38..13.72]
c1 discrimination constraints: 91h
c1 coverage constraints: 28v+1037h
c1 formula: 110v, 1251c (1169h+82s)
c1 enumerating rules (maxsat-based)
c1 rule: 'Barium: (0.15..0.44]' => 'Sodium: (13.38..13.72]'
c1 rule: 'Aluminum: (-inf..0.88]', not 'Barium: (-inf..0.08]' => 'Sodium: (13.38..13.72]'
c1 rule: 'Aluminum: (-inf..0.88]', 'Iron: (0.1..0.16]' => 'Sodium: (13.38..13.72]'
c1 rule: 'Refractive Index: (-inf..1.52]', 'Calcium: (9.59..+inf)' => 'Sodium: (13.38..13.72]'
c1 rule: 'Silicon: (-inf..72.02]', 'Calcium: (8.16..8.5]' => 'Sodium: (13.38..13.72]'
c1 rule: 'Silicon: (72.49..72.8]', 'Iron: (0.1..0.16]' => 'Sodium: (13.38..13.72]'
c1 rule: 'Silicon: (72.49..72.8]', 'Potassium: (-inf..0.13]' => 'Sodium: (13.38..13.72]'
c1 rule: 'Silicon: (72.02..72.49]', 'Calcium: (8.5..8.81]' => 'Sodium: (13.38..13.72]'
c1 rule: 'Magnesium: (3.77..+inf)', 'Calcium: (8.5..8.81]' => 'Sodium: (13.38..13.72]'
c1 rule: 'Silicon: (72.02..72.49]', 'Calcium: (-inf..8.16]' => 'Sodium: (13.38..13.72]'
c1 rule: 'Magnesium: (3.45..3.61]', 'Calcium: (8.81..9.59]' => 'Sodium: (13.38..13.72]'
c1 rule: 'Aluminum: (0.88..1.19]', 'Calcium: (-inf..8.16]' => 'Sodium: (13.38..13.72]'
c1 rule: 'Silicon: (72.49..72.8]', 'Potassium: (0.13..0.37]' => 'Sodium: (13.38..13.72]'
c1 rule: 'Aluminum: (1.19..1.37]', 'Calcium: (9.59..+inf)', not 'Silicon: (72.02..72.49]' => 'Sodium: (13.38..13.72]'
c1 rule: 'Silicon: (-inf..72.02]', 'Calcium: (8.5..8.81]', not 'Magnesium: (3.45..3.61]' => 'Sodium: (13.38..13.72]'
c1 rule: 'Magnesium: (-inf..3.1]', 'Aluminum: (0.88..1.19]', 'Silicon: (72.8..73.08]' => 'Sodium: (13.38..13.72]'
c1 rule: 'Silicon: (72.8..73.08]', 'Potassium: (0.37..0.54]', 'Calcium: (-inf..8.16]' => 'Sodium: (13.38..13.72]'
c1 rule: 'Aluminum: (1.19..1.37]', 'Potassium: (0.64..+inf)', 'Calcium: (-inf..8.16]' => 'Sodium: (13.38..13.72]'
c1 rule: 'Magnesium: (3.1..3.45]', 'Silicon: (72.49..72.8]', not 'Potassium: (0.54..0.64]' => 'Sodium: (13.38..13.72]'
c1 rule: 'Magnesium: (3.1..3.45]', 'Silicon: (72.02..72.49]', 'Iron: (-inf..0.1]' => 'Sodium: (13.38..13.72]'
c1 rule: 'Magnesium: (3.1..3.45]', 'Silicon: (72.49..72.8]', not 'Calcium: (8.5..8.81]' => 'Sodium: (13.38..13.72]'
c1 rule: 'Silicon: (72.49..72.8]', 'Potassium: (0.54..0.64]', 'Calcium: (-inf..8.16]' => 'Sodium: (13.38..13.72]'
c1 rule: 'Aluminum: (1.37..1.58]', 'Silicon: (72.49..72.8]', 'Calcium: (-inf..8.16]', not 'Iron: (0.22..0.29]' => 'Sodium: (13.38..13.72]'
c1 # of rules: 23
c1 rule time: 0.0210

c1 computing class: (13.72..+inf)
c1 discrimination constraints: 101h
c1 coverage constraints: 18v+667h
c1 formula: 100v, 891c (809h+82s)
c1 enumerating rules (maxsat-based)
c1 rule: 'Magnesium: (3.77..+inf)', 'Calcium: (9.59..+inf)' => 'Sodium: (13.72..+inf)'
c1 rule: 'Aluminum: (1.19..1.37]', not 'Barium: (-inf..0.08]' => 'Sodium: (13.72..+inf)'
c1 rule: 'Potassium: (0.13..0.37]', 'Calcium: (-inf..8.16]' => 'Sodium: (13.72..+inf)'
c1 rule: 'Silicon: (-inf..72.02]', 'Iron: (0.16..0.22]' => 'Sodium: (13.72..+inf)'
c1 rule: 'Magnesium: (3.1..3.45]', 'Calcium: (9.59..+inf)' => 'Sodium: (13.72..+inf)'
c1 rule: 'Silicon: (72.02..72.49]', 'Potassium: (-inf..0.13]' => 'Sodium: (13.72..+inf)'
c1 rule: 'Calcium: (8.81..9.59]', 'Iron: (0.29..+inf)' => 'Sodium: (13.72..+inf)'
c1 rule: 'Magnesium: (3.45..3.61]', 'Silicon: (72.02..72.49]', 'Calcium: (8.16..8.5]' => 'Sodium: (13.72..+inf)'
c1 rule: 'Aluminum: (1.19..1.37]', 'Silicon: (72.02..72.49]', not 'Potassium: (0.54..0.64]' => 'Sodium: (13.72..+inf)'
c1 rule: 'Aluminum: (0.88..1.19]', 'Silicon: (-inf..72.02]', not 'Potassium: (-inf..0.13]' => 'Sodium: (13.72..+inf)'
c1 rule: 'Potassium: (-inf..0.13]', 'Calcium: (8.81..9.59]', not 'Magnesium: (3.45..3.61]' => 'Sodium: (13.72..+inf)'
c1 rule: 'Magnesium: (-inf..3.1]', 'Aluminum: (0.88..1.19]', 'Potassium: (-inf..0.13]' => 'Sodium: (13.72..+inf)'
c1 rule: 'Magnesium: (3.45..3.61]', 'Potassium: (0.37..0.54]', not 'Aluminum: (1.37..1.58]', not 'Calcium: (8.16..8.5]' => 'Sodium: (13.72..+inf)'
c1 # of rules: 13
c1 rule time: 0.0124

c2 total rules: 92

c0 computing feature 3
c1 computing class: (-inf..3.1]
c1 discrimination constraints: 100h
c1 coverage constraints: 19v+704h
c1 formula: 101v, 927c (845h+82s)
c1 enumerating rules (maxsat-based)
c1 rule: 'Barium: (0.15..0.44]' => 'Magnesium: (-inf..3.1]'
c1 rule: 'Potassium: (0.54..0.64]', 'Barium: (0.44..+inf)' => 'Magnesium: (-inf..3.1]'
c1 rule: 'Barium: (0.12..0.15]', not 'Silicon: (72.49..72.8]' => 'Magnesium: (-inf..3.1]'
c1 rule: 'Sodium: (13.72..+inf)', 'Aluminum: (1.37..1.58]' => 'Magnesium: (-inf..3.1]'
c1 rule: 'Aluminum: (-inf..0.88]', 'Silicon: (72.8..73.08]' => 'Magnesium: (-inf..3.1]'
c1 rule: 'Potassium: (0.37..0.54]', 'Calcium: (9.59..+inf)' => 'Magnesium: (-inf..3.1]'
c1 rule: 'Refractive Index: (-inf..1.52]', 'Calcium: (9.59..+inf)' => 'Magnesium: (-inf..3.1]'
c1 rule: 'Aluminum: (1.19..1.37]', not 'Refractive Index: (-inf..1.52]' => 'Magnesium: (-inf..3.1]'
c1 rule: 'Potassium: (0.37..0.54]', 'Calcium: (8.81..9.59]' => 'Magnesium: (-inf..3.1]'
c1 rule: 'Potassium: (0.64..+inf)', 'Calcium: (8.81..9.59]' => 'Magnesium: (-inf..3.1]'
c1 rule: 'Silicon: (72.8..73.08]', 'Calcium: (8.81..9.59]' => 'Magnesium: (-inf..3.1]'
c1 rule: 'Sodium: (-inf..12.74]', 'Calcium: (9.59..+inf)' => 'Magnesium: (-inf..3.1]'
c1 rule: 'Sodium: (-inf..12.74]', 'Aluminum: (1.58..+inf)' => 'Magnesium: (-inf..3.1]'
c1 rule: 'Calcium: (9.59..+inf)', not 'Aluminum: (-inf..0.88]', not 'Iron: (0.1..0.16]' => 'Magnesium: (-inf..3.1]'
c1 rule: 'Sodium: (-inf..12.74]', 'Calcium: (8.81..9.59]', not 'Aluminum: (0.88..1.19]' => 'Magnesium: (-inf..3.1]'
c1 # of rules: 15
c1 rule time: 0.0113

c1 computing class: (3.1..3.45]
c1 discrimination constraints: 102h
c1 coverage constraints: 17v+630h
c1 formula: 99v, 855c (773h+82s)
c1 enumerating rules (maxsat-based)
c1 rule: 'Aluminum: (0.88..1.19]', 'Iron: (0.22..0.29]' => 'Magnesium: (3.1..3.45]'
c1 rule: 'Silicon: (72.02..72.49]', 'Calcium: (8.5..8.81]' => 'Magnesium: (3.1..3.45]'
c1 rule: 'Aluminum: (1.37..1.58]', 'Potassium: (-inf..0.13]' => 'Magnesium: (3.1..3.45]'
c1 rule: 'Potassium: (0.64..+inf)', 'Calcium: (8.16..8.5]' => 'Magnesium: (3.1..3.45]'
c1 rule: 'Sodium: (-inf..12.74]', 'Aluminum: (0.88..1.19]' => 'Magnesium: (3.1..3.45]'
c1 rule: 'Sodium: (13.38..13.72]', 'Potassium: (0.54..0.64]', 'Calcium: (8.5..8.81]' => 'Magnesium: (3.1..3.45]'
c1 rule: 'Sodium: (13.38..13.72]', 'Potassium: (0.37..0.54]', 'Calcium: (8.5..8.81]' => 'Magnesium: (3.1..3.45]'
c1 rule: 'Refractive Index: (-inf..1.52]', 'Sodium: (13.03..13.38]', 'Calcium: (8.5..8.81]' => 'Magnesium: (3.1..3.45]'
c1 rule: 'Sodium: (12.74..13.03]', 'Silicon: (72.8..73.08]', 'Potassium: (0.37..0.54]' => 'Magnesium: (3.1..3.45]'
c1 rule: 'Sodium: (13.38..13.72]', 'Aluminum: (1.19..1.37]', 'Silicon: (72.02..72.49]' => 'Magnesium: (3.1..3.45]'
c1 rule: 'Sodium: (13.03..13.38]', 'Calcium: (8.81..9.59]', not 'Silicon: (72.8..73.08]' => 'Magnesium: (3.1..3.45]'
c1 rule: 'Sodium: (13.03..13.38]', 'Silicon: (73.08..+inf)', not 'Calcium: (-inf..8.16]' => 'Magnesium: (3.1..3.45]'
c1 rule: 'Sodium: (13.03..13.38]', 'Aluminum: (1.58..+inf)', not 'Silicon: (72.49..72.8]' => 'Magnesium: (3.1..3.45]'
c1 rule: 'Sodium: (13.38..13.72]', 'Aluminum: (1.19..1.37]', 'Silicon: (72.49..72.8]' => 'Magnesium: (3.1..3.45]'
c1 rule: 'Aluminum: (1.19..1.37]', 'Silicon: (73.08..+inf)', 'Calcium: (8.5..8.81]' => 'Magnesium: (3.1..3.45]'
c1 # of rules: 15
c1 rule time: 0.0135

c1 computing class: (3.45..3.61]
c1 discrimination constraints: 72h
c1 coverage constraints: 47v+1740h
c1 formula: 129v, 1935c (1853h+82s)
c1 enumerating rules (maxsat-based)
c1 rule: 'Potassium: (0.13..0.37]', not 'Barium: (-inf..0.08]' => 'Magnesium: (3.45..3.61]'
c1 rule: 'Barium: (0.44..+inf)', not 'Potassium: (0.54..0.64]' => 'Magnesium: (3.45..3.61]'
c1 rule: 'Aluminum: (1.19..1.37]', not 'Barium: (-inf..0.08]' => 'Magnesium: (3.45..3.61]'
c1 rule: 'Aluminum: (1.58..+inf)', 'Silicon: (72.49..72.8]' => 'Magnesium: (3.45..3.61]'
c1 rule: 'Sodium: (12.74..13.03]', 'Aluminum: (1.58..+inf)' => 'Magnesium: (3.45..3.61]'
c1 rule: 'Sodium: (12.74..13.03]', 'Calcium: (-inf..8.16]' => 'Magnesium: (3.45..3.61]'
c1 rule: 'Aluminum: (1.19..1.37]', 'Potassium: (0.64..+inf)' => 'Magnesium: (3.45..3.61]'
c1 rule: 'Sodium: (13.38..13.72]', 'Potassium: (0.64..+inf)' => 'Magnesium: (3.45..3.61]'
c1 rule: 'Sodium: (12.74..13.03]', 'Silicon: (73.08..+inf)' => 'Magnesium: (3.45..3.61]'
c1 rule: 'Silicon: (73.08..+inf)', 'Calcium: (-inf..8.16]' => 'Magnesium: (3.45..3.61]'
c1 rule: 'Sodium: (13.72..+inf)', 'Calcium: (8.16..8.5]' => 'Magnesium: (3.45..3.61]'
c1 rule: 'Sodium: (13.72..+inf)', 'Silicon: (72.8..73.08]' => 'Magnesium: (3.45..3.61]'
c1 rule: 'Sodium: (13.72..+inf)', 'Silicon: (72.49..72.8]' => 'Magnesium: (3.45..3.61]'
c1 rule: 'Sodium: (12.74..13.03]', 'Iron: (0.16..0.22]' => 'Magnesium: (3.45..3.61]'
c1 rule: 'Aluminum: (0.88..1.19]', 'Silicon: (72.02..72.49]', 'Potassium: (0.13..0.37]' => 'Magnesium: (3.45..3.61]'
c1 rule: 'Aluminum: (0.88..1.19]', 'Calcium: (8.16..8.5]', not 'Potassium: (0.54..0.64]' => 'Magnesium: (3.45..3.61]'
c1 rule: 'Silicon: (72.49..72.8]', 'Calcium: (8.16..8.5]', not 'Potassium: (0.54..0.64]' => 'Magnesium: (3.45..3.61]'
c1 rule: 'Sodium: (-inf..12.74]', 'Calcium: (8.16..8.5]', not 'Potassium: (0.64..+inf)' => 'Magnesium: (3.45..3.61]'
c1 rule: 'Sodium: (-inf..12.74]', 'Aluminum: (1.37..1.58]', not 'Calcium: (8.16..8.5]' => 'Magnesium: (3.45..3.61]'
c1 rule: 'Silicon: (-inf..72.02]', 'Potassium: (0.54..0.64]', not 'Aluminum: (1.58..+inf)' => 'Magnesium: (3.45..3.61]'
c1 rule: 'Potassium: (-inf..0.13]', 'Calcium: (8.81..9.59]', not 'Sodium: (13.72..+inf)' => 'Magnesium: (3.45..3.61]'
c1 rule: 'Aluminum: (1.37..1.58]', 'Silicon: (72.49..72.8]', not 'Calcium: (-inf..8.16]' => 'Magnesium: (3.45..3.61]'
c1 rule: 'Potassium: (0.64..+inf)', 'Iron: (-inf..0.1]', not 'Sodium: (-inf..12.74]' => 'Magnesium: (3.45..3.61]'
c1 rule: 'Aluminum: (1.37..1.58]', 'Potassium: (0.54..0.64]', 'Calcium: (-inf..8.16]' => 'Magnesium: (3.45..3.61]'
c1 rule: 'Sodium: (13.38..13.72]', 'Aluminum: (1.37..1.58]', 'Calcium: (-inf..8.16]' => 'Magnesium: (3.45..3.61]'
c1 rule: 'Potassium: (0.54..0.64]', 'Iron: (0.29..+inf)', not 'Calcium: (8.5..8.81]' => 'Magnesium: (3.45..3.61]'
c1 rule: 'Sodium: (12.74..13.03]', 'Aluminum: (1.19..1.37]', not 'Calcium: (8.5..8.81]' => 'Magnesium: (3.45..3.61]'
c1 rule: 'Aluminum: (1.19..1.37]', 'Silicon: (72.8..73.08]', 'Calcium: (8.16..8.5]' => 'Magnesium: (3.45..3.61]'
c1 rule: 'Sodium: (12.74..13.03]', 'Aluminum: (0.88..1.19]', not 'Iron: (0.1..0.16]' => 'Magnesium: (3.45..3.61]'
c1 rule: 'Sodium: (-inf..12.74]', 'Aluminum: (1.19..1.37]', 'Silicon: (72.8..73.08]' => 'Magnesium: (3.45..3.61]'
c1 # of rules: 30
c1 rule time: 0.0308

c1 computing class: (3.61..3.77]
c1 discrimination constraints: 97h
c1 coverage constraints: 22v+815h
c1 formula: 104v, 1035c (953h+82s)
c1 enumerating rules (maxsat-based)
c1 rule: 'Silicon: (-inf..72.02]', 'Calcium: (-inf..8.16]' => 'Magnesium: (3.61..3.77]'
c1 rule: 'Silicon: (72.49..72.8]', not 'Refractive Index: (-inf..1.52]' => 'Magnesium: (3.61..3.77]'
c1 rule: 'Silicon: (72.49..72.8]', 'Potassium: (-inf..0.13]' => 'Magnesium: (3.61..3.77]'
c1 rule: 'Silicon: (72.49..72.8]', 'Iron: (0.1..0.16]' => 'Magnesium: (3.61..3.77]'
c1 rule: 'Aluminum: (-inf..0.88]', 'Silicon: (72.02..72.49]' => 'Magnesium: (3.61..3.77]'
c1 rule: 'Silicon: (72.02..72.49]', 'Potassium: (-inf..0.13]' => 'Magnesium: (3.61..3.77]'
c1 rule: 'Potassium: (-inf..0.13]', 'Iron: (0.1..0.16]' => 'Magnesium: (3.61..3.77]'
c1 rule: 'Sodium: (12.74..13.03]', 'Silicon: (72.02..72.49]' => 'Magnesium: (3.61..3.77]'
c1 rule: 'Potassium: (0.13..0.37]', 'Calcium: (8.5..8.81]' => 'Magnesium: (3.61..3.77]'
c1 rule: 'Aluminum: (0.88..1.19]', 'Iron: (0.16..0.22]' => 'Magnesium: (3.61..3.77]'
c1 rule: 'Silicon: (72.49..72.8]', 'Iron: (0.29..+inf)' => 'Magnesium: (3.61..3.77]'
c1 rule: 'Aluminum: (1.58..+inf)', 'Silicon: (72.02..72.49]', 'Iron: (-inf..0.1]' => 'Magnesium: (3.61..3.77]'
c1 rule: 'Aluminum: (0.88..1.19]', 'Silicon: (72.8..73.08]', 'Calcium: (-inf..8.16]' => 'Magnesium: (3.61..3.77]'
c1 rule: 'Refractive Index: (-inf..1.52]', 'Sodium: (13.72..+inf)', not 'Aluminum: (1.19..1.37]' => 'Magnesium: (3.61..3.77]'
c1 rule: 'Potassium: (0.64..+inf)', 'Iron: (0.22..0.29]', not 'Sodium: (-inf..12.74]' => 'Magnesium: (3.61..3.77]'
c1 rule: 'Aluminum: (1.19..1.37]', 'Potassium: (0.54..0.64]', 'Calcium: (-inf..8.16]' => 'Magnesium: (3.61..3.77]'
c1 rule: 'Sodium: (13.03..13.38]', 'Aluminum: (1.19..1.37]', 'Silicon: (72.02..72.49]', 'Iron: (-inf..0.1]' => 'Magnesium: (3.61..3.77]'
c1 # of rules: 17
c1 rule time: 0.0124

c1 computing class: (3.77..+inf)
c1 discrimination constraints: 105h
c1 coverage constraints: 14v+519h
c1 formula: 96v, 747c (665h+82s)
c1 enumerating rules (maxsat-based)
c1 rule: 'Aluminum: (1.37..1.58]', 'Iron: (0.1..0.16]' => 'Magnesium: (3.77..+inf)'
c1 rule: 'Silicon: (-inf..72.02]', 'Calcium: (8.16..8.5]' => 'Magnesium: (3.77..+inf)'
c1 rule: 'Calcium: (8.16..8.5]', 'Iron: (0.22..0.29]' => 'Magnesium: (3.77..+inf)'
c1 rule: 'Sodium: (13.72..+inf)', 'Iron: (0.29..+inf)' => 'Magnesium: (3.77..+inf)'
c1 rule: 'Sodium: (13.72..+inf)', not 'Refractive Index: (-inf..1.52]', not 'Calcium: (9.59..+inf)' => 'Magnesium: (3.77..+inf)'
c1 rule: 'Aluminum: (1.37..1.58]', 'Silicon: (72.02..72.49]', not 'Sodium: (13.38..13.72]' => 'Magnesium: (3.77..+inf)'
c1 rule: 'Aluminum: (0.88..1.19]', 'Silicon: (-inf..72.02]', 'Calcium: (8.5..8.81]' => 'Magnesium: (3.77..+inf)'
c1 rule: 'Potassium: (0.13..0.37]', not 'Refractive Index: (-inf..1.52]', not 'Calcium: (9.59..+inf)' => 'Magnesium: (3.77..+inf)'
c1 rule: 'Aluminum: (0.88..1.19]', 'Silicon: (72.02..72.49]', 'Calcium: (8.16..8.5]' => 'Magnesium: (3.77..+inf)'
c1 rule: 'Aluminum: (0.88..1.19]', 'Silicon: (72.02..72.49]', 'Calcium: (-inf..8.16]' => 'Magnesium: (3.77..+inf)'
c1 rule: 'Silicon: (72.8..73.08]', 'Iron: (0.1..0.16]', not 'Aluminum: (1.19..1.37]' => 'Magnesium: (3.77..+inf)'
c1 rule: 'Sodium: (13.03..13.38]', 'Aluminum: (1.19..1.37]', not 'Silicon: (72.8..73.08]', not 'Potassium: (0.54..0.64]' => 'Magnesium: (3.77..+inf)'
c1 # of rules: 12
c1 rule time: 0.0147

c2 total rules: 89

c0 computing feature 4
c1 computing class: (-inf..0.88]
c1 discrimination constraints: 104h
c1 coverage constraints: 15v+556h
c1 formula: 97v, 783c (701h+82s)
c1 enumerating rules (maxsat-based)
c1 rule: 'Silicon: (72.49..72.8]', 'Calcium: (8.81..9.59]' => 'Aluminum: (-inf..0.88]'
c1 rule: 'Sodium: (13.03..13.38]', 'Silicon: (-inf..72.02]' => 'Aluminum: (-inf..0.88]'
c1 rule: 'Potassium: (0.13..0.37]', 'Iron: (0.16..0.22]' => 'Aluminum: (-inf..0.88]'
c1 rule: 'Silicon: (73.08..+inf)', not 'Refractive Index: (-inf..1.52]' => 'Aluminum: (-inf..0.88]'
c1 rule: 'Sodium: (13.72..+inf)', 'Magnesium: (3.1..3.45]' => 'Aluminum: (-inf..0.88]'
c1 rule: 'Potassium: (-inf..0.13]', 'Iron: (0.1..0.16]' => 'Aluminum: (-inf..0.88]'
c1 rule: 'Magnesium: (3.77..+inf)', 'Calcium: (9.59..+inf)' => 'Aluminum: (-inf..0.88]'
c1 rule: 'Refractive Index: (-inf..1.52]', 'Calcium: (9.59..+inf)' => 'Aluminum: (-inf..0.88]'
c1 rule: 'Magnesium: (3.61..3.77]', 'Calcium: (9.59..+inf)' => 'Aluminum: (-inf..0.88]'
c1 rule: 'Sodium: (-inf..12.74]', 'Potassium: (-inf..0.13]' => 'Aluminum: (-inf..0.88]'
c1 rule: 'Iron: (0.1..0.16]', not 'Refractive Index: (-inf..1.52]', not 'Sodium: (13.03..13.38]' => 'Aluminum: (-inf..0.88]'
c1 rule: 'Magnesium: (3.77..+inf)', 'Calcium: (8.81..9.59]', not 'Potassium: (0.13..0.37]' => 'Aluminum: (-inf..0.88]'
c1 rule: 'Magnesium: (3.61..3.77]', 'Silicon: (-inf..72.02]', not 'Iron: (0.1..0.16]' => 'Aluminum: (-inf..0.88]'
c1 # of rules: 13
c1 rule time: 0.0100

c1 computing class: (0.88..1.19]
c1 discrimination constraints: 95h
c1 coverage constraints: 24v+889h
c1 formula: 106v, 1107c (1025h+82s)
c1 enumerating rules (maxsat-based)
c1 rule: 'Silicon: (72.49..72.8]', 'Iron: (0.1..0.16]' => 'Aluminum: (0.88..1.19]'
c1 rule: 'Silicon: (72.49..72.8]', not 'Refractive Index: (-inf..1.52]' => 'Aluminum: (0.88..1.19]'
c1 rule: 'Silicon: (72.49..72.8]', 'Potassium: (-inf..0.13]' => 'Aluminum: (0.88..1.19]'
c1 rule: 'Potassium: (0.13..0.37]', 'Calcium: (8.5..8.81]' => 'Aluminum: (0.88..1.19]'
c1 rule: 'Calcium: (8.5..8.81]', not 'Refractive Index: (-inf..1.52]' => 'Aluminum: (0.88..1.19]'
c1 rule: 'Magnesium: (3.77..+inf)', 'Silicon: (72.8..73.08]' => 'Aluminum: (0.88..1.19]'
c1 rule: 'Silicon: (72.8..73.08]', 'Barium: (0.08..0.12]' => 'Aluminum: (0.88..1.19]'
c1 rule: 'Magnesium: (3.45..3.61]', 'Iron: (0.29..+inf)' => 'Aluminum: (0.88..1.19]'
c1 rule: 'Silicon: (72.8..73.08]', 'Iron: (0.29..+inf)' => 'Aluminum: (0.88..1.19]'
c1 rule: 'Sodium: (12.74..13.03]', 'Silicon: (72.02..72.49]' => 'Aluminum: (0.88..1.19]'
c1 rule: 'Calcium: (8.81..9.59]', 'Iron: (0.29..+inf)' => 'Aluminum: (0.88..1.19]'
c1 rule: 'Silicon: (72.02..72.49]', 'Potassium: (-inf..0.13]' => 'Aluminum: (0.88..1.19]'
c1 rule: 'Magnesium: (3.1..3.45]', 'Iron: (0.22..0.29]' => 'Aluminum: (0.88..1.19]'
c1 rule: 'Sodium: (13.38..13.72]', 'Silicon: (72.8..73.08]', not 'Magnesium: (3.45..3.61]' => 'Aluminum: (0.88..1.19]'
c1 rule: 'Magnesium: (3.45..3.61]', not 'Refractive Index: (-inf..1.52]', not 'Potassium: (-inf..0.13]' => 'Aluminum: (0.88..1.19]'
c1 rule: 'Silicon: (73.08..+inf)', 'Calcium: (8.5..8.81]', not 'Sodium: (-inf..12.74]' => 'Aluminum: (0.88..1.19]'
c1 rule: 'Magnesium: (3.77..+inf)', not 'Sodium: (13.03..13.38]', not 'Silicon: (-inf..72.02]' => 'Aluminum: (0.88..1.19]'
c1 rule: 'Magnesium: (3.45..3.61]', not 'Refractive Index: (-inf..1.52]', not 'Sodium: (13.03..13.38]' => 'Aluminum: (0.88..1.19]'
c1 rule: 'Sodium: (13.72..+inf)', 'Magnesium: (3.77..+inf)', not 'Potassium: (-inf..0.13]' => 'Aluminum: (0.88..1.19]'
c1 rule: 'Sodium: (13.72..+inf)', 'Magnesium: (-inf..3.1]', 'Potassium: (-inf..0.13]' => 'Aluminum: (0.88..1.19]'
c1 rule: 'Sodium: (13.03..13.38]', 'Magnesium: (3.45..3.61]', 'Silicon: (72.8..73.08]', 'Potassium: (0.37..0.54]' => 'Aluminum: (0.88..1.19]'
c1 # of rules: 21
c1 rule time: 0.0182

c1 computing class: (1.19..1.37]
c1 discrimination constraints: 80h
c1 coverage constraints: 39v+1444h
c1 formula: 121v, 1647c (1565h+82s)
c1 enumerating rules (maxsat-based)
c1 rule: 'Magnesium: (3.1..3.45]', 'Silicon: (72.49..72.8]' => 'Aluminum: (1.19..1.37]'
c1 rule: 'Silicon: (72.8..73.08]', 'Potassium: (0.13..0.37]' => 'Aluminum: (1.19..1.37]'
c1 rule: 'Silicon: (72.49..72.8]', 'Iron: (0.29..+inf)' => 'Aluminum: (1.19..1.37]'
c1 rule: 'Sodium: (13.72..+inf)', 'Silicon: (72.49..72.8]' => 'Aluminum: (1.19..1.37]'
c1 rule: 'Sodium: (13.72..+inf)', 'Magnesium: (3.45..3.61]' => 'Aluminum: (1.19..1.37]'
c1 rule: 'Sodium: (13.03..13.38]', 'Calcium: (8.81..9.59]' => 'Aluminum: (1.19..1.37]'
c1 rule: 'Potassium: (0.37..0.54]', 'Iron: (0.29..+inf)' => 'Aluminum: (1.19..1.37]'
c1 rule: 'Magnesium: (-inf..3.1]', 'Potassium: (0.13..0.37]' => 'Aluminum: (1.19..1.37]'
c1 rule: 'Calcium: (8.16..8.5]', 'Iron: (0.22..0.29]' => 'Aluminum: (1.19..1.37]'
c1 rule: 'Magnesium: (3.77..+inf)', 'Silicon: (72.49..72.8]' => 'Aluminum: (1.19..1.37]'
c1 rule: 'Silicon: (72.8..73.08]', 'Calcium: (8.5..8.81]', not 'Potassium: (0.54..0.64]' => 'Aluminum: (1.19..1.37]'
c1 rule: 'Sodium: (-inf..12.74]', 'Magnesium: (3.45..3.61]', 'Silicon: (72.8..73.08]' => 'Aluminum: (1.19..1.37]'
c1 rule: 'Magnesium: (3.1..3.45]', 'Silicon: (73.08..+inf)', 'Calcium: (8.5..8.81]' => 'Aluminum: (1.19..1.37]'
c1 rule: 'Silicon: (72.49..72.8]', 'Potassium: (0.54..0.64]', 'Calcium: (8.5..8.81]' => 'Aluminum: (1.19..1.37]'
c1 rule: 'Sodium: (12.74..13.03]', 'Magnesium: (3.61..3.77]', not 'Silicon: (72.02..72.49]' => 'Aluminum: (1.19..1.37]'
c1 rule: 'Magnesium: (3.45..3.61]', 'Potassium: (0.54..0.64]', 'Calcium: (8.81..9.59]' => 'Aluminum: (1.19..1.37]'
c1 rule: 'Sodium: (13.38..13.72]', 'Magnesium: (3.1..3.45]', not 'Calcium: (8.5..8.81]' => 'Aluminum: (1.19..1.37]'
c1 rule: 'Magnesium: (-inf..3.1]', 'Iron: (0.22..0.29]', not 'Barium: (0.44..+inf)' => 'Aluminum: (1.19..1.37]'
c1 rule: 'Magnesium: (3.61..3.77]', 'Silicon: (72.02..72.49]', 'Calcium: (8.16..8.5]' => 'Aluminum: (1.19..1.37]'
c1 rule: 'Magnesium: (3.61..3.77]', 'Calcium: (8.16..8.5]', 'Iron: (-inf..0.1]' => 'Aluminum: (1.19..1.37]'
c1 rule: 'Refractive Index: (-inf..1.52]', 'Magnesium: (3.45..3.61]', 'Iron: (0.1..0.16]' => 'Aluminum: (1.19..1.37]'
c1 rule: 'Calcium: (8.16..8.5]', 'Iron: (0.16..0.22]', not 'Sodium: (13.03..13.38]' => 'Aluminum: (1.19..1.37]'
c1 rule: 'Sodium: (13.38..13.72]', 'Silicon: (72.8..73.08]', 'Potassium: (0.64..+inf)' => 'Aluminum: (1.19..1.37]'
c1 rule: 'Sodium: (12.74..13.03]', 'Silicon: (73.08..+inf)', 'Calcium: (8.16..8.5]' => 'Aluminum: (1.19..1.37]'
c1 rule: 'Magnesium: (3.45..3.61]', 'Silicon: (73.08..+inf)', 'Calcium: (8.16..8.5]' => 'Aluminum: (1.19..1.37]'
c1 rule: 'Sodium: (13.03..13.38]', 'Potassium: (0.54..0.64]', 'Calcium: (-inf..8.16]', not 'Magnesium: (3.45..3.61]' => 'Aluminum: (1.19..1.37]'
c1 rule: 'Sodium: (12.74..13.03]', 'Potassium: (0.54..0.64]', 'Calcium: (8.16..8.5]', 'Iron: (-inf..0.1]' => 'Aluminum: (1.19..1.37]'
c1 rule: 'Silicon: (72.8..73.08]', 'Potassium: (0.54..0.64]', 'Calcium: (8.16..8.5]', 'Iron: (-inf..0.1]' => 'Aluminum: (1.19..1.37]'
c1 # of rules: 28
c1 rule time: 0.0290

c1 computing class: (1.37..1.58]
c1 discrimination constraints: 95h
c1 coverage constraints: 24v+889h
c1 formula: 106v, 1107c (1025h+82s)
c1 enumerating rules (maxsat-based)
c1 rule: 'Calcium: (8.5..8.81]', 'Iron: (0.16..0.22]' => 'Aluminum: (1.37..1.58]'
c1 rule: 'Silicon: (72.02..72.49]', 'Calcium: (8.5..8.81]' => 'Aluminum: (1.37..1.58]'
c1 rule: 'Sodium: (12.74..13.03]', 'Magnesium: (-inf..3.1]' => 'Aluminum: (1.37..1.58]'
c1 rule: 'Sodium: (12.74..13.03]', 'Magnesium: (3.1..3.45]' => 'Aluminum: (1.37..1.58]'
c1 rule: 'Potassium: (0.64..+inf)', 'Iron: (0.22..0.29]' => 'Aluminum: (1.37..1.58]'
c1 rule: 'Potassium: (0.64..+inf)', 'Calcium: (8.16..8.5]' => 'Aluminum: (1.37..1.58]'
c1 rule: 'Sodium: (13.03..13.38]', 'Silicon: (73.08..+inf)' => 'Aluminum: (1.37..1.58]'
c1 rule: 'Potassium: (0.37..0.54]', 'Iron: (0.1..0.16]' => 'Aluminum: (1.37..1.58]'
c1 rule: 'Potassium: (0.37..0.54]', 'Calcium: (-inf..8.16]', not 'Silicon: (72.49..72.8]' => 'Aluminum: (1.37..1.58]'
c1 rule: 'Silicon: (72.02..72.49]', 'Calcium: (-inf..8.16]', not 'Potassium: (0.54..0.64]' => 'Aluminum: (1.37..1.58]'
c1 rule: 'Sodium: (13.03..13.38]', 'Potassium: (0.64..+inf)', not 'Silicon: (72.49..72.8]' => 'Aluminum: (1.37..1.58]'
c1 rule: 'Sodium: (13.38..13.72]', 'Potassium: (0.64..+inf)', not 'Silicon: (72.8..73.08]' => 'Aluminum: (1.37..1.58]'
c1 rule: 'Magnesium: (3.45..3.61]', 'Silicon: (73.08..+inf)', not 'Sodium: (12.74..13.03]', not 'Calcium: (8.16..8.5]' => 'Aluminum: (1.37..1.58]'
c1 rule: 'Sodium: (12.74..13.03]', 'Calcium: (-inf..8.16]', 'Iron: (-inf..0.1]', not 'Potassium: (0.64..+inf)' => 'Aluminum: (1.37..1.58]'
c1 rule: 'Sodium: (13.03..13.38]', 'Magnesium: (3.45..3.61]', 'Calcium: (-inf..8.16]', not 'Potassium: (0.64..+inf)' => 'Aluminum: (1.37..1.58]'
c1 rule: 'Sodium: (13.03..13.38]', 'Calcium: (8.16..8.5]', not 'Silicon: (72.8..73.08]', not 'Potassium: (0.54..0.64]' => 'Aluminum: (1.37..1.58]'
c1 # of rules: 16
c1 rule time: 0.0147

c1 computing class: (1.58..+inf)
c1 discrimination constraints: 102h
c1 coverage constraints: 17v+630h
c1 formula: 99v, 855c (773h+82s)
c1 enumerating rules (maxsat-based)
c1 rule: 'Barium: (0.15..0.44]' => 'Aluminum: (1.58..+inf)'
c1 rule: not 'Refractive Index: (-inf..1.52]', not 'Barium: (-inf..0.08]' => 'Aluminum: (1.58..+inf)'
c1 rule: 'Potassium: (0.64..+inf)', not 'Refractive Index: (-inf..1.52]' => 'Aluminum: (1.58..+inf)'
c1 rule: 'Magnesium: (-inf..3.1]', 'Potassium: (0.64..+inf)' => 'Aluminum: (1.58..+inf)'
c1 rule: 'Silicon: (-inf..72.02]', 'Calcium: (-inf..8.16]' => 'Aluminum: (1.58..+inf)'
c1 rule: 'Calcium: (-inf..8.16]', 'Iron: (0.16..0.22]' => 'Aluminum: (1.58..+inf)'
c1 rule: 'Sodium: (12.74..13.03]', 'Iron: (0.22..0.29]' => 'Aluminum: (1.58..+inf)'
c1 rule: 'Sodium: (12.74..13.03]', 'Silicon: (72.49..72.8]', 'Calcium: (8.16..8.5]' => 'Aluminum: (1.58..+inf)'
c1 rule: 'Silicon: (72.02..72.49]', 'Calcium: (8.16..8.5]', 'Iron: (0.16..0.22]' => 'Aluminum: (1.58..+inf)'
c1 rule: 'Silicon: (-inf..72.02]', 'Potassium: (0.54..0.64]', not 'Magnesium: (3.45..3.61]' => 'Aluminum: (1.58..+inf)'
c1 rule: 'Silicon: (72.49..72.8]', 'Potassium: (0.54..0.64]', 'Calcium: (-inf..8.16]' => 'Aluminum: (1.58..+inf)'
c1 rule: 'Magnesium: (3.61..3.77]', 'Silicon: (72.02..72.49]', 'Calcium: (-inf..8.16]' => 'Aluminum: (1.58..+inf)'
c1 rule: 'Sodium: (13.03..13.38]', 'Silicon: (72.49..72.8]', 'Potassium: (0.64..+inf)', not 'Iron: (0.22..0.29]' => 'Aluminum: (1.58..+inf)'
c1 rule: 'Sodium: (12.74..13.03]', 'Potassium: (0.64..+inf)', not 'Silicon: (73.08..+inf)', not 'Calcium: (8.5..8.81]' => 'Aluminum: (1.58..+inf)'
c1 # of rules: 14
c1 rule time: 0.0115

c2 total rules: 92

c0 computing feature 5
c1 computing class: (-inf..72.02]
c1 discrimination constraints: 93h
c1 coverage constraints: 26v+963h
c1 formula: 108v, 1179c (1097h+82s)
c1 enumerating rules (maxsat-based)
c1 rule: 'Barium: (0.44..+inf)' => 'Silicon: (-inf..72.02]'
c1 rule: 'Aluminum: (1.58..+inf)', 'Iron: (0.1..0.16]' => 'Silicon: (-inf..72.02]'
c1 rule: 'Sodium: (13.72..+inf)', 'Aluminum: (1.58..+inf)' => 'Silicon: (-inf..72.02]'
c1 rule: 'Barium: (0.08..0.12]', not 'Calcium: (8.16..8.5]' => 'Silicon: (-inf..72.02]'
c1 rule: 'Magnesium: (3.45..3.61]', 'Potassium: (-inf..0.13]' => 'Silicon: (-inf..72.02]'
c1 rule: 'Potassium: (0.37..0.54]', 'Calcium: (9.59..+inf)' => 'Silicon: (-inf..72.02]'
c1 rule: 'Potassium: (0.37..0.54]', 'Iron: (0.29..+inf)' => 'Silicon: (-inf..72.02]'
c1 rule: 'Sodium: (13.72..+inf)', 'Iron: (0.29..+inf)' => 'Silicon: (-inf..72.02]'
c1 rule: 'Sodium: (13.72..+inf)', 'Aluminum: (-inf..0.88]' => 'Silicon: (-inf..72.02]'
c1 rule: 'Potassium: (-inf..0.13]', 'Iron: (0.1..0.16]' => 'Silicon: (-inf..72.02]'
c1 rule: 'Magnesium: (3.77..+inf)', 'Calcium: (8.5..8.81]' => 'Silicon: (-inf..72.02]'
c1 rule: 'Potassium: (0.37..0.54]', 'Iron: (0.1..0.16]' => 'Silicon: (-inf..72.02]'
c1 rule: 'Aluminum: (-inf..0.88]', 'Iron: (0.1..0.16]' => 'Silicon: (-inf..72.02]'
c1 rule: 'Magnesium: (3.77..+inf)', not 'Refractive Index: (-inf..1.52]' => 'Silicon: (-inf..72.02]'
c1 rule: 'Aluminum: (0.88..1.19]', not 'Refractive Index: (-inf..1.52]', not 'Sodium: (13.03..13.38]' => 'Silicon: (-inf..72.02]'
c1 rule: 'Magnesium: (-inf..3.1]', 'Potassium: (0.13..0.37]', not 'Sodium: (13.72..+inf)' => 'Silicon: (-inf..72.02]'
c1 rule: 'Aluminum: (-inf..0.88]', not 'Magnesium: (-inf..3.1]', not 'Potassium: (0.13..0.37]' => 'Silicon: (-inf..72.02]'
c1 rule: 'Magnesium: (3.45..3.61]', 'Calcium: (8.81..9.59]', not 'Iron: (0.22..0.29]' => 'Silicon: (-inf..72.02]'
c1 rule: 'Aluminum: (1.58..+inf)', 'Potassium: (0.54..0.64]', 'Calcium: (8.5..8.81]' => 'Silicon: (-inf..72.02]'
c1 # of rules: 19
c1 rule time: 0.0158

c1 computing class: (72.02..72.49]
c1 discrimination constraints: 100h
c1 coverage constraints: 19v+704h
c1 formula: 101v, 927c (845h+82s)
c1 enumerating rules (maxsat-based)
c1 rule: 'Barium: (0.15..0.44]' => 'Silicon: (72.02..72.49]'
c1 rule: 'Potassium: (0.64..+inf)', 'Calcium: (9.59..+inf)' => 'Silicon: (72.02..72.49]'
c1 rule: 'Sodium: (13.03..13.38]', 'Iron: (0.1..0.16]' => 'Silicon: (72.02..72.49]'
c1 rule: 'Sodium: (13.03..13.38]', 'Potassium: (0.13..0.37]' => 'Silicon: (72.02..72.49]'
c1 rule: 'Magnesium: (3.77..+inf)', 'Iron: (0.22..0.29]' => 'Silicon: (72.02..72.49]'
c1 rule: 'Sodium: (13.72..+inf)', 'Potassium: (0.54..0.64]' => 'Silicon: (72.02..72.49]'
c1 rule: 'Sodium: (12.74..13.03]', 'Calcium: (8.81..9.59]' => 'Silicon: (72.02..72.49]'
c1 rule: 'Sodium: (13.72..+inf)', 'Aluminum: (1.19..1.37]', not 'Magnesium: (3.45..3.61]' => 'Silicon: (72.02..72.49]'
c1 rule: 'Magnesium: (3.1..3.45]', 'Aluminum: (1.19..1.37]', 'Calcium: (8.81..9.59]' => 'Silicon: (72.02..72.49]'
c1 rule: 'Magnesium: (3.1..3.45]', 'Aluminum: (1.37..1.58]', not 'Calcium: (8.16..8.5]' => 'Silicon: (72.02..72.49]'
c1 rule: 'Magnesium: (3.1..3.45]', 'Potassium: (0.54..0.64]', 'Iron: (0.16..0.22]' => 'Silicon: (72.02..72.49]'
c1 rule: 'Magnesium: (3.77..+inf)', 'Calcium: (8.16..8.5]', 'Iron: (-inf..0.1]' => 'Silicon: (72.02..72.49]'
c1 rule: 'Magnesium: (3.61..3.77]', 'Calcium: (8.81..9.59]', not 'Aluminum: (-inf..0.88]' => 'Silicon: (72.02..72.49]'
c1 rule: 'Magnesium: (3.77..+inf)', 'Calcium: (-inf..8.16]', not 'Aluminum: (1.19..1.37]' => 'Silicon: (72.02..72.49]'
c1 rule: 'Magnesium: (3.61..3.77]', 'Aluminum: (1.58..+inf)', not 'Sodium: (13.72..+inf)' => 'Silicon: (72.02..72.49]'
c1 # of rules: 15
c1 rule time: 0.0143

c1 computing class: (72.49..72.8]
c1 discrimination constraints: 96h
c1 coverage constraints: 23v+852h
c1 formula: 105v, 1071c (989h+82s)
c1 enumerating rules (maxsat-based)
c1 rule: 'Magnesium: (3.61..3.77]', 'Aluminum: (1.37..1.58]' => 'Silicon: (72.49..72.8]'
c1 rule: 'Magnesium: (3.61..3.77]', 'Potassium: (0.37..0.54]' => 'Silicon: (72.49..72.8]'
c1 rule: 'Potassium: (0.13..0.37]', not 'Barium: (-inf..0.08]' => 'Silicon: (72.49..72.8]'
c1 rule: 'Potassium: (0.13..0.37]', 'Calcium: (8.5..8.81]' => 'Silicon: (72.49..72.8]'
c1 rule: 'Calcium: (8.5..8.81]', 'Iron: (0.16..0.22]' => 'Silicon: (72.49..72.8]'
c1 rule: 'Magnesium: (3.61..3.77]', 'Iron: (0.29..+inf)' => 'Silicon: (72.49..72.8]'
c1 rule: 'Aluminum: (1.58..+inf)', 'Potassium: (0.37..0.54]', not 'Iron: (0.16..0.22]' => 'Silicon: (72.49..72.8]'
c1 rule: 'Sodium: (13.03..13.38]', 'Aluminum: (1.58..+inf)', not 'Iron: (0.16..0.22]' => 'Silicon: (72.49..72.8]'
c1 rule: 'Sodium: (13.03..13.38]', 'Magnesium: (3.77..+inf)', not 'Calcium: (8.16..8.5]' => 'Silicon: (72.49..72.8]'
c1 rule: 'Magnesium: (3.45..3.61]', 'Aluminum: (1.37..1.58]', 'Calcium: (8.16..8.5]' => 'Silicon: (72.49..72.8]'
c1 rule: 'Potassium: (0.37..0.54]', 'Calcium: (-inf..8.16]', not 'Aluminum: (1.37..1.58]' => 'Silicon: (72.49..72.8]'
c1 rule: 'Sodium: (13.38..13.72]', 'Calcium: (8.16..8.5]', 'Iron: (-inf..0.1]' => 'Silicon: (72.49..72.8]'
c1 rule: 'Sodium: (13.38..13.72]', 'Magnesium: (3.61..3.77]', 'Calcium: (8.5..8.81]' => 'Silicon: (72.49..72.8]'
c1 rule: 'Sodium: (13.38..13.72]', 'Magnesium: (3.1..3.45]', not 'Potassium: (0.54..0.64]' => 'Silicon: (72.49..72.8]'
c1 rule: 'Magnesium: (3.45..3.61]', 'Aluminum: (1.58..+inf)', not 'Sodium: (12.74..13.03]' => 'Silicon: (72.49..72.8]'
c1 rule: 'Sodium: (13.38..13.72]', 'Potassium: (0.54..0.64]', not 'Iron: (-inf..0.1]' => 'Silicon: (72.49..72.8]'
c1 rule: 'Sodium: (13.03..13.38]', 'Calcium: (8.5..8.81]', not 'Potassium: (0.37..0.54]' => 'Silicon: (72.49..72.8]'
c1 # of rules: 17
c1 rule time: 0.0163

c1 computing class: (72.8..73.08]
c1 discrimination constraints: 87h
c1 coverage constraints: 32v+1185h
c1 formula: 114v, 1395c (1313h+82s)
c1 enumerating rules (maxsat-based)
c1 rule: 'Sodium: (13.03..13.38]', 'Magnesium: (-inf..3.1]' => 'Silicon: (72.8..73.08]'
c1 rule: 'Sodium: (12.74..13.03]', 'Magnesium: (-inf..3.1]' => 'Silicon: (72.8..73.08]'
c1 rule: 'Calcium: (-inf..8.16]', 'Iron: (0.16..0.22]' => 'Silicon: (72.8..73.08]'
c1 rule: 'Aluminum: (1.19..1.37]', 'Potassium: (0.64..+inf)' => 'Silicon: (72.8..73.08]'
c1 rule: 'Calcium: (8.16..8.5]', not 'Barium: (-inf..0.08]' => 'Silicon: (72.8..73.08]'
c1 rule: 'Sodium: (12.74..13.03]', 'Magnesium: (3.1..3.45]' => 'Silicon: (72.8..73.08]'
c1 rule: 'Magnesium: (3.1..3.45]', 'Iron: (0.29..+inf)' => 'Silicon: (72.8..73.08]'
c1 rule: 'Potassium: (0.64..+inf)', 'Calcium: (8.81..9.59]' => 'Silicon: (72.8..73.08]'
c1 rule: 'Magnesium: (3.45..3.61]', 'Iron: (0.29..+inf)' => 'Silicon: (72.8..73.08]'
c1 rule: 'Sodium: (12.74..13.03]', 'Magnesium: (3.77..+inf)' => 'Silicon: (72.8..73.08]'
c1 rule: 'Sodium: (12.74..13.03]', 'Iron: (0.22..0.29]' => 'Silicon: (72.8..73.08]'
c1 rule: 'Sodium: (13.72..+inf)', 'Aluminum: (1.19..1.37]', not 'Iron: (-inf..0.1]' => 'Silicon: (72.8..73.08]'
c1 rule: 'Aluminum: (1.19..1.37]', 'Iron: (0.1..0.16]', not 'Sodium: (13.03..13.38]' => 'Silicon: (72.8..73.08]'
c1 rule: 'Sodium: (12.74..13.03]', 'Calcium: (-inf..8.16]', not 'Potassium: (0.64..+inf)' => 'Silicon: (72.8..73.08]'
c1 rule: 'Aluminum: (1.19..1.37]', 'Calcium: (-inf..8.16]', not 'Potassium: (0.37..0.54]' => 'Silicon: (72.8..73.08]'
c1 rule: 'Potassium: (0.54..0.64]', 'Calcium: (-inf..8.16]', not 'Sodium: (13.38..13.72]' => 'Silicon: (72.8..73.08]'
c1 rule: 'Aluminum: (0.88..1.19]', 'Calcium: (-inf..8.16]', not 'Magnesium: (3.77..+inf)' => 'Silicon: (72.8..73.08]'
c1 rule: 'Aluminum: (0.88..1.19]', 'Potassium: (0.37..0.54]', not 'Magnesium: (3.61..3.77]' => 'Silicon: (72.8..73.08]'
c1 rule: 'Magnesium: (-inf..3.1]', 'Aluminum: (0.88..1.19]', not 'Potassium: (-inf..0.13]' => 'Silicon: (72.8..73.08]'
c1 rule: 'Sodium: (13.38..13.72]', 'Magnesium: (3.45..3.61]', 'Potassium: (0.37..0.54]' => 'Silicon: (72.8..73.08]'
c1 rule: 'Sodium: (-inf..12.74]', 'Magnesium: (3.45..3.61]', not 'Aluminum: (1.37..1.58]', not 'Calcium: (8.16..8.5]' => 'Silicon: (72.8..73.08]'
c1 rule: 'Sodium: (13.03..13.38]', 'Calcium: (8.5..8.81]', not 'Aluminum: (0.88..1.19]', not 'Potassium: (0.54..0.64]' => 'Silicon: (72.8..73.08]'
c1 # of rules: 22
c1 rule time: 0.0212

c1 computing class: (73.08..+inf)
c1 discrimination constraints: 100h
c1 coverage constraints: 19v+704h
c1 formula: 101v, 927c (845h+82s)
c1 enumerating rules (maxsat-based)
c1 rule: 'Aluminum: (1.19..1.37]', 'Iron: (0.16..0.22]' => 'Silicon: (73.08..+inf)'
c1 rule: 'Sodium: (-inf..12.74]', 'Calcium: (-inf..8.16]' => 'Silicon: (73.08..+inf)'
c1 rule: 'Magnesium: (3.1..3.45]', 'Potassium: (0.64..+inf)' => 'Silicon: (73.08..+inf)'
c1 rule: 'Sodium: (-inf..12.74]', 'Calcium: (8.16..8.5]' => 'Silicon: (73.08..+inf)'
c1 rule: 'Sodium: (-inf..12.74]', 'Aluminum: (1.37..1.58]' => 'Silicon: (73.08..+inf)'
c1 rule: 'Magnesium: (3.1..3.45]', 'Iron: (0.22..0.29]' => 'Silicon: (73.08..+inf)'
c1 rule: 'Refractive Index: (-inf..1.52]', 'Calcium: (9.59..+inf)' => 'Silicon: (73.08..+inf)'
c1 rule: 'Aluminum: (1.37..1.58]', 'Potassium: (-inf..0.13]' => 'Silicon: (73.08..+inf)'
c1 rule: 'Sodium: (-inf..12.74]', 'Magnesium: (3.1..3.45]', not 'Iron: (0.29..+inf)' => 'Silicon: (73.08..+inf)'
c1 rule: 'Sodium: (13.03..13.38]', 'Magnesium: (3.1..3.45]', 'Aluminum: (1.37..1.58]' => 'Silicon: (73.08..+inf)'
c1 rule: 'Sodium: (-inf..12.74]', 'Aluminum: (1.19..1.37]', not 'Calcium: (8.5..8.81]' => 'Silicon: (73.08..+inf)'
c1 rule: 'Sodium: (-inf..12.74]', 'Calcium: (8.5..8.81]', not 'Potassium: (0.54..0.64]' => 'Silicon: (73.08..+inf)'
c1 rule: 'Sodium: (12.74..13.03]', 'Aluminum: (1.37..1.58]', 'Potassium: (0.64..+inf)' => 'Silicon: (73.08..+inf)'
c1 rule: 'Sodium: (13.03..13.38]', 'Magnesium: (3.45..3.61]', 'Potassium: (0.37..0.54]', not 'Calcium: (8.16..8.5]' => 'Silicon: (73.08..+inf)'
c1 # of rules: 14
c1 rule time: 0.0127

c2 total rules: 87

c0 computing feature 6
c1 computing class: (-inf..0.13]
c1 discrimination constraints: 100h
c1 coverage constraints: 19v+704h
c1 formula: 101v, 927c (845h+82s)
c1 enumerating rules (maxsat-based)
c1 rule: 'Barium: (0.44..+inf)', 'Iron: (-inf..0.1]' => 'Potassium: (-inf..0.13]'
c1 rule: 'Magnesium: (3.77..+inf)', 'Calcium: (8.5..8.81]' => 'Potassium: (-inf..0.13]'
c1 rule: 'Magnesium: (3.77..+inf)', 'Calcium: (9.59..+inf)' => 'Potassium: (-inf..0.13]'
c1 rule: 'Refractive Index: (-inf..1.52]', 'Calcium: (9.59..+inf)' => 'Potassium: (-inf..0.13]'
c1 rule: 'Sodium: (13.72..+inf)', 'Aluminum: (-inf..0.88]' => 'Potassium: (-inf..0.13]'
c1 rule: 'Aluminum: (-inf..0.88]', 'Iron: (-inf..0.1]' => 'Potassium: (-inf..0.13]'
c1 rule: 'Magnesium: (3.61..3.77]', not 'Refractive Index: (-inf..1.52]', not 'Sodium: (13.03..13.38]' => 'Potassium: (-inf..0.13]'
c1 rule: 'Calcium: (9.59..+inf)', 'Iron: (-inf..0.1]', not 'Aluminum: (1.19..1.37]' => 'Potassium: (-inf..0.13]'
c1 rule: 'Silicon: (73.08..+inf)', 'Iron: (0.16..0.22]', not 'Aluminum: (1.19..1.37]' => 'Potassium: (-inf..0.13]'
c1 rule: 'Sodium: (13.38..13.72]', 'Magnesium: (3.45..3.61]', 'Aluminum: (0.88..1.19]' => 'Potassium: (-inf..0.13]'
c1 rule: 'Sodium: (13.72..+inf)', 'Aluminum: (0.88..1.19]', 'Silicon: (72.02..72.49]' => 'Potassium: (-inf..0.13]'
c1 # of rules: 11
c1 rule time: 0.0115

c1 computing class: (0.13..0.37]
c1 discrimination constraints: 108h
c1 coverage constraints: 11v+408h
c1 formula: 93v, 639c (557h+82s)
c1 enumerating rules (maxsat-based)
c1 rule: 'Aluminum: (1.58..+inf)', 'Iron: (0.1..0.16]' => 'Potassium: (0.13..0.37]'
c1 rule: 'Sodium: (13.72..+inf)', 'Iron: (0.1..0.16]' => 'Potassium: (0.13..0.37]'
c1 rule: 'Aluminum: (1.19..1.37]', 'Calcium: (9.59..+inf)' => 'Potassium: (0.13..0.37]'
c1 rule: 'Silicon: (72.49..72.8]', 'Calcium: (8.81..9.59]' => 'Potassium: (0.13..0.37]'
c1 rule: 'Calcium: (8.81..9.59]', 'Iron: (0.29..+inf)' => 'Potassium: (0.13..0.37]'
c1 rule: 'Aluminum: (-inf..0.88]', 'Iron: (0.16..0.22]' => 'Potassium: (0.13..0.37]'
c1 rule: 'Aluminum: (0.88..1.19]', 'Calcium: (9.59..+inf)', not 'Magnesium: (-inf..3.1]' => 'Potassium: (0.13..0.37]'
c1 rule: 'Sodium: (13.72..+inf)', 'Magnesium: (3.77..+inf)', not 'Aluminum: (-inf..0.88]' => 'Potassium: (0.13..0.37]'
c1 rule: 'Magnesium: (3.77..+inf)', 'Aluminum: (-inf..0.88]', not 'Sodium: (13.72..+inf)' => 'Potassium: (0.13..0.37]'
c1 # of rules: 9
c1 rule time: 0.0066

c1 computing class: (0.37..0.54]
c1 discrimination constraints: 98h
c1 coverage constraints: 21v+778h
c1 formula: 103v, 999c (917h+82s)
c1 enumerating rules (maxsat-based)
c1 rule: 'Barium: (0.15..0.44]' => 'Potassium: (0.37..0.54]'
c1 rule: 'Barium: (0.08..0.12]', 'Iron: (-inf..0.1]' => 'Potassium: (0.37..0.54]'
c1 rule: 'Silicon: (-inf..72.02]', 'Calcium: (8.16..8.5]' => 'Potassium: (0.37..0.54]'
c1 rule: 'Magnesium: (3.77..+inf)', 'Silicon: (72.49..72.8]' => 'Potassium: (0.37..0.54]'
c1 rule: 'Aluminum: (1.37..1.58]', 'Calcium: (9.59..+inf)' => 'Potassium: (0.37..0.54]'
c1 rule: 'Sodium: (12.74..13.03]', 'Magnesium: (3.1..3.45]' => 'Potassium: (0.37..0.54]'
c1 rule: 'Aluminum: (1.19..1.37]', 'Iron: (0.16..0.22]' => 'Potassium: (0.37..0.54]'
c1 rule: 'Silicon: (72.49..72.8]', 'Iron: (0.16..0.22]' => 'Potassium: (0.37..0.54]'
c1 rule: 'Sodium: (13.72..+inf)', 'Iron: (0.16..0.22]' => 'Potassium: (0.37..0.54]'
c1 rule: 'Sodium: (13.72..+inf)', 'Silicon: (72.49..72.8]' => 'Potassium: (0.37..0.54]'
c1 rule: 'Silicon: (72.49..72.8]', not 'Refractive Index: (-inf..1.52]' => 'Potassium: (0.37..0.54]'
c1 rule: 'Aluminum: (1.58..+inf)', 'Silicon: (72.49..72.8]', not 'Calcium: (-inf..8.16]' => 'Potassium: (0.37..0.54]'
c1 rule: 'Sodium: (13.03..13.38]', 'Silicon: (72.8..73.08]', 'Calcium: (8.5..8.81]' => 'Potassium: (0.37..0.54]'
c1 rule: 'Sodium: (13.38..13.72]', 'Aluminum: (1.19..1.37]', 'Calcium: (8.5..8.81]' => 'Potassium: (0.37..0.54]'
c1 rule: 'Sodium: (13.38..13.72]', 'Aluminum: (1.37..1.58]', 'Silicon: (72.8..73.08]' => 'Potassium: (0.37..0.54]'
c1 rule: 'Sodium: (13.03..13.38]', 'Silicon: (73.08..+inf)', 'Calcium: (8.16..8.5]', 'Iron: (-inf..0.1]' => 'Potassium: (0.37..0.54]'
c1 rule: 'Sodium: (13.03..13.38]', 'Aluminum: (0.88..1.19]', not 'Silicon: (72.02..72.49]', not 'Iron: (0.16..0.22]' => 'Potassium: (0.37..0.54]'
c1 # of rules: 17
c1 rule time: 0.0157

c1 computing class: (0.54..0.64]
c1 discrimination constraints: 67h
c1 coverage constraints: 52v+1925h
c1 formula: 134v, 2115c (2033h+82s)
c1 enumerating rules (maxsat-based)
c1 rule: 'Sodium: (13.03..13.38]', not 'Barium: (-inf..0.08]' => 'Potassium: (0.54..0.64]'
c1 rule: 'Silicon: (72.8..73.08]', not 'Barium: (-inf..0.08]' => 'Potassium: (0.54..0.64]'
c1 rule: 'Calcium: (9.59..+inf)', not 'Barium: (-inf..0.08]' => 'Potassium: (0.54..0.64]'
c1 rule: 'Sodium: (-inf..12.74]', 'Aluminum: (1.19..1.37]' => 'Potassium: (0.54..0.64]'
c1 rule: 'Magnesium: (3.45..3.61]', 'Iron: (0.29..+inf)' => 'Potassium: (0.54..0.64]'
c1 rule: 'Aluminum: (1.58..+inf)', 'Iron: (0.22..0.29]' => 'Potassium: (0.54..0.64]'
c1 rule: 'Sodium: (13.72..+inf)', 'Calcium: (8.16..8.5]' => 'Potassium: (0.54..0.64]'
c1 rule: 'Magnesium: (3.77..+inf)', 'Silicon: (72.8..73.08]' => 'Potassium: (0.54..0.64]'
c1 rule: 'Silicon: (72.8..73.08]', 'Iron: (0.29..+inf)' => 'Potassium: (0.54..0.64]'
c1 rule: 'Magnesium: (3.77..+inf)', 'Silicon: (72.02..72.49]' => 'Potassium: (0.54..0.64]'
c1 rule: 'Magnesium: (3.61..3.77]', 'Aluminum: (1.19..1.37]' => 'Potassium: (0.54..0.64]'
c1 rule: 'Sodium: (-inf..12.74]', 'Aluminum: (0.88..1.19]' => 'Potassium: (0.54..0.64]'
c1 rule: 'Magnesium: (3.61..3.77]', 'Calcium: (8.16..8.5]' => 'Potassium: (0.54..0.64]'
c1 rule: 'Silicon: (72.02..72.49]', 'Calcium: (8.16..8.5]' => 'Potassium: (0.54..0.64]'
c1 rule: 'Magnesium: (3.61..3.77]', 'Silicon: (72.8..73.08]' => 'Potassium: (0.54..0.64]'
c1 rule: 'Silicon: (72.8..73.08]', 'Iron: (0.16..0.22]' => 'Potassium: (0.54..0.64]'
c1 rule: 'Magnesium: (3.1..3.45]', 'Aluminum: (1.58..+inf)' => 'Potassium: (0.54..0.64]'
c1 rule: 'Silicon: (72.02..72.49]', 'Calcium: (8.5..8.81]' => 'Potassium: (0.54..0.64]'
c1 rule: 'Magnesium: (3.1..3.45]', 'Silicon: (72.02..72.49]' => 'Potassium: (0.54..0.64]'
c1 rule: 'Sodium: (12.74..13.03]', 'Silicon: (72.02..72.49]' => 'Potassium: (0.54..0.64]'
c1 rule: 'Sodium: (12.74..13.03]', 'Iron: (0.1..0.16]' => 'Potassium: (0.54..0.64]'
c1 rule: 'Sodium: (12.74..13.03]', 'Aluminum: (0.88..1.19]' => 'Potassium: (0.54..0.64]'
c1 rule: 'Sodium: (13.38..13.72]', 'Silicon: (72.8..73.08]', not 'Calcium: (-inf..8.16]' => 'Potassium: (0.54..0.64]'
c1 rule: 'Aluminum: (1.19..1.37]', 'Calcium: (8.81..9.59]', not 'Silicon: (72.8..73.08]' => 'Potassium: (0.54..0.64]'
c1 rule: 'Sodium: (13.03..13.38]', 'Magnesium: (3.45..3.61]', 'Aluminum: (1.19..1.37]' => 'Potassium: (0.54..0.64]'
c1 rule: 'Aluminum: (1.19..1.37]', 'Calcium: (8.16..8.5]', 'Iron: (-inf..0.1]' => 'Potassium: (0.54..0.64]'
c1 rule: 'Magnesium: (3.61..3.77]', 'Calcium: (-inf..8.16]', 'Iron: (-inf..0.1]' => 'Potassium: (0.54..0.64]'
c1 rule: 'Sodium: (13.03..13.38]', 'Magnesium: (3.1..3.45]', 'Silicon: (72.49..72.8]' => 'Potassium: (0.54..0.64]'
c1 rule: 'Sodium: (12.74..13.03]', 'Aluminum: (1.19..1.37]', 'Silicon: (72.49..72.8]' => 'Potassium: (0.54..0.64]'
c1 rule: 'Aluminum: (1.37..1.58]', 'Calcium: (8.5..8.81]', not 'Iron: (0.16..0.22]' => 'Potassium: (0.54..0.64]'
c1 rule: 'Sodium: (13.38..13.72]', 'Aluminum: (1.58..+inf)', 'Silicon: (72.49..72.8]' => 'Potassium: (0.54..0.64]'
c1 rule: 'Sodium: (12.74..13.03]', 'Magnesium: (3.45..3.61]', 'Aluminum: (1.37..1.58]', 'Silicon: (72.8..73.08]' => 'Potassium: (0.54..0.64]'
c1 # of rules: 32
c1 rule time: 0.0318

c1 computing class: (0.64..+inf)
c1 discrimination constraints: 103h
c1 coverage constraints: 16v+593h
c1 formula: 98v, 819c (737h+82s)
c1 enumerating rules (maxsat-based)
c1 rule: 'Sodium: (-inf..12.74]', 'Silicon: (72.02..72.49]' => 'Potassium: (0.64..+inf)'
c1 rule: 'Sodium: (-inf..12.74]', 'Calcium: (-inf..8.16]' => 'Potassium: (0.64..+inf)'
c1 rule: 'Magnesium: (3.61..3.77]', 'Aluminum: (1.37..1.58]' => 'Potassium: (0.64..+inf)'
c1 rule: 'Aluminum: (1.58..+inf)', 'Silicon: (73.08..+inf)' => 'Potassium: (0.64..+inf)'
c1 rule: 'Sodium: (12.74..13.03]', 'Calcium: (-inf..8.16]', not 'Silicon: (72.8..73.08]' => 'Potassium: (0.64..+inf)'
c1 rule: 'Sodium: (-inf..12.74]', 'Calcium: (8.16..8.5]', not 'Magnesium: (3.45..3.61]' => 'Potassium: (0.64..+inf)'
c1 rule: 'Sodium: (-inf..12.74]', 'Aluminum: (1.58..+inf)', 'Barium: (-inf..0.08]' => 'Potassium: (0.64..+inf)'
c1 rule: 'Sodium: (13.03..13.38]', 'Magnesium: (3.45..3.61]', 'Aluminum: (1.58..+inf)' => 'Potassium: (0.64..+inf)'
c1 rule: 'Magnesium: (3.45..3.61]', 'Silicon: (72.02..72.49]', 'Calcium: (-inf..8.16]' => 'Potassium: (0.64..+inf)'
c1 rule: 'Aluminum: (1.37..1.58]', 'Silicon: (72.49..72.8]', 'Calcium: (-inf..8.16]' => 'Potassium: (0.64..+inf)'
c1 rule: 'Aluminum: (1.58..+inf)', 'Silicon: (72.8..73.08]', 'Iron: (-inf..0.1]' => 'Potassium: (0.64..+inf)'
c1 rule: 'Sodium: (13.38..13.72]', 'Aluminum: (1.19..1.37]', 'Calcium: (-inf..8.16]' => 'Potassium: (0.64..+inf)'
c1 # of rules: 12
c1 rule time: 0.0126

c2 total rules: 81

c0 computing feature 7
c1 computing class: (-inf..8.16]
c1 discrimination constraints: 93h
c1 coverage constraints: 26v+963h
c1 formula: 108v, 1179c (1097h+82s)
c1 enumerating rules (maxsat-based)
c1 rule: 'Silicon: (72.8..73.08]', 'Potassium: (0.13..0.37]' => 'Calcium: (-inf..8.16]'
c1 rule: 'Aluminum: (1.58..+inf)', 'Iron: (0.1..0.16]' => 'Calcium: (-inf..8.16]'
c1 rule: 'Magnesium: (3.61..3.77]', 'Aluminum: (1.58..+inf)' => 'Calcium: (-inf..8.16]'
c1 rule: 'Magnesium: (3.61..3.77]', 'Potassium: (0.64..+inf)' => 'Calcium: (-inf..8.16]'
c1 rule: 'Sodium: (12.74..13.03]', 'Iron: (0.22..0.29]' => 'Calcium: (-inf..8.16]'
c1 rule: 'Aluminum: (1.37..1.58]', 'Iron: (0.22..0.29]' => 'Calcium: (-inf..8.16]'
c1 rule: 'Sodium: (13.72..+inf)', 'Silicon: (72.49..72.8]' => 'Calcium: (-inf..8.16]'
c1 rule: 'Magnesium: (3.77..+inf)', 'Silicon: (72.49..72.8]' => 'Calcium: (-inf..8.16]'
c1 rule: 'Sodium: (13.38..13.72]', 'Potassium: (0.64..+inf)' => 'Calcium: (-inf..8.16]'
c1 rule: 'Sodium: (13.03..13.38]', 'Potassium: (0.64..+inf)' => 'Calcium: (-inf..8.16]'
c1 rule: 'Sodium: (13.03..13.38]', 'Aluminum: (1.37..1.58]', 'Silicon: (72.8..73.08]' => 'Calcium: (-inf..8.16]'
c1 rule: 'Aluminum: (1.37..1.58]', 'Silicon: (72.8..73.08]', not 'Sodium: (12.74..13.03]' => 'Calcium: (-inf..8.16]'
c1 rule: 'Magnesium: (3.45..3.61]', 'Aluminum: (1.37..1.58]', 'Silicon: (72.8..73.08]' => 'Calcium: (-inf..8.16]'
c1 rule: 'Sodium: (13.03..13.38]', 'Magnesium: (3.45..3.61]', 'Silicon: (73.08..+inf)' => 'Calcium: (-inf..8.16]'
c1 rule: 'Sodium: (13.38..13.72]', 'Magnesium: (3.45..3.61]', 'Aluminum: (1.58..+inf)' => 'Calcium: (-inf..8.16]'
c1 rule: 'Magnesium: (3.45..3.61]', 'Aluminum: (1.58..+inf)', 'Potassium: (0.54..0.64]' => 'Calcium: (-inf..8.16]'
c1 rule: 'Sodium: (13.38..13.72]', 'Silicon: (72.8..73.08]', not 'Magnesium: (-inf..3.1]' => 'Calcium: (-inf..8.16]'
c1 rule: 'Sodium: (13.38..13.72]', 'Magnesium: (3.77..+inf)', not 'Silicon: (-inf..72.02]' => 'Calcium: (-inf..8.16]'
c1 rule: 'Sodium: (12.74..13.03]', 'Aluminum: (1.37..1.58]', 'Silicon: (73.08..+inf)' => 'Calcium: (-inf..8.16]'
c1 rule: 'Sodium: (12.74..13.03]', 'Potassium: (0.64..+inf)', not 'Aluminum: (1.19..1.37]' => 'Calcium: (-inf..8.16]'
c1 rule: 'Magnesium: (3.61..3.77]', 'Silicon: (72.8..73.08]', not 'Sodium: (12.74..13.03]', not 'Aluminum: (0.88..1.19]' => 'Calcium: (-inf..8.16]'
c1 # of rules: 21
c1 rule time: 0.0186

c1 computing class: (8.16..8.5]
c1 discrimination constraints: 90h
c1 coverage constraints: 29v+1074h
c1 formula: 111v, 1287c (1205h+82s)
c1 enumerating rules (maxsat-based)
c1 rule: 'Aluminum: (1.37..1.58]', 'Potassium: (-inf..0.13]' => 'Calcium: (8.16..8.5]'
c1 rule: 'Magnesium: (3.1..3.45]', 'Iron: (0.16..0.22]' => 'Calcium: (8.16..8.5]'
c1 rule: 'Sodium: (12.74..13.03]', 'Magnesium: (3.1..3.45]' => 'Calcium: (8.16..8.5]'
c1 rule: 'Sodium: (13.38..13.72]', 'Iron: (0.29..+inf)' => 'Calcium: (8.16..8.5]'
c1 rule: 'Magnesium: (3.45..3.61]', 'Iron: (0.29..+inf)' => 'Calcium: (8.16..8.5]'
c1 rule: 'Sodium: (13.72..+inf)', 'Potassium: (0.54..0.64]' => 'Calcium: (8.16..8.5]'
c1 rule: 'Magnesium: (3.1..3.45]', 'Potassium: (0.64..+inf)' => 'Calcium: (8.16..8.5]'
c1 rule: 'Magnesium: (3.77..+inf)', 'Silicon: (72.8..73.08]' => 'Calcium: (8.16..8.5]'
c1 rule: 'Silicon: (72.02..72.49]', 'Iron: (0.22..0.29]' => 'Calcium: (8.16..8.5]'
c1 rule: 'Magnesium: (3.77..+inf)', 'Aluminum: (1.37..1.58]' => 'Calcium: (8.16..8.5]'
c1 rule: 'Aluminum: (0.88..1.19]', 'Iron: (0.16..0.22]' => 'Calcium: (8.16..8.5]'
c1 rule: 'Aluminum: (1.19..1.37]', 'Iron: (0.16..0.22]' => 'Calcium: (8.16..8.5]'
c1 rule: 'Silicon: (72.49..72.8]', 'Iron: (0.1..0.16]' => 'Calcium: (8.16..8.5]'
c1 rule: 'Silicon: (72.8..73.08]', 'Iron: (0.1..0.16]', not 'Sodium: (13.72..+inf)' => 'Calcium: (8.16..8.5]'
c1 rule: 'Aluminum: (0.88..1.19]', 'Silicon: (72.8..73.08]', not 'Potassium: (0.54..0.64]' => 'Calcium: (8.16..8.5]'
c1 rule: 'Magnesium: (3.1..3.45]', 'Aluminum: (1.37..1.58]', not 'Potassium: (0.54..0.64]' => 'Calcium: (8.16..8.5]'
c1 rule: 'Aluminum: (1.58..+inf)', 'Silicon: (72.49..72.8]', 'Potassium: (0.37..0.54]' => 'Calcium: (8.16..8.5]'
c1 rule: 'Sodium: (13.03..13.38]', 'Magnesium: (3.45..3.61]', 'Aluminum: (1.19..1.37]' => 'Calcium: (8.16..8.5]'
c1 rule: 'Aluminum: (1.37..1.58]', 'Silicon: (72.49..72.8]', 'Potassium: (0.54..0.64]' => 'Calcium: (8.16..8.5]'
c1 rule: 'Magnesium: (3.77..+inf)', 'Potassium: (0.54..0.64]', not 'Sodium: (13.38..13.72]' => 'Calcium: (8.16..8.5]'
c1 rule: 'Aluminum: (1.19..1.37]', 'Silicon: (73.08..+inf)', not 'Sodium: (-inf..12.74]' => 'Calcium: (8.16..8.5]'
c1 rule: 'Magnesium: (3.45..3.61]', 'Aluminum: (1.19..1.37]', 'Silicon: (73.08..+inf)' => 'Calcium: (8.16..8.5]'
c1 rule: 'Sodium: (13.03..13.38]', 'Silicon: (72.02..72.49]', 'Iron: (-inf..0.1]' => 'Calcium: (8.16..8.5]'
c1 rule: 'Magnesium: (3.1..3.45]', 'Silicon: (72.49..72.8]', 'Potassium: (0.54..0.64]', not 'Sodium: (13.03..13.38]' => 'Calcium: (8.16..8.5]'
c1 rule: 'Sodium: (13.03..13.38]', 'Potassium: (0.54..0.64]', not 'Magnesium: (3.1..3.45]', not 'Silicon: (72.8..73.08]' => 'Calcium: (8.16..8.5]'
c1 rule: 'Sodium: (13.03..13.38]', 'Magnesium: (3.45..3.61]', 'Silicon: (72.49..72.8]', not 'Aluminum: (1.58..+inf)' => 'Calcium: (8.16..8.5]'
c1 # of rules: 26
c1 rule time: 0.0206

c1 computing class: (8.5..8.81]
c1 discrimination constraints: 93h
c1 coverage constraints: 26v+963h
c1 formula: 108v, 1179c (1097h+82s)
c1 enumerating rules (maxsat-based)
c1 rule: 'Iron: (-inf..0.1]', not 'Barium: (-inf..0.08]' => 'Calcium: (8.5..8.81]'
c1 rule: 'Magnesium: (3.61..3.77]', 'Potassium: (0.37..0.54]' => 'Calcium: (8.5..8.81]'
c1 rule: 'Silicon: (72.49..72.8]', 'Iron: (0.29..+inf)' => 'Calcium: (8.5..8.81]'
c1 rule: 'Silicon: (72.49..72.8]', 'Iron: (0.16..0.22]' => 'Calcium: (8.5..8.81]'
c1 rule: 'Silicon: (72.49..72.8]', 'Potassium: (-inf..0.13]' => 'Calcium: (8.5..8.81]'
c1 rule: 'Magnesium: (3.1..3.45]', 'Iron: (0.29..+inf)' => 'Calcium: (8.5..8.81]'
c1 rule: 'Magnesium: (3.77..+inf)', 'Potassium: (-inf..0.13]', not 'Sodium: (13.72..+inf)' => 'Calcium: (8.5..8.81]'
c1 rule: 'Magnesium: (3.1..3.45]', 'Silicon: (72.8..73.08]', not 'Aluminum: (1.37..1.58]' => 'Calcium: (8.5..8.81]'
c1 rule: 'Sodium: (13.03..13.38]', 'Magnesium: (3.1..3.45]', 'Silicon: (72.49..72.8]' => 'Calcium: (8.5..8.81]'
c1 rule: 'Magnesium: (3.1..3.45]', 'Silicon: (72.49..72.8]', not 'Potassium: (0.54..0.64]' => 'Calcium: (8.5..8.81]'
c1 rule: 'Sodium: (13.38..13.72]', 'Magnesium: (3.1..3.45]', not 'Aluminum: (1.19..1.37]' => 'Calcium: (8.5..8.81]'
c1 rule: 'Magnesium: (3.61..3.77]', 'Aluminum: (1.19..1.37]', not 'Sodium: (13.03..13.38]' => 'Calcium: (8.5..8.81]'
c1 rule: 'Refractive Index: (-inf..1.52]', 'Aluminum: (0.88..1.19]', 'Potassium: (0.13..0.37]' => 'Calcium: (8.5..8.81]'
c1 rule: 'Aluminum: (1.19..1.37]', 'Potassium: (0.64..+inf)', not 'Sodium: (13.38..13.72]' => 'Calcium: (8.5..8.81]'
c1 rule: 'Aluminum: (1.58..+inf)', 'Silicon: (73.08..+inf)', not 'Sodium: (12.74..13.03]' => 'Calcium: (8.5..8.81]'
c1 rule: 'Aluminum: (0.88..1.19]', 'Silicon: (73.08..+inf)', not 'Magnesium: (3.1..3.45]' => 'Calcium: (8.5..8.81]'
c1 rule: 'Magnesium: (3.1..3.45]', 'Aluminum: (1.19..1.37]', 'Silicon: (73.08..+inf)' => 'Calcium: (8.5..8.81]'
c1 rule: 'Sodium: (-inf..12.74]', 'Aluminum: (1.19..1.37]', not 'Silicon: (73.08..+inf)' => 'Calcium: (8.5..8.81]'
c1 rule: 'Sodium: (12.74..13.03]', 'Aluminum: (0.88..1.19]', 'Iron: (-inf..0.1]' => 'Calcium: (8.5..8.81]'
c1 rule: 'Sodium: (-inf..12.74]', 'Aluminum: (1.37..1.58]', 'Potassium: (0.54..0.64]' => 'Calcium: (8.5..8.81]'
c1 rule: 'Sodium: (12.74..13.03]', 'Silicon: (72.49..72.8]', not 'Potassium: (0.37..0.54]' => 'Calcium: (8.5..8.81]'
c1 # of rules: 21
c1 rule time: 0.0190

c1 computing class: (8.81..9.59]
c1 discrimination constraints: 100h
c1 coverage constraints: 19v+704h
c1 formula: 101v, 927c (845h+82s)
c1 enumerating rules (maxsat-based)
c1 rule: 'Barium: (0.15..0.44]' => 'Calcium: (8.81..9.59]'
c1 rule: 'Sodium: (12.74..13.03]', 'Silicon: (72.02..72.49]' => 'Calcium: (8.81..9.59]'
c1 rule: 'Sodium: (13.03..13.38]', 'Magnesium: (-inf..3.1]' => 'Calcium: (8.81..9.59]'
c1 rule: 'Sodium: (13.38..13.72]', not 'Barium: (-inf..0.08]' => 'Calcium: (8.81..9.59]'
c1 rule: 'Sodium: (13.72..+inf)', 'Iron: (0.29..+inf)' => 'Calcium: (8.81..9.59]'
c1 rule: 'Silicon: (72.02..72.49]', 'Potassium: (-inf..0.13]' => 'Calcium: (8.81..9.59]'
c1 rule: 'Magnesium: (3.1..3.45]', 'Iron: (0.1..0.16]' => 'Calcium: (8.81..9.59]'
c1 rule: 'Magnesium: (3.1..3.45]', 'Iron: (0.22..0.29]' => 'Calcium: (8.81..9.59]'
c1 rule: 'Magnesium: (3.77..+inf)', 'Potassium: (0.13..0.37]' => 'Calcium: (8.81..9.59]'
c1 rule: 'Magnesium: (-inf..3.1]', 'Aluminum: (0.88..1.19]', not 'Sodium: (13.72..+inf)' => 'Calcium: (8.81..9.59]'
c1 rule: 'Silicon: (-inf..72.02]', 'Potassium: (0.54..0.64]', not 'Aluminum: (1.58..+inf)' => 'Calcium: (8.81..9.59]'
c1 rule: 'Magnesium: (-inf..3.1]', 'Iron: (0.22..0.29]', not 'Aluminum: (1.58..+inf)' => 'Calcium: (8.81..9.59]'
c1 rule: 'Magnesium: (3.1..3.45]', 'Aluminum: (1.19..1.37]', 'Silicon: (72.02..72.49]' => 'Calcium: (8.81..9.59]'
c1 rule: 'Refractive Index: (-inf..1.52]', 'Sodium: (13.72..+inf)', 'Aluminum: (-inf..0.88]' => 'Calcium: (8.81..9.59]'
c1 rule: 'Silicon: (72.8..73.08]', 'Potassium: (0.64..+inf)', not 'Magnesium: (3.45..3.61]' => 'Calcium: (8.81..9.59]'
c1 rule: 'Sodium: (13.38..13.72]', 'Magnesium: (3.45..3.61]', 'Potassium: (-inf..0.13]' => 'Calcium: (8.81..9.59]'
c1 # of rules: 16
c1 rule time: 0.0162

c1 computing class: (9.59..+inf)
c1 discrimination constraints: 100h
c1 coverage constraints: 19v+704h
c1 formula: 101v, 927c (845h+82s)
c1 enumerating rules (maxsat-based)
c1 rule: 'Potassium: (0.64..+inf)', not 'Refractive Index: (-inf..1.52]' => 'Calcium: (9.59..+inf)'
c1 rule: 'Potassium: (0.13..0.37]', 'Iron: (0.16..0.22]' => 'Calcium: (9.59..+inf)'
c1 rule: 'Sodium: (13.03..13.38]', 'Potassium: (0.13..0.37]' => 'Calcium: (9.59..+inf)'
c1 rule: 'Silicon: (72.02..72.49]', 'Potassium: (0.13..0.37]' => 'Calcium: (9.59..+inf)'
c1 rule: 'Potassium: (0.54..0.64]', not 'Refractive Index: (-inf..1.52]' => 'Calcium: (9.59..+inf)'
c1 rule: 'Silicon: (73.08..+inf)', not 'Refractive Index: (-inf..1.52]' => 'Calcium: (9.59..+inf)'
c1 rule: 'Sodium: (-inf..12.74]', not 'Refractive Index: (-inf..1.52]' => 'Calcium: (9.59..+inf)'
c1 rule: 'Sodium: (13.38..13.72]', 'Silicon: (73.08..+inf)' => 'Calcium: (9.59..+inf)'
c1 rule: 'Magnesium: (3.1..3.45]', 'Aluminum: (-inf..0.88]' => 'Calcium: (9.59..+inf)'
c1 rule: 'Silicon: (-inf..72.02]', 'Iron: (0.16..0.22]' => 'Calcium: (9.59..+inf)'
c1 rule: 'Aluminum: (1.19..1.37]', not 'Refractive Index: (-inf..1.52]' => 'Calcium: (9.59..+inf)'
c1 rule: 'Magnesium: (-inf..3.1]', 'Potassium: (-inf..0.13]' => 'Calcium: (9.59..+inf)'
c1 rule: 'Potassium: (-inf..0.13]', 'Iron: (0.1..0.16]' => 'Calcium: (9.59..+inf)'
c1 rule: 'Sodium: (13.03..13.38]', 'Aluminum: (-inf..0.88]' => 'Calcium: (9.59..+inf)'
c1 rule: 'Sodium: (13.72..+inf)', not 'Refractive Index: (-inf..1.52]', not 'Magnesium: (3.77..+inf)' => 'Calcium: (9.59..+inf)'
c1 # of rules: 15
c1 rule time: 0.0109

c2 total rules: 99

c0 computing feature 8
c1 computing class: (-inf..0.08]
c1 discrimination constraints: 7h
c1 coverage constraints: 112v+4145h
c1 formula: 194v, 4275c (4193h+82s)
c1 enumerating rules (maxsat-based)
c1 rule: 'Iron: (0.29..+inf)' => 'Barium: (-inf..0.08]'
c1 rule: 'Potassium: (0.64..+inf)' => 'Barium: (-inf..0.08]'
c1 rule: 'Calcium: (-inf..8.16]' => 'Barium: (-inf..0.08]'
c1 rule: 'Silicon: (73.08..+inf)' => 'Barium: (-inf..0.08]'
c1 rule: 'Magnesium: (3.77..+inf)' => 'Barium: (-inf..0.08]'
c1 rule: 'Iron: (0.1..0.16]' => 'Barium: (-inf..0.08]'
c1 rule: 'Magnesium: (3.1..3.45]' => 'Barium: (-inf..0.08]'
c1 rule: 'Sodium: (13.72..+inf)', 'Calcium: (8.16..8.5]' => 'Barium: (-inf..0.08]'
c1 rule: 'Sodium: (13.72..+inf)', 'Aluminum: (0.88..1.19]' => 'Barium: (-inf..0.08]'
c1 rule: 'Aluminum: (0.88..1.19]', not 'Iron: (0.16..0.22]' => 'Barium: (-inf..0.08]'
c1 rule: 'Sodium: (13.03..13.38]', not 'Iron: (0.16..0.22]' => 'Barium: (-inf..0.08]'
c1 rule: 'Sodium: (13.03..13.38]', not 'Calcium: (8.16..8.5]' => 'Barium: (-inf..0.08]'
c1 rule: 'Iron: (-inf..0.1]', not 'Calcium: (8.5..8.81]' => 'Barium: (-inf..0.08]'
c1 rule: 'Sodium: (13.72..+inf)', not 'Calcium: (8.5..8.81]' => 'Barium: (-inf..0.08]'
c1 rule: 'Calcium: (8.5..8.81]', not 'Iron: (-inf..0.1]' => 'Barium: (-inf..0.08]'
c1 rule: 'Silicon: (72.49..72.8]', not 'Aluminum: (-inf..0.88]' => 'Barium: (-inf..0.08]'
c1 rule: 'Sodium: (-inf..12.74]', 'Aluminum: (1.19..1.37]' => 'Barium: (-inf..0.08]'
c1 rule: 'Aluminum: (1.19..1.37]', not 'Magnesium: (3.45..3.61]' => 'Barium: (-inf..0.08]'
c1 rule: 'Aluminum: (1.19..1.37]', not 'Sodium: (13.72..+inf)' => 'Barium: (-inf..0.08]'
c1 # of rules: 19
c1 rule time: 0.0151

c1 computing class: (0.08..0.12]
c1 discrimination constraints: 117h
c1 coverage constraints: 2v+75h
c1 formula: 84v, 315c (233h+82s)
c1 enumerating rules (maxsat-based)
c1 rule: 'Aluminum: (0.88..1.19]', 'Iron: (0.16..0.22]' => 'Barium: (0.08..0.12]'
c1 rule: 'Silicon: (-inf..72.02]', 'Potassium: (0.37..0.54]', 'Iron: (-inf..0.1]' => 'Barium: (0.08..0.12]'
c1 # of rules: 2
c1 rule time: 0.0039

c1 computing class: (0.12..0.15]
c1 discrimination constraints: 117h
c1 coverage constraints: 2v+75h
c1 formula: 84v, 315c (233h+82s)
c1 enumerating rules (maxsat-based)
c1 rule: 'Silicon: (72.49..72.8]', 'Calcium: (8.81..9.59]' => 'Barium: (0.12..0.15]'
c1 rule: 'Sodium: (12.74..13.03]', 'Magnesium: (-inf..3.1]' => 'Barium: (0.12..0.15]'
c1 # of rules: 2
c1 rule time: 0.0029

c1 computing class: (0.15..0.44]
c1 discrimination constraints: 118h
c1 coverage constraints: 1v+38h
c1 formula: 83v, 279c (197h+82s)
c1 enumerating rules (maxsat-based)
c1 rule: 'Calcium: (8.81..9.59]', 'Iron: (0.16..0.22]' => 'Barium: (0.15..0.44]'
c1 # of rules: 1
c1 rule time: 0.0021

c1 computing class: (0.44..+inf)
c1 discrimination constraints: 117h
c1 coverage constraints: 2v+75h
c1 formula: 84v, 315c (233h+82s)
c1 enumerating rules (maxsat-based)
c1 rule: 'Aluminum: (1.19..1.37]', 'Potassium: (-inf..0.13]' => 'Barium: (0.44..+inf)'
c1 rule: 'Silicon: (-inf..72.02]', 'Iron: (0.22..0.29]' => 'Barium: (0.44..+inf)'
c1 # of rules: 2
c1 rule time: 0.0028

c2 total rules: 26

c0 computing feature 9
c1 computing class: (-inf..0.1]
c1 discrimination constraints: 35h
c1 coverage constraints: 84v+3109h
c1 formula: 166v, 3267c (3185h+82s)
c1 enumerating rules (maxsat-based)
c1 rule: 'Silicon: (72.8..73.08]', 'Potassium: (0.64..+inf)' => 'Iron: (-inf..0.1]'
c1 rule: 'Potassium: (0.64..+inf)', 'Calcium: (8.16..8.5]' => 'Iron: (-inf..0.1]'
c1 rule: 'Sodium: (-inf..12.74]', 'Calcium: (8.16..8.5]' => 'Iron: (-inf..0.1]'
c1 rule: 'Sodium: (-inf..12.74]', 'Potassium: (-inf..0.13]' => 'Iron: (-inf..0.1]'
c1 rule: 'Aluminum: (1.58..+inf)', 'Silicon: (72.49..72.8]' => 'Iron: (-inf..0.1]'
c1 rule: 'Magnesium: (3.1..3.45]', 'Silicon: (72.49..72.8]' => 'Iron: (-inf..0.1]'
c1 rule: 'Sodium: (13.38..13.72]', 'Magnesium: (3.1..3.45]' => 'Iron: (-inf..0.1]'
c1 rule: 'Sodium: (13.38..13.72]', 'Calcium: (8.5..8.81]' => 'Iron: (-inf..0.1]'
c1 rule: 'Aluminum: (1.58..+inf)', 'Calcium: (8.5..8.81]' => 'Iron: (-inf..0.1]'
c1 rule: 'Magnesium: (3.1..3.45]', 'Potassium: (0.37..0.54]' => 'Iron: (-inf..0.1]'
c1 rule: 'Magnesium: (3.1..3.45]', 'Silicon: (-inf..72.02]' => 'Iron: (-inf..0.1]'
c1 rule: 'Aluminum: (1.37..1.58]', 'Potassium: (0.54..0.64]' => 'Iron: (-inf..0.1]'
c1 rule: 'Magnesium: (3.77..+inf)', 'Silicon: (72.49..72.8]' => 'Iron: (-inf..0.1]'
c1 rule: 'Silicon: (72.49..72.8]', not 'Refractive Index: (-inf..1.52]' => 'Iron: (-inf..0.1]'
c1 rule: 'Aluminum: (1.19..1.37]', not 'Refractive Index: (-inf..1.52]' => 'Iron: (-inf..0.1]'
c1 rule: 'Silicon: (-inf..72.02]', 'Calcium: (8.5..8.81]' => 'Iron: (-inf..0.1]'
c1 rule: 'Sodium: (12.74..13.03]', 'Potassium: (0.64..+inf)' => 'Iron: (-inf..0.1]'
c1 rule: 'Potassium: (0.37..0.54]', 'Calcium: (-inf..8.16]' => 'Iron: (-inf..0.1]'
c1 rule: 'Silicon: (72.8..73.08]', 'Potassium: (0.37..0.54]' => 'Iron: (-inf..0.1]'
c1 rule: 'Refractive Index: (-inf..1.52]', 'Calcium: (9.59..+inf)' => 'Iron: (-inf..0.1]'
c1 rule: 'Magnesium: (3.45..3.61]', 'Silicon: (-inf..72.02]' => 'Iron: (-inf..0.1]'
c1 rule: 'Sodium: (13.03..13.38]', 'Silicon: (-inf..72.02]' => 'Iron: (-inf..0.1]'
c1 rule: 'Sodium: (13.03..13.38]', 'Potassium: (0.37..0.54]' => 'Iron: (-inf..0.1]'
c1 rule: 'Aluminum: (1.37..1.58]', 'Silicon: (72.02..72.49]' => 'Iron: (-inf..0.1]'
c1 rule: 'Silicon: (73.08..+inf)', 'Calcium: (8.5..8.81]' => 'Iron: (-inf..0.1]'
c1 rule: 'Silicon: (72.02..72.49]', 'Potassium: (-inf..0.13]' => 'Iron: (-inf..0.1]'
c1 rule: 'Silicon: (72.02..72.49]', 'Calcium: (-inf..8.16]' => 'Iron: (-inf..0.1]'
c1 rule: 'Sodium: (13.38..13.72]', 'Silicon: (72.8..73.08]' => 'Iron: (-inf..0.1]'
c1 rule: 'Magnesium: (-inf..3.1]', 'Silicon: (72.8..73.08]' => 'Iron: (-inf..0.1]'
c1 rule: 'Magnesium: (-inf..3.1]', 'Aluminum: (0.88..1.19]' => 'Iron: (-inf..0.1]'
c1 rule: 'Sodium: (13.72..+inf)', 'Potassium: (0.54..0.64]' => 'Iron: (-inf..0.1]'
c1 rule: 'Sodium: (13.72..+inf)', 'Potassium: (-inf..0.13]' => 'Iron: (-inf..0.1]'
c1 rule: 'Sodium: (13.38..13.72]', 'Calcium: (-inf..8.16]' => 'Iron: (-inf..0.1]'
c1 rule: 'Sodium: (13.03..13.38]', 'Magnesium: (3.45..3.61]', 'Potassium: (0.64..+inf)' => 'Iron: (-inf..0.1]'
c1 rule: 'Magnesium: (3.45..3.61]', 'Potassium: (0.54..0.64]', not 'Silicon: (72.8..73.08]' => 'Iron: (-inf..0.1]'
c1 rule: 'Aluminum: (1.19..1.37]', 'Silicon: (72.49..72.8]', not 'Sodium: (12.74..13.03]' => 'Iron: (-inf..0.1]'
c1 rule: 'Magnesium: (3.61..3.77]', 'Aluminum: (1.19..1.37]', not 'Sodium: (12.74..13.03]' => 'Iron: (-inf..0.1]'
c1 rule: 'Magnesium: (3.61..3.77]', 'Aluminum: (1.19..1.37]', not 'Silicon: (72.49..72.8]' => 'Iron: (-inf..0.1]'
c1 rule: 'Magnesium: (3.45..3.61]', 'Aluminum: (0.88..1.19]', 'Calcium: (8.5..8.81]' => 'Iron: (-inf..0.1]'
c1 rule: 'Magnesium: (3.45..3.61]', 'Calcium: (8.5..8.81]', not 'Potassium: (0.37..0.54]' => 'Iron: (-inf..0.1]'
c1 rule: 'Magnesium: (3.45..3.61]', 'Potassium: (0.54..0.64]', not 'Sodium: (12.74..13.03]' => 'Iron: (-inf..0.1]'
c1 rule: 'Magnesium: (3.77..+inf)', 'Silicon: (72.02..72.49]', not 'Aluminum: (1.19..1.37]' => 'Iron: (-inf..0.1]'
c1 # of rules: 42
c1 rule time: 0.0471

c1 computing class: (0.1..0.16]
c1 discrimination constraints: 108h
c1 coverage constraints: 11v+408h
c1 formula: 93v, 639c (557h+82s)
c1 enumerating rules (maxsat-based)
c1 rule: 'Magnesium: (3.77..+inf)', 'Silicon: (72.8..73.08]' => 'Iron: (0.1..0.16]'
c1 rule: 'Sodium: (13.72..+inf)', 'Silicon: (72.8..73.08]' => 'Iron: (0.1..0.16]'
c1 rule: 'Sodium: (12.74..13.03]', 'Calcium: (8.81..9.59]' => 'Iron: (0.1..0.16]'
c1 rule: 'Silicon: (-inf..72.02]', 'Calcium: (-inf..8.16]' => 'Iron: (0.1..0.16]'
c1 rule: 'Aluminum: (0.88..1.19]', 'Silicon: (72.02..72.49]', 'Calcium: (9.59..+inf)' => 'Iron: (0.1..0.16]'
c1 rule: 'Aluminum: (-inf..0.88]', 'Silicon: (-inf..72.02]', not 'Potassium: (-inf..0.13]' => 'Iron: (0.1..0.16]'
c1 rule: 'Sodium: (13.03..13.38]', 'Calcium: (8.81..9.59]', not 'Magnesium: (-inf..3.1]' => 'Iron: (0.1..0.16]'
c1 rule: 'Magnesium: (3.77..+inf)', 'Potassium: (0.37..0.54]', not 'Aluminum: (1.19..1.37]' => 'Iron: (0.1..0.16]'
c1 rule: 'Sodium: (13.38..13.72]', 'Magnesium: (3.61..3.77]', 'Silicon: (-inf..72.02]' => 'Iron: (0.1..0.16]'
c1 rule: 'Sodium: (13.38..13.72]', 'Aluminum: (0.88..1.19]', 'Calcium: (8.16..8.5]' => 'Iron: (0.1..0.16]'
c1 # of rules: 10
c1 rule time: 0.0114

c1 computing class: (0.16..0.22]
c1 discrimination constraints: 109h
c1 coverage constraints: 10v+371h
c1 formula: 92v, 603c (521h+82s)
c1 enumerating rules (maxsat-based)
c1 rule: 'Barium: (0.15..0.44]' => 'Iron: (0.16..0.22]'
c1 rule: 'Aluminum: (1.37..1.58]', 'Potassium: (-inf..0.13]' => 'Iron: (0.16..0.22]'
c1 rule: 'Aluminum: (1.37..1.58]', not 'Refractive Index: (-inf..1.52]' => 'Iron: (0.16..0.22]'
c1 rule: 'Potassium: (0.37..0.54]', 'Calcium: (9.59..+inf)' => 'Iron: (0.16..0.22]'
c1 rule: 'Barium: (0.08..0.12]', not 'Potassium: (0.37..0.54]' => 'Iron: (0.16..0.22]'
c1 rule: 'Aluminum: (-inf..0.88]', 'Silicon: (72.02..72.49]' => 'Iron: (0.16..0.22]'
c1 rule: 'Magnesium: (3.1..3.45]', 'Aluminum: (1.58..+inf)', 'Silicon: (72.02..72.49]' => 'Iron: (0.16..0.22]'
c1 rule: 'Sodium: (12.74..13.03]', 'Potassium: (0.37..0.54]', not 'Calcium: (8.16..8.5]' => 'Iron: (0.16..0.22]'
c1 rule: 'Sodium: (12.74..13.03]', 'Silicon: (73.08..+inf)', 'Potassium: (0.37..0.54]' => 'Iron: (0.16..0.22]'
c1 # of rules: 9
c1 rule time: 0.0076

c1 computing class: (0.22..0.29]
c1 discrimination constraints: 111h
c1 coverage constraints: 8v+297h
c1 formula: 90v, 531c (449h+82s)
c1 enumerating rules (maxsat-based)
c1 rule: 'Sodium: (-inf..12.74]', 'Calcium: (-inf..8.16]' => 'Iron: (0.22..0.29]'
c1 rule: 'Silicon: (73.08..+inf)', 'Calcium: (8.81..9.59]' => 'Iron: (0.22..0.29]'
c1 rule: 'Magnesium: (3.61..3.77]', 'Aluminum: (1.37..1.58]' => 'Iron: (0.22..0.29]'
c1 rule: 'Barium: (0.44..+inf)', not 'Aluminum: (1.19..1.37]' => 'Iron: (0.22..0.29]'
c1 rule: 'Aluminum: (-inf..0.88]', not 'Barium: (-inf..0.08]' => 'Iron: (0.22..0.29]'
c1 rule: 'Magnesium: (3.77..+inf)', 'Aluminum: (1.19..1.37]', 'Silicon: (72.02..72.49]' => 'Iron: (0.22..0.29]'
c1 # of rules: 6
c1 rule time: 0.0064

c1 computing class: (0.29..+inf)
c1 discrimination constraints: 113h
c1 coverage constraints: 6v+223h
c1 formula: 88v, 459c (377h+82s)
c1 enumerating rules (maxsat-based)
c1 rule: 'Sodium: (-inf..12.74]', 'Silicon: (72.02..72.49]' => 'Iron: (0.29..+inf)'
c1 rule: 'Sodium: (-inf..12.74]', 'Aluminum: (0.88..1.19]', 'Calcium: (8.5..8.81]' => 'Iron: (0.29..+inf)'
c1 rule: 'Silicon: (-inf..72.02]', 'Calcium: (8.16..8.5]', not 'Aluminum: (1.37..1.58]' => 'Iron: (0.29..+inf)'
c1 rule: 'Sodium: (12.74..13.03]', 'Aluminum: (0.88..1.19]', 'Calcium: (8.16..8.5]', not 'Magnesium: (3.77..+inf)' => 'Iron: (0.29..+inf)'
c1 # of rules: 4
c1 rule time: 0.0063

c2 total rules: 71
c3 total time: 0.9388

Rules are saved to ../rules/all/q5_glass2_train3.csv.json