c0 # of samps: 276 (237 weighted)
c0 # of feats: 6 (30 binary)
c0 # of labls: 2
c0 parse time: 0.2831


c0 computing feature 1
c1 computing class: (-inf..83.0]
c1 discrimination constraints: 207h
c1 coverage constraints: 13v+339h
c1 formula: 73v, 636c (576h+60s)
c1 enumerating rules (maxsat-based)
c1 rule: 'Alkphos: (50.4..65.8]', 'Sgot: (36.6..48.8]', not 'Sgpt: (47.6..67.8]' => 'Mcv: (-inf..83.0]'
c1 rule: 'Sgot: (18.2..27.4]', 'Gammagt: (64.8..105.2]', 'Drinks: (2.0..5.0]' => 'Mcv: (-inf..83.0]'
c1 rule: 'Sgpt: (-inf..20.2]', 'Sgot: (18.2..27.4]', 'Gammagt: (64.8..105.2]' => 'Mcv: (-inf..83.0]'
c1 rule: 'Alkphos: (65.8..81.2]', 'Sgpt: (33.4..47.6]', 'Gammagt: (42.2..64.8]', 'Drinks: (-inf..2.0]' => 'Mcv: (-inf..83.0]'
c1 # of rules: 4
c1 rule time: 0.0014

c1 computing class: (83.0..88.0]
c1 discrimination constraints: 161h
c1 coverage constraints: 59v+1535h
c1 formula: 119v, 1786c (1726h+60s)
c1 enumerating rules (maxsat-based)
c1 rule: 'Gammagt: (-inf..23.6]', 'Drinks: (8.0..12.0]' => 'Mcv: (83.0..88.0]'
c1 rule: 'Alkphos: (50.4..65.8]', 'Drinks: (8.0..12.0]' => 'Mcv: (83.0..88.0]'
c1 rule: 'Alkphos: (50.4..65.8]', 'Sgot: (48.8..+inf)' => 'Mcv: (83.0..88.0]'
c1 rule: 'Sgot: (27.4..36.6]', 'Gammagt: (42.2..64.8]', 'Drinks: (2.0..5.0]' => 'Mcv: (83.0..88.0]'
c1 rule: 'Alkphos: (65.8..81.2]', 'Sgot: (36.6..48.8]', 'Drinks: (2.0..5.0]' => 'Mcv: (83.0..88.0]'
c1 rule: 'Alkphos: (65.8..81.2]', 'Sgpt: (47.6..67.8]', not 'Drinks: (8.0..12.0]' => 'Mcv: (83.0..88.0]'
c1 rule: 'Sgot: (36.6..48.8]', 'Drinks: (-inf..2.0]', not 'Sgpt: (20.2..33.4]' => 'Mcv: (83.0..88.0]'
c1 rule: 'Alkphos: (96.6..+inf)', 'Sgot: (27.4..36.6]', 'Gammagt: (23.6..42.2]' => 'Mcv: (83.0..88.0]'
c1 rule: 'Alkphos: (96.6..+inf)', 'Sgpt: (33.4..47.6]', 'Gammagt: (23.6..42.2]' => 'Mcv: (83.0..88.0]'
c1 rule: 'Alkphos: (96.6..+inf)', 'Gammagt: (23.6..42.2]', not 'Sgpt: (20.2..33.4]' => 'Mcv: (83.0..88.0]'
c1 rule: 'Alkphos: (81.2..96.6]', 'Gammagt: (23.6..42.2]', 'Drinks: (2.0..5.0]' => 'Mcv: (83.0..88.0]'
c1 rule: 'Sgpt: (33.4..47.6]', 'Sgot: (27.4..36.6]', 'Gammagt: (64.8..105.2]' => 'Mcv: (83.0..88.0]'
c1 rule: 'Alkphos: (65.8..81.2]', 'Sgpt: (33.4..47.6]', 'Gammagt: (64.8..105.2]' => 'Mcv: (83.0..88.0]'
c1 rule: 'Alkphos: (-inf..50.4]', 'Sgpt: (33.4..47.6]', 'Drinks: (2.0..5.0]' => 'Mcv: (83.0..88.0]'
c1 rule: 'Sgot: (27.4..36.6]', 'Gammagt: (-inf..23.6]', 'Drinks: (5.0..8.0]' => 'Mcv: (83.0..88.0]'
c1 rule: 'Alkphos: (81.2..96.6]', 'Sgpt: (47.6..67.8]', 'Drinks: (8.0..12.0]' => 'Mcv: (83.0..88.0]'
c1 rule: 'Alkphos: (50.4..65.8]', 'Sgot: (27.4..36.6]', 'Gammagt: (105.2..+inf)' => 'Mcv: (83.0..88.0]'
c1 rule: 'Sgot: (27.4..36.6]', 'Gammagt: (105.2..+inf)', 'Drinks: (-inf..2.0]' => 'Mcv: (83.0..88.0]'
c1 rule: 'Sgpt: (67.8..+inf)', 'Drinks: (-inf..2.0]', not 'Sgot: (48.8..+inf)' => 'Mcv: (83.0..88.0]'
c1 rule: 'Alkphos: (96.6..+inf)', 'Sgpt: (20.2..33.4]', 'Gammagt: (42.2..64.8]' => 'Mcv: (83.0..88.0]'
c1 rule: 'Alkphos: (65.8..81.2]', 'Sgot: (-inf..18.2]', not 'Sgpt: (-inf..20.2]', not 'Drinks: (-inf..2.0]' => 'Mcv: (83.0..88.0]'
c1 rule: 'Alkphos: (50.4..65.8]', 'Gammagt: (23.6..42.2]', 'Drinks: (-inf..2.0]', not 'Sgpt: (20.2..33.4]' => 'Mcv: (83.0..88.0]'
c1 rule: 'Alkphos: (81.2..96.6]', 'Sgot: (18.2..27.4]', 'Gammagt: (23.6..42.2]', not 'Sgpt: (20.2..33.4]' => 'Mcv: (83.0..88.0]'
c1 rule: 'Alkphos: (81.2..96.6]', 'Sgot: (27.4..36.6]', 'Gammagt: (23.6..42.2]', not 'Drinks: (8.0..12.0]' => 'Mcv: (83.0..88.0]'
c1 rule: 'Alkphos: (81.2..96.6]', 'Gammagt: (-inf..23.6]', not 'Sgpt: (-inf..20.2]', not 'Drinks: (-inf..2.0]' => 'Mcv: (83.0..88.0]'
c1 rule: 'Alkphos: (81.2..96.6]', 'Sgpt: (20.2..33.4]', 'Sgot: (-inf..18.2]', 'Gammagt: (-inf..23.6]' => 'Mcv: (83.0..88.0]'
c1 rule: 'Alkphos: (65.8..81.2]', 'Sgpt: (33.4..47.6]', 'Gammagt: (-inf..23.6]', not 'Sgot: (18.2..27.4]' => 'Mcv: (83.0..88.0]'
c1 rule: 'Alkphos: (-inf..50.4]', 'Gammagt: (-inf..23.6]', 'Drinks: (-inf..2.0]', not 'Sgot: (-inf..18.2]' => 'Mcv: (83.0..88.0]'
c1 rule: 'Alkphos: (50.4..65.8]', 'Sgpt: (20.2..33.4]', 'Sgot: (27.4..36.6]', 'Gammagt: (-inf..23.6]' => 'Mcv: (83.0..88.0]'
c1 rule: 'Alkphos: (50.4..65.8]', 'Sgpt: (33.4..47.6]', 'Sgot: (27.4..36.6]', not 'Drinks: (2.0..5.0]' => 'Mcv: (83.0..88.0]'
c1 rule: 'Alkphos: (-inf..50.4]', 'Sgpt: (20.2..33.4]', 'Sgot: (-inf..18.2]', not 'Drinks: (-inf..2.0]' => 'Mcv: (83.0..88.0]'
c1 # of rules: 31
c1 rule time: 0.0374

c1 computing class: (88.0..93.0]
c1 discrimination constraints: 121h
c1 coverage constraints: 99v+2575h
c1 formula: 159v, 2786c (2726h+60s)
c1 enumerating rules (maxsat-based)
c1 rule: 'Sgpt: (33.4..47.6]', 'Sgot: (-inf..18.2]' => 'Mcv: (88.0..93.0]'
c1 rule: 'Sgot: (18.2..27.4]', 'Gammagt: (105.2..+inf)' => 'Mcv: (88.0..93.0]'
c1 rule: 'Sgot: (-inf..18.2]', 'Gammagt: (42.2..64.8]' => 'Mcv: (88.0..93.0]'
c1 rule: 'Sgpt: (33.4..47.6]', 'Drinks: (8.0..12.0]' => 'Mcv: (88.0..93.0]'
c1 rule: 'Sgpt: (67.8..+inf)', 'Drinks: (8.0..12.0]' => 'Mcv: (88.0..93.0]'
c1 rule: 'Alkphos: (96.6..+inf)', 'Drinks: (8.0..12.0]' => 'Mcv: (88.0..93.0]'
c1 rule: 'Sgpt: (47.6..67.8]', 'Sgot: (18.2..27.4]' => 'Mcv: (88.0..93.0]'
c1 rule: 'Drinks: (12.0..+inf)', not 'Alkphos: (96.6..+inf)' => 'Mcv: (88.0..93.0]'
c1 rule: 'Alkphos: (96.6..+inf)', 'Sgot: (-inf..18.2]' => 'Mcv: (88.0..93.0]'
c1 rule: 'Sgpt: (33.4..47.6]', 'Sgot: (48.8..+inf)' => 'Mcv: (88.0..93.0]'
c1 rule: 'Sgot: (-inf..18.2]', 'Gammagt: (64.8..105.2]' => 'Mcv: (88.0..93.0]'
c1 rule: 'Sgot: (48.8..+inf)', 'Gammagt: (64.8..105.2]' => 'Mcv: (88.0..93.0]'
c1 rule: 'Sgpt: (67.8..+inf)', 'Gammagt: (64.8..105.2]' => 'Mcv: (88.0..93.0]'
c1 rule: 'Sgpt: (67.8..+inf)', 'Sgot: (27.4..36.6]' => 'Mcv: (88.0..93.0]'
c1 rule: 'Alkphos: (65.8..81.2]', 'Sgot: (27.4..36.6]', 'Drinks: (5.0..8.0]' => 'Mcv: (88.0..93.0]'
c1 rule: 'Sgot: (27.4..36.6]', 'Drinks: (5.0..8.0]', not 'Alkphos: (50.4..65.8]' => 'Mcv: (88.0..93.0]'
c1 rule: 'Sgot: (27.4..36.6]', 'Drinks: (5.0..8.0]', not 'Gammagt: (-inf..23.6]' => 'Mcv: (88.0..93.0]'
c1 rule: 'Alkphos: (50.4..65.8]', 'Sgpt: (-inf..20.2]', not 'Gammagt: (-inf..23.6]' => 'Mcv: (88.0..93.0]'
c1 rule: 'Sgot: (36.6..48.8]', 'Drinks: (-inf..2.0]', not 'Gammagt: (42.2..64.8]' => 'Mcv: (88.0..93.0]'
c1 rule: 'Alkphos: (81.2..96.6]', 'Sgpt: (67.8..+inf)', not 'Gammagt: (42.2..64.8]' => 'Mcv: (88.0..93.0]'
c1 rule: 'Sgpt: (67.8..+inf)', 'Sgot: (36.6..48.8]', 'Drinks: (5.0..8.0]' => 'Mcv: (88.0..93.0]'
c1 rule: 'Sgot: (36.6..48.8]', 'Gammagt: (42.2..64.8]', 'Drinks: (5.0..8.0]' => 'Mcv: (88.0..93.0]'
c1 rule: 'Sgpt: (33.4..47.6]', 'Gammagt: (42.2..64.8]', 'Drinks: (5.0..8.0]' => 'Mcv: (88.0..93.0]'
c1 rule: 'Alkphos: (81.2..96.6]', 'Sgot: (27.4..36.6]', 'Gammagt: (-inf..23.6]' => 'Mcv: (88.0..93.0]'
c1 rule: 'Alkphos: (81.2..96.6]', 'Sgpt: (-inf..20.2]', not 'Gammagt: (-inf..23.6]' => 'Mcv: (88.0..93.0]'
c1 rule: 'Sgpt: (-inf..20.2]', 'Gammagt: (23.6..42.2]', not 'Sgot: (18.2..27.4]' => 'Mcv: (88.0..93.0]'
c1 rule: 'Sgpt: (20.2..33.4]', 'Gammagt: (-inf..23.6]', 'Drinks: (5.0..8.0]' => 'Mcv: (88.0..93.0]'
c1 rule: 'Alkphos: (81.2..96.6]', 'Gammagt: (-inf..23.6]', 'Drinks: (5.0..8.0]' => 'Mcv: (88.0..93.0]'
c1 rule: 'Alkphos: (65.8..81.2]', 'Gammagt: (-inf..23.6]', 'Drinks: (5.0..8.0]' => 'Mcv: (88.0..93.0]'
c1 rule: 'Alkphos: (81.2..96.6]', 'Drinks: (2.0..5.0]', not 'Sgot: (18.2..27.4]' => 'Mcv: (88.0..93.0]'
c1 rule: 'Alkphos: (81.2..96.6]', 'Sgot: (-inf..18.2]', not 'Gammagt: (-inf..23.6]' => 'Mcv: (88.0..93.0]'
c1 rule: 'Sgot: (-inf..18.2]', not 'Gammagt: (-inf..23.6]', not 'Drinks: (-inf..2.0]' => 'Mcv: (88.0..93.0]'
c1 rule: 'Alkphos: (-inf..50.4]', 'Sgpt: (20.2..33.4]', 'Drinks: (5.0..8.0]' => 'Mcv: (88.0..93.0]'
c1 rule: 'Sgpt: (20.2..33.4]', 'Gammagt: (64.8..105.2]', not 'Sgot: (18.2..27.4]' => 'Mcv: (88.0..93.0]'
c1 rule: 'Sgpt: (47.6..67.8]', 'Gammagt: (64.8..105.2]', not 'Sgot: (36.6..48.8]' => 'Mcv: (88.0..93.0]'
c1 rule: 'Gammagt: (64.8..105.2]', 'Drinks: (-inf..2.0]', not 'Alkphos: (65.8..81.2]' => 'Mcv: (88.0..93.0]'
c1 rule: 'Alkphos: (65.8..81.2]', 'Gammagt: (64.8..105.2]', 'Drinks: (5.0..8.0]' => 'Mcv: (88.0..93.0]'
c1 rule: 'Sgpt: (20.2..33.4]', 'Gammagt: (42.2..64.8]', 'Drinks: (-inf..2.0]' => 'Mcv: (88.0..93.0]'
c1 rule: 'Alkphos: (-inf..50.4]', 'Sgot: (27.4..36.6]', 'Gammagt: (23.6..42.2]' => 'Mcv: (88.0..93.0]'
c1 rule: 'Alkphos: (-inf..50.4]', 'Sgot: (27.4..36.6]', not 'Gammagt: (42.2..64.8]' => 'Mcv: (88.0..93.0]'
c1 rule: 'Sgpt: (20.2..33.4]', 'Sgot: (27.4..36.6]', 'Gammagt: (23.6..42.2]' => 'Mcv: (88.0..93.0]'
c1 rule: 'Alkphos: (96.6..+inf)', 'Sgpt: (33.4..47.6]', 'Gammagt: (-inf..23.6]' => 'Mcv: (88.0..93.0]'
c1 rule: 'Alkphos: (96.6..+inf)', 'Gammagt: (-inf..23.6]', not 'Sgpt: (-inf..20.2]' => 'Mcv: (88.0..93.0]'
c1 rule: 'Alkphos: (96.6..+inf)', 'Sgpt: (20.2..33.4]', 'Drinks: (-inf..2.0]' => 'Mcv: (88.0..93.0]'
c1 rule: 'Alkphos: (96.6..+inf)', 'Sgpt: (-inf..20.2]', 'Gammagt: (42.2..64.8]' => 'Mcv: (88.0..93.0]'
c1 rule: 'Alkphos: (65.8..81.2]', 'Gammagt: (42.2..64.8]', 'Drinks: (2.0..5.0]' => 'Mcv: (88.0..93.0]'
c1 rule: 'Sgpt: (-inf..20.2]', 'Gammagt: (23.6..42.2]', 'Drinks: (2.0..5.0]' => 'Mcv: (88.0..93.0]'
c1 rule: 'Alkphos: (50.4..65.8]', 'Sgpt: (-inf..20.2]', 'Drinks: (5.0..8.0]' => 'Mcv: (88.0..93.0]'
c1 rule: 'Alkphos: (65.8..81.2]', 'Sgpt: (20.2..33.4]', 'Sgot: (27.4..36.6]' => 'Mcv: (88.0..93.0]'
c1 rule: 'Sgot: (27.4..36.6]', 'Gammagt: (-inf..23.6]', 'Drinks: (2.0..5.0]' => 'Mcv: (88.0..93.0]'
c1 rule: 'Sgpt: (20.2..33.4]', 'Gammagt: (105.2..+inf)', not 'Drinks: (2.0..5.0]' => 'Mcv: (88.0..93.0]'
c1 rule: 'Alkphos: (96.6..+inf)', 'Sgot: (27.4..36.6]', 'Gammagt: (42.2..64.8]' => 'Mcv: (88.0..93.0]'
c1 rule: 'Alkphos: (-inf..50.4]', 'Sgpt: (20.2..33.4]', 'Gammagt: (23.6..42.2]', 'Drinks: (2.0..5.0]' => 'Mcv: (88.0..93.0]'
c1 rule: 'Alkphos: (65.8..81.2]', 'Sgpt: (33.4..47.6]', 'Gammagt: (-inf..23.6]', not 'Sgot: (27.4..36.6]' => 'Mcv: (88.0..93.0]'
c1 rule: 'Alkphos: (50.4..65.8]', 'Sgot: (-inf..18.2]', 'Drinks: (2.0..5.0]', not 'Sgpt: (20.2..33.4]' => 'Mcv: (88.0..93.0]'
c1 rule: 'Alkphos: (96.6..+inf)', 'Sgot: (18.2..27.4]', 'Gammagt: (-inf..23.6]', not 'Drinks: (2.0..5.0]' => 'Mcv: (88.0..93.0]'
c1 rule: 'Alkphos: (-inf..50.4]', 'Sgpt: (-inf..20.2]', 'Drinks: (-inf..2.0]', not 'Sgot: (18.2..27.4]' => 'Mcv: (88.0..93.0]'
c1 rule: 'Alkphos: (81.2..96.6]', 'Sgpt: (-inf..20.2]', 'Sgot: (18.2..27.4]', 'Drinks: (-inf..2.0]' => 'Mcv: (88.0..93.0]'
c1 rule: 'Alkphos: (65.8..81.2]', 'Sgpt: (33.4..47.6]', 'Sgot: (18.2..27.4]', 'Drinks: (2.0..5.0]' => 'Mcv: (88.0..93.0]'
c1 rule: 'Alkphos: (-inf..50.4]', 'Sgpt: (20.2..33.4]', 'Sgot: (18.2..27.4]', 'Gammagt: (-inf..23.6]', not 'Drinks: (-inf..2.0]' => 'Mcv: (88.0..93.0]'
c1 rule: 'Alkphos: (50.4..65.8]', 'Sgpt: (20.2..33.4]', 'Sgot: (18.2..27.4]', not 'Gammagt: (23.6..42.2]', not 'Drinks: (-inf..2.0]' => 'Mcv: (88.0..93.0]'
c1 # of rules: 61
c1 rule time: 0.0770

c1 computing class: (93.0..98.0]
c1 discrimination constraints: 178h
c1 coverage constraints: 42v+1093h
c1 formula: 102v, 1361c (1301h+60s)
c1 enumerating rules (maxsat-based)
c1 rule: 'Sgpt: (47.6..67.8]', 'Sgot: (48.8..+inf)' => 'Mcv: (93.0..98.0]'
c1 rule: 'Alkphos: (-inf..50.4]', 'Sgot: (48.8..+inf)' => 'Mcv: (93.0..98.0]'
c1 rule: 'Alkphos: (-inf..50.4]', 'Sgpt: (67.8..+inf)' => 'Mcv: (93.0..98.0]'
c1 rule: 'Alkphos: (-inf..50.4]', 'Gammagt: (64.8..105.2]' => 'Mcv: (93.0..98.0]'
c1 rule: 'Sgpt: (47.6..67.8]', 'Gammagt: (23.6..42.2]' => 'Mcv: (93.0..98.0]'
c1 rule: 'Drinks: (12.0..+inf)', not 'Sgpt: (33.4..47.6]' => 'Mcv: (93.0..98.0]'
c1 rule: 'Alkphos: (96.6..+inf)', 'Sgpt: (67.8..+inf)' => 'Mcv: (93.0..98.0]'
c1 rule: 'Alkphos: (81.2..96.6]', 'Gammagt: (64.8..105.2]', 'Drinks: (5.0..8.0]' => 'Mcv: (93.0..98.0]'
c1 rule: 'Alkphos: (81.2..96.6]', 'Sgpt: (20.2..33.4]', 'Gammagt: (42.2..64.8]' => 'Mcv: (93.0..98.0]'
c1 rule: 'Alkphos: (-inf..50.4]', 'Gammagt: (42.2..64.8]', not 'Sgpt: (-inf..20.2]' => 'Mcv: (93.0..98.0]'
c1 rule: 'Alkphos: (-inf..50.4]', 'Sgot: (18.2..27.4]', 'Gammagt: (42.2..64.8]' => 'Mcv: (93.0..98.0]'
c1 rule: 'Alkphos: (-inf..50.4]', 'Sgpt: (33.4..47.6]', not 'Gammagt: (23.6..42.2]' => 'Mcv: (93.0..98.0]'
c1 rule: 'Sgpt: (20.2..33.4]', 'Gammagt: (42.2..64.8]', 'Drinks: (5.0..8.0]' => 'Mcv: (93.0..98.0]'
c1 rule: 'Sgot: (48.8..+inf)', not 'Gammagt: (64.8..105.2]', not 'Drinks: (2.0..5.0]' => 'Mcv: (93.0..98.0]'
c1 rule: 'Sgpt: (67.8..+inf)', 'Sgot: (18.2..27.4]', not 'Gammagt: (42.2..64.8]' => 'Mcv: (93.0..98.0]'
c1 rule: 'Alkphos: (65.8..81.2]', 'Sgpt: (-inf..20.2]', 'Gammagt: (42.2..64.8]' => 'Mcv: (93.0..98.0]'
c1 rule: 'Alkphos: (65.8..81.2]', 'Drinks: (8.0..12.0]', not 'Gammagt: (23.6..42.2]' => 'Mcv: (93.0..98.0]'
c1 rule: 'Alkphos: (96.6..+inf)', 'Sgpt: (-inf..20.2]', 'Sgot: (27.4..36.6]' => 'Mcv: (93.0..98.0]'
c1 rule: 'Alkphos: (50.4..65.8]', 'Sgpt: (20.2..33.4]', 'Gammagt: (23.6..42.2]', 'Drinks: (5.0..8.0]' => 'Mcv: (93.0..98.0]'
c1 rule: 'Alkphos: (50.4..65.8]', 'Sgpt: (33.4..47.6]', 'Sgot: (18.2..27.4]', 'Gammagt: (-inf..23.6]' => 'Mcv: (93.0..98.0]'
c1 rule: 'Sgpt: (-inf..20.2]', 'Gammagt: (23.6..42.2]', 'Drinks: (-inf..2.0]', not 'Sgot: (-inf..18.2]' => 'Mcv: (93.0..98.0]'
c1 rule: 'Alkphos: (65.8..81.2]', 'Sgpt: (20.2..33.4]', 'Gammagt: (23.6..42.2]', 'Drinks: (2.0..5.0]' => 'Mcv: (93.0..98.0]'
c1 rule: 'Alkphos: (50.4..65.8]', 'Sgot: (-inf..18.2]', not 'Gammagt: (-inf..23.6]', not 'Drinks: (2.0..5.0]' => 'Mcv: (93.0..98.0]'
c1 rule: 'Alkphos: (65.8..81.2]', 'Sgpt: (20.2..33.4]', 'Sgot: (18.2..27.4]', 'Gammagt: (23.6..42.2]', not 'Drinks: (8.0..12.0]' => 'Mcv: (93.0..98.0]'
c1 # of rules: 24
c1 rule time: 0.0239

c1 computing class: (98.0..+inf)
c1 discrimination constraints: 213h
c1 coverage constraints: 7v+183h
c1 formula: 67v, 486c (426h+60s)
c1 enumerating rules (maxsat-based)
c1 rule: 'Alkphos: (65.8..81.2]', 'Sgot: (18.2..27.4]', 'Drinks: (8.0..12.0]' => 'Mcv: (98.0..+inf)'
c1 rule: 'Sgot: (27.4..36.6]', 'Gammagt: (23.6..42.2]', 'Drinks: (2.0..5.0]' => 'Mcv: (98.0..+inf)'
c1 rule: 'Alkphos: (81.2..96.6]', 'Sgot: (36.6..48.8]', 'Gammagt: (105.2..+inf)', not 'Sgpt: (67.8..+inf)' => 'Mcv: (98.0..+inf)'
c1 # of rules: 3
c1 rule time: 0.0049

c2 total rules: 123

c0 computing feature 2
c1 computing class: (-inf..50.4]
c1 discrimination constraints: 190h
c1 coverage constraints: 30v+781h
c1 formula: 90v, 1061c (1001h+60s)
c1 enumerating rules (maxsat-based)
c1 rule: 'Sgot: (-inf..18.2]', 'Gammagt: (42.2..64.8]' => 'Alkphos: (-inf..50.4]'
c1 rule: 'Mcv: (93.0..98.0]', 'Sgpt: (-inf..20.2]', 'Drinks: (2.0..5.0]' => 'Alkphos: (-inf..50.4]'
c1 rule: 'Sgpt: (-inf..20.2]', 'Gammagt: (42.2..64.8]', not 'Sgot: (18.2..27.4]' => 'Alkphos: (-inf..50.4]'
c1 rule: 'Sgot: (-inf..18.2]', 'Drinks: (5.0..8.0]', not 'Mcv: (88.0..93.0]' => 'Alkphos: (-inf..50.4]'
c1 rule: 'Sgpt: (67.8..+inf)', 'Drinks: (2.0..5.0]', not 'Gammagt: (42.2..64.8]' => 'Alkphos: (-inf..50.4]'
c1 rule: 'Mcv: (-inf..83.0]', 'Sgot: (18.2..27.4]', 'Gammagt: (23.6..42.2]' => 'Alkphos: (-inf..50.4]'
c1 rule: 'Mcv: (93.0..98.0]', 'Gammagt: (-inf..23.6]', 'Drinks: (5.0..8.0]' => 'Alkphos: (-inf..50.4]'
c1 rule: 'Sgot: (27.4..36.6]', 'Gammagt: (-inf..23.6]', 'Drinks: (2.0..5.0]', not 'Sgpt: (33.4..47.6]' => 'Alkphos: (-inf..50.4]'
c1 rule: 'Mcv: (83.0..88.0]', 'Sgpt: (33.4..47.6]', 'Drinks: (2.0..5.0]', not 'Gammagt: (105.2..+inf)' => 'Alkphos: (-inf..50.4]'
c1 rule: 'Sgot: (18.2..27.4]', 'Gammagt: (64.8..105.2]', not 'Sgpt: (20.2..33.4]', not 'Drinks: (-inf..2.0]' => 'Alkphos: (-inf..50.4]'
c1 rule: 'Sgpt: (-inf..20.2]', 'Gammagt: (42.2..64.8]', not 'Mcv: (88.0..93.0]', not 'Drinks: (5.0..8.0]' => 'Alkphos: (-inf..50.4]'
c1 rule: 'Mcv: (93.0..98.0]', 'Sgot: (18.2..27.4]', 'Gammagt: (42.2..64.8]', 'Drinks: (2.0..5.0]' => 'Alkphos: (-inf..50.4]'
c1 rule: 'Sgpt: (33.4..47.6]', 'Drinks: (8.0..12.0]', not 'Sgot: (27.4..36.6]', not 'Gammagt: (42.2..64.8]' => 'Alkphos: (-inf..50.4]'
c1 # of rules: 13
c1 rule time: 0.0160

c1 computing class: (50.4..65.8]
c1 discrimination constraints: 159h
c1 coverage constraints: 61v+1587h
c1 formula: 121v, 1836c (1776h+60s)
c1 enumerating rules (maxsat-based)
c1 rule: 'Mcv: (-inf..83.0]', 'Sgot: (36.6..48.8]' => 'Alkphos: (50.4..65.8]'
c1 rule: 'Sgpt: (47.6..67.8]', 'Gammagt: (23.6..42.2]' => 'Alkphos: (50.4..65.8]'
c1 rule: 'Sgpt: (47.6..67.8]', 'Gammagt: (-inf..23.6]' => 'Alkphos: (50.4..65.8]'
c1 rule: 'Mcv: (83.0..88.0]', 'Sgot: (48.8..+inf)' => 'Alkphos: (50.4..65.8]'
c1 rule: 'Sgpt: (33.4..47.6]', 'Sgot: (-inf..18.2]' => 'Alkphos: (50.4..65.8]'
c1 rule: 'Mcv: (-inf..83.0]', 'Sgot: (-inf..18.2]', not 'Sgpt: (20.2..33.4]' => 'Alkphos: (50.4..65.8]'
c1 rule: 'Mcv: (-inf..83.0]', 'Sgot: (-inf..18.2]', not 'Gammagt: (23.6..42.2]' => 'Alkphos: (50.4..65.8]'
c1 rule: 'Mcv: (-inf..83.0]', 'Gammagt: (-inf..23.6]', not 'Drinks: (2.0..5.0]' => 'Alkphos: (50.4..65.8]'
c1 rule: 'Mcv: (83.0..88.0]', 'Sgpt: (47.6..67.8]', 'Sgot: (36.6..48.8]' => 'Alkphos: (50.4..65.8]'
c1 rule: 'Sgpt: (47.6..67.8]', 'Drinks: (-inf..2.0]', not 'Mcv: (83.0..88.0]' => 'Alkphos: (50.4..65.8]'
c1 rule: 'Sgpt: (20.2..33.4]', 'Gammagt: (42.2..64.8]', 'Drinks: (-inf..2.0]' => 'Alkphos: (50.4..65.8]'
c1 rule: 'Sgot: (27.4..36.6]', 'Drinks: (5.0..8.0]', not 'Mcv: (88.0..93.0]' => 'Alkphos: (50.4..65.8]'
c1 rule: 'Mcv: (98.0..+inf)', 'Sgpt: (-inf..20.2]', not 'Sgot: (27.4..36.6]' => 'Alkphos: (50.4..65.8]'
c1 rule: 'Sgpt: (20.2..33.4]', 'Gammagt: (105.2..+inf)', not 'Mcv: (88.0..93.0]' => 'Alkphos: (50.4..65.8]'
c1 rule: 'Mcv: (83.0..88.0]', 'Sgpt: (20.2..33.4]', 'Sgot: (27.4..36.6]' => 'Alkphos: (50.4..65.8]'
c1 rule: 'Mcv: (93.0..98.0]', 'Sgot: (-inf..18.2]', not 'Gammagt: (-inf..23.6]' => 'Alkphos: (50.4..65.8]'
c1 rule: 'Sgot: (-inf..18.2]', 'Gammagt: (23.6..42.2]', not 'Drinks: (-inf..2.0]' => 'Alkphos: (50.4..65.8]'
c1 rule: 'Sgpt: (20.2..33.4]', 'Gammagt: (105.2..+inf)', 'Drinks: (-inf..2.0]' => 'Alkphos: (50.4..65.8]'
c1 rule: 'Sgpt: (20.2..33.4]', 'Gammagt: (-inf..23.6]', 'Drinks: (5.0..8.0]' => 'Alkphos: (50.4..65.8]'
c1 rule: 'Mcv: (83.0..88.0]', 'Sgpt: (33.4..47.6]', 'Drinks: (5.0..8.0]' => 'Alkphos: (50.4..65.8]'
c1 rule: 'Mcv: (93.0..98.0]', 'Sgpt: (33.4..47.6]', 'Drinks: (2.0..5.0]' => 'Alkphos: (50.4..65.8]'
c1 rule: 'Mcv: (83.0..88.0]', 'Sgpt: (33.4..47.6]', 'Gammagt: (42.2..64.8]' => 'Alkphos: (50.4..65.8]'
c1 rule: 'Sgpt: (33.4..47.6]', 'Gammagt: (-inf..23.6]', 'Drinks: (2.0..5.0]' => 'Alkphos: (50.4..65.8]'
c1 rule: 'Sgpt: (20.2..33.4]', 'Sgot: (27.4..36.6]', 'Gammagt: (64.8..105.2]' => 'Alkphos: (50.4..65.8]'
c1 rule: 'Sgot: (-inf..18.2]', 'Gammagt: (64.8..105.2]', not 'Sgpt: (20.2..33.4]' => 'Alkphos: (50.4..65.8]'
c1 rule: 'Mcv: (88.0..93.0]', 'Sgpt: (33.4..47.6]', 'Gammagt: (64.8..105.2]' => 'Alkphos: (50.4..65.8]'
c1 rule: 'Sgpt: (47.6..67.8]', 'Gammagt: (64.8..105.2]', 'Drinks: (5.0..8.0]' => 'Alkphos: (50.4..65.8]'
c1 rule: 'Sgpt: (67.8..+inf)', 'Sgot: (27.4..36.6]', 'Gammagt: (23.6..42.2]' => 'Alkphos: (50.4..65.8]'
c1 rule: 'Mcv: (93.0..98.0]', 'Sgpt: (20.2..33.4]', 'Drinks: (2.0..5.0]', not 'Sgot: (18.2..27.4]' => 'Alkphos: (50.4..65.8]'
c1 rule: 'Mcv: (88.0..93.0]', 'Sgpt: (-inf..20.2]', 'Gammagt: (23.6..42.2]', 'Drinks: (5.0..8.0]' => 'Alkphos: (50.4..65.8]'
c1 rule: 'Sgpt: (33.4..47.6]', 'Gammagt: (23.6..42.2]', 'Drinks: (5.0..8.0]', not 'Sgot: (27.4..36.6]' => 'Alkphos: (50.4..65.8]'
c1 # of rules: 31
c1 rule time: 0.0325

c1 computing class: (65.8..81.2]
c1 discrimination constraints: 154h
c1 coverage constraints: 66v+1717h
c1 formula: 126v, 1961c (1901h+60s)
c1 enumerating rules (maxsat-based)
c1 rule: 'Sgot: (48.8..+inf)', 'Drinks: (-inf..2.0]' => 'Alkphos: (65.8..81.2]'
c1 rule: 'Sgpt: (47.6..67.8]', 'Sgot: (48.8..+inf)' => 'Alkphos: (65.8..81.2]'
c1 rule: 'Sgot: (48.8..+inf)', not 'Drinks: (2.0..5.0]' => 'Alkphos: (65.8..81.2]'
c1 rule: 'Mcv: (-inf..83.0]', 'Sgot: (27.4..36.6]' => 'Alkphos: (65.8..81.2]'
c1 rule: 'Sgpt: (67.8..+inf)', 'Drinks: (8.0..12.0]' => 'Alkphos: (65.8..81.2]'
c1 rule: 'Sgpt: (67.8..+inf)', 'Sgot: (18.2..27.4]' => 'Alkphos: (65.8..81.2]'
c1 rule: 'Mcv: (83.0..88.0]', 'Gammagt: (64.8..105.2]' => 'Alkphos: (65.8..81.2]'
c1 rule: 'Sgpt: (67.8..+inf)', 'Gammagt: (64.8..105.2]' => 'Alkphos: (65.8..81.2]'
c1 rule: 'Mcv: (98.0..+inf)', 'Sgot: (27.4..36.6]' => 'Alkphos: (65.8..81.2]'
c1 rule: 'Gammagt: (105.2..+inf)', 'Drinks: (12.0..+inf)' => 'Alkphos: (65.8..81.2]'
c1 rule: 'Mcv: (98.0..+inf)', 'Drinks: (8.0..12.0]' => 'Alkphos: (65.8..81.2]'
c1 rule: 'Mcv: (93.0..98.0]', 'Drinks: (8.0..12.0]', not 'Sgpt: (20.2..33.4]' => 'Alkphos: (65.8..81.2]'
c1 rule: 'Mcv: (-inf..83.0]', 'Gammagt: (23.6..42.2]', not 'Sgot: (18.2..27.4]' => 'Alkphos: (65.8..81.2]'
c1 rule: 'Mcv: (88.0..93.0]', 'Sgpt: (-inf..20.2]', 'Sgot: (27.4..36.6]' => 'Alkphos: (65.8..81.2]'
c1 rule: 'Mcv: (83.0..88.0]', 'Gammagt: (105.2..+inf)', not 'Sgot: (27.4..36.6]' => 'Alkphos: (65.8..81.2]'
c1 rule: 'Sgot: (18.2..27.4]', 'Gammagt: (105.2..+inf)', not 'Drinks: (-inf..2.0]' => 'Alkphos: (65.8..81.2]'
c1 rule: 'Mcv: (-inf..83.0]', 'Sgpt: (-inf..20.2]', not 'Gammagt: (-inf..23.6]' => 'Alkphos: (65.8..81.2]'
c1 rule: 'Sgpt: (-inf..20.2]', 'Gammagt: (23.6..42.2]', 'Drinks: (2.0..5.0]' => 'Alkphos: (65.8..81.2]'
c1 rule: 'Mcv: (88.0..93.0]', 'Sgpt: (20.2..33.4]', 'Sgot: (36.6..48.8]' => 'Alkphos: (65.8..81.2]'
c1 rule: 'Gammagt: (64.8..105.2]', 'Drinks: (2.0..5.0]', not 'Mcv: (88.0..93.0]' => 'Alkphos: (65.8..81.2]'
c1 rule: 'Sgpt: (47.6..67.8]', 'Gammagt: (42.2..64.8]', 'Drinks: (-inf..2.0]' => 'Alkphos: (65.8..81.2]'
c1 rule: 'Mcv: (93.0..98.0]', 'Sgpt: (-inf..20.2]', 'Gammagt: (23.6..42.2]' => 'Alkphos: (65.8..81.2]'
c1 rule: 'Mcv: (88.0..93.0]', 'Sgpt: (20.2..33.4]', 'Sgot: (18.2..27.4]', 'Gammagt: (64.8..105.2]' => 'Alkphos: (65.8..81.2]'
c1 rule: 'Mcv: (93.0..98.0]', 'Sgpt: (-inf..20.2]', not 'Sgot: (-inf..18.2]', not 'Drinks: (-inf..2.0]' => 'Alkphos: (65.8..81.2]'
c1 rule: 'Mcv: (88.0..93.0]', 'Sgpt: (33.4..47.6]', 'Sgot: (18.2..27.4]', 'Gammagt: (-inf..23.6]' => 'Alkphos: (65.8..81.2]'
c1 rule: 'Sgpt: (33.4..47.6]', 'Sgot: (18.2..27.4]', 'Gammagt: (42.2..64.8]', 'Drinks: (5.0..8.0]' => 'Alkphos: (65.8..81.2]'
c1 rule: 'Sgpt: (33.4..47.6]', 'Sgot: (27.4..36.6]', 'Gammagt: (23.6..42.2]', 'Drinks: (5.0..8.0]' => 'Alkphos: (65.8..81.2]'
c1 rule: 'Sgpt: (33.4..47.6]', 'Gammagt: (23.6..42.2]', 'Drinks: (-inf..2.0]', not 'Mcv: (83.0..88.0]' => 'Alkphos: (65.8..81.2]'
c1 rule: 'Mcv: (88.0..93.0]', 'Sgpt: (33.4..47.6]', 'Sgot: (18.2..27.4]', 'Drinks: (2.0..5.0]' => 'Alkphos: (65.8..81.2]'
c1 rule: 'Mcv: (88.0..93.0]', 'Gammagt: (42.2..64.8]', 'Drinks: (2.0..5.0]', not 'Sgpt: (47.6..67.8]' => 'Alkphos: (65.8..81.2]'
c1 rule: 'Mcv: (88.0..93.0]', 'Gammagt: (105.2..+inf)', 'Drinks: (2.0..5.0]', not 'Sgot: (48.8..+inf)' => 'Alkphos: (65.8..81.2]'
c1 rule: 'Mcv: (93.0..98.0]', 'Gammagt: (23.6..42.2]', 'Drinks: (2.0..5.0]', not 'Sgot: (36.6..48.8]' => 'Alkphos: (65.8..81.2]'
c1 rule: 'Mcv: (93.0..98.0]', 'Sgpt: (-inf..20.2]', 'Sgot: (18.2..27.4]', not 'Gammagt: (42.2..64.8]' => 'Alkphos: (65.8..81.2]'
c1 rule: 'Sgpt: (-inf..20.2]', 'Sgot: (27.4..36.6]', 'Drinks: (-inf..2.0]', not 'Mcv: (93.0..98.0]' => 'Alkphos: (65.8..81.2]'
c1 rule: 'Mcv: (93.0..98.0]', 'Gammagt: (-inf..23.6]', not 'Sgpt: (33.4..47.6]', not 'Sgot: (-inf..18.2]', not 'Drinks: (-inf..2.0]' => 'Alkphos: (65.8..81.2]'
c1 # of rules: 35
c1 rule time: 0.0470

c1 computing class: (81.2..96.6]
c1 discrimination constraints: 181h
c1 coverage constraints: 39v+1015h
c1 formula: 99v, 1286c (1226h+60s)
c1 enumerating rules (maxsat-based)
c1 rule: 'Mcv: (98.0..+inf)', 'Sgot: (36.6..48.8]' => 'Alkphos: (81.2..96.6]'
c1 rule: 'Gammagt: (-inf..23.6]', 'Drinks: (8.0..12.0]' => 'Alkphos: (81.2..96.6]'
c1 rule: 'Mcv: (98.0..+inf)', 'Drinks: (5.0..8.0]' => 'Alkphos: (81.2..96.6]'
c1 rule: 'Sgpt: (33.4..47.6]', 'Sgot: (48.8..+inf)' => 'Alkphos: (81.2..96.6]'
c1 rule: 'Sgpt: (47.6..67.8]', 'Sgot: (18.2..27.4]' => 'Alkphos: (81.2..96.6]'
c1 rule: 'Sgot: (27.4..36.6]', 'Gammagt: (105.2..+inf)', 'Drinks: (5.0..8.0]' => 'Alkphos: (81.2..96.6]'
c1 rule: 'Sgot: (27.4..36.6]', 'Gammagt: (105.2..+inf)', not 'Sgpt: (20.2..33.4]' => 'Alkphos: (81.2..96.6]'
c1 rule: 'Sgot: (27.4..36.6]', 'Gammagt: (105.2..+inf)', not 'Drinks: (2.0..5.0]' => 'Alkphos: (81.2..96.6]'
c1 rule: 'Sgpt: (33.4..47.6]', 'Sgot: (27.4..36.6]', 'Drinks: (8.0..12.0]' => 'Alkphos: (81.2..96.6]'
c1 rule: 'Mcv: (93.0..98.0]', 'Sgpt: (33.4..47.6]', not 'Sgot: (18.2..27.4]' => 'Alkphos: (81.2..96.6]'
c1 rule: 'Mcv: (93.0..98.0]', 'Sgpt: (20.2..33.4]', 'Sgot: (27.4..36.6]' => 'Alkphos: (81.2..96.6]'
c1 rule: 'Sgot: (36.6..48.8]', 'Gammagt: (42.2..64.8]', 'Drinks: (-inf..2.0]' => 'Alkphos: (81.2..96.6]'
c1 rule: 'Mcv: (88.0..93.0]', 'Sgot: (36.6..48.8]', 'Drinks: (2.0..5.0]' => 'Alkphos: (81.2..96.6]'
c1 rule: 'Mcv: (93.0..98.0]', 'Sgpt: (20.2..33.4]', 'Gammagt: (64.8..105.2]' => 'Alkphos: (81.2..96.6]'
c1 rule: 'Sgot: (18.2..27.4]', 'Gammagt: (105.2..+inf)', not 'Sgpt: (20.2..33.4]' => 'Alkphos: (81.2..96.6]'
c1 rule: 'Sgot: (-inf..18.2]', 'Gammagt: (64.8..105.2]', not 'Sgpt: (-inf..20.2]' => 'Alkphos: (81.2..96.6]'
c1 # of rules: 16
c1 rule time: 0.0173

c1 computing class: (96.6..+inf)
c1 discrimination constraints: 196h
c1 coverage constraints: 24v+625h
c1 formula: 84v, 911c (851h+60s)
c1 enumerating rules (maxsat-based)
c1 rule: 'Drinks: (12.0..+inf)', not 'Sgpt: (33.4..47.6]' => 'Alkphos: (96.6..+inf)'
c1 rule: 'Gammagt: (64.8..105.2]', 'Drinks: (8.0..12.0]' => 'Alkphos: (96.6..+inf)'
c1 rule: 'Mcv: (88.0..93.0]', 'Sgot: (27.4..36.6]', 'Gammagt: (42.2..64.8]' => 'Alkphos: (96.6..+inf)'
c1 rule: 'Mcv: (88.0..93.0]', 'Gammagt: (42.2..64.8]', 'Drinks: (8.0..12.0]' => 'Alkphos: (96.6..+inf)'
c1 rule: 'Mcv: (93.0..98.0]', 'Sgpt: (33.4..47.6]', 'Drinks: (-inf..2.0]' => 'Alkphos: (96.6..+inf)'
c1 rule: 'Mcv: (93.0..98.0]', 'Sgot: (27.4..36.6]', not 'Sgpt: (20.2..33.4]' => 'Alkphos: (96.6..+inf)'
c1 rule: 'Mcv: (83.0..88.0]', 'Sgpt: (20.2..33.4]', 'Gammagt: (42.2..64.8]' => 'Alkphos: (96.6..+inf)'
c1 rule: 'Mcv: (83.0..88.0]', 'Sgpt: (20.2..33.4]', 'Drinks: (5.0..8.0]' => 'Alkphos: (96.6..+inf)'
c1 rule: 'Mcv: (83.0..88.0]', 'Sgpt: (-inf..20.2]', 'Gammagt: (23.6..42.2]' => 'Alkphos: (96.6..+inf)'
c1 rule: 'Sgpt: (67.8..+inf)', 'Gammagt: (42.2..64.8]', not 'Mcv: (83.0..88.0]' => 'Alkphos: (96.6..+inf)'
c1 rule: 'Mcv: (88.0..93.0]', 'Sgpt: (33.4..47.6]', 'Sgot: (27.4..36.6]', 'Drinks: (-inf..2.0]' => 'Alkphos: (96.6..+inf)'
c1 rule: 'Sgpt: (-inf..20.2]', 'Gammagt: (42.2..64.8]', 'Drinks: (-inf..2.0]', not 'Mcv: (93.0..98.0]' => 'Alkphos: (96.6..+inf)'
c1 # of rules: 12
c1 rule time: 0.0129

c2 total rules: 107

c0 computing feature 3
c1 computing class: (-inf..20.2]
c1 discrimination constraints: 161h
c1 coverage constraints: 59v+1535h
c1 formula: 119v, 1786c (1726h+60s)
c1 enumerating rules (maxsat-based)
c1 rule: 'Gammagt: (-inf..23.6]', 'Drinks: (8.0..12.0]' => 'Sgpt: (-inf..20.2]'
c1 rule: 'Sgot: (-inf..18.2]', 'Drinks: (5.0..8.0]' => 'Sgpt: (-inf..20.2]'
c1 rule: 'Mcv: (98.0..+inf)', 'Drinks: (-inf..2.0]' => 'Sgpt: (-inf..20.2]'
c1 rule: 'Mcv: (98.0..+inf)', 'Gammagt: (-inf..23.6]' => 'Sgpt: (-inf..20.2]'
c1 rule: 'Mcv: (-inf..83.0]', 'Alkphos: (96.6..+inf)' => 'Sgpt: (-inf..20.2]'
c1 rule: 'Sgot: (27.4..36.6]', 'Gammagt: (42.2..64.8]', 'Drinks: (2.0..5.0]' => 'Sgpt: (-inf..20.2]'
c1 rule: 'Mcv: (93.0..98.0]', 'Sgot: (27.4..36.6]', 'Drinks: (-inf..2.0]' => 'Sgpt: (-inf..20.2]'
c1 rule: 'Mcv: (93.0..98.0]', 'Alkphos: (-inf..50.4]', 'Drinks: (-inf..2.0]' => 'Sgpt: (-inf..20.2]'
c1 rule: 'Mcv: (93.0..98.0]', 'Alkphos: (-inf..50.4]', 'Sgot: (-inf..18.2]' => 'Sgpt: (-inf..20.2]'
c1 rule: 'Alkphos: (65.8..81.2]', 'Gammagt: (-inf..23.6]', 'Drinks: (5.0..8.0]' => 'Sgpt: (-inf..20.2]'
c1 rule: 'Sgot: (-inf..18.2]', 'Gammagt: (64.8..105.2]', not 'Alkphos: (81.2..96.6]' => 'Sgpt: (-inf..20.2]'
c1 rule: 'Alkphos: (96.6..+inf)', 'Sgot: (-inf..18.2]', 'Drinks: (-inf..2.0]' => 'Sgpt: (-inf..20.2]'
c1 rule: 'Alkphos: (96.6..+inf)', 'Sgot: (18.2..27.4]', 'Gammagt: (-inf..23.6]' => 'Sgpt: (-inf..20.2]'
c1 rule: 'Mcv: (-inf..83.0]', 'Alkphos: (-inf..50.4]', not 'Gammagt: (23.6..42.2]' => 'Sgpt: (-inf..20.2]'
c1 rule: 'Mcv: (-inf..83.0]', 'Gammagt: (-inf..23.6]', not 'Alkphos: (50.4..65.8]' => 'Sgpt: (-inf..20.2]'
c1 rule: 'Mcv: (-inf..83.0]', 'Alkphos: (50.4..65.8]', 'Sgot: (18.2..27.4]' => 'Sgpt: (-inf..20.2]'
c1 rule: 'Mcv: (-inf..83.0]', 'Gammagt: (64.8..105.2]', 'Drinks: (-inf..2.0]' => 'Sgpt: (-inf..20.2]'
c1 rule: 'Alkphos: (-inf..50.4]', 'Sgot: (-inf..18.2]', not 'Mcv: (83.0..88.0]', not 'Drinks: (-inf..2.0]' => 'Sgpt: (-inf..20.2]'
c1 rule: 'Mcv: (88.0..93.0]', 'Alkphos: (81.2..96.6]', 'Gammagt: (-inf..23.6]', not 'Drinks: (-inf..2.0]' => 'Sgpt: (-inf..20.2]'
c1 rule: 'Mcv: (88.0..93.0]', 'Alkphos: (81.2..96.6]', 'Sgot: (-inf..18.2]', 'Gammagt: (-inf..23.6]' => 'Sgpt: (-inf..20.2]'
c1 rule: 'Alkphos: (65.8..81.2]', 'Sgot: (-inf..18.2]', 'Drinks: (2.0..5.0]', not 'Mcv: (83.0..88.0]' => 'Sgpt: (-inf..20.2]'
c1 rule: 'Alkphos: (65.8..81.2]', 'Sgot: (27.4..36.6]', 'Gammagt: (-inf..23.6]', not 'Mcv: (83.0..88.0]' => 'Sgpt: (-inf..20.2]'
c1 rule: 'Mcv: (83.0..88.0]', 'Alkphos: (50.4..65.8]', 'Gammagt: (-inf..23.6]', 'Drinks: (2.0..5.0]' => 'Sgpt: (-inf..20.2]'
c1 rule: 'Alkphos: (-inf..50.4]', 'Gammagt: (-inf..23.6]', 'Drinks: (2.0..5.0]', not 'Mcv: (88.0..93.0]', not 'Sgot: (-inf..18.2]' => 'Sgpt: (-inf..20.2]'
c1 # of rules: 24
c1 rule time: 0.0273

c1 computing class: (20.2..33.4]
c1 discrimination constraints: 138h
c1 coverage constraints: 82v+2133h
c1 formula: 142v, 2361c (2301h+60s)
c1 enumerating rules (maxsat-based)
c1 rule: 'Alkphos: (50.4..65.8]', 'Gammagt: (105.2..+inf)' => 'Sgpt: (20.2..33.4]'
c1 rule: 'Mcv: (-inf..83.0]', 'Gammagt: (23.6..42.2]' => 'Sgpt: (20.2..33.4]'
c1 rule: 'Mcv: (98.0..+inf)', 'Drinks: (8.0..12.0]' => 'Sgpt: (20.2..33.4]'
c1 rule: 'Mcv: (98.0..+inf)', 'Sgot: (18.2..27.4]', 'Gammagt: (23.6..42.2]' => 'Sgpt: (20.2..33.4]'
c1 rule: 'Sgot: (18.2..27.4]', 'Gammagt: (105.2..+inf)', not 'Drinks: (-inf..2.0]' => 'Sgpt: (20.2..33.4]'
c1 rule: 'Sgot: (-inf..18.2]', not 'Mcv: (88.0..93.0]', not 'Gammagt: (-inf..23.6]' => 'Sgpt: (20.2..33.4]'
c1 rule: 'Alkphos: (81.2..96.6]', 'Sgot: (-inf..18.2]', 'Drinks: (2.0..5.0]' => 'Sgpt: (20.2..33.4]'
c1 rule: 'Mcv: (93.0..98.0]', 'Sgot: (-inf..18.2]', not 'Alkphos: (-inf..50.4]' => 'Sgpt: (20.2..33.4]'
c1 rule: 'Mcv: (93.0..98.0]', 'Alkphos: (65.8..81.2]', 'Drinks: (2.0..5.0]' => 'Sgpt: (20.2..33.4]'
c1 rule: 'Alkphos: (65.8..81.2]', 'Gammagt: (64.8..105.2]', 'Drinks: (2.0..5.0]' => 'Sgpt: (20.2..33.4]'
c1 rule: 'Gammagt: (64.8..105.2]', 'Drinks: (2.0..5.0]', not 'Sgot: (-inf..18.2]' => 'Sgpt: (20.2..33.4]'
c1 rule: 'Mcv: (93.0..98.0]', 'Sgot: (27.4..36.6]', not 'Alkphos: (96.6..+inf)' => 'Sgpt: (20.2..33.4]'
c1 rule: 'Alkphos: (81.2..96.6]', 'Sgot: (27.4..36.6]', 'Gammagt: (-inf..23.6]' => 'Sgpt: (20.2..33.4]'
c1 rule: 'Mcv: (93.0..98.0]', 'Alkphos: (81.2..96.6]', 'Gammagt: (-inf..23.6]' => 'Sgpt: (20.2..33.4]'
c1 rule: 'Alkphos: (81.2..96.6]', 'Gammagt: (64.8..105.2]', not 'Sgot: (36.6..48.8]' => 'Sgpt: (20.2..33.4]'
c1 rule: 'Sgot: (27.4..36.6]', 'Gammagt: (105.2..+inf)', not 'Alkphos: (81.2..96.6]' => 'Sgpt: (20.2..33.4]'
c1 rule: 'Sgot: (36.6..48.8]', 'Drinks: (-inf..2.0]', not 'Alkphos: (81.2..96.6]' => 'Sgpt: (20.2..33.4]'
c1 rule: 'Sgot: (18.2..27.4]', 'Gammagt: (42.2..64.8]', 'Drinks: (2.0..5.0]' => 'Sgpt: (20.2..33.4]'
c1 rule: 'Mcv: (88.0..93.0]', 'Alkphos: (-inf..50.4]', 'Sgot: (27.4..36.6]' => 'Sgpt: (20.2..33.4]'
c1 rule: 'Mcv: (93.0..98.0]', 'Alkphos: (96.6..+inf)', 'Drinks: (5.0..8.0]' => 'Sgpt: (20.2..33.4]'
c1 rule: 'Mcv: (93.0..98.0]', 'Alkphos: (50.4..65.8]', 'Drinks: (-inf..2.0]' => 'Sgpt: (20.2..33.4]'
c1 rule: 'Mcv: (93.0..98.0]', 'Alkphos: (81.2..96.6]', 'Drinks: (-inf..2.0]' => 'Sgpt: (20.2..33.4]'
c1 rule: 'Mcv: (93.0..98.0]', 'Alkphos: (81.2..96.6]', not 'Gammagt: (64.8..105.2]' => 'Sgpt: (20.2..33.4]'
c1 rule: 'Alkphos: (-inf..50.4]', 'Gammagt: (23.6..42.2]', 'Drinks: (-inf..2.0]' => 'Sgpt: (20.2..33.4]'
c1 rule: 'Alkphos: (81.2..96.6]', 'Gammagt: (23.6..42.2]', 'Drinks: (2.0..5.0]' => 'Sgpt: (20.2..33.4]'
c1 rule: 'Sgot: (-inf..18.2]', 'Gammagt: (23.6..42.2]', not 'Drinks: (-inf..2.0]' => 'Sgpt: (20.2..33.4]'
c1 rule: 'Alkphos: (96.6..+inf)', 'Sgot: (-inf..18.2]', 'Drinks: (2.0..5.0]' => 'Sgpt: (20.2..33.4]'
c1 rule: 'Alkphos: (96.6..+inf)', 'Gammagt: (23.6..42.2]', not 'Mcv: (83.0..88.0]' => 'Sgpt: (20.2..33.4]'
c1 rule: 'Alkphos: (81.2..96.6]', 'Gammagt: (23.6..42.2]', 'Drinks: (5.0..8.0]' => 'Sgpt: (20.2..33.4]'
c1 rule: 'Alkphos: (-inf..50.4]', 'Gammagt: (23.6..42.2]', 'Drinks: (5.0..8.0]' => 'Sgpt: (20.2..33.4]'
c1 rule: 'Mcv: (-inf..83.0]', 'Drinks: (2.0..5.0]', not 'Sgot: (18.2..27.4]' => 'Sgpt: (20.2..33.4]'
c1 rule: 'Mcv: (88.0..93.0]', 'Gammagt: (105.2..+inf)', 'Drinks: (8.0..12.0]' => 'Sgpt: (20.2..33.4]'
c1 rule: 'Mcv: (93.0..98.0]', 'Sgot: (18.2..27.4]', 'Gammagt: (23.6..42.2]', not 'Alkphos: (65.8..81.2]' => 'Sgpt: (20.2..33.4]'
c1 rule: 'Mcv: (83.0..88.0]', 'Alkphos: (65.8..81.2]', 'Sgot: (18.2..27.4]', not 'Drinks: (-inf..2.0]' => 'Sgpt: (20.2..33.4]'
c1 rule: 'Mcv: (88.0..93.0]', 'Gammagt: (23.6..42.2]', 'Drinks: (2.0..5.0]', not 'Alkphos: (65.8..81.2]' => 'Sgpt: (20.2..33.4]'
c1 rule: 'Mcv: (88.0..93.0]', 'Alkphos: (-inf..50.4]', not 'Sgot: (-inf..18.2]', not 'Gammagt: (23.6..42.2]' => 'Sgpt: (20.2..33.4]'
c1 rule: 'Mcv: (83.0..88.0]', 'Gammagt: (23.6..42.2]', 'Drinks: (2.0..5.0]', not 'Alkphos: (-inf..50.4]' => 'Sgpt: (20.2..33.4]'
c1 rule: 'Mcv: (88.0..93.0]', 'Alkphos: (50.4..65.8]', 'Sgot: (18.2..27.4]', 'Drinks: (2.0..5.0]' => 'Sgpt: (20.2..33.4]'
c1 rule: 'Alkphos: (50.4..65.8]', 'Gammagt: (23.6..42.2]', 'Drinks: (-inf..2.0]', not 'Mcv: (83.0..88.0]' => 'Sgpt: (20.2..33.4]'
c1 rule: 'Mcv: (88.0..93.0]', 'Sgot: (18.2..27.4]', 'Gammagt: (64.8..105.2]', not 'Alkphos: (50.4..65.8]' => 'Sgpt: (20.2..33.4]'
c1 rule: 'Alkphos: (-inf..50.4]', 'Sgot: (-inf..18.2]', 'Drinks: (-inf..2.0]', not 'Mcv: (88.0..93.0]' => 'Sgpt: (20.2..33.4]'
c1 # of rules: 41
c1 rule time: 0.0562

c1 computing class: (33.4..47.6]
c1 discrimination constraints: 177h
c1 coverage constraints: 43v+1119h
c1 formula: 103v, 1386c (1326h+60s)
c1 enumerating rules (maxsat-based)
c1 rule: 'Mcv: (-inf..83.0]', 'Sgot: (27.4..36.6]' => 'Sgpt: (33.4..47.6]'
c1 rule: 'Mcv: (83.0..88.0]', 'Gammagt: (64.8..105.2]' => 'Sgpt: (33.4..47.6]'
c1 rule: 'Alkphos: (-inf..50.4]', 'Gammagt: (64.8..105.2]' => 'Sgpt: (33.4..47.6]'
c1 rule: 'Alkphos: (-inf..50.4]', 'Drinks: (8.0..12.0]' => 'Sgpt: (33.4..47.6]'
c1 rule: 'Alkphos: (81.2..96.6]', 'Sgot: (48.8..+inf)' => 'Sgpt: (33.4..47.6]'
c1 rule: 'Drinks: (12.0..+inf)', not 'Alkphos: (96.6..+inf)' => 'Sgpt: (33.4..47.6]'
c1 rule: 'Mcv: (88.0..93.0]', 'Sgot: (18.2..27.4]', 'Drinks: (8.0..12.0]' => 'Sgpt: (33.4..47.6]'
c1 rule: 'Alkphos: (96.6..+inf)', 'Drinks: (5.0..8.0]', not 'Gammagt: (23.6..42.2]' => 'Sgpt: (33.4..47.6]'
c1 rule: 'Alkphos: (96.6..+inf)', 'Sgot: (27.4..36.6]', 'Gammagt: (23.6..42.2]' => 'Sgpt: (33.4..47.6]'
c1 rule: 'Sgot: (27.4..36.6]', 'Gammagt: (23.6..42.2]', not 'Mcv: (88.0..93.0]' => 'Sgpt: (33.4..47.6]'
c1 rule: 'Sgot: (27.4..36.6]', 'Drinks: (5.0..8.0]', not 'Mcv: (88.0..93.0]' => 'Sgpt: (33.4..47.6]'
c1 rule: 'Mcv: (83.0..88.0]', 'Alkphos: (50.4..65.8]', 'Drinks: (5.0..8.0]' => 'Sgpt: (33.4..47.6]'
c1 rule: 'Mcv: (83.0..88.0]', 'Gammagt: (105.2..+inf)', 'Drinks: (-inf..2.0]' => 'Sgpt: (33.4..47.6]'
c1 rule: 'Mcv: (83.0..88.0]', 'Gammagt: (105.2..+inf)', not 'Sgot: (27.4..36.6]' => 'Sgpt: (33.4..47.6]'
c1 rule: 'Mcv: (83.0..88.0]', 'Alkphos: (96.6..+inf)', 'Drinks: (-inf..2.0]' => 'Sgpt: (33.4..47.6]'
c1 rule: 'Mcv: (83.0..88.0]', 'Alkphos: (65.8..81.2]', 'Gammagt: (23.6..42.2]' => 'Sgpt: (33.4..47.6]'
c1 rule: 'Alkphos: (65.8..81.2]', 'Sgot: (27.4..36.6]', 'Gammagt: (23.6..42.2]' => 'Sgpt: (33.4..47.6]'
c1 rule: 'Sgot: (27.4..36.6]', 'Gammagt: (23.6..42.2]', 'Drinks: (8.0..12.0]' => 'Sgpt: (33.4..47.6]'
c1 rule: 'Alkphos: (50.4..65.8]', 'Sgot: (18.2..27.4]', 'Gammagt: (64.8..105.2]' => 'Sgpt: (33.4..47.6]'
c1 rule: 'Alkphos: (96.6..+inf)', 'Sgot: (27.4..36.6]', 'Gammagt: (42.2..64.8]' => 'Sgpt: (33.4..47.6]'
c1 rule: 'Alkphos: (81.2..96.6]', 'Gammagt: (105.2..+inf)', 'Drinks: (-inf..2.0]' => 'Sgpt: (33.4..47.6]'
c1 rule: 'Mcv: (93.0..98.0]', 'Alkphos: (81.2..96.6]', 'Sgot: (36.6..48.8]' => 'Sgpt: (33.4..47.6]'
c1 rule: 'Alkphos: (96.6..+inf)', 'Drinks: (-inf..2.0]', not 'Mcv: (88.0..93.0]', not 'Gammagt: (-inf..23.6]' => 'Sgpt: (33.4..47.6]'
c1 rule: 'Mcv: (83.0..88.0]', 'Alkphos: (50.4..65.8]', 'Gammagt: (42.2..64.8]', 'Drinks: (-inf..2.0]' => 'Sgpt: (33.4..47.6]'
c1 rule: 'Alkphos: (50.4..65.8]', 'Sgot: (27.4..36.6]', 'Gammagt: (-inf..23.6]', not 'Drinks: (-inf..2.0]' => 'Sgpt: (33.4..47.6]'
c1 rule: 'Mcv: (93.0..98.0]', 'Alkphos: (50.4..65.8]', 'Sgot: (18.2..27.4]', 'Drinks: (2.0..5.0]' => 'Sgpt: (33.4..47.6]'
c1 rule: 'Mcv: (93.0..98.0]', 'Sgot: (18.2..27.4]', 'Gammagt: (-inf..23.6]', 'Drinks: (5.0..8.0]' => 'Sgpt: (33.4..47.6]'
c1 rule: 'Alkphos: (-inf..50.4]', 'Gammagt: (23.6..42.2]', not 'Mcv: (88.0..93.0]', not 'Drinks: (-inf..2.0]' => 'Sgpt: (33.4..47.6]'
c1 rule: 'Mcv: (88.0..93.0]', 'Alkphos: (65.8..81.2]', 'Gammagt: (42.2..64.8]', not 'Drinks: (2.0..5.0]' => 'Sgpt: (33.4..47.6]'
c1 rule: 'Mcv: (88.0..93.0]', 'Alkphos: (65.8..81.2]', 'Sgot: (18.2..27.4]', 'Gammagt: (23.6..42.2]', not 'Drinks: (2.0..5.0]' => 'Sgpt: (33.4..47.6]'
c1 # of rules: 30
c1 rule time: 0.0307

c1 computing class: (47.6..67.8]
c1 discrimination constraints: 200h
c1 coverage constraints: 20v+521h
c1 formula: 80v, 811c (751h+60s)
c1 enumerating rules (maxsat-based)
c1 rule: 'Mcv: (98.0..+inf)', 'Sgot: (36.6..48.8]' => 'Sgpt: (47.6..67.8]'
c1 rule: 'Drinks: (12.0..+inf)', not 'Gammagt: (105.2..+inf)' => 'Sgpt: (47.6..67.8]'
c1 rule: 'Alkphos: (96.6..+inf)', 'Gammagt: (64.8..105.2]' => 'Sgpt: (47.6..67.8]'
c1 rule: 'Mcv: (-inf..83.0]', 'Drinks: (5.0..8.0]' => 'Sgpt: (47.6..67.8]'
c1 rule: 'Alkphos: (50.4..65.8]', 'Drinks: (8.0..12.0]' => 'Sgpt: (47.6..67.8]'
c1 rule: 'Sgot: (48.8..+inf)', 'Drinks: (8.0..12.0]' => 'Sgpt: (47.6..67.8]'
c1 rule: 'Sgot: (36.6..48.8]', 'Gammagt: (42.2..64.8]', 'Drinks: (5.0..8.0]' => 'Sgpt: (47.6..67.8]'
c1 rule: 'Sgot: (36.6..48.8]', 'Gammagt: (23.6..42.2]', not 'Alkphos: (65.8..81.2]' => 'Sgpt: (47.6..67.8]'
c1 rule: 'Mcv: (88.0..93.0]', 'Sgot: (36.6..48.8]', 'Gammagt: (42.2..64.8]' => 'Sgpt: (47.6..67.8]'
c1 rule: 'Alkphos: (50.4..65.8]', 'Sgot: (36.6..48.8]', 'Drinks: (5.0..8.0]' => 'Sgpt: (47.6..67.8]'
c1 rule: 'Mcv: (93.0..98.0]', 'Alkphos: (65.8..81.2]', 'Sgot: (36.6..48.8]' => 'Sgpt: (47.6..67.8]'
c1 rule: 'Mcv: (88.0..93.0]', 'Alkphos: (81.2..96.6]', 'Gammagt: (42.2..64.8]' => 'Sgpt: (47.6..67.8]'
c1 rule: 'Alkphos: (50.4..65.8]', 'Gammagt: (64.8..105.2]', 'Drinks: (5.0..8.0]' => 'Sgpt: (47.6..67.8]'
c1 rule: 'Alkphos: (81.2..96.6]', 'Sgot: (27.4..36.6]', 'Drinks: (5.0..8.0]' => 'Sgpt: (47.6..67.8]'
c1 rule: 'Mcv: (83.0..88.0]', 'Gammagt: (105.2..+inf)', 'Drinks: (8.0..12.0]' => 'Sgpt: (47.6..67.8]'
c1 rule: 'Alkphos: (65.8..81.2]', 'Gammagt: (42.2..64.8]', not 'Mcv: (-inf..83.0]', not 'Sgot: (18.2..27.4]' => 'Sgpt: (47.6..67.8]'
c1 rule: 'Alkphos: (50.4..65.8]', 'Sgot: (27.4..36.6]', 'Gammagt: (64.8..105.2]', not 'Drinks: (2.0..5.0]' => 'Sgpt: (47.6..67.8]'
c1 rule: 'Mcv: (88.0..93.0]', 'Alkphos: (50.4..65.8]', 'Sgot: (27.4..36.6]', not 'Gammagt: (23.6..42.2]', not 'Drinks: (2.0..5.0]' => 'Sgpt: (47.6..67.8]'
c1 # of rules: 18
c1 rule time: 0.0151

c1 computing class: (67.8..+inf)
c1 discrimination constraints: 204h
c1 coverage constraints: 16v+417h
c1 formula: 76v, 711c (651h+60s)
c1 enumerating rules (maxsat-based)
c1 rule: 'Alkphos: (96.6..+inf)', 'Sgot: (48.8..+inf)' => 'Sgpt: (67.8..+inf)'
c1 rule: 'Alkphos: (-inf..50.4]', 'Sgot: (48.8..+inf)' => 'Sgpt: (67.8..+inf)'
c1 rule: 'Alkphos: (-inf..50.4]', 'Sgot: (36.6..48.8]' => 'Sgpt: (67.8..+inf)'
c1 rule: 'Mcv: (83.0..88.0]', 'Sgot: (48.8..+inf)' => 'Sgpt: (67.8..+inf)'
c1 rule: 'Sgot: (48.8..+inf)', 'Gammagt: (64.8..105.2]' => 'Sgpt: (67.8..+inf)'
c1 rule: 'Sgot: (48.8..+inf)', 'Drinks: (5.0..8.0]' => 'Sgpt: (67.8..+inf)'
c1 rule: 'Sgot: (48.8..+inf)', 'Drinks: (-inf..2.0]' => 'Sgpt: (67.8..+inf)'
c1 rule: 'Mcv: (83.0..88.0]', 'Alkphos: (81.2..96.6]', 'Sgot: (36.6..48.8]' => 'Sgpt: (67.8..+inf)'
c1 rule: 'Sgot: (36.6..48.8]', 'Gammagt: (23.6..42.2]', 'Drinks: (8.0..12.0]' => 'Sgpt: (67.8..+inf)'
c1 rule: 'Alkphos: (65.8..81.2]', 'Sgot: (36.6..48.8]', 'Drinks: (5.0..8.0]' => 'Sgpt: (67.8..+inf)'
c1 rule: 'Alkphos: (50.4..65.8]', 'Gammagt: (23.6..42.2]', 'Drinks: (5.0..8.0]', not 'Sgot: (18.2..27.4]' => 'Sgpt: (67.8..+inf)'
c1 rule: 'Alkphos: (65.8..81.2]', 'Gammagt: (23.6..42.2]', 'Drinks: (5.0..8.0]', not 'Sgot: (27.4..36.6]' => 'Sgpt: (67.8..+inf)'
c1 rule: 'Mcv: (88.0..93.0]', 'Sgot: (36.6..48.8]', not 'Alkphos: (65.8..81.2]', not 'Gammagt: (42.2..64.8]' => 'Sgpt: (67.8..+inf)'
c1 rule: 'Mcv: (88.0..93.0]', 'Alkphos: (65.8..81.2]', 'Gammagt: (64.8..105.2]', not 'Sgot: (18.2..27.4]' => 'Sgpt: (67.8..+inf)'
c1 rule: 'Mcv: (83.0..88.0]', 'Alkphos: (65.8..81.2]', 'Gammagt: (42.2..64.8]', not 'Sgot: (27.4..36.6]' => 'Sgpt: (67.8..+inf)'
c1 # of rules: 15
c1 rule time: 0.0113

c2 total rules: 128

c0 computing feature 4
c1 computing class: (-inf..18.2]
c1 discrimination constraints: 175h
c1 coverage constraints: 45v+1171h
c1 formula: 105v, 1436c (1376h+60s)
c1 enumerating rules (maxsat-based)
c1 rule: 'Alkphos: (-inf..50.4]', 'Sgpt: (-inf..20.2]', 'Drinks: (5.0..8.0]' => 'Sgot: (-inf..18.2]'
c1 rule: 'Gammagt: (64.8..105.2]', 'Drinks: (2.0..5.0]', not 'Sgpt: (20.2..33.4]' => 'Sgot: (-inf..18.2]'
c1 rule: 'Mcv: (93.0..98.0]', 'Sgpt: (-inf..20.2]', 'Drinks: (2.0..5.0]' => 'Sgot: (-inf..18.2]'
c1 rule: 'Mcv: (-inf..83.0]', 'Gammagt: (23.6..42.2]', not 'Alkphos: (-inf..50.4]' => 'Sgot: (-inf..18.2]'
c1 rule: 'Mcv: (-inf..83.0]', 'Sgpt: (20.2..33.4]', 'Gammagt: (-inf..23.6]' => 'Sgot: (-inf..18.2]'
c1 rule: 'Alkphos: (81.2..96.6]', 'Gammagt: (64.8..105.2]', not 'Drinks: (5.0..8.0]' => 'Sgot: (-inf..18.2]'
c1 rule: 'Alkphos: (81.2..96.6]', 'Gammagt: (-inf..23.6]', 'Drinks: (5.0..8.0]' => 'Sgot: (-inf..18.2]'
c1 rule: 'Alkphos: (81.2..96.6]', 'Sgpt: (-inf..20.2]', not 'Gammagt: (-inf..23.6]' => 'Sgot: (-inf..18.2]'
c1 rule: 'Mcv: (88.0..93.0]', 'Alkphos: (-inf..50.4]', 'Sgpt: (-inf..20.2]' => 'Sgot: (-inf..18.2]'
c1 rule: 'Mcv: (83.0..88.0]', 'Alkphos: (-inf..50.4]', 'Sgpt: (20.2..33.4]', not 'Drinks: (-inf..2.0]' => 'Sgot: (-inf..18.2]'
c1 rule: 'Alkphos: (-inf..50.4]', 'Gammagt: (-inf..23.6]', 'Drinks: (-inf..2.0]', not 'Mcv: (83.0..88.0]' => 'Sgot: (-inf..18.2]'
c1 rule: 'Sgpt: (-inf..20.2]', 'Gammagt: (23.6..42.2]', 'Drinks: (-inf..2.0]', not 'Mcv: (93.0..98.0]' => 'Sgot: (-inf..18.2]'
c1 rule: 'Mcv: (93.0..98.0]', 'Alkphos: (50.4..65.8]', 'Sgpt: (20.2..33.4]', 'Drinks: (2.0..5.0]' => 'Sgot: (-inf..18.2]'
c1 rule: 'Mcv: (88.0..93.0]', 'Alkphos: (50.4..65.8]', 'Sgpt: (-inf..20.2]', 'Drinks: (2.0..5.0]' => 'Sgot: (-inf..18.2]'
c1 rule: 'Mcv: (83.0..88.0]', 'Alkphos: (65.8..81.2]', 'Sgpt: (-inf..20.2]', not 'Drinks: (-inf..2.0]' => 'Sgot: (-inf..18.2]'
c1 rule: 'Alkphos: (96.6..+inf)', 'Gammagt: (-inf..23.6]', not 'Sgpt: (-inf..20.2]', not 'Drinks: (-inf..2.0]' => 'Sgot: (-inf..18.2]'
c1 rule: 'Alkphos: (81.2..96.6]', 'Sgpt: (-inf..20.2]', 'Drinks: (-inf..2.0]', not 'Mcv: (88.0..93.0]' => 'Sgot: (-inf..18.2]'
c1 rule: 'Mcv: (83.0..88.0]', 'Alkphos: (81.2..96.6]', 'Gammagt: (-inf..23.6]', 'Drinks: (-inf..2.0]' => 'Sgot: (-inf..18.2]'
c1 rule: 'Mcv: (88.0..93.0]', 'Alkphos: (81.2..96.6]', 'Gammagt: (23.6..42.2]', 'Drinks: (-inf..2.0]' => 'Sgot: (-inf..18.2]'
c1 rule: 'Mcv: (88.0..93.0]', 'Alkphos: (50.4..65.8]', 'Sgpt: (33.4..47.6]', 'Gammagt: (-inf..23.6]', not 'Drinks: (2.0..5.0]' => 'Sgot: (-inf..18.2]'
c1 # of rules: 20
c1 rule time: 0.0251

c1 computing class: (18.2..27.4]
c1 discrimination constraints: 115h
c1 coverage constraints: 105v+2731h
c1 formula: 165v, 2936c (2876h+60s)
c1 enumerating rules (maxsat-based)
c1 rule: 'Mcv: (-inf..83.0]', 'Alkphos: (96.6..+inf)' => 'Sgot: (18.2..27.4]'
c1 rule: 'Mcv: (98.0..+inf)', 'Sgpt: (20.2..33.4]' => 'Sgot: (18.2..27.4]'
c1 rule: 'Sgpt: (20.2..33.4]', 'Drinks: (5.0..8.0]' => 'Sgot: (18.2..27.4]'
c1 rule: 'Mcv: (-inf..83.0]', 'Alkphos: (-inf..50.4]' => 'Sgot: (18.2..27.4]'
c1 rule: 'Sgpt: (-inf..20.2]', 'Drinks: (8.0..12.0]' => 'Sgot: (18.2..27.4]'
c1 rule: 'Alkphos: (-inf..50.4]', 'Gammagt: (64.8..105.2]' => 'Sgot: (18.2..27.4]'
c1 rule: 'Alkphos: (-inf..50.4]', 'Sgpt: (33.4..47.6]' => 'Sgot: (18.2..27.4]'
c1 rule: 'Mcv: (98.0..+inf)', 'Alkphos: (50.4..65.8]' => 'Sgot: (18.2..27.4]'
c1 rule: 'Mcv: (93.0..98.0]', 'Sgpt: (-inf..20.2]', not 'Gammagt: (-inf..23.6]' => 'Sgot: (18.2..27.4]'
c1 rule: 'Sgpt: (-inf..20.2]', 'Gammagt: (42.2..64.8]', 'Drinks: (-inf..2.0]' => 'Sgot: (18.2..27.4]'
c1 rule: 'Mcv: (93.0..98.0]', 'Gammagt: (42.2..64.8]', 'Drinks: (-inf..2.0]' => 'Sgot: (18.2..27.4]'
c1 rule: 'Sgpt: (20.2..33.4]', 'Gammagt: (42.2..64.8]', 'Drinks: (-inf..2.0]' => 'Sgot: (18.2..27.4]'
c1 rule: 'Mcv: (93.0..98.0]', 'Alkphos: (81.2..96.6]', 'Drinks: (-inf..2.0]' => 'Sgot: (18.2..27.4]'
c1 rule: 'Mcv: (93.0..98.0]', 'Gammagt: (23.6..42.2]', not 'Alkphos: (50.4..65.8]' => 'Sgot: (18.2..27.4]'
c1 rule: 'Mcv: (83.0..88.0]', 'Alkphos: (50.4..65.8]', 'Gammagt: (23.6..42.2]' => 'Sgot: (18.2..27.4]'
c1 rule: 'Mcv: (83.0..88.0]', 'Sgpt: (20.2..33.4]', 'Gammagt: (23.6..42.2]' => 'Sgot: (18.2..27.4]'
c1 rule: 'Mcv: (83.0..88.0]', 'Gammagt: (23.6..42.2]', not 'Sgpt: (33.4..47.6]' => 'Sgot: (18.2..27.4]'
c1 rule: 'Alkphos: (50.4..65.8]', 'Sgpt: (33.4..47.6]', not 'Gammagt: (-inf..23.6]' => 'Sgot: (18.2..27.4]'
c1 rule: 'Alkphos: (96.6..+inf)', 'Sgpt: (20.2..33.4]', not 'Gammagt: (-inf..23.6]' => 'Sgot: (18.2..27.4]'
c1 rule: 'Alkphos: (96.6..+inf)', 'Sgpt: (-inf..20.2]', 'Drinks: (2.0..5.0]' => 'Sgot: (18.2..27.4]'
c1 rule: 'Sgpt: (-inf..20.2]', 'Gammagt: (64.8..105.2]', not 'Alkphos: (50.4..65.8]' => 'Sgot: (18.2..27.4]'
c1 rule: 'Sgpt: (-inf..20.2]', 'Gammagt: (23.6..42.2]', not 'Drinks: (-inf..2.0]' => 'Sgot: (18.2..27.4]'
c1 rule: 'Mcv: (83.0..88.0]', 'Alkphos: (65.8..81.2]', 'Gammagt: (23.6..42.2]' => 'Sgot: (18.2..27.4]'
c1 rule: 'Sgpt: (20.2..33.4]', 'Gammagt: (64.8..105.2]', not 'Mcv: (88.0..93.0]' => 'Sgot: (18.2..27.4]'
c1 rule: 'Alkphos: (65.8..81.2]', 'Gammagt: (42.2..64.8]', 'Drinks: (2.0..5.0]' => 'Sgot: (18.2..27.4]'
c1 rule: 'Mcv: (93.0..98.0]', 'Alkphos: (65.8..81.2]', 'Drinks: (2.0..5.0]' => 'Sgot: (18.2..27.4]'
c1 rule: 'Alkphos: (81.2..96.6]', 'Drinks: (2.0..5.0]', not 'Mcv: (88.0..93.0]' => 'Sgot: (18.2..27.4]'
c1 rule: 'Alkphos: (-inf..50.4]', 'Gammagt: (23.6..42.2]', 'Drinks: (2.0..5.0]' => 'Sgot: (18.2..27.4]'
c1 rule: 'Alkphos: (-inf..50.4]', 'Sgpt: (20.2..33.4]', 'Gammagt: (42.2..64.8]' => 'Sgot: (18.2..27.4]'
c1 rule: 'Alkphos: (96.6..+inf)', 'Drinks: (8.0..12.0]', not 'Sgpt: (47.6..67.8]' => 'Sgot: (18.2..27.4]'
c1 rule: 'Mcv: (88.0..93.0]', 'Alkphos: (65.8..81.2]', 'Gammagt: (42.2..64.8]' => 'Sgot: (18.2..27.4]'
c1 rule: 'Alkphos: (50.4..65.8]', 'Sgpt: (-inf..20.2]', 'Drinks: (5.0..8.0]' => 'Sgot: (18.2..27.4]'
c1 rule: 'Alkphos: (50.4..65.8]', 'Gammagt: (105.2..+inf)', not 'Drinks: (2.0..5.0]' => 'Sgot: (18.2..27.4]'
c1 rule: 'Mcv: (-inf..83.0]', 'Alkphos: (65.8..81.2]', 'Gammagt: (-inf..23.6]' => 'Sgot: (18.2..27.4]'
c1 rule: 'Alkphos: (81.2..96.6]', 'Gammagt: (-inf..23.6]', 'Drinks: (2.0..5.0]' => 'Sgot: (18.2..27.4]'
c1 rule: 'Mcv: (88.0..93.0]', 'Gammagt: (105.2..+inf)', 'Drinks: (-inf..2.0]' => 'Sgot: (18.2..27.4]'
c1 rule: 'Mcv: (93.0..98.0]', 'Sgpt: (33.4..47.6]', not 'Drinks: (5.0..8.0]' => 'Sgot: (18.2..27.4]'
c1 rule: 'Mcv: (93.0..98.0]', 'Alkphos: (65.8..81.2]', 'Sgpt: (-inf..20.2]' => 'Sgot: (18.2..27.4]'
c1 rule: 'Mcv: (83.0..88.0]', 'Alkphos: (65.8..81.2]', 'Sgpt: (67.8..+inf)' => 'Sgot: (18.2..27.4]'
c1 rule: 'Mcv: (88.0..93.0]', 'Alkphos: (65.8..81.2]', 'Sgpt: (33.4..47.6]', 'Drinks: (-inf..2.0]' => 'Sgot: (18.2..27.4]'
c1 rule: 'Mcv: (88.0..93.0]', 'Alkphos: (65.8..81.2]', 'Gammagt: (23.6..42.2]', 'Drinks: (2.0..5.0]' => 'Sgot: (18.2..27.4]'
c1 rule: 'Mcv: (83.0..88.0]', 'Alkphos: (50.4..65.8]', 'Sgpt: (-inf..20.2]', not 'Drinks: (-inf..2.0]' => 'Sgot: (18.2..27.4]'
c1 rule: 'Alkphos: (-inf..50.4]', 'Drinks: (-inf..2.0]', not 'Mcv: (88.0..93.0]', not 'Sgpt: (20.2..33.4]' => 'Sgot: (18.2..27.4]'
c1 rule: 'Alkphos: (65.8..81.2]', 'Sgpt: (20.2..33.4]', 'Gammagt: (-inf..23.6]', not 'Mcv: (83.0..88.0]', not 'Drinks: (-inf..2.0]' => 'Sgot: (18.2..27.4]'
c1 # of rules: 44
c1 rule time: 0.0589

c1 computing class: (27.4..36.6]
c1 discrimination constraints: 179h
c1 coverage constraints: 41v+1067h
c1 formula: 101v, 1336c (1276h+60s)
c1 enumerating rules (maxsat-based)
c1 rule: 'Gammagt: (64.8..105.2]', 'Drinks: (8.0..12.0]' => 'Sgot: (27.4..36.6]'
c1 rule: 'Sgpt: (47.6..67.8]', 'Drinks: (-inf..2.0]' => 'Sgot: (27.4..36.6]'
c1 rule: 'Mcv: (98.0..+inf)', 'Sgpt: (33.4..47.6]' => 'Sgot: (27.4..36.6]'
c1 rule: 'Mcv: (-inf..83.0]', 'Sgpt: (33.4..47.6]' => 'Sgot: (27.4..36.6]'
c1 rule: 'Mcv: (93.0..98.0]', 'Sgpt: (20.2..33.4]', 'Drinks: (8.0..12.0]' => 'Sgot: (27.4..36.6]'
c1 rule: 'Sgpt: (20.2..33.4]', 'Drinks: (8.0..12.0]', not 'Mcv: (98.0..+inf)' => 'Sgot: (27.4..36.6]'
c1 rule: 'Gammagt: (105.2..+inf)', 'Drinks: (8.0..12.0]', not 'Mcv: (93.0..98.0]' => 'Sgot: (27.4..36.6]'
c1 rule: 'Sgpt: (20.2..33.4]', 'Gammagt: (105.2..+inf)', not 'Mcv: (88.0..93.0]' => 'Sgot: (27.4..36.6]'
c1 rule: 'Mcv: (83.0..88.0]', 'Gammagt: (105.2..+inf)', not 'Drinks: (2.0..5.0]' => 'Sgot: (27.4..36.6]'
c1 rule: 'Sgpt: (-inf..20.2]', 'Gammagt: (42.2..64.8]', 'Drinks: (2.0..5.0]' => 'Sgot: (27.4..36.6]'
c1 rule: 'Mcv: (98.0..+inf)', 'Alkphos: (65.8..81.2]', 'Sgpt: (-inf..20.2]' => 'Sgot: (27.4..36.6]'
c1 rule: 'Alkphos: (96.6..+inf)', 'Sgpt: (33.4..47.6]', 'Gammagt: (-inf..23.6]' => 'Sgot: (27.4..36.6]'
c1 rule: 'Mcv: (93.0..98.0]', 'Alkphos: (96.6..+inf)', 'Sgpt: (-inf..20.2]' => 'Sgot: (27.4..36.6]'
c1 rule: 'Mcv: (88.0..93.0]', 'Sgpt: (47.6..67.8]', 'Gammagt: (64.8..105.2]' => 'Sgot: (27.4..36.6]'
c1 rule: 'Mcv: (88.0..93.0]', 'Sgpt: (47.6..67.8]', not 'Gammagt: (42.2..64.8]' => 'Sgot: (27.4..36.6]'
c1 rule: 'Alkphos: (96.6..+inf)', 'Drinks: (5.0..8.0]', not 'Gammagt: (23.6..42.2]' => 'Sgot: (27.4..36.6]'
c1 rule: 'Alkphos: (50.4..65.8]', 'Sgpt: (67.8..+inf)', 'Drinks: (5.0..8.0]' => 'Sgot: (27.4..36.6]'
c1 rule: 'Alkphos: (50.4..65.8]', 'Sgpt: (20.2..33.4]', 'Gammagt: (64.8..105.2]' => 'Sgot: (27.4..36.6]'
c1 rule: 'Mcv: (83.0..88.0]', 'Sgpt: (33.4..47.6]', 'Gammagt: (-inf..23.6]' => 'Sgot: (27.4..36.6]'
c1 rule: 'Alkphos: (81.2..96.6]', 'Sgpt: (33.4..47.6]', 'Drinks: (8.0..12.0]' => 'Sgot: (27.4..36.6]'
c1 rule: 'Alkphos: (50.4..65.8]', 'Sgpt: (33.4..47.6]', 'Drinks: (2.0..5.0]', not 'Mcv: (93.0..98.0]' => 'Sgot: (27.4..36.6]'
c1 rule: 'Alkphos: (65.8..81.2]', 'Sgpt: (33.4..47.6]', 'Drinks: (5.0..8.0]', not 'Gammagt: (42.2..64.8]' => 'Sgot: (27.4..36.6]'
c1 rule: 'Mcv: (88.0..93.0]', 'Alkphos: (-inf..50.4]', 'Drinks: (-inf..2.0]', not 'Gammagt: (-inf..23.6]' => 'Sgot: (27.4..36.6]'
c1 rule: 'Alkphos: (96.6..+inf)', 'Gammagt: (-inf..23.6]', 'Drinks: (-inf..2.0]', not 'Sgpt: (-inf..20.2]' => 'Sgot: (27.4..36.6]'
c1 # of rules: 24
c1 rule time: 0.0252

c1 computing class: (36.6..48.8]
c1 discrimination constraints: 200h
c1 coverage constraints: 20v+521h
c1 formula: 80v, 811c (751h+60s)
c1 enumerating rules (maxsat-based)
c1 rule: 'Drinks: (12.0..+inf)' => 'Sgot: (36.6..48.8]'
c1 rule: 'Mcv: (98.0..+inf)', 'Gammagt: (105.2..+inf)' => 'Sgot: (36.6..48.8]'
c1 rule: 'Alkphos: (81.2..96.6]', 'Sgpt: (67.8..+inf)' => 'Sgot: (36.6..48.8]'
c1 rule: 'Mcv: (-inf..83.0]', 'Drinks: (5.0..8.0]' => 'Sgot: (36.6..48.8]'
c1 rule: 'Sgpt: (47.6..67.8]', 'Drinks: (2.0..5.0]' => 'Sgot: (36.6..48.8]'
c1 rule: 'Alkphos: (50.4..65.8]', 'Drinks: (8.0..12.0]' => 'Sgot: (36.6..48.8]'
c1 rule: 'Sgpt: (67.8..+inf)', 'Drinks: (8.0..12.0]' => 'Sgot: (36.6..48.8]'
c1 rule: 'Sgpt: (47.6..67.8]', 'Gammagt: (64.8..105.2]', not 'Mcv: (88.0..93.0]' => 'Sgot: (36.6..48.8]'
c1 rule: 'Mcv: (93.0..98.0]', 'Sgpt: (47.6..67.8]', not 'Gammagt: (42.2..64.8]' => 'Sgot: (36.6..48.8]'
c1 rule: 'Alkphos: (50.4..65.8]', 'Sgpt: (47.6..67.8]', 'Gammagt: (42.2..64.8]' => 'Sgot: (36.6..48.8]'
c1 rule: 'Mcv: (-inf..83.0]', 'Gammagt: (42.2..64.8]', not 'Drinks: (-inf..2.0]' => 'Sgot: (36.6..48.8]'
c1 rule: 'Alkphos: (81.2..96.6]', 'Sgpt: (33.4..47.6]', 'Drinks: (5.0..8.0]' => 'Sgot: (36.6..48.8]'
c1 rule: 'Alkphos: (65.8..81.2]', 'Sgpt: (33.4..47.6]', 'Gammagt: (105.2..+inf)' => 'Sgot: (36.6..48.8]'
c1 rule: 'Sgpt: (67.8..+inf)', 'Gammagt: (105.2..+inf)', not 'Mcv: (93.0..98.0]' => 'Sgot: (36.6..48.8]'
c1 # of rules: 14
c1 rule time: 0.0110

c1 computing class: (48.8..+inf)
c1 discrimination constraints: 211h
c1 coverage constraints: 9v+235h
c1 formula: 69v, 536c (476h+60s)
c1 enumerating rules (maxsat-based)
c1 rule: 'Alkphos: (96.6..+inf)', 'Sgpt: (67.8..+inf)' => 'Sgot: (48.8..+inf)'
c1 rule: 'Sgpt: (67.8..+inf)', 'Drinks: (2.0..5.0]', not 'Gammagt: (105.2..+inf)' => 'Sgot: (48.8..+inf)'
c1 rule: 'Alkphos: (81.2..96.6]', 'Gammagt: (105.2..+inf)', 'Drinks: (2.0..5.0]' => 'Sgot: (48.8..+inf)'
c1 rule: 'Sgpt: (67.8..+inf)', 'Gammagt: (64.8..105.2]', not 'Drinks: (5.0..8.0]' => 'Sgot: (48.8..+inf)'
c1 rule: 'Mcv: (93.0..98.0]', 'Sgpt: (67.8..+inf)', 'Drinks: (-inf..2.0]' => 'Sgot: (48.8..+inf)'
c1 rule: 'Mcv: (93.0..98.0]', 'Gammagt: (105.2..+inf)', 'Drinks: (5.0..8.0]' => 'Sgot: (48.8..+inf)'
c1 rule: 'Mcv: (93.0..98.0]', 'Sgpt: (47.6..67.8]', 'Gammagt: (42.2..64.8]' => 'Sgot: (48.8..+inf)'
c1 # of rules: 7
c1 rule time: 0.0064

c2 total rules: 109

c0 computing feature 5
c1 computing class: (-inf..23.6]
c1 discrimination constraints: 128h
c1 coverage constraints: 92v+2393h
c1 formula: 152v, 2611c (2551h+60s)
c1 enumerating rules (maxsat-based)
c1 rule: 'Sgpt: (33.4..47.6]', 'Sgot: (-inf..18.2]' => 'Gammagt: (-inf..23.6]'
c1 rule: 'Mcv: (83.0..88.0]', 'Sgot: (-inf..18.2]' => 'Gammagt: (-inf..23.6]'
c1 rule: 'Alkphos: (96.6..+inf)', 'Sgot: (-inf..18.2]' => 'Gammagt: (-inf..23.6]'
c1 rule: 'Sgpt: (-inf..20.2]', 'Drinks: (8.0..12.0]' => 'Gammagt: (-inf..23.6]'
c1 rule: 'Mcv: (98.0..+inf)', 'Alkphos: (50.4..65.8]' => 'Gammagt: (-inf..23.6]'
c1 rule: 'Mcv: (98.0..+inf)', 'Sgpt: (-inf..20.2]' => 'Gammagt: (-inf..23.6]'
c1 rule: 'Mcv: (-inf..83.0]', 'Alkphos: (96.6..+inf)' => 'Gammagt: (-inf..23.6]'
c1 rule: 'Alkphos: (50.4..65.8]', 'Sgpt: (33.4..47.6]', not 'Sgot: (18.2..27.4]' => 'Gammagt: (-inf..23.6]'
c1 rule: 'Alkphos: (50.4..65.8]', 'Sgpt: (33.4..47.6]', 'Drinks: (2.0..5.0]' => 'Gammagt: (-inf..23.6]'
c1 rule: 'Mcv: (83.0..88.0]', 'Sgpt: (-inf..20.2]', 'Drinks: (-inf..2.0]' => 'Gammagt: (-inf..23.6]'
c1 rule: 'Sgpt: (-inf..20.2]', 'Sgot: (27.4..36.6]', 'Drinks: (-inf..2.0]' => 'Gammagt: (-inf..23.6]'
c1 rule: 'Alkphos: (-inf..50.4]', 'Sgot: (-inf..18.2]', 'Drinks: (-inf..2.0]' => 'Gammagt: (-inf..23.6]'
c1 rule: 'Alkphos: (-inf..50.4]', 'Sgot: (-inf..18.2]', not 'Drinks: (5.0..8.0]' => 'Gammagt: (-inf..23.6]'
c1 rule: 'Alkphos: (-inf..50.4]', 'Sgot: (-inf..18.2]', not 'Mcv: (88.0..93.0]' => 'Gammagt: (-inf..23.6]'
c1 rule: 'Sgpt: (-inf..20.2]', 'Sgot: (-inf..18.2]', not 'Mcv: (88.0..93.0]' => 'Gammagt: (-inf..23.6]'
c1 rule: 'Sgot: (-inf..18.2]', not 'Mcv: (88.0..93.0]', not 'Drinks: (-inf..2.0]' => 'Gammagt: (-inf..23.6]'
c1 rule: 'Sgot: (-inf..18.2]', 'Drinks: (5.0..8.0]', not 'Alkphos: (-inf..50.4]' => 'Gammagt: (-inf..23.6]'
c1 rule: 'Alkphos: (65.8..81.2]', 'Sgot: (-inf..18.2]', not 'Drinks: (-inf..2.0]' => 'Gammagt: (-inf..23.6]'
c1 rule: 'Alkphos: (50.4..65.8]', 'Sgpt: (-inf..20.2]', 'Drinks: (-inf..2.0]' => 'Gammagt: (-inf..23.6]'
c1 rule: 'Alkphos: (50.4..65.8]', 'Sgpt: (-inf..20.2]', not 'Mcv: (88.0..93.0]' => 'Gammagt: (-inf..23.6]'
c1 rule: 'Alkphos: (81.2..96.6]', 'Sgpt: (-inf..20.2]', not 'Mcv: (88.0..93.0]' => 'Gammagt: (-inf..23.6]'
c1 rule: 'Alkphos: (81.2..96.6]', 'Sgpt: (-inf..20.2]', 'Drinks: (2.0..5.0]' => 'Gammagt: (-inf..23.6]'
c1 rule: 'Alkphos: (81.2..96.6]', 'Sgpt: (-inf..20.2]', 'Sgot: (18.2..27.4]' => 'Gammagt: (-inf..23.6]'
c1 rule: 'Mcv: (-inf..83.0]', 'Sgot: (-inf..18.2]', not 'Alkphos: (65.8..81.2]' => 'Gammagt: (-inf..23.6]'
c1 rule: 'Mcv: (-inf..83.0]', 'Sgpt: (-inf..20.2]', not 'Alkphos: (65.8..81.2]' => 'Gammagt: (-inf..23.6]'
c1 rule: 'Mcv: (-inf..83.0]', 'Sgpt: (-inf..20.2]', not 'Drinks: (-inf..2.0]' => 'Gammagt: (-inf..23.6]'
c1 rule: 'Mcv: (83.0..88.0]', 'Alkphos: (65.8..81.2]', 'Sgpt: (20.2..33.4]' => 'Gammagt: (-inf..23.6]'
c1 rule: 'Mcv: (93.0..98.0]', 'Sgot: (-inf..18.2]', not 'Alkphos: (50.4..65.8]' => 'Gammagt: (-inf..23.6]'
c1 rule: 'Alkphos: (96.6..+inf)', 'Sgpt: (20.2..33.4]', not 'Sgot: (18.2..27.4]' => 'Gammagt: (-inf..23.6]'
c1 rule: 'Alkphos: (96.6..+inf)', 'Sgpt: (-inf..20.2]', 'Drinks: (2.0..5.0]' => 'Gammagt: (-inf..23.6]'
c1 rule: 'Mcv: (83.0..88.0]', 'Sgpt: (47.6..67.8]', 'Drinks: (-inf..2.0]', not 'Alkphos: (65.8..81.2]' => 'Gammagt: (-inf..23.6]'
c1 rule: 'Sgpt: (20.2..33.4]', 'Sgot: (27.4..36.6]', 'Drinks: (-inf..2.0]', not 'Mcv: (88.0..93.0]' => 'Gammagt: (-inf..23.6]'
c1 rule: 'Mcv: (83.0..88.0]', 'Sgpt: (-inf..20.2]', not 'Sgot: (27.4..36.6]', not 'Drinks: (5.0..8.0]' => 'Gammagt: (-inf..23.6]'
c1 rule: 'Alkphos: (50.4..65.8]', 'Sgpt: (20.2..33.4]', 'Drinks: (5.0..8.0]', not 'Mcv: (93.0..98.0]' => 'Gammagt: (-inf..23.6]'
c1 rule: 'Alkphos: (65.8..81.2]', 'Sgpt: (-inf..20.2]', 'Drinks: (5.0..8.0]', not 'Mcv: (93.0..98.0]' => 'Gammagt: (-inf..23.6]'
c1 rule: 'Mcv: (88.0..93.0]', 'Alkphos: (50.4..65.8]', 'Sgot: (-inf..18.2]', 'Drinks: (-inf..2.0]' => 'Gammagt: (-inf..23.6]'
c1 rule: 'Alkphos: (81.2..96.6]', 'Sgot: (27.4..36.6]', 'Drinks: (-inf..2.0]', not 'Mcv: (83.0..88.0]' => 'Gammagt: (-inf..23.6]'
c1 rule: 'Alkphos: (-inf..50.4]', 'Sgpt: (20.2..33.4]', not 'Sgot: (18.2..27.4]', not 'Drinks: (-inf..2.0]' => 'Gammagt: (-inf..23.6]'
c1 rule: 'Mcv: (88.0..93.0]', 'Alkphos: (65.8..81.2]', 'Sgpt: (-inf..20.2]', not 'Sgot: (-inf..18.2]', not 'Drinks: (2.0..5.0]' => 'Gammagt: (-inf..23.6]'
c1 rule: 'Mcv: (88.0..93.0]', 'Alkphos: (65.8..81.2]', 'Sgot: (18.2..27.4]', 'Drinks: (-inf..2.0]', not 'Sgpt: (33.4..47.6]' => 'Gammagt: (-inf..23.6]'
c1 rule: 'Mcv: (88.0..93.0]', 'Alkphos: (81.2..96.6]', 'Sgot: (18.2..27.4]', not 'Sgpt: (33.4..47.6]', not 'Drinks: (5.0..8.0]' => 'Gammagt: (-inf..23.6]'
c1 # of rules: 41
c1 rule time: 0.0495

c1 computing class: (105.2..+inf)
c1 discrimination constraints: 200h
c1 coverage constraints: 20v+521h
c1 formula: 80v, 811c (751h+60s)
c1 enumerating rules (maxsat-based)
c1 rule: 'Alkphos: (65.8..81.2]', 'Drinks: (12.0..+inf)' => 'Gammagt: (105.2..+inf)'
c1 rule: 'Sgpt: (33.4..47.6]', 'Sgot: (48.8..+inf)' => 'Gammagt: (105.2..+inf)'
c1 rule: 'Alkphos: (-inf..50.4]', 'Sgpt: (67.8..+inf)' => 'Gammagt: (105.2..+inf)'
c1 rule: 'Mcv: (98.0..+inf)', 'Sgot: (36.6..48.8]' => 'Gammagt: (105.2..+inf)'
c1 rule: 'Alkphos: (81.2..96.6]', 'Sgpt: (67.8..+inf)', not 'Drinks: (-inf..2.0]' => 'Gammagt: (105.2..+inf)'
c1 rule: 'Mcv: (93.0..98.0]', 'Sgpt: (67.8..+inf)', 'Drinks: (-inf..2.0]' => 'Gammagt: (105.2..+inf)'
c1 rule: 'Mcv: (93.0..98.0]', 'Sgot: (36.6..48.8]', 'Drinks: (8.0..12.0]' => 'Gammagt: (105.2..+inf)'
c1 rule: 'Alkphos: (65.8..81.2]', 'Sgot: (36.6..48.8]', not 'Mcv: (88.0..93.0]' => 'Gammagt: (105.2..+inf)'
c1 rule: 'Alkphos: (65.8..81.2]', 'Sgot: (36.6..48.8]', 'Drinks: (5.0..8.0]' => 'Gammagt: (105.2..+inf)'
c1 rule: 'Alkphos: (81.2..96.6]', 'Sgpt: (47.6..67.8]', not 'Mcv: (88.0..93.0]' => 'Gammagt: (105.2..+inf)'
c1 rule: 'Sgot: (48.8..+inf)', 'Drinks: (5.0..8.0]', not 'Mcv: (88.0..93.0]' => 'Gammagt: (105.2..+inf)'
c1 rule: 'Alkphos: (81.2..96.6]', 'Sgot: (27.4..36.6]', 'Drinks: (5.0..8.0]' => 'Gammagt: (105.2..+inf)'
c1 rule: 'Mcv: (88.0..93.0]', 'Sgpt: (20.2..33.4]', 'Drinks: (8.0..12.0]' => 'Gammagt: (105.2..+inf)'
c1 rule: 'Alkphos: (65.8..81.2]', 'Sgpt: (20.2..33.4]', 'Sgot: (27.4..36.6]' => 'Gammagt: (105.2..+inf)'
c1 rule: 'Mcv: (83.0..88.0]', 'Sgot: (27.4..36.6]', 'Drinks: (2.0..5.0]', not 'Alkphos: (-inf..50.4]' => 'Gammagt: (105.2..+inf)'
c1 rule: 'Alkphos: (81.2..96.6]', 'Sgpt: (33.4..47.6]', 'Drinks: (-inf..2.0]', not 'Mcv: (83.0..88.0]' => 'Gammagt: (105.2..+inf)'
c1 # of rules: 16
c1 rule time: 0.0131

c1 computing class: (23.6..42.2]
c1 discrimination constraints: 166h
c1 coverage constraints: 54v+1405h
c1 formula: 114v, 1661c (1601h+60s)
c1 enumerating rules (maxsat-based)
c1 rule: 'Mcv: (98.0..+inf)', 'Sgpt: (20.2..33.4]' => 'Gammagt: (23.6..42.2]'
c1 rule: 'Mcv: (98.0..+inf)', 'Sgpt: (33.4..47.6]' => 'Gammagt: (23.6..42.2]'
c1 rule: 'Alkphos: (-inf..50.4]', 'Drinks: (8.0..12.0]' => 'Gammagt: (23.6..42.2]'
c1 rule: 'Sgpt: (67.8..+inf)', 'Drinks: (8.0..12.0]' => 'Gammagt: (23.6..42.2]'
c1 rule: 'Sgpt: (67.8..+inf)', 'Sgot: (18.2..27.4]', not 'Mcv: (83.0..88.0]' => 'Gammagt: (23.6..42.2]'
c1 rule: 'Sgpt: (67.8..+inf)', 'Sgot: (27.4..36.6]', not 'Alkphos: (65.8..81.2]' => 'Gammagt: (23.6..42.2]'
c1 rule: 'Mcv: (83.0..88.0]', 'Alkphos: (96.6..+inf)', 'Sgpt: (33.4..47.6]' => 'Gammagt: (23.6..42.2]'
c1 rule: 'Mcv: (83.0..88.0]', 'Alkphos: (96.6..+inf)', not 'Sgpt: (20.2..33.4]' => 'Gammagt: (23.6..42.2]'
c1 rule: 'Mcv: (83.0..88.0]', 'Alkphos: (96.6..+inf)', not 'Drinks: (2.0..5.0]' => 'Gammagt: (23.6..42.2]'
c1 rule: 'Mcv: (83.0..88.0]', 'Sgot: (18.2..27.4]', 'Drinks: (5.0..8.0]' => 'Gammagt: (23.6..42.2]'
c1 rule: 'Sgpt: (47.6..67.8]', 'Drinks: (2.0..5.0]', not 'Mcv: (88.0..93.0]' => 'Gammagt: (23.6..42.2]'
c1 rule: 'Mcv: (93.0..98.0]', 'Alkphos: (96.6..+inf)', 'Sgpt: (20.2..33.4]' => 'Gammagt: (23.6..42.2]'
c1 rule: 'Sgpt: (20.2..33.4]', 'Sgot: (36.6..48.8]', not 'Alkphos: (50.4..65.8]' => 'Gammagt: (23.6..42.2]'
c1 rule: 'Mcv: (-inf..83.0]', 'Alkphos: (65.8..81.2]', 'Sgot: (-inf..18.2]' => 'Gammagt: (23.6..42.2]'
c1 rule: 'Alkphos: (-inf..50.4]', 'Sgot: (27.4..36.6]', not 'Drinks: (2.0..5.0]' => 'Gammagt: (23.6..42.2]'
c1 rule: 'Sgpt: (33.4..47.6]', 'Sgot: (27.4..36.6]', 'Drinks: (8.0..12.0]' => 'Gammagt: (23.6..42.2]'
c1 rule: 'Mcv: (83.0..88.0]', 'Alkphos: (-inf..50.4]', 'Sgpt: (33.4..47.6]' => 'Gammagt: (23.6..42.2]'
c1 rule: 'Alkphos: (-inf..50.4]', 'Sgpt: (20.2..33.4]', 'Drinks: (5.0..8.0]' => 'Gammagt: (23.6..42.2]'
c1 rule: 'Mcv: (-inf..83.0]', 'Alkphos: (-inf..50.4]', 'Sgpt: (20.2..33.4]' => 'Gammagt: (23.6..42.2]'
c1 rule: 'Mcv: (83.0..88.0]', 'Alkphos: (81.2..96.6]', 'Sgot: (18.2..27.4]', 'Drinks: (-inf..2.0]' => 'Gammagt: (23.6..42.2]'
c1 rule: 'Mcv: (88.0..93.0]', 'Alkphos: (65.8..81.2]', 'Sgpt: (33.4..47.6]', 'Sgot: (27.4..36.6]' => 'Gammagt: (23.6..42.2]'
c1 rule: 'Mcv: (88.0..93.0]', 'Alkphos: (65.8..81.2]', 'Sgpt: (33.4..47.6]', 'Drinks: (2.0..5.0]' => 'Gammagt: (23.6..42.2]'
c1 rule: 'Alkphos: (96.6..+inf)', 'Sgpt: (20.2..33.4]', 'Sgot: (18.2..27.4]', not 'Mcv: (83.0..88.0]' => 'Gammagt: (23.6..42.2]'
c1 rule: 'Alkphos: (50.4..65.8]', 'Sgpt: (20.2..33.4]', 'Drinks: (5.0..8.0]', not 'Mcv: (88.0..93.0]' => 'Gammagt: (23.6..42.2]'
c1 rule: 'Alkphos: (50.4..65.8]', 'Sgpt: (33.4..47.6]', 'Drinks: (5.0..8.0]', not 'Mcv: (83.0..88.0]' => 'Gammagt: (23.6..42.2]'
c1 rule: 'Mcv: (88.0..93.0]', 'Alkphos: (81.2..96.6]', 'Sgpt: (20.2..33.4]', 'Drinks: (5.0..8.0]' => 'Gammagt: (23.6..42.2]'
c1 rule: 'Alkphos: (50.4..65.8]', 'Sgpt: (20.2..33.4]', 'Sgot: (18.2..27.4]', 'Drinks: (2.0..5.0]', not 'Mcv: (88.0..93.0]' => 'Gammagt: (23.6..42.2]'
c1 rule: 'Mcv: (88.0..93.0]', 'Alkphos: (50.4..65.8]', 'Sgot: (27.4..36.6]', not 'Sgpt: (47.6..67.8]', not 'Drinks: (2.0..5.0]' => 'Gammagt: (23.6..42.2]'
c1 rule: 'Mcv: (88.0..93.0]', 'Alkphos: (81.2..96.6]', 'Sgot: (-inf..18.2]', not 'Sgpt: (-inf..20.2]', not 'Drinks: (2.0..5.0]' => 'Gammagt: (23.6..42.2]'
c1 # of rules: 29
c1 rule time: 0.0346

c1 computing class: (42.2..64.8]
c1 discrimination constraints: 187h
c1 coverage constraints: 33v+859h
c1 formula: 93v, 1136c (1076h+60s)
c1 enumerating rules (maxsat-based)
c1 rule: 'Mcv: (-inf..83.0]', 'Sgot: (27.4..36.6]' => 'Gammagt: (42.2..64.8]'
c1 rule: 'Alkphos: (96.6..+inf)', 'Sgot: (48.8..+inf)' => 'Gammagt: (42.2..64.8]'
c1 rule: 'Mcv: (83.0..88.0]', 'Sgpt: (67.8..+inf)' => 'Gammagt: (42.2..64.8]'
c1 rule: 'Sgpt: (47.6..67.8]', 'Sgot: (18.2..27.4]' => 'Gammagt: (42.2..64.8]'
c1 rule: 'Alkphos: (50.4..65.8]', 'Drinks: (8.0..12.0]' => 'Gammagt: (42.2..64.8]'
c1 rule: 'Sgot: (48.8..+inf)', 'Drinks: (8.0..12.0]' => 'Gammagt: (42.2..64.8]'
c1 rule: 'Alkphos: (-inf..50.4]', 'Sgot: (27.4..36.6]', not 'Sgpt: (20.2..33.4]' => 'Gammagt: (42.2..64.8]'
c1 rule: 'Mcv: (93.0..98.0]', 'Sgot: (27.4..36.6]', not 'Drinks: (-inf..2.0]' => 'Gammagt: (42.2..64.8]'
c1 rule: 'Alkphos: (65.8..81.2]', 'Sgpt: (47.6..67.8]', 'Sgot: (27.4..36.6]' => 'Gammagt: (42.2..64.8]'
c1 rule: 'Mcv: (93.0..98.0]', 'Alkphos: (-inf..50.4]', 'Sgpt: (20.2..33.4]' => 'Gammagt: (42.2..64.8]'
c1 rule: 'Mcv: (93.0..98.0]', 'Alkphos: (-inf..50.4]', 'Drinks: (-inf..2.0]' => 'Gammagt: (42.2..64.8]'
c1 rule: 'Alkphos: (81.2..96.6]', 'Sgot: (36.6..48.8]', 'Drinks: (2.0..5.0]' => 'Gammagt: (42.2..64.8]'
c1 rule: 'Mcv: (88.0..93.0]', 'Sgpt: (47.6..67.8]', 'Sgot: (36.6..48.8]' => 'Gammagt: (42.2..64.8]'
c1 rule: 'Alkphos: (50.4..65.8]', 'Sgot: (36.6..48.8]', not 'Sgpt: (47.6..67.8]' => 'Gammagt: (42.2..64.8]'
c1 rule: 'Mcv: (93.0..98.0]', 'Sgpt: (33.4..47.6]', 'Drinks: (-inf..2.0]' => 'Gammagt: (42.2..64.8]'
c1 rule: 'Alkphos: (96.6..+inf)', 'Sgot: (27.4..36.6]', 'Drinks: (5.0..8.0]' => 'Gammagt: (42.2..64.8]'
c1 rule: 'Alkphos: (96.6..+inf)', 'Sgpt: (33.4..47.6]', not 'Drinks: (-inf..2.0]' => 'Gammagt: (42.2..64.8]'
c1 rule: 'Mcv: (83.0..88.0]', 'Alkphos: (96.6..+inf)', 'Drinks: (2.0..5.0]' => 'Gammagt: (42.2..64.8]'
c1 rule: 'Mcv: (88.0..93.0]', 'Alkphos: (96.6..+inf)', 'Sgpt: (33.4..47.6]', not 'Sgot: (27.4..36.6]' => 'Gammagt: (42.2..64.8]'
c1 rule: 'Alkphos: (65.8..81.2]', 'Sgpt: (-inf..20.2]', 'Drinks: (5.0..8.0]', not 'Mcv: (88.0..93.0]' => 'Gammagt: (42.2..64.8]'
c1 rule: 'Alkphos: (65.8..81.2]', 'Drinks: (5.0..8.0]', not 'Mcv: (88.0..93.0]', not 'Sgpt: (67.8..+inf)' => 'Gammagt: (42.2..64.8]'
c1 rule: 'Mcv: (88.0..93.0]', 'Alkphos: (-inf..50.4]', 'Drinks: (5.0..8.0]', not 'Sgpt: (20.2..33.4]' => 'Gammagt: (42.2..64.8]'
c1 rule: 'Alkphos: (65.8..81.2]', 'Sgpt: (33.4..47.6]', 'Sgot: (18.2..27.4]', 'Drinks: (5.0..8.0]' => 'Gammagt: (42.2..64.8]'
c1 # of rules: 23
c1 rule time: 0.0188

c1 computing class: (64.8..105.2]
c1 discrimination constraints: 199h
c1 coverage constraints: 21v+547h
c1 formula: 81v, 836c (776h+60s)
c1 enumerating rules (maxsat-based)
c1 rule: 'Alkphos: (96.6..+inf)', 'Sgot: (36.6..48.8]' => 'Gammagt: (64.8..105.2]'
c1 rule: 'Mcv: (-inf..83.0]', 'Drinks: (5.0..8.0]' => 'Gammagt: (64.8..105.2]'
c1 rule: 'Alkphos: (96.6..+inf)', 'Sgpt: (47.6..67.8]' => 'Gammagt: (64.8..105.2]'
c1 rule: 'Alkphos: (81.2..96.6]', 'Sgot: (-inf..18.2]', 'Drinks: (2.0..5.0]' => 'Gammagt: (64.8..105.2]'
c1 rule: 'Mcv: (93.0..98.0]', 'Sgpt: (33.4..47.6]', 'Sgot: (36.6..48.8]' => 'Gammagt: (64.8..105.2]'
c1 rule: 'Mcv: (93.0..98.0]', 'Sgot: (36.6..48.8]', 'Drinks: (5.0..8.0]' => 'Gammagt: (64.8..105.2]'
c1 rule: 'Sgpt: (67.8..+inf)', 'Sgot: (27.4..36.6]', not 'Alkphos: (50.4..65.8]' => 'Gammagt: (64.8..105.2]'
c1 rule: 'Sgot: (48.8..+inf)', 'Drinks: (5.0..8.0]', not 'Mcv: (93.0..98.0]' => 'Gammagt: (64.8..105.2]'
c1 rule: 'Mcv: (88.0..93.0]', 'Sgot: (48.8..+inf)', not 'Alkphos: (81.2..96.6]' => 'Gammagt: (64.8..105.2]'
c1 rule: 'Alkphos: (50.4..65.8]', 'Sgpt: (47.6..67.8]', 'Sgot: (27.4..36.6]', not 'Drinks: (-inf..2.0]' => 'Gammagt: (64.8..105.2]'
c1 rule: 'Alkphos: (65.8..81.2]', 'Sgpt: (20.2..33.4]', 'Drinks: (5.0..8.0]', not 'Mcv: (93.0..98.0]' => 'Gammagt: (64.8..105.2]'
c1 rule: 'Mcv: (-inf..83.0]', 'Alkphos: (65.8..81.2]', 'Sgot: (18.2..27.4]', not 'Drinks: (2.0..5.0]' => 'Gammagt: (64.8..105.2]'
c1 rule: 'Mcv: (-inf..83.0]', 'Alkphos: (65.8..81.2]', 'Sgot: (18.2..27.4]', not 'Sgpt: (-inf..20.2]' => 'Gammagt: (64.8..105.2]'
c1 rule: 'Mcv: (88.0..93.0]', 'Alkphos: (50.4..65.8]', 'Sgpt: (20.2..33.4]', 'Sgot: (27.4..36.6]', not 'Drinks: (-inf..2.0]' => 'Gammagt: (64.8..105.2]'
c1 # of rules: 14
c1 rule time: 0.0144

c2 total rules: 123

c0 computing feature 6
c1 computing class: (-inf..2.0]
c1 discrimination constraints: 120h
c1 coverage constraints: 100v+2601h
c1 formula: 160v, 2811c (2751h+60s)
c1 enumerating rules (maxsat-based)
c1 rule: 'Mcv: (83.0..88.0]', 'Gammagt: (64.8..105.2]' => 'Drinks: (-inf..2.0]'
c1 rule: 'Mcv: (-inf..83.0]', 'Sgot: (27.4..36.6]' => 'Drinks: (-inf..2.0]'
c1 rule: 'Mcv: (-inf..83.0]', 'Gammagt: (23.6..42.2]' => 'Drinks: (-inf..2.0]'
c1 rule: 'Sgpt: (47.6..67.8]', 'Gammagt: (-inf..23.6]' => 'Drinks: (-inf..2.0]'
c1 rule: 'Mcv: (-inf..83.0]', 'Sgot: (-inf..18.2]' => 'Drinks: (-inf..2.0]'
c1 rule: 'Sgpt: (33.4..47.6]', 'Sgot: (-inf..18.2]' => 'Drinks: (-inf..2.0]'
c1 rule: 'Alkphos: (-inf..50.4]', 'Gammagt: (23.6..42.2]', not 'Sgot: (18.2..27.4]' => 'Drinks: (-inf..2.0]'
c1 rule: 'Mcv: (83.0..88.0]', 'Gammagt: (23.6..42.2]', not 'Sgot: (18.2..27.4]' => 'Drinks: (-inf..2.0]'
c1 rule: 'Mcv: (83.0..88.0]', 'Alkphos: (65.8..81.2]', 'Gammagt: (23.6..42.2]' => 'Drinks: (-inf..2.0]'
c1 rule: 'Alkphos: (65.8..81.2]', 'Sgpt: (33.4..47.6]', 'Gammagt: (-inf..23.6]' => 'Drinks: (-inf..2.0]'
c1 rule: 'Alkphos: (65.8..81.2]', 'Sgot: (27.4..36.6]', 'Gammagt: (-inf..23.6]' => 'Drinks: (-inf..2.0]'
c1 rule: 'Sgpt: (20.2..33.4]', 'Sgot: (27.4..36.6]', 'Gammagt: (23.6..42.2]' => 'Drinks: (-inf..2.0]'
c1 rule: 'Sgpt: (-inf..20.2]', 'Gammagt: (23.6..42.2]', not 'Sgot: (18.2..27.4]' => 'Drinks: (-inf..2.0]'
c1 rule: 'Sgpt: (-inf..20.2]', 'Sgot: (27.4..36.6]', 'Gammagt: (-inf..23.6]' => 'Drinks: (-inf..2.0]'
c1 rule: 'Mcv: (83.0..88.0]', 'Alkphos: (50.4..65.8]', 'Sgot: (-inf..18.2]' => 'Drinks: (-inf..2.0]'
c1 rule: 'Sgot: (-inf..18.2]', not 'Mcv: (88.0..93.0]', not 'Gammagt: (-inf..23.6]' => 'Drinks: (-inf..2.0]'
c1 rule: 'Sgot: (-inf..18.2]', 'Gammagt: (23.6..42.2]', not 'Alkphos: (50.4..65.8]' => 'Drinks: (-inf..2.0]'
c1 rule: 'Sgpt: (33.4..47.6]', 'Sgot: (18.2..27.4]', 'Gammagt: (105.2..+inf)' => 'Drinks: (-inf..2.0]'
c1 rule: 'Alkphos: (81.2..96.6]', 'Sgpt: (33.4..47.6]', 'Sgot: (18.2..27.4]' => 'Drinks: (-inf..2.0]'
c1 rule: 'Mcv: (83.0..88.0]', 'Alkphos: (81.2..96.6]', 'Sgpt: (33.4..47.6]' => 'Drinks: (-inf..2.0]'
c1 rule: 'Alkphos: (81.2..96.6]', 'Sgot: (27.4..36.6]', 'Gammagt: (-inf..23.6]' => 'Drinks: (-inf..2.0]'
c1 rule: 'Mcv: (93.0..98.0]', 'Alkphos: (81.2..96.6]', 'Gammagt: (-inf..23.6]' => 'Drinks: (-inf..2.0]'
c1 rule: 'Mcv: (83.0..88.0]', 'Sgpt: (33.4..47.6]', 'Gammagt: (42.2..64.8]' => 'Drinks: (-inf..2.0]'
c1 rule: 'Mcv: (83.0..88.0]', 'Alkphos: (96.6..+inf)', 'Sgpt: (33.4..47.6]' => 'Drinks: (-inf..2.0]'
c1 rule: 'Mcv: (83.0..88.0]', 'Alkphos: (65.8..81.2]', 'Sgot: (27.4..36.6]' => 'Drinks: (-inf..2.0]'
c1 rule: 'Alkphos: (50.4..65.8]', 'Sgpt: (33.4..47.6]', 'Gammagt: (42.2..64.8]' => 'Drinks: (-inf..2.0]'
c1 rule: 'Alkphos: (50.4..65.8]', 'Sgot: (18.2..27.4]', 'Gammagt: (42.2..64.8]' => 'Drinks: (-inf..2.0]'
c1 rule: 'Sgpt: (33.4..47.6]', 'Gammagt: (42.2..64.8]', not 'Mcv: (88.0..93.0]' => 'Drinks: (-inf..2.0]'
c1 rule: 'Sgpt: (67.8..+inf)', 'Sgot: (18.2..27.4]', 'Gammagt: (42.2..64.8]' => 'Drinks: (-inf..2.0]'
c1 rule: 'Sgpt: (67.8..+inf)', 'Gammagt: (42.2..64.8]', not 'Sgot: (48.8..+inf)' => 'Drinks: (-inf..2.0]'
c1 rule: 'Mcv: (93.0..98.0]', 'Sgpt: (-inf..20.2]', 'Gammagt: (23.6..42.2]' => 'Drinks: (-inf..2.0]'
c1 rule: 'Sgpt: (20.2..33.4]', 'Sgot: (36.6..48.8]', 'Gammagt: (23.6..42.2]' => 'Drinks: (-inf..2.0]'
c1 rule: 'Mcv: (-inf..83.0]', 'Alkphos: (50.4..65.8]', not 'Sgot: (36.6..48.8]' => 'Drinks: (-inf..2.0]'
c1 rule: 'Alkphos: (96.6..+inf)', 'Sgpt: (33.4..47.6]', not 'Gammagt: (42.2..64.8]' => 'Drinks: (-inf..2.0]'
c1 rule: 'Alkphos: (96.6..+inf)', 'Sgpt: (-inf..20.2]', not 'Sgot: (18.2..27.4]' => 'Drinks: (-inf..2.0]'
c1 rule: 'Alkphos: (96.6..+inf)', 'Sgpt: (20.2..33.4]', 'Sgot: (27.4..36.6]' => 'Drinks: (-inf..2.0]'
c1 rule: 'Alkphos: (50.4..65.8]', 'Sgot: (18.2..27.4]', 'Gammagt: (64.8..105.2]' => 'Drinks: (-inf..2.0]'
c1 rule: 'Sgpt: (-inf..20.2]', 'Gammagt: (64.8..105.2]', not 'Alkphos: (50.4..65.8]' => 'Drinks: (-inf..2.0]'
c1 rule: 'Alkphos: (96.6..+inf)', 'Sgpt: (-inf..20.2]', 'Gammagt: (42.2..64.8]' => 'Drinks: (-inf..2.0]'
c1 rule: 'Mcv: (93.0..98.0]', 'Alkphos: (81.2..96.6]', 'Gammagt: (23.6..42.2]' => 'Drinks: (-inf..2.0]'
c1 rule: 'Mcv: (88.0..93.0]', 'Alkphos: (96.6..+inf)', 'Gammagt: (23.6..42.2]' => 'Drinks: (-inf..2.0]'
c1 rule: 'Mcv: (93.0..98.0]', 'Alkphos: (65.8..81.2]', 'Sgot: (-inf..18.2]' => 'Drinks: (-inf..2.0]'
c1 rule: 'Alkphos: (81.2..96.6]', 'Sgot: (-inf..18.2]', not 'Mcv: (88.0..93.0]' => 'Drinks: (-inf..2.0]'
c1 rule: 'Sgot: (18.2..27.4]', 'Gammagt: (105.2..+inf)', not 'Alkphos: (65.8..81.2]' => 'Drinks: (-inf..2.0]'
c1 rule: 'Mcv: (93.0..98.0]', 'Alkphos: (65.8..81.2]', 'Gammagt: (-inf..23.6]', not 'Sgpt: (20.2..33.4]' => 'Drinks: (-inf..2.0]'
c1 rule: 'Mcv: (93.0..98.0]', 'Sgpt: (-inf..20.2]', 'Sgot: (18.2..27.4]', not 'Alkphos: (65.8..81.2]' => 'Drinks: (-inf..2.0]'
c1 rule: 'Alkphos: (-inf..50.4]', 'Sgot: (-inf..18.2]', not 'Mcv: (83.0..88.0]', not 'Sgpt: (-inf..20.2]' => 'Drinks: (-inf..2.0]'
c1 rule: 'Mcv: (83.0..88.0]', 'Alkphos: (50.4..65.8]', 'Sgpt: (20.2..33.4]', 'Gammagt: (-inf..23.6]' => 'Drinks: (-inf..2.0]'
c1 rule: 'Mcv: (83.0..88.0]', 'Alkphos: (65.8..81.2]', 'Sgpt: (-inf..20.2]', 'Sgot: (18.2..27.4]' => 'Drinks: (-inf..2.0]'
c1 rule: 'Mcv: (88.0..93.0]', 'Alkphos: (65.8..81.2]', 'Sgpt: (20.2..33.4]', 'Sgot: (-inf..18.2]' => 'Drinks: (-inf..2.0]'
c1 rule: 'Mcv: (88.0..93.0]', 'Alkphos: (81.2..96.6]', 'Gammagt: (-inf..23.6]', not 'Sgpt: (-inf..20.2]' => 'Drinks: (-inf..2.0]'
c1 rule: 'Mcv: (83.0..88.0]', 'Alkphos: (-inf..50.4]', 'Sgpt: (20.2..33.4]', 'Sgot: (18.2..27.4]' => 'Drinks: (-inf..2.0]'
c1 rule: 'Alkphos: (50.4..65.8]', 'Sgpt: (20.2..33.4]', 'Sgot: (18.2..27.4]', not 'Mcv: (88.0..93.0]', not 'Gammagt: (23.6..42.2]' => 'Drinks: (-inf..2.0]'
c1 # of rules: 53
c1 rule time: 0.0672

c1 computing class: (12.0..+inf)
c1 discrimination constraints: 218h
c1 coverage constraints: 2v+53h
c1 formula: 62v, 361c (301h+60s)
c1 enumerating rules (maxsat-based)
c1 rule: 'Alkphos: (96.6..+inf)', 'Sgot: (36.6..48.8]' => 'Drinks: (12.0..+inf)'
c1 rule: 'Mcv: (88.0..93.0]', 'Sgpt: (33.4..47.6]', 'Sgot: (36.6..48.8]' => 'Drinks: (12.0..+inf)'
c1 # of rules: 2
c1 rule time: 0.0032

c1 computing class: (2.0..5.0]
c1 discrimination constraints: 160h
c1 coverage constraints: 60v+1561h
c1 formula: 120v, 1811c (1751h+60s)
c1 enumerating rules (maxsat-based)
c1 rule: 'Alkphos: (-inf..50.4]', 'Sgot: (36.6..48.8]' => 'Drinks: (2.0..5.0]'
c1 rule: 'Sgpt: (47.6..67.8]', 'Gammagt: (23.6..42.2]' => 'Drinks: (2.0..5.0]'
c1 rule: 'Alkphos: (96.6..+inf)', 'Sgpt: (67.8..+inf)' => 'Drinks: (2.0..5.0]'
c1 rule: 'Mcv: (98.0..+inf)', 'Sgpt: (33.4..47.6]' => 'Drinks: (2.0..5.0]'
c1 rule: 'Mcv: (-inf..83.0]', 'Alkphos: (96.6..+inf)' => 'Drinks: (2.0..5.0]'
c1 rule: 'Alkphos: (50.4..65.8]', 'Sgot: (48.8..+inf)' => 'Drinks: (2.0..5.0]'
c1 rule: 'Sgot: (-inf..18.2]', 'Gammagt: (64.8..105.2]' => 'Drinks: (2.0..5.0]'
c1 rule: 'Alkphos: (-inf..50.4]', 'Sgpt: (67.8..+inf)' => 'Drinks: (2.0..5.0]'
c1 rule: 'Sgpt: (33.4..47.6]', 'Sgot: (48.8..+inf)' => 'Drinks: (2.0..5.0]'
c1 rule: 'Mcv: (93.0..98.0]', 'Alkphos: (50.4..65.8]', 'Sgpt: (33.4..47.6]' => 'Drinks: (2.0..5.0]'
c1 rule: 'Mcv: (83.0..88.0]', 'Alkphos: (-inf..50.4]', 'Sgpt: (33.4..47.6]' => 'Drinks: (2.0..5.0]'
c1 rule: 'Sgpt: (20.2..33.4]', 'Gammagt: (64.8..105.2]', not 'Sgot: (18.2..27.4]' => 'Drinks: (2.0..5.0]'
c1 rule: 'Alkphos: (50.4..65.8]', 'Gammagt: (105.2..+inf)', not 'Sgot: (18.2..27.4]' => 'Drinks: (2.0..5.0]'
c1 rule: 'Alkphos: (50.4..65.8]', 'Sgot: (36.6..48.8]', not 'Sgpt: (47.6..67.8]' => 'Drinks: (2.0..5.0]'
c1 rule: 'Mcv: (83.0..88.0]', 'Sgot: (36.6..48.8]', not 'Gammagt: (42.2..64.8]' => 'Drinks: (2.0..5.0]'
c1 rule: 'Sgpt: (-inf..20.2]', 'Sgot: (27.4..36.6]', not 'Gammagt: (-inf..23.6]' => 'Drinks: (2.0..5.0]'
c1 rule: 'Mcv: (83.0..88.0]', 'Alkphos: (96.6..+inf)', 'Gammagt: (42.2..64.8]' => 'Drinks: (2.0..5.0]'
c1 rule: 'Alkphos: (96.6..+inf)', 'Sgot: (-inf..18.2]', not 'Sgpt: (-inf..20.2]' => 'Drinks: (2.0..5.0]'
c1 rule: 'Mcv: (93.0..98.0]', 'Alkphos: (-inf..50.4]', 'Sgpt: (20.2..33.4]' => 'Drinks: (2.0..5.0]'
c1 rule: 'Mcv: (-inf..83.0]', 'Sgpt: (20.2..33.4]', 'Gammagt: (64.8..105.2]' => 'Drinks: (2.0..5.0]'
c1 rule: 'Alkphos: (65.8..81.2]', 'Sgpt: (20.2..33.4]', 'Gammagt: (105.2..+inf)' => 'Drinks: (2.0..5.0]'
c1 rule: 'Alkphos: (-inf..50.4]', 'Sgot: (27.4..36.6]', 'Gammagt: (-inf..23.6]' => 'Drinks: (2.0..5.0]'
c1 rule: 'Mcv: (-inf..83.0]', 'Alkphos: (65.8..81.2]', 'Gammagt: (-inf..23.6]' => 'Drinks: (2.0..5.0]'
c1 rule: 'Mcv: (-inf..83.0]', 'Gammagt: (-inf..23.6]', not 'Alkphos: (50.4..65.8]' => 'Drinks: (2.0..5.0]'
c1 rule: 'Mcv: (88.0..93.0]', 'Alkphos: (50.4..65.8]', 'Sgot: (-inf..18.2]', not 'Gammagt: (-inf..23.6]' => 'Drinks: (2.0..5.0]'
c1 rule: 'Mcv: (88.0..93.0]', 'Alkphos: (-inf..50.4]', 'Sgot: (18.2..27.4]', not 'Gammagt: (23.6..42.2]' => 'Drinks: (2.0..5.0]'
c1 rule: 'Mcv: (88.0..93.0]', 'Sgpt: (20.2..33.4]', 'Gammagt: (42.2..64.8]', not 'Alkphos: (50.4..65.8]' => 'Drinks: (2.0..5.0]'
c1 rule: 'Alkphos: (50.4..65.8]', 'Sgpt: (33.4..47.6]', 'Sgot: (27.4..36.6]', not 'Mcv: (83.0..88.0]' => 'Drinks: (2.0..5.0]'
c1 rule: 'Mcv: (83.0..88.0]', 'Alkphos: (81.2..96.6]', 'Sgot: (18.2..27.4]', not 'Sgpt: (-inf..20.2]', not 'Gammagt: (23.6..42.2]' => 'Drinks: (2.0..5.0]'
c1 rule: 'Mcv: (88.0..93.0]', 'Alkphos: (65.8..81.2]', 'Sgot: (18.2..27.4]', 'Gammagt: (23.6..42.2]', not 'Sgpt: (33.4..47.6]' => 'Drinks: (2.0..5.0]'
c1 # of rules: 30
c1 rule time: 0.0350

c1 computing class: (5.0..8.0]
c1 discrimination constraints: 175h
c1 coverage constraints: 45v+1171h
c1 formula: 105v, 1436c (1376h+60s)
c1 enumerating rules (maxsat-based)
c1 rule: 'Alkphos: (-inf..50.4]', 'Gammagt: (64.8..105.2]' => 'Drinks: (5.0..8.0]'
c1 rule: 'Mcv: (98.0..+inf)', 'Gammagt: (105.2..+inf)' => 'Drinks: (5.0..8.0]'
c1 rule: 'Sgpt: (47.6..67.8]', 'Sgot: (18.2..27.4]' => 'Drinks: (5.0..8.0]'
c1 rule: 'Mcv: (-inf..83.0]', 'Sgpt: (47.6..67.8]' => 'Drinks: (5.0..8.0]'
c1 rule: 'Sgot: (-inf..18.2]', 'Gammagt: (42.2..64.8]' => 'Drinks: (5.0..8.0]'
c1 rule: 'Mcv: (98.0..+inf)', 'Alkphos: (81.2..96.6]' => 'Drinks: (5.0..8.0]'
c1 rule: 'Sgpt: (67.8..+inf)', 'Sgot: (27.4..36.6]' => 'Drinks: (5.0..8.0]'
c1 rule: 'Mcv: (93.0..98.0]', 'Alkphos: (81.2..96.6]', not 'Sgpt: (20.2..33.4]' => 'Drinks: (5.0..8.0]'
c1 rule: 'Alkphos: (-inf..50.4]', 'Sgpt: (33.4..47.6]', not 'Gammagt: (23.6..42.2]' => 'Drinks: (5.0..8.0]'
c1 rule: 'Mcv: (83.0..88.0]', 'Sgpt: (-inf..20.2]', 'Gammagt: (23.6..42.2]' => 'Drinks: (5.0..8.0]'
c1 rule: 'Alkphos: (50.4..65.8]', 'Sgpt: (-inf..20.2]', 'Gammagt: (23.6..42.2]' => 'Drinks: (5.0..8.0]'
c1 rule: 'Alkphos: (81.2..96.6]', 'Sgot: (18.2..27.4]', 'Gammagt: (42.2..64.8]' => 'Drinks: (5.0..8.0]'
c1 rule: 'Alkphos: (81.2..96.6]', 'Sgpt: (67.8..+inf)', not 'Gammagt: (42.2..64.8]' => 'Drinks: (5.0..8.0]'
c1 rule: 'Sgpt: (67.8..+inf)', 'Sgot: (18.2..27.4]', not 'Gammagt: (42.2..64.8]' => 'Drinks: (5.0..8.0]'
c1 rule: 'Mcv: (88.0..93.0]', 'Alkphos: (50.4..65.8]', 'Sgot: (36.6..48.8]' => 'Drinks: (5.0..8.0]'
c1 rule: 'Sgpt: (67.8..+inf)', 'Gammagt: (105.2..+inf)', not 'Mcv: (93.0..98.0]' => 'Drinks: (5.0..8.0]'
c1 rule: 'Mcv: (93.0..98.0]', 'Gammagt: (64.8..105.2]', not 'Sgpt: (47.6..67.8]' => 'Drinks: (5.0..8.0]'
c1 rule: 'Mcv: (93.0..98.0]', 'Gammagt: (64.8..105.2]', not 'Alkphos: (96.6..+inf)' => 'Drinks: (5.0..8.0]'
c1 rule: 'Mcv: (93.0..98.0]', 'Alkphos: (96.6..+inf)', 'Gammagt: (23.6..42.2]' => 'Drinks: (5.0..8.0]'
c1 rule: 'Mcv: (88.0..93.0]', 'Sgpt: (47.6..67.8]', 'Gammagt: (105.2..+inf)' => 'Drinks: (5.0..8.0]'
c1 rule: 'Alkphos: (65.8..81.2]', 'Sgpt: (-inf..20.2]', 'Gammagt: (42.2..64.8]' => 'Drinks: (5.0..8.0]'
c1 rule: 'Alkphos: (96.6..+inf)', 'Gammagt: (23.6..42.2]', not 'Mcv: (88.0..93.0]', not 'Sgpt: (33.4..47.6]' => 'Drinks: (5.0..8.0]'
c1 rule: 'Mcv: (88.0..93.0]', 'Alkphos: (65.8..81.2]', 'Sgpt: (33.4..47.6]', 'Sgot: (27.4..36.6]' => 'Drinks: (5.0..8.0]'
c1 rule: 'Alkphos: (50.4..65.8]', 'Sgpt: (33.4..47.6]', 'Gammagt: (23.6..42.2]', not 'Mcv: (83.0..88.0]' => 'Drinks: (5.0..8.0]'
c1 rule: 'Mcv: (88.0..93.0]', 'Alkphos: (81.2..96.6]', 'Sgot: (18.2..27.4]', 'Gammagt: (23.6..42.2]' => 'Drinks: (5.0..8.0]'
c1 rule: 'Sgpt: (20.2..33.4]', 'Sgot: (18.2..27.4]', 'Gammagt: (64.8..105.2]', not 'Mcv: (-inf..83.0]' => 'Drinks: (5.0..8.0]'
c1 rule: 'Mcv: (88.0..93.0]', 'Alkphos: (65.8..81.2]', 'Gammagt: (42.2..64.8]', not 'Sgpt: (20.2..33.4]' => 'Drinks: (5.0..8.0]'
c1 rule: 'Alkphos: (65.8..81.2]', 'Sgpt: (20.2..33.4]', 'Gammagt: (42.2..64.8]', not 'Mcv: (88.0..93.0]' => 'Drinks: (5.0..8.0]'
c1 # of rules: 28
c1 rule time: 0.0263

c1 computing class: (8.0..12.0]
c1 discrimination constraints: 207h
c1 coverage constraints: 13v+339h
c1 formula: 73v, 636c (576h+60s)
c1 enumerating rules (maxsat-based)
c1 rule: 'Sgpt: (47.6..67.8]', 'Sgot: (48.8..+inf)' => 'Drinks: (8.0..12.0]'
c1 rule: 'Sgpt: (20.2..33.4]', 'Sgot: (27.4..36.6]', 'Gammagt: (42.2..64.8]' => 'Drinks: (8.0..12.0]'
c1 rule: 'Mcv: (93.0..98.0]', 'Gammagt: (105.2..+inf)', not 'Sgpt: (67.8..+inf)' => 'Drinks: (8.0..12.0]'
c1 rule: 'Mcv: (98.0..+inf)', 'Sgpt: (20.2..33.4]', not 'Alkphos: (81.2..96.6]' => 'Drinks: (8.0..12.0]'
c1 rule: 'Alkphos: (81.2..96.6]', 'Sgpt: (20.2..33.4]', 'Gammagt: (105.2..+inf)' => 'Drinks: (8.0..12.0]'
c1 rule: 'Mcv: (88.0..93.0]', 'Alkphos: (-inf..50.4]', 'Sgpt: (33.4..47.6]' => 'Drinks: (8.0..12.0]'
c1 rule: 'Alkphos: (96.6..+inf)', 'Sgpt: (47.6..67.8]', 'Sgot: (27.4..36.6]' => 'Drinks: (8.0..12.0]'
c1 rule: 'Mcv: (83.0..88.0]', 'Sgpt: (47.6..67.8]', not 'Sgot: (27.4..36.6]' => 'Drinks: (8.0..12.0]'
c1 rule: 'Mcv: (83.0..88.0]', 'Sgpt: (47.6..67.8]', 'Gammagt: (105.2..+inf)' => 'Drinks: (8.0..12.0]'
c1 rule: 'Sgpt: (67.8..+inf)', 'Sgot: (36.6..48.8]', 'Gammagt: (23.6..42.2]' => 'Drinks: (8.0..12.0]'
c1 rule: 'Mcv: (88.0..93.0]', 'Alkphos: (81.2..96.6]', 'Sgot: (27.4..36.6]', 'Gammagt: (23.6..42.2]' => 'Drinks: (8.0..12.0]'
c1 # of rules: 11
c1 rule time: 0.0103

c2 total rules: 124
c3 total time: 1.1230

Rules are saved to ../rules/all/q5_bupa_train2.csv.json