c0 # of samps: 81 (52 weighted)
c0 # of feats: 16 (19 binary)
c0 # of labls: 7
c0 parse time: 0.2941


c0 computing feature 1
c1 computing class: 0
c1 discrimination constraints: 19h
c1 coverage constraints: 33v+628h
c1 formula: 73v, 707c (667h+40s)
c1 enumerating rules (maxsat-based)
c1 rule: 'breathes: 0' => 'hair: 0'
c1 rule: not 'feathers: 0' => 'hair: 0'
c1 rule: not 'airborne: 0', not 'predator: 0' => 'hair: 0'
c1 rule: 'backbone: 0', not 'predator: 0' => 'hair: 0'
c1 rule: 'backbone: 0', not 'legs: (5.75..+inf)' => 'hair: 0'
c1 rule: 'milk: 0', not 'legs: (5.75..+inf)' => 'hair: 0'
c1 rule: 'milk: 0', 'airborne: 0' => 'hair: 0'
c1 # of rules: 7
c1 rule time: 0.0020

c1 computing class: 1
c1 discrimination constraints: 33h
c1 coverage constraints: 19v+362h
c1 formula: 59v, 455c (415h+40s)
c1 enumerating rules (maxsat-based)
c1 rule: 'legs: (5.75..+inf)', not 'domestic: 0' => 'hair: 1'
c1 rule: 'tail: 0', not 'domestic: 0' => 'hair: 1'
c1 rule: not 'airborne: 0', not 'toothed: 0' => 'hair: 1'
c1 rule: not 'predator: 0', not 'domestic: 0' => 'hair: 1'
c1 rule: not 'milk: 0', not 'domestic: 0' => 'hair: 1'
c1 rule: not 'eggs: 0', not 'milk: 0' => 'hair: 1'
c1 rule: 'catsize: 0', not 'milk: 0' => 'hair: 1'
c1 rule: 'aquatic: 0', not 'milk: 0' => 'hair: 1'
c1 rule: 'fins: 0', not 'milk: 0' => 'hair: 1'
c1 rule: 'tail: 0', not 'milk: 0' => 'hair: 1'
c1 rule: 'predator: 0', not 'venomous: 0' => 'hair: 1'
c1 # of rules: 11
c1 rule time: 0.0029

c2 total rules: 18

c0 computing feature 2
c1 computing class: 0
c1 discrimination constraints: 12h
c1 coverage constraints: 40v+761h
c1 formula: 80v, 833c (793h+40s)
c1 enumerating rules (maxsat-based)
c1 rule: 'eggs: 0' => 'feathers: 0'
c1 rule: 'tail: 0' => 'feathers: 0'
c1 rule: not 'fins: 0' => 'feathers: 0'
c1 rule: not 'legs: (-inf..2.5]' => 'feathers: 0'
c1 rule: not 'toothed: 0' => 'feathers: 0'
c1 # of rules: 5
c1 rule time: 0.0033

c1 computing class: 1
c1 discrimination constraints: 40h
c1 coverage constraints: 12v+229h
c1 formula: 52v, 329c (289h+40s)
c1 enumerating rules (maxsat-based)
c1 rule: not 'airborne: 0', not 'aquatic: 0' => 'feathers: 1'
c1 rule: not 'airborne: 0', not 'catsize: 0' => 'feathers: 1'
c1 rule: 'toothed: 0', not 'backbone: 0', not 'domestic: 0' => 'feathers: 1'
c1 rule: 'toothed: 0', 'catsize: 0', not 'backbone: 0' => 'feathers: 1'
c1 rule: 'predator: 0', 'toothed: 0', not 'backbone: 0' => 'feathers: 1'
c1 rule: 'toothed: 0', not 'backbone: 0', not 'legs: (2.5..4.5]' => 'feathers: 1'
c1 # of rules: 6
c1 rule time: 0.0032

c2 total rules: 11

c0 computing feature 3
c1 computing class: 0
c1 discrimination constraints: 34h
c1 coverage constraints: 18v+343h
c1 formula: 58v, 437c (397h+40s)
c1 enumerating rules (maxsat-based)
c1 rule: not 'airborne: 0', not 'toothed: 0' => 'eggs: 0'
c1 rule: 'aquatic: 0', 'legs: (2.5..4.5]' => 'eggs: 0'
c1 rule: not 'milk: 0', not 'toothed: 0' => 'eggs: 0'
c1 rule: 'backbone: 0', not 'tail: 0' => 'eggs: 0'
c1 rule: 'breathes: 0', 'fins: 0', not 'backbone: 0' => 'eggs: 0'
c1 # of rules: 5
c1 rule time: 0.0030

c1 computing class: 1
c1 discrimination constraints: 18h
c1 coverage constraints: 34v+647h
c1 formula: 74v, 725c (685h+40s)
c1 enumerating rules (maxsat-based)
c1 rule: 'legs: (4.5..5.75]' => 'eggs: 1'
c1 rule: 'milk: 0', not 'fins: 0' => 'eggs: 1'
c1 rule: 'toothed: 0', 'legs: (-inf..2.5]' => 'eggs: 1'
c1 rule: 'breathes: 0', 'legs: (5.75..+inf)' => 'eggs: 1'
c1 rule: 'breathes: 0', 'tail: 0' => 'eggs: 1'
c1 rule: 'tail: 0', not 'venomous: 0' => 'eggs: 1'
c1 rule: 'hair: 0', not 'airborne: 0' => 'eggs: 1'
c1 rule: 'milk: 0', not 'airborne: 0' => 'eggs: 1'
c1 rule: 'predator: 0', 'legs: (5.75..+inf)' => 'eggs: 1'
c1 rule: 'hair: 0', 'tail: 0' => 'eggs: 1'
c1 rule: 'hair: 0', 'legs: (2.5..4.5]' => 'eggs: 1'
c1 rule: 'milk: 0', 'venomous: 0' => 'eggs: 1'
c1 rule: 'toothed: 0', not 'backbone: 0' => 'eggs: 1'
c1 rule: 'milk: 0', not 'backbone: 0', not 'breathes: 0' => 'eggs: 1'
c1 # of rules: 14
c1 rule time: 0.0049

c2 total rules: 19

c0 computing feature 4
c1 computing class: 0
c1 discrimination constraints: 17h
c1 coverage constraints: 35v+666h
c1 formula: 75v, 743c (703h+40s)
c1 enumerating rules (maxsat-based)
c1 rule: not 'venomous: 0' => 'milk: 0'
c1 rule: 'legs: (5.75..+inf)' => 'milk: 0'
c1 # of rules: 2
c1 rule time: 0.0015

c1 computing class: 1
c1 discrimination constraints: 35h
c1 coverage constraints: 17v+324h
c1 formula: 57v, 419c (379h+40s)
c1 enumerating rules (maxsat-based)
c1 # of rules: 0
c1 rule time: 0.0009

c2 total rules: 2

c0 computing feature 5
c1 computing class: 0
c1 discrimination constraints: 14h
c1 coverage constraints: 38v+723h
c1 formula: 78v, 797c (757h+40s)
c1 enumerating rules (maxsat-based)
c1 rule: 'legs: (2.5..4.5]' => 'airborne: 0'
c1 rule: 'backbone: 0', 'legs: (-inf..2.5]' => 'airborne: 0'
c1 rule: not 'aquatic: 0', not 'predator: 0', not 'catsize: 0' => 'airborne: 0'
c1 # of rules: 3
c1 rule time: 0.0036

c1 computing class: 1
c1 discrimination constraints: 38h
c1 coverage constraints: 14v+267h
c1 formula: 54v, 365c (325h+40s)
c1 enumerating rules (maxsat-based)
c1 rule: 'toothed: 0', not 'domestic: 0' => 'airborne: 1'
c1 rule: 'catsize: 0', not 'feathers: 0', not 'aquatic: 0' => 'airborne: 1'
c1 rule: 'predator: 0', 'catsize: 0', not 'feathers: 0' => 'airborne: 1'
c1 rule: 'predator: 0', 'toothed: 0', not 'aquatic: 0' => 'airborne: 1'
c1 rule: 'aquatic: 0', 'backbone: 0', 'venomous: 0', not 'predator: 0' => 'airborne: 1'
c1 # of rules: 5
c1 rule time: 0.0031

c2 total rules: 8

c0 computing feature 6
c1 computing class: 0
c1 discrimination constraints: 22h
c1 coverage constraints: 30v+571h
c1 formula: 70v, 653c (613h+40s)
c1 enumerating rules (maxsat-based)
c1 rule: 'eggs: 0', 'legs: (5.75..+inf)' => 'aquatic: 0'
c1 rule: 'toothed: 0', not 'domestic: 0' => 'aquatic: 0'
c1 rule: not 'predator: 0', not 'domestic: 0' => 'aquatic: 0'
c1 rule: not 'legs: (-inf..2.5]', not 'domestic: 0' => 'aquatic: 0'
c1 rule: not 'breathes: 0', not 'venomous: 0' => 'aquatic: 0'
c1 rule: 'catsize: 0', not 'milk: 0' => 'aquatic: 0'
c1 rule: 'predator: 0', not 'hair: 0' => 'aquatic: 0'
c1 rule: 'fins: 0', 'tail: 0', not 'catsize: 0' => 'aquatic: 0'
c1 rule: 'feathers: 0', 'fins: 0', not 'breathes: 0', not 'legs: (2.5..4.5]' => 'aquatic: 0'
c1 # of rules: 9
c1 rule time: 0.0055

c1 computing class: 1
c1 discrimination constraints: 30h
c1 coverage constraints: 22v+419h
c1 formula: 62v, 509c (469h+40s)
c1 enumerating rules (maxsat-based)
c1 rule: not 'fins: 0' => 'aquatic: 1'
c1 rule: 'breathes: 0' => 'aquatic: 1'
c1 # of rules: 2
c1 rule time: 0.0025

c2 total rules: 11

c0 computing feature 7
c1 computing class: 0
c1 discrimination constraints: 30h
c1 coverage constraints: 22v+419h
c1 formula: 62v, 509c (469h+40s)
c1 enumerating rules (maxsat-based)
c1 rule: 'catsize: 0', not 'domestic: 0' => 'predator: 0'
c1 rule: 'catsize: 0', not 'hair: 0', not 'legs: (2.5..4.5]' => 'predator: 0'
c1 rule: 'fins: 0', 'domestic: 0', not 'hair: 0', not 'legs: (2.5..4.5]' => 'predator: 0'
c1 # of rules: 3
c1 rule time: 0.0040

c1 computing class: 1
c1 discrimination constraints: 22h
c1 coverage constraints: 30v+571h
c1 formula: 70v, 653c (613h+40s)
c1 enumerating rules (maxsat-based)
c1 rule: not 'milk: 0', not 'aquatic: 0' => 'predator: 1'
c1 rule: not 'fins: 0', not 'catsize: 0' => 'predator: 1'
c1 rule: 'legs: (-inf..2.5]', not 'hair: 0', not 'domestic: 0' => 'predator: 1'
c1 rule: 'milk: 0', 'legs: (2.5..4.5]', not 'tail: 0' => 'predator: 1'
c1 rule: 'legs: (2.5..4.5]', 'tail: 0', not 'catsize: 0' => 'predator: 1'
c1 rule: 'milk: 0', 'aquatic: 0', not 'toothed: 0' => 'predator: 1'
c1 rule: 'domestic: 0', 'catsize: 0', not 'legs: (-inf..2.5]', not 'tail: 0' => 'predator: 1'
c1 # of rules: 7
c1 rule time: 0.0060

c2 total rules: 10

c0 computing feature 8
c1 computing class: 0
c1 discrimination constraints: 27h
c1 coverage constraints: 25v+476h
c1 formula: 65v, 563c (523h+40s)
c1 enumerating rules (maxsat-based)
c1 rule: 'legs: (5.75..+inf)' => 'toothed: 0'
c1 rule: 'legs: (4.5..5.75]' => 'toothed: 0'
c1 rule: 'backbone: 0' => 'toothed: 0'
c1 # of rules: 3
c1 rule time: 0.0026

c1 computing class: 1
c1 discrimination constraints: 25h
c1 coverage constraints: 27v+514h
c1 formula: 67v, 599c (559h+40s)
c1 enumerating rules (maxsat-based)
c1 # of rules: 0
c1 rule time: 0.0016

c2 total rules: 3

c0 computing feature 9
c1 computing class: 0
c1 discrimination constraints: 40h
c1 coverage constraints: 12v+229h
c1 formula: 52v, 329c (289h+40s)
c1 enumerating rules (maxsat-based)
c1 # of rules: 0
c1 rule time: 0.0010

c1 computing class: 1
c1 discrimination constraints: 12h
c1 coverage constraints: 40v+761h
c1 formula: 80v, 833c (793h+40s)
c1 enumerating rules (maxsat-based)
c1 # of rules: 0
c1 rule time: 0.0018

c2 total rules: 0

c0 computing feature 10
c1 computing class: 0
c1 discrimination constraints: 42h
c1 coverage constraints: 10v+191h
c1 formula: 50v, 293c (253h+40s)
c1 enumerating rules (maxsat-based)
c1 rule: not 'eggs: 0', not 'fins: 0' => 'breathes: 0'
c1 rule: 'backbone: 0', not 'aquatic: 0' => 'breathes: 0'
c1 # of rules: 2
c1 rule time: 0.0020

c1 computing class: 1
c1 discrimination constraints: 10h
c1 coverage constraints: 42v+799h
c1 formula: 82v, 869c (829h+40s)
c1 enumerating rules (maxsat-based)
c1 rule: not 'milk: 0' => 'breathes: 1'
c1 # of rules: 1
c1 rule time: 0.0021

c2 total rules: 3

c0 computing feature 11
c1 computing class: 0
c1 discrimination constraints: 7h
c1 coverage constraints: 45v+856h
c1 formula: 85v, 923c (883h+40s)
c1 enumerating rules (maxsat-based)
c1 rule: 'legs: (4.5..5.75]' => 'venomous: 0'
c1 rule: 'legs: (2.5..4.5]' => 'venomous: 0'
c1 rule: not 'feathers: 0' => 'venomous: 0'
c1 rule: 'breathes: 0', 'legs: (5.75..+inf)' => 'venomous: 0'
c1 rule: not 'airborne: 0', not 'predator: 0' => 'venomous: 0'
c1 rule: 'catsize: 0', not 'fins: 0' => 'venomous: 0'
c1 # of rules: 6
c1 rule time: 0.0042

c1 computing class: 1
c1 discrimination constraints: 45h
c1 coverage constraints: 7v+134h
c1 formula: 47v, 239c (199h+40s)
c1 enumerating rules (maxsat-based)
c1 rule: 'backbone: 0', not 'domestic: 0' => 'venomous: 1'
c1 rule: 'backbone: 0', 'legs: (-inf..2.5]', not 'predator: 0' => 'venomous: 1'
c1 # of rules: 2
c1 rule time: 0.0021

c2 total rules: 8

c0 computing feature 12
c1 computing class: 0
c1 discrimination constraints: 8h
c1 coverage constraints: 44v+837h
c1 formula: 84v, 905c (865h+40s)
c1 enumerating rules (maxsat-based)
c1 rule: 'legs: (5.75..+inf)' => 'fins: 0'
c1 rule: 'legs: (4.5..5.75]' => 'fins: 0'
c1 rule: 'backbone: 0' => 'fins: 0'
c1 rule: not 'legs: (-inf..2.5]' => 'fins: 0'
c1 # of rules: 4
c1 rule time: 0.0032

c1 computing class: 1
c1 discrimination constraints: 44h
c1 coverage constraints: 8v+153h
c1 formula: 48v, 257c (217h+40s)
c1 enumerating rules (maxsat-based)
c1 # of rules: 0
c1 rule time: 0.0008

c2 total rules: 4

c0 computing feature 13
c1 computing class: (-inf..2.5]
c1 discrimination constraints: 23h
c1 coverage constraints: 29v+465h
c1 formula: 67v, 545c (507h+38s)
c1 enumerating rules (maxsat-based)
c1 rule: not 'fins: 0' => 'legs: (-inf..2.5]'
c1 rule: not 'feathers: 0' => 'legs: (-inf..2.5]'
c1 rule: not 'airborne: 0', not 'toothed: 0' => 'legs: (-inf..2.5]'
c1 rule: not 'aquatic: 0', not 'venomous: 0' => 'legs: (-inf..2.5]'
c1 rule: not 'backbone: 0', not 'venomous: 0' => 'legs: (-inf..2.5]'
c1 rule: 'tail: 0', not 'predator: 0', not 'domestic: 0' => 'legs: (-inf..2.5]'
c1 rule: 'milk: 0', 'aquatic: 0', not 'backbone: 0' => 'legs: (-inf..2.5]'
c1 rule: 'predator: 0', 'tail: 0', not 'catsize: 0' => 'legs: (-inf..2.5]'
c1 rule: 'eggs: 0', 'predator: 0', 'domestic: 0', 'catsize: 0' => 'legs: (-inf..2.5]'
c1 # of rules: 9
c1 rule time: 0.0043

c1 computing class: (2.5..4.5]
c1 discrimination constraints: 38h
c1 coverage constraints: 14v+225h
c1 formula: 52v, 320c (282h+38s)
c1 enumerating rules (maxsat-based)
c1 rule: not 'eggs: 0', not 'milk: 0' => 'legs: (2.5..4.5]'
c1 rule: 'eggs: 0', not 'tail: 0', not 'domestic: 0' => 'legs: (2.5..4.5]'
c1 rule: 'eggs: 0', 'catsize: 0', not 'domestic: 0' => 'legs: (2.5..4.5]'
c1 rule: 'fins: 0', not 'milk: 0', not 'aquatic: 0' => 'legs: (2.5..4.5]'
c1 rule: 'catsize: 0', not 'milk: 0', not 'predator: 0' => 'legs: (2.5..4.5]'
c1 rule: 'predator: 0', 'tail: 0', not 'aquatic: 0' => 'legs: (2.5..4.5]'
c1 rule: 'hair: 0', 'tail: 0', not 'backbone: 0' => 'legs: (2.5..4.5]'
c1 rule: 'fins: 0', not 'hair: 0', not 'tail: 0', not 'catsize: 0' => 'legs: (2.5..4.5]'
c1 rule: 'fins: 0', 'domestic: 0', not 'hair: 0', not 'predator: 0' => 'legs: (2.5..4.5]'
c1 rule: 'venomous: 0', 'fins: 0', not 'aquatic: 0', not 'toothed: 0' => 'legs: (2.5..4.5]'
c1 # of rules: 10
c1 rule time: 0.0045

c1 computing class: (4.5..5.75]
c1 discrimination constraints: 51h
c1 coverage constraints: 1v+17h
c1 formula: 39v, 125c (87h+38s)
c1 enumerating rules (maxsat-based)
c1 # of rules: 0
c1 rule time: 0.0010

c1 computing class: (5.75..+inf)
c1 discrimination constraints: 44h
c1 coverage constraints: 8v+129h
c1 formula: 46v, 230c (192h+38s)
c1 enumerating rules (maxsat-based)
c1 rule: 'milk: 0', not 'hair: 0' => 'legs: (5.75..+inf)'
c1 rule: 'eggs: 0', 'toothed: 0' => 'legs: (5.75..+inf)'
c1 rule: 'tail: 0', not 'airborne: 0' => 'legs: (5.75..+inf)'
c1 # of rules: 3
c1 rule time: 0.0019

c2 total rules: 22

c0 computing feature 14
c1 computing class: 0
c1 discrimination constraints: 34h
c1 coverage constraints: 18v+343h
c1 formula: 58v, 437c (397h+40s)
c1 enumerating rules (maxsat-based)
c1 # of rules: 0
c1 rule time: 0.0020

c1 computing class: 1
c1 discrimination constraints: 18h
c1 coverage constraints: 34v+647h
c1 formula: 74v, 725c (685h+40s)
c1 enumerating rules (maxsat-based)
c1 rule: 'legs: (-inf..2.5]', 'catsize: 0', not 'hair: 0' => 'tail: 1'
c1 rule: 'catsize: 0', not 'hair: 0', not 'predator: 0' => 'tail: 1'
c1 # of rules: 2
c1 rule time: 0.0035

c2 total rules: 2

c0 computing feature 15
c1 computing class: 0
c1 discrimination constraints: 8h
c1 coverage constraints: 44v+837h
c1 formula: 84v, 905c (865h+40s)
c1 enumerating rules (maxsat-based)
c1 rule: not 'airborne: 0', not 'catsize: 0' => 'domestic: 0'
c1 # of rules: 1
c1 rule time: 0.0039

c1 computing class: 1
c1 discrimination constraints: 44h
c1 coverage constraints: 8v+153h
c1 formula: 48v, 257c (217h+40s)
c1 enumerating rules (maxsat-based)
c1 # of rules: 0
c1 rule time: 0.0019

c2 total rules: 1

c0 computing feature 16
c1 computing class: 0
c1 discrimination constraints: 20h
c1 coverage constraints: 32v+609h
c1 formula: 72v, 689c (649h+40s)
c1 enumerating rules (maxsat-based)
c1 rule: 'legs: (5.75..+inf)' => 'catsize: 0'
c1 rule: 'backbone: 0' => 'catsize: 0'
c1 rule: 'eggs: 0', 'breathes: 0' => 'catsize: 0'
c1 rule: 'hair: 0', not 'legs: (-inf..2.5]' => 'catsize: 0'
c1 rule: 'aquatic: 0', not 'venomous: 0' => 'catsize: 0'
c1 rule: 'milk: 0', not 'toothed: 0', not 'breathes: 0' => 'catsize: 0'
c1 # of rules: 6
c1 rule time: 0.0044

c1 computing class: 1
c1 discrimination constraints: 32h
c1 coverage constraints: 20v+381h
c1 formula: 60v, 473c (433h+40s)
c1 enumerating rules (maxsat-based)
c1 # of rules: 0
c1 rule time: 0.0026

c2 total rules: 6
c3 total time: 0.4120

Rules are saved to ../rules/all/q4_zoo_train3.csv.json