c0 # of samps: 130 (116 weighted)
c0 # of feats: 9 (33 binary)
c0 # of labls: 2
c0 parse time: 0.2613


c0 computing feature 1
c1 computing class: (-inf..1.52]
c1 discrimination constraints: 23h
c1 coverage constraints: 91v+3004h
c1 formula: 159v, 3129c (3061h+68s)
c1 enumerating rules (maxsat-based)
c1 rule: 'Barium: (0.14..0.27]' => 'Refractive Index: (-inf..1.52]'
c1 rule: 'Magnesium: (3.33..3.53]' => 'Refractive Index: (-inf..1.52]'
c1 rule: 'Calcium: (-inf..8.24]' => 'Refractive Index: (-inf..1.52]'
c1 rule: 'Barium: (0.09..0.14]' => 'Refractive Index: (-inf..1.52]'
c1 rule: not 'Calcium: (9.27..+inf)', not 'Barium: (-inf..0.09]' => 'Refractive Index: (-inf..1.52]'
c1 rule: 'Aluminum: (1.54..+inf)', not 'Calcium: (9.27..+inf)' => 'Refractive Index: (-inf..1.52]'
c1 rule: 'Silicon: (-inf..72.15]', 'Calcium: (8.24..8.64]' => 'Refractive Index: (-inf..1.52]'
c1 rule: 'Aluminum: (1.02..1.28]', not 'Iron: (-inf..0.11]' => 'Refractive Index: (-inf..1.52]'
c1 rule: 'Iron: (0.11..0.19]', not 'Calcium: (9.27..+inf)' => 'Refractive Index: (-inf..1.52]'
c1 rule: 'Aluminum: (1.28..1.54]', not 'Calcium: (9.27..+inf)' => 'Refractive Index: (-inf..1.52]'
c1 rule: 'Calcium: (8.64..9.27]', not 'Silicon: (-inf..72.15]' => 'Refractive Index: (-inf..1.52]'
c1 rule: 'Silicon: (73.02..+inf)', not 'Iron: (-inf..0.11]' => 'Refractive Index: (-inf..1.52]'
c1 rule: 'Silicon: (73.02..+inf)', not 'Sodium: (-inf..12.81]' => 'Refractive Index: (-inf..1.52]'
c1 rule: 'Calcium: (8.24..8.64]', not 'Potassium: (0.48..0.61]' => 'Refractive Index: (-inf..1.52]'
c1 rule: 'Sodium: (13.22..13.63]', 'Calcium: (8.24..8.64]' => 'Refractive Index: (-inf..1.52]'
c1 rule: 'Calcium: (8.24..8.64]', not 'Silicon: (72.66..73.02]' => 'Refractive Index: (-inf..1.52]'
c1 rule: 'Calcium: (8.24..8.64]', not 'Sodium: (12.81..13.22]' => 'Refractive Index: (-inf..1.52]'
c1 # of rules: 17
c1 rule time: 0.0176

c1 computing class: (1.52..+inf)
c1 discrimination constraints: 91h
c1 coverage constraints: 23v+760h
c1 formula: 91v, 953c (885h+68s)
c1 enumerating rules (maxsat-based)
c1 rule: 'Sodium: (-inf..12.81]', 'Silicon: (72.15..72.66]' => 'Refractive Index: (1.52..+inf)'
c1 rule: 'Silicon: (72.15..72.66]', 'Potassium: (0.16..0.48]' => 'Refractive Index: (1.52..+inf)'
c1 rule: 'Potassium: (0.16..0.48]', 'Calcium: (8.64..9.27]' => 'Refractive Index: (1.52..+inf)'
c1 rule: not 'Calcium: (8.64..9.27]', not 'Barium: (-inf..0.09]' => 'Refractive Index: (1.52..+inf)'
c1 rule: 'Silicon: (-inf..72.15]', 'Potassium: (0.16..0.48]' => 'Refractive Index: (1.52..+inf)'
c1 rule: 'Silicon: (-inf..72.15]', 'Calcium: (9.27..+inf)' => 'Refractive Index: (1.52..+inf)'
c1 rule: 'Calcium: (9.27..+inf)', not 'Silicon: (73.02..+inf)' => 'Refractive Index: (1.52..+inf)'
c1 rule: 'Sodium: (-inf..12.81]', 'Potassium: (-inf..0.16]' => 'Refractive Index: (1.52..+inf)'
c1 rule: 'Sodium: (13.63..+inf)', 'Aluminum: (1.02..1.28]', 'Calcium: (8.64..9.27]' => 'Refractive Index: (1.52..+inf)'
c1 # of rules: 9
c1 rule time: 0.0109

c2 total rules: 26

c0 computing feature 2
c1 computing class: (-inf..12.81]
c1 discrimination constraints: 89h
c1 coverage constraints: 25v+751h
c1 formula: 91v, 939c (873h+66s)
c1 enumerating rules (maxsat-based)
c1 rule: 'Potassium: (0.61..+inf)', 'Calcium: (9.27..+inf)' => 'Sodium: (-inf..12.81]'
c1 rule: 'Silicon: (73.02..+inf)', 'Calcium: (8.64..9.27]' => 'Sodium: (-inf..12.81]'
c1 rule: 'Silicon: (73.02..+inf)', not 'Refractive Index: (-inf..1.52]' => 'Sodium: (-inf..12.81]'
c1 rule: 'Magnesium: (-inf..3.33]', 'Calcium: (8.24..8.64]' => 'Sodium: (-inf..12.81]'
c1 rule: 'Silicon: (73.02..+inf)', 'Iron: (0.19..0.28]' => 'Sodium: (-inf..12.81]'
c1 rule: 'Barium: (0.27..+inf)', 'Iron: (0.19..0.28]' => 'Sodium: (-inf..12.81]'
c1 rule: 'Calcium: (9.27..+inf)', 'Iron: (0.19..0.28]' => 'Sodium: (-inf..12.81]'
c1 rule: 'Magnesium: (-inf..3.33]', 'Calcium: (-inf..8.24]', not 'Aluminum: (1.54..+inf)' => 'Sodium: (-inf..12.81]'
c1 rule: 'Silicon: (73.02..+inf)', 'Potassium: (0.61..+inf)', not 'Magnesium: (3.53..3.73]' => 'Sodium: (-inf..12.81]'
c1 rule: 'Magnesium: (3.53..3.73]', 'Silicon: (73.02..+inf)', 'Calcium: (8.24..8.64]' => 'Sodium: (-inf..12.81]'
c1 rule: 'Magnesium: (3.53..3.73]', 'Silicon: (72.66..73.02]', 'Calcium: (8.64..9.27]' => 'Sodium: (-inf..12.81]'
c1 rule: 'Magnesium: (3.33..3.53]', 'Silicon: (72.66..73.02]', 'Calcium: (8.64..9.27]' => 'Sodium: (-inf..12.81]'
c1 # of rules: 12
c1 rule time: 0.0116

c1 computing class: (12.81..13.22]
c1 discrimination constraints: 79h
c1 coverage constraints: 35v+1051h
c1 formula: 101v, 1229c (1163h+66s)
c1 enumerating rules (maxsat-based)
c1 rule: 'Potassium: (-inf..0.16]', 'Calcium: (8.24..8.64]' => 'Sodium: (12.81..13.22]'
c1 rule: 'Calcium: (8.24..8.64]', 'Iron: (0.11..0.19]' => 'Sodium: (12.81..13.22]'
c1 rule: 'Calcium: (8.24..8.64]', not 'Refractive Index: (-inf..1.52]' => 'Sodium: (12.81..13.22]'
c1 rule: 'Potassium: (0.61..+inf)', 'Iron: (0.11..0.19]' => 'Sodium: (12.81..13.22]'
c1 rule: 'Potassium: (0.16..0.48]', 'Calcium: (8.24..8.64]' => 'Sodium: (12.81..13.22]'
c1 rule: 'Calcium: (8.24..8.64]', 'Iron: (0.19..0.28]' => 'Sodium: (12.81..13.22]'
c1 rule: 'Aluminum: (1.02..1.28]', 'Iron: (0.19..0.28]' => 'Sodium: (12.81..13.22]'
c1 rule: 'Silicon: (72.66..73.02]', 'Iron: (0.19..0.28]' => 'Sodium: (12.81..13.22]'
c1 rule: 'Silicon: (72.66..73.02]', not 'Barium: (-inf..0.09]' => 'Sodium: (12.81..13.22]'
c1 rule: 'Aluminum: (-inf..1.02]', 'Silicon: (72.15..72.66]', not 'Iron: (0.19..0.28]' => 'Sodium: (12.81..13.22]'
c1 rule: 'Aluminum: (1.28..1.54]', 'Silicon: (72.15..72.66]', 'Calcium: (8.64..9.27]' => 'Sodium: (12.81..13.22]'
c1 rule: 'Silicon: (72.15..72.66]', 'Calcium: (8.24..8.64]', not 'Magnesium: (3.73..+inf)' => 'Sodium: (12.81..13.22]'
c1 rule: 'Magnesium: (-inf..3.33]', 'Aluminum: (1.02..1.28]', 'Silicon: (72.15..72.66]' => 'Sodium: (12.81..13.22]'
c1 rule: 'Calcium: (8.24..8.64]', not 'Silicon: (73.02..+inf)', not 'Potassium: (0.48..0.61]' => 'Sodium: (12.81..13.22]'
c1 rule: 'Magnesium: (3.53..3.73]', 'Potassium: (0.61..+inf)', not 'Calcium: (-inf..8.24]' => 'Sodium: (12.81..13.22]'
c1 rule: 'Magnesium: (3.53..3.73]', 'Silicon: (73.02..+inf)', not 'Potassium: (0.48..0.61]' => 'Sodium: (12.81..13.22]'
c1 rule: 'Magnesium: (3.53..3.73]', 'Silicon: (72.15..72.66]', 'Potassium: (0.48..0.61]' => 'Sodium: (12.81..13.22]'
c1 rule: 'Aluminum: (1.54..+inf)', 'Silicon: (72.66..73.02]', not 'Magnesium: (3.53..3.73]' => 'Sodium: (12.81..13.22]'
c1 rule: 'Magnesium: (3.33..3.53]', 'Potassium: (0.48..0.61]', 'Calcium: (-inf..8.24]', not 'Silicon: (73.02..+inf)' => 'Sodium: (12.81..13.22]'
c1 # of rules: 19
c1 rule time: 0.0164

c1 computing class: (13.22..13.63]
c1 discrimination constraints: 86h
c1 coverage constraints: 28v+841h
c1 formula: 94v, 1026c (960h+66s)
c1 enumerating rules (maxsat-based)
c1 rule: 'Magnesium: (3.73..+inf)', 'Silicon: (72.66..73.02]' => 'Sodium: (13.22..13.63]'
c1 rule: 'Aluminum: (1.28..1.54]', 'Iron: (0.28..+inf)' => 'Sodium: (13.22..13.63]'
c1 rule: 'Aluminum: (1.54..+inf)', 'Calcium: (8.64..9.27]' => 'Sodium: (13.22..13.63]'
c1 rule: 'Magnesium: (3.73..+inf)', 'Potassium: (0.16..0.48]', 'Calcium: (9.27..+inf)' => 'Sodium: (13.22..13.63]'
c1 rule: 'Magnesium: (3.73..+inf)', 'Aluminum: (1.28..1.54]', 'Iron: (-inf..0.11]' => 'Sodium: (13.22..13.63]'
c1 rule: 'Magnesium: (3.73..+inf)', 'Iron: (-inf..0.11]', not 'Potassium: (-inf..0.16]' => 'Sodium: (13.22..13.63]'
c1 rule: 'Refractive Index: (-inf..1.52]', 'Aluminum: (1.02..1.28]', 'Potassium: (-inf..0.16]' => 'Sodium: (13.22..13.63]'
c1 rule: 'Aluminum: (1.02..1.28]', 'Silicon: (72.15..72.66]', not 'Calcium: (8.64..9.27]' => 'Sodium: (13.22..13.63]'
c1 rule: 'Aluminum: (1.02..1.28]', 'Potassium: (0.61..+inf)', 'Calcium: (-inf..8.24]' => 'Sodium: (13.22..13.63]'
c1 rule: 'Magnesium: (3.33..3.53]', 'Silicon: (72.15..72.66]', not 'Calcium: (8.24..8.64]' => 'Sodium: (13.22..13.63]'
c1 rule: 'Aluminum: (1.28..1.54]', 'Silicon: (72.15..72.66]', 'Potassium: (0.61..+inf)' => 'Sodium: (13.22..13.63]'
c1 rule: 'Magnesium: (3.33..3.53]', 'Silicon: (-inf..72.15]', not 'Barium: (0.09..0.14]' => 'Sodium: (13.22..13.63]'
c1 rule: 'Magnesium: (3.53..3.73]', 'Aluminum: (1.54..+inf)', 'Silicon: (72.15..72.66]' => 'Sodium: (13.22..13.63]'
c1 rule: 'Potassium: (0.16..0.48]', 'Calcium: (-inf..8.24]', not 'Silicon: (72.66..73.02]' => 'Sodium: (13.22..13.63]'
c1 rule: 'Aluminum: (1.02..1.28]', 'Silicon: (72.66..73.02]', 'Iron: (-inf..0.11]', not 'Calcium: (8.24..8.64]' => 'Sodium: (13.22..13.63]'
c1 rule: 'Magnesium: (3.33..3.53]', 'Silicon: (73.02..+inf)', not 'Potassium: (0.61..+inf)', not 'Calcium: (8.24..8.64]' => 'Sodium: (13.22..13.63]'
c1 rule: 'Magnesium: (3.53..3.73]', 'Aluminum: (1.28..1.54]', 'Silicon: (72.66..73.02]', 'Calcium: (-inf..8.24]', not 'Potassium: (0.16..0.48]' => 'Sodium: (13.22..13.63]'
c1 # of rules: 17
c1 rule time: 0.0211

c1 computing class: (13.63..+inf)
c1 discrimination constraints: 88h
c1 coverage constraints: 26v+781h
c1 formula: 92v, 968c (902h+66s)
c1 enumerating rules (maxsat-based)
c1 rule: 'Barium: (0.14..0.27]' => 'Sodium: (13.63..+inf)'
c1 rule: 'Barium: (0.27..+inf)', not 'Calcium: (9.27..+inf)' => 'Sodium: (13.63..+inf)'
c1 rule: 'Barium: (0.09..0.14]', not 'Magnesium: (-inf..3.33]' => 'Sodium: (13.63..+inf)'
c1 rule: 'Aluminum: (1.02..1.28]', 'Calcium: (9.27..+inf)' => 'Sodium: (13.63..+inf)'
c1 rule: 'Aluminum: (1.02..1.28]', 'Potassium: (0.16..0.48]' => 'Sodium: (13.63..+inf)'
c1 rule: 'Potassium: (0.16..0.48]', 'Calcium: (8.64..9.27]' => 'Sodium: (13.63..+inf)'
c1 rule: 'Calcium: (8.64..9.27]', not 'Refractive Index: (-inf..1.52]' => 'Sodium: (13.63..+inf)'
c1 rule: 'Aluminum: (-inf..1.02]', 'Calcium: (8.64..9.27]' => 'Sodium: (13.63..+inf)'
c1 rule: 'Aluminum: (1.28..1.54]', not 'Refractive Index: (-inf..1.52]' => 'Sodium: (13.63..+inf)'
c1 rule: 'Silicon: (72.66..73.02]', 'Calcium: (9.27..+inf)' => 'Sodium: (13.63..+inf)'
c1 rule: 'Potassium: (-inf..0.16]', 'Calcium: (-inf..8.24]' => 'Sodium: (13.63..+inf)'
c1 rule: 'Silicon: (-inf..72.15]', 'Calcium: (-inf..8.24]' => 'Sodium: (13.63..+inf)'
c1 rule: 'Aluminum: (1.54..+inf)', 'Potassium: (0.16..0.48]' => 'Sodium: (13.63..+inf)'
c1 rule: 'Magnesium: (3.73..+inf)', 'Potassium: (-inf..0.16]' => 'Sodium: (13.63..+inf)'
c1 rule: 'Silicon: (-inf..72.15]', 'Iron: (0.28..+inf)' => 'Sodium: (13.63..+inf)'
c1 rule: 'Silicon: (-inf..72.15]', 'Iron: (0.11..0.19]' => 'Sodium: (13.63..+inf)'
c1 rule: 'Silicon: (-inf..72.15]', 'Calcium: (8.24..8.64]' => 'Sodium: (13.63..+inf)'
c1 rule: 'Refractive Index: (-inf..1.52]', 'Potassium: (-inf..0.16]', 'Calcium: (9.27..+inf)' => 'Sodium: (13.63..+inf)'
c1 rule: 'Magnesium: (-inf..3.33]', 'Calcium: (-inf..8.24]', not 'Silicon: (73.02..+inf)' => 'Sodium: (13.63..+inf)'
c1 # of rules: 19
c1 rule time: 0.0120

c2 total rules: 67

c0 computing feature 3
c1 computing class: (-inf..3.33]
c1 discrimination constraints: 91h
c1 coverage constraints: 23v+691h
c1 formula: 89v, 881c (815h+66s)
c1 enumerating rules (maxsat-based)
c1 rule: 'Barium: (0.09..0.14]', not 'Iron: (-inf..0.11]' => 'Magnesium: (-inf..3.33]'
c1 rule: 'Barium: (0.09..0.14]', not 'Sodium: (13.63..+inf)' => 'Magnesium: (-inf..3.33]'
c1 rule: 'Sodium: (-inf..12.81]', not 'Barium: (-inf..0.09]' => 'Magnesium: (-inf..3.33]'
c1 rule: 'Silicon: (-inf..72.15]', 'Iron: (0.19..0.28]' => 'Magnesium: (-inf..3.33]'
c1 rule: 'Aluminum: (-inf..1.02]', 'Silicon: (73.02..+inf)' => 'Magnesium: (-inf..3.33]'
c1 rule: 'Sodium: (-inf..12.81]', 'Aluminum: (-inf..1.02]' => 'Magnesium: (-inf..3.33]'
c1 rule: 'Sodium: (-inf..12.81]', 'Calcium: (9.27..+inf)' => 'Magnesium: (-inf..3.33]'
c1 rule: 'Potassium: (0.48..0.61]', 'Calcium: (9.27..+inf)' => 'Magnesium: (-inf..3.33]'
c1 rule: 'Sodium: (13.63..+inf)', 'Potassium: (0.61..+inf)' => 'Magnesium: (-inf..3.33]'
c1 rule: 'Silicon: (72.66..73.02]', 'Potassium: (-inf..0.16]' => 'Magnesium: (-inf..3.33]'
c1 rule: 'Aluminum: (1.28..1.54]', 'Calcium: (9.27..+inf)' => 'Magnesium: (-inf..3.33]'
c1 rule: 'Aluminum: (1.54..+inf)', not 'Refractive Index: (-inf..1.52]' => 'Magnesium: (-inf..3.33]'
c1 rule: 'Sodium: (-inf..12.81]', 'Iron: (0.19..0.28]', not 'Potassium: (0.61..+inf)' => 'Magnesium: (-inf..3.33]'
c1 rule: 'Potassium: (0.48..0.61]', 'Iron: (0.19..0.28]', not 'Calcium: (8.24..8.64]' => 'Magnesium: (-inf..3.33]'
c1 rule: 'Silicon: (72.66..73.02]', 'Calcium: (8.64..9.27]', not 'Sodium: (-inf..12.81]' => 'Magnesium: (-inf..3.33]'
c1 rule: 'Calcium: (8.24..8.64]', not 'Sodium: (12.81..13.22]', not 'Potassium: (0.48..0.61]' => 'Magnesium: (-inf..3.33]'
c1 rule: 'Aluminum: (1.02..1.28]', 'Silicon: (72.15..72.66]', 'Iron: (-inf..0.11]', not 'Sodium: (13.22..13.63]' => 'Magnesium: (-inf..3.33]'
c1 # of rules: 17
c1 rule time: 0.0086

c1 computing class: (3.33..3.53]
c1 discrimination constraints: 80h
c1 coverage constraints: 34v+1021h
c1 formula: 100v, 1200c (1134h+66s)
c1 enumerating rules (maxsat-based)
c1 rule: 'Aluminum: (1.54..+inf)', 'Calcium: (8.64..9.27]' => 'Magnesium: (3.33..3.53]'
c1 rule: 'Silicon: (72.66..73.02]', 'Iron: (0.28..+inf)' => 'Magnesium: (3.33..3.53]'
c1 rule: 'Sodium: (12.81..13.22]', 'Potassium: (-inf..0.16]' => 'Magnesium: (3.33..3.53]'
c1 rule: 'Aluminum: (1.02..1.28]', 'Potassium: (0.16..0.48]' => 'Magnesium: (3.33..3.53]'
c1 rule: 'Potassium: (0.16..0.48]', 'Calcium: (8.24..8.64]' => 'Magnesium: (3.33..3.53]'
c1 rule: 'Silicon: (-inf..72.15]', 'Barium: (0.09..0.14]' => 'Magnesium: (3.33..3.53]'
c1 rule: 'Sodium: (13.22..13.63]', 'Aluminum: (1.28..1.54]', 'Calcium: (8.64..9.27]' => 'Magnesium: (3.33..3.53]'
c1 rule: 'Silicon: (-inf..72.15]', 'Potassium: (0.48..0.61]', 'Calcium: (8.64..9.27]' => 'Magnesium: (3.33..3.53]'
c1 rule: 'Sodium: (-inf..12.81]', 'Aluminum: (1.02..1.28]', not 'Potassium: (0.48..0.61]' => 'Magnesium: (3.33..3.53]'
c1 rule: 'Sodium: (-inf..12.81]', 'Calcium: (8.64..9.27]', not 'Potassium: (0.48..0.61]' => 'Magnesium: (3.33..3.53]'
c1 rule: 'Sodium: (-inf..12.81]', 'Calcium: (-inf..8.24]', not 'Aluminum: (1.28..1.54]' => 'Magnesium: (3.33..3.53]'
c1 rule: 'Aluminum: (1.28..1.54]', 'Silicon: (72.66..73.02]', 'Potassium: (0.61..+inf)' => 'Magnesium: (3.33..3.53]'
c1 rule: 'Sodium: (12.81..13.22]', 'Aluminum: (1.54..+inf)', not 'Calcium: (-inf..8.24]' => 'Magnesium: (3.33..3.53]'
c1 rule: 'Potassium: (0.16..0.48]', 'Calcium: (-inf..8.24]', not 'Silicon: (72.66..73.02]' => 'Magnesium: (3.33..3.53]'
c1 rule: 'Calcium: (8.24..8.64]', 'Iron: (0.19..0.28]', not 'Silicon: (72.15..72.66]' => 'Magnesium: (3.33..3.53]'
c1 rule: 'Sodium: (13.22..13.63]', 'Silicon: (73.02..+inf)', not 'Aluminum: (1.02..1.28]' => 'Magnesium: (3.33..3.53]'
c1 rule: 'Sodium: (12.81..13.22]', 'Calcium: (8.24..8.64]', 'Iron: (-inf..0.11]', not 'Silicon: (72.66..73.02]' => 'Magnesium: (3.33..3.53]'
c1 rule: 'Sodium: (-inf..12.81]', 'Aluminum: (1.28..1.54]', 'Calcium: (8.24..8.64]', not 'Silicon: (73.02..+inf)' => 'Magnesium: (3.33..3.53]'
c1 rule: 'Silicon: (72.15..72.66]', 'Calcium: (8.64..9.27]', not 'Sodium: (12.81..13.22]', not 'Potassium: (-inf..0.16]' => 'Magnesium: (3.33..3.53]'
c1 rule: 'Sodium: (12.81..13.22]', 'Silicon: (72.66..73.02]', 'Calcium: (-inf..8.24]', not 'Aluminum: (1.54..+inf)' => 'Magnesium: (3.33..3.53]'
c1 rule: 'Aluminum: (1.54..+inf)', 'Silicon: (72.66..73.02]', 'Iron: (-inf..0.11]', not 'Potassium: (0.48..0.61]' => 'Magnesium: (3.33..3.53]'
c1 # of rules: 21
c1 rule time: 0.0206

c1 computing class: (3.53..3.73]
c1 discrimination constraints: 72h
c1 coverage constraints: 42v+1261h
c1 formula: 108v, 1432c (1366h+66s)
c1 enumerating rules (maxsat-based)
c1 rule: 'Barium: (0.14..0.27]' => 'Magnesium: (3.53..3.73]'
c1 rule: 'Calcium: (8.64..9.27]', 'Iron: (0.11..0.19]' => 'Magnesium: (3.53..3.73]'
c1 rule: 'Aluminum: (1.28..1.54]', 'Potassium: (-inf..0.16]' => 'Magnesium: (3.53..3.73]'
c1 rule: 'Silicon: (72.15..72.66]', 'Potassium: (-inf..0.16]' => 'Magnesium: (3.53..3.73]'
c1 rule: 'Calcium: (8.24..8.64]', not 'Refractive Index: (-inf..1.52]' => 'Magnesium: (3.53..3.73]'
c1 rule: 'Calcium: (-inf..8.24]', 'Iron: (0.28..+inf)' => 'Magnesium: (3.53..3.73]'
c1 rule: 'Sodium: (12.81..13.22]', 'Calcium: (9.27..+inf)' => 'Magnesium: (3.53..3.73]'
c1 rule: 'Potassium: (-inf..0.16]', 'Calcium: (-inf..8.24]' => 'Magnesium: (3.53..3.73]'
c1 rule: 'Aluminum: (-inf..1.02]', 'Iron: (0.11..0.19]' => 'Magnesium: (3.53..3.73]'
c1 rule: 'Sodium: (13.22..13.63]', 'Potassium: (-inf..0.16]' => 'Magnesium: (3.53..3.73]'
c1 rule: 'Silicon: (72.15..72.66]', 'Iron: (0.28..+inf)', not 'Aluminum: (1.54..+inf)' => 'Magnesium: (3.53..3.73]'
c1 rule: 'Aluminum: (1.54..+inf)', 'Iron: (0.19..0.28]', not 'Sodium: (-inf..12.81]' => 'Magnesium: (3.53..3.73]'
c1 rule: 'Aluminum: (1.54..+inf)', 'Silicon: (72.66..73.02]', not 'Sodium: (12.81..13.22]' => 'Magnesium: (3.53..3.73]'
c1 rule: 'Aluminum: (1.54..+inf)', 'Silicon: (72.66..73.02]', not 'Potassium: (0.61..+inf)' => 'Magnesium: (3.53..3.73]'
c1 rule: 'Sodium: (13.22..13.63]', 'Potassium: (0.61..+inf)', not 'Silicon: (72.15..72.66]' => 'Magnesium: (3.53..3.73]'
c1 rule: 'Silicon: (73.02..+inf)', 'Potassium: (0.61..+inf)', not 'Sodium: (-inf..12.81]' => 'Magnesium: (3.53..3.73]'
c1 rule: 'Sodium: (12.81..13.22]', 'Silicon: (73.02..+inf)', not 'Calcium: (8.24..8.64]' => 'Magnesium: (3.53..3.73]'
c1 rule: 'Aluminum: (1.02..1.28]', 'Silicon: (73.02..+inf)', 'Calcium: (-inf..8.24]' => 'Magnesium: (3.53..3.73]'
c1 rule: 'Sodium: (12.81..13.22]', 'Calcium: (-inf..8.24]', not 'Silicon: (72.66..73.02]' => 'Magnesium: (3.53..3.73]'
c1 rule: 'Silicon: (72.15..72.66]', 'Calcium: (8.64..9.27]', not 'Aluminum: (1.02..1.28]' => 'Magnesium: (3.53..3.73]'
c1 rule: 'Aluminum: (1.28..1.54]', 'Silicon: (-inf..72.15]', 'Calcium: (8.24..8.64]' => 'Magnesium: (3.53..3.73]'
c1 rule: 'Sodium: (13.22..13.63]', 'Silicon: (72.66..73.02]', not 'Potassium: (0.48..0.61]' => 'Magnesium: (3.53..3.73]'
c1 rule: 'Sodium: (13.63..+inf)', 'Aluminum: (1.28..1.54]', 'Silicon: (72.66..73.02]' => 'Magnesium: (3.53..3.73]'
c1 rule: 'Aluminum: (1.28..1.54]', 'Silicon: (72.66..73.02]', 'Iron: (0.11..0.19]' => 'Magnesium: (3.53..3.73]'
c1 rule: 'Silicon: (72.66..73.02]', 'Iron: (0.11..0.19]', not 'Potassium: (0.16..0.48]' => 'Magnesium: (3.53..3.73]'
c1 rule: 'Sodium: (-inf..12.81]', 'Potassium: (0.48..0.61]', 'Calcium: (8.64..9.27]', not 'Silicon: (73.02..+inf)' => 'Magnesium: (3.53..3.73]'
c1 rule: 'Potassium: (0.61..+inf)', 'Iron: (-inf..0.11]', not 'Sodium: (-inf..12.81]', not 'Calcium: (-inf..8.24]' => 'Magnesium: (3.53..3.73]'
c1 rule: 'Sodium: (-inf..12.81]', 'Aluminum: (1.02..1.28]', 'Calcium: (8.24..8.64]', not 'Silicon: (73.02..+inf)' => 'Magnesium: (3.53..3.73]'
c1 rule: 'Sodium: (-inf..12.81]', 'Potassium: (0.48..0.61]', 'Iron: (-inf..0.11]', not 'Calcium: (8.24..8.64]' => 'Magnesium: (3.53..3.73]'
c1 rule: 'Sodium: (13.22..13.63]', 'Aluminum: (1.28..1.54]', 'Silicon: (72.66..73.02]', not 'Calcium: (8.24..8.64]' => 'Magnesium: (3.53..3.73]'
c1 # of rules: 30
c1 rule time: 0.0294

c1 computing class: (3.73..+inf)
c1 discrimination constraints: 99h
c1 coverage constraints: 15v+451h
c1 formula: 81v, 649c (583h+66s)
c1 enumerating rules (maxsat-based)
c1 rule: 'Potassium: (0.16..0.48]', 'Calcium: (8.64..9.27]' => 'Magnesium: (3.73..+inf)'
c1 rule: 'Calcium: (8.64..9.27]', not 'Refractive Index: (-inf..1.52]' => 'Magnesium: (3.73..+inf)'
c1 rule: 'Iron: (0.28..+inf)', not 'Potassium: (0.61..+inf)' => 'Magnesium: (3.73..+inf)'
c1 rule: 'Sodium: (13.22..13.63]', 'Iron: (0.11..0.19]' => 'Magnesium: (3.73..+inf)'
c1 rule: 'Silicon: (72.15..72.66]', 'Iron: (0.19..0.28]', not 'Aluminum: (-inf..1.02]' => 'Magnesium: (3.73..+inf)'
c1 rule: 'Sodium: (13.63..+inf)', 'Calcium: (8.64..9.27]', 'Barium: (-inf..0.09]' => 'Magnesium: (3.73..+inf)'
c1 rule: 'Sodium: (13.63..+inf)', 'Potassium: (0.48..0.61]', 'Calcium: (-inf..8.24]' => 'Magnesium: (3.73..+inf)'
c1 rule: 'Sodium: (13.22..13.63]', 'Calcium: (8.24..8.64]', not 'Silicon: (72.66..73.02]' => 'Magnesium: (3.73..+inf)'
c1 rule: 'Sodium: (13.22..13.63]', not 'Refractive Index: (-inf..1.52]', not 'Potassium: (-inf..0.16]' => 'Magnesium: (3.73..+inf)'
c1 rule: 'Aluminum: (1.02..1.28]', 'Silicon: (72.15..72.66]', 'Calcium: (-inf..8.24]' => 'Magnesium: (3.73..+inf)'
c1 rule: 'Aluminum: (1.02..1.28]', 'Silicon: (73.02..+inf)', 'Iron: (0.11..0.19]' => 'Magnesium: (3.73..+inf)'
c1 rule: 'Aluminum: (1.02..1.28]', 'Silicon: (72.66..73.02]', 'Potassium: (0.48..0.61]', 'Calcium: (-inf..8.24]' => 'Magnesium: (3.73..+inf)'
c1 # of rules: 12
c1 rule time: 0.0101

c2 total rules: 80

c0 computing feature 4
c1 computing class: (-inf..1.02]
c1 discrimination constraints: 97h
c1 coverage constraints: 17v+511h
c1 formula: 83v, 707c (641h+66s)
c1 enumerating rules (maxsat-based)
c1 rule: 'Barium: (0.14..0.27]' => 'Aluminum: (-inf..1.02]'
c1 rule: 'Potassium: (0.16..0.48]', 'Calcium: (8.64..9.27]' => 'Aluminum: (-inf..1.02]'
c1 rule: 'Sodium: (13.63..+inf)', 'Silicon: (73.02..+inf)' => 'Aluminum: (-inf..1.02]'
c1 rule: 'Silicon: (73.02..+inf)', 'Calcium: (9.27..+inf)' => 'Aluminum: (-inf..1.02]'
c1 rule: 'Sodium: (12.81..13.22]', 'Calcium: (9.27..+inf)' => 'Aluminum: (-inf..1.02]'
c1 rule: 'Sodium: (13.22..13.63]', 'Calcium: (9.27..+inf)' => 'Aluminum: (-inf..1.02]'
c1 rule: 'Magnesium: (3.73..+inf)', 'Calcium: (9.27..+inf)' => 'Aluminum: (-inf..1.02]'
c1 rule: 'Silicon: (72.66..73.02]', 'Calcium: (9.27..+inf)' => 'Aluminum: (-inf..1.02]'
c1 rule: 'Potassium: (-inf..0.16]', 'Iron: (0.19..0.28]' => 'Aluminum: (-inf..1.02]'
c1 rule: 'Sodium: (-inf..12.81]', 'Potassium: (-inf..0.16]' => 'Aluminum: (-inf..1.02]'
c1 rule: 'Calcium: (9.27..+inf)', not 'Magnesium: (-inf..3.33]', not 'Iron: (-inf..0.11]' => 'Aluminum: (-inf..1.02]'
c1 rule: 'Refractive Index: (-inf..1.52]', 'Magnesium: (3.73..+inf)', 'Potassium: (-inf..0.16]' => 'Aluminum: (-inf..1.02]'
c1 # of rules: 12
c1 rule time: 0.0080

c1 computing class: (1.02..1.28]
c1 discrimination constraints: 77h
c1 coverage constraints: 37v+1111h
c1 formula: 103v, 1287c (1221h+66s)
c1 enumerating rules (maxsat-based)
c1 rule: 'Sodium: (13.22..13.63]', 'Magnesium: (-inf..3.33]' => 'Aluminum: (1.02..1.28]'
c1 rule: 'Sodium: (13.22..13.63]', 'Iron: (0.11..0.19]' => 'Aluminum: (1.02..1.28]'
c1 rule: 'Potassium: (0.61..+inf)', 'Iron: (0.11..0.19]' => 'Aluminum: (1.02..1.28]'
c1 rule: 'Magnesium: (3.33..3.53]', 'Iron: (0.28..+inf)' => 'Aluminum: (1.02..1.28]'
c1 rule: 'Calcium: (8.24..8.64]', 'Iron: (0.28..+inf)' => 'Aluminum: (1.02..1.28]'
c1 rule: 'Sodium: (12.81..13.22]', 'Iron: (0.28..+inf)' => 'Aluminum: (1.02..1.28]'
c1 rule: 'Calcium: (8.24..8.64]', not 'Refractive Index: (-inf..1.52]' => 'Aluminum: (1.02..1.28]'
c1 rule: 'Magnesium: (3.73..+inf)', 'Silicon: (72.66..73.02]' => 'Aluminum: (1.02..1.28]'
c1 rule: 'Magnesium: (3.73..+inf)', 'Silicon: (73.02..+inf)' => 'Aluminum: (1.02..1.28]'
c1 rule: 'Magnesium: (3.73..+inf)', 'Potassium: (0.61..+inf)' => 'Aluminum: (1.02..1.28]'
c1 rule: 'Silicon: (72.66..73.02]', not 'Sodium: (12.81..13.22]', not 'Iron: (-inf..0.11]' => 'Aluminum: (1.02..1.28]'
c1 rule: 'Sodium: (13.22..13.63]', 'Potassium: (-inf..0.16]', not 'Silicon: (-inf..72.15]' => 'Aluminum: (1.02..1.28]'
c1 rule: 'Silicon: (72.15..72.66]', 'Calcium: (8.64..9.27]', not 'Magnesium: (3.53..3.73]' => 'Aluminum: (1.02..1.28]'
c1 rule: 'Potassium: (0.61..+inf)', 'Calcium: (8.64..9.27]', not 'Silicon: (72.66..73.02]' => 'Aluminum: (1.02..1.28]'
c1 rule: 'Potassium: (0.61..+inf)', not 'Sodium: (-inf..12.81]', not 'Calcium: (-inf..8.24]' => 'Aluminum: (1.02..1.28]'
c1 rule: 'Sodium: (12.81..13.22]', 'Magnesium: (-inf..3.33]', 'Barium: (-inf..0.09]' => 'Aluminum: (1.02..1.28]'
c1 rule: 'Calcium: (8.24..8.64]', 'Iron: (0.19..0.28]', not 'Magnesium: (3.73..+inf)' => 'Aluminum: (1.02..1.28]'
c1 rule: 'Magnesium: (3.73..+inf)', 'Calcium: (-inf..8.24]', not 'Iron: (0.11..0.19]' => 'Aluminum: (1.02..1.28]'
c1 rule: 'Sodium: (13.22..13.63]', 'Potassium: (0.61..+inf)', not 'Silicon: (72.15..72.66]' => 'Aluminum: (1.02..1.28]'
c1 rule: 'Sodium: (13.22..13.63]', 'Silicon: (73.02..+inf)', not 'Magnesium: (3.33..3.53]' => 'Aluminum: (1.02..1.28]'
c1 rule: 'Silicon: (73.02..+inf)', 'Calcium: (8.64..9.27]', 'Iron: (-inf..0.11]' => 'Aluminum: (1.02..1.28]'
c1 rule: 'Sodium: (-inf..12.81]', 'Calcium: (8.24..8.64]', not 'Magnesium: (3.33..3.53]', not 'Silicon: (73.02..+inf)' => 'Aluminum: (1.02..1.28]'
c1 rule: 'Silicon: (73.02..+inf)', 'Potassium: (0.48..0.61]', not 'Sodium: (-inf..12.81]', not 'Magnesium: (3.33..3.53]' => 'Aluminum: (1.02..1.28]'
c1 # of rules: 23
c1 rule time: 0.0220

c1 computing class: (1.28..1.54]
c1 discrimination constraints: 72h
c1 coverage constraints: 42v+1261h
c1 formula: 108v, 1432c (1366h+66s)
c1 enumerating rules (maxsat-based)
c1 rule: 'Barium: (0.09..0.14]' => 'Aluminum: (1.28..1.54]'
c1 rule: 'Iron: (-inf..0.11]', not 'Barium: (-inf..0.09]' => 'Aluminum: (1.28..1.54]'
c1 rule: 'Sodium: (-inf..12.81]', 'Iron: (0.11..0.19]' => 'Aluminum: (1.28..1.54]'
c1 rule: 'Potassium: (0.16..0.48]', 'Calcium: (8.24..8.64]' => 'Aluminum: (1.28..1.54]'
c1 rule: 'Calcium: (-inf..8.24]', 'Iron: (0.28..+inf)' => 'Aluminum: (1.28..1.54]'
c1 rule: 'Silicon: (-inf..72.15]', 'Potassium: (0.48..0.61]', 'Calcium: (-inf..8.24]' => 'Aluminum: (1.28..1.54]'
c1 rule: 'Silicon: (-inf..72.15]', 'Calcium: (8.24..8.64]', not 'Magnesium: (3.73..+inf)' => 'Aluminum: (1.28..1.54]'
c1 rule: 'Magnesium: (3.33..3.53]', 'Potassium: (0.48..0.61]', 'Calcium: (-inf..8.24]' => 'Aluminum: (1.28..1.54]'
c1 rule: 'Sodium: (13.22..13.63]', 'Silicon: (73.02..+inf)', not 'Potassium: (0.48..0.61]' => 'Aluminum: (1.28..1.54]'
c1 rule: 'Sodium: (13.22..13.63]', 'Potassium: (0.16..0.48]', 'Calcium: (-inf..8.24]' => 'Aluminum: (1.28..1.54]'
c1 rule: 'Potassium: (0.16..0.48]', 'Calcium: (-inf..8.24]', 'Iron: (-inf..0.11]' => 'Aluminum: (1.28..1.54]'
c1 rule: 'Potassium: (0.16..0.48]', 'Iron: (-inf..0.11]', not 'Silicon: (-inf..72.15]' => 'Aluminum: (1.28..1.54]'
c1 rule: 'Potassium: (0.16..0.48]', 'Iron: (-inf..0.11]', not 'Magnesium: (3.73..+inf)' => 'Aluminum: (1.28..1.54]'
c1 rule: 'Silicon: (72.15..72.66]', 'Calcium: (8.24..8.64]', not 'Sodium: (12.81..13.22]' => 'Aluminum: (1.28..1.54]'
c1 rule: 'Silicon: (72.15..72.66]', 'Calcium: (8.24..8.64]', not 'Iron: (0.11..0.19]' => 'Aluminum: (1.28..1.54]'
c1 rule: 'Sodium: (12.81..13.22]', 'Silicon: (72.15..72.66]', 'Calcium: (-inf..8.24]' => 'Aluminum: (1.28..1.54]'
c1 rule: 'Magnesium: (-inf..3.33]', 'Iron: (0.11..0.19]', not 'Potassium: (0.16..0.48]' => 'Aluminum: (1.28..1.54]'
c1 rule: 'Silicon: (73.02..+inf)', 'Calcium: (8.64..9.27]', not 'Iron: (-inf..0.11]' => 'Aluminum: (1.28..1.54]'
c1 rule: 'Sodium: (-inf..12.81]', 'Calcium: (-inf..8.24]', not 'Magnesium: (3.33..3.53]' => 'Aluminum: (1.28..1.54]'
c1 rule: 'Magnesium: (3.53..3.73]', 'Silicon: (72.66..73.02]', 'Calcium: (8.64..9.27]' => 'Aluminum: (1.28..1.54]'
c1 rule: 'Magnesium: (3.53..3.73]', 'Silicon: (72.15..72.66]', 'Potassium: (0.48..0.61]' => 'Aluminum: (1.28..1.54]'
c1 rule: 'Magnesium: (3.33..3.53]', 'Calcium: (-inf..8.24]', 'Iron: (0.19..0.28]', not 'Silicon: (73.02..+inf)' => 'Aluminum: (1.28..1.54]'
c1 rule: 'Sodium: (-inf..12.81]', 'Potassium: (0.61..+inf)', not 'Silicon: (73.02..+inf)', not 'Iron: (0.28..+inf)' => 'Aluminum: (1.28..1.54]'
c1 rule: 'Sodium: (-inf..12.81]', 'Silicon: (72.66..73.02]', 'Iron: (-inf..0.11]', not 'Magnesium: (3.53..3.73]' => 'Aluminum: (1.28..1.54]'
c1 # of rules: 24
c1 rule time: 0.0311

c1 computing class: (1.54..+inf)
c1 discrimination constraints: 96h
c1 coverage constraints: 18v+541h
c1 formula: 84v, 736c (670h+66s)
c1 enumerating rules (maxsat-based)
c1 rule: 'Sodium: (-inf..12.81]', 'Silicon: (72.15..72.66]' => 'Aluminum: (1.54..+inf)'
c1 rule: 'Magnesium: (3.33..3.53]', 'Potassium: (-inf..0.16]' => 'Aluminum: (1.54..+inf)'
c1 rule: 'Potassium: (-inf..0.16]', 'Calcium: (-inf..8.24]' => 'Aluminum: (1.54..+inf)'
c1 rule: 'Magnesium: (-inf..3.33]', 'Calcium: (8.24..8.64]' => 'Aluminum: (1.54..+inf)'
c1 rule: 'Sodium: (13.63..+inf)', 'Potassium: (0.61..+inf)' => 'Aluminum: (1.54..+inf)'
c1 rule: 'Barium: (0.27..+inf)', 'Iron: (0.19..0.28]' => 'Aluminum: (1.54..+inf)'
c1 rule: 'Silicon: (-inf..72.15]', 'Potassium: (0.16..0.48]', 'Iron: (0.11..0.19]' => 'Aluminum: (1.54..+inf)'
c1 rule: 'Magnesium: (3.53..3.73]', 'Iron: (0.19..0.28]', not 'Potassium: (-inf..0.16]' => 'Aluminum: (1.54..+inf)'
c1 rule: 'Calcium: (-inf..8.24]', 'Iron: (0.19..0.28]', not 'Sodium: (12.81..13.22]' => 'Aluminum: (1.54..+inf)'
c1 rule: 'Magnesium: (3.33..3.53]', not 'Silicon: (72.66..73.02]', not 'Iron: (-inf..0.11]' => 'Aluminum: (1.54..+inf)'
c1 rule: 'Sodium: (12.81..13.22]', 'Silicon: (72.66..73.02]', 'Calcium: (-inf..8.24]', not 'Magnesium: (3.33..3.53]' => 'Aluminum: (1.54..+inf)'
c1 rule: 'Sodium: (12.81..13.22]', 'Potassium: (0.61..+inf)', 'Iron: (-inf..0.11]', not 'Magnesium: (3.53..3.73]' => 'Aluminum: (1.54..+inf)'
c1 # of rules: 12
c1 rule time: 0.0105

c2 total rules: 71

c0 computing feature 5
c1 computing class: (-inf..72.15]
c1 discrimination constraints: 87h
c1 coverage constraints: 27v+811h
c1 formula: 93v, 997c (931h+66s)
c1 enumerating rules (maxsat-based)
c1 rule: 'Barium: (0.27..+inf)' => 'Silicon: (-inf..72.15]'
c1 rule: 'Magnesium: (3.33..3.53]', not 'Barium: (-inf..0.09]' => 'Silicon: (-inf..72.15]'
c1 rule: 'Sodium: (13.22..13.63]', not 'Refractive Index: (-inf..1.52]' => 'Silicon: (-inf..72.15]'
c1 rule: 'Calcium: (8.64..9.27]', not 'Refractive Index: (-inf..1.52]' => 'Silicon: (-inf..72.15]'
c1 rule: 'Potassium: (-inf..0.16]', 'Calcium: (-inf..8.24]' => 'Silicon: (-inf..72.15]'
c1 rule: 'Aluminum: (1.02..1.28]', 'Calcium: (9.27..+inf)' => 'Silicon: (-inf..72.15]'
c1 rule: 'Potassium: (0.48..0.61]', 'Calcium: (9.27..+inf)' => 'Silicon: (-inf..72.15]'
c1 rule: 'Sodium: (13.63..+inf)', 'Potassium: (0.48..0.61]' => 'Silicon: (-inf..72.15]'
c1 rule: 'Magnesium: (3.73..+inf)', 'Potassium: (-inf..0.16]' => 'Silicon: (-inf..72.15]'
c1 rule: 'Magnesium: (-inf..3.33]', 'Iron: (0.11..0.19]' => 'Silicon: (-inf..72.15]'
c1 rule: 'Aluminum: (1.54..+inf)', 'Calcium: (8.64..9.27]' => 'Silicon: (-inf..72.15]'
c1 rule: 'Iron: (0.19..0.28]', not 'Refractive Index: (-inf..1.52]' => 'Silicon: (-inf..72.15]'
c1 rule: 'Magnesium: (3.53..3.73]', 'Calcium: (9.27..+inf)', not 'Iron: (0.11..0.19]' => 'Silicon: (-inf..72.15]'
c1 rule: 'Magnesium: (3.53..3.73]', 'Calcium: (9.27..+inf)', not 'Potassium: (0.16..0.48]' => 'Silicon: (-inf..72.15]'
c1 rule: 'Sodium: (13.22..13.63]', 'Aluminum: (1.28..1.54]', 'Calcium: (8.64..9.27]' => 'Silicon: (-inf..72.15]'
c1 # of rules: 15
c1 rule time: 0.0113

c1 computing class: (72.15..72.66]
c1 discrimination constraints: 90h
c1 coverage constraints: 24v+721h
c1 formula: 90v, 910c (844h+66s)
c1 enumerating rules (maxsat-based)
c1 rule: 'Barium: (0.14..0.27]' => 'Silicon: (72.15..72.66]'
c1 rule: 'Sodium: (13.22..13.63]', not 'Iron: (-inf..0.11]' => 'Silicon: (72.15..72.66]'
c1 rule: 'Magnesium: (-inf..3.33]', 'Iron: (0.28..+inf)' => 'Silicon: (72.15..72.66]'
c1 rule: 'Magnesium: (3.53..3.73]', 'Iron: (0.28..+inf)' => 'Silicon: (72.15..72.66]'
c1 rule: 'Sodium: (13.63..+inf)', 'Potassium: (0.61..+inf)' => 'Silicon: (72.15..72.66]'
c1 rule: 'Sodium: (12.81..13.22]', 'Calcium: (9.27..+inf)' => 'Silicon: (72.15..72.66]'
c1 rule: 'Potassium: (0.61..+inf)', 'Iron: (0.11..0.19]' => 'Silicon: (72.15..72.66]'
c1 rule: 'Magnesium: (3.73..+inf)', 'Iron: (0.19..0.28]' => 'Silicon: (72.15..72.66]'
c1 rule: 'Sodium: (13.22..13.63]', 'Potassium: (0.61..+inf)', not 'Aluminum: (1.02..1.28]' => 'Silicon: (72.15..72.66]'
c1 rule: 'Sodium: (13.22..13.63]', 'Magnesium: (3.53..3.73]', 'Calcium: (8.64..9.27]' => 'Silicon: (72.15..72.66]'
c1 rule: 'Sodium: (13.22..13.63]', 'Magnesium: (3.73..+inf)', 'Aluminum: (1.28..1.54]' => 'Silicon: (72.15..72.66]'
c1 rule: 'Sodium: (12.81..13.22]', 'Calcium: (8.64..9.27]', not 'Magnesium: (-inf..3.33]' => 'Silicon: (72.15..72.66]'
c1 rule: 'Magnesium: (3.33..3.53]', 'Potassium: (0.48..0.61]', 'Iron: (0.11..0.19]' => 'Silicon: (72.15..72.66]'
c1 rule: 'Sodium: (12.81..13.22]', 'Calcium: (8.64..9.27]', not 'Barium: (0.09..0.14]', not 'Iron: (0.19..0.28]' => 'Silicon: (72.15..72.66]'
c1 rule: 'Sodium: (12.81..13.22]', 'Magnesium: (3.53..3.73]', 'Aluminum: (1.28..1.54]', not 'Potassium: (0.61..+inf)', not 'Calcium: (8.24..8.64]' => 'Silicon: (72.15..72.66]'
c1 # of rules: 15
c1 rule time: 0.0127

c1 computing class: (72.66..73.02]
c1 discrimination constraints: 79h
c1 coverage constraints: 35v+1051h
c1 formula: 101v, 1229c (1163h+66s)
c1 enumerating rules (maxsat-based)
c1 rule: 'Calcium: (8.24..8.64]', not 'Refractive Index: (-inf..1.52]' => 'Silicon: (72.66..73.02]'
c1 rule: 'Sodium: (13.22..13.63]', 'Magnesium: (-inf..3.33]' => 'Silicon: (72.66..73.02]'
c1 rule: 'Aluminum: (1.02..1.28]', 'Potassium: (0.16..0.48]' => 'Silicon: (72.66..73.02]'
c1 rule: 'Sodium: (12.81..13.22]', not 'Barium: (-inf..0.09]' => 'Silicon: (72.66..73.02]'
c1 rule: 'Magnesium: (3.33..3.53]', 'Iron: (0.28..+inf)' => 'Silicon: (72.66..73.02]'
c1 rule: 'Magnesium: (3.33..3.53]', 'Aluminum: (1.02..1.28]', not 'Iron: (-inf..0.11]' => 'Silicon: (72.66..73.02]'
c1 rule: 'Magnesium: (-inf..3.33]', 'Aluminum: (1.02..1.28]', not 'Iron: (-inf..0.11]' => 'Silicon: (72.66..73.02]'
c1 rule: 'Aluminum: (1.02..1.28]', 'Calcium: (8.24..8.64]', not 'Potassium: (0.48..0.61]' => 'Silicon: (72.66..73.02]'
c1 rule: 'Sodium: (12.81..13.22]', 'Magnesium: (3.33..3.53]', not 'Calcium: (8.24..8.64]' => 'Silicon: (72.66..73.02]'
c1 rule: 'Sodium: (12.81..13.22]', 'Calcium: (-inf..8.24]', not 'Iron: (-inf..0.11]' => 'Silicon: (72.66..73.02]'
c1 rule: 'Magnesium: (3.53..3.73]', 'Aluminum: (1.54..+inf)', 'Potassium: (0.48..0.61]' => 'Silicon: (72.66..73.02]'
c1 rule: 'Potassium: (0.61..+inf)', 'Calcium: (8.64..9.27]', not 'Aluminum: (1.02..1.28]' => 'Silicon: (72.66..73.02]'
c1 rule: 'Aluminum: (1.02..1.28]', 'Calcium: (-inf..8.24]', not 'Potassium: (0.48..0.61]' => 'Silicon: (72.66..73.02]'
c1 rule: 'Sodium: (12.81..13.22]', 'Magnesium: (3.53..3.73]', 'Calcium: (8.24..8.64]' => 'Silicon: (72.66..73.02]'
c1 rule: 'Sodium: (13.22..13.63]', 'Calcium: (8.24..8.64]', not 'Magnesium: (3.73..+inf)' => 'Silicon: (72.66..73.02]'
c1 rule: 'Sodium: (13.63..+inf)', 'Magnesium: (3.53..3.73]', 'Potassium: (0.16..0.48]' => 'Silicon: (72.66..73.02]'
c1 rule: 'Magnesium: (3.53..3.73]', 'Potassium: (0.16..0.48]', not 'Calcium: (9.27..+inf)' => 'Silicon: (72.66..73.02]'
c1 rule: 'Sodium: (13.22..13.63]', 'Magnesium: (3.53..3.73]', 'Potassium: (0.48..0.61]', not 'Aluminum: (1.02..1.28]' => 'Silicon: (72.66..73.02]'
c1 rule: 'Sodium: (-inf..12.81]', 'Aluminum: (1.28..1.54]', 'Calcium: (8.64..9.27]', 'Iron: (-inf..0.11]' => 'Silicon: (72.66..73.02]'
c1 # of rules: 19
c1 rule time: 0.0200

c1 computing class: (73.02..+inf)
c1 discrimination constraints: 86h
c1 coverage constraints: 28v+841h
c1 formula: 94v, 1026c (960h+66s)
c1 enumerating rules (maxsat-based)
c1 rule: 'Barium: (0.09..0.14]', 'Iron: (0.19..0.28]' => 'Silicon: (73.02..+inf)'
c1 rule: 'Potassium: (0.16..0.48]', 'Iron: (0.19..0.28]' => 'Silicon: (73.02..+inf)'
c1 rule: 'Sodium: (-inf..12.81]', 'Calcium: (-inf..8.24]' => 'Silicon: (73.02..+inf)'
c1 rule: 'Sodium: (-inf..12.81]', 'Iron: (0.11..0.19]' => 'Silicon: (73.02..+inf)'
c1 rule: 'Magnesium: (-inf..3.33]', 'Calcium: (8.24..8.64]' => 'Silicon: (73.02..+inf)'
c1 rule: 'Sodium: (12.81..13.22]', 'Potassium: (-inf..0.16]' => 'Silicon: (73.02..+inf)'
c1 rule: 'Refractive Index: (-inf..1.52]', 'Calcium: (9.27..+inf)' => 'Silicon: (73.02..+inf)'
c1 rule: 'Potassium: (0.16..0.48]', 'Calcium: (8.24..8.64]' => 'Silicon: (73.02..+inf)'
c1 rule: 'Refractive Index: (-inf..1.52]', 'Sodium: (-inf..12.81]', 'Magnesium: (-inf..3.33]' => 'Silicon: (73.02..+inf)'
c1 rule: 'Sodium: (12.81..13.22]', 'Aluminum: (1.02..1.28]', 'Calcium: (-inf..8.24]' => 'Silicon: (73.02..+inf)'
c1 rule: 'Sodium: (13.22..13.63]', 'Magnesium: (3.33..3.53]', 'Potassium: (0.16..0.48]' => 'Silicon: (73.02..+inf)'
c1 rule: 'Magnesium: (3.73..+inf)', 'Calcium: (8.24..8.64]', 'Iron: (0.11..0.19]' => 'Silicon: (73.02..+inf)'
c1 rule: 'Aluminum: (1.02..1.28]', 'Potassium: (0.48..0.61]', 'Calcium: (-inf..8.24]', not 'Magnesium: (3.73..+inf)' => 'Silicon: (73.02..+inf)'
c1 rule: 'Magnesium: (3.33..3.53]', 'Potassium: (0.48..0.61]', 'Calcium: (-inf..8.24]', not 'Sodium: (12.81..13.22]' => 'Silicon: (73.02..+inf)'
c1 rule: 'Sodium: (12.81..13.22]', 'Aluminum: (1.28..1.54]', not 'Potassium: (0.48..0.61]', not 'Iron: (0.19..0.28]' => 'Silicon: (73.02..+inf)'
c1 rule: 'Aluminum: (1.02..1.28]', 'Potassium: (0.61..+inf)', 'Iron: (-inf..0.11]', not 'Magnesium: (3.53..3.73]' => 'Silicon: (73.02..+inf)'
c1 rule: 'Magnesium: (3.53..3.73]', 'Aluminum: (1.02..1.28]', 'Potassium: (0.48..0.61]', 'Calcium: (8.64..9.27]' => 'Silicon: (73.02..+inf)'
c1 rule: 'Sodium: (-inf..12.81]', 'Magnesium: (3.33..3.53]', 'Aluminum: (1.02..1.28]', not 'Iron: (0.28..+inf)' => 'Silicon: (73.02..+inf)'
c1 rule: 'Sodium: (-inf..12.81]', 'Aluminum: (1.28..1.54]', not 'Magnesium: (3.33..3.53]', not 'Calcium: (8.64..9.27]' => 'Silicon: (73.02..+inf)'
c1 rule: 'Sodium: (12.81..13.22]', 'Calcium: (-inf..8.24]', 'Iron: (-inf..0.11]', not 'Magnesium: (3.33..3.53]', not 'Potassium: (0.48..0.61]' => 'Silicon: (73.02..+inf)'
c1 # of rules: 20
c1 rule time: 0.0188

c2 total rules: 69

c0 computing feature 6
c1 computing class: (-inf..0.16]
c1 discrimination constraints: 94h
c1 coverage constraints: 20v+601h
c1 formula: 86v, 794c (728h+66s)
c1 enumerating rules (maxsat-based)
c1 rule: 'Barium: (0.14..0.27]' => 'Potassium: (-inf..0.16]'
c1 rule: 'Silicon: (72.66..73.02]', 'Calcium: (9.27..+inf)' => 'Potassium: (-inf..0.16]'
c1 rule: 'Sodium: (13.63..+inf)', 'Silicon: (73.02..+inf)' => 'Potassium: (-inf..0.16]'
c1 rule: 'Silicon: (73.02..+inf)', not 'Refractive Index: (-inf..1.52]' => 'Potassium: (-inf..0.16]'
c1 rule: 'Aluminum: (1.02..1.28]', 'Calcium: (9.27..+inf)' => 'Potassium: (-inf..0.16]'
c1 rule: 'Barium: (0.27..+inf)', not 'Iron: (0.19..0.28]' => 'Potassium: (-inf..0.16]'
c1 rule: 'Iron: (0.19..0.28]', not 'Refractive Index: (-inf..1.52]', not 'Barium: (0.27..+inf)' => 'Potassium: (-inf..0.16]'
c1 rule: 'Refractive Index: (-inf..1.52]', 'Aluminum: (-inf..1.02]', not 'Sodium: (-inf..12.81]' => 'Potassium: (-inf..0.16]'
c1 rule: 'Aluminum: (-inf..1.02]', 'Iron: (-inf..0.11]', not 'Sodium: (13.22..13.63]' => 'Potassium: (-inf..0.16]'
c1 rule: 'Aluminum: (-inf..1.02]', 'Silicon: (-inf..72.15]', not 'Magnesium: (3.73..+inf)' => 'Potassium: (-inf..0.16]'
c1 rule: 'Sodium: (13.63..+inf)', 'Aluminum: (1.02..1.28]', 'Calcium: (8.64..9.27]' => 'Potassium: (-inf..0.16]'
c1 rule: 'Magnesium: (3.53..3.73]', 'Silicon: (-inf..72.15]', not 'Aluminum: (1.28..1.54]' => 'Potassium: (-inf..0.16]'
c1 rule: 'Sodium: (13.22..13.63]', 'Magnesium: (3.53..3.73]', 'Calcium: (8.64..9.27]' => 'Potassium: (-inf..0.16]'
c1 rule: 'Aluminum: (1.54..+inf)', 'Silicon: (73.02..+inf)', 'Iron: (0.11..0.19]' => 'Potassium: (-inf..0.16]'
c1 # of rules: 14
c1 rule time: 0.0129

c1 computing class: (0.16..0.48]
c1 discrimination constraints: 102h
c1 coverage constraints: 12v+361h
c1 formula: 78v, 562c (496h+66s)
c1 enumerating rules (maxsat-based)
c1 rule: 'Sodium: (12.81..13.22]', 'Calcium: (9.27..+inf)' => 'Potassium: (0.16..0.48]'
c1 rule: 'Aluminum: (-inf..1.02]', 'Iron: (0.28..+inf)' => 'Potassium: (0.16..0.48]'
c1 rule: 'Sodium: (13.63..+inf)', 'Silicon: (72.66..73.02]', not 'Magnesium: (-inf..3.33]' => 'Potassium: (0.16..0.48]'
c1 rule: 'Refractive Index: (-inf..1.52]', 'Calcium: (9.27..+inf)', not 'Sodium: (13.63..+inf)' => 'Potassium: (0.16..0.48]'
c1 rule: 'Aluminum: (1.28..1.54]', not 'Refractive Index: (-inf..1.52]', not 'Silicon: (-inf..72.15]' => 'Potassium: (0.16..0.48]'
c1 rule: 'Aluminum: (1.28..1.54]', 'Calcium: (9.27..+inf)', 'Iron: (-inf..0.11]' => 'Potassium: (0.16..0.48]'
c1 rule: 'Magnesium: (3.73..+inf)', not 'Refractive Index: (-inf..1.52]', not 'Sodium: (13.63..+inf)' => 'Potassium: (0.16..0.48]'
c1 rule: 'Magnesium: (-inf..3.33]', 'Iron: (0.11..0.19]', not 'Aluminum: (1.28..1.54]' => 'Potassium: (0.16..0.48]'
c1 # of rules: 8
c1 rule time: 0.0076

c1 computing class: (0.48..0.61]
c1 discrimination constraints: 58h
c1 coverage constraints: 56v+1681h
c1 formula: 122v, 1838c (1772h+66s)
c1 enumerating rules (maxsat-based)
c1 rule: 'Barium: (0.09..0.14]' => 'Potassium: (0.48..0.61]'
c1 rule: 'Sodium: (13.22..13.63]', 'Calcium: (8.24..8.64]' => 'Potassium: (0.48..0.61]'
c1 rule: 'Sodium: (13.63..+inf)', 'Calcium: (8.24..8.64]' => 'Potassium: (0.48..0.61]'
c1 rule: 'Magnesium: (3.73..+inf)', 'Silicon: (73.02..+inf)' => 'Potassium: (0.48..0.61]'
c1 rule: 'Sodium: (12.81..13.22]', 'Magnesium: (-inf..3.33]' => 'Potassium: (0.48..0.61]'
c1 rule: 'Magnesium: (-inf..3.33]', 'Calcium: (8.64..9.27]' => 'Potassium: (0.48..0.61]'
c1 rule: 'Magnesium: (-inf..3.33]', not 'Barium: (-inf..0.09]' => 'Potassium: (0.48..0.61]'
c1 rule: 'Silicon: (72.15..72.66]', 'Calcium: (8.24..8.64]' => 'Potassium: (0.48..0.61]'
c1 rule: 'Sodium: (-inf..12.81]', 'Magnesium: (3.53..3.73]' => 'Potassium: (0.48..0.61]'
c1 rule: 'Calcium: (8.24..8.64]', not 'Refractive Index: (-inf..1.52]' => 'Potassium: (0.48..0.61]'
c1 rule: 'Calcium: (8.24..8.64]', 'Iron: (0.19..0.28]' => 'Potassium: (0.48..0.61]'
c1 rule: 'Sodium: (13.22..13.63]', 'Iron: (0.11..0.19]' => 'Potassium: (0.48..0.61]'
c1 rule: 'Aluminum: (1.28..1.54]', 'Iron: (0.11..0.19]' => 'Potassium: (0.48..0.61]'
c1 rule: 'Magnesium: (3.73..+inf)', 'Calcium: (-inf..8.24]' => 'Potassium: (0.48..0.61]'
c1 rule: 'Aluminum: (1.54..+inf)', 'Calcium: (8.64..9.27]' => 'Potassium: (0.48..0.61]'
c1 rule: 'Magnesium: (3.33..3.53]', 'Silicon: (-inf..72.15]' => 'Potassium: (0.48..0.61]'
c1 rule: 'Sodium: (12.81..13.22]', 'Aluminum: (1.28..1.54]', 'Silicon: (72.15..72.66]' => 'Potassium: (0.48..0.61]'
c1 rule: 'Magnesium: (3.53..3.73]', 'Silicon: (73.02..+inf)', not 'Sodium: (12.81..13.22]' => 'Potassium: (0.48..0.61]'
c1 rule: 'Sodium: (-inf..12.81]', 'Aluminum: (1.02..1.28]', not 'Calcium: (8.64..9.27]' => 'Potassium: (0.48..0.61]'
c1 rule: 'Aluminum: (1.02..1.28]', 'Calcium: (8.24..8.64]', not 'Silicon: (72.66..73.02]' => 'Potassium: (0.48..0.61]'
c1 rule: 'Calcium: (8.24..8.64]', not 'Sodium: (12.81..13.22]', not 'Aluminum: (1.54..+inf)' => 'Potassium: (0.48..0.61]'
c1 rule: 'Magnesium: (3.53..3.73]', 'Calcium: (8.24..8.64]', not 'Aluminum: (1.02..1.28]' => 'Potassium: (0.48..0.61]'
c1 rule: 'Sodium: (13.22..13.63]', 'Magnesium: (3.33..3.53]', not 'Calcium: (-inf..8.24]' => 'Potassium: (0.48..0.61]'
c1 rule: 'Sodium: (13.22..13.63]', 'Aluminum: (1.54..+inf)', not 'Silicon: (72.15..72.66]' => 'Potassium: (0.48..0.61]'
c1 rule: 'Calcium: (8.24..8.64]', not 'Aluminum: (1.02..1.28]', not 'Silicon: (73.02..+inf)' => 'Potassium: (0.48..0.61]'
c1 rule: 'Magnesium: (3.53..3.73]', 'Calcium: (8.24..8.64]', 'Iron: (0.11..0.19]' => 'Potassium: (0.48..0.61]'
c1 rule: 'Aluminum: (1.02..1.28]', 'Calcium: (-inf..8.24]', not 'Silicon: (72.66..73.02]' => 'Potassium: (0.48..0.61]'
c1 rule: 'Magnesium: (3.53..3.73]', 'Aluminum: (1.54..+inf)', 'Silicon: (72.66..73.02]', not 'Iron: (0.19..0.28]' => 'Potassium: (0.48..0.61]'
c1 rule: 'Aluminum: (1.02..1.28]', 'Silicon: (72.66..73.02]', 'Iron: (-inf..0.11]', not 'Magnesium: (3.53..3.73]' => 'Potassium: (0.48..0.61]'
c1 rule: 'Sodium: (12.81..13.22]', 'Aluminum: (1.28..1.54]', 'Silicon: (72.66..73.02]', 'Iron: (-inf..0.11]' => 'Potassium: (0.48..0.61]'
c1 # of rules: 30
c1 rule time: 0.0296

c1 computing class: (0.61..+inf)
c1 discrimination constraints: 88h
c1 coverage constraints: 26v+781h
c1 formula: 92v, 968c (902h+66s)
c1 enumerating rules (maxsat-based)
c1 rule: 'Magnesium: (-inf..3.33]', 'Calcium: (-inf..8.24]' => 'Potassium: (0.61..+inf)'
c1 rule: 'Sodium: (-inf..12.81]', 'Silicon: (72.15..72.66]' => 'Potassium: (0.61..+inf)'
c1 rule: 'Silicon: (72.15..72.66]', 'Iron: (0.28..+inf)' => 'Potassium: (0.61..+inf)'
c1 rule: 'Sodium: (-inf..12.81]', 'Iron: (0.28..+inf)' => 'Potassium: (0.61..+inf)'
c1 rule: 'Sodium: (-inf..12.81]', 'Calcium: (-inf..8.24]' => 'Potassium: (0.61..+inf)'
c1 rule: 'Magnesium: (-inf..3.33]', 'Calcium: (8.24..8.64]' => 'Potassium: (0.61..+inf)'
c1 rule: 'Magnesium: (3.33..3.53]', 'Iron: (0.28..+inf)' => 'Potassium: (0.61..+inf)'
c1 rule: 'Calcium: (-inf..8.24]', 'Iron: (0.19..0.28]' => 'Potassium: (0.61..+inf)'
c1 rule: 'Aluminum: (1.54..+inf)', 'Silicon: (72.15..72.66]', not 'Iron: (0.11..0.19]' => 'Potassium: (0.61..+inf)'
c1 rule: 'Aluminum: (1.54..+inf)', 'Silicon: (73.02..+inf)', not 'Calcium: (8.24..8.64]' => 'Potassium: (0.61..+inf)'
c1 rule: 'Aluminum: (1.54..+inf)', 'Calcium: (-inf..8.24]', not 'Magnesium: (3.53..3.73]' => 'Potassium: (0.61..+inf)'
c1 rule: 'Magnesium: (3.33..3.53]', 'Silicon: (73.02..+inf)', 'Calcium: (8.64..9.27]' => 'Potassium: (0.61..+inf)'
c1 rule: 'Sodium: (-inf..12.81]', 'Magnesium: (3.33..3.53]', 'Calcium: (8.64..9.27]' => 'Potassium: (0.61..+inf)'
c1 rule: 'Magnesium: (3.33..3.53]', 'Silicon: (72.15..72.66]', 'Calcium: (-inf..8.24]' => 'Potassium: (0.61..+inf)'
c1 rule: 'Magnesium: (3.73..+inf)', 'Calcium: (8.64..9.27]', not 'Silicon: (-inf..72.15]' => 'Potassium: (0.61..+inf)'
c1 rule: 'Calcium: (8.64..9.27]', 'Iron: (0.11..0.19]', not 'Sodium: (-inf..12.81]' => 'Potassium: (0.61..+inf)'
c1 rule: 'Magnesium: (3.53..3.73]', 'Aluminum: (1.02..1.28]', 'Silicon: (72.66..73.02]', not 'Calcium: (8.24..8.64]' => 'Potassium: (0.61..+inf)'
c1 rule: 'Magnesium: (3.53..3.73]', 'Silicon: (72.15..72.66]', 'Calcium: (-inf..8.24]', not 'Sodium: (12.81..13.22]' => 'Potassium: (0.61..+inf)'
c1 rule: 'Magnesium: (3.53..3.73]', 'Silicon: (73.02..+inf)', 'Calcium: (-inf..8.24]', not 'Aluminum: (1.02..1.28]' => 'Potassium: (0.61..+inf)'
c1 # of rules: 19
c1 rule time: 0.0159

c2 total rules: 71

c0 computing feature 7
c1 computing class: (-inf..8.24]
c1 discrimination constraints: 81h
c1 coverage constraints: 33v+991h
c1 formula: 99v, 1171c (1105h+66s)
c1 enumerating rules (maxsat-based)
c1 rule: 'Aluminum: (1.02..1.28]', 'Potassium: (0.16..0.48]' => 'Calcium: (-inf..8.24]'
c1 rule: 'Magnesium: (3.73..+inf)', 'Silicon: (72.66..73.02]' => 'Calcium: (-inf..8.24]'
c1 rule: 'Sodium: (13.22..13.63]', 'Iron: (0.11..0.19]' => 'Calcium: (-inf..8.24]'
c1 rule: 'Sodium: (13.22..13.63]', 'Iron: (0.28..+inf)' => 'Calcium: (-inf..8.24]'
c1 rule: 'Sodium: (13.22..13.63]', 'Potassium: (0.61..+inf)' => 'Calcium: (-inf..8.24]'
c1 rule: 'Sodium: (13.22..13.63]', 'Silicon: (73.02..+inf)' => 'Calcium: (-inf..8.24]'
c1 rule: 'Silicon: (72.66..73.02]', 'Potassium: (0.16..0.48]' => 'Calcium: (-inf..8.24]'
c1 rule: 'Magnesium: (3.53..3.73]', 'Aluminum: (1.54..+inf)' => 'Calcium: (-inf..8.24]'
c1 rule: 'Sodium: (13.63..+inf)', 'Potassium: (0.61..+inf)' => 'Calcium: (-inf..8.24]'
c1 rule: 'Aluminum: (1.54..+inf)', 'Silicon: (72.66..73.02]' => 'Calcium: (-inf..8.24]'
c1 rule: 'Magnesium: (3.33..3.53]', 'Aluminum: (1.54..+inf)', 'Potassium: (0.61..+inf)' => 'Calcium: (-inf..8.24]'
c1 rule: 'Aluminum: (1.28..1.54]', 'Potassium: (0.61..+inf)', not 'Magnesium: (3.33..3.53]' => 'Calcium: (-inf..8.24]'
c1 rule: 'Aluminum: (1.28..1.54]', 'Potassium: (0.61..+inf)', not 'Silicon: (72.66..73.02]' => 'Calcium: (-inf..8.24]'
c1 rule: 'Magnesium: (3.53..3.73]', 'Silicon: (73.02..+inf)', not 'Sodium: (-inf..12.81]' => 'Calcium: (-inf..8.24]'
c1 rule: 'Magnesium: (3.73..+inf)', 'Aluminum: (1.28..1.54]', not 'Silicon: (72.15..72.66]' => 'Calcium: (-inf..8.24]'
c1 rule: 'Aluminum: (1.28..1.54]', not 'Potassium: (0.48..0.61]', not 'Iron: (-inf..0.11]' => 'Calcium: (-inf..8.24]'
c1 rule: 'Sodium: (13.22..13.63]', 'Magnesium: (3.73..+inf)', 'Aluminum: (1.02..1.28]' => 'Calcium: (-inf..8.24]'
c1 # of rules: 17
c1 rule time: 0.0146

c1 computing class: (8.24..8.64]
c1 discrimination constraints: 82h
c1 coverage constraints: 32v+961h
c1 formula: 98v, 1142c (1076h+66s)
c1 enumerating rules (maxsat-based)
c1 rule: 'Sodium: (12.81..13.22]', 'Potassium: (-inf..0.16]' => 'Calcium: (8.24..8.64]'
c1 rule: 'Magnesium: (3.73..+inf)', 'Silicon: (73.02..+inf)' => 'Calcium: (8.24..8.64]'
c1 rule: 'Potassium: (0.48..0.61]', 'Iron: (0.28..+inf)' => 'Calcium: (8.24..8.64]'
c1 rule: 'Sodium: (12.81..13.22]', 'Iron: (0.11..0.19]', not 'Silicon: (72.15..72.66]' => 'Calcium: (8.24..8.64]'
c1 rule: 'Sodium: (12.81..13.22]', not 'Refractive Index: (-inf..1.52]', not 'Silicon: (72.15..72.66]' => 'Calcium: (8.24..8.64]'
c1 rule: 'Sodium: (12.81..13.22]', 'Iron: (0.11..0.19]', not 'Magnesium: (3.53..3.73]' => 'Calcium: (8.24..8.64]'
c1 rule: 'Sodium: (12.81..13.22]', 'Magnesium: (3.33..3.53]', not 'Silicon: (72.66..73.02]' => 'Calcium: (8.24..8.64]'
c1 rule: 'Sodium: (13.22..13.63]', 'Magnesium: (3.33..3.53]', 'Silicon: (72.66..73.02]' => 'Calcium: (8.24..8.64]'
c1 rule: 'Magnesium: (3.33..3.53]', 'Iron: (0.28..+inf)', not 'Sodium: (-inf..12.81]' => 'Calcium: (8.24..8.64]'
c1 rule: 'Sodium: (12.81..13.22]', 'Magnesium: (3.33..3.53]', 'Aluminum: (1.02..1.28]' => 'Calcium: (8.24..8.64]'
c1 rule: 'Sodium: (12.81..13.22]', 'Magnesium: (3.73..+inf)', not 'Potassium: (0.61..+inf)' => 'Calcium: (8.24..8.64]'
c1 rule: 'Magnesium: (3.73..+inf)', not 'Aluminum: (1.02..1.28]', not 'Silicon: (-inf..72.15]' => 'Calcium: (8.24..8.64]'
c1 rule: 'Magnesium: (3.53..3.73]', 'Silicon: (-inf..72.15]', not 'Potassium: (-inf..0.16]' => 'Calcium: (8.24..8.64]'
c1 rule: 'Magnesium: (-inf..3.33]', 'Aluminum: (1.54..+inf)', 'Silicon: (73.02..+inf)' => 'Calcium: (8.24..8.64]'
c1 rule: 'Sodium: (-inf..12.81]', 'Magnesium: (3.33..3.53]', 'Potassium: (0.48..0.61]' => 'Calcium: (8.24..8.64]'
c1 rule: 'Magnesium: (3.53..3.73]', 'Aluminum: (1.02..1.28]', 'Potassium: (0.48..0.61]', not 'Silicon: (73.02..+inf)' => 'Calcium: (8.24..8.64]'
c1 rule: 'Sodium: (12.81..13.22]', 'Magnesium: (3.53..3.73]', 'Silicon: (72.66..73.02]', not 'Aluminum: (1.54..+inf)' => 'Calcium: (8.24..8.64]'
c1 rule: 'Magnesium: (3.53..3.73]', 'Silicon: (73.02..+inf)', 'Potassium: (0.48..0.61]', not 'Aluminum: (1.02..1.28]', not 'Iron: (0.11..0.19]' => 'Calcium: (8.24..8.64]'
c1 # of rules: 18
c1 rule time: 0.0200

c1 computing class: (8.64..9.27]
c1 discrimination constraints: 86h
c1 coverage constraints: 28v+841h
c1 formula: 94v, 1026c (960h+66s)
c1 enumerating rules (maxsat-based)
c1 rule: 'Barium: (0.09..0.14]' => 'Calcium: (8.64..9.27]'
c1 rule: 'Barium: (0.14..0.27]' => 'Calcium: (8.64..9.27]'
c1 rule: 'Sodium: (13.63..+inf)', not 'Barium: (-inf..0.09]' => 'Calcium: (8.64..9.27]'
c1 rule: 'Sodium: (-inf..12.81]', 'Iron: (0.11..0.19]' => 'Calcium: (8.64..9.27]'
c1 rule: 'Potassium: (0.61..+inf)', 'Iron: (0.11..0.19]' => 'Calcium: (8.64..9.27]'
c1 rule: 'Sodium: (13.22..13.63]', 'Magnesium: (-inf..3.33]' => 'Calcium: (8.64..9.27]'
c1 rule: 'Sodium: (12.81..13.22]', 'Magnesium: (-inf..3.33]' => 'Calcium: (8.64..9.27]'
c1 rule: 'Silicon: (72.15..72.66]', 'Potassium: (-inf..0.16]' => 'Calcium: (8.64..9.27]'
c1 rule: 'Magnesium: (3.73..+inf)', 'Potassium: (0.61..+inf)' => 'Calcium: (8.64..9.27]'
c1 rule: 'Magnesium: (3.33..3.53]', 'Silicon: (-inf..72.15]' => 'Calcium: (8.64..9.27]'
c1 rule: 'Potassium: (0.16..0.48]', 'Iron: (0.28..+inf)' => 'Calcium: (8.64..9.27]'
c1 rule: 'Aluminum: (1.02..1.28]', 'Silicon: (72.15..72.66]', 'Iron: (0.28..+inf)' => 'Calcium: (8.64..9.27]'
c1 rule: 'Aluminum: (1.02..1.28]', 'Silicon: (72.15..72.66]', not 'Magnesium: (3.73..+inf)' => 'Calcium: (8.64..9.27]'
c1 rule: 'Aluminum: (1.02..1.28]', 'Potassium: (0.61..+inf)', not 'Silicon: (72.66..73.02]' => 'Calcium: (8.64..9.27]'
c1 rule: 'Refractive Index: (-inf..1.52]', 'Magnesium: (-inf..3.33]', 'Potassium: (0.48..0.61]' => 'Calcium: (8.64..9.27]'
c1 rule: 'Silicon: (72.66..73.02]', 'Iron: (0.28..+inf)', not 'Sodium: (12.81..13.22]' => 'Calcium: (8.64..9.27]'
c1 rule: 'Refractive Index: (-inf..1.52]', 'Aluminum: (-inf..1.02]', 'Silicon: (-inf..72.15]' => 'Calcium: (8.64..9.27]'
c1 rule: 'Magnesium: (3.73..+inf)', not 'Aluminum: (-inf..1.02]', not 'Potassium: (0.48..0.61]' => 'Calcium: (8.64..9.27]'
c1 rule: 'Sodium: (-inf..12.81]', 'Silicon: (72.66..73.02]', not 'Potassium: (0.48..0.61]' => 'Calcium: (8.64..9.27]'
c1 rule: 'Sodium: (-inf..12.81]', 'Magnesium: (3.53..3.73]', not 'Aluminum: (1.02..1.28]', not 'Silicon: (73.02..+inf)' => 'Calcium: (8.64..9.27]'
c1 # of rules: 20
c1 rule time: 0.0167

c1 computing class: (9.27..+inf)
c1 discrimination constraints: 93h
c1 coverage constraints: 21v+631h
c1 formula: 87v, 823c (757h+66s)
c1 enumerating rules (maxsat-based)
c1 rule: 'Magnesium: (-inf..3.33]', not 'Refractive Index: (-inf..1.52]' => 'Calcium: (9.27..+inf)'
c1 rule: 'Sodium: (13.63..+inf)', 'Silicon: (73.02..+inf)' => 'Calcium: (9.27..+inf)'
c1 rule: 'Magnesium: (-inf..3.33]', 'Potassium: (0.16..0.48]' => 'Calcium: (9.27..+inf)'
c1 rule: 'Aluminum: (-inf..1.02]', 'Iron: (0.11..0.19]' => 'Calcium: (9.27..+inf)'
c1 rule: 'Aluminum: (-inf..1.02]', not 'Sodium: (13.63..+inf)' => 'Calcium: (9.27..+inf)'
c1 rule: 'Aluminum: (-inf..1.02]', 'Silicon: (-inf..72.15]', not 'Magnesium: (3.73..+inf)' => 'Calcium: (9.27..+inf)'
c1 rule: not 'Refractive Index: (-inf..1.52]', not 'Sodium: (12.81..13.22]', not 'Magnesium: (3.73..+inf)' => 'Calcium: (9.27..+inf)'
c1 # of rules: 7
c1 rule time: 0.0065

c2 total rules: 62

c0 computing feature 8
c1 computing class: (-inf..0.09]
c1 discrimination constraints: 6h
c1 coverage constraints: 108v+3241h
c1 formula: 174v, 3346c (3280h+66s)
c1 enumerating rules (maxsat-based)
c1 rule: 'Calcium: (-inf..8.24]' => 'Barium: (-inf..0.09]'
c1 rule: 'Potassium: (0.61..+inf)' => 'Barium: (-inf..0.09]'
c1 rule: 'Iron: (0.28..+inf)' => 'Barium: (-inf..0.09]'
c1 rule: 'Aluminum: (1.02..1.28]' => 'Barium: (-inf..0.09]'
c1 rule: 'Sodium: (13.22..13.63]' => 'Barium: (-inf..0.09]'
c1 rule: 'Calcium: (8.24..8.64]' => 'Barium: (-inf..0.09]'
c1 rule: 'Iron: (0.11..0.19]' => 'Barium: (-inf..0.09]'
c1 rule: 'Magnesium: (3.73..+inf)' => 'Barium: (-inf..0.09]'
c1 rule: 'Potassium: (0.16..0.48]' => 'Barium: (-inf..0.09]'
c1 rule: not 'Aluminum: (1.28..1.54]', not 'Iron: (0.19..0.28]' => 'Barium: (-inf..0.09]'
c1 rule: 'Sodium: (-inf..12.81]', not 'Iron: (0.19..0.28]' => 'Barium: (-inf..0.09]'
c1 rule: not 'Aluminum: (1.54..+inf)', not 'Calcium: (8.64..9.27]' => 'Barium: (-inf..0.09]'
c1 rule: 'Magnesium: (3.53..3.73]', not 'Potassium: (-inf..0.16]' => 'Barium: (-inf..0.09]'
c1 # of rules: 13
c1 rule time: 0.0136

c1 computing class: (0.09..0.14]
c1 discrimination constraints: 111h
c1 coverage constraints: 3v+91h
c1 formula: 69v, 301c (235h+66s)
c1 enumerating rules (maxsat-based)
c1 rule: 'Sodium: (13.63..+inf)', 'Magnesium: (3.33..3.53]', not 'Potassium: (0.16..0.48]' => 'Barium: (0.09..0.14]'
c1 rule: 'Sodium: (12.81..13.22]', 'Magnesium: (-inf..3.33]', not 'Aluminum: (1.02..1.28]' => 'Barium: (0.09..0.14]'
c1 # of rules: 2
c1 rule time: 0.0032

c1 computing class: (0.14..0.27]
c1 discrimination constraints: 113h
c1 coverage constraints: 1v+31h
c1 formula: 67v, 243c (177h+66s)
c1 enumerating rules (maxsat-based)
c1 rule: 'Sodium: (13.63..+inf)', 'Iron: (0.19..0.28]' => 'Barium: (0.14..0.27]'
c1 # of rules: 1
c1 rule time: 0.0018

c1 computing class: (0.27..+inf)
c1 discrimination constraints: 112h
c1 coverage constraints: 2v+61h
c1 formula: 68v, 272c (206h+66s)
c1 enumerating rules (maxsat-based)
c1 rule: 'Aluminum: (1.28..1.54]', 'Potassium: (-inf..0.16]' => 'Barium: (0.27..+inf)'
c1 rule: 'Sodium: (-inf..12.81]', 'Silicon: (-inf..72.15]', not 'Potassium: (-inf..0.16]' => 'Barium: (0.27..+inf)'
c1 # of rules: 2
c1 rule time: 0.0031

c2 total rules: 18

c0 computing feature 9
c1 computing class: (-inf..0.11]
c1 discrimination constraints: 35h
c1 coverage constraints: 79v+2371h
c1 formula: 145v, 2505c (2439h+66s)
c1 enumerating rules (maxsat-based)
c1 rule: 'Magnesium: (3.73..+inf)', 'Calcium: (9.27..+inf)' => 'Iron: (-inf..0.11]'
c1 rule: 'Magnesium: (3.73..+inf)', 'Potassium: (-inf..0.16]' => 'Iron: (-inf..0.11]'
c1 rule: 'Aluminum: (1.28..1.54]', 'Potassium: (-inf..0.16]' => 'Iron: (-inf..0.11]'
c1 rule: 'Magnesium: (3.33..3.53]', 'Silicon: (-inf..72.15]' => 'Iron: (-inf..0.11]'
c1 rule: 'Aluminum: (1.28..1.54]', 'Potassium: (0.16..0.48]' => 'Iron: (-inf..0.11]'
c1 rule: 'Calcium: (8.24..8.64]', not 'Refractive Index: (-inf..1.52]' => 'Iron: (-inf..0.11]'
c1 rule: 'Sodium: (13.63..+inf)', 'Silicon: (73.02..+inf)' => 'Iron: (-inf..0.11]'
c1 rule: 'Sodium: (13.63..+inf)', 'Potassium: (0.61..+inf)' => 'Iron: (-inf..0.11]'
c1 rule: 'Magnesium: (-inf..3.33]', 'Calcium: (-inf..8.24]' => 'Iron: (-inf..0.11]'
c1 rule: 'Silicon: (73.02..+inf)', not 'Refractive Index: (-inf..1.52]' => 'Iron: (-inf..0.11]'
c1 rule: 'Magnesium: (-inf..3.33]', 'Calcium: (8.24..8.64]' => 'Iron: (-inf..0.11]'
c1 rule: 'Silicon: (72.66..73.02]', 'Potassium: (-inf..0.16]' => 'Iron: (-inf..0.11]'
c1 rule: 'Aluminum: (1.02..1.28]', not 'Refractive Index: (-inf..1.52]' => 'Iron: (-inf..0.11]'
c1 rule: 'Aluminum: (1.02..1.28]', 'Potassium: (-inf..0.16]' => 'Iron: (-inf..0.11]'
c1 rule: 'Sodium: (13.22..13.63]', 'Magnesium: (-inf..3.33]' => 'Iron: (-inf..0.11]'
c1 rule: 'Sodium: (13.22..13.63]', 'Aluminum: (1.54..+inf)' => 'Iron: (-inf..0.11]'
c1 rule: 'Sodium: (13.22..13.63]', 'Calcium: (8.24..8.64]' => 'Iron: (-inf..0.11]'
c1 rule: 'Sodium: (13.22..13.63]', 'Magnesium: (3.33..3.53]' => 'Iron: (-inf..0.11]'
c1 rule: 'Sodium: (13.22..13.63]', not 'Silicon: (72.15..72.66]' => 'Iron: (-inf..0.11]'
c1 rule: 'Sodium: (-inf..12.81]', 'Calcium: (8.24..8.64]' => 'Iron: (-inf..0.11]'
c1 rule: 'Barium: (0.09..0.14]', not 'Silicon: (73.02..+inf)' => 'Iron: (-inf..0.11]'
c1 rule: 'Sodium: (-inf..12.81]', 'Aluminum: (1.28..1.54]', not 'Calcium: (8.64..9.27]' => 'Iron: (-inf..0.11]'
c1 rule: 'Sodium: (-inf..12.81]', 'Aluminum: (1.28..1.54]', not 'Potassium: (0.48..0.61]' => 'Iron: (-inf..0.11]'
c1 rule: 'Magnesium: (3.33..3.53]', 'Aluminum: (1.28..1.54]', not 'Silicon: (72.66..73.02]' => 'Iron: (-inf..0.11]'
c1 rule: 'Magnesium: (3.33..3.53]', not 'Aluminum: (1.54..+inf)', not 'Silicon: (72.66..73.02]' => 'Iron: (-inf..0.11]'
c1 rule: 'Magnesium: (3.33..3.53]', 'Aluminum: (1.28..1.54]', not 'Calcium: (-inf..8.24]' => 'Iron: (-inf..0.11]'
c1 rule: 'Aluminum: (1.28..1.54]', 'Silicon: (73.02..+inf)', 'Calcium: (-inf..8.24]' => 'Iron: (-inf..0.11]'
c1 rule: 'Silicon: (73.02..+inf)', 'Calcium: (-inf..8.24]', not 'Aluminum: (1.54..+inf)' => 'Iron: (-inf..0.11]'
c1 rule: 'Silicon: (73.02..+inf)', 'Calcium: (-inf..8.24]', not 'Sodium: (-inf..12.81]' => 'Iron: (-inf..0.11]'
c1 rule: 'Magnesium: (3.33..3.53]', 'Aluminum: (1.28..1.54]', not 'Potassium: (0.61..+inf)' => 'Iron: (-inf..0.11]'
c1 rule: 'Aluminum: (1.28..1.54]', 'Silicon: (72.66..73.02]', not 'Sodium: (12.81..13.22]' => 'Iron: (-inf..0.11]'
c1 rule: 'Magnesium: (3.53..3.73]', 'Calcium: (8.24..8.64]', not 'Silicon: (72.66..73.02]' => 'Iron: (-inf..0.11]'
c1 rule: 'Magnesium: (3.53..3.73]', 'Silicon: (72.15..72.66]', 'Potassium: (0.48..0.61]' => 'Iron: (-inf..0.11]'
c1 rule: 'Magnesium: (3.53..3.73]', 'Aluminum: (1.02..1.28]', not 'Sodium: (12.81..13.22]' => 'Iron: (-inf..0.11]'
c1 rule: 'Sodium: (13.63..+inf)', 'Potassium: (-inf..0.16]', not 'Magnesium: (3.53..3.73]' => 'Iron: (-inf..0.11]'
c1 rule: 'Sodium: (12.81..13.22]', 'Magnesium: (-inf..3.33]', not 'Silicon: (72.66..73.02]' => 'Iron: (-inf..0.11]'
c1 rule: 'Magnesium: (3.53..3.73]', 'Potassium: (0.48..0.61]', 'Calcium: (-inf..8.24]' => 'Iron: (-inf..0.11]'
c1 rule: 'Magnesium: (3.53..3.73]', 'Calcium: (8.24..8.64]', not 'Potassium: (0.48..0.61]' => 'Iron: (-inf..0.11]'
c1 rule: 'Magnesium: (3.33..3.53]', 'Aluminum: (1.54..+inf)', 'Silicon: (72.66..73.02]' => 'Iron: (-inf..0.11]'
c1 # of rules: 39
c1 rule time: 0.0407

c1 computing class: (0.11..0.19]
c1 discrimination constraints: 99h
c1 coverage constraints: 15v+451h
c1 formula: 81v, 649c (583h+66s)
c1 enumerating rules (maxsat-based)
c1 rule: 'Magnesium: (3.73..+inf)', 'Silicon: (73.02..+inf)' => 'Iron: (0.11..0.19]'
c1 rule: 'Silicon: (-inf..72.15]', 'Calcium: (-inf..8.24]' => 'Iron: (0.11..0.19]'
c1 rule: 'Sodium: (12.81..13.22]', 'Calcium: (9.27..+inf)' => 'Iron: (0.11..0.19]'
c1 rule: 'Aluminum: (1.54..+inf)', 'Potassium: (-inf..0.16]' => 'Iron: (0.11..0.19]'
c1 rule: 'Aluminum: (1.02..1.28]', 'Potassium: (0.16..0.48]' => 'Iron: (0.11..0.19]'
c1 rule: 'Aluminum: (1.54..+inf)', 'Potassium: (0.16..0.48]' => 'Iron: (0.11..0.19]'
c1 rule: 'Aluminum: (1.28..1.54]', 'Potassium: (0.48..0.61]', not 'Refractive Index: (-inf..1.52]' => 'Iron: (0.11..0.19]'
c1 rule: 'Aluminum: (1.54..+inf)', 'Calcium: (8.24..8.64]', not 'Potassium: (0.61..+inf)' => 'Iron: (0.11..0.19]'
c1 rule: 'Silicon: (73.02..+inf)', 'Calcium: (8.64..9.27]', not 'Magnesium: (-inf..3.33]', not 'Aluminum: (1.02..1.28]' => 'Iron: (0.11..0.19]'
c1 # of rules: 9
c1 rule time: 0.0085

c1 computing class: (0.19..0.28]
c1 discrimination constraints: 101h
c1 coverage constraints: 13v+391h
c1 formula: 79v, 591c (525h+66s)
c1 enumerating rules (maxsat-based)
c1 rule: 'Barium: (0.14..0.27]' => 'Iron: (0.19..0.28]'
c1 rule: not 'Calcium: (8.64..9.27]', not 'Barium: (-inf..0.09]' => 'Iron: (0.19..0.28]'
c1 rule: 'Sodium: (-inf..12.81]', not 'Barium: (-inf..0.09]' => 'Iron: (0.19..0.28]'
c1 rule: 'Magnesium: (3.73..+inf)', 'Potassium: (0.61..+inf)' => 'Iron: (0.19..0.28]'
c1 rule: 'Sodium: (-inf..12.81]', 'Potassium: (0.16..0.48]' => 'Iron: (0.19..0.28]'
c1 rule: 'Sodium: (12.81..13.22]', 'Magnesium: (3.73..+inf)', not 'Silicon: (73.02..+inf)' => 'Iron: (0.19..0.28]'
c1 rule: 'Magnesium: (-inf..3.33]', 'Silicon: (73.02..+inf)', 'Potassium: (0.48..0.61]' => 'Iron: (0.19..0.28]'
c1 rule: 'Sodium: (12.81..13.22]', 'Aluminum: (1.28..1.54]', 'Silicon: (72.66..73.02]', not 'Potassium: (0.48..0.61]' => 'Iron: (0.19..0.28]'
c1 rule: 'Sodium: (12.81..13.22]', 'Aluminum: (1.02..1.28]', 'Silicon: (72.66..73.02]', not 'Calcium: (8.24..8.64]' => 'Iron: (0.19..0.28]'
c1 rule: 'Aluminum: (1.54..+inf)', 'Silicon: (72.66..73.02]', not 'Magnesium: (3.33..3.53]', not 'Potassium: (0.48..0.61]' => 'Iron: (0.19..0.28]'
c1 # of rules: 10
c1 rule time: 0.0094

c1 computing class: (0.28..+inf)
c1 discrimination constraints: 107h
c1 coverage constraints: 7v+211h
c1 formula: 73v, 417c (351h+66s)
c1 enumerating rules (maxsat-based)
c1 rule: 'Sodium: (-inf..12.81]', 'Silicon: (72.15..72.66]' => 'Iron: (0.28..+inf)'
c1 rule: 'Potassium: (0.16..0.48]', 'Calcium: (8.64..9.27]' => 'Iron: (0.28..+inf)'
c1 rule: 'Silicon: (-inf..72.15]', 'Calcium: (8.24..8.64]', not 'Aluminum: (1.28..1.54]' => 'Iron: (0.28..+inf)'
c1 rule: 'Magnesium: (3.33..3.53]', 'Potassium: (0.61..+inf)', 'Calcium: (8.24..8.64]' => 'Iron: (0.28..+inf)'
c1 rule: 'Sodium: (-inf..12.81]', 'Calcium: (8.64..9.27]', not 'Aluminum: (1.28..1.54]', not 'Silicon: (73.02..+inf)' => 'Iron: (0.28..+inf)'
c1 # of rules: 5
c1 rule time: 0.0056

c2 total rules: 63
c3 total time: 0.7946

Rules are saved to ../rules/all/q4_glass2_train1.csv.json