c0 # of samps: 4938 (310 weighted)
c0 # of feats: 11 (15 binary)
c0 # of labls: 2
c0 parse time: 0.3502


c0 computing feature 1
c1 computing class: (-inf..7.0]
c1 discrimination constraints: 86h
c1 coverage constraints: 106v+1167h
c1 formula: 136v, 1298c (1268h+30s)
c1 enumerating rules (maxsat-based)
c1 rule: 'Age_Above_FourtyFive: 0', not 'Native_American: 0' => 'Number_of_Priors: (-inf..7.0]'
c1 rule: not 'Other: 0', not 'Female: 0' => 'Number_of_Priors: (-inf..7.0]'
c1 rule: not 'Asian: 0', not 'Female: 0' => 'Number_of_Priors: (-inf..7.0]'
c1 rule: not 'Asian: 0', not 'Misdemeanor: 0' => 'Number_of_Priors: (-inf..7.0]'
c1 rule: not 'Age_Above_FourtyFive: 0', not 'Asian: 0' => 'Number_of_Priors: (-inf..7.0]'
c1 rule: 'score_factor: 0', not 'Asian: 0' => 'Number_of_Priors: (-inf..7.0]'
c1 rule: not 'Age_Below_TwentyFive: 0', not 'Asian: 0' => 'Number_of_Priors: (-inf..7.0]'
c1 rule: not 'Age_Above_FourtyFive: 0', not 'Other: 0', not 'Misdemeanor: 0' => 'Number_of_Priors: (-inf..7.0]'
c1 rule: not 'score_factor: 0', not 'Other: 0', not 'Misdemeanor: 0' => 'Number_of_Priors: (-inf..7.0]'
c1 rule: 'score_factor: 0', not 'Age_Below_TwentyFive: 0', not 'Female: 0' => 'Number_of_Priors: (-inf..7.0]'
c1 rule: 'Misdemeanor: 0', not 'Age_Below_TwentyFive: 0', not 'Female: 0' => 'Number_of_Priors: (-inf..7.0]'
c1 rule: 'score_factor: 0', not 'Age_Below_TwentyFive: 0', not 'Hispanic: 0' => 'Number_of_Priors: (-inf..7.0]'
c1 rule: 'score_factor: 0', not 'Age_Below_TwentyFive: 0', not 'African_American: 0' => 'Number_of_Priors: (-inf..7.0]'
c1 rule: 'score_factor: 0', not 'Age_Below_TwentyFive: 0', not 'Other: 0' => 'Number_of_Priors: (-inf..7.0]'
c1 rule: 'score_factor: 0', not 'Age_Below_TwentyFive: 0', not 'Misdemeanor: 0' => 'Number_of_Priors: (-inf..7.0]'
c1 rule: 'score_factor: 0', not 'African_American: 0', not 'Female: 0' => 'Number_of_Priors: (-inf..7.0]'
c1 rule: not 'Age_Below_TwentyFive: 0', not 'Hispanic: 0', not 'Female: 0' => 'Number_of_Priors: (-inf..7.0]'
c1 rule: not 'Age_Above_FourtyFive: 0', not 'Hispanic: 0', not 'Female: 0' => 'Number_of_Priors: (-inf..7.0]'
c1 rule: not 'Age_Below_TwentyFive: 0', not 'Hispanic: 0', not 'Misdemeanor: 0' => 'Number_of_Priors: (-inf..7.0]'
c1 rule: 'Age_Above_FourtyFive: 0', 'Female: 0', not 'Hispanic: 0', not 'Misdemeanor: 0' => 'Number_of_Priors: (-inf..7.0]'
c1 rule: 'score_factor: 0', 'Age_Above_FourtyFive: 0', not 'Hispanic: 0', not 'Misdemeanor: 0' => 'Number_of_Priors: (-inf..7.0]'
c1 rule: 'African_American: 0', 'Female: 0', not 'Age_Below_TwentyFive: 0', not 'Misdemeanor: 0' => 'Number_of_Priors: (-inf..7.0]'
c1 rule: 'score_factor: 0', 'Age_Above_FourtyFive: 0', not 'Female: 0', not 'Misdemeanor: 0' => 'Number_of_Priors: (-inf..7.0]'
c1 # of rules: 23
c1 rule time: 0.0120

c1 computing class: (14.0..21.0]
c1 discrimination constraints: 173h
c1 coverage constraints: 19v+210h
c1 formula: 49v, 428c (398h+30s)
c1 enumerating rules (maxsat-based)
c1 rule: not 'Age_Above_FourtyFive: 0', not 'Native_American: 0', not 'Female: 0' => 'Number_of_Priors: (14.0..21.0]'
c1 # of rules: 1
c1 rule time: 0.0022

c1 computing class: (21.0..28.0]
c1 discrimination constraints: 177h
c1 coverage constraints: 15v+166h
c1 formula: 45v, 388c (358h+30s)
c1 enumerating rules (maxsat-based)
c1 rule: 'Female: 0', not 'Age_Above_FourtyFive: 0', not 'Native_American: 0' => 'Number_of_Priors: (21.0..28.0]'
c1 # of rules: 1
c1 rule time: 0.0021

c1 computing class: (28.0..+inf)
c1 discrimination constraints: 187h
c1 coverage constraints: 5v+56h
c1 formula: 35v, 288c (258h+30s)
c1 enumerating rules (maxsat-based)
c1 # of rules: 0
c1 rule time: 0.0013

c1 computing class: (7.0..14.0]
c1 discrimination constraints: 145h
c1 coverage constraints: 47v+518h
c1 formula: 77v, 708c (678h+30s)
c1 enumerating rules (maxsat-based)
c1 rule: 'Age_Below_TwentyFive: 0', not 'score_factor: 0', not 'Hispanic: 0', not 'Female: 0', not 'Misdemeanor: 0' => 'Number_of_Priors: (7.0..14.0]'
c1 # of rules: 1
c1 rule time: 0.0028

c2 total rules: 26

c0 computing feature 2
c1 computing class: 0
c1 discrimination constraints: 110h
c1 coverage constraints: 82v+1231h
c1 formula: 114v, 1389c (1357h+32s)
c1 enumerating rules (maxsat-based)
c1 rule: not 'Asian: 0', not 'Female: 0' => 'score_factor: 0'
c1 rule: not 'Asian: 0', not 'Misdemeanor: 0' => 'score_factor: 0'
c1 rule: 'Number_of_Priors: (14.0..21.0]', not 'Other: 0' => 'score_factor: 0'
c1 rule: not 'Age_Above_FourtyFive: 0', not 'Hispanic: 0', not 'Female: 0' => 'score_factor: 0'
c1 rule: not 'Age_Above_FourtyFive: 0', not 'Other: 0', not 'Female: 0' => 'score_factor: 0'
c1 rule: not 'Age_Above_FourtyFive: 0', not 'Other: 0', not 'Misdemeanor: 0' => 'score_factor: 0'
c1 rule: 'Number_of_Priors: (14.0..21.0]', not 'Age_Above_FourtyFive: 0', not 'Hispanic: 0' => 'score_factor: 0'
c1 rule: 'Number_of_Priors: (21.0..28.0]', not 'Age_Above_FourtyFive: 0', not 'Other: 0' => 'score_factor: 0'
c1 rule: 'Number_of_Priors: (14.0..21.0]', 'African_American: 0', not 'Age_Above_FourtyFive: 0', not 'Misdemeanor: 0' => 'score_factor: 0'
c1 rule: 'Number_of_Priors: (-inf..7.0]', 'Age_Below_TwentyFive: 0', not 'Hispanic: 0', not 'Female: 0' => 'score_factor: 0'
c1 rule: 'Number_of_Priors: (7.0..14.0]', 'African_American: 0', not 'Age_Above_FourtyFive: 0', not 'Female: 0', not 'Misdemeanor: 0' => 'score_factor: 0'
c1 # of rules: 11
c1 rule time: 0.0134

c1 computing class: 1
c1 discrimination constraints: 82h
c1 coverage constraints: 110v+1651h
c1 formula: 142v, 1781c (1749h+32s)
c1 enumerating rules (maxsat-based)
c1 rule: 'Number_of_Priors: (28.0..+inf)' => 'score_factor: 1'
c1 rule: 'Number_of_Priors: (21.0..28.0]', not 'Hispanic: 0' => 'score_factor: 1'
c1 rule: 'Number_of_Priors: (21.0..28.0]', not 'Female: 0' => 'score_factor: 1'
c1 rule: 'Number_of_Priors: (21.0..28.0]', not 'African_American: 0' => 'score_factor: 1'
c1 rule: 'Number_of_Priors: (21.0..28.0]', 'Age_Above_FourtyFive: 0' => 'score_factor: 1'
c1 rule: 'Number_of_Priors: (21.0..28.0]', not 'Misdemeanor: 0' => 'score_factor: 1'
c1 rule: 'Number_of_Priors: (21.0..28.0]', 'Other: 0' => 'score_factor: 1'
c1 rule: not 'Native_American: 0', not 'Female: 0' => 'score_factor: 1'
c1 rule: 'Number_of_Priors: (14.0..21.0]', not 'Female: 0' => 'score_factor: 1'
c1 rule: not 'Age_Below_TwentyFive: 0', not 'Native_American: 0' => 'score_factor: 1'
c1 rule: 'Number_of_Priors: (14.0..21.0]', 'Age_Above_FourtyFive: 0' => 'score_factor: 1'
c1 rule: 'Number_of_Priors: (14.0..21.0]', 'African_American: 0', 'Hispanic: 0', 'Other: 0', 'Misdemeanor: 0' => 'score_factor: 1'
c1 # of rules: 12
c1 rule time: 0.0163

c2 total rules: 23

c0 computing feature 3
c1 computing class: 0
c1 discrimination constraints: 69h
c1 coverage constraints: 123v+1846h
c1 formula: 155v, 1963c (1931h+32s)
c1 enumerating rules (maxsat-based)
c1 rule: not 'Age_Below_TwentyFive: 0' => 'Age_Above_FourtyFive: 0'
c1 rule: 'Number_of_Priors: (28.0..+inf)', not 'Other: 0' => 'Age_Above_FourtyFive: 0'
c1 rule: not 'Asian: 0', not 'Female: 0' => 'Age_Above_FourtyFive: 0'
c1 rule: 'Number_of_Priors: (21.0..28.0]', not 'Hispanic: 0' => 'Age_Above_FourtyFive: 0'
c1 rule: 'Number_of_Priors: (21.0..28.0]', not 'Female: 0', not 'Misdemeanor: 0' => 'Age_Above_FourtyFive: 0'
c1 rule: 'Number_of_Priors: (28.0..+inf)', 'Female: 0', not 'Misdemeanor: 0' => 'Age_Above_FourtyFive: 0'
c1 rule: 'Number_of_Priors: (14.0..21.0]', 'African_American: 0', 'Native_American: 0', not 'Female: 0' => 'Age_Above_FourtyFive: 0'
c1 rule: 'Number_of_Priors: (7.0..14.0]', 'Misdemeanor: 0', not 'African_American: 0', not 'Female: 0' => 'Age_Above_FourtyFive: 0'
c1 # of rules: 8
c1 rule time: 0.0154

c1 computing class: 1
c1 discrimination constraints: 123h
c1 coverage constraints: 69v+1036h
c1 formula: 101v, 1207c (1175h+32s)
c1 enumerating rules (maxsat-based)
c1 rule: 'Number_of_Priors: (28.0..+inf)', not 'Female: 0' => 'Age_Above_FourtyFive: 1'
c1 rule: 'Number_of_Priors: (28.0..+inf)', 'Other: 0', 'Misdemeanor: 0' => 'Age_Above_FourtyFive: 1'
c1 rule: 'Number_of_Priors: (21.0..28.0]', 'African_American: 0', 'Female: 0', not 'Misdemeanor: 0' => 'Age_Above_FourtyFive: 1'
c1 rule: 'Number_of_Priors: (21.0..28.0]', 'African_American: 0', 'Misdemeanor: 0', not 'Female: 0' => 'Age_Above_FourtyFive: 1'
c1 rule: 'Number_of_Priors: (21.0..28.0]', 'African_American: 0', 'Hispanic: 0', 'Other: 0', 'Misdemeanor: 0' => 'Age_Above_FourtyFive: 1'
c1 # of rules: 5
c1 rule time: 0.0085

c2 total rules: 13

c0 computing feature 4
c1 computing class: 0
c1 discrimination constraints: 46h
c1 coverage constraints: 146v+2191h
c1 formula: 178v, 2285c (2253h+32s)
c1 enumerating rules (maxsat-based)
c1 rule: 'Number_of_Priors: (21.0..28.0]' => 'Age_Below_TwentyFive: 0'
c1 rule: 'Number_of_Priors: (28.0..+inf)' => 'Age_Below_TwentyFive: 0'
c1 rule: 'Number_of_Priors: (14.0..21.0]', not 'Hispanic: 0' => 'Age_Below_TwentyFive: 0'
c1 rule: 'Number_of_Priors: (14.0..21.0]', 'African_American: 0' => 'Age_Below_TwentyFive: 0'
c1 rule: not 'Asian: 0', not 'Female: 0' => 'Age_Below_TwentyFive: 0'
c1 rule: not 'Native_American: 0', not 'Female: 0' => 'Age_Below_TwentyFive: 0'
c1 rule: 'Number_of_Priors: (14.0..21.0]', not 'Misdemeanor: 0' => 'Age_Below_TwentyFive: 0'
c1 # of rules: 7
c1 rule time: 0.0128

c1 computing class: 1
c1 discrimination constraints: 146h
c1 coverage constraints: 46v+691h
c1 formula: 78v, 885c (853h+32s)
c1 enumerating rules (maxsat-based)
c1 rule: 'Number_of_Priors: (7.0..14.0]', 'Age_Above_FourtyFive: 0', 'African_American: 0', 'Hispanic: 0', not 'Female: 0', not 'Misdemeanor: 0' => 'Age_Below_TwentyFive: 1'
c1 # of rules: 1
c1 rule time: 0.0042

c2 total rules: 8

c0 computing feature 5
c1 computing class: 0
c1 discrimination constraints: 56h
c1 coverage constraints: 136v+2041h
c1 formula: 168v, 2145c (2113h+32s)
c1 enumerating rules (maxsat-based)
c1 rule: not 'Other: 0' => 'African_American: 0'
c1 rule: not 'Native_American: 0' => 'African_American: 0'
c1 rule: not 'Asian: 0' => 'African_American: 0'
c1 rule: not 'Hispanic: 0' => 'African_American: 0'
c1 rule: 'Number_of_Priors: (28.0..+inf)', not 'Female: 0' => 'African_American: 0'
c1 # of rules: 5
c1 rule time: 0.0105

c1 computing class: 1
c1 discrimination constraints: 136h
c1 coverage constraints: 56v+841h
c1 formula: 88v, 1025c (993h+32s)
c1 enumerating rules (maxsat-based)
c1 rule: 'Number_of_Priors: (28.0..+inf)', 'Female: 0', not 'Misdemeanor: 0' => 'African_American: 1'
c1 # of rules: 1
c1 rule time: 0.0066

c2 total rules: 6

c0 computing feature 6
c1 computing class: 0
c1 discrimination constraints: 11h
c1 coverage constraints: 181v+2716h
c1 formula: 213v, 2775c (2743h+32s)
c1 enumerating rules (maxsat-based)
c1 rule: 'Number_of_Priors: (14.0..21.0]' => 'Asian: 0'
c1 rule: 'Number_of_Priors: (21.0..28.0]' => 'Asian: 0'
c1 rule: 'Number_of_Priors: (28.0..+inf)' => 'Asian: 0'
c1 rule: not 'Hispanic: 0' => 'Asian: 0'
c1 rule: not 'Other: 0' => 'Asian: 0'
c1 rule: not 'Native_American: 0' => 'Asian: 0'
c1 rule: not 'Female: 0', not 'Misdemeanor: 0' => 'Asian: 0'
c1 # of rules: 7
c1 rule time: 0.0119

c1 computing class: 1
c1 discrimination constraints: 181h
c1 coverage constraints: 11v+166h
c1 formula: 43v, 395c (363h+32s)
c1 enumerating rules (maxsat-based)
c1 # of rules: 0
c1 rule time: 0.0019

c2 total rules: 7

c0 computing feature 7
c1 computing class: 0
c1 discrimination constraints: 34h
c1 coverage constraints: 158v+2371h
c1 formula: 190v, 2453c (2421h+32s)
c1 enumerating rules (maxsat-based)
c1 rule: not 'Other: 0' => 'Hispanic: 0'
c1 rule: not 'Native_American: 0' => 'Hispanic: 0'
c1 rule: 'Number_of_Priors: (28.0..+inf)' => 'Hispanic: 0'
c1 rule: 'Number_of_Priors: (14.0..21.0]', not 'Misdemeanor: 0' => 'Hispanic: 0'
c1 # of rules: 4
c1 rule time: 0.0127

c1 computing class: 1
c1 discrimination constraints: 158h
c1 coverage constraints: 34v+511h
c1 formula: 66v, 717c (685h+32s)
c1 enumerating rules (maxsat-based)
c1 # of rules: 0
c1 rule time: 0.0030

c2 total rules: 4

c0 computing feature 8
c1 computing class: 0
c1 discrimination constraints: 9h
c1 coverage constraints: 183v+2746h
c1 formula: 215v, 2803c (2771h+32s)
c1 enumerating rules (maxsat-based)
c1 rule: not 'Other: 0' => 'Native_American: 0'
c1 rule: 'Number_of_Priors: (21.0..28.0]', not 'Misdemeanor: 0' => 'Native_American: 0'
c1 rule: not 'Female: 0', not 'Misdemeanor: 0' => 'Native_American: 0'
c1 # of rules: 3
c1 rule time: 0.0076

c1 computing class: 1
c1 discrimination constraints: 183h
c1 coverage constraints: 9v+136h
c1 formula: 41v, 367c (335h+32s)
c1 enumerating rules (maxsat-based)
c1 # of rules: 0
c1 rule time: 0.0016

c2 total rules: 3

c0 computing feature 9
c1 computing class: 0
c1 discrimination constraints: 31h
c1 coverage constraints: 161v+2416h
c1 formula: 193v, 2495c (2463h+32s)
c1 enumerating rules (maxsat-based)
c1 # of rules: 0
c1 rule time: 0.0086

c1 computing class: 1
c1 discrimination constraints: 161h
c1 coverage constraints: 31v+466h
c1 formula: 63v, 675c (643h+32s)
c1 enumerating rules (maxsat-based)
c1 # of rules: 0
c1 rule time: 0.0030

c2 total rules: 0

c0 computing feature 10
c1 computing class: 0
c1 discrimination constraints: 68h
c1 coverage constraints: 124v+1861h
c1 formula: 156v, 1977c (1945h+32s)
c1 enumerating rules (maxsat-based)
c1 rule: 'Number_of_Priors: (14.0..21.0]', not 'Misdemeanor: 0' => 'Female: 0'
c1 rule: 'Number_of_Priors: (28.0..+inf)', 'Misdemeanor: 0' => 'Female: 0'
c1 # of rules: 2
c1 rule time: 0.0176

c1 computing class: 1
c1 discrimination constraints: 124h
c1 coverage constraints: 68v+1021h
c1 formula: 100v, 1193c (1161h+32s)
c1 enumerating rules (maxsat-based)
c1 # of rules: 0
c1 rule time: 0.0061

c2 total rules: 2

c0 computing feature 11
c1 computing class: 0
c1 discrimination constraints: 80h
c1 coverage constraints: 112v+1681h
c1 formula: 144v, 1809c (1777h+32s)
c1 enumerating rules (maxsat-based)
c1 # of rules: 0
c1 rule time: 0.0133

c1 computing class: 1
c1 discrimination constraints: 112h
c1 coverage constraints: 80v+1201h
c1 formula: 112v, 1361c (1329h+32s)
c1 enumerating rules (maxsat-based)
c1 # of rules: 0
c1 rule time: 0.0074

c2 total rules: 0
c3 total time: 0.6166

Rules are saved to ../rules/all/q5_compas_train4.csv.json