c0 # of samps: 4937 (361 weighted)
c0 # of feats: 11 (16 binary)
c0 # of labls: 2
c0 parse time: 0.3217


c0 computing feature 1
c1 computing class: (-inf..5.83]
c1 discrimination constraints: 120h
c1 coverage constraints: 104v+1145h
c1 formula: 136v, 1313c (1281h+32s)
c1 enumerating rules (maxsat-based)
c1 rule: not 'Native_American: 0', not 'Misdemeanor: 0' => 'Number_of_Priors: (-inf..5.83]'
c1 rule: 'score_factor: 0', not 'Native_American: 0' => 'Number_of_Priors: (-inf..5.83]'
c1 rule: not 'Other: 0', not 'Female: 0' => 'Number_of_Priors: (-inf..5.83]'
c1 rule: not 'Age_Below_TwentyFive: 0', not 'Asian: 0' => 'Number_of_Priors: (-inf..5.83]'
c1 rule: not 'Age_Below_TwentyFive: 0', not 'Native_American: 0' => 'Number_of_Priors: (-inf..5.83]'
c1 rule: 'Age_Above_FourtyFive: 0', not 'Native_American: 0', not 'Female: 0' => 'Number_of_Priors: (-inf..5.83]'
c1 rule: not 'Age_Below_TwentyFive: 0', not 'Hispanic: 0', not 'Female: 0' => 'Number_of_Priors: (-inf..5.83]'
c1 rule: 'score_factor: 0', not 'Age_Below_TwentyFive: 0', not 'Hispanic: 0' => 'Number_of_Priors: (-inf..5.83]'
c1 rule: 'score_factor: 0', not 'Age_Below_TwentyFive: 0', not 'Female: 0' => 'Number_of_Priors: (-inf..5.83]'
c1 rule: 'score_factor: 0', not 'Age_Below_TwentyFive: 0', not 'Misdemeanor: 0' => 'Number_of_Priors: (-inf..5.83]'
c1 rule: 'score_factor: 0', 'African_American: 0', not 'Age_Below_TwentyFive: 0' => 'Number_of_Priors: (-inf..5.83]'
c1 rule: 'Misdemeanor: 0', not 'Age_Below_TwentyFive: 0', not 'Hispanic: 0' => 'Number_of_Priors: (-inf..5.83]'
c1 rule: 'Age_Above_FourtyFive: 0', not 'Asian: 0', not 'Female: 0' => 'Number_of_Priors: (-inf..5.83]'
c1 rule: not 'score_factor: 0', not 'Age_Above_FourtyFive: 0', not 'Asian: 0' => 'Number_of_Priors: (-inf..5.83]'
c1 rule: not 'Age_Above_FourtyFive: 0', not 'Other: 0', not 'Misdemeanor: 0' => 'Number_of_Priors: (-inf..5.83]'
c1 rule: not 'score_factor: 0', not 'Other: 0', not 'Misdemeanor: 0' => 'Number_of_Priors: (-inf..5.83]'
c1 rule: not 'Hispanic: 0', not 'Female: 0', not 'Misdemeanor: 0' => 'Number_of_Priors: (-inf..5.83]'
c1 rule: not 'Age_Above_FourtyFive: 0', not 'Hispanic: 0', not 'Female: 0' => 'Number_of_Priors: (-inf..5.83]'
c1 rule: 'Female: 0', not 'Age_Above_FourtyFive: 0', not 'Asian: 0' => 'Number_of_Priors: (-inf..5.83]'
c1 rule: 'score_factor: 0', 'Age_Above_FourtyFive: 0', 'Misdemeanor: 0', not 'Asian: 0' => 'Number_of_Priors: (-inf..5.83]'
c1 # of rules: 20
c1 rule time: 0.0164

c1 computing class: (11.67..17.5]
c1 discrimination constraints: 198h
c1 coverage constraints: 26v+287h
c1 formula: 58v, 533c (501h+32s)
c1 enumerating rules (maxsat-based)
c1 rule: not 'Age_Above_FourtyFive: 0', not 'Native_American: 0', not 'Female: 0' => 'Number_of_Priors: (11.67..17.5]'
c1 # of rules: 1
c1 rule time: 0.0027

c1 computing class: (17.5..23.33]
c1 discrimination constraints: 203h
c1 coverage constraints: 21v+232h
c1 formula: 53v, 483c (451h+32s)
c1 enumerating rules (maxsat-based)
c1 rule: 'Female: 0', not 'Age_Above_FourtyFive: 0', not 'Native_American: 0' => 'Number_of_Priors: (17.5..23.33]'
c1 # of rules: 1
c1 rule time: 0.0025

c1 computing class: (23.33..29.17]
c1 discrimination constraints: 215h
c1 coverage constraints: 9v+100h
c1 formula: 41v, 363c (331h+32s)
c1 enumerating rules (maxsat-based)
c1 # of rules: 0
c1 rule time: 0.0017

c1 computing class: (29.17..+inf)
c1 discrimination constraints: 219h
c1 coverage constraints: 5v+56h
c1 formula: 37v, 323c (291h+32s)
c1 enumerating rules (maxsat-based)
c1 # of rules: 0
c1 rule time: 0.0015

c1 computing class: (5.83..11.67]
c1 discrimination constraints: 165h
c1 coverage constraints: 59v+650h
c1 formula: 91v, 863c (831h+32s)
c1 enumerating rules (maxsat-based)
c1 rule: not 'Age_Above_FourtyFive: 0', not 'Asian: 0', not 'Female: 0' => 'Number_of_Priors: (5.83..11.67]'
c1 # of rules: 1
c1 rule time: 0.0042

c2 total rules: 23

c0 computing feature 2
c1 computing class: 0
c1 discrimination constraints: 128h
c1 coverage constraints: 96v+1537h
c1 formula: 130v, 1716c (1682h+34s)
c1 enumerating rules (maxsat-based)
c1 rule: 'Number_of_Priors: (17.5..23.33]', not 'Other: 0' => 'score_factor: 0'
c1 rule: not 'Asian: 0', not 'Female: 0' => 'score_factor: 0'
c1 rule: not 'Asian: 0', not 'Misdemeanor: 0' => 'score_factor: 0'
c1 rule: 'Number_of_Priors: (11.67..17.5]', not 'Age_Above_FourtyFive: 0', not 'Hispanic: 0' => 'score_factor: 0'
c1 rule: not 'Age_Above_FourtyFive: 0', not 'Other: 0', not 'Misdemeanor: 0' => 'score_factor: 0'
c1 rule: not 'Age_Above_FourtyFive: 0', not 'Other: 0', not 'Female: 0' => 'score_factor: 0'
c1 rule: not 'Age_Above_FourtyFive: 0', not 'Hispanic: 0', not 'Female: 0' => 'score_factor: 0'
c1 rule: 'Number_of_Priors: (17.5..23.33]', not 'Age_Above_FourtyFive: 0', not 'Hispanic: 0' => 'score_factor: 0'
c1 rule: 'Number_of_Priors: (5.83..11.67]', not 'Hispanic: 0', not 'Female: 0' => 'score_factor: 0'
c1 rule: 'Number_of_Priors: (-inf..5.83]', 'Age_Below_TwentyFive: 0', not 'Hispanic: 0', not 'Female: 0' => 'score_factor: 0'
c1 rule: 'Number_of_Priors: (17.5..23.33]', 'African_American: 0', 'Female: 0', not 'Misdemeanor: 0' => 'score_factor: 0'
c1 rule: 'Number_of_Priors: (5.83..11.67]', 'African_American: 0', not 'Age_Above_FourtyFive: 0', not 'Female: 0', not 'Misdemeanor: 0' => 'score_factor: 0'
c1 rule: 'Number_of_Priors: (-inf..5.83]', 'Age_Below_TwentyFive: 0', 'Female: 0', 'Misdemeanor: 0', not 'Native_American: 0' => 'score_factor: 0'
c1 # of rules: 13
c1 rule time: 0.0174

c1 computing class: 1
c1 discrimination constraints: 96h
c1 coverage constraints: 128v+2049h
c1 formula: 162v, 2196c (2162h+34s)
c1 enumerating rules (maxsat-based)
c1 rule: 'Number_of_Priors: (23.33..29.17]' => 'score_factor: 1'
c1 rule: 'Number_of_Priors: (29.17..+inf)' => 'score_factor: 1'
c1 rule: not 'Native_American: 0', not 'Female: 0' => 'score_factor: 1'
c1 rule: 'Number_of_Priors: (11.67..17.5]', not 'Other: 0' => 'score_factor: 1'
c1 rule: 'Number_of_Priors: (11.67..17.5]', not 'Age_Below_TwentyFive: 0' => 'score_factor: 1'
c1 rule: 'Number_of_Priors: (11.67..17.5]', not 'Female: 0' => 'score_factor: 1'
c1 rule: not 'Age_Below_TwentyFive: 0', not 'Native_American: 0' => 'score_factor: 1'
c1 rule: 'Number_of_Priors: (17.5..23.33]', not 'Female: 0' => 'score_factor: 1'
c1 rule: 'Number_of_Priors: (17.5..23.33]', 'Age_Above_FourtyFive: 0', 'African_American: 0' => 'score_factor: 1'
c1 rule: 'Number_of_Priors: (17.5..23.33]', 'Age_Above_FourtyFive: 0', not 'Misdemeanor: 0' => 'score_factor: 1'
c1 rule: 'Misdemeanor: 0', not 'Age_Below_TwentyFive: 0', not 'Asian: 0' => 'score_factor: 1'
c1 rule: 'Number_of_Priors: (11.67..17.5]', 'Age_Above_FourtyFive: 0', not 'Hispanic: 0' => 'score_factor: 1'
c1 rule: 'Number_of_Priors: (11.67..17.5]', 'Age_Above_FourtyFive: 0', 'African_American: 0', not 'Misdemeanor: 0' => 'score_factor: 1'
c1 rule: 'Number_of_Priors: (5.83..11.67]', 'Misdemeanor: 0', not 'Age_Above_FourtyFive: 0', not 'Hispanic: 0' => 'score_factor: 1'
c1 rule: 'Number_of_Priors: (17.5..23.33]', 'African_American: 0', 'Hispanic: 0', 'Other: 0', 'Misdemeanor: 0' => 'score_factor: 1'
c1 # of rules: 15
c1 rule time: 0.0256

c2 total rules: 28

c0 computing feature 3
c1 computing class: 0
c1 discrimination constraints: 82h
c1 coverage constraints: 142v+2273h
c1 formula: 176v, 2406c (2372h+34s)
c1 enumerating rules (maxsat-based)
c1 rule: not 'Age_Below_TwentyFive: 0' => 'Age_Above_FourtyFive: 0'
c1 rule: 'Number_of_Priors: (23.33..29.17]', not 'Hispanic: 0' => 'Age_Above_FourtyFive: 0'
c1 rule: 'Number_of_Priors: (23.33..29.17]', not 'Other: 0' => 'Age_Above_FourtyFive: 0'
c1 rule: 'Number_of_Priors: (29.17..+inf)', not 'Other: 0' => 'Age_Above_FourtyFive: 0'
c1 rule: 'Number_of_Priors: (29.17..+inf)', not 'African_American: 0', not 'Misdemeanor: 0' => 'Age_Above_FourtyFive: 0'
c1 rule: 'Number_of_Priors: (17.5..23.33]', 'African_American: 0', not 'Female: 0' => 'Age_Above_FourtyFive: 0'
c1 rule: 'Number_of_Priors: (11.67..17.5]', 'Native_American: 0', 'Misdemeanor: 0', not 'Female: 0' => 'Age_Above_FourtyFive: 0'
c1 # of rules: 7
c1 rule time: 0.0188

c1 computing class: 1
c1 discrimination constraints: 142h
c1 coverage constraints: 82v+1313h
c1 formula: 116v, 1506c (1472h+34s)
c1 enumerating rules (maxsat-based)
c1 rule: 'Number_of_Priors: (29.17..+inf)', not 'Female: 0' => 'Age_Above_FourtyFive: 1'
c1 rule: 'Number_of_Priors: (23.33..29.17]', not 'Female: 0' => 'Age_Above_FourtyFive: 1'
c1 rule: 'Number_of_Priors: (11.67..17.5]', not 'Other: 0' => 'Age_Above_FourtyFive: 1'
c1 rule: 'Number_of_Priors: (17.5..23.33]', not 'Native_American: 0' => 'Age_Above_FourtyFive: 1'
c1 rule: 'Number_of_Priors: (23.33..29.17]', 'African_American: 0', not 'Misdemeanor: 0' => 'Age_Above_FourtyFive: 1'
c1 rule: 'Number_of_Priors: (29.17..+inf)', 'African_American: 0', 'Other: 0' => 'Age_Above_FourtyFive: 1'
c1 rule: 'Number_of_Priors: (29.17..+inf)', 'Other: 0', 'Misdemeanor: 0' => 'Age_Above_FourtyFive: 1'
c1 rule: 'Number_of_Priors: (23.33..29.17]', 'African_American: 0', 'Hispanic: 0', 'Other: 0' => 'Age_Above_FourtyFive: 1'
c1 # of rules: 8
c1 rule time: 0.0126

c2 total rules: 15

c0 computing feature 4
c1 computing class: 0
c1 discrimination constraints: 49h
c1 coverage constraints: 175v+2801h
c1 formula: 209v, 2901c (2867h+34s)
c1 enumerating rules (maxsat-based)
c1 rule: 'Number_of_Priors: (17.5..23.33]' => 'Age_Below_TwentyFive: 0'
c1 rule: 'Number_of_Priors: (29.17..+inf)' => 'Age_Below_TwentyFive: 0'
c1 rule: 'Number_of_Priors: (23.33..29.17]' => 'Age_Below_TwentyFive: 0'
c1 rule: 'Number_of_Priors: (11.67..17.5]', 'African_American: 0' => 'Age_Below_TwentyFive: 0'
c1 rule: 'Number_of_Priors: (11.67..17.5]', not 'Female: 0' => 'Age_Below_TwentyFive: 0'
c1 rule: not 'Native_American: 0', not 'Female: 0' => 'Age_Below_TwentyFive: 0'
c1 # of rules: 6
c1 rule time: 0.0158

c1 computing class: 1
c1 discrimination constraints: 175h
c1 coverage constraints: 49v+785h
c1 formula: 83v, 1011c (977h+34s)
c1 enumerating rules (maxsat-based)
c1 # of rules: 0
c1 rule time: 0.0047

c2 total rules: 6

c0 computing feature 5
c1 computing class: 0
c1 discrimination constraints: 76h
c1 coverage constraints: 148v+2369h
c1 formula: 182v, 2496c (2462h+34s)
c1 enumerating rules (maxsat-based)
c1 rule: not 'Other: 0' => 'African_American: 0'
c1 rule: not 'Native_American: 0' => 'African_American: 0'
c1 rule: not 'Hispanic: 0' => 'African_American: 0'
c1 rule: not 'Asian: 0' => 'African_American: 0'
c1 # of rules: 4
c1 rule time: 0.0110

c1 computing class: 1
c1 discrimination constraints: 148h
c1 coverage constraints: 76v+1217h
c1 formula: 110v, 1416c (1382h+34s)
c1 enumerating rules (maxsat-based)
c1 rule: 'Number_of_Priors: (23.33..29.17]', not 'Female: 0' => 'African_American: 1'
c1 rule: 'Number_of_Priors: (11.67..17.5]', not 'Female: 0', not 'Misdemeanor: 0' => 'African_American: 1'
c1 # of rules: 2
c1 rule time: 0.0101

c2 total rules: 6

c0 computing feature 6
c1 computing class: 0
c1 discrimination constraints: 12h
c1 coverage constraints: 212v+3393h
c1 formula: 246v, 3456c (3422h+34s)
c1 enumerating rules (maxsat-based)
c1 rule: not 'Hispanic: 0' => 'Asian: 0'
c1 rule: not 'Native_American: 0' => 'Asian: 0'
c1 rule: 'Number_of_Priors: (29.17..+inf)' => 'Asian: 0'
c1 rule: not 'Other: 0' => 'Asian: 0'
c1 rule: 'Number_of_Priors: (11.67..17.5]' => 'Asian: 0'
c1 rule: 'Number_of_Priors: (17.5..23.33]' => 'Asian: 0'
c1 rule: not 'Age_Below_TwentyFive: 0', not 'Female: 0' => 'Asian: 0'
c1 rule: not 'Female: 0', not 'Misdemeanor: 0' => 'Asian: 0'
c1 # of rules: 8
c1 rule time: 0.0159

c1 computing class: 1
c1 discrimination constraints: 212h
c1 coverage constraints: 12v+193h
c1 formula: 46v, 456c (422h+34s)
c1 enumerating rules (maxsat-based)
c1 # of rules: 0
c1 rule time: 0.0026

c2 total rules: 8

c0 computing feature 7
c1 computing class: 0
c1 discrimination constraints: 36h
c1 coverage constraints: 188v+3009h
c1 formula: 222v, 3096c (3062h+34s)
c1 enumerating rules (maxsat-based)
c1 rule: not 'Other: 0' => 'Hispanic: 0'
c1 rule: not 'Native_American: 0' => 'Hispanic: 0'
c1 rule: 'Number_of_Priors: (29.17..+inf)' => 'Hispanic: 0'
c1 rule: 'Number_of_Priors: (17.5..23.33]', not 'Misdemeanor: 0' => 'Hispanic: 0'
c1 rule: 'Number_of_Priors: (11.67..17.5]', not 'Misdemeanor: 0' => 'Hispanic: 0'
c1 # of rules: 5
c1 rule time: 0.0170

c1 computing class: 1
c1 discrimination constraints: 188h
c1 coverage constraints: 36v+577h
c1 formula: 70v, 816c (782h+34s)
c1 enumerating rules (maxsat-based)
c1 # of rules: 0
c1 rule time: 0.0038

c2 total rules: 5

c0 computing feature 8
c1 computing class: 0
c1 discrimination constraints: 9h
c1 coverage constraints: 215v+3441h
c1 formula: 249v, 3501c (3467h+34s)
c1 enumerating rules (maxsat-based)
c1 rule: not 'Other: 0' => 'Native_American: 0'
c1 rule: 'Number_of_Priors: (11.67..17.5]', 'Female: 0' => 'Native_American: 0'
c1 rule: not 'Female: 0', not 'Misdemeanor: 0' => 'Native_American: 0'
c1 # of rules: 3
c1 rule time: 0.0130

c1 computing class: 1
c1 discrimination constraints: 215h
c1 coverage constraints: 9v+145h
c1 formula: 43v, 411c (377h+34s)
c1 enumerating rules (maxsat-based)
c1 # of rules: 0
c1 rule time: 0.0024

c2 total rules: 3

c0 computing feature 9
c1 computing class: 0
c1 discrimination constraints: 31h
c1 coverage constraints: 193v+3089h
c1 formula: 227v, 3171c (3137h+34s)
c1 enumerating rules (maxsat-based)
c1 # of rules: 0
c1 rule time: 0.0115

c1 computing class: 1
c1 discrimination constraints: 193h
c1 coverage constraints: 31v+497h
c1 formula: 65v, 741c (707h+34s)
c1 enumerating rules (maxsat-based)
c1 # of rules: 0
c1 rule time: 0.0034

c2 total rules: 0

c0 computing feature 10
c1 computing class: 0
c1 discrimination constraints: 80h
c1 coverage constraints: 144v+2305h
c1 formula: 178v, 2436c (2402h+34s)
c1 enumerating rules (maxsat-based)
c1 rule: 'Number_of_Priors: (23.33..29.17]', not 'Misdemeanor: 0' => 'Female: 0'
c1 rule: 'Number_of_Priors: (29.17..+inf)', not 'African_American: 0' => 'Female: 0'
c1 rule: 'Number_of_Priors: (29.17..+inf)', 'Misdemeanor: 0' => 'Female: 0'
c1 # of rules: 3
c1 rule time: 0.0213

c1 computing class: 1
c1 discrimination constraints: 144h
c1 coverage constraints: 80v+1281h
c1 formula: 114v, 1476c (1442h+34s)
c1 enumerating rules (maxsat-based)
c1 rule: 'Number_of_Priors: (29.17..+inf)', not 'Age_Above_FourtyFive: 0', not 'Misdemeanor: 0' => 'Female: 1'
c1 # of rules: 1
c1 rule time: 0.0094

c2 total rules: 4

c0 computing feature 11
c1 computing class: 0
c1 discrimination constraints: 98h
c1 coverage constraints: 126v+2017h
c1 formula: 160v, 2166c (2132h+34s)
c1 enumerating rules (maxsat-based)
c1 # of rules: 0
c1 rule time: 0.0153

c1 computing class: 1
c1 discrimination constraints: 126h
c1 coverage constraints: 98v+1569h
c1 formula: 132v, 1746c (1712h+34s)
c1 enumerating rules (maxsat-based)
c1 # of rules: 0
c1 rule time: 0.0107

c2 total rules: 0
c3 total time: 0.6711

Rules are saved to ../rules/size/q6_compas_train1.csv_size5.json