c0 # of samps: 81 (51 weighted)
c0 # of feats: 16 (19 binary)
c0 # of labls: 7
c0 parse time: 0.2927


c0 computing feature 1
c1 computing class: 0
c1 discrimination constraints: 17h
c1 coverage constraints: 34v+647h
c1 formula: 74v, 724c (684h+40s)
c1 enumerating rules (maxsat-based)
c1 rule: not 'feathers: 0' => 'hair: 0'
c1 rule: 'legs: (6.0..+inf)' => 'hair: 0'
c1 rule: 'breathes: 0' => 'hair: 0'
c1 rule: not 'backbone: 0', not 'venomous: 0' => 'hair: 0'
c1 rule: 'legs: (2.0..4.0]', not 'eggs: 0' => 'hair: 0'
c1 rule: 'airborne: 0', not 'eggs: 0' => 'hair: 0'
c1 rule: 'catsize: 0', not 'predator: 0' => 'hair: 0'
c1 # of rules: 7
c1 rule time: 0.0016

c1 computing class: 1
c1 discrimination constraints: 34h
c1 coverage constraints: 17v+324h
c1 formula: 57v, 418c (378h+40s)
c1 enumerating rules (maxsat-based)
c1 rule: 'eggs: 0', 'predator: 0' => 'hair: 1'
c1 rule: 'aquatic: 0', not 'milk: 0' => 'hair: 1'
c1 rule: 'fins: 0', not 'milk: 0' => 'hair: 1'
c1 rule: 'tail: 0', not 'domestic: 0' => 'hair: 1'
c1 rule: 'legs: (5.0..6.0]', not 'venomous: 0' => 'hair: 1'
c1 # of rules: 5
c1 rule time: 0.0025

c2 total rules: 12

c0 computing feature 2
c1 computing class: 0
c1 discrimination constraints: 11h
c1 coverage constraints: 40v+761h
c1 formula: 80v, 832c (792h+40s)
c1 enumerating rules (maxsat-based)
c1 rule: 'eggs: 0' => 'feathers: 0'
c1 rule: 'tail: 0' => 'feathers: 0'
c1 rule: not 'fins: 0' => 'feathers: 0'
c1 rule: not 'toothed: 0' => 'feathers: 0'
c1 rule: 'legs: (2.0..4.0]' => 'feathers: 0'
c1 # of rules: 5
c1 rule time: 0.0032

c1 computing class: 1
c1 discrimination constraints: 40h
c1 coverage constraints: 11v+210h
c1 formula: 51v, 310c (270h+40s)
c1 enumerating rules (maxsat-based)
c1 rule: not 'airborne: 0', not 'catsize: 0' => 'feathers: 1'
c1 rule: not 'airborne: 0', not 'aquatic: 0' => 'feathers: 1'
c1 rule: 'hair: 0', 'toothed: 0', not 'domestic: 0' => 'feathers: 1'
c1 rule: not 'airborne: 0', not 'predator: 0', not 'legs: (5.0..6.0]' => 'feathers: 1'
c1 rule: 'toothed: 0', not 'airborne: 0', not 'legs: (5.0..6.0]' => 'feathers: 1'
c1 rule: 'toothed: 0', 'catsize: 0', not 'backbone: 0' => 'feathers: 1'
c1 rule: 'toothed: 0', 'legs: (-inf..2.0]', not 'backbone: 0' => 'feathers: 1'
c1 # of rules: 7
c1 rule time: 0.0032

c2 total rules: 12

c0 computing feature 3
c1 computing class: 0
c1 discrimination constraints: 34h
c1 coverage constraints: 17v+324h
c1 formula: 57v, 418c (378h+40s)
c1 enumerating rules (maxsat-based)
c1 rule: not 'milk: 0' => 'eggs: 0'
c1 rule: 'backbone: 0', not 'tail: 0' => 'eggs: 0'
c1 rule: 'catsize: 0', not 'venomous: 0', not 'tail: 0' => 'eggs: 0'
c1 # of rules: 3
c1 rule time: 0.0022

c1 computing class: 1
c1 discrimination constraints: 17h
c1 coverage constraints: 34v+647h
c1 formula: 74v, 724c (684h+40s)
c1 enumerating rules (maxsat-based)
c1 rule: 'legs: (5.0..6.0]' => 'eggs: 1'
c1 rule: 'milk: 0', not 'fins: 0' => 'eggs: 1'
c1 rule: 'legs: (2.0..4.0]', not 'venomous: 0' => 'eggs: 1'
c1 rule: 'breathes: 0', 'legs: (2.0..4.0]' => 'eggs: 1'
c1 rule: 'hair: 0', 'legs: (2.0..4.0]' => 'eggs: 1'
c1 rule: 'milk: 0', 'venomous: 0' => 'eggs: 1'
c1 rule: 'hair: 0', 'tail: 0' => 'eggs: 1'
c1 # of rules: 7
c1 rule time: 0.0037

c2 total rules: 10

c0 computing feature 4
c1 computing class: 0
c1 discrimination constraints: 15h
c1 coverage constraints: 36v+685h
c1 formula: 76v, 760c (720h+40s)
c1 enumerating rules (maxsat-based)
c1 # of rules: 0
c1 rule time: 0.0016

c1 computing class: 1
c1 discrimination constraints: 36h
c1 coverage constraints: 15v+286h
c1 formula: 55v, 382c (342h+40s)
c1 enumerating rules (maxsat-based)
c1 # of rules: 0
c1 rule time: 0.0009

c2 total rules: 0

c0 computing feature 5
c1 computing class: 0
c1 discrimination constraints: 13h
c1 coverage constraints: 38v+723h
c1 formula: 78v, 796c (756h+40s)
c1 enumerating rules (maxsat-based)
c1 rule: 'legs: (2.0..4.0]' => 'airborne: 0'
c1 rule: not 'aquatic: 0', not 'predator: 0', not 'catsize: 0' => 'airborne: 0'
c1 rule: 'aquatic: 0', 'predator: 0', not 'catsize: 0' => 'airborne: 0'
c1 # of rules: 3
c1 rule time: 0.0033

c1 computing class: 1
c1 discrimination constraints: 38h
c1 coverage constraints: 13v+248h
c1 formula: 53v, 346c (306h+40s)
c1 enumerating rules (maxsat-based)
c1 rule: 'toothed: 0', not 'domestic: 0' => 'airborne: 1'
c1 rule: 'catsize: 0', not 'feathers: 0', not 'aquatic: 0' => 'airborne: 1'
c1 rule: 'predator: 0', not 'feathers: 0', not 'aquatic: 0' => 'airborne: 1'
c1 rule: 'aquatic: 0', 'legs: (5.0..6.0]', not 'predator: 0' => 'airborne: 1'
c1 rule: 'predator: 0', 'catsize: 0', not 'feathers: 0' => 'airborne: 1'
c1 # of rules: 5
c1 rule time: 0.0030

c2 total rules: 8

c0 computing feature 6
c1 computing class: 0
c1 discrimination constraints: 21h
c1 coverage constraints: 30v+571h
c1 formula: 70v, 652c (612h+40s)
c1 enumerating rules (maxsat-based)
c1 rule: 'legs: (6.0..+inf)', not 'breathes: 0' => 'aquatic: 0'
c1 rule: 'tail: 0', not 'milk: 0' => 'aquatic: 0'
c1 rule: 'catsize: 0', not 'milk: 0' => 'aquatic: 0'
c1 rule: 'backbone: 0', not 'breathes: 0' => 'aquatic: 0'
c1 rule: 'eggs: 0', 'predator: 0' => 'aquatic: 0'
c1 rule: not 'airborne: 0', not 'domestic: 0' => 'aquatic: 0'
c1 rule: 'fins: 0', not 'domestic: 0' => 'aquatic: 0'
c1 rule: 'backbone: 0', 'venomous: 0', 'legs: (-inf..2.0]' => 'aquatic: 0'
c1 rule: 'feathers: 0', 'toothed: 0', not 'breathes: 0' => 'aquatic: 0'
c1 # of rules: 9
c1 rule time: 0.0052

c1 computing class: 1
c1 discrimination constraints: 30h
c1 coverage constraints: 21v+400h
c1 formula: 61v, 490c (450h+40s)
c1 enumerating rules (maxsat-based)
c1 rule: not 'fins: 0' => 'aquatic: 1'
c1 rule: 'legs: (6.0..+inf)', 'tail: 0' => 'aquatic: 1'
c1 rule: 'backbone: 0', 'legs: (2.0..4.0]' => 'aquatic: 1'
c1 rule: 'breathes: 0', not 'backbone: 0' => 'aquatic: 1'
c1 rule: 'legs: (-inf..2.0]', not 'venomous: 0' => 'aquatic: 1'
c1 rule: not 'backbone: 0', not 'venomous: 0' => 'aquatic: 1'
c1 rule: 'hair: 0', 'predator: 0', not 'toothed: 0' => 'aquatic: 1'
c1 rule: 'hair: 0', 'tail: 0', not 'toothed: 0' => 'aquatic: 1'
c1 # of rules: 8
c1 rule time: 0.0041

c2 total rules: 17

c0 computing feature 7
c1 computing class: 0
c1 discrimination constraints: 28h
c1 coverage constraints: 23v+438h
c1 formula: 63v, 526c (486h+40s)
c1 enumerating rules (maxsat-based)
c1 rule: 'toothed: 0', not 'domestic: 0' => 'predator: 0'
c1 rule: 'hair: 0', not 'domestic: 0' => 'predator: 0'
c1 rule: 'feathers: 0', 'toothed: 0', not 'backbone: 0' => 'predator: 0'
c1 rule: 'backbone: 0', 'legs: (-inf..2.0]', not 'breathes: 0' => 'predator: 0'
c1 rule: 'fins: 0', 'legs: (-inf..2.0]', 'domestic: 0', not 'hair: 0' => 'predator: 0'
c1 # of rules: 5
c1 rule time: 0.0051

c1 computing class: 1
c1 discrimination constraints: 23h
c1 coverage constraints: 28v+533h
c1 formula: 68v, 616c (576h+40s)
c1 enumerating rules (maxsat-based)
c1 rule: 'legs: (6.0..+inf)' => 'predator: 1'
c1 rule: 'legs: (5.0..6.0]', not 'aquatic: 0' => 'predator: 1'
c1 rule: 'backbone: 0', not 'aquatic: 0' => 'predator: 1'
c1 rule: not 'venomous: 0', not 'tail: 0' => 'predator: 1'
c1 rule: not 'backbone: 0', not 'venomous: 0' => 'predator: 1'
c1 rule: 'breathes: 0', 'fins: 0' => 'predator: 1'
c1 rule: not 'fins: 0', not 'catsize: 0' => 'predator: 1'
c1 rule: 'tail: 0', not 'catsize: 0' => 'predator: 1'
c1 rule: 'legs: (2.0..4.0]', not 'aquatic: 0', not 'tail: 0' => 'predator: 1'
c1 # of rules: 9
c1 rule time: 0.0057

c2 total rules: 14

c0 computing feature 8
c1 computing class: 0
c1 discrimination constraints: 26h
c1 coverage constraints: 25v+476h
c1 formula: 65v, 562c (522h+40s)
c1 enumerating rules (maxsat-based)
c1 rule: 'legs: (5.0..6.0]' => 'toothed: 0'
c1 rule: 'backbone: 0' => 'toothed: 0'
c1 # of rules: 2
c1 rule time: 0.0022

c1 computing class: 1
c1 discrimination constraints: 25h
c1 coverage constraints: 26v+495h
c1 formula: 66v, 580c (540h+40s)
c1 enumerating rules (maxsat-based)
c1 rule: not 'milk: 0' => 'toothed: 1'
c1 # of rules: 1
c1 rule time: 0.0019

c2 total rules: 3

c0 computing feature 9
c1 computing class: 0
c1 discrimination constraints: 38h
c1 coverage constraints: 13v+248h
c1 formula: 53v, 346c (306h+40s)
c1 enumerating rules (maxsat-based)
c1 # of rules: 0
c1 rule time: 0.0012

c1 computing class: 1
c1 discrimination constraints: 13h
c1 coverage constraints: 38v+723h
c1 formula: 78v, 796c (756h+40s)
c1 enumerating rules (maxsat-based)
c1 # of rules: 0
c1 rule time: 0.0018

c2 total rules: 0

c0 computing feature 10
c1 computing class: 0
c1 discrimination constraints: 40h
c1 coverage constraints: 11v+210h
c1 formula: 51v, 310c (270h+40s)
c1 enumerating rules (maxsat-based)
c1 rule: 'catsize: 0', not 'fins: 0' => 'breathes: 0'
c1 rule: 'milk: 0', not 'fins: 0' => 'breathes: 0'
c1 rule: 'legs: (-inf..2.0]', not 'venomous: 0' => 'breathes: 0'
c1 # of rules: 3
c1 rule time: 0.0022

c1 computing class: 1
c1 discrimination constraints: 11h
c1 coverage constraints: 40v+761h
c1 formula: 80v, 832c (792h+40s)
c1 enumerating rules (maxsat-based)
c1 rule: not 'feathers: 0' => 'breathes: 1'
c1 rule: not 'airborne: 0' => 'breathes: 1'
c1 rule: not 'milk: 0' => 'breathes: 1'
c1 rule: 'aquatic: 0', not 'legs: (-inf..2.0]' => 'breathes: 1'
c1 rule: not 'venomous: 0', not 'legs: (-inf..2.0]' => 'breathes: 1'
c1 rule: not 'legs: (-inf..2.0]', not 'tail: 0' => 'breathes: 1'
c1 rule: not 'toothed: 0', not 'legs: (-inf..2.0]' => 'breathes: 1'
c1 # of rules: 7
c1 rule time: 0.0039

c2 total rules: 10

c0 computing feature 11
c1 computing class: 0
c1 discrimination constraints: 7h
c1 coverage constraints: 44v+837h
c1 formula: 84v, 904c (864h+40s)
c1 enumerating rules (maxsat-based)
c1 # of rules: 0
c1 rule time: 0.0032

c1 computing class: 1
c1 discrimination constraints: 44h
c1 coverage constraints: 7v+134h
c1 formula: 47v, 238c (198h+40s)
c1 enumerating rules (maxsat-based)
c1 rule: 'legs: (5.0..6.0]', not 'domestic: 0' => 'venomous: 1'
c1 # of rules: 1
c1 rule time: 0.0016

c2 total rules: 1

c0 computing feature 12
c1 computing class: 0
c1 discrimination constraints: 7h
c1 coverage constraints: 44v+837h
c1 formula: 84v, 904c (864h+40s)
c1 enumerating rules (maxsat-based)
c1 rule: 'legs: (5.0..6.0]' => 'fins: 0'
c1 rule: 'legs: (6.0..+inf)' => 'fins: 0'
c1 rule: 'legs: (2.0..4.0]' => 'fins: 0'
c1 rule: 'tail: 0' => 'fins: 0'
c1 # of rules: 4
c1 rule time: 0.0033

c1 computing class: 1
c1 discrimination constraints: 44h
c1 coverage constraints: 7v+134h
c1 formula: 47v, 238c (198h+40s)
c1 enumerating rules (maxsat-based)
c1 rule: not 'venomous: 0', not 'catsize: 0' => 'fins: 1'
c1 rule: 'breathes: 0', not 'legs: (6.0..+inf)', not 'catsize: 0' => 'fins: 1'
c1 rule: 'breathes: 0', not 'eggs: 0', not 'tail: 0' => 'fins: 1'
c1 # of rules: 3
c1 rule time: 0.0023

c2 total rules: 7

c0 computing feature 13
c1 computing class: (-inf..2.0]
c1 discrimination constraints: 25h
c1 coverage constraints: 26v+417h
c1 formula: 64v, 499c (461h+38s)
c1 enumerating rules (maxsat-based)
c1 rule: not 'fins: 0' => 'legs: (-inf..2.0]'
c1 rule: not 'feathers: 0' => 'legs: (-inf..2.0]'
c1 rule: not 'airborne: 0', not 'tail: 0' => 'legs: (-inf..2.0]'
c1 rule: 'eggs: 0', 'breathes: 0' => 'legs: (-inf..2.0]'
c1 rule: 'breathes: 0', not 'venomous: 0' => 'legs: (-inf..2.0]'
c1 rule: 'aquatic: 0', 'breathes: 0' => 'legs: (-inf..2.0]'
c1 rule: 'tail: 0', not 'domestic: 0', not 'catsize: 0' => 'legs: (-inf..2.0]'
c1 # of rules: 7
c1 rule time: 0.0037

c1 computing class: (2.0..4.0]
c1 discrimination constraints: 35h
c1 coverage constraints: 16v+257h
c1 formula: 54v, 349c (311h+38s)
c1 enumerating rules (maxsat-based)
c1 rule: not 'aquatic: 0', not 'breathes: 0', not 'venomous: 0' => 'legs: (2.0..4.0]'
c1 rule: 'tail: 0', not 'aquatic: 0', not 'breathes: 0' => 'legs: (2.0..4.0]'
c1 rule: not 'eggs: 0', not 'toothed: 0', not 'breathes: 0' => 'legs: (2.0..4.0]'
c1 rule: 'tail: 0', 'domestic: 0', not 'backbone: 0' => 'legs: (2.0..4.0]'
c1 rule: 'tail: 0', 'catsize: 0', not 'backbone: 0' => 'legs: (2.0..4.0]'
c1 rule: 'fins: 0', not 'hair: 0', not 'aquatic: 0' => 'legs: (2.0..4.0]'
c1 rule: 'feathers: 0', 'toothed: 0', not 'backbone: 0' => 'legs: (2.0..4.0]'
c1 rule: not 'predator: 0', not 'tail: 0', not 'domestic: 0' => 'legs: (2.0..4.0]'
c1 rule: not 'tail: 0', not 'domestic: 0', not 'catsize: 0' => 'legs: (2.0..4.0]'
c1 rule: 'eggs: 0', not 'tail: 0', not 'domestic: 0' => 'legs: (2.0..4.0]'
c1 rule: 'fins: 0', 'domestic: 0', not 'hair: 0', not 'predator: 0' => 'legs: (2.0..4.0]'
c1 # of rules: 11
c1 rule time: 0.0048

c1 computing class: (5.0..6.0]
c1 discrimination constraints: 44h
c1 coverage constraints: 7v+113h
c1 formula: 45v, 214c (176h+38s)
c1 enumerating rules (maxsat-based)
c1 rule: 'predator: 0', not 'venomous: 0' => 'legs: (5.0..6.0]'
c1 rule: not 'hair: 0', not 'eggs: 0' => 'legs: (5.0..6.0]'
c1 rule: 'backbone: 0', not 'airborne: 0' => 'legs: (5.0..6.0]'
c1 # of rules: 3
c1 rule time: 0.0019

c1 computing class: (6.0..+inf)
c1 discrimination constraints: 49h
c1 coverage constraints: 2v+33h
c1 formula: 40v, 139c (101h+38s)
c1 enumerating rules (maxsat-based)
c1 rule: 'backbone: 0', not 'catsize: 0' => 'legs: (6.0..+inf)'
c1 rule: 'backbone: 0', not 'tail: 0' => 'legs: (6.0..+inf)'
c1 # of rules: 2
c1 rule time: 0.0014

c2 total rules: 23

c0 computing feature 14
c1 computing class: 0
c1 discrimination constraints: 33h
c1 coverage constraints: 18v+343h
c1 formula: 58v, 436c (396h+40s)
c1 enumerating rules (maxsat-based)
c1 # of rules: 0
c1 rule time: 0.0022

c1 computing class: 1
c1 discrimination constraints: 18h
c1 coverage constraints: 33v+628h
c1 formula: 73v, 706c (666h+40s)
c1 enumerating rules (maxsat-based)
c1 rule: 'eggs: 0', 'predator: 0', 'domestic: 0' => 'tail: 1'
c1 # of rules: 1
c1 rule time: 0.0031

c2 total rules: 1

c0 computing feature 15
c1 computing class: 0
c1 discrimination constraints: 8h
c1 coverage constraints: 43v+818h
c1 formula: 83v, 886c (846h+40s)
c1 enumerating rules (maxsat-based)
c1 # of rules: 0
c1 rule time: 0.0038

c1 computing class: 1
c1 discrimination constraints: 43h
c1 coverage constraints: 8v+153h
c1 formula: 48v, 256c (216h+40s)
c1 enumerating rules (maxsat-based)
c1 # of rules: 0
c1 rule time: 0.0020

c2 total rules: 0

c0 computing feature 16
c1 computing class: 0
c1 discrimination constraints: 19h
c1 coverage constraints: 32v+609h
c1 formula: 72v, 688c (648h+40s)
c1 enumerating rules (maxsat-based)
c1 rule: 'hair: 0', 'legs: (2.0..4.0]', 'tail: 0' => 'catsize: 0'
c1 rule: 'hair: 0', not 'toothed: 0', not 'legs: (-inf..2.0]' => 'catsize: 0'
c1 # of rules: 2
c1 rule time: 0.0037

c1 computing class: 1
c1 discrimination constraints: 32h
c1 coverage constraints: 19v+362h
c1 formula: 59v, 454c (414h+40s)
c1 enumerating rules (maxsat-based)
c1 rule: 'venomous: 0', 'legs: (6.0..+inf)' => 'catsize: 1'
c1 # of rules: 1
c1 rule time: 0.0027

c2 total rules: 3
c3 total time: 0.4108

Rules are saved to ../rules/size/q5_zoo_train2.csv_size5.json