c0 # of samps: 81 (51 weighted)
c0 # of feats: 16 (20 binary)
c0 # of labls: 7
c0 parse time: 0.2703


c0 computing feature 1
c1 computing class: 0
c1 discrimination constraints: 17h
c1 coverage constraints: 34v+681h
c1 formula: 76v, 761c (719h+42s)
c1 enumerating rules (maxsat-based)
c1 rule: 'legs: 8' => 'hair: 0'
c1 rule: 'breathes: 0' => 'hair: 0'
c1 rule: not 'feathers: 0' => 'hair: 0'
c1 rule: 'legs: 0' => 'hair: 0'
c1 rule: 'tail: 0', not 'aquatic: 0' => 'hair: 0'
c1 rule: 'milk: 0', not 'aquatic: 0' => 'hair: 0'
c1 rule: 'milk: 0', not 'toothed: 0' => 'hair: 0'
c1 rule: 'milk: 0', not 'predator: 0' => 'hair: 0'
c1 rule: 'milk: 0', not 'backbone: 0' => 'hair: 0'
c1 rule: 'milk: 0', 'airborne: 0' => 'hair: 0'
c1 # of rules: 10
c1 rule time: 0.0052

c1 computing class: 1
c1 discrimination constraints: 34h
c1 coverage constraints: 17v+341h
c1 formula: 59v, 438c (396h+42s)
c1 enumerating rules (maxsat-based)
c1 rule: 'legs: 2', not 'fins: 0' => 'hair: 1'
c1 rule: 'legs: 2', not 'toothed: 0' => 'hair: 1'
c1 rule: 'aquatic: 0', not 'milk: 0' => 'hair: 1'
c1 rule: 'legs: 4', not 'milk: 0' => 'hair: 1'
c1 rule: 'predator: 0', not 'venomous: 0' => 'hair: 1'
c1 # of rules: 5
c1 rule time: 0.0030

c2 total rules: 15

c0 computing feature 2
c1 computing class: 0
c1 discrimination constraints: 11h
c1 coverage constraints: 40v+801h
c1 formula: 82v, 875c (833h+42s)
c1 enumerating rules (maxsat-based)
c1 rule: 'eggs: 0' => 'feathers: 0'
c1 rule: not 'toothed: 0' => 'feathers: 0'
c1 rule: 'legs: 4' => 'feathers: 0'
c1 rule: not 'legs: 2' => 'feathers: 0'
c1 # of rules: 4
c1 rule time: 0.0029

c1 computing class: 1
c1 discrimination constraints: 40h
c1 coverage constraints: 11v+221h
c1 formula: 53v, 324c (282h+42s)
c1 enumerating rules (maxsat-based)
c1 rule: 'legs: 2', not 'eggs: 0' => 'feathers: 1'
c1 # of rules: 1
c1 rule time: 0.0018

c2 total rules: 5

c0 computing feature 3
c1 computing class: 0
c1 discrimination constraints: 34h
c1 coverage constraints: 17v+341h
c1 formula: 59v, 438c (396h+42s)
c1 enumerating rules (maxsat-based)
c1 rule: not 'milk: 0' => 'eggs: 0'
c1 rule: 'aquatic: 0', 'legs: 8' => 'eggs: 0'
c1 rule: 'breathes: 0', 'fins: 0', not 'tail: 0' => 'eggs: 0'
c1 # of rules: 3
c1 rule time: 0.0023

c1 computing class: 1
c1 discrimination constraints: 17h
c1 coverage constraints: 34v+681h
c1 formula: 76v, 761c (719h+42s)
c1 enumerating rules (maxsat-based)
c1 rule: 'legs: 6' => 'eggs: 1'
c1 rule: 'toothed: 0', not 'aquatic: 0' => 'eggs: 1'
c1 rule: 'tail: 0', not 'aquatic: 0' => 'eggs: 1'
c1 rule: 'hair: 0', 'tail: 0' => 'eggs: 1'
c1 rule: not 'venomous: 0', not 'fins: 0' => 'eggs: 1'
c1 rule: 'milk: 0', not 'fins: 0' => 'eggs: 1'
c1 rule: 'milk: 0', not 'catsize: 0' => 'eggs: 1'
c1 rule: 'milk: 0', 'venomous: 0' => 'eggs: 1'
c1 # of rules: 8
c1 rule time: 0.0039

c2 total rules: 11

c0 computing feature 4
c1 computing class: 0
c1 discrimination constraints: 15h
c1 coverage constraints: 36v+721h
c1 formula: 78v, 799c (757h+42s)
c1 enumerating rules (maxsat-based)
c1 rule: 'breathes: 0' => 'milk: 0'
c1 # of rules: 1
c1 rule time: 0.0020

c1 computing class: 1
c1 discrimination constraints: 36h
c1 coverage constraints: 15v+301h
c1 formula: 57v, 400c (358h+42s)
c1 enumerating rules (maxsat-based)
c1 # of rules: 0
c1 rule time: 0.0010

c2 total rules: 1

c0 computing feature 5
c1 computing class: 0
c1 discrimination constraints: 13h
c1 coverage constraints: 38v+761h
c1 formula: 80v, 837c (795h+42s)
c1 enumerating rules (maxsat-based)
c1 rule: not 'fins: 0' => 'airborne: 0'
c1 rule: 'legs: 0' => 'airborne: 0'
c1 rule: 'breathes: 0' => 'airborne: 0'
c1 rule: 'legs: 4' => 'airborne: 0'
c1 rule: 'legs: 8' => 'airborne: 0'
c1 rule: not 'predator: 0', not 'domestic: 0' => 'airborne: 0'
c1 rule: not 'toothed: 0', not 'catsize: 0' => 'airborne: 0'
c1 rule: not 'aquatic: 0', not 'predator: 0', not 'catsize: 0' => 'airborne: 0'
c1 rule: 'aquatic: 0', 'predator: 0', not 'catsize: 0' => 'airborne: 0'
c1 # of rules: 9
c1 rule time: 0.0047

c1 computing class: 1
c1 discrimination constraints: 38h
c1 coverage constraints: 13v+261h
c1 formula: 55v, 362c (320h+42s)
c1 enumerating rules (maxsat-based)
c1 rule: 'toothed: 0', not 'domestic: 0' => 'airborne: 1'
c1 rule: 'predator: 0', 'catsize: 0', not 'feathers: 0' => 'airborne: 1'
c1 rule: 'legs: 6', not 'predator: 0', not 'breathes: 0' => 'airborne: 1'
c1 rule: 'predator: 0', 'toothed: 0', not 'aquatic: 0' => 'airborne: 1'
c1 rule: 'catsize: 0', not 'feathers: 0', not 'aquatic: 0' => 'airborne: 1'
c1 # of rules: 5
c1 rule time: 0.0032

c2 total rules: 14

c0 computing feature 6
c1 computing class: 0
c1 discrimination constraints: 21h
c1 coverage constraints: 30v+601h
c1 formula: 72v, 685c (643h+42s)
c1 enumerating rules (maxsat-based)
c1 rule: 'legs: 4', not 'domestic: 0' => 'aquatic: 0'
c1 rule: not 'legs: 0', not 'domestic: 0' => 'aquatic: 0'
c1 rule: not 'airborne: 0', not 'toothed: 0' => 'aquatic: 0'
c1 rule: 'catsize: 0', not 'milk: 0' => 'aquatic: 0'
c1 rule: 'predator: 0', not 'hair: 0' => 'aquatic: 0'
c1 rule: 'legs: 6', not 'breathes: 0' => 'aquatic: 0'
c1 rule: 'venomous: 0', 'fins: 0', 'legs: 0' => 'aquatic: 0'
c1 # of rules: 7
c1 rule time: 0.0048

c1 computing class: 1
c1 discrimination constraints: 30h
c1 coverage constraints: 21v+421h
c1 formula: 63v, 514c (472h+42s)
c1 enumerating rules (maxsat-based)
c1 rule: not 'fins: 0' => 'aquatic: 1'
c1 rule: 'backbone: 0', 'legs: 4' => 'aquatic: 1'
c1 rule: 'legs: 0', not 'backbone: 0' => 'aquatic: 1'
c1 rule: 'breathes: 0', not 'legs: 0' => 'aquatic: 1'
c1 rule: 'legs: 0', not 'venomous: 0' => 'aquatic: 1'
c1 rule: not 'backbone: 0', not 'venomous: 0' => 'aquatic: 1'
c1 rule: 'milk: 0', 'predator: 0', not 'toothed: 0' => 'aquatic: 1'
c1 rule: 'milk: 0', 'tail: 0', not 'toothed: 0' => 'aquatic: 1'
c1 # of rules: 8
c1 rule time: 0.0046

c2 total rules: 15

c0 computing feature 7
c1 computing class: 0
c1 discrimination constraints: 28h
c1 coverage constraints: 23v+461h
c1 formula: 65v, 552c (510h+42s)
c1 enumerating rules (maxsat-based)
c1 rule: 'hair: 0', not 'domestic: 0' => 'predator: 0'
c1 rule: 'catsize: 0', not 'domestic: 0' => 'predator: 0'
c1 rule: 'catsize: 0', not 'milk: 0' => 'predator: 0'
c1 rule: 'legs: 0', 'catsize: 0', not 'breathes: 0' => 'predator: 0'
c1 rule: 'toothed: 0', not 'backbone: 0', not 'legs: 2' => 'predator: 0'
c1 rule: 'feathers: 0', 'fins: 0', 'legs: 2', not 'tail: 0' => 'predator: 0'
c1 # of rules: 6
c1 rule time: 0.0049

c1 computing class: 1
c1 discrimination constraints: 23h
c1 coverage constraints: 28v+561h
c1 formula: 70v, 647c (605h+42s)
c1 enumerating rules (maxsat-based)
c1 rule: not 'milk: 0', not 'aquatic: 0' => 'predator: 1'
c1 rule: 'legs: 0', not 'catsize: 0' => 'predator: 1'
c1 rule: 'legs: 2', 'tail: 0' => 'predator: 1'
c1 rule: 'tail: 0', not 'catsize: 0' => 'predator: 1'
c1 rule: 'breathes: 0', 'fins: 0' => 'predator: 1'
c1 rule: 'legs: 4', not 'aquatic: 0', not 'tail: 0' => 'predator: 1'
c1 # of rules: 6
c1 rule time: 0.0046

c2 total rules: 12

c0 computing feature 8
c1 computing class: 0
c1 discrimination constraints: 26h
c1 coverage constraints: 25v+501h
c1 formula: 67v, 590c (548h+42s)
c1 enumerating rules (maxsat-based)
c1 rule: 'legs: 6' => 'toothed: 0'
c1 rule: 'legs: 8' => 'toothed: 0'
c1 rule: 'backbone: 0' => 'toothed: 0'
c1 # of rules: 3
c1 rule time: 0.0026

c1 computing class: 1
c1 discrimination constraints: 25h
c1 coverage constraints: 26v+521h
c1 formula: 68v, 609c (567h+42s)
c1 enumerating rules (maxsat-based)
c1 rule: not 'milk: 0' => 'toothed: 1'
c1 # of rules: 1
c1 rule time: 0.0019

c2 total rules: 4

c0 computing feature 9
c1 computing class: 0
c1 discrimination constraints: 38h
c1 coverage constraints: 13v+261h
c1 formula: 55v, 362c (320h+42s)
c1 enumerating rules (maxsat-based)
c1 rule: 'legs: 6' => 'backbone: 0'
c1 # of rules: 1
c1 rule time: 0.0015

c1 computing class: 1
c1 discrimination constraints: 13h
c1 coverage constraints: 38v+761h
c1 formula: 80v, 837c (795h+42s)
c1 enumerating rules (maxsat-based)
c1 rule: 'legs: 2' => 'backbone: 1'
c1 # of rules: 1
c1 rule time: 0.0022

c2 total rules: 2

c0 computing feature 10
c1 computing class: 0
c1 discrimination constraints: 40h
c1 coverage constraints: 11v+221h
c1 formula: 53v, 324c (282h+42s)
c1 enumerating rules (maxsat-based)
c1 rule: 'milk: 0', not 'fins: 0' => 'breathes: 0'
c1 rule: 'backbone: 0', not 'catsize: 0' => 'breathes: 0'
c1 rule: 'backbone: 0', not 'aquatic: 0' => 'breathes: 0'
c1 # of rules: 3
c1 rule time: 0.0023

c1 computing class: 1
c1 discrimination constraints: 11h
c1 coverage constraints: 40v+801h
c1 formula: 82v, 875c (833h+42s)
c1 enumerating rules (maxsat-based)
c1 rule: 'tail: 0', not 'backbone: 0' => 'breathes: 1'
c1 # of rules: 1
c1 rule time: 0.0026

c2 total rules: 4

c0 computing feature 11
c1 computing class: 0
c1 discrimination constraints: 7h
c1 coverage constraints: 44v+881h
c1 formula: 86v, 951c (909h+42s)
c1 enumerating rules (maxsat-based)
c1 rule: 'legs: 2' => 'venomous: 0'
c1 rule: not 'milk: 0' => 'venomous: 0'
c1 rule: 'legs: 4', not 'tail: 0' => 'venomous: 0'
c1 rule: 'backbone: 0', 'legs: 4' => 'venomous: 0'
c1 rule: 'legs: 8', not 'aquatic: 0' => 'venomous: 0'
c1 rule: 'airborne: 0', 'legs: 6' => 'venomous: 0'
c1 rule: 'hair: 0', 'legs: 6' => 'venomous: 0'
c1 rule: 'catsize: 0', not 'fins: 0' => 'venomous: 0'
c1 # of rules: 8
c1 rule time: 0.0047

c1 computing class: 1
c1 discrimination constraints: 44h
c1 coverage constraints: 7v+141h
c1 formula: 49v, 248c (206h+42s)
c1 enumerating rules (maxsat-based)
c1 rule: 'backbone: 0', not 'domestic: 0' => 'venomous: 1'
c1 # of rules: 1
c1 rule time: 0.0016

c2 total rules: 9

c0 computing feature 12
c1 computing class: 0
c1 discrimination constraints: 7h
c1 coverage constraints: 44v+881h
c1 formula: 86v, 951c (909h+42s)
c1 enumerating rules (maxsat-based)
c1 rule: 'legs: 4' => 'fins: 0'
c1 rule: 'tail: 0' => 'fins: 0'
c1 # of rules: 2
c1 rule time: 0.0030

c1 computing class: 1
c1 discrimination constraints: 44h
c1 coverage constraints: 7v+141h
c1 formula: 49v, 248c (206h+42s)
c1 enumerating rules (maxsat-based)
c1 # of rules: 0
c1 rule time: 0.0008

c2 total rules: 2

c0 computing feature 13
c1 computing class: 0
c1 discrimination constraints: 41h
c1 coverage constraints: 10v+161h
c1 formula: 50v, 262c (222h+40s)
c1 enumerating rules (maxsat-based)
c1 rule: 'predator: 0', 'breathes: 0' => 'legs: 0'
c1 rule: 'hair: 0', not 'milk: 0' => 'legs: 0'
c1 rule: 'hair: 0', not 'fins: 0' => 'legs: 0'
c1 rule: 'aquatic: 0', 'breathes: 0' => 'legs: 0'
c1 rule: 'breathes: 0', not 'venomous: 0' => 'legs: 0'
c1 # of rules: 5
c1 rule time: 0.0027

c1 computing class: 2
c1 discrimination constraints: 35h
c1 coverage constraints: 16v+257h
c1 formula: 56v, 352c (312h+40s)
c1 enumerating rules (maxsat-based)
c1 rule: not 'feathers: 0' => 'legs: 2'
c1 rule: 'eggs: 0', not 'airborne: 0' => 'legs: 2'
c1 rule: not 'hair: 0', not 'fins: 0' => 'legs: 2'
c1 rule: 'tail: 0', not 'domestic: 0', not 'catsize: 0' => 'legs: 2'
c1 # of rules: 4
c1 rule time: 0.0023

c1 computing class: 4
c1 discrimination constraints: 35h
c1 coverage constraints: 16v+257h
c1 formula: 56v, 352c (312h+40s)
c1 enumerating rules (maxsat-based)
c1 rule: 'tail: 0', not 'aquatic: 0', not 'breathes: 0' => 'legs: 4'
c1 rule: 'feathers: 0', 'toothed: 0', not 'backbone: 0' => 'legs: 4'
c1 rule: 'tail: 0', 'domestic: 0', not 'backbone: 0' => 'legs: 4'
c1 rule: 'tail: 0', 'catsize: 0', not 'toothed: 0' => 'legs: 4'
c1 rule: 'hair: 0', 'aquatic: 0', not 'toothed: 0' => 'legs: 4'
c1 rule: 'fins: 0', not 'eggs: 0', not 'toothed: 0' => 'legs: 4'
c1 rule: not 'predator: 0', not 'tail: 0', not 'domestic: 0' => 'legs: 4'
c1 rule: not 'milk: 0', not 'tail: 0', not 'domestic: 0' => 'legs: 4'
c1 rule: 'fins: 0', not 'hair: 0', not 'aquatic: 0' => 'legs: 4'
c1 rule: 'aquatic: 0', 'domestic: 0', not 'hair: 0', not 'predator: 0' => 'legs: 4'
c1 # of rules: 10
c1 rule time: 0.0049

c1 computing class: 6
c1 discrimination constraints: 44h
c1 coverage constraints: 7v+113h
c1 formula: 47v, 217c (177h+40s)
c1 enumerating rules (maxsat-based)
c1 rule: 'tail: 0', not 'airborne: 0' => 'legs: 6'
c1 # of rules: 1
c1 rule time: 0.0014

c1 computing class: 8
c1 discrimination constraints: 49h
c1 coverage constraints: 2v+33h
c1 formula: 42v, 142c (102h+40s)
c1 enumerating rules (maxsat-based)
c1 rule: 'eggs: 0', 'toothed: 0' => 'legs: 8'
c1 rule: 'backbone: 0', not 'catsize: 0' => 'legs: 8'
c1 # of rules: 2
c1 rule time: 0.0014

c2 total rules: 22

c0 computing feature 14
c1 computing class: 0
c1 discrimination constraints: 33h
c1 coverage constraints: 18v+361h
c1 formula: 60v, 457c (415h+42s)
c1 enumerating rules (maxsat-based)
c1 rule: 'legs: 6' => 'tail: 0'
c1 rule: 'toothed: 0', 'legs: 0' => 'tail: 0'
c1 # of rules: 2
c1 rule time: 0.0025

c1 computing class: 1
c1 discrimination constraints: 18h
c1 coverage constraints: 33v+661h
c1 formula: 75v, 742c (700h+42s)
c1 enumerating rules (maxsat-based)
c1 rule: 'domestic: 0', 'catsize: 0', not 'milk: 0' => 'tail: 1'
c1 # of rules: 1
c1 rule time: 0.0033

c2 total rules: 3

c0 computing feature 15
c1 computing class: 0
c1 discrimination constraints: 8h
c1 coverage constraints: 43v+861h
c1 formula: 85v, 932c (890h+42s)
c1 enumerating rules (maxsat-based)
c1 # of rules: 0
c1 rule time: 0.0038

c1 computing class: 1
c1 discrimination constraints: 43h
c1 coverage constraints: 8v+161h
c1 formula: 50v, 267c (225h+42s)
c1 enumerating rules (maxsat-based)
c1 # of rules: 0
c1 rule time: 0.0021

c2 total rules: 0

c0 computing feature 16
c1 computing class: 0
c1 discrimination constraints: 19h
c1 coverage constraints: 32v+641h
c1 formula: 74v, 723c (681h+42s)
c1 enumerating rules (maxsat-based)
c1 rule: not 'venomous: 0', not 'legs: 0' => 'catsize: 0'
c1 rule: 'tail: 0', not 'eggs: 0', not 'toothed: 0' => 'catsize: 0'
c1 rule: 'aquatic: 0', not 'eggs: 0', not 'toothed: 0' => 'catsize: 0'
c1 rule: not 'eggs: 0', not 'toothed: 0', not 'breathes: 0' => 'catsize: 0'
c1 # of rules: 4
c1 rule time: 0.0043

c1 computing class: 1
c1 discrimination constraints: 32h
c1 coverage constraints: 19v+381h
c1 formula: 61v, 476c (434h+42s)
c1 enumerating rules (maxsat-based)
c1 rule: 'legs: 8', not 'aquatic: 0' => 'catsize: 1'
c1 rule: 'toothed: 0', 'legs: 4', not 'breathes: 0' => 'catsize: 1'
c1 # of rules: 2
c1 rule time: 0.0033

c2 total rules: 6
c3 total time: 0.3941

Rules are saved to ../rules/all/q6_zoo_train2.csv.json